2018-02-09 00:26:18,746 root         INFO     Namespace(attention=True, batch_size=128, bidirectional=False, cuda_device=0, dev='data/CLEANED-SCAN/simple_split/dev.txt', dropout_p_decoder=0.5, dropout_p_encoder=0.5, embedding_size=200, epochs=70, hidden_size=200, load_checkpoint=None, log_level='debug', lr=0.001, max_len=50, n_layers=2, optim='adam', output_dir='variance_experiment1', print_every=20, resume=False, rnn_cell='lstm', save_every=133, src_vocab=50000, teacher_forcing_ratio=0.5, tgt_vocab=50000, train='data/CLEANED-SCAN/simple_split/train.txt')
2018-02-09 00:26:19,570 seq2seq.trainer.supervised_trainer INFO     Optimizer: <torch.optim.adam.Adam object at 0x7fe4367e0dd0>, Scheduler: None
2018-02-09 00:26:32,326 seq2seq.trainer.supervised_trainer DEBUG    Epoch: 1, Step: 0
2018-02-09 00:27:04,544 seq2seq.trainer.supervised_trainer INFO     Progress: 0%, Train Perplexity: 12.9957
2018-02-09 00:27:21,208 seq2seq.trainer.supervised_trainer INFO     Progress: 0%, Train Perplexity: 4.9978
2018-02-09 00:27:38,977 seq2seq.trainer.supervised_trainer INFO     Progress: 0%, Train Perplexity: 4.7642
2018-02-09 00:27:54,387 seq2seq.trainer.supervised_trainer INFO     Progress: 1%, Train Perplexity: 4.0231
2018-02-09 00:28:19,394 seq2seq.trainer.supervised_trainer INFO     Finished epoch 1: Train Perplexity: 5.0994, Dev Perplexity: 3.2388, Accuracy: 0.4717, Sequence Accuracy: 0.0019, Variance: 0.0019
2018-02-09 00:28:19,394 seq2seq.trainer.supervised_trainer DEBUG    Epoch: 2, Step: 115
2018-02-09 00:28:22,992 seq2seq.trainer.supervised_trainer INFO     Progress: 1%, Train Perplexity: 3.3239
2018-02-09 00:28:51,146 seq2seq.trainer.supervised_trainer INFO     Progress: 1%, Train Perplexity: 2.9584
2018-02-09 00:29:06,622 seq2seq.trainer.supervised_trainer INFO     Progress: 1%, Train Perplexity: 2.7330
2018-02-09 00:29:22,272 seq2seq.trainer.supervised_trainer INFO     Progress: 2%, Train Perplexity: 2.5469
2018-02-09 00:29:40,202 seq2seq.trainer.supervised_trainer INFO     Progress: 2%, Train Perplexity: 2.3974
2018-02-09 00:29:58,385 seq2seq.trainer.supervised_trainer INFO     Progress: 2%, Train Perplexity: 2.3490
2018-02-09 00:30:18,359 seq2seq.trainer.supervised_trainer INFO     Finished epoch 2: Train Perplexity: 2.5969, Dev Perplexity: 2.4773, Accuracy: 0.6120, Sequence Accuracy: 0.0163, Variance: 0.0026
2018-02-09 00:30:18,359 seq2seq.trainer.supervised_trainer DEBUG    Epoch: 3, Step: 230
2018-02-09 00:30:28,658 seq2seq.trainer.supervised_trainer INFO     Progress: 2%, Train Perplexity: 2.2232
2018-02-09 00:30:45,940 seq2seq.trainer.supervised_trainer INFO     Progress: 3%, Train Perplexity: 2.1617
2018-02-09 00:31:14,723 seq2seq.trainer.supervised_trainer INFO     Progress: 3%, Train Perplexity: 2.1290
2018-02-09 00:31:30,893 seq2seq.trainer.supervised_trainer INFO     Progress: 3%, Train Perplexity: 2.0618
2018-02-09 00:31:46,229 seq2seq.trainer.supervised_trainer INFO     Progress: 3%, Train Perplexity: 1.9211
2018-02-09 00:32:01,939 seq2seq.trainer.supervised_trainer INFO     Progress: 4%, Train Perplexity: 1.8060
2018-02-09 00:32:18,302 seq2seq.trainer.supervised_trainer INFO     Finished epoch 3: Train Perplexity: 2.0126, Dev Perplexity: 2.4645, Accuracy: 0.6693, Sequence Accuracy: 0.1392, Variance: 0.0387
2018-02-09 00:32:18,302 seq2seq.trainer.supervised_trainer DEBUG    Epoch: 4, Step: 345
2018-02-09 00:32:30,253 seq2seq.trainer.supervised_trainer INFO     Progress: 4%, Train Perplexity: 1.7678
2018-02-09 00:32:46,581 seq2seq.trainer.supervised_trainer INFO     Progress: 4%, Train Perplexity: 1.7141
2018-02-09 00:33:17,418 seq2seq.trainer.supervised_trainer INFO     Progress: 4%, Train Perplexity: 1.5497
2018-02-09 00:33:33,979 seq2seq.trainer.supervised_trainer INFO     Progress: 5%, Train Perplexity: 1.3122
2018-02-09 00:33:49,467 seq2seq.trainer.supervised_trainer INFO     Progress: 5%, Train Perplexity: 1.3220
2018-02-09 00:34:05,733 seq2seq.trainer.supervised_trainer INFO     Progress: 5%, Train Perplexity: 1.2459
2018-02-09 00:34:18,526 seq2seq.trainer.supervised_trainer INFO     Finished epoch 4: Train Perplexity: 1.4745, Dev Perplexity: 1.4302, Accuracy: 0.8928, Sequence Accuracy: 0.4835, Variance: 0.0672
2018-02-09 00:34:18,526 seq2seq.trainer.supervised_trainer DEBUG    Epoch: 5, Step: 460
2018-02-09 00:34:34,455 seq2seq.trainer.supervised_trainer INFO     Progress: 5%, Train Perplexity: 1.3952
2018-02-09 00:34:50,495 seq2seq.trainer.supervised_trainer INFO     Progress: 6%, Train Perplexity: 1.3684
2018-02-09 00:35:07,633 seq2seq.trainer.supervised_trainer INFO     Progress: 6%, Train Perplexity: 1.3139
2018-02-09 00:35:38,780 seq2seq.trainer.supervised_trainer INFO     Progress: 6%, Train Perplexity: 1.2498
2018-02-09 00:35:54,758 seq2seq.trainer.supervised_trainer INFO     Progress: 6%, Train Perplexity: 1.2032
2018-02-09 00:36:19,513 seq2seq.trainer.supervised_trainer INFO     Finished epoch 5: Train Perplexity: 1.2968, Dev Perplexity: 1.2408, Accuracy: 0.9363, Sequence Accuracy: 0.6088, Variance: 0.0628
2018-02-09 00:36:19,514 seq2seq.trainer.supervised_trainer DEBUG    Epoch: 6, Step: 575
2018-02-09 00:36:23,976 seq2seq.trainer.supervised_trainer INFO     Progress: 7%, Train Perplexity: 1.2387
2018-02-09 00:36:40,615 seq2seq.trainer.supervised_trainer INFO     Progress: 7%, Train Perplexity: 1.2427
2018-02-09 00:36:57,548 seq2seq.trainer.supervised_trainer INFO     Progress: 7%, Train Perplexity: 1.3022
2018-02-09 00:37:14,143 seq2seq.trainer.supervised_trainer INFO     Progress: 7%, Train Perplexity: 1.2617
2018-02-09 00:37:31,794 seq2seq.trainer.supervised_trainer INFO     Progress: 8%, Train Perplexity: 1.1755
2018-02-09 00:38:18,476 seq2seq.trainer.supervised_trainer INFO     Progress: 8%, Train Perplexity: 1.1706
2018-02-09 00:38:39,649 seq2seq.trainer.supervised_trainer INFO     Finished epoch 6: Train Perplexity: 1.2248, Dev Perplexity: 1.2824, Accuracy: 0.9255, Sequence Accuracy: 0.6442, Variance: 0.0596
2018-02-09 00:38:39,649 seq2seq.trainer.supervised_trainer DEBUG    Epoch: 7, Step: 690
2018-02-09 00:38:47,396 seq2seq.trainer.supervised_trainer INFO     Progress: 8%, Train Perplexity: 1.2191
2018-02-09 00:39:04,996 seq2seq.trainer.supervised_trainer INFO     Progress: 8%, Train Perplexity: 1.2104
2018-02-09 00:39:26,811 seq2seq.trainer.supervised_trainer INFO     Progress: 9%, Train Perplexity: 1.2255
2018-02-09 00:39:46,215 seq2seq.trainer.supervised_trainer INFO     Progress: 9%, Train Perplexity: 1.1858
2018-02-09 00:40:05,190 seq2seq.trainer.supervised_trainer INFO     Progress: 9%, Train Perplexity: 1.1389
2018-02-09 00:40:35,367 seq2seq.trainer.supervised_trainer INFO     Progress: 9%, Train Perplexity: 1.1801
2018-02-09 00:40:52,579 seq2seq.trainer.supervised_trainer INFO     Finished epoch 7: Train Perplexity: 1.1915, Dev Perplexity: 1.1921, Accuracy: 0.9475, Sequence Accuracy: 0.6958, Variance: 0.0641
2018-02-09 00:40:52,579 seq2seq.trainer.supervised_trainer DEBUG    Epoch: 8, Step: 805
2018-02-09 00:41:05,096 seq2seq.trainer.supervised_trainer INFO     Progress: 10%, Train Perplexity: 1.1258
2018-02-09 00:41:22,747 seq2seq.trainer.supervised_trainer INFO     Progress: 10%, Train Perplexity: 1.1316
2018-02-09 00:41:44,586 seq2seq.trainer.supervised_trainer INFO     Progress: 10%, Train Perplexity: 1.2459
2018-02-09 00:42:01,431 seq2seq.trainer.supervised_trainer INFO     Progress: 10%, Train Perplexity: 1.2188
2018-02-09 00:42:19,738 seq2seq.trainer.supervised_trainer INFO     Progress: 11%, Train Perplexity: 1.1758
2018-02-09 00:42:38,156 seq2seq.trainer.supervised_trainer INFO     Progress: 11%, Train Perplexity: 1.2269
2018-02-09 00:42:51,611 seq2seq.trainer.supervised_trainer INFO     Finished epoch 8: Train Perplexity: 1.1925, Dev Perplexity: 1.2341, Accuracy: 0.9365, Sequence Accuracy: 0.7111, Variance: 0.0556
2018-02-09 00:42:51,612 seq2seq.trainer.supervised_trainer DEBUG    Epoch: 9, Step: 920
2018-02-09 00:43:23,212 seq2seq.trainer.supervised_trainer INFO     Progress: 11%, Train Perplexity: 1.1355
2018-02-09 00:43:41,400 seq2seq.trainer.supervised_trainer INFO     Progress: 11%, Train Perplexity: 1.0918
2018-02-09 00:43:59,984 seq2seq.trainer.supervised_trainer INFO     Progress: 12%, Train Perplexity: 1.0872
2018-02-09 00:44:17,643 seq2seq.trainer.supervised_trainer INFO     Progress: 12%, Train Perplexity: 1.0742
2018-02-09 00:44:35,279 seq2seq.trainer.supervised_trainer INFO     Progress: 12%, Train Perplexity: 1.1310
2018-02-09 00:45:02,547 seq2seq.trainer.supervised_trainer INFO     Finished epoch 9: Train Perplexity: 1.1001, Dev Perplexity: 1.2197, Accuracy: 0.9466, Sequence Accuracy: 0.7566, Variance: 0.0634
2018-02-09 00:45:02,548 seq2seq.trainer.supervised_trainer DEBUG    Epoch: 10, Step: 1035
2018-02-09 00:45:06,637 seq2seq.trainer.supervised_trainer INFO     Progress: 12%, Train Perplexity: 1.0815
2018-02-09 00:45:23,939 seq2seq.trainer.supervised_trainer INFO     Progress: 13%, Train Perplexity: 1.1447
2018-02-09 00:45:57,155 seq2seq.trainer.supervised_trainer INFO     Progress: 13%, Train Perplexity: 1.1566
2018-02-09 00:46:16,607 seq2seq.trainer.supervised_trainer INFO     Progress: 13%, Train Perplexity: 1.1075
2018-02-09 00:46:33,152 seq2seq.trainer.supervised_trainer INFO     Progress: 13%, Train Perplexity: 1.0814
2018-02-09 00:46:50,192 seq2seq.trainer.supervised_trainer INFO     Progress: 14%, Train Perplexity: 1.1194
2018-02-09 00:47:11,051 seq2seq.trainer.supervised_trainer INFO     Finished epoch 10: Train Perplexity: 1.1162, Dev Perplexity: 1.1349, Accuracy: 0.9632, Sequence Accuracy: 0.8317, Variance: 0.0617
2018-02-09 00:47:11,051 seq2seq.trainer.supervised_trainer DEBUG    Epoch: 11, Step: 1150
2018-02-09 00:47:19,506 seq2seq.trainer.supervised_trainer INFO     Progress: 14%, Train Perplexity: 1.0918
2018-02-09 00:47:34,810 seq2seq.trainer.supervised_trainer INFO     Progress: 14%, Train Perplexity: 1.1970
2018-02-09 00:48:04,647 seq2seq.trainer.supervised_trainer INFO     Progress: 14%, Train Perplexity: 1.1883
2018-02-09 00:48:21,582 seq2seq.trainer.supervised_trainer INFO     Progress: 15%, Train Perplexity: 1.0807
2018-02-09 00:48:37,226 seq2seq.trainer.supervised_trainer INFO     Progress: 15%, Train Perplexity: 1.0728
2018-02-09 00:48:54,663 seq2seq.trainer.supervised_trainer INFO     Progress: 15%, Train Perplexity: 1.1079
2018-02-09 00:49:11,515 seq2seq.trainer.supervised_trainer INFO     Finished epoch 11: Train Perplexity: 1.1263, Dev Perplexity: 1.0779, Accuracy: 0.9779, Sequence Accuracy: 0.8608, Variance: 0.0555
2018-02-09 00:49:11,515 seq2seq.trainer.supervised_trainer DEBUG    Epoch: 12, Step: 1265
2018-02-09 00:49:23,585 seq2seq.trainer.supervised_trainer INFO     Progress: 15%, Train Perplexity: 1.1296
2018-02-09 00:49:39,015 seq2seq.trainer.supervised_trainer INFO     Progress: 16%, Train Perplexity: 1.1244
2018-02-09 00:49:54,845 seq2seq.trainer.supervised_trainer INFO     Progress: 16%, Train Perplexity: 1.0937
2018-02-09 00:50:24,848 seq2seq.trainer.supervised_trainer INFO     Progress: 16%, Train Perplexity: 1.1114
2018-02-09 00:50:43,534 seq2seq.trainer.supervised_trainer INFO     Progress: 16%, Train Perplexity: 1.0842
2018-02-09 00:50:59,862 seq2seq.trainer.supervised_trainer INFO     Progress: 17%, Train Perplexity: 1.0815
2018-02-09 00:51:12,715 seq2seq.trainer.supervised_trainer INFO     Finished epoch 12: Train Perplexity: 1.1051, Dev Perplexity: 1.0959, Accuracy: 0.9698, Sequence Accuracy: 0.7810, Variance: 0.0588
2018-02-09 00:51:12,715 seq2seq.trainer.supervised_trainer DEBUG    Epoch: 13, Step: 1380
2018-02-09 00:51:30,526 seq2seq.trainer.supervised_trainer INFO     Progress: 17%, Train Perplexity: 1.0767
2018-02-09 00:51:47,197 seq2seq.trainer.supervised_trainer INFO     Progress: 17%, Train Perplexity: 1.0622
2018-02-09 00:52:04,906 seq2seq.trainer.supervised_trainer INFO     Progress: 17%, Train Perplexity: 1.1038
2018-02-09 00:52:20,662 seq2seq.trainer.supervised_trainer INFO     Progress: 18%, Train Perplexity: 1.0928
2018-02-09 00:52:49,834 seq2seq.trainer.supervised_trainer INFO     Progress: 18%, Train Perplexity: 1.0550
2018-02-09 00:53:14,628 seq2seq.trainer.supervised_trainer INFO     Finished epoch 13: Train Perplexity: 1.0778, Dev Perplexity: 1.1132, Accuracy: 0.9671, Sequence Accuracy: 0.8570, Variance: 0.0511
2018-02-09 00:53:14,629 seq2seq.trainer.supervised_trainer DEBUG    Epoch: 14, Step: 1495
2018-02-09 00:53:18,178 seq2seq.trainer.supervised_trainer INFO     Progress: 18%, Train Perplexity: 1.0750
2018-02-09 00:53:35,883 seq2seq.trainer.supervised_trainer INFO     Progress: 18%, Train Perplexity: 1.0852
2018-02-09 00:53:53,945 seq2seq.trainer.supervised_trainer INFO     Progress: 19%, Train Perplexity: 1.1298
2018-02-09 00:54:11,415 seq2seq.trainer.supervised_trainer INFO     Progress: 19%, Train Perplexity: 1.0585
2018-02-09 00:54:27,039 seq2seq.trainer.supervised_trainer INFO     Progress: 19%, Train Perplexity: 1.0870
2018-02-09 00:54:55,624 seq2seq.trainer.supervised_trainer INFO     Progress: 19%, Train Perplexity: 1.0692
2018-02-09 00:55:16,986 seq2seq.trainer.supervised_trainer INFO     Finished epoch 14: Train Perplexity: 1.0833, Dev Perplexity: 1.0805, Accuracy: 0.9763, Sequence Accuracy: 0.8637, Variance: 0.0592
2018-02-09 00:55:16,986 seq2seq.trainer.supervised_trainer DEBUG    Epoch: 15, Step: 1610
2018-02-09 00:55:26,944 seq2seq.trainer.supervised_trainer INFO     Progress: 20%, Train Perplexity: 1.0722
2018-02-09 00:55:43,692 seq2seq.trainer.supervised_trainer INFO     Progress: 20%, Train Perplexity: 1.0609
2018-02-09 00:55:57,647 seq2seq.trainer.supervised_trainer INFO     Progress: 20%, Train Perplexity: 1.0555
2018-02-09 00:56:14,714 seq2seq.trainer.supervised_trainer INFO     Progress: 20%, Train Perplexity: 1.0619
2018-02-09 00:56:33,329 seq2seq.trainer.supervised_trainer INFO     Progress: 21%, Train Perplexity: 1.0760
2018-02-09 00:56:49,038 seq2seq.trainer.supervised_trainer INFO     Progress: 21%, Train Perplexity: 1.0341
2018-02-09 00:57:06,647 seq2seq.trainer.supervised_trainer INFO     Finished epoch 15: Train Perplexity: 1.0596, Dev Perplexity: 1.1633, Accuracy: 0.9651, Sequence Accuracy: 0.7666, Variance: 0.0628
2018-02-09 00:57:06,647 seq2seq.trainer.supervised_trainer DEBUG    Epoch: 16, Step: 1725
2018-02-09 00:57:33,007 seq2seq.trainer.supervised_trainer INFO     Progress: 21%, Train Perplexity: 1.0650
2018-02-09 00:57:48,792 seq2seq.trainer.supervised_trainer INFO     Progress: 21%, Train Perplexity: 1.0334
2018-02-09 00:58:04,423 seq2seq.trainer.supervised_trainer INFO     Progress: 22%, Train Perplexity: 1.0718
2018-02-09 00:58:20,111 seq2seq.trainer.supervised_trainer INFO     Progress: 22%, Train Perplexity: 1.0311
2018-02-09 00:58:37,789 seq2seq.trainer.supervised_trainer INFO     Progress: 22%, Train Perplexity: 1.0455
2018-02-09 00:58:53,622 seq2seq.trainer.supervised_trainer INFO     Progress: 22%, Train Perplexity: 1.0628
2018-02-09 00:59:06,544 seq2seq.trainer.supervised_trainer INFO     Finished epoch 16: Train Perplexity: 1.0515, Dev Perplexity: 1.0635, Accuracy: 0.9838, Sequence Accuracy: 0.9249, Variance: 0.0541
2018-02-09 00:59:06,544 seq2seq.trainer.supervised_trainer DEBUG    Epoch: 17, Step: 1840
2018-02-09 00:59:23,685 seq2seq.trainer.supervised_trainer INFO     Progress: 23%, Train Perplexity: 1.0743
2018-02-09 00:59:57,214 seq2seq.trainer.supervised_trainer INFO     Progress: 23%, Train Perplexity: 1.0339
2018-02-09 01:00:14,656 seq2seq.trainer.supervised_trainer INFO     Progress: 23%, Train Perplexity: 1.0229
2018-02-09 01:00:33,335 seq2seq.trainer.supervised_trainer INFO     Progress: 23%, Train Perplexity: 1.0423
2018-02-09 01:00:51,756 seq2seq.trainer.supervised_trainer INFO     Progress: 24%, Train Perplexity: 1.1561
2018-02-09 01:01:27,007 seq2seq.trainer.supervised_trainer INFO     Finished epoch 17: Train Perplexity: 1.0695, Dev Perplexity: 1.0332, Accuracy: 0.9900, Sequence Accuracy: 0.9388, Variance: 0.0567
2018-02-09 01:01:27,008 seq2seq.trainer.supervised_trainer DEBUG    Epoch: 18, Step: 1955
2018-02-09 01:01:30,884 seq2seq.trainer.supervised_trainer INFO     Progress: 24%, Train Perplexity: 1.0734
2018-02-09 01:01:52,619 seq2seq.trainer.supervised_trainer INFO     Progress: 24%, Train Perplexity: 1.0861
2018-02-09 01:02:24,578 seq2seq.trainer.supervised_trainer INFO     Progress: 24%, Train Perplexity: 1.0431
2018-02-09 01:02:42,028 seq2seq.trainer.supervised_trainer INFO     Progress: 25%, Train Perplexity: 1.0350
2018-02-09 01:03:02,889 seq2seq.trainer.supervised_trainer INFO     Progress: 25%, Train Perplexity: 1.0391
2018-02-09 01:03:20,727 seq2seq.trainer.supervised_trainer INFO     Progress: 25%, Train Perplexity: 1.0237
2018-02-09 01:03:43,239 seq2seq.trainer.supervised_trainer INFO     Finished epoch 18: Train Perplexity: 1.0435, Dev Perplexity: 1.0797, Accuracy: 0.9806, Sequence Accuracy: 0.8790, Variance: 0.0515
2018-02-09 01:03:43,239 seq2seq.trainer.supervised_trainer DEBUG    Epoch: 19, Step: 2070
2018-02-09 01:03:53,457 seq2seq.trainer.supervised_trainer INFO     Progress: 25%, Train Perplexity: 1.0957
2018-02-09 01:04:10,687 seq2seq.trainer.supervised_trainer INFO     Progress: 26%, Train Perplexity: 1.0473
2018-02-09 01:04:27,319 seq2seq.trainer.supervised_trainer INFO     Progress: 26%, Train Perplexity: 1.0790
2018-02-09 01:04:56,869 seq2seq.trainer.supervised_trainer INFO     Progress: 26%, Train Perplexity: 1.0369
2018-02-09 01:05:13,005 seq2seq.trainer.supervised_trainer INFO     Progress: 26%, Train Perplexity: 1.0351
2018-02-09 01:05:28,665 seq2seq.trainer.supervised_trainer INFO     Progress: 27%, Train Perplexity: 1.0280
2018-02-09 01:05:46,448 seq2seq.trainer.supervised_trainer INFO     Finished epoch 19: Train Perplexity: 1.0544, Dev Perplexity: 1.0391, Accuracy: 0.9912, Sequence Accuracy: 0.9598, Variance: 0.0592
2018-02-09 01:05:46,448 seq2seq.trainer.supervised_trainer DEBUG    Epoch: 20, Step: 2185
2018-02-09 01:05:58,539 seq2seq.trainer.supervised_trainer INFO     Progress: 27%, Train Perplexity: 1.0666
2018-02-09 01:06:15,272 seq2seq.trainer.supervised_trainer INFO     Progress: 27%, Train Perplexity: 1.0687
2018-02-09 01:06:31,561 seq2seq.trainer.supervised_trainer INFO     Progress: 27%, Train Perplexity: 1.1239
2018-02-09 01:06:49,764 seq2seq.trainer.supervised_trainer INFO     Progress: 28%, Train Perplexity: 1.0676
2018-02-09 01:07:21,668 seq2seq.trainer.supervised_trainer INFO     Progress: 28%, Train Perplexity: 1.0297
2018-02-09 01:07:37,698 seq2seq.trainer.supervised_trainer INFO     Progress: 28%, Train Perplexity: 1.0176
2018-02-09 01:07:50,588 seq2seq.trainer.supervised_trainer INFO     Finished epoch 20: Train Perplexity: 1.0633, Dev Perplexity: 1.1074, Accuracy: 0.9747, Sequence Accuracy: 0.9134, Variance: 0.0524
2018-02-09 01:07:50,588 seq2seq.trainer.supervised_trainer DEBUG    Epoch: 21, Step: 2300
2018-02-09 01:08:07,961 seq2seq.trainer.supervised_trainer INFO     Progress: 28%, Train Perplexity: 1.1062
2018-02-09 01:08:25,545 seq2seq.trainer.supervised_trainer INFO     Progress: 29%, Train Perplexity: 1.0468
2018-02-09 01:08:44,572 seq2seq.trainer.supervised_trainer INFO     Progress: 29%, Train Perplexity: 1.0516
2018-02-09 01:09:01,437 seq2seq.trainer.supervised_trainer INFO     Progress: 29%, Train Perplexity: 1.0478
2018-02-09 01:09:31,068 seq2seq.trainer.supervised_trainer INFO     Progress: 29%, Train Perplexity: 1.0349
2018-02-09 01:09:56,572 seq2seq.trainer.supervised_trainer INFO     Finished epoch 21: Train Perplexity: 1.0531, Dev Perplexity: 1.0309, Accuracy: 0.9916, Sequence Accuracy: 0.9541, Variance: 0.0572
2018-02-09 01:09:56,572 seq2seq.trainer.supervised_trainer DEBUG    Epoch: 22, Step: 2415
2018-02-09 01:10:00,632 seq2seq.trainer.supervised_trainer INFO     Progress: 30%, Train Perplexity: 1.0217
2018-02-09 01:10:17,959 seq2seq.trainer.supervised_trainer INFO     Progress: 30%, Train Perplexity: 1.0410
2018-02-09 01:10:35,071 seq2seq.trainer.supervised_trainer INFO     Progress: 30%, Train Perplexity: 1.0552
2018-02-09 01:10:52,666 seq2seq.trainer.supervised_trainer INFO     Progress: 30%, Train Perplexity: 1.0835
2018-02-09 01:11:10,203 seq2seq.trainer.supervised_trainer INFO     Progress: 31%, Train Perplexity: 1.0771
2018-02-09 01:11:27,402 seq2seq.trainer.supervised_trainer INFO     Progress: 31%, Train Perplexity: 1.0405
2018-02-09 01:12:01,700 seq2seq.trainer.supervised_trainer INFO     Finished epoch 22: Train Perplexity: 1.0566, Dev Perplexity: 1.0392, Accuracy: 0.9885, Sequence Accuracy: 0.9244, Variance: 0.0617
2018-02-09 01:12:01,700 seq2seq.trainer.supervised_trainer DEBUG    Epoch: 23, Step: 2530
2018-02-09 01:12:09,880 seq2seq.trainer.supervised_trainer INFO     Progress: 31%, Train Perplexity: 1.0382
2018-02-09 01:12:26,166 seq2seq.trainer.supervised_trainer INFO     Progress: 31%, Train Perplexity: 1.0247
2018-02-09 01:12:43,539 seq2seq.trainer.supervised_trainer INFO     Progress: 32%, Train Perplexity: 1.0564
2018-02-09 01:13:01,906 seq2seq.trainer.supervised_trainer INFO     Progress: 32%, Train Perplexity: 1.0408
2018-02-09 01:13:18,771 seq2seq.trainer.supervised_trainer INFO     Progress: 32%, Train Perplexity: 1.0514
2018-02-09 01:13:36,290 seq2seq.trainer.supervised_trainer INFO     Progress: 32%, Train Perplexity: 1.0390
2018-02-09 01:13:53,219 seq2seq.trainer.supervised_trainer INFO     Finished epoch 23: Train Perplexity: 1.0402, Dev Perplexity: 1.0235, Accuracy: 0.9934, Sequence Accuracy: 0.9665, Variance: 0.0628
2018-02-09 01:13:53,219 seq2seq.trainer.supervised_trainer DEBUG    Epoch: 24, Step: 2645
2018-02-09 01:14:05,899 seq2seq.trainer.supervised_trainer INFO     Progress: 33%, Train Perplexity: 1.0397
2018-02-09 01:14:36,660 seq2seq.trainer.supervised_trainer INFO     Progress: 33%, Train Perplexity: 1.0223
2018-02-09 01:14:53,003 seq2seq.trainer.supervised_trainer INFO     Progress: 33%, Train Perplexity: 1.0178
2018-02-09 01:15:09,192 seq2seq.trainer.supervised_trainer INFO     Progress: 33%, Train Perplexity: 1.0125
2018-02-09 01:15:25,432 seq2seq.trainer.supervised_trainer INFO     Progress: 34%, Train Perplexity: 1.0204
2018-02-09 01:15:42,577 seq2seq.trainer.supervised_trainer INFO     Progress: 34%, Train Perplexity: 1.0184
2018-02-09 01:15:55,680 seq2seq.trainer.supervised_trainer INFO     Finished epoch 24: Train Perplexity: 1.0219, Dev Perplexity: 1.0142, Accuracy: 0.9960, Sequence Accuracy: 0.9703, Variance: 0.0605
2018-02-09 01:15:55,680 seq2seq.trainer.supervised_trainer DEBUG    Epoch: 25, Step: 2760
2018-02-09 01:16:12,065 seq2seq.trainer.supervised_trainer INFO     Progress: 34%, Train Perplexity: 1.0246
2018-02-09 01:16:42,417 seq2seq.trainer.supervised_trainer INFO     Progress: 34%, Train Perplexity: 1.0216
2018-02-09 01:16:59,504 seq2seq.trainer.supervised_trainer INFO     Progress: 35%, Train Perplexity: 1.0213
2018-02-09 01:17:16,627 seq2seq.trainer.supervised_trainer INFO     Progress: 35%, Train Perplexity: 1.0160
2018-02-09 01:17:33,599 seq2seq.trainer.supervised_trainer INFO     Progress: 35%, Train Perplexity: 1.0107
2018-02-09 01:17:59,302 seq2seq.trainer.supervised_trainer INFO     Finished epoch 25: Train Perplexity: 1.0246, Dev Perplexity: 1.0661, Accuracy: 0.9854, Sequence Accuracy: 0.8986, Variance: 0.0614
2018-02-09 01:17:59,302 seq2seq.trainer.supervised_trainer DEBUG    Epoch: 26, Step: 2875
2018-02-09 01:18:03,863 seq2seq.trainer.supervised_trainer INFO     Progress: 35%, Train Perplexity: 1.0594
2018-02-09 01:18:21,301 seq2seq.trainer.supervised_trainer INFO     Progress: 36%, Train Perplexity: 1.0351
2018-02-09 01:18:37,604 seq2seq.trainer.supervised_trainer INFO     Progress: 36%, Train Perplexity: 1.0362
2018-02-09 01:19:07,018 seq2seq.trainer.supervised_trainer INFO     Progress: 36%, Train Perplexity: 1.0171
2018-02-09 01:19:25,191 seq2seq.trainer.supervised_trainer INFO     Progress: 36%, Train Perplexity: 1.0337
2018-02-09 01:19:44,057 seq2seq.trainer.supervised_trainer INFO     Progress: 37%, Train Perplexity: 1.0751
2018-02-09 01:20:04,860 seq2seq.trainer.supervised_trainer INFO     Finished epoch 26: Train Perplexity: 1.0423, Dev Perplexity: 1.1159, Accuracy: 0.9735, Sequence Accuracy: 0.8757, Variance: 0.0585
2018-02-09 01:20:04,860 seq2seq.trainer.supervised_trainer DEBUG    Epoch: 27, Step: 2990
2018-02-09 01:20:12,957 seq2seq.trainer.supervised_trainer INFO     Progress: 37%, Train Perplexity: 1.0595
2018-02-09 01:20:28,084 seq2seq.trainer.supervised_trainer INFO     Progress: 37%, Train Perplexity: 1.0242
2018-02-09 01:20:45,419 seq2seq.trainer.supervised_trainer INFO     Progress: 37%, Train Perplexity: 1.0377
2018-02-09 01:21:15,955 seq2seq.trainer.supervised_trainer INFO     Progress: 38%, Train Perplexity: 1.0436
2018-02-09 01:21:34,383 seq2seq.trainer.supervised_trainer INFO     Progress: 38%, Train Perplexity: 1.0304
2018-02-09 01:21:51,627 seq2seq.trainer.supervised_trainer INFO     Progress: 38%, Train Perplexity: 1.0161
2018-02-09 01:22:08,055 seq2seq.trainer.supervised_trainer INFO     Finished epoch 27: Train Perplexity: 1.0336, Dev Perplexity: 1.2888, Accuracy: 0.9596, Sequence Accuracy: 0.6437, Variance: 0.0628
2018-02-09 01:22:08,055 seq2seq.trainer.supervised_trainer DEBUG    Epoch: 28, Step: 3105
2018-02-09 01:22:21,020 seq2seq.trainer.supervised_trainer INFO     Progress: 38%, Train Perplexity: 1.0517
2018-02-09 01:22:37,765 seq2seq.trainer.supervised_trainer INFO     Progress: 39%, Train Perplexity: 1.0163
2018-02-09 01:22:54,307 seq2seq.trainer.supervised_trainer INFO     Progress: 39%, Train Perplexity: 1.0223
2018-02-09 01:23:11,112 seq2seq.trainer.supervised_trainer INFO     Progress: 39%, Train Perplexity: 1.0598
2018-02-09 01:23:41,811 seq2seq.trainer.supervised_trainer INFO     Progress: 39%, Train Perplexity: 1.0892
2018-02-09 01:23:58,014 seq2seq.trainer.supervised_trainer INFO     Progress: 40%, Train Perplexity: 1.0133
2018-02-09 01:24:10,870 seq2seq.trainer.supervised_trainer INFO     Finished epoch 28: Train Perplexity: 1.0412, Dev Perplexity: 1.0181, Accuracy: 0.9957, Sequence Accuracy: 0.9809, Variance: 0.0542
2018-02-09 01:24:10,870 seq2seq.trainer.supervised_trainer DEBUG    Epoch: 29, Step: 3220
2018-02-09 01:24:28,049 seq2seq.trainer.supervised_trainer INFO     Progress: 40%, Train Perplexity: 1.0584
2018-02-09 01:24:43,824 seq2seq.trainer.supervised_trainer INFO     Progress: 40%, Train Perplexity: 1.0290
2018-02-09 01:25:01,360 seq2seq.trainer.supervised_trainer INFO     Progress: 40%, Train Perplexity: 1.0448
2018-02-09 01:25:16,665 seq2seq.trainer.supervised_trainer INFO     Progress: 40%, Train Perplexity: 1.0251
2018-02-09 01:25:35,127 seq2seq.trainer.supervised_trainer INFO     Progress: 41%, Train Perplexity: 1.0400
2018-02-09 01:26:13,326 seq2seq.trainer.supervised_trainer INFO     Finished epoch 29: Train Perplexity: 1.0356, Dev Perplexity: 1.0124, Accuracy: 0.9970, Sequence Accuracy: 0.9857, Variance: 0.0613
2018-02-09 01:26:13,326 seq2seq.trainer.supervised_trainer DEBUG    Epoch: 30, Step: 3335
2018-02-09 01:26:17,548 seq2seq.trainer.supervised_trainer INFO     Progress: 41%, Train Perplexity: 1.0131
2018-02-09 01:26:34,896 seq2seq.trainer.supervised_trainer INFO     Progress: 41%, Train Perplexity: 1.0582
2018-02-09 01:26:50,141 seq2seq.trainer.supervised_trainer INFO     Progress: 41%, Train Perplexity: 1.0217
2018-02-09 01:27:08,923 seq2seq.trainer.supervised_trainer INFO     Progress: 42%, Train Perplexity: 1.0335
2018-02-09 01:27:25,991 seq2seq.trainer.supervised_trainer INFO     Progress: 42%, Train Perplexity: 1.0264
2018-02-09 01:27:41,636 seq2seq.trainer.supervised_trainer INFO     Progress: 42%, Train Perplexity: 1.0095
2018-02-09 01:28:03,196 seq2seq.trainer.supervised_trainer INFO     Finished epoch 30: Train Perplexity: 1.0291, Dev Perplexity: 1.0057, Accuracy: 0.9987, Sequence Accuracy: 0.9895, Variance: 0.0618
2018-02-09 01:28:03,196 seq2seq.trainer.supervised_trainer DEBUG    Epoch: 31, Step: 3450
2018-02-09 01:28:23,791 seq2seq.trainer.supervised_trainer INFO     Progress: 42%, Train Perplexity: 1.0171
2018-02-09 01:28:40,915 seq2seq.trainer.supervised_trainer INFO     Progress: 43%, Train Perplexity: 1.0205
2018-02-09 01:28:57,724 seq2seq.trainer.supervised_trainer INFO     Progress: 43%, Train Perplexity: 1.0177
2018-02-09 01:29:14,450 seq2seq.trainer.supervised_trainer INFO     Progress: 43%, Train Perplexity: 1.0252
2018-02-09 01:29:30,539 seq2seq.trainer.supervised_trainer INFO     Progress: 43%, Train Perplexity: 1.0220
2018-02-09 01:29:47,041 seq2seq.trainer.supervised_trainer INFO     Progress: 44%, Train Perplexity: 1.0377
2018-02-09 01:30:03,792 seq2seq.trainer.supervised_trainer INFO     Finished epoch 31: Train Perplexity: 1.0232, Dev Perplexity: 1.0374, Accuracy: 0.9925, Sequence Accuracy: 0.9512, Variance: 0.0620
2018-02-09 01:30:03,793 seq2seq.trainer.supervised_trainer DEBUG    Epoch: 32, Step: 3565
2018-02-09 01:30:15,591 seq2seq.trainer.supervised_trainer INFO     Progress: 44%, Train Perplexity: 1.0126
2018-02-09 01:30:44,805 seq2seq.trainer.supervised_trainer INFO     Progress: 44%, Train Perplexity: 1.0141
2018-02-09 01:31:02,514 seq2seq.trainer.supervised_trainer INFO     Progress: 44%, Train Perplexity: 1.0195
2018-02-09 01:31:18,814 seq2seq.trainer.supervised_trainer INFO     Progress: 45%, Train Perplexity: 1.0477
2018-02-09 01:31:35,146 seq2seq.trainer.supervised_trainer INFO     Progress: 45%, Train Perplexity: 1.0179
2018-02-09 01:31:51,895 seq2seq.trainer.supervised_trainer INFO     Progress: 45%, Train Perplexity: 1.0133
2018-02-09 01:32:04,806 seq2seq.trainer.supervised_trainer INFO     Finished epoch 32: Train Perplexity: 1.0207, Dev Perplexity: 1.0187, Accuracy: 0.9948, Sequence Accuracy: 0.9593, Variance: 0.0649
2018-02-09 01:32:04,806 seq2seq.trainer.supervised_trainer DEBUG    Epoch: 33, Step: 3680
2018-02-09 01:32:21,671 seq2seq.trainer.supervised_trainer INFO     Progress: 45%, Train Perplexity: 1.0492
2018-02-09 01:32:40,569 seq2seq.trainer.supervised_trainer INFO     Progress: 46%, Train Perplexity: 1.0184
2018-02-09 01:33:08,455 seq2seq.trainer.supervised_trainer INFO     Progress: 46%, Train Perplexity: 1.0049
2018-02-09 01:33:25,301 seq2seq.trainer.supervised_trainer INFO     Progress: 46%, Train Perplexity: 1.0169
2018-02-09 01:33:41,132 seq2seq.trainer.supervised_trainer INFO     Progress: 46%, Train Perplexity: 1.0158
2018-02-09 01:34:06,386 seq2seq.trainer.supervised_trainer INFO     Finished epoch 33: Train Perplexity: 1.0197, Dev Perplexity: 1.0043, Accuracy: 0.9985, Sequence Accuracy: 0.9852, Variance: 0.0647
2018-02-09 01:34:06,386 seq2seq.trainer.supervised_trainer DEBUG    Epoch: 34, Step: 3795
2018-02-09 01:34:11,335 seq2seq.trainer.supervised_trainer INFO     Progress: 47%, Train Perplexity: 1.0123
2018-02-09 01:34:28,359 seq2seq.trainer.supervised_trainer INFO     Progress: 47%, Train Perplexity: 1.0135
2018-02-09 01:34:46,212 seq2seq.trainer.supervised_trainer INFO     Progress: 47%, Train Perplexity: 1.0167
2018-02-09 01:35:14,994 seq2seq.trainer.supervised_trainer INFO     Progress: 47%, Train Perplexity: 1.0103
2018-02-09 01:35:31,597 seq2seq.trainer.supervised_trainer INFO     Progress: 48%, Train Perplexity: 1.0246
2018-02-09 01:35:47,447 seq2seq.trainer.supervised_trainer INFO     Progress: 48%, Train Perplexity: 1.0675
2018-02-09 01:36:08,768 seq2seq.trainer.supervised_trainer INFO     Finished epoch 34: Train Perplexity: 1.0286, Dev Perplexity: 1.0126, Accuracy: 0.9970, Sequence Accuracy: 0.9818, Variance: 0.0634
2018-02-09 01:36:08,768 seq2seq.trainer.supervised_trainer DEBUG    Epoch: 35, Step: 3910
2018-02-09 01:36:16,862 seq2seq.trainer.supervised_trainer INFO     Progress: 48%, Train Perplexity: 1.0296
2018-02-09 01:36:34,624 seq2seq.trainer.supervised_trainer INFO     Progress: 48%, Train Perplexity: 1.0138
2018-02-09 01:36:51,181 seq2seq.trainer.supervised_trainer INFO     Progress: 49%, Train Perplexity: 1.0285
2018-02-09 01:37:08,211 seq2seq.trainer.supervised_trainer INFO     Progress: 49%, Train Perplexity: 1.0173
2018-02-09 01:37:37,921 seq2seq.trainer.supervised_trainer INFO     Progress: 49%, Train Perplexity: 1.0182
2018-02-09 01:37:54,276 seq2seq.trainer.supervised_trainer INFO     Progress: 49%, Train Perplexity: 1.0213
2018-02-09 01:38:11,829 seq2seq.trainer.supervised_trainer INFO     Finished epoch 35: Train Perplexity: 1.0178, Dev Perplexity: 1.0104, Accuracy: 0.9979, Sequence Accuracy: 0.9928, Variance: 0.0645
2018-02-09 01:38:11,830 seq2seq.trainer.supervised_trainer DEBUG    Epoch: 36, Step: 4025
2018-02-09 01:38:22,345 seq2seq.trainer.supervised_trainer INFO     Progress: 50%, Train Perplexity: 1.0127
2018-02-09 01:38:40,658 seq2seq.trainer.supervised_trainer INFO     Progress: 50%, Train Perplexity: 1.0724
2018-02-09 01:38:57,658 seq2seq.trainer.supervised_trainer INFO     Progress: 50%, Train Perplexity: 1.0436
2018-02-09 01:39:14,372 seq2seq.trainer.supervised_trainer INFO     Progress: 50%, Train Perplexity: 1.0273
2018-02-09 01:39:32,903 seq2seq.trainer.supervised_trainer INFO     Progress: 51%, Train Perplexity: 1.0066
2018-02-09 01:40:01,553 seq2seq.trainer.supervised_trainer INFO     Progress: 51%, Train Perplexity: 1.0050
2018-02-09 01:40:14,596 seq2seq.trainer.supervised_trainer INFO     Finished epoch 36: Train Perplexity: 1.0290, Dev Perplexity: 1.0274, Accuracy: 0.9945, Sequence Accuracy: 0.9713, Variance: 0.0654
2018-02-09 01:40:14,596 seq2seq.trainer.supervised_trainer DEBUG    Epoch: 37, Step: 4140
2018-02-09 01:40:31,688 seq2seq.trainer.supervised_trainer INFO     Progress: 51%, Train Perplexity: 1.0255
2018-02-09 01:40:49,264 seq2seq.trainer.supervised_trainer INFO     Progress: 51%, Train Perplexity: 1.0364
2018-02-09 01:41:06,392 seq2seq.trainer.supervised_trainer INFO     Progress: 52%, Train Perplexity: 1.0203
2018-02-09 01:41:22,544 seq2seq.trainer.supervised_trainer INFO     Progress: 52%, Train Perplexity: 1.0151
2018-02-09 01:41:39,206 seq2seq.trainer.supervised_trainer INFO     Progress: 52%, Train Perplexity: 1.0101
2018-02-09 01:42:04,787 seq2seq.trainer.supervised_trainer INFO     Finished epoch 37: Train Perplexity: 1.0198, Dev Perplexity: 1.0050, Accuracy: 0.9983, Sequence Accuracy: 0.9818, Variance: 0.0600
2018-02-09 01:42:04,787 seq2seq.trainer.supervised_trainer DEBUG    Epoch: 38, Step: 4255
2018-02-09 01:42:21,917 seq2seq.trainer.supervised_trainer INFO     Progress: 52%, Train Perplexity: 1.0087
2018-02-09 01:42:38,203 seq2seq.trainer.supervised_trainer INFO     Progress: 53%, Train Perplexity: 1.0018
2018-02-09 01:42:55,878 seq2seq.trainer.supervised_trainer INFO     Progress: 53%, Train Perplexity: 1.0175
2018-02-09 01:43:11,765 seq2seq.trainer.supervised_trainer INFO     Progress: 53%, Train Perplexity: 1.0061
2018-02-09 01:43:29,305 seq2seq.trainer.supervised_trainer INFO     Progress: 53%, Train Perplexity: 1.0074
2018-02-09 01:43:44,023 seq2seq.trainer.supervised_trainer INFO     Progress: 54%, Train Perplexity: 1.0058
2018-02-09 01:44:04,798 seq2seq.trainer.supervised_trainer INFO     Finished epoch 38: Train Perplexity: 1.0074, Dev Perplexity: 1.0128, Accuracy: 0.9972, Sequence Accuracy: 0.9833, Variance: 0.0507
2018-02-09 01:44:04,799 seq2seq.trainer.supervised_trainer DEBUG    Epoch: 39, Step: 4370
2018-02-09 01:44:13,230 seq2seq.trainer.supervised_trainer INFO     Progress: 54%, Train Perplexity: 1.0061
2018-02-09 01:44:40,277 seq2seq.trainer.supervised_trainer INFO     Progress: 54%, Train Perplexity: 1.0038
2018-02-09 01:44:56,750 seq2seq.trainer.supervised_trainer INFO     Progress: 54%, Train Perplexity: 1.0082
2018-02-09 01:45:16,006 seq2seq.trainer.supervised_trainer INFO     Progress: 55%, Train Perplexity: 1.0033
2018-02-09 01:45:32,916 seq2seq.trainer.supervised_trainer INFO     Progress: 55%, Train Perplexity: 1.0047
2018-02-09 01:45:48,626 seq2seq.trainer.supervised_trainer INFO     Progress: 55%, Train Perplexity: 1.0061
2018-02-09 01:46:05,583 seq2seq.trainer.supervised_trainer INFO     Finished epoch 39: Train Perplexity: 1.0059, Dev Perplexity: 1.0206, Accuracy: 0.9948, Sequence Accuracy: 0.9550, Variance: 0.0566
2018-02-09 01:46:05,583 seq2seq.trainer.supervised_trainer DEBUG    Epoch: 40, Step: 4485
2018-02-09 01:46:17,548 seq2seq.trainer.supervised_trainer INFO     Progress: 55%, Train Perplexity: 1.0112
2018-02-09 01:46:35,298 seq2seq.trainer.supervised_trainer INFO     Progress: 56%, Train Perplexity: 1.0210
2018-02-09 01:47:05,747 seq2seq.trainer.supervised_trainer INFO     Progress: 56%, Train Perplexity: 1.0044
2018-02-09 01:47:20,573 seq2seq.trainer.supervised_trainer INFO     Progress: 56%, Train Perplexity: 1.0018
2018-02-09 01:47:37,333 seq2seq.trainer.supervised_trainer INFO     Progress: 56%, Train Perplexity: 1.0033
2018-02-09 01:47:53,228 seq2seq.trainer.supervised_trainer INFO     Progress: 57%, Train Perplexity: 1.0025
2018-02-09 01:48:06,106 seq2seq.trainer.supervised_trainer INFO     Finished epoch 40: Train Perplexity: 1.0070, Dev Perplexity: 1.0038, Accuracy: 0.9993, Sequence Accuracy: 0.9938, Variance: 0.0599
2018-02-09 01:48:06,106 seq2seq.trainer.supervised_trainer DEBUG    Epoch: 41, Step: 4600
2018-02-09 01:48:22,632 seq2seq.trainer.supervised_trainer INFO     Progress: 57%, Train Perplexity: 1.0071
2018-02-09 01:48:40,265 seq2seq.trainer.supervised_trainer INFO     Progress: 57%, Train Perplexity: 1.0292
2018-02-09 01:49:10,456 seq2seq.trainer.supervised_trainer INFO     Progress: 57%, Train Perplexity: 1.0149
2018-02-09 01:49:25,407 seq2seq.trainer.supervised_trainer INFO     Progress: 58%, Train Perplexity: 1.0010
2018-02-09 01:49:43,342 seq2seq.trainer.supervised_trainer INFO     Progress: 58%, Train Perplexity: 1.0127
2018-02-09 01:50:08,089 seq2seq.trainer.supervised_trainer INFO     Finished epoch 41: Train Perplexity: 1.0117, Dev Perplexity: 1.0080, Accuracy: 0.9987, Sequence Accuracy: 0.9967, Variance: 0.0557
2018-02-09 01:50:08,090 seq2seq.trainer.supervised_trainer DEBUG    Epoch: 42, Step: 4715
2018-02-09 01:50:11,521 seq2seq.trainer.supervised_trainer INFO     Progress: 58%, Train Perplexity: 1.0061
2018-02-09 01:50:29,540 seq2seq.trainer.supervised_trainer INFO     Progress: 58%, Train Perplexity: 1.0053
2018-02-09 01:50:46,977 seq2seq.trainer.supervised_trainer INFO     Progress: 59%, Train Perplexity: 1.0076
2018-02-09 01:51:04,539 seq2seq.trainer.supervised_trainer INFO     Progress: 59%, Train Perplexity: 1.0578
2018-02-09 01:51:33,439 seq2seq.trainer.supervised_trainer INFO     Progress: 59%, Train Perplexity: 1.0242
2018-02-09 01:51:48,568 seq2seq.trainer.supervised_trainer INFO     Progress: 59%, Train Perplexity: 1.0050
2018-02-09 01:52:09,987 seq2seq.trainer.supervised_trainer INFO     Finished epoch 42: Train Perplexity: 1.0186, Dev Perplexity: 1.0307, Accuracy: 0.9958, Sequence Accuracy: 0.9598, Variance: 0.0564
2018-02-09 01:52:09,988 seq2seq.trainer.supervised_trainer DEBUG    Epoch: 43, Step: 4830
2018-02-09 01:52:18,482 seq2seq.trainer.supervised_trainer INFO     Progress: 60%, Train Perplexity: 1.0129
2018-02-09 01:52:33,860 seq2seq.trainer.supervised_trainer INFO     Progress: 60%, Train Perplexity: 1.0053
2018-02-09 01:52:51,130 seq2seq.trainer.supervised_trainer INFO     Progress: 60%, Train Perplexity: 1.0130
2018-02-09 01:53:08,864 seq2seq.trainer.supervised_trainer INFO     Progress: 60%, Train Perplexity: 1.0198
2018-02-09 01:53:26,139 seq2seq.trainer.supervised_trainer INFO     Progress: 61%, Train Perplexity: 1.0080
2018-02-09 01:53:55,906 seq2seq.trainer.supervised_trainer INFO     Progress: 61%, Train Perplexity: 1.0074
2018-02-09 01:54:12,753 seq2seq.trainer.supervised_trainer INFO     Finished epoch 43: Train Perplexity: 1.0113, Dev Perplexity: 1.0294, Accuracy: 0.9958, Sequence Accuracy: 0.9837, Variance: 0.0545
2018-02-09 01:54:12,753 seq2seq.trainer.supervised_trainer DEBUG    Epoch: 44, Step: 4945
2018-02-09 01:54:24,195 seq2seq.trainer.supervised_trainer INFO     Progress: 61%, Train Perplexity: 1.0157
2018-02-09 01:54:41,975 seq2seq.trainer.supervised_trainer INFO     Progress: 61%, Train Perplexity: 1.0034
2018-02-09 01:54:58,813 seq2seq.trainer.supervised_trainer INFO     Progress: 62%, Train Perplexity: 1.0167
2018-02-09 01:55:15,566 seq2seq.trainer.supervised_trainer INFO     Progress: 62%, Train Perplexity: 1.0343
2018-02-09 01:55:33,928 seq2seq.trainer.supervised_trainer INFO     Progress: 62%, Train Perplexity: 1.0193
2018-02-09 01:56:03,495 seq2seq.trainer.supervised_trainer INFO     Progress: 62%, Train Perplexity: 1.0114
2018-02-09 01:56:16,443 seq2seq.trainer.supervised_trainer INFO     Finished epoch 44: Train Perplexity: 1.0172, Dev Perplexity: 1.0472, Accuracy: 0.9903, Sequence Accuracy: 0.9570, Variance: 0.0553
2018-02-09 01:56:16,443 seq2seq.trainer.supervised_trainer DEBUG    Epoch: 45, Step: 5060
2018-02-09 01:56:33,161 seq2seq.trainer.supervised_trainer INFO     Progress: 63%, Train Perplexity: 1.0270
2018-02-09 01:56:51,243 seq2seq.trainer.supervised_trainer INFO     Progress: 63%, Train Perplexity: 1.0102
2018-02-09 01:57:08,488 seq2seq.trainer.supervised_trainer INFO     Progress: 63%, Train Perplexity: 1.0044
2018-02-09 01:57:24,620 seq2seq.trainer.supervised_trainer INFO     Progress: 63%, Train Perplexity: 1.0146
2018-02-09 01:57:41,328 seq2seq.trainer.supervised_trainer INFO     Progress: 64%, Train Perplexity: 1.0042
2018-02-09 01:58:06,448 seq2seq.trainer.supervised_trainer INFO     Finished epoch 45: Train Perplexity: 1.0115, Dev Perplexity: 1.0368, Accuracy: 0.9920, Sequence Accuracy: 0.9694, Variance: 0.0575
2018-02-09 01:58:06,448 seq2seq.trainer.supervised_trainer DEBUG    Epoch: 46, Step: 5175
2018-02-09 01:58:08,966 seq2seq.trainer.supervised_trainer INFO     Progress: 64%, Train Perplexity: 1.0058
2018-02-09 01:58:39,438 seq2seq.trainer.supervised_trainer INFO     Progress: 64%, Train Perplexity: 1.0055
2018-02-09 01:58:56,808 seq2seq.trainer.supervised_trainer INFO     Progress: 64%, Train Perplexity: 1.0012
2018-02-09 01:59:14,177 seq2seq.trainer.supervised_trainer INFO     Progress: 65%, Train Perplexity: 1.0050
2018-02-09 01:59:30,834 seq2seq.trainer.supervised_trainer INFO     Progress: 65%, Train Perplexity: 1.0005
2018-02-09 01:59:46,365 seq2seq.trainer.supervised_trainer INFO     Progress: 65%, Train Perplexity: 1.0019
2018-02-09 02:00:07,110 seq2seq.trainer.supervised_trainer INFO     Finished epoch 46: Train Perplexity: 1.0025, Dev Perplexity: 1.0087, Accuracy: 0.9987, Sequence Accuracy: 0.9952, Variance: 0.0604
2018-02-09 02:00:07,110 seq2seq.trainer.supervised_trainer DEBUG    Epoch: 47, Step: 5290
2018-02-09 02:00:15,381 seq2seq.trainer.supervised_trainer INFO     Progress: 65%, Train Perplexity: 1.0147
2018-02-09 02:00:31,581 seq2seq.trainer.supervised_trainer INFO     Progress: 66%, Train Perplexity: 1.0062
2018-02-09 02:01:01,178 seq2seq.trainer.supervised_trainer INFO     Progress: 66%, Train Perplexity: 1.0056
2018-02-09 02:01:18,727 seq2seq.trainer.supervised_trainer INFO     Progress: 66%, Train Perplexity: 1.0091
2018-02-09 02:01:35,153 seq2seq.trainer.supervised_trainer INFO     Progress: 66%, Train Perplexity: 1.0021
2018-02-09 02:01:53,010 seq2seq.trainer.supervised_trainer INFO     Progress: 67%, Train Perplexity: 1.0047
2018-02-09 02:02:10,076 seq2seq.trainer.supervised_trainer INFO     Finished epoch 47: Train Perplexity: 1.0074, Dev Perplexity: 1.0024, Accuracy: 0.9989, Sequence Accuracy: 0.9847, Variance: 0.0608
2018-02-09 02:02:10,076 seq2seq.trainer.supervised_trainer DEBUG    Epoch: 48, Step: 5405
2018-02-09 02:02:21,876 seq2seq.trainer.supervised_trainer INFO     Progress: 67%, Train Perplexity: 1.0031
2018-02-09 02:02:39,455 seq2seq.trainer.supervised_trainer INFO     Progress: 67%, Train Perplexity: 1.0170
2018-02-09 02:03:09,185 seq2seq.trainer.supervised_trainer INFO     Progress: 67%, Train Perplexity: 1.0015
2018-02-09 02:03:26,375 seq2seq.trainer.supervised_trainer INFO     Progress: 68%, Train Perplexity: 1.0039
2018-02-09 02:03:43,475 seq2seq.trainer.supervised_trainer INFO     Progress: 68%, Train Perplexity: 1.0030
2018-02-09 02:03:59,179 seq2seq.trainer.supervised_trainer INFO     Progress: 68%, Train Perplexity: 1.0014
2018-02-09 02:04:12,214 seq2seq.trainer.supervised_trainer INFO     Finished epoch 48: Train Perplexity: 1.0052, Dev Perplexity: 1.0041, Accuracy: 0.9991, Sequence Accuracy: 0.9933, Variance: 0.0616
2018-02-09 02:04:12,215 seq2seq.trainer.supervised_trainer DEBUG    Epoch: 49, Step: 5520
2018-02-09 02:04:28,660 seq2seq.trainer.supervised_trainer INFO     Progress: 68%, Train Perplexity: 1.0078
2018-02-09 02:04:48,100 seq2seq.trainer.supervised_trainer INFO     Progress: 69%, Train Perplexity: 1.0084
2018-02-09 02:05:04,588 seq2seq.trainer.supervised_trainer INFO     Progress: 69%, Train Perplexity: 1.0061
2018-02-09 02:05:33,036 seq2seq.trainer.supervised_trainer INFO     Progress: 69%, Train Perplexity: 1.0134
2018-02-09 02:05:49,768 seq2seq.trainer.supervised_trainer INFO     Progress: 69%, Train Perplexity: 1.0017
2018-02-09 02:06:15,259 seq2seq.trainer.supervised_trainer INFO     Finished epoch 49: Train Perplexity: 1.0072, Dev Perplexity: 1.0097, Accuracy: 0.9985, Sequence Accuracy: 0.9770, Variance: 0.0595
2018-02-09 02:06:15,259 seq2seq.trainer.supervised_trainer DEBUG    Epoch: 50, Step: 5635
2018-02-09 02:06:18,751 seq2seq.trainer.supervised_trainer INFO     Progress: 70%, Train Perplexity: 1.0060
2018-02-09 02:06:34,538 seq2seq.trainer.supervised_trainer INFO     Progress: 70%, Train Perplexity: 1.0013
2018-02-09 02:06:50,743 seq2seq.trainer.supervised_trainer INFO     Progress: 70%, Train Perplexity: 1.0012
2018-02-09 02:07:08,001 seq2seq.trainer.supervised_trainer INFO     Progress: 70%, Train Perplexity: 1.0047
2018-02-09 02:07:38,311 seq2seq.trainer.supervised_trainer INFO     Progress: 71%, Train Perplexity: 1.0082
2018-02-09 02:07:56,413 seq2seq.trainer.supervised_trainer INFO     Progress: 71%, Train Perplexity: 1.0021
2018-02-09 02:08:18,000 seq2seq.trainer.supervised_trainer INFO     Finished epoch 50: Train Perplexity: 1.0035, Dev Perplexity: 1.0026, Accuracy: 0.9996, Sequence Accuracy: 0.9943, Variance: 0.0593
2018-02-09 02:08:18,000 seq2seq.trainer.supervised_trainer DEBUG    Epoch: 51, Step: 5750
2018-02-09 02:08:26,431 seq2seq.trainer.supervised_trainer INFO     Progress: 71%, Train Perplexity: 1.0053
2018-02-09 02:08:43,393 seq2seq.trainer.supervised_trainer INFO     Progress: 71%, Train Perplexity: 1.0054
2018-02-09 02:09:01,595 seq2seq.trainer.supervised_trainer INFO     Progress: 72%, Train Perplexity: 1.0038
2018-02-09 02:09:19,127 seq2seq.trainer.supervised_trainer INFO     Progress: 72%, Train Perplexity: 1.0176
2018-02-09 02:09:36,134 seq2seq.trainer.supervised_trainer INFO     Progress: 72%, Train Perplexity: 1.0210
2018-02-09 02:10:04,969 seq2seq.trainer.supervised_trainer INFO     Progress: 72%, Train Perplexity: 1.0063
2018-02-09 02:10:21,847 seq2seq.trainer.supervised_trainer INFO     Finished epoch 51: Train Perplexity: 1.0103, Dev Perplexity: 1.0006, Accuracy: 0.9998, Sequence Accuracy: 0.9976, Variance: 0.0572
2018-02-09 02:10:21,847 seq2seq.trainer.supervised_trainer DEBUG    Epoch: 52, Step: 5865
2018-02-09 02:10:35,027 seq2seq.trainer.supervised_trainer INFO     Progress: 73%, Train Perplexity: 1.0016
2018-02-09 02:10:51,754 seq2seq.trainer.supervised_trainer INFO     Progress: 73%, Train Perplexity: 1.0012
2018-02-09 02:11:08,488 seq2seq.trainer.supervised_trainer INFO     Progress: 73%, Train Perplexity: 1.0266
2018-02-09 02:11:27,200 seq2seq.trainer.supervised_trainer INFO     Progress: 73%, Train Perplexity: 1.0083
2018-02-09 02:11:43,011 seq2seq.trainer.supervised_trainer INFO     Progress: 74%, Train Perplexity: 1.0155
2018-02-09 02:11:59,706 seq2seq.trainer.supervised_trainer INFO     Progress: 74%, Train Perplexity: 1.0673
2018-02-09 02:12:12,638 seq2seq.trainer.supervised_trainer INFO     Finished epoch 52: Train Perplexity: 1.0208, Dev Perplexity: 1.1131, Accuracy: 0.9826, Sequence Accuracy: 0.8254, Variance: 0.0589
2018-02-09 02:12:12,638 seq2seq.trainer.supervised_trainer DEBUG    Epoch: 53, Step: 5980
2018-02-09 02:12:43,188 seq2seq.trainer.supervised_trainer INFO     Progress: 74%, Train Perplexity: 1.0101
2018-02-09 02:12:58,673 seq2seq.trainer.supervised_trainer INFO     Progress: 74%, Train Perplexity: 1.0004
2018-02-09 02:13:14,976 seq2seq.trainer.supervised_trainer INFO     Progress: 75%, Train Perplexity: 1.0012
2018-02-09 02:13:32,706 seq2seq.trainer.supervised_trainer INFO     Progress: 75%, Train Perplexity: 1.0006
2018-02-09 02:13:48,696 seq2seq.trainer.supervised_trainer INFO     Progress: 75%, Train Perplexity: 1.0006
2018-02-09 02:14:14,446 seq2seq.trainer.supervised_trainer INFO     Finished epoch 53: Train Perplexity: 1.0023, Dev Perplexity: 1.0002, Accuracy: 1.0000, Sequence Accuracy: 0.9995, Variance: 0.0550
2018-02-09 02:14:14,446 seq2seq.trainer.supervised_trainer DEBUG    Epoch: 54, Step: 6095
2018-02-09 02:14:18,901 seq2seq.trainer.supervised_trainer INFO     Progress: 75%, Train Perplexity: 1.0007
2018-02-09 02:14:48,106 seq2seq.trainer.supervised_trainer INFO     Progress: 76%, Train Perplexity: 1.0088
2018-02-09 02:15:03,524 seq2seq.trainer.supervised_trainer INFO     Progress: 76%, Train Perplexity: 1.0018
2018-02-09 02:15:21,099 seq2seq.trainer.supervised_trainer INFO     Progress: 76%, Train Perplexity: 1.0054
2018-02-09 02:15:37,147 seq2seq.trainer.supervised_trainer INFO     Progress: 76%, Train Perplexity: 1.0059
2018-02-09 02:15:55,051 seq2seq.trainer.supervised_trainer INFO     Progress: 77%, Train Perplexity: 1.0034
2018-02-09 02:16:15,767 seq2seq.trainer.supervised_trainer INFO     Finished epoch 54: Train Perplexity: 1.0045, Dev Perplexity: 1.0012, Accuracy: 0.9996, Sequence Accuracy: 0.9943, Variance: 0.0555
2018-02-09 02:16:15,767 seq2seq.trainer.supervised_trainer DEBUG    Epoch: 55, Step: 6210
2018-02-09 02:16:24,255 seq2seq.trainer.supervised_trainer INFO     Progress: 77%, Train Perplexity: 1.0014
2018-02-09 02:16:42,518 seq2seq.trainer.supervised_trainer INFO     Progress: 77%, Train Perplexity: 1.0071
2018-02-09 02:17:12,868 seq2seq.trainer.supervised_trainer INFO     Progress: 77%, Train Perplexity: 1.0114
2018-02-09 02:17:28,213 seq2seq.trainer.supervised_trainer INFO     Progress: 78%, Train Perplexity: 1.0009
2018-02-09 02:17:44,040 seq2seq.trainer.supervised_trainer INFO     Progress: 78%, Train Perplexity: 1.0003
2018-02-09 02:17:59,834 seq2seq.trainer.supervised_trainer INFO     Progress: 78%, Train Perplexity: 1.0018
2018-02-09 02:18:17,332 seq2seq.trainer.supervised_trainer INFO     Finished epoch 55: Train Perplexity: 1.0041, Dev Perplexity: 1.0074, Accuracy: 0.9988, Sequence Accuracy: 0.9914, Variance: 0.0552
2018-02-09 02:18:17,332 seq2seq.trainer.supervised_trainer DEBUG    Epoch: 56, Step: 6325
2018-02-09 02:18:31,367 seq2seq.trainer.supervised_trainer INFO     Progress: 78%, Train Perplexity: 1.0049
2018-02-09 02:18:47,311 seq2seq.trainer.supervised_trainer INFO     Progress: 79%, Train Perplexity: 1.0060
2018-02-09 02:19:04,427 seq2seq.trainer.supervised_trainer INFO     Progress: 79%, Train Perplexity: 1.0164
2018-02-09 02:19:33,748 seq2seq.trainer.supervised_trainer INFO     Progress: 79%, Train Perplexity: 1.0019
2018-02-09 02:19:51,046 seq2seq.trainer.supervised_trainer INFO     Progress: 79%, Train Perplexity: 1.0038
2018-02-09 02:20:07,298 seq2seq.trainer.supervised_trainer INFO     Progress: 80%, Train Perplexity: 1.0029
2018-02-09 02:20:20,216 seq2seq.trainer.supervised_trainer INFO     Finished epoch 56: Train Perplexity: 1.0061, Dev Perplexity: 1.0011, Accuracy: 0.9998, Sequence Accuracy: 0.9967, Variance: 0.0568
2018-02-09 02:20:20,216 seq2seq.trainer.supervised_trainer DEBUG    Epoch: 57, Step: 6440
2018-02-09 02:20:37,625 seq2seq.trainer.supervised_trainer INFO     Progress: 80%, Train Perplexity: 1.0048
2018-02-09 02:20:56,518 seq2seq.trainer.supervised_trainer INFO     Progress: 80%, Train Perplexity: 1.0049
2018-02-09 02:21:12,214 seq2seq.trainer.supervised_trainer INFO     Progress: 80%, Train Perplexity: 1.0262
2018-02-09 02:21:41,569 seq2seq.trainer.supervised_trainer INFO     Progress: 80%, Train Perplexity: 1.0040
2018-02-09 02:21:58,084 seq2seq.trainer.supervised_trainer INFO     Progress: 81%, Train Perplexity: 1.0026
2018-02-09 02:22:23,621 seq2seq.trainer.supervised_trainer INFO     Finished epoch 57: Train Perplexity: 1.0079, Dev Perplexity: 1.0005, Accuracy: 0.9999, Sequence Accuracy: 0.9981, Variance: 0.0556
2018-02-09 02:22:23,621 seq2seq.trainer.supervised_trainer DEBUG    Epoch: 58, Step: 6555
2018-02-09 02:22:28,170 seq2seq.trainer.supervised_trainer INFO     Progress: 81%, Train Perplexity: 1.0041
2018-02-09 02:22:44,631 seq2seq.trainer.supervised_trainer INFO     Progress: 81%, Train Perplexity: 1.0122
2018-02-09 02:23:00,829 seq2seq.trainer.supervised_trainer INFO     Progress: 81%, Train Perplexity: 1.0340
2018-02-09 02:23:18,802 seq2seq.trainer.supervised_trainer INFO     Progress: 82%, Train Perplexity: 1.0228
2018-02-09 02:23:36,101 seq2seq.trainer.supervised_trainer INFO     Progress: 82%, Train Perplexity: 1.0101
2018-02-09 02:24:07,094 seq2seq.trainer.supervised_trainer INFO     Progress: 82%, Train Perplexity: 1.0233
2018-02-09 02:24:28,077 seq2seq.trainer.supervised_trainer INFO     Finished epoch 58: Train Perplexity: 1.0181, Dev Perplexity: 1.0021, Accuracy: 0.9995, Sequence Accuracy: 0.9928, Variance: 0.0588
2018-02-09 02:24:28,077 seq2seq.trainer.supervised_trainer DEBUG    Epoch: 59, Step: 6670
2018-02-09 02:24:36,628 seq2seq.trainer.supervised_trainer INFO     Progress: 82%, Train Perplexity: 1.0031
2018-02-09 02:24:54,587 seq2seq.trainer.supervised_trainer INFO     Progress: 83%, Train Perplexity: 1.0048
2018-02-09 02:25:11,645 seq2seq.trainer.supervised_trainer INFO     Progress: 83%, Train Perplexity: 1.0064
2018-02-09 02:25:27,898 seq2seq.trainer.supervised_trainer INFO     Progress: 83%, Train Perplexity: 1.0044
2018-02-09 02:25:44,939 seq2seq.trainer.supervised_trainer INFO     Progress: 83%, Train Perplexity: 1.0021
2018-02-09 02:26:02,440 seq2seq.trainer.supervised_trainer INFO     Progress: 84%, Train Perplexity: 1.0046
2018-02-09 02:26:31,778 seq2seq.trainer.supervised_trainer INFO     Finished epoch 59: Train Perplexity: 1.0045, Dev Perplexity: 1.0088, Accuracy: 0.9978, Sequence Accuracy: 0.9694, Variance: 0.0642
2018-02-09 02:26:31,778 seq2seq.trainer.supervised_trainer DEBUG    Epoch: 60, Step: 6785
2018-02-09 02:26:44,283 seq2seq.trainer.supervised_trainer INFO     Progress: 84%, Train Perplexity: 1.0139
2018-02-09 02:26:59,909 seq2seq.trainer.supervised_trainer INFO     Progress: 84%, Train Perplexity: 1.0154
2018-02-09 02:27:18,652 seq2seq.trainer.supervised_trainer INFO     Progress: 84%, Train Perplexity: 1.0017
2018-02-09 02:27:35,309 seq2seq.trainer.supervised_trainer INFO     Progress: 85%, Train Perplexity: 1.0100
2018-02-09 02:27:52,230 seq2seq.trainer.supervised_trainer INFO     Progress: 85%, Train Perplexity: 1.0052
2018-02-09 02:28:09,461 seq2seq.trainer.supervised_trainer INFO     Progress: 85%, Train Perplexity: 1.0149
2018-02-09 02:28:22,342 seq2seq.trainer.supervised_trainer INFO     Finished epoch 60: Train Perplexity: 1.0104, Dev Perplexity: 1.0009, Accuracy: 0.9998, Sequence Accuracy: 0.9971, Variance: 0.0610
2018-02-09 02:28:22,342 seq2seq.trainer.supervised_trainer DEBUG    Epoch: 61, Step: 6900
2018-02-09 02:28:51,162 seq2seq.trainer.supervised_trainer INFO     Progress: 85%, Train Perplexity: 1.0045
2018-02-09 02:29:08,186 seq2seq.trainer.supervised_trainer INFO     Progress: 86%, Train Perplexity: 1.0035
2018-02-09 02:29:25,745 seq2seq.trainer.supervised_trainer INFO     Progress: 86%, Train Perplexity: 1.0015
2018-02-09 02:29:41,174 seq2seq.trainer.supervised_trainer INFO     Progress: 86%, Train Perplexity: 1.0006
2018-02-09 02:29:58,261 seq2seq.trainer.supervised_trainer INFO     Progress: 86%, Train Perplexity: 1.0021
2018-02-09 02:30:23,586 seq2seq.trainer.supervised_trainer INFO     Finished epoch 61: Train Perplexity: 1.0025, Dev Perplexity: 1.0010, Accuracy: 0.9998, Sequence Accuracy: 0.9986, Variance: 0.0590
2018-02-09 02:30:23,586 seq2seq.trainer.supervised_trainer DEBUG    Epoch: 62, Step: 7015
2018-02-09 02:30:28,970 seq2seq.trainer.supervised_trainer INFO     Progress: 87%, Train Perplexity: 1.0032
2018-02-09 02:30:46,610 seq2seq.trainer.supervised_trainer INFO     Progress: 87%, Train Perplexity: 1.0033
2018-02-09 02:31:15,254 seq2seq.trainer.supervised_trainer INFO     Progress: 87%, Train Perplexity: 1.0012
2018-02-09 02:31:32,326 seq2seq.trainer.supervised_trainer INFO     Progress: 87%, Train Perplexity: 1.0015
2018-02-09 02:31:48,235 seq2seq.trainer.supervised_trainer INFO     Progress: 88%, Train Perplexity: 1.0014
2018-02-09 02:32:04,043 seq2seq.trainer.supervised_trainer INFO     Progress: 88%, Train Perplexity: 1.0002
2018-02-09 02:32:24,700 seq2seq.trainer.supervised_trainer INFO     Finished epoch 62: Train Perplexity: 1.0015, Dev Perplexity: 1.0004, Accuracy: 0.9998, Sequence Accuracy: 0.9981, Variance: 0.0614
2018-02-09 02:32:24,700 seq2seq.trainer.supervised_trainer DEBUG    Epoch: 63, Step: 7130
2018-02-09 02:32:33,297 seq2seq.trainer.supervised_trainer INFO     Progress: 88%, Train Perplexity: 1.0015
2018-02-09 02:32:51,803 seq2seq.trainer.supervised_trainer INFO     Progress: 88%, Train Perplexity: 1.0031
2018-02-09 02:33:09,436 seq2seq.trainer.supervised_trainer INFO     Progress: 89%, Train Perplexity: 1.0027
2018-02-09 02:33:39,642 seq2seq.trainer.supervised_trainer INFO     Progress: 89%, Train Perplexity: 1.0024
2018-02-09 02:33:55,176 seq2seq.trainer.supervised_trainer INFO     Progress: 89%, Train Perplexity: 1.0017
2018-02-09 02:34:10,531 seq2seq.trainer.supervised_trainer INFO     Progress: 89%, Train Perplexity: 1.0011
2018-02-09 02:34:27,552 seq2seq.trainer.supervised_trainer INFO     Finished epoch 63: Train Perplexity: 1.0022, Dev Perplexity: 1.0004, Accuracy: 0.9999, Sequence Accuracy: 0.9990, Variance: 0.0572
2018-02-09 02:34:27,552 seq2seq.trainer.supervised_trainer DEBUG    Epoch: 64, Step: 7245
2018-02-09 02:34:40,739 seq2seq.trainer.supervised_trainer INFO     Progress: 90%, Train Perplexity: 1.0005
2018-02-09 02:34:58,882 seq2seq.trainer.supervised_trainer INFO     Progress: 90%, Train Perplexity: 1.0027
2018-02-09 02:35:13,947 seq2seq.trainer.supervised_trainer INFO     Progress: 90%, Train Perplexity: 1.0103
2018-02-09 02:35:43,831 seq2seq.trainer.supervised_trainer INFO     Progress: 90%, Train Perplexity: 1.0092
2018-02-09 02:36:00,095 seq2seq.trainer.supervised_trainer INFO     Progress: 91%, Train Perplexity: 1.0061
2018-02-09 02:36:16,777 seq2seq.trainer.supervised_trainer INFO     Progress: 91%, Train Perplexity: 1.0009
2018-02-09 02:36:29,646 seq2seq.trainer.supervised_trainer INFO     Finished epoch 64: Train Perplexity: 1.0052, Dev Perplexity: 1.0003, Accuracy: 0.9999, Sequence Accuracy: 0.9990, Variance: 0.0639
2018-02-09 02:36:29,646 seq2seq.trainer.supervised_trainer DEBUG    Epoch: 65, Step: 7360
2018-02-09 02:36:47,708 seq2seq.trainer.supervised_trainer INFO     Progress: 91%, Train Perplexity: 1.0028
2018-02-09 02:37:02,338 seq2seq.trainer.supervised_trainer INFO     Progress: 91%, Train Perplexity: 1.0086
2018-02-09 02:37:20,426 seq2seq.trainer.supervised_trainer INFO     Progress: 92%, Train Perplexity: 1.0088
2018-02-09 02:37:37,645 seq2seq.trainer.supervised_trainer INFO     Progress: 92%, Train Perplexity: 1.0082
2018-02-09 02:38:07,948 seq2seq.trainer.supervised_trainer INFO     Progress: 92%, Train Perplexity: 1.0033
2018-02-09 02:38:33,078 seq2seq.trainer.supervised_trainer INFO     Finished epoch 65: Train Perplexity: 1.0077, Dev Perplexity: 1.0055, Accuracy: 0.9990, Sequence Accuracy: 0.9847, Variance: 0.0623
2018-02-09 02:38:33,079 seq2seq.trainer.supervised_trainer DEBUG    Epoch: 66, Step: 7475
2018-02-09 02:38:37,835 seq2seq.trainer.supervised_trainer INFO     Progress: 92%, Train Perplexity: 1.0148
2018-02-09 02:38:55,504 seq2seq.trainer.supervised_trainer INFO     Progress: 93%, Train Perplexity: 1.0148
2018-02-09 02:39:12,104 seq2seq.trainer.supervised_trainer INFO     Progress: 93%, Train Perplexity: 1.0011
2018-02-09 02:39:28,580 seq2seq.trainer.supervised_trainer INFO     Progress: 93%, Train Perplexity: 1.0025
2018-02-09 02:39:46,104 seq2seq.trainer.supervised_trainer INFO     Progress: 93%, Train Perplexity: 1.0025
2018-02-09 02:40:02,582 seq2seq.trainer.supervised_trainer INFO     Progress: 94%, Train Perplexity: 1.0193
2018-02-09 02:40:37,098 seq2seq.trainer.supervised_trainer INFO     Finished epoch 66: Train Perplexity: 1.0074, Dev Perplexity: 1.0020, Accuracy: 0.9993, Sequence Accuracy: 0.9914, Variance: 0.0584
2018-02-09 02:40:37,099 seq2seq.trainer.supervised_trainer DEBUG    Epoch: 67, Step: 7590
2018-02-09 02:40:45,487 seq2seq.trainer.supervised_trainer INFO     Progress: 94%, Train Perplexity: 1.0053
2018-02-09 02:41:03,467 seq2seq.trainer.supervised_trainer INFO     Progress: 94%, Train Perplexity: 1.0016
2018-02-09 02:41:21,201 seq2seq.trainer.supervised_trainer INFO     Progress: 94%, Train Perplexity: 1.0012
2018-02-09 02:41:38,873 seq2seq.trainer.supervised_trainer INFO     Progress: 95%, Train Perplexity: 1.0061
2018-02-09 02:41:54,123 seq2seq.trainer.supervised_trainer INFO     Progress: 95%, Train Perplexity: 1.0003
2018-02-09 02:42:10,491 seq2seq.trainer.supervised_trainer INFO     Progress: 95%, Train Perplexity: 1.0150
2018-02-09 02:42:27,751 seq2seq.trainer.supervised_trainer INFO     Finished epoch 67: Train Perplexity: 1.0055, Dev Perplexity: 1.0135, Accuracy: 0.9973, Sequence Accuracy: 0.9775, Variance: 0.0543
2018-02-09 02:42:27,752 seq2seq.trainer.supervised_trainer DEBUG    Epoch: 68, Step: 7705
2018-02-09 02:42:54,265 seq2seq.trainer.supervised_trainer INFO     Progress: 95%, Train Perplexity: 1.0119
2018-02-09 02:43:09,678 seq2seq.trainer.supervised_trainer INFO     Progress: 96%, Train Perplexity: 1.0002
2018-02-09 02:43:25,430 seq2seq.trainer.supervised_trainer INFO     Progress: 96%, Train Perplexity: 1.0000
2018-02-09 02:43:42,852 seq2seq.trainer.supervised_trainer INFO     Progress: 96%, Train Perplexity: 1.0055
2018-02-09 02:43:59,497 seq2seq.trainer.supervised_trainer INFO     Progress: 96%, Train Perplexity: 1.0034
2018-02-09 02:44:15,885 seq2seq.trainer.supervised_trainer INFO     Progress: 97%, Train Perplexity: 1.0033
2018-02-09 02:44:28,994 seq2seq.trainer.supervised_trainer INFO     Finished epoch 68: Train Perplexity: 1.0038, Dev Perplexity: 1.0008, Accuracy: 0.9998, Sequence Accuracy: 0.9976, Variance: 0.0552
2018-02-09 02:44:28,994 seq2seq.trainer.supervised_trainer DEBUG    Epoch: 69, Step: 7820
2018-02-09 02:44:44,997 seq2seq.trainer.supervised_trainer INFO     Progress: 97%, Train Perplexity: 1.0012
2018-02-09 02:45:15,549 seq2seq.trainer.supervised_trainer INFO     Progress: 97%, Train Perplexity: 1.0014
2018-02-09 02:45:32,360 seq2seq.trainer.supervised_trainer INFO     Progress: 97%, Train Perplexity: 1.0001
2018-02-09 02:45:49,169 seq2seq.trainer.supervised_trainer INFO     Progress: 98%, Train Perplexity: 1.0027
2018-02-09 02:46:05,895 seq2seq.trainer.supervised_trainer INFO     Progress: 98%, Train Perplexity: 1.0011
2018-02-09 02:46:30,870 seq2seq.trainer.supervised_trainer INFO     Finished epoch 69: Train Perplexity: 1.0013, Dev Perplexity: 1.0278, Accuracy: 0.9964, Sequence Accuracy: 0.9823, Variance: 0.0592
2018-02-09 02:46:30,870 seq2seq.trainer.supervised_trainer DEBUG    Epoch: 70, Step: 7935
2018-02-09 02:46:34,458 seq2seq.trainer.supervised_trainer INFO     Progress: 98%, Train Perplexity: 1.0017
2018-02-09 02:46:52,367 seq2seq.trainer.supervised_trainer INFO     Progress: 98%, Train Perplexity: 1.0051
2018-02-09 02:47:08,874 seq2seq.trainer.supervised_trainer INFO     Progress: 99%, Train Perplexity: 1.0020
2018-02-09 02:47:38,981 seq2seq.trainer.supervised_trainer INFO     Progress: 99%, Train Perplexity: 1.0015
2018-02-09 02:47:54,277 seq2seq.trainer.supervised_trainer INFO     Progress: 99%, Train Perplexity: 1.0003
2018-02-09 02:48:11,265 seq2seq.trainer.supervised_trainer INFO     Progress: 99%, Train Perplexity: 1.0006
2018-02-09 02:48:45,483 seq2seq.trainer.supervised_trainer INFO     Finished epoch 70: Train Perplexity: 1.0028, Dev Perplexity: 1.0076, Accuracy: 0.9989, Sequence Accuracy: 0.9947, Variance: 0.0558
