2018-02-09 08:26:47,388 root         INFO     Namespace(attention=True, batch_size=128, bidirectional=False, cuda_device=0, dev='data/CLEANED-SCAN/simple_split/dev.txt', dropout_p_decoder=0.5, dropout_p_encoder=0.5, embedding_size=200, epochs=70, hidden_size=200, load_checkpoint=None, log_level='debug', lr=0.001, max_len=50, n_layers=2, optim='adam', output_dir='variance_experiment1_gru', print_every=20, resume=False, rnn_cell='gru', save_every=133, src_vocab=50000, teacher_forcing_ratio=0.5, tgt_vocab=50000, train='data/CLEANED-SCAN/simple_split/train.txt')
2018-02-09 08:26:47,917 seq2seq.trainer.supervised_trainer INFO     Optimizer: <torch.optim.adam.Adam object at 0x7f40bcc2cdd0>, Scheduler: None
2018-02-09 08:26:58,760 seq2seq.trainer.supervised_trainer DEBUG    Epoch: 1, Step: 0
2018-02-09 08:27:26,737 seq2seq.trainer.supervised_trainer INFO     Progress: 0%, Train Perplexity: 12.2849
2018-02-09 08:27:40,780 seq2seq.trainer.supervised_trainer INFO     Progress: 0%, Train Perplexity: 4.3341
2018-02-09 08:27:55,384 seq2seq.trainer.supervised_trainer INFO     Progress: 0%, Train Perplexity: 3.5349
2018-02-09 08:28:09,268 seq2seq.trainer.supervised_trainer INFO     Progress: 1%, Train Perplexity: 3.1102
2018-02-09 08:28:30,960 seq2seq.trainer.supervised_trainer INFO     Finished epoch 1: Train Perplexity: 4.3989, Dev Perplexity: 2.8415, Accuracy: 0.5822, Sequence Accuracy: 0.0105, Variance: 0.0129
2018-02-09 08:28:30,960 seq2seq.trainer.supervised_trainer DEBUG    Epoch: 2, Step: 115
2018-02-09 08:28:34,529 seq2seq.trainer.supervised_trainer INFO     Progress: 1%, Train Perplexity: 2.6554
2018-02-09 08:28:59,820 seq2seq.trainer.supervised_trainer INFO     Progress: 1%, Train Perplexity: 2.3220
2018-02-09 08:29:12,861 seq2seq.trainer.supervised_trainer INFO     Progress: 1%, Train Perplexity: 2.2208
2018-02-09 08:29:26,174 seq2seq.trainer.supervised_trainer INFO     Progress: 2%, Train Perplexity: 1.9403
2018-02-09 08:29:39,963 seq2seq.trainer.supervised_trainer INFO     Progress: 2%, Train Perplexity: 1.8026
2018-02-09 08:29:53,842 seq2seq.trainer.supervised_trainer INFO     Progress: 2%, Train Perplexity: 1.7318
2018-02-09 08:30:11,436 seq2seq.trainer.supervised_trainer INFO     Finished epoch 2: Train Perplexity: 2.0066, Dev Perplexity: 1.8475, Accuracy: 0.7811, Sequence Accuracy: 0.1282, Variance: 0.0404
2018-02-09 08:30:11,437 seq2seq.trainer.supervised_trainer DEBUG    Epoch: 3, Step: 230
2018-02-09 08:30:17,940 seq2seq.trainer.supervised_trainer INFO     Progress: 2%, Train Perplexity: 1.7681
2018-02-09 08:30:32,001 seq2seq.trainer.supervised_trainer INFO     Progress: 3%, Train Perplexity: 1.5461
2018-02-09 08:30:57,320 seq2seq.trainer.supervised_trainer INFO     Progress: 3%, Train Perplexity: 1.5481
2018-02-09 08:31:11,026 seq2seq.trainer.supervised_trainer INFO     Progress: 3%, Train Perplexity: 1.4973
2018-02-09 08:31:25,523 seq2seq.trainer.supervised_trainer INFO     Progress: 3%, Train Perplexity: 1.4403
2018-02-09 08:31:38,094 seq2seq.trainer.supervised_trainer INFO     Progress: 4%, Train Perplexity: 1.3924
2018-02-09 08:31:52,710 seq2seq.trainer.supervised_trainer INFO     Finished epoch 3: Train Perplexity: 1.4963, Dev Perplexity: 1.3531, Accuracy: 0.9058, Sequence Accuracy: 0.3505, Variance: 0.0522
2018-02-09 08:31:52,711 seq2seq.trainer.supervised_trainer DEBUG    Epoch: 4, Step: 345
2018-02-09 08:32:03,993 seq2seq.trainer.supervised_trainer INFO     Progress: 4%, Train Perplexity: 1.4080
2018-02-09 08:32:16,916 seq2seq.trainer.supervised_trainer INFO     Progress: 4%, Train Perplexity: 1.3672
2018-02-09 08:32:41,640 seq2seq.trainer.supervised_trainer INFO     Progress: 4%, Train Perplexity: 1.3793
2018-02-09 08:32:56,203 seq2seq.trainer.supervised_trainer INFO     Progress: 5%, Train Perplexity: 1.2535
2018-02-09 08:33:09,926 seq2seq.trainer.supervised_trainer INFO     Progress: 5%, Train Perplexity: 1.2487
2018-02-09 08:33:22,722 seq2seq.trainer.supervised_trainer INFO     Progress: 5%, Train Perplexity: 1.1600
2018-02-09 08:33:33,926 seq2seq.trainer.supervised_trainer INFO     Finished epoch 4: Train Perplexity: 1.3061, Dev Perplexity: 1.3072, Accuracy: 0.9271, Sequence Accuracy: 0.6327, Variance: 0.0544
2018-02-09 08:33:33,926 seq2seq.trainer.supervised_trainer DEBUG    Epoch: 5, Step: 460
2018-02-09 08:33:46,476 seq2seq.trainer.supervised_trainer INFO     Progress: 5%, Train Perplexity: 1.2823
2018-02-09 08:34:01,583 seq2seq.trainer.supervised_trainer INFO     Progress: 6%, Train Perplexity: 1.4859
2018-02-09 08:34:15,642 seq2seq.trainer.supervised_trainer INFO     Progress: 6%, Train Perplexity: 1.3050
2018-02-09 08:34:40,870 seq2seq.trainer.supervised_trainer INFO     Progress: 6%, Train Perplexity: 1.2328
2018-02-09 08:34:54,683 seq2seq.trainer.supervised_trainer INFO     Progress: 6%, Train Perplexity: 1.1765
2018-02-09 08:35:16,241 seq2seq.trainer.supervised_trainer INFO     Finished epoch 5: Train Perplexity: 1.2803, Dev Perplexity: 1.3038, Accuracy: 0.9258, Sequence Accuracy: 0.5662, Variance: 0.0541
2018-02-09 08:35:16,241 seq2seq.trainer.supervised_trainer DEBUG    Epoch: 6, Step: 575
2018-02-09 08:35:19,221 seq2seq.trainer.supervised_trainer INFO     Progress: 7%, Train Perplexity: 1.2140
2018-02-09 08:35:32,697 seq2seq.trainer.supervised_trainer INFO     Progress: 7%, Train Perplexity: 1.2966
2018-02-09 08:35:47,930 seq2seq.trainer.supervised_trainer INFO     Progress: 7%, Train Perplexity: 1.4245
2018-02-09 08:36:02,310 seq2seq.trainer.supervised_trainer INFO     Progress: 7%, Train Perplexity: 1.3314
2018-02-09 08:36:16,713 seq2seq.trainer.supervised_trainer INFO     Progress: 8%, Train Perplexity: 1.2807
2018-02-09 08:36:39,651 seq2seq.trainer.supervised_trainer INFO     Progress: 8%, Train Perplexity: 1.1660
2018-02-09 08:36:58,398 seq2seq.trainer.supervised_trainer INFO     Finished epoch 6: Train Perplexity: 1.2929, Dev Perplexity: 1.2154, Accuracy: 0.9416, Sequence Accuracy: 0.6490, Variance: 0.0507
2018-02-09 08:36:58,398 seq2seq.trainer.supervised_trainer DEBUG    Epoch: 7, Step: 690
2018-02-09 08:37:05,555 seq2seq.trainer.supervised_trainer INFO     Progress: 8%, Train Perplexity: 1.1896
2018-02-09 08:37:19,379 seq2seq.trainer.supervised_trainer INFO     Progress: 8%, Train Perplexity: 1.3732
2018-02-09 08:37:33,297 seq2seq.trainer.supervised_trainer INFO     Progress: 9%, Train Perplexity: 1.2725
2018-02-09 08:37:47,564 seq2seq.trainer.supervised_trainer INFO     Progress: 9%, Train Perplexity: 1.2836
2018-02-09 08:38:00,664 seq2seq.trainer.supervised_trainer INFO     Progress: 9%, Train Perplexity: 1.1942
2018-02-09 08:38:26,030 seq2seq.trainer.supervised_trainer INFO     Progress: 9%, Train Perplexity: 1.1722
2018-02-09 08:38:40,562 seq2seq.trainer.supervised_trainer INFO     Finished epoch 7: Train Perplexity: 1.2462, Dev Perplexity: 1.1432, Accuracy: 0.9605, Sequence Accuracy: 0.7480, Variance: 0.0505
2018-02-09 08:38:40,562 seq2seq.trainer.supervised_trainer DEBUG    Epoch: 8, Step: 805
2018-02-09 08:38:50,816 seq2seq.trainer.supervised_trainer INFO     Progress: 10%, Train Perplexity: 1.2129
2018-02-09 08:39:02,284 seq2seq.trainer.supervised_trainer INFO     Progress: 10%, Train Perplexity: 1.1604
2018-02-09 08:39:16,792 seq2seq.trainer.supervised_trainer INFO     Progress: 10%, Train Perplexity: 1.1839
2018-02-09 08:39:31,870 seq2seq.trainer.supervised_trainer INFO     Progress: 10%, Train Perplexity: 1.1807
2018-02-09 08:39:46,277 seq2seq.trainer.supervised_trainer INFO     Progress: 11%, Train Perplexity: 1.1704
2018-02-09 08:40:00,797 seq2seq.trainer.supervised_trainer INFO     Progress: 11%, Train Perplexity: 1.1821
2018-02-09 08:40:12,046 seq2seq.trainer.supervised_trainer INFO     Finished epoch 8: Train Perplexity: 1.1843, Dev Perplexity: 1.1882, Accuracy: 0.9520, Sequence Accuracy: 0.7217, Variance: 0.0467
2018-02-09 08:40:12,046 seq2seq.trainer.supervised_trainer DEBUG    Epoch: 9, Step: 920
2018-02-09 08:40:38,158 seq2seq.trainer.supervised_trainer INFO     Progress: 11%, Train Perplexity: 1.1145
2018-02-09 08:40:50,515 seq2seq.trainer.supervised_trainer INFO     Progress: 11%, Train Perplexity: 1.1520
2018-02-09 08:41:03,966 seq2seq.trainer.supervised_trainer INFO     Progress: 12%, Train Perplexity: 1.1887
2018-02-09 08:41:18,136 seq2seq.trainer.supervised_trainer INFO     Progress: 12%, Train Perplexity: 1.1101
2018-02-09 08:41:32,337 seq2seq.trainer.supervised_trainer INFO     Progress: 12%, Train Perplexity: 1.1214
2018-02-09 08:41:53,682 seq2seq.trainer.supervised_trainer INFO     Finished epoch 9: Train Perplexity: 1.1412, Dev Perplexity: 1.1217, Accuracy: 0.9631, Sequence Accuracy: 0.7293, Variance: 0.0507
2018-02-09 08:41:53,682 seq2seq.trainer.supervised_trainer DEBUG    Epoch: 10, Step: 1035
2018-02-09 08:41:58,057 seq2seq.trainer.supervised_trainer INFO     Progress: 12%, Train Perplexity: 1.1766
2018-02-09 08:42:12,871 seq2seq.trainer.supervised_trainer INFO     Progress: 13%, Train Perplexity: 1.1183
2018-02-09 08:42:36,648 seq2seq.trainer.supervised_trainer INFO     Progress: 13%, Train Perplexity: 1.0743
2018-02-09 08:42:50,365 seq2seq.trainer.supervised_trainer INFO     Progress: 13%, Train Perplexity: 1.0764
2018-02-09 08:43:03,980 seq2seq.trainer.supervised_trainer INFO     Progress: 13%, Train Perplexity: 1.1129
2018-02-09 08:43:18,030 seq2seq.trainer.supervised_trainer INFO     Progress: 14%, Train Perplexity: 1.0973
2018-02-09 08:43:35,074 seq2seq.trainer.supervised_trainer INFO     Finished epoch 10: Train Perplexity: 1.0957, Dev Perplexity: 1.0919, Accuracy: 0.9748, Sequence Accuracy: 0.8742, Variance: 0.0483
2018-02-09 08:43:35,074 seq2seq.trainer.supervised_trainer DEBUG    Epoch: 11, Step: 1150
2018-02-09 08:43:42,394 seq2seq.trainer.supervised_trainer INFO     Progress: 14%, Train Perplexity: 1.0603
2018-02-09 08:43:56,965 seq2seq.trainer.supervised_trainer INFO     Progress: 14%, Train Perplexity: 1.1414
2018-02-09 08:44:21,829 seq2seq.trainer.supervised_trainer INFO     Progress: 14%, Train Perplexity: 1.0826
2018-02-09 08:44:34,110 seq2seq.trainer.supervised_trainer INFO     Progress: 15%, Train Perplexity: 1.0525
2018-02-09 08:44:49,179 seq2seq.trainer.supervised_trainer INFO     Progress: 15%, Train Perplexity: 1.1758
2018-02-09 08:45:02,088 seq2seq.trainer.supervised_trainer INFO     Progress: 15%, Train Perplexity: 1.1241
2018-02-09 08:45:16,345 seq2seq.trainer.supervised_trainer INFO     Finished epoch 11: Train Perplexity: 1.1096, Dev Perplexity: 1.1915, Accuracy: 0.9440, Sequence Accuracy: 0.6805, Variance: 0.0470
2018-02-09 08:45:16,345 seq2seq.trainer.supervised_trainer DEBUG    Epoch: 12, Step: 1265
2018-02-09 08:45:27,251 seq2seq.trainer.supervised_trainer INFO     Progress: 15%, Train Perplexity: 1.1153
2018-02-09 08:45:41,828 seq2seq.trainer.supervised_trainer INFO     Progress: 16%, Train Perplexity: 1.1293
2018-02-09 08:45:55,886 seq2seq.trainer.supervised_trainer INFO     Progress: 16%, Train Perplexity: 1.1082
2018-02-09 08:46:21,024 seq2seq.trainer.supervised_trainer INFO     Progress: 16%, Train Perplexity: 1.0966
2018-02-09 08:46:33,993 seq2seq.trainer.supervised_trainer INFO     Progress: 16%, Train Perplexity: 1.0693
2018-02-09 08:46:46,748 seq2seq.trainer.supervised_trainer INFO     Progress: 17%, Train Perplexity: 1.2337
2018-02-09 08:46:58,072 seq2seq.trainer.supervised_trainer INFO     Finished epoch 12: Train Perplexity: 1.1286, Dev Perplexity: 1.7728, Accuracy: 0.8666, Sequence Accuracy: 0.3969, Variance: 0.0393
2018-02-09 08:46:58,072 seq2seq.trainer.supervised_trainer DEBUG    Epoch: 13, Step: 1380
2018-02-09 08:47:12,408 seq2seq.trainer.supervised_trainer INFO     Progress: 17%, Train Perplexity: 1.3856
2018-02-09 08:47:25,401 seq2seq.trainer.supervised_trainer INFO     Progress: 17%, Train Perplexity: 1.1191
2018-02-09 08:47:39,691 seq2seq.trainer.supervised_trainer INFO     Progress: 17%, Train Perplexity: 1.0948
2018-02-09 08:47:54,816 seq2seq.trainer.supervised_trainer INFO     Progress: 18%, Train Perplexity: 1.1370
2018-02-09 08:48:19,139 seq2seq.trainer.supervised_trainer INFO     Progress: 18%, Train Perplexity: 1.0935
2018-02-09 08:48:40,279 seq2seq.trainer.supervised_trainer INFO     Finished epoch 13: Train Perplexity: 1.1553, Dev Perplexity: 1.2010, Accuracy: 0.9512, Sequence Accuracy: 0.6547, Variance: 0.0502
2018-02-09 08:48:40,280 seq2seq.trainer.supervised_trainer DEBUG    Epoch: 14, Step: 1495
2018-02-09 08:48:43,409 seq2seq.trainer.supervised_trainer INFO     Progress: 18%, Train Perplexity: 1.0831
2018-02-09 08:48:56,528 seq2seq.trainer.supervised_trainer INFO     Progress: 18%, Train Perplexity: 1.1053
2018-02-09 08:49:11,620 seq2seq.trainer.supervised_trainer INFO     Progress: 19%, Train Perplexity: 1.0921
2018-02-09 08:49:25,955 seq2seq.trainer.supervised_trainer INFO     Progress: 19%, Train Perplexity: 1.1010
2018-02-09 08:49:39,119 seq2seq.trainer.supervised_trainer INFO     Progress: 19%, Train Perplexity: 1.1627
2018-02-09 08:50:05,317 seq2seq.trainer.supervised_trainer INFO     Progress: 19%, Train Perplexity: 1.1730
2018-02-09 08:50:23,592 seq2seq.trainer.supervised_trainer INFO     Finished epoch 14: Train Perplexity: 1.1189, Dev Perplexity: 1.0734, Accuracy: 0.9790, Sequence Accuracy: 0.8403, Variance: 0.0455
2018-02-09 08:50:23,593 seq2seq.trainer.supervised_trainer DEBUG    Epoch: 15, Step: 1610
2018-02-09 08:50:31,870 seq2seq.trainer.supervised_trainer INFO     Progress: 20%, Train Perplexity: 1.0744
2018-02-09 08:50:46,747 seq2seq.trainer.supervised_trainer INFO     Progress: 20%, Train Perplexity: 1.0678
2018-02-09 08:50:58,790 seq2seq.trainer.supervised_trainer INFO     Progress: 20%, Train Perplexity: 1.0727
2018-02-09 08:51:12,493 seq2seq.trainer.supervised_trainer INFO     Progress: 20%, Train Perplexity: 1.0543
2018-02-09 08:51:26,888 seq2seq.trainer.supervised_trainer INFO     Progress: 21%, Train Perplexity: 1.0969
2018-02-09 08:51:40,379 seq2seq.trainer.supervised_trainer INFO     Progress: 21%, Train Perplexity: 1.0975
2018-02-09 08:51:55,391 seq2seq.trainer.supervised_trainer INFO     Finished epoch 15: Train Perplexity: 1.0953, Dev Perplexity: 1.5500, Accuracy: 0.9116, Sequence Accuracy: 0.3089, Variance: 0.0500
2018-02-09 08:51:55,392 seq2seq.trainer.supervised_trainer DEBUG    Epoch: 16, Step: 1725
2018-02-09 08:52:16,534 seq2seq.trainer.supervised_trainer INFO     Progress: 21%, Train Perplexity: 1.2512
2018-02-09 08:52:30,584 seq2seq.trainer.supervised_trainer INFO     Progress: 21%, Train Perplexity: 1.0794
2018-02-09 08:52:44,294 seq2seq.trainer.supervised_trainer INFO     Progress: 22%, Train Perplexity: 1.1005
2018-02-09 08:52:57,347 seq2seq.trainer.supervised_trainer INFO     Progress: 22%, Train Perplexity: 1.0510
2018-02-09 08:53:11,305 seq2seq.trainer.supervised_trainer INFO     Progress: 22%, Train Perplexity: 1.0752
2018-02-09 08:53:23,874 seq2seq.trainer.supervised_trainer INFO     Progress: 22%, Train Perplexity: 1.0368
2018-02-09 08:53:35,325 seq2seq.trainer.supervised_trainer INFO     Finished epoch 16: Train Perplexity: 1.0835, Dev Perplexity: 1.1061, Accuracy: 0.9736, Sequence Accuracy: 0.8216, Variance: 0.0472
2018-02-09 08:53:35,325 seq2seq.trainer.supervised_trainer DEBUG    Epoch: 17, Step: 1840
2018-02-09 08:53:49,248 seq2seq.trainer.supervised_trainer INFO     Progress: 23%, Train Perplexity: 1.0964
2018-02-09 08:54:16,097 seq2seq.trainer.supervised_trainer INFO     Progress: 23%, Train Perplexity: 1.0351
2018-02-09 08:54:32,101 seq2seq.trainer.supervised_trainer INFO     Progress: 23%, Train Perplexity: 1.0434
2018-02-09 08:54:47,243 seq2seq.trainer.supervised_trainer INFO     Progress: 23%, Train Perplexity: 1.0826
2018-02-09 08:55:01,923 seq2seq.trainer.supervised_trainer INFO     Progress: 24%, Train Perplexity: 1.1010
2018-02-09 08:55:24,337 seq2seq.trainer.supervised_trainer INFO     Finished epoch 17: Train Perplexity: 1.0697, Dev Perplexity: 1.0673, Accuracy: 0.9811, Sequence Accuracy: 0.8718, Variance: 0.0469
2018-02-09 08:55:24,338 seq2seq.trainer.supervised_trainer DEBUG    Epoch: 18, Step: 1955
2018-02-09 08:55:27,995 seq2seq.trainer.supervised_trainer INFO     Progress: 24%, Train Perplexity: 1.0618
2018-02-09 08:55:40,680 seq2seq.trainer.supervised_trainer INFO     Progress: 24%, Train Perplexity: 1.1664
2018-02-09 08:56:09,006 seq2seq.trainer.supervised_trainer INFO     Progress: 24%, Train Perplexity: 1.0840
2018-02-09 08:56:23,731 seq2seq.trainer.supervised_trainer INFO     Progress: 25%, Train Perplexity: 1.0412
2018-02-09 08:56:38,281 seq2seq.trainer.supervised_trainer INFO     Progress: 25%, Train Perplexity: 1.0473
2018-02-09 08:56:54,467 seq2seq.trainer.supervised_trainer INFO     Progress: 25%, Train Perplexity: 1.0868
2018-02-09 08:57:13,208 seq2seq.trainer.supervised_trainer INFO     Finished epoch 18: Train Perplexity: 1.0822, Dev Perplexity: 1.1570, Accuracy: 0.9682, Sequence Accuracy: 0.9249, Variance: 0.0456
2018-02-09 08:57:13,230 seq2seq.trainer.supervised_trainer DEBUG    Epoch: 19, Step: 2070
2018-02-09 08:57:20,691 seq2seq.trainer.supervised_trainer INFO     Progress: 25%, Train Perplexity: 1.0731
2018-02-09 08:57:37,272 seq2seq.trainer.supervised_trainer INFO     Progress: 26%, Train Perplexity: 1.0727
2018-02-09 08:57:51,614 seq2seq.trainer.supervised_trainer INFO     Progress: 26%, Train Perplexity: 1.1192
2018-02-09 08:58:16,087 seq2seq.trainer.supervised_trainer INFO     Progress: 26%, Train Perplexity: 1.1186
2018-02-09 08:58:29,020 seq2seq.trainer.supervised_trainer INFO     Progress: 26%, Train Perplexity: 1.0414
2018-02-09 08:58:43,829 seq2seq.trainer.supervised_trainer INFO     Progress: 27%, Train Perplexity: 1.0819
2018-02-09 08:58:58,494 seq2seq.trainer.supervised_trainer INFO     Finished epoch 19: Train Perplexity: 1.0847, Dev Perplexity: 1.1019, Accuracy: 0.9663, Sequence Accuracy: 0.7183, Variance: 0.0464
2018-02-09 08:58:58,494 seq2seq.trainer.supervised_trainer DEBUG    Epoch: 20, Step: 2185
2018-02-09 08:59:10,605 seq2seq.trainer.supervised_trainer INFO     Progress: 27%, Train Perplexity: 1.1224
2018-02-09 08:59:26,168 seq2seq.trainer.supervised_trainer INFO     Progress: 27%, Train Perplexity: 1.0664
2018-02-09 08:59:40,302 seq2seq.trainer.supervised_trainer INFO     Progress: 27%, Train Perplexity: 1.0574
2018-02-09 08:59:56,611 seq2seq.trainer.supervised_trainer INFO     Progress: 28%, Train Perplexity: 1.0587
2018-02-09 09:00:31,354 seq2seq.trainer.supervised_trainer INFO     Progress: 28%, Train Perplexity: 1.0248
2018-02-09 09:01:00,780 seq2seq.trainer.supervised_trainer INFO     Progress: 28%, Train Perplexity: 1.0770
2018-02-09 09:01:23,641 seq2seq.trainer.supervised_trainer INFO     Finished epoch 20: Train Perplexity: 1.0694, Dev Perplexity: 1.0325, Accuracy: 0.9890, Sequence Accuracy: 0.9426, Variance: 0.0476
2018-02-09 09:01:23,641 seq2seq.trainer.supervised_trainer DEBUG    Epoch: 21, Step: 2300
2018-02-09 09:01:50,200 seq2seq.trainer.supervised_trainer INFO     Progress: 28%, Train Perplexity: 1.0447
2018-02-09 09:02:10,112 seq2seq.trainer.supervised_trainer INFO     Progress: 29%, Train Perplexity: 1.0691
2018-02-09 09:02:31,775 seq2seq.trainer.supervised_trainer INFO     Progress: 29%, Train Perplexity: 1.0884
2018-02-09 09:02:47,213 seq2seq.trainer.supervised_trainer INFO     Progress: 29%, Train Perplexity: 1.2018
2018-02-09 09:03:19,538 seq2seq.trainer.supervised_trainer INFO     Progress: 29%, Train Perplexity: 1.0401
2018-02-09 09:03:45,662 seq2seq.trainer.supervised_trainer INFO     Finished epoch 21: Train Perplexity: 1.0836, Dev Perplexity: 1.0550, Accuracy: 0.9850, Sequence Accuracy: 0.9421, Variance: 0.0474
2018-02-09 09:03:45,662 seq2seq.trainer.supervised_trainer DEBUG    Epoch: 22, Step: 2415
2018-02-09 09:03:50,506 seq2seq.trainer.supervised_trainer INFO     Progress: 30%, Train Perplexity: 1.0525
2018-02-09 09:04:09,590 seq2seq.trainer.supervised_trainer INFO     Progress: 30%, Train Perplexity: 1.0365
2018-02-09 09:04:24,863 seq2seq.trainer.supervised_trainer INFO     Progress: 30%, Train Perplexity: 1.0476
2018-02-09 09:04:41,760 seq2seq.trainer.supervised_trainer INFO     Progress: 30%, Train Perplexity: 1.0605
2018-02-09 09:04:57,465 seq2seq.trainer.supervised_trainer INFO     Progress: 31%, Train Perplexity: 1.1135
2018-02-09 09:05:13,646 seq2seq.trainer.supervised_trainer INFO     Progress: 31%, Train Perplexity: 1.0670
2018-02-09 09:05:48,041 seq2seq.trainer.supervised_trainer INFO     Finished epoch 22: Train Perplexity: 1.0637, Dev Perplexity: 1.0387, Accuracy: 0.9868, Sequence Accuracy: 0.8737, Variance: 0.0412
2018-02-09 09:05:48,041 seq2seq.trainer.supervised_trainer DEBUG    Epoch: 23, Step: 2530
2018-02-09 09:05:55,948 seq2seq.trainer.supervised_trainer INFO     Progress: 31%, Train Perplexity: 1.0367
2018-02-09 09:06:09,884 seq2seq.trainer.supervised_trainer INFO     Progress: 31%, Train Perplexity: 1.0256
2018-02-09 09:06:26,144 seq2seq.trainer.supervised_trainer INFO     Progress: 32%, Train Perplexity: 1.0412
2018-02-09 09:06:43,287 seq2seq.trainer.supervised_trainer INFO     Progress: 32%, Train Perplexity: 1.0585
2018-02-09 09:06:59,567 seq2seq.trainer.supervised_trainer INFO     Progress: 32%, Train Perplexity: 1.0349
2018-02-09 09:07:13,910 seq2seq.trainer.supervised_trainer INFO     Progress: 32%, Train Perplexity: 1.0202
2018-02-09 09:07:29,609 seq2seq.trainer.supervised_trainer INFO     Finished epoch 23: Train Perplexity: 1.0342, Dev Perplexity: 1.0578, Accuracy: 0.9811, Sequence Accuracy: 0.8489, Variance: 0.0453
2018-02-09 09:07:29,609 seq2seq.trainer.supervised_trainer DEBUG    Epoch: 24, Step: 2645
2018-02-09 09:07:40,075 seq2seq.trainer.supervised_trainer INFO     Progress: 33%, Train Perplexity: 1.0515
2018-02-09 09:08:07,846 seq2seq.trainer.supervised_trainer INFO     Progress: 33%, Train Perplexity: 1.0536
2018-02-09 09:08:21,516 seq2seq.trainer.supervised_trainer INFO     Progress: 33%, Train Perplexity: 1.0343
2018-02-09 09:08:34,046 seq2seq.trainer.supervised_trainer INFO     Progress: 33%, Train Perplexity: 1.0136
2018-02-09 09:08:50,849 seq2seq.trainer.supervised_trainer INFO     Progress: 34%, Train Perplexity: 1.0273
2018-02-09 09:09:07,440 seq2seq.trainer.supervised_trainer INFO     Progress: 34%, Train Perplexity: 1.0352
2018-02-09 09:09:20,019 seq2seq.trainer.supervised_trainer INFO     Finished epoch 24: Train Perplexity: 1.0366, Dev Perplexity: 1.0396, Accuracy: 0.9854, Sequence Accuracy: 0.8847, Variance: 0.0456
2018-02-09 09:09:20,019 seq2seq.trainer.supervised_trainer DEBUG    Epoch: 25, Step: 2760
2018-02-09 09:09:36,572 seq2seq.trainer.supervised_trainer INFO     Progress: 34%, Train Perplexity: 1.0364
2018-02-09 09:10:03,523 seq2seq.trainer.supervised_trainer INFO     Progress: 34%, Train Perplexity: 1.0166
2018-02-09 09:10:18,909 seq2seq.trainer.supervised_trainer INFO     Progress: 35%, Train Perplexity: 1.0304
2018-02-09 09:10:32,527 seq2seq.trainer.supervised_trainer INFO     Progress: 35%, Train Perplexity: 1.0297
2018-02-09 09:10:46,169 seq2seq.trainer.supervised_trainer INFO     Progress: 35%, Train Perplexity: 1.0246
2018-02-09 09:11:07,417 seq2seq.trainer.supervised_trainer INFO     Finished epoch 25: Train Perplexity: 1.0297, Dev Perplexity: 1.0860, Accuracy: 0.9844, Sequence Accuracy: 0.9307, Variance: 0.0472
2018-02-09 09:11:07,417 seq2seq.trainer.supervised_trainer DEBUG    Epoch: 26, Step: 2875
2018-02-09 09:11:10,941 seq2seq.trainer.supervised_trainer INFO     Progress: 35%, Train Perplexity: 1.0390
2018-02-09 09:11:25,682 seq2seq.trainer.supervised_trainer INFO     Progress: 36%, Train Perplexity: 1.0320
2018-02-09 09:11:39,571 seq2seq.trainer.supervised_trainer INFO     Progress: 36%, Train Perplexity: 1.0378
2018-02-09 09:12:08,661 seq2seq.trainer.supervised_trainer INFO     Progress: 36%, Train Perplexity: 1.0190
2018-02-09 09:12:26,049 seq2seq.trainer.supervised_trainer INFO     Progress: 36%, Train Perplexity: 1.0110
2018-02-09 09:12:41,774 seq2seq.trainer.supervised_trainer INFO     Progress: 37%, Train Perplexity: 1.0110
2018-02-09 09:13:01,889 seq2seq.trainer.supervised_trainer INFO     Finished epoch 26: Train Perplexity: 1.0220, Dev Perplexity: 1.0405, Accuracy: 0.9894, Sequence Accuracy: 0.9369, Variance: 0.0464
2018-02-09 09:13:01,889 seq2seq.trainer.supervised_trainer DEBUG    Epoch: 27, Step: 2990
2018-02-09 09:13:09,514 seq2seq.trainer.supervised_trainer INFO     Progress: 37%, Train Perplexity: 1.0252
2018-02-09 09:13:23,422 seq2seq.trainer.supervised_trainer INFO     Progress: 37%, Train Perplexity: 1.0153
2018-02-09 09:13:39,054 seq2seq.trainer.supervised_trainer INFO     Progress: 37%, Train Perplexity: 1.0280
2018-02-09 09:14:06,294 seq2seq.trainer.supervised_trainer INFO     Progress: 38%, Train Perplexity: 1.0163
2018-02-09 09:14:18,691 seq2seq.trainer.supervised_trainer INFO     Progress: 38%, Train Perplexity: 1.0079
2018-02-09 09:14:31,523 seq2seq.trainer.supervised_trainer INFO     Progress: 38%, Train Perplexity: 1.0151
2018-02-09 09:14:46,651 seq2seq.trainer.supervised_trainer INFO     Finished epoch 27: Train Perplexity: 1.0189, Dev Perplexity: 1.0751, Accuracy: 0.9811, Sequence Accuracy: 0.8068, Variance: 0.0476
2018-02-09 09:14:46,652 seq2seq.trainer.supervised_trainer DEBUG    Epoch: 28, Step: 3105
2018-02-09 09:14:55,817 seq2seq.trainer.supervised_trainer INFO     Progress: 38%, Train Perplexity: 1.0319
2018-02-09 09:15:09,624 seq2seq.trainer.supervised_trainer INFO     Progress: 39%, Train Perplexity: 1.0304
2018-02-09 09:15:23,319 seq2seq.trainer.supervised_trainer INFO     Progress: 39%, Train Perplexity: 1.0292
2018-02-09 09:15:38,434 seq2seq.trainer.supervised_trainer INFO     Progress: 39%, Train Perplexity: 1.0274
2018-02-09 09:16:04,019 seq2seq.trainer.supervised_trainer INFO     Progress: 39%, Train Perplexity: 1.0460
2018-02-09 09:16:18,497 seq2seq.trainer.supervised_trainer INFO     Progress: 40%, Train Perplexity: 1.0365
2018-02-09 09:16:30,127 seq2seq.trainer.supervised_trainer INFO     Finished epoch 28: Train Perplexity: 1.0331, Dev Perplexity: 1.0329, Accuracy: 0.9899, Sequence Accuracy: 0.8867, Variance: 0.0444
2018-02-09 09:16:30,127 seq2seq.trainer.supervised_trainer DEBUG    Epoch: 29, Step: 3220
2018-02-09 09:16:42,858 seq2seq.trainer.supervised_trainer INFO     Progress: 40%, Train Perplexity: 1.0139
2018-02-09 09:16:57,176 seq2seq.trainer.supervised_trainer INFO     Progress: 40%, Train Perplexity: 1.0208
2018-02-09 09:17:10,646 seq2seq.trainer.supervised_trainer INFO     Progress: 40%, Train Perplexity: 1.0106
2018-02-09 09:17:24,536 seq2seq.trainer.supervised_trainer INFO     Progress: 40%, Train Perplexity: 1.0856
2018-02-09 09:17:39,731 seq2seq.trainer.supervised_trainer INFO     Progress: 41%, Train Perplexity: 1.0268
2018-02-09 09:18:15,734 seq2seq.trainer.supervised_trainer INFO     Finished epoch 29: Train Perplexity: 1.0314, Dev Perplexity: 1.0362, Accuracy: 0.9876, Sequence Accuracy: 0.8661, Variance: 0.0455
2018-02-09 09:18:15,734 seq2seq.trainer.supervised_trainer DEBUG    Epoch: 30, Step: 3335
2018-02-09 09:18:19,823 seq2seq.trainer.supervised_trainer INFO     Progress: 41%, Train Perplexity: 1.0350
2018-02-09 09:18:35,600 seq2seq.trainer.supervised_trainer INFO     Progress: 41%, Train Perplexity: 1.0454
2018-02-09 09:18:52,901 seq2seq.trainer.supervised_trainer INFO     Progress: 41%, Train Perplexity: 1.0660
2018-02-09 09:19:06,915 seq2seq.trainer.supervised_trainer INFO     Progress: 42%, Train Perplexity: 1.0348
2018-02-09 09:19:20,805 seq2seq.trainer.supervised_trainer INFO     Progress: 42%, Train Perplexity: 1.0284
2018-02-09 09:19:36,804 seq2seq.trainer.supervised_trainer INFO     Progress: 42%, Train Perplexity: 1.0287
2018-02-09 09:19:55,560 seq2seq.trainer.supervised_trainer INFO     Finished epoch 30: Train Perplexity: 1.0389, Dev Perplexity: 1.0994, Accuracy: 0.9768, Sequence Accuracy: 0.7805, Variance: 0.0469
2018-02-09 09:19:55,560 seq2seq.trainer.supervised_trainer DEBUG    Epoch: 31, Step: 3450
2018-02-09 09:20:14,629 seq2seq.trainer.supervised_trainer INFO     Progress: 42%, Train Perplexity: 1.0311
2018-02-09 09:20:28,944 seq2seq.trainer.supervised_trainer INFO     Progress: 43%, Train Perplexity: 1.0323
2018-02-09 09:20:43,506 seq2seq.trainer.supervised_trainer INFO     Progress: 43%, Train Perplexity: 1.0064
2018-02-09 09:20:56,469 seq2seq.trainer.supervised_trainer INFO     Progress: 43%, Train Perplexity: 1.0222
2018-02-09 09:21:11,842 seq2seq.trainer.supervised_trainer INFO     Progress: 43%, Train Perplexity: 1.0497
2018-02-09 09:21:25,853 seq2seq.trainer.supervised_trainer INFO     Progress: 44%, Train Perplexity: 1.0353
2018-02-09 09:21:43,449 seq2seq.trainer.supervised_trainer INFO     Finished epoch 31: Train Perplexity: 1.0307, Dev Perplexity: 1.0214, Accuracy: 0.9916, Sequence Accuracy: 0.9110, Variance: 0.0476
2018-02-09 09:21:43,450 seq2seq.trainer.supervised_trainer DEBUG    Epoch: 32, Step: 3565
2018-02-09 09:21:55,239 seq2seq.trainer.supervised_trainer INFO     Progress: 44%, Train Perplexity: 1.0222
2018-02-09 09:22:21,759 seq2seq.trainer.supervised_trainer INFO     Progress: 44%, Train Perplexity: 1.0064
2018-02-09 09:22:35,525 seq2seq.trainer.supervised_trainer INFO     Progress: 44%, Train Perplexity: 1.0094
2018-02-09 09:22:50,403 seq2seq.trainer.supervised_trainer INFO     Progress: 45%, Train Perplexity: 1.0317
2018-02-09 09:23:05,260 seq2seq.trainer.supervised_trainer INFO     Progress: 45%, Train Perplexity: 1.0134
2018-02-09 09:23:19,463 seq2seq.trainer.supervised_trainer INFO     Progress: 45%, Train Perplexity: 1.0109
2018-02-09 09:23:31,385 seq2seq.trainer.supervised_trainer INFO     Finished epoch 32: Train Perplexity: 1.0150, Dev Perplexity: 1.0076, Accuracy: 0.9974, Sequence Accuracy: 0.9790, Variance: 0.0485
2018-02-09 09:23:31,385 seq2seq.trainer.supervised_trainer DEBUG    Epoch: 33, Step: 3680
2018-02-09 09:23:45,783 seq2seq.trainer.supervised_trainer INFO     Progress: 45%, Train Perplexity: 1.0328
2018-02-09 09:24:02,579 seq2seq.trainer.supervised_trainer INFO     Progress: 46%, Train Perplexity: 1.0259
2018-02-09 09:24:28,737 seq2seq.trainer.supervised_trainer INFO     Progress: 46%, Train Perplexity: 1.0080
2018-02-09 09:24:41,751 seq2seq.trainer.supervised_trainer INFO     Progress: 46%, Train Perplexity: 1.0100
2018-02-09 09:24:56,340 seq2seq.trainer.supervised_trainer INFO     Progress: 46%, Train Perplexity: 1.0142
2018-02-09 09:25:18,018 seq2seq.trainer.supervised_trainer INFO     Finished epoch 33: Train Perplexity: 1.0169, Dev Perplexity: 1.1330, Accuracy: 0.9841, Sequence Accuracy: 0.9589, Variance: 0.0502
2018-02-09 09:25:18,018 seq2seq.trainer.supervised_trainer DEBUG    Epoch: 34, Step: 3795
2018-02-09 09:25:21,579 seq2seq.trainer.supervised_trainer INFO     Progress: 47%, Train Perplexity: 1.0117
2018-02-09 09:25:37,213 seq2seq.trainer.supervised_trainer INFO     Progress: 47%, Train Perplexity: 1.0048
2018-02-09 09:25:51,252 seq2seq.trainer.supervised_trainer INFO     Progress: 47%, Train Perplexity: 1.0127
2018-02-09 09:26:16,524 seq2seq.trainer.supervised_trainer INFO     Progress: 47%, Train Perplexity: 1.0227
2018-02-09 09:26:29,866 seq2seq.trainer.supervised_trainer INFO     Progress: 48%, Train Perplexity: 1.0052
2018-02-09 09:26:43,248 seq2seq.trainer.supervised_trainer INFO     Progress: 48%, Train Perplexity: 1.0071
2018-02-09 09:27:01,382 seq2seq.trainer.supervised_trainer INFO     Finished epoch 34: Train Perplexity: 1.0106, Dev Perplexity: 1.0041, Accuracy: 0.9985, Sequence Accuracy: 0.9871, Variance: 0.0436
2018-02-09 09:27:01,383 seq2seq.trainer.supervised_trainer DEBUG    Epoch: 35, Step: 3910
2018-02-09 09:27:08,312 seq2seq.trainer.supervised_trainer INFO     Progress: 48%, Train Perplexity: 1.0093
2018-02-09 09:27:23,684 seq2seq.trainer.supervised_trainer INFO     Progress: 48%, Train Perplexity: 1.0137
2018-02-09 09:27:37,891 seq2seq.trainer.supervised_trainer INFO     Progress: 49%, Train Perplexity: 1.0081
2018-02-09 09:27:51,908 seq2seq.trainer.supervised_trainer INFO     Progress: 49%, Train Perplexity: 1.0137
2018-02-09 10:07:30,138 seq2seq.trainer.supervised_trainer INFO     Progress: 49%, Train Perplexity: 1.0066
2018-02-09 10:07:45,301 seq2seq.trainer.supervised_trainer INFO     Progress: 49%, Train Perplexity: 1.0055
2018-02-09 10:07:59,934 seq2seq.trainer.supervised_trainer INFO     Finished epoch 35: Train Perplexity: 1.0095, Dev Perplexity: 1.0030, Accuracy: 0.9990, Sequence Accuracy: 0.9876, Variance: 0.0470
2018-02-09 10:07:59,934 seq2seq.trainer.supervised_trainer DEBUG    Epoch: 36, Step: 4025
2018-02-09 10:08:12,832 seq2seq.trainer.supervised_trainer INFO     Progress: 50%, Train Perplexity: 1.0032
2018-02-09 10:08:25,544 seq2seq.trainer.supervised_trainer INFO     Progress: 50%, Train Perplexity: 1.0091
2018-02-09 10:08:41,847 seq2seq.trainer.supervised_trainer INFO     Progress: 50%, Train Perplexity: 1.0089
2018-02-09 10:08:57,737 seq2seq.trainer.supervised_trainer INFO     Progress: 50%, Train Perplexity: 1.0158
2018-02-09 10:09:11,814 seq2seq.trainer.supervised_trainer INFO     Progress: 51%, Train Perplexity: 1.0118
2018-02-09 10:09:39,020 seq2seq.trainer.supervised_trainer INFO     Progress: 51%, Train Perplexity: 1.0105
2018-02-09 10:09:50,565 seq2seq.trainer.supervised_trainer INFO     Finished epoch 36: Train Perplexity: 1.0102, Dev Perplexity: 1.0180, Accuracy: 0.9939, Sequence Accuracy: 0.9632, Variance: 0.0470
2018-02-09 10:09:50,565 seq2seq.trainer.supervised_trainer DEBUG    Epoch: 37, Step: 4140
2018-02-09 10:10:04,021 seq2seq.trainer.supervised_trainer INFO     Progress: 51%, Train Perplexity: 1.0182
2018-02-09 10:10:19,569 seq2seq.trainer.supervised_trainer INFO     Progress: 51%, Train Perplexity: 1.0121
2018-02-09 10:10:32,582 seq2seq.trainer.supervised_trainer INFO     Progress: 52%, Train Perplexity: 1.0199
2018-02-09 10:10:48,293 seq2seq.trainer.supervised_trainer INFO     Progress: 52%, Train Perplexity: 1.0283
2018-02-09 10:11:01,934 seq2seq.trainer.supervised_trainer INFO     Progress: 52%, Train Perplexity: 1.0096
2018-02-09 10:11:25,466 seq2seq.trainer.supervised_trainer INFO     Finished epoch 37: Train Perplexity: 1.0166, Dev Perplexity: 1.0060, Accuracy: 0.9975, Sequence Accuracy: 0.9699, Variance: 0.0462
2018-02-09 10:11:25,466 seq2seq.trainer.supervised_trainer DEBUG    Epoch: 38, Step: 4255
2018-02-09 10:11:41,883 seq2seq.trainer.supervised_trainer INFO     Progress: 52%, Train Perplexity: 1.0078
2018-02-09 10:11:57,181 seq2seq.trainer.supervised_trainer INFO     Progress: 53%, Train Perplexity: 1.0074
2018-02-09 10:12:11,191 seq2seq.trainer.supervised_trainer INFO     Progress: 53%, Train Perplexity: 1.0171
2018-02-09 10:12:25,700 seq2seq.trainer.supervised_trainer INFO     Progress: 53%, Train Perplexity: 1.0117
2018-02-09 10:12:40,006 seq2seq.trainer.supervised_trainer INFO     Progress: 53%, Train Perplexity: 1.0183
2018-02-09 10:12:55,166 seq2seq.trainer.supervised_trainer INFO     Progress: 54%, Train Perplexity: 1.0028
2018-02-09 10:13:18,949 seq2seq.trainer.supervised_trainer INFO     Finished epoch 38: Train Perplexity: 1.0104, Dev Perplexity: 1.0028, Accuracy: 0.9991, Sequence Accuracy: 0.9957, Variance: 0.0496
2018-02-09 10:13:18,949 seq2seq.trainer.supervised_trainer DEBUG    Epoch: 39, Step: 4370
2018-02-09 10:13:27,196 seq2seq.trainer.supervised_trainer INFO     Progress: 54%, Train Perplexity: 1.0044
2018-02-09 10:13:57,163 seq2seq.trainer.supervised_trainer INFO     Progress: 54%, Train Perplexity: 1.0102
2018-02-09 10:14:11,382 seq2seq.trainer.supervised_trainer INFO     Progress: 54%, Train Perplexity: 1.0037
2018-02-09 10:14:28,206 seq2seq.trainer.supervised_trainer INFO     Progress: 55%, Train Perplexity: 1.0057
2018-02-09 10:14:44,770 seq2seq.trainer.supervised_trainer INFO     Progress: 55%, Train Perplexity: 1.0053
2018-02-09 10:15:01,103 seq2seq.trainer.supervised_trainer INFO     Progress: 55%, Train Perplexity: 1.0033
2018-02-09 10:15:18,205 seq2seq.trainer.supervised_trainer INFO     Finished epoch 39: Train Perplexity: 1.0054, Dev Perplexity: 1.0096, Accuracy: 0.9975, Sequence Accuracy: 0.9699, Variance: 0.0517
2018-02-09 10:15:18,205 seq2seq.trainer.supervised_trainer DEBUG    Epoch: 40, Step: 4485
2018-02-09 10:15:31,322 seq2seq.trainer.supervised_trainer INFO     Progress: 55%, Train Perplexity: 1.0035
2018-02-09 10:15:45,764 seq2seq.trainer.supervised_trainer INFO     Progress: 56%, Train Perplexity: 1.0039
2018-02-09 10:16:15,690 seq2seq.trainer.supervised_trainer INFO     Progress: 56%, Train Perplexity: 1.0198
2018-02-09 10:16:29,956 seq2seq.trainer.supervised_trainer INFO     Progress: 56%, Train Perplexity: 1.0037
2018-02-09 10:16:46,196 seq2seq.trainer.supervised_trainer INFO     Progress: 56%, Train Perplexity: 1.0205
2018-02-09 10:17:04,178 seq2seq.trainer.supervised_trainer INFO     Progress: 57%, Train Perplexity: 1.0115
2018-02-09 10:17:18,810 seq2seq.trainer.supervised_trainer INFO     Finished epoch 40: Train Perplexity: 1.0108, Dev Perplexity: 1.0045, Accuracy: 0.9985, Sequence Accuracy: 0.9813, Variance: 0.0557
2018-02-09 10:17:18,810 seq2seq.trainer.supervised_trainer DEBUG    Epoch: 41, Step: 4600
2018-02-09 10:17:33,949 seq2seq.trainer.supervised_trainer INFO     Progress: 57%, Train Perplexity: 1.0051
2018-02-09 10:17:54,301 seq2seq.trainer.supervised_trainer INFO     Progress: 57%, Train Perplexity: 1.0188
2018-02-09 10:18:24,384 seq2seq.trainer.supervised_trainer INFO     Progress: 57%, Train Perplexity: 1.0034
2018-02-09 10:18:40,246 seq2seq.trainer.supervised_trainer INFO     Progress: 58%, Train Perplexity: 1.0044
2018-02-09 10:18:54,861 seq2seq.trainer.supervised_trainer INFO     Progress: 58%, Train Perplexity: 1.0048
2018-02-09 10:19:22,324 seq2seq.trainer.supervised_trainer INFO     Finished epoch 41: Train Perplexity: 1.0075, Dev Perplexity: 1.0087, Accuracy: 0.9987, Sequence Accuracy: 0.9804, Variance: 0.0507
2018-02-09 10:19:22,325 seq2seq.trainer.supervised_trainer DEBUG    Epoch: 42, Step: 4715
2018-02-09 10:19:27,110 seq2seq.trainer.supervised_trainer INFO     Progress: 58%, Train Perplexity: 1.0113
2018-02-09 10:19:44,096 seq2seq.trainer.supervised_trainer INFO     Progress: 58%, Train Perplexity: 1.0062
2018-02-09 10:19:59,509 seq2seq.trainer.supervised_trainer INFO     Progress: 59%, Train Perplexity: 1.0406
2018-02-09 10:20:13,465 seq2seq.trainer.supervised_trainer INFO     Progress: 59%, Train Perplexity: 1.0144
2018-02-09 10:20:42,701 seq2seq.trainer.supervised_trainer INFO     Progress: 59%, Train Perplexity: 1.0038
2018-02-09 10:20:58,114 seq2seq.trainer.supervised_trainer INFO     Progress: 59%, Train Perplexity: 1.0119
2018-02-09 10:21:19,358 seq2seq.trainer.supervised_trainer INFO     Finished epoch 42: Train Perplexity: 1.0151, Dev Perplexity: 1.0005, Accuracy: 0.9999, Sequence Accuracy: 0.9981, Variance: 0.0508
2018-02-09 10:21:19,358 seq2seq.trainer.supervised_trainer DEBUG    Epoch: 43, Step: 4830
2018-02-09 10:21:26,444 seq2seq.trainer.supervised_trainer INFO     Progress: 60%, Train Perplexity: 1.0057
2018-02-09 10:21:44,075 seq2seq.trainer.supervised_trainer INFO     Progress: 60%, Train Perplexity: 1.0136
2018-02-09 10:21:59,921 seq2seq.trainer.supervised_trainer INFO     Progress: 60%, Train Perplexity: 1.0051
2018-02-09 10:22:17,546 seq2seq.trainer.supervised_trainer INFO     Progress: 60%, Train Perplexity: 1.0100
2018-02-09 10:22:34,168 seq2seq.trainer.supervised_trainer INFO     Progress: 61%, Train Perplexity: 1.0153
2018-02-09 10:23:00,197 seq2seq.trainer.supervised_trainer INFO     Progress: 61%, Train Perplexity: 1.0034
2018-02-09 10:23:16,693 seq2seq.trainer.supervised_trainer INFO     Finished epoch 43: Train Perplexity: 1.0085, Dev Perplexity: 1.0088, Accuracy: 0.9981, Sequence Accuracy: 0.9756, Variance: 0.0459
2018-02-09 10:23:16,693 seq2seq.trainer.supervised_trainer DEBUG    Epoch: 44, Step: 4945
2018-02-09 10:23:28,271 seq2seq.trainer.supervised_trainer INFO     Progress: 61%, Train Perplexity: 1.0090
2018-02-09 10:23:43,921 seq2seq.trainer.supervised_trainer INFO     Progress: 61%, Train Perplexity: 1.0149
2018-02-09 10:23:59,740 seq2seq.trainer.supervised_trainer INFO     Progress: 62%, Train Perplexity: 1.0072
2018-02-09 10:24:17,473 seq2seq.trainer.supervised_trainer INFO     Progress: 62%, Train Perplexity: 1.0046
2018-02-09 10:24:35,621 seq2seq.trainer.supervised_trainer INFO     Progress: 62%, Train Perplexity: 1.0127
2018-02-09 10:25:03,463 seq2seq.trainer.supervised_trainer INFO     Progress: 62%, Train Perplexity: 1.0097
2018-02-09 10:25:15,294 seq2seq.trainer.supervised_trainer INFO     Finished epoch 44: Train Perplexity: 1.0100, Dev Perplexity: 1.0047, Accuracy: 0.9987, Sequence Accuracy: 0.9919, Variance: 0.0479
2018-02-09 10:25:15,294 seq2seq.trainer.supervised_trainer DEBUG    Epoch: 45, Step: 5060
2018-02-09 10:25:31,803 seq2seq.trainer.supervised_trainer INFO     Progress: 63%, Train Perplexity: 1.0203
2018-02-09 10:25:44,314 seq2seq.trainer.supervised_trainer INFO     Progress: 63%, Train Perplexity: 1.0152
2018-02-09 10:26:03,983 seq2seq.trainer.supervised_trainer INFO     Progress: 63%, Train Perplexity: 1.0036
2018-02-09 10:26:19,662 seq2seq.trainer.supervised_trainer INFO     Progress: 63%, Train Perplexity: 1.0199
2018-02-09 10:26:35,132 seq2seq.trainer.supervised_trainer INFO     Progress: 64%, Train Perplexity: 1.0352
2018-02-09 10:26:57,406 seq2seq.trainer.supervised_trainer INFO     Finished epoch 45: Train Perplexity: 1.0170, Dev Perplexity: 1.0006, Accuracy: 1.0000, Sequence Accuracy: 1.0000, Variance: 0.0472
2018-02-09 10:26:57,406 seq2seq.trainer.supervised_trainer DEBUG    Epoch: 46, Step: 5175
2018-02-09 10:27:01,087 seq2seq.trainer.supervised_trainer INFO     Progress: 64%, Train Perplexity: 1.0041
2018-02-09 10:27:27,451 seq2seq.trainer.supervised_trainer INFO     Progress: 64%, Train Perplexity: 1.0028
2018-02-09 10:27:42,127 seq2seq.trainer.supervised_trainer INFO     Progress: 64%, Train Perplexity: 1.0009
2018-02-09 10:27:57,790 seq2seq.trainer.supervised_trainer INFO     Progress: 65%, Train Perplexity: 1.0008
2018-02-09 10:28:11,859 seq2seq.trainer.supervised_trainer INFO     Progress: 65%, Train Perplexity: 1.0160
2018-02-09 10:28:24,624 seq2seq.trainer.supervised_trainer INFO     Progress: 65%, Train Perplexity: 1.0082
2018-02-09 10:28:46,213 seq2seq.trainer.supervised_trainer INFO     Finished epoch 46: Train Perplexity: 1.0052, Dev Perplexity: 1.0021, Accuracy: 0.9995, Sequence Accuracy: 0.9947, Variance: 0.0487
2018-02-09 10:28:46,213 seq2seq.trainer.supervised_trainer DEBUG    Epoch: 47, Step: 5290
2018-02-09 10:28:53,418 seq2seq.trainer.supervised_trainer INFO     Progress: 65%, Train Perplexity: 1.0028
2018-02-09 10:29:08,822 seq2seq.trainer.supervised_trainer INFO     Progress: 66%, Train Perplexity: 1.0213
2018-02-09 10:29:34,747 seq2seq.trainer.supervised_trainer INFO     Progress: 66%, Train Perplexity: 1.0054
2018-02-09 10:29:48,488 seq2seq.trainer.supervised_trainer INFO     Progress: 66%, Train Perplexity: 1.0028
2018-02-09 10:30:03,709 seq2seq.trainer.supervised_trainer INFO     Progress: 66%, Train Perplexity: 1.0044
2018-02-09 10:30:18,415 seq2seq.trainer.supervised_trainer INFO     Progress: 67%, Train Perplexity: 1.0034
2018-02-09 10:30:33,818 seq2seq.trainer.supervised_trainer INFO     Finished epoch 47: Train Perplexity: 1.0069, Dev Perplexity: 1.0218, Accuracy: 0.9964, Sequence Accuracy: 0.9622, Variance: 0.0540
2018-02-09 10:30:33,818 seq2seq.trainer.supervised_trainer DEBUG    Epoch: 48, Step: 5405
2018-02-09 10:30:45,186 seq2seq.trainer.supervised_trainer INFO     Progress: 67%, Train Perplexity: 1.0156
2018-02-09 10:30:58,318 seq2seq.trainer.supervised_trainer INFO     Progress: 67%, Train Perplexity: 1.0027
2018-02-09 10:31:47,731 seq2seq.trainer.supervised_trainer INFO     Progress: 67%, Train Perplexity: 1.0101
2018-02-09 10:32:04,639 seq2seq.trainer.supervised_trainer INFO     Progress: 68%, Train Perplexity: 1.0015
2018-02-09 10:32:19,744 seq2seq.trainer.supervised_trainer INFO     Progress: 68%, Train Perplexity: 1.0129
2018-02-09 10:32:34,085 seq2seq.trainer.supervised_trainer INFO     Progress: 68%, Train Perplexity: 1.0062
2018-02-09 10:32:45,768 seq2seq.trainer.supervised_trainer INFO     Finished epoch 48: Train Perplexity: 1.0085, Dev Perplexity: 1.0018, Accuracy: 0.9994, Sequence Accuracy: 0.9904, Variance: 0.0485
2018-02-09 10:32:45,768 seq2seq.trainer.supervised_trainer DEBUG    Epoch: 49, Step: 5520
2018-02-09 10:33:01,613 seq2seq.trainer.supervised_trainer INFO     Progress: 68%, Train Perplexity: 1.0051
2018-02-09 10:33:18,958 seq2seq.trainer.supervised_trainer INFO     Progress: 69%, Train Perplexity: 1.0044
2018-02-09 10:33:33,343 seq2seq.trainer.supervised_trainer INFO     Progress: 69%, Train Perplexity: 1.0151
2018-02-09 10:34:04,846 seq2seq.trainer.supervised_trainer INFO     Progress: 69%, Train Perplexity: 1.0026
2018-02-09 10:34:21,629 seq2seq.trainer.supervised_trainer INFO     Progress: 69%, Train Perplexity: 1.0085
2018-02-09 10:34:47,407 seq2seq.trainer.supervised_trainer INFO     Finished epoch 49: Train Perplexity: 1.0076, Dev Perplexity: 1.0180, Accuracy: 0.9966, Sequence Accuracy: 0.9718, Variance: 0.0477
2018-02-09 10:34:47,407 seq2seq.trainer.supervised_trainer DEBUG    Epoch: 50, Step: 5635
2018-02-09 10:34:52,187 seq2seq.trainer.supervised_trainer INFO     Progress: 70%, Train Perplexity: 1.0096
2018-02-09 10:35:08,064 seq2seq.trainer.supervised_trainer INFO     Progress: 70%, Train Perplexity: 1.0039
2018-02-09 10:35:25,706 seq2seq.trainer.supervised_trainer INFO     Progress: 70%, Train Perplexity: 1.0253
2018-02-09 10:35:41,030 seq2seq.trainer.supervised_trainer INFO     Progress: 70%, Train Perplexity: 1.0131
2018-02-09 10:36:10,323 seq2seq.trainer.supervised_trainer INFO     Progress: 71%, Train Perplexity: 1.0084
2018-02-09 10:36:29,958 seq2seq.trainer.supervised_trainer INFO     Progress: 71%, Train Perplexity: 1.0082
2018-02-09 10:36:52,806 seq2seq.trainer.supervised_trainer INFO     Finished epoch 50: Train Perplexity: 1.0112, Dev Perplexity: 1.0043, Accuracy: 0.9988, Sequence Accuracy: 0.9842, Variance: 0.0510
2018-02-09 10:36:52,807 seq2seq.trainer.supervised_trainer DEBUG    Epoch: 51, Step: 5750
2018-02-09 10:37:01,102 seq2seq.trainer.supervised_trainer INFO     Progress: 71%, Train Perplexity: 1.0115
2018-02-09 10:37:18,487 seq2seq.trainer.supervised_trainer INFO     Progress: 71%, Train Perplexity: 1.0075
2018-02-09 10:37:37,257 seq2seq.trainer.supervised_trainer INFO     Progress: 72%, Train Perplexity: 1.0161
2018-02-09 10:37:52,753 seq2seq.trainer.supervised_trainer INFO     Progress: 72%, Train Perplexity: 1.0080
2018-02-09 10:38:08,867 seq2seq.trainer.supervised_trainer INFO     Progress: 72%, Train Perplexity: 1.0045
2018-02-09 10:38:38,690 seq2seq.trainer.supervised_trainer INFO     Progress: 72%, Train Perplexity: 1.0020
2018-02-09 10:38:53,481 seq2seq.trainer.supervised_trainer INFO     Finished epoch 51: Train Perplexity: 1.0080, Dev Perplexity: 1.0044, Accuracy: 0.9992, Sequence Accuracy: 0.9919, Variance: 0.0493
2018-02-09 10:38:53,481 seq2seq.trainer.supervised_trainer DEBUG    Epoch: 52, Step: 5865
2018-02-09 10:39:05,276 seq2seq.trainer.supervised_trainer INFO     Progress: 73%, Train Perplexity: 1.0027
2018-02-09 10:39:20,156 seq2seq.trainer.supervised_trainer INFO     Progress: 73%, Train Perplexity: 1.0053
2018-02-09 10:39:34,631 seq2seq.trainer.supervised_trainer INFO     Progress: 73%, Train Perplexity: 1.0230
2018-02-09 10:39:49,865 seq2seq.trainer.supervised_trainer INFO     Progress: 73%, Train Perplexity: 1.0036
2018-02-09 10:40:05,530 seq2seq.trainer.supervised_trainer INFO     Progress: 74%, Train Perplexity: 1.0065
2018-02-09 10:40:20,021 seq2seq.trainer.supervised_trainer INFO     Progress: 74%, Train Perplexity: 1.0032
2018-02-09 10:40:33,803 seq2seq.trainer.supervised_trainer INFO     Finished epoch 52: Train Perplexity: 1.0077, Dev Perplexity: 1.0035, Accuracy: 0.9985, Sequence Accuracy: 0.9770, Variance: 0.0430
2018-02-09 10:40:33,803 seq2seq.trainer.supervised_trainer DEBUG    Epoch: 53, Step: 5980
2018-02-09 10:41:03,842 seq2seq.trainer.supervised_trainer INFO     Progress: 74%, Train Perplexity: 1.0075
2018-02-09 10:41:17,404 seq2seq.trainer.supervised_trainer INFO     Progress: 74%, Train Perplexity: 1.0004
2018-02-09 10:41:32,309 seq2seq.trainer.supervised_trainer INFO     Progress: 75%, Train Perplexity: 1.0033
2018-02-09 10:41:47,922 seq2seq.trainer.supervised_trainer INFO     Progress: 75%, Train Perplexity: 1.0026
2018-02-09 10:42:01,316 seq2seq.trainer.supervised_trainer INFO     Progress: 75%, Train Perplexity: 1.0047
2018-02-09 10:42:28,855 seq2seq.trainer.supervised_trainer INFO     Finished epoch 53: Train Perplexity: 1.0034, Dev Perplexity: 1.0014, Accuracy: 0.9994, Sequence Accuracy: 0.9914, Variance: 0.0412
2018-02-09 10:42:28,855 seq2seq.trainer.supervised_trainer DEBUG    Epoch: 54, Step: 6095
2018-02-09 10:42:33,785 seq2seq.trainer.supervised_trainer INFO     Progress: 75%, Train Perplexity: 1.0016
2018-02-09 10:43:03,583 seq2seq.trainer.supervised_trainer INFO     Progress: 76%, Train Perplexity: 1.0066
2018-02-09 10:43:19,903 seq2seq.trainer.supervised_trainer INFO     Progress: 76%, Train Perplexity: 1.0028
2018-02-09 10:43:34,448 seq2seq.trainer.supervised_trainer INFO     Progress: 76%, Train Perplexity: 1.0016
2018-02-09 10:43:49,014 seq2seq.trainer.supervised_trainer INFO     Progress: 76%, Train Perplexity: 1.0034
2018-02-09 10:44:04,884 seq2seq.trainer.supervised_trainer INFO     Progress: 77%, Train Perplexity: 1.0009
2018-02-09 10:44:25,670 seq2seq.trainer.supervised_trainer INFO     Finished epoch 54: Train Perplexity: 1.0028, Dev Perplexity: 1.0007, Accuracy: 0.9998, Sequence Accuracy: 0.9986, Variance: 0.0406
2018-02-09 10:44:25,671 seq2seq.trainer.supervised_trainer DEBUG    Epoch: 55, Step: 6210
2018-02-09 10:44:32,258 seq2seq.trainer.supervised_trainer INFO     Progress: 77%, Train Perplexity: 1.0004
2018-02-09 10:44:48,918 seq2seq.trainer.supervised_trainer INFO     Progress: 77%, Train Perplexity: 1.0033
2018-02-09 10:45:18,782 seq2seq.trainer.supervised_trainer INFO     Progress: 77%, Train Perplexity: 1.0182
2018-02-09 10:45:33,710 seq2seq.trainer.supervised_trainer INFO     Progress: 78%, Train Perplexity: 1.0011
2018-02-09 10:45:49,624 seq2seq.trainer.supervised_trainer INFO     Progress: 78%, Train Perplexity: 1.0004
2018-02-09 10:46:03,908 seq2seq.trainer.supervised_trainer INFO     Progress: 78%, Train Perplexity: 1.0020
2018-02-09 10:46:20,143 seq2seq.trainer.supervised_trainer INFO     Finished epoch 55: Train Perplexity: 1.0044, Dev Perplexity: 1.0000, Accuracy: 1.0000, Sequence Accuracy: 1.0000, Variance: 0.0462
2018-02-09 10:46:20,144 seq2seq.trainer.supervised_trainer DEBUG    Epoch: 56, Step: 6325
2018-02-09 10:46:32,904 seq2seq.trainer.supervised_trainer INFO     Progress: 78%, Train Perplexity: 1.0003
2018-02-09 10:46:49,031 seq2seq.trainer.supervised_trainer INFO     Progress: 79%, Train Perplexity: 1.0056
2018-02-09 10:47:03,149 seq2seq.trainer.supervised_trainer INFO     Progress: 79%, Train Perplexity: 1.0050
2018-02-09 10:47:30,837 seq2seq.trainer.supervised_trainer INFO     Progress: 79%, Train Perplexity: 1.0006
2018-02-09 10:47:45,286 seq2seq.trainer.supervised_trainer INFO     Progress: 79%, Train Perplexity: 1.0012
2018-02-09 10:48:01,444 seq2seq.trainer.supervised_trainer INFO     Progress: 80%, Train Perplexity: 1.0018
2018-02-09 10:48:13,602 seq2seq.trainer.supervised_trainer INFO     Finished epoch 56: Train Perplexity: 1.0025, Dev Perplexity: 1.0018, Accuracy: 0.9996, Sequence Accuracy: 0.9976, Variance: 0.0449
2018-02-09 10:48:13,603 seq2seq.trainer.supervised_trainer DEBUG    Epoch: 57, Step: 6440
2018-02-09 10:48:27,100 seq2seq.trainer.supervised_trainer INFO     Progress: 80%, Train Perplexity: 1.0024
2018-02-09 10:48:44,846 seq2seq.trainer.supervised_trainer INFO     Progress: 80%, Train Perplexity: 1.0012
2018-02-09 10:48:59,454 seq2seq.trainer.supervised_trainer INFO     Progress: 80%, Train Perplexity: 1.0011
2018-02-09 10:49:31,969 seq2seq.trainer.supervised_trainer INFO     Progress: 80%, Train Perplexity: 1.0040
2018-02-09 10:49:47,739 seq2seq.trainer.supervised_trainer INFO     Progress: 81%, Train Perplexity: 1.0047
2018-02-09 10:50:12,514 seq2seq.trainer.supervised_trainer INFO     Finished epoch 57: Train Perplexity: 1.0033, Dev Perplexity: 1.0767, Accuracy: 0.9935, Sequence Accuracy: 0.9871, Variance: 0.0486
2018-02-09 10:50:12,514 seq2seq.trainer.supervised_trainer DEBUG    Epoch: 58, Step: 6555
2018-02-09 10:50:16,610 seq2seq.trainer.supervised_trainer INFO     Progress: 81%, Train Perplexity: 1.0280
2018-02-09 10:50:33,654 seq2seq.trainer.supervised_trainer INFO     Progress: 81%, Train Perplexity: 1.0688
2018-02-09 10:50:49,193 seq2seq.trainer.supervised_trainer INFO     Progress: 81%, Train Perplexity: 1.0216
2018-02-09 10:51:04,456 seq2seq.trainer.supervised_trainer INFO     Progress: 82%, Train Perplexity: 1.0032
2018-02-09 10:51:23,399 seq2seq.trainer.supervised_trainer INFO     Progress: 82%, Train Perplexity: 1.0132
2018-02-09 10:51:51,027 seq2seq.trainer.supervised_trainer INFO     Progress: 82%, Train Perplexity: 1.0015
2018-02-09 10:52:13,283 seq2seq.trainer.supervised_trainer INFO     Finished epoch 58: Train Perplexity: 1.0228, Dev Perplexity: 1.0015, Accuracy: 0.9998, Sequence Accuracy: 0.9976, Variance: 0.0460
2018-02-09 10:52:13,283 seq2seq.trainer.supervised_trainer DEBUG    Epoch: 59, Step: 6670
2018-02-09 10:52:22,281 seq2seq.trainer.supervised_trainer INFO     Progress: 82%, Train Perplexity: 1.0021
2018-02-09 10:52:39,830 seq2seq.trainer.supervised_trainer INFO     Progress: 83%, Train Perplexity: 1.0058
2018-02-09 10:52:54,679 seq2seq.trainer.supervised_trainer INFO     Progress: 83%, Train Perplexity: 1.0095
2018-02-09 10:53:10,128 seq2seq.trainer.supervised_trainer INFO     Progress: 83%, Train Perplexity: 1.0019
2018-02-09 10:53:28,662 seq2seq.trainer.supervised_trainer INFO     Progress: 83%, Train Perplexity: 1.0085
2018-02-09 10:53:43,515 seq2seq.trainer.supervised_trainer INFO     Progress: 84%, Train Perplexity: 1.0154
2018-02-09 10:54:11,706 seq2seq.trainer.supervised_trainer INFO     Finished epoch 59: Train Perplexity: 1.0075, Dev Perplexity: 1.0000, Accuracy: 1.0000, Sequence Accuracy: 1.0000, Variance: 0.0436
2018-02-09 10:54:11,707 seq2seq.trainer.supervised_trainer DEBUG    Epoch: 60, Step: 6785
2018-02-09 10:54:23,771 seq2seq.trainer.supervised_trainer INFO     Progress: 84%, Train Perplexity: 1.0025
2018-02-09 10:54:45,022 seq2seq.trainer.supervised_trainer INFO     Progress: 84%, Train Perplexity: 1.0029
2018-02-09 10:55:03,180 seq2seq.trainer.supervised_trainer INFO     Progress: 84%, Train Perplexity: 1.0031
2018-02-09 10:55:20,472 seq2seq.trainer.supervised_trainer INFO     Progress: 85%, Train Perplexity: 1.0008
2018-02-09 10:55:37,292 seq2seq.trainer.supervised_trainer INFO     Progress: 85%, Train Perplexity: 1.0029
2018-02-09 10:55:52,847 seq2seq.trainer.supervised_trainer INFO     Progress: 85%, Train Perplexity: 1.0129
2018-02-09 10:56:06,343 seq2seq.trainer.supervised_trainer INFO     Finished epoch 60: Train Perplexity: 1.0043, Dev Perplexity: 1.0277, Accuracy: 0.9976, Sequence Accuracy: 0.9981, Variance: 0.0448
2018-02-09 10:56:06,343 seq2seq.trainer.supervised_trainer DEBUG    Epoch: 61, Step: 6900
2018-02-09 10:56:37,721 seq2seq.trainer.supervised_trainer INFO     Progress: 85%, Train Perplexity: 1.0203
2018-02-09 10:56:55,215 seq2seq.trainer.supervised_trainer INFO     Progress: 86%, Train Perplexity: 1.0002
2018-02-09 10:57:09,246 seq2seq.trainer.supervised_trainer INFO     Progress: 86%, Train Perplexity: 1.0022
2018-02-09 10:57:24,155 seq2seq.trainer.supervised_trainer INFO     Progress: 86%, Train Perplexity: 1.0003
2018-02-09 10:57:37,535 seq2seq.trainer.supervised_trainer INFO     Progress: 86%, Train Perplexity: 1.0000
2018-02-09 10:58:01,052 seq2seq.trainer.supervised_trainer INFO     Finished epoch 61: Train Perplexity: 1.0041, Dev Perplexity: 1.0003, Accuracy: 0.9999, Sequence Accuracy: 0.9990, Variance: 0.0430
2018-02-09 10:58:01,052 seq2seq.trainer.supervised_trainer DEBUG    Epoch: 62, Step: 7015
2018-02-09 10:58:04,529 seq2seq.trainer.supervised_trainer INFO     Progress: 87%, Train Perplexity: 1.0014
2018-02-09 10:58:19,259 seq2seq.trainer.supervised_trainer INFO     Progress: 87%, Train Perplexity: 1.0005
2018-02-09 10:58:45,588 seq2seq.trainer.supervised_trainer INFO     Progress: 87%, Train Perplexity: 1.0006
2018-02-09 10:59:04,100 seq2seq.trainer.supervised_trainer INFO     Progress: 87%, Train Perplexity: 1.0000
2018-02-09 10:59:17,720 seq2seq.trainer.supervised_trainer INFO     Progress: 88%, Train Perplexity: 1.0004
2018-02-09 10:59:31,433 seq2seq.trainer.supervised_trainer INFO     Progress: 88%, Train Perplexity: 1.0002
2018-02-09 10:59:54,680 seq2seq.trainer.supervised_trainer INFO     Finished epoch 62: Train Perplexity: 1.0005, Dev Perplexity: 1.0021, Accuracy: 0.9996, Sequence Accuracy: 0.9943, Variance: 0.0453
2018-02-09 10:59:54,681 seq2seq.trainer.supervised_trainer DEBUG    Epoch: 63, Step: 7130
2018-02-09 11:00:03,060 seq2seq.trainer.supervised_trainer INFO     Progress: 88%, Train Perplexity: 1.0013
2018-02-09 11:00:21,825 seq2seq.trainer.supervised_trainer INFO     Progress: 88%, Train Perplexity: 1.0014
2018-02-09 11:00:37,346 seq2seq.trainer.supervised_trainer INFO     Progress: 89%, Train Perplexity: 1.0020
2018-02-09 11:01:04,638 seq2seq.trainer.supervised_trainer INFO     Progress: 89%, Train Perplexity: 1.0007
2018-02-09 11:01:19,797 seq2seq.trainer.supervised_trainer INFO     Progress: 89%, Train Perplexity: 1.0031
2018-02-09 11:01:34,549 seq2seq.trainer.supervised_trainer INFO     Progress: 89%, Train Perplexity: 1.0002
2018-02-09 11:01:51,525 seq2seq.trainer.supervised_trainer INFO     Finished epoch 63: Train Perplexity: 1.0015, Dev Perplexity: 1.0003, Accuracy: 0.9998, Sequence Accuracy: 0.9976, Variance: 0.0451
2018-02-09 11:01:51,525 seq2seq.trainer.supervised_trainer DEBUG    Epoch: 64, Step: 7245
2018-02-09 11:02:02,723 seq2seq.trainer.supervised_trainer INFO     Progress: 90%, Train Perplexity: 1.0090
2018-02-09 11:02:17,475 seq2seq.trainer.supervised_trainer INFO     Progress: 90%, Train Perplexity: 1.0096
2018-02-09 11:02:38,084 seq2seq.trainer.supervised_trainer INFO     Progress: 90%, Train Perplexity: 1.0028
2018-02-09 11:03:10,616 seq2seq.trainer.supervised_trainer INFO     Progress: 90%, Train Perplexity: 1.0012
2018-02-09 11:03:25,315 seq2seq.trainer.supervised_trainer INFO     Progress: 91%, Train Perplexity: 1.0044
2018-02-09 11:03:40,183 seq2seq.trainer.supervised_trainer INFO     Progress: 91%, Train Perplexity: 1.0012
2018-02-09 11:03:52,662 seq2seq.trainer.supervised_trainer INFO     Finished epoch 64: Train Perplexity: 1.0049, Dev Perplexity: 1.0001, Accuracy: 1.0000, Sequence Accuracy: 1.0000, Variance: 0.0428
2018-02-09 11:03:52,662 seq2seq.trainer.supervised_trainer DEBUG    Epoch: 65, Step: 7360
2018-02-09 11:04:08,007 seq2seq.trainer.supervised_trainer INFO     Progress: 91%, Train Perplexity: 1.0014
2018-02-09 11:04:22,866 seq2seq.trainer.supervised_trainer INFO     Progress: 91%, Train Perplexity: 1.0001
2018-02-09 11:04:37,989 seq2seq.trainer.supervised_trainer INFO     Progress: 92%, Train Perplexity: 1.0136
2018-02-09 11:04:52,241 seq2seq.trainer.supervised_trainer INFO     Progress: 92%, Train Perplexity: 1.0058
2018-02-09 11:05:19,085 seq2seq.trainer.supervised_trainer INFO     Progress: 92%, Train Perplexity: 1.0010
2018-02-09 11:05:48,093 seq2seq.trainer.supervised_trainer INFO     Finished epoch 65: Train Perplexity: 1.0041, Dev Perplexity: 1.0000, Accuracy: 1.0000, Sequence Accuracy: 1.0000, Variance: 0.0433
2018-02-09 11:05:48,093 seq2seq.trainer.supervised_trainer DEBUG    Epoch: 66, Step: 7475
2018-02-09 11:05:53,278 seq2seq.trainer.supervised_trainer INFO     Progress: 92%, Train Perplexity: 1.0014
2018-02-09 11:06:09,176 seq2seq.trainer.supervised_trainer INFO     Progress: 93%, Train Perplexity: 1.0005
2018-02-09 11:06:26,589 seq2seq.trainer.supervised_trainer INFO     Progress: 93%, Train Perplexity: 1.0008
2018-02-09 11:06:45,113 seq2seq.trainer.supervised_trainer INFO     Progress: 93%, Train Perplexity: 1.0021
2018-02-09 11:07:03,611 seq2seq.trainer.supervised_trainer INFO     Progress: 93%, Train Perplexity: 1.0047
2018-02-09 11:07:23,108 seq2seq.trainer.supervised_trainer INFO     Progress: 94%, Train Perplexity: 1.0007
2018-02-09 11:07:57,678 seq2seq.trainer.supervised_trainer INFO     Finished epoch 66: Train Perplexity: 1.0016, Dev Perplexity: 1.0011, Accuracy: 0.9999, Sequence Accuracy: 0.9986, Variance: 0.0423
2018-02-09 11:07:57,679 seq2seq.trainer.supervised_trainer DEBUG    Epoch: 67, Step: 7590
2018-02-09 11:08:04,759 seq2seq.trainer.supervised_trainer INFO     Progress: 94%, Train Perplexity: 1.0004
2018-02-09 11:08:21,234 seq2seq.trainer.supervised_trainer INFO     Progress: 94%, Train Perplexity: 1.0075
2018-02-09 11:08:36,127 seq2seq.trainer.supervised_trainer INFO     Progress: 94%, Train Perplexity: 1.0005
2018-02-09 11:08:56,127 seq2seq.trainer.supervised_trainer INFO     Progress: 95%, Train Perplexity: 1.0052
2018-02-09 11:09:15,531 seq2seq.trainer.supervised_trainer INFO     Progress: 95%, Train Perplexity: 1.0000
2018-02-09 11:09:33,767 seq2seq.trainer.supervised_trainer INFO     Progress: 95%, Train Perplexity: 1.0012
2018-02-09 11:09:50,716 seq2seq.trainer.supervised_trainer INFO     Finished epoch 67: Train Perplexity: 1.0026, Dev Perplexity: 1.0013, Accuracy: 0.9999, Sequence Accuracy: 0.9995, Variance: 0.0431
2018-02-09 11:09:50,716 seq2seq.trainer.supervised_trainer DEBUG    Epoch: 68, Step: 7705
2018-02-09 11:10:15,161 seq2seq.trainer.supervised_trainer INFO     Progress: 95%, Train Perplexity: 1.0026
2018-02-09 11:10:35,167 seq2seq.trainer.supervised_trainer INFO     Progress: 96%, Train Perplexity: 1.0002
2018-02-09 11:10:50,991 seq2seq.trainer.supervised_trainer INFO     Progress: 96%, Train Perplexity: 1.0009
2018-02-09 11:11:06,418 seq2seq.trainer.supervised_trainer INFO     Progress: 96%, Train Perplexity: 1.0130
2018-02-09 11:11:20,685 seq2seq.trainer.supervised_trainer INFO     Progress: 96%, Train Perplexity: 1.0080
2018-02-09 11:11:34,951 seq2seq.trainer.supervised_trainer INFO     Progress: 97%, Train Perplexity: 1.0008
2018-02-09 11:11:46,817 seq2seq.trainer.supervised_trainer INFO     Finished epoch 68: Train Perplexity: 1.0043, Dev Perplexity: 1.0000, Accuracy: 1.0000, Sequence Accuracy: 1.0000, Variance: 0.0456
2018-02-09 11:11:46,817 seq2seq.trainer.supervised_trainer DEBUG    Epoch: 69, Step: 7820
2018-02-09 11:12:02,460 seq2seq.trainer.supervised_trainer INFO     Progress: 97%, Train Perplexity: 1.0060
2018-02-09 11:12:29,069 seq2seq.trainer.supervised_trainer INFO     Progress: 97%, Train Perplexity: 1.0035
2018-02-09 11:12:42,459 seq2seq.trainer.supervised_trainer INFO     Progress: 97%, Train Perplexity: 1.0015
2018-02-09 11:12:55,068 seq2seq.trainer.supervised_trainer INFO     Progress: 98%, Train Perplexity: 1.0002
2018-02-09 11:13:10,640 seq2seq.trainer.supervised_trainer INFO     Progress: 98%, Train Perplexity: 1.0011
2018-02-09 11:13:33,706 seq2seq.trainer.supervised_trainer INFO     Finished epoch 69: Train Perplexity: 1.0023, Dev Perplexity: 1.0043, Accuracy: 0.9996, Sequence Accuracy: 0.9986, Variance: 0.0419
2018-02-09 11:13:33,706 seq2seq.trainer.supervised_trainer DEBUG    Epoch: 70, Step: 7935
2018-02-09 11:13:37,947 seq2seq.trainer.supervised_trainer INFO     Progress: 98%, Train Perplexity: 1.0015
2018-02-09 11:13:53,301 seq2seq.trainer.supervised_trainer INFO     Progress: 98%, Train Perplexity: 1.0007
2018-02-09 11:14:09,077 seq2seq.trainer.supervised_trainer INFO     Progress: 99%, Train Perplexity: 1.0018
2018-02-09 11:14:35,837 seq2seq.trainer.supervised_trainer INFO     Progress: 99%, Train Perplexity: 1.0000
2018-02-09 11:14:49,102 seq2seq.trainer.supervised_trainer INFO     Progress: 99%, Train Perplexity: 1.0002
2018-02-09 11:15:02,289 seq2seq.trainer.supervised_trainer INFO     Progress: 99%, Train Perplexity: 1.0000
2018-02-09 11:15:34,039 seq2seq.trainer.supervised_trainer INFO     Finished epoch 70: Train Perplexity: 1.0006, Dev Perplexity: 1.0002, Accuracy: 0.9999, Sequence Accuracy: 0.9990, Variance: 0.0410
