start of job
Applications clocks set to "(MEM 3004, SM 875)" for GPU 00000000:02:00.0
All done.
Applications clocks set to "(MEM 3004, SM 875)" for GPU 00000000:82:00.0
All done.
Train model on example data
2018-02-27 22:40:13,990 root         INFO     Namespace(attention=True, batch_size=128, bidirectional=False, cuda_device=0, dev='data/CLEANED-SCAN/simple_split/dev.txt', dropout_p_decoder=0.5, dropout_p_encoder=0.5, embedding_size=200, epochs=70, hidden_size=200, load_checkpoint=None, log_level='debug', lr=0.001, max_len=50, n_layers=2, optim='adam', output_dir='variance_experiment_all_data_primitives', print_every=20, profile=False, reg_scale=1000, resume=False, rnn_cell='lstm', save_every=133, src_vocab=50000, teacher_forcing_ratio=0.5, tgt_vocab=50000, train='data/CLEANED-SCAN/simple_split/train.txt')
2018-02-27 22:40:18,349 root         DEBUG    Input vocab: ['<unk>', '<pad>', u'left', u'right', u'twice', u'thrice', u'opposite', u'around', u'and', u'after', u'jump', u'look', u'run', u'walk', u'turn']
2018-02-27 22:40:18,349 root         DEBUG    Output vocab: ['<unk>', '<pad>', u'I_TURN_LEFT', u'I_TURN_RIGHT', u'I_JUMP', u'I_LOOK', u'I_WALK', u'I_RUN', '<eos>', '<sos>']
2018-02-27 22:40:18,354 seq2seq.trainer.supervised_trainer INFO     Optimizer: <torch.optim.adam.Adam object at 0x2b604ab44d10>, Scheduler: None
Cuda device set to 0
2018-02-27 22:40:20,333 seq2seq.trainer.supervised_trainer DEBUG    Epoch: 1, Step: 0
2018-02-27 22:40:25,103 seq2seq.trainer.supervised_trainer INFO     Progress: 0%, Train Perplexity: 12.7153
2018-02-27 22:40:28,266 seq2seq.trainer.supervised_trainer INFO     Progress: 0%, Train Perplexity: 4.9263
2018-02-27 22:40:30,254 seq2seq.trainer.supervised_trainer INFO     Progress: 0%, Train Perplexity: 4.4813
2018-02-27 22:40:32,655 seq2seq.trainer.supervised_trainer INFO     Progress: 1%, Train Perplexity: 4.0240
2018-02-27 22:40:36,027 seq2seq.trainer.supervised_trainer INFO     Finished epoch 1: Train Perplexity: 4.9912, Dev Perplexity: 3.3605, Accuracy: 0.4642, Sequence Accuracy: 0.0005, Variance: 0.0132
2018-02-27 22:40:36,027 seq2seq.trainer.supervised_trainer DEBUG    Epoch: 2, Step: 115
2018-02-27 22:40:36,539 seq2seq.trainer.supervised_trainer INFO     Progress: 1%, Train Perplexity: 3.3294
2018-02-27 22:40:39,360 seq2seq.trainer.supervised_trainer DEBUG    Saved checkpoint var_0.00_acc_0.47_seq_acc_0.00_ppl_3.13_s133
2018-02-27 22:40:40,173 seq2seq.trainer.supervised_trainer INFO     Progress: 1%, Train Perplexity: 3.0112
2018-02-27 22:40:41,815 seq2seq.trainer.supervised_trainer INFO     Progress: 1%, Train Perplexity: 2.6889
2018-02-27 22:40:44,334 seq2seq.trainer.supervised_trainer INFO     Progress: 2%, Train Perplexity: 2.5753
2018-02-27 22:40:46,851 seq2seq.trainer.supervised_trainer INFO     Progress: 2%, Train Perplexity: 2.3612
2018-02-27 22:40:48,839 seq2seq.trainer.supervised_trainer INFO     Progress: 2%, Train Perplexity: 2.1195
2018-02-27 22:40:51,684 seq2seq.trainer.supervised_trainer INFO     Finished epoch 2: Train Perplexity: 2.5580, Dev Perplexity: 2.8070, Accuracy: 0.6125, Sequence Accuracy: 0.0043, Variance: 0.0020
2018-02-27 22:40:51,684 seq2seq.trainer.supervised_trainer DEBUG    Epoch: 3, Step: 230
2018-02-27 22:40:52,631 seq2seq.trainer.supervised_trainer INFO     Progress: 2%, Train Perplexity: 2.2365
2018-02-27 22:40:54,680 seq2seq.trainer.supervised_trainer INFO     Progress: 3%, Train Perplexity: 2.0290
2018-02-27 22:40:57,043 seq2seq.trainer.supervised_trainer DEBUG    Saved checkpoint var_0.00_acc_0.69_seq_acc_0.06_ppl_2.20_s266
2018-02-27 22:40:58,794 seq2seq.trainer.supervised_trainer INFO     Progress: 3%, Train Perplexity: 1.9549
2018-02-27 22:41:01,602 seq2seq.trainer.supervised_trainer INFO     Progress: 3%, Train Perplexity: 1.7816
2018-02-27 22:41:04,094 seq2seq.trainer.supervised_trainer INFO     Progress: 3%, Train Perplexity: 1.7599
2018-02-27 22:41:06,672 seq2seq.trainer.supervised_trainer INFO     Progress: 4%, Train Perplexity: 1.6389
2018-02-27 22:41:09,121 seq2seq.trainer.supervised_trainer INFO     Finished epoch 3: Train Perplexity: 1.8625, Dev Perplexity: 1.7753, Accuracy: 0.7891, Sequence Accuracy: 0.1435, Variance: 0.0144
2018-02-27 22:41:09,121 seq2seq.trainer.supervised_trainer DEBUG    Epoch: 4, Step: 345
2018-02-27 22:41:10,818 seq2seq.trainer.supervised_trainer INFO     Progress: 4%, Train Perplexity: 1.7189
2018-02-27 22:41:13,515 seq2seq.trainer.supervised_trainer INFO     Progress: 4%, Train Perplexity: 1.6327
2018-02-27 22:41:17,026 seq2seq.trainer.supervised_trainer DEBUG    Saved checkpoint var_0.05_acc_0.86_seq_acc_0.49_ppl_1.54_s399
2018-02-27 22:41:17,289 seq2seq.trainer.supervised_trainer INFO     Progress: 4%, Train Perplexity: 1.4167
2018-02-27 22:41:19,893 seq2seq.trainer.supervised_trainer INFO     Progress: 5%, Train Perplexity: 1.4746
2018-02-27 22:41:22,236 seq2seq.trainer.supervised_trainer INFO     Progress: 5%, Train Perplexity: 1.2711
2018-02-27 22:41:24,732 seq2seq.trainer.supervised_trainer INFO     Progress: 5%, Train Perplexity: 1.2844
2018-02-27 22:41:26,181 seq2seq.trainer.supervised_trainer INFO     Finished epoch 4: Train Perplexity: 1.4460, Dev Perplexity: 1.6417, Accuracy: 0.8467, Sequence Accuracy: 0.3907, Variance: 0.1445
2018-02-27 22:41:26,181 seq2seq.trainer.supervised_trainer DEBUG    Epoch: 5, Step: 460
2018-02-27 22:41:28,503 seq2seq.trainer.supervised_trainer INFO     Progress: 5%, Train Perplexity: 1.3015
2018-02-27 22:41:30,657 seq2seq.trainer.supervised_trainer INFO     Progress: 6%, Train Perplexity: 1.2349
2018-02-27 22:41:32,948 seq2seq.trainer.supervised_trainer INFO     Progress: 6%, Train Perplexity: 1.2708
2018-02-27 22:41:37,225 seq2seq.trainer.supervised_trainer INFO     Progress: 6%, Train Perplexity: 1.3017
2018-02-27 22:41:39,576 seq2seq.trainer.supervised_trainer INFO     Progress: 6%, Train Perplexity: 1.4351
2018-02-27 22:41:42,942 seq2seq.trainer.supervised_trainer INFO     Finished epoch 5: Train Perplexity: 1.2912, Dev Perplexity: 1.3050, Accuracy: 0.9202, Sequence Accuracy: 0.5830, Variance: 0.1491
2018-02-27 22:41:42,942 seq2seq.trainer.supervised_trainer DEBUG    Epoch: 6, Step: 575
2018-02-27 22:41:43,468 seq2seq.trainer.supervised_trainer INFO     Progress: 7%, Train Perplexity: 1.1550
2018-02-27 22:41:46,076 seq2seq.trainer.supervised_trainer INFO     Progress: 7%, Train Perplexity: 1.2243
2018-02-27 22:41:48,567 seq2seq.trainer.supervised_trainer INFO     Progress: 7%, Train Perplexity: 1.2298
2018-02-27 22:41:50,439 seq2seq.trainer.supervised_trainer INFO     Progress: 7%, Train Perplexity: 1.0833
2018-02-27 22:41:53,028 seq2seq.trainer.supervised_trainer INFO     Progress: 8%, Train Perplexity: 1.1592
2018-02-27 22:41:55,276 seq2seq.trainer.supervised_trainer DEBUG    Saved checkpoint var_0.10_acc_0.95_seq_acc_0.71_ppl_1.17_s665
2018-02-27 22:41:56,911 seq2seq.trainer.supervised_trainer INFO     Progress: 8%, Train Perplexity: 1.0889
2018-02-27 22:41:59,598 seq2seq.trainer.supervised_trainer INFO     Finished epoch 6: Train Perplexity: 1.1487, Dev Perplexity: 1.1696, Accuracy: 0.9541, Sequence Accuracy: 0.7346, Variance: 0.0843
2018-02-27 22:41:59,598 seq2seq.trainer.supervised_trainer DEBUG    Epoch: 7, Step: 690
2018-02-27 22:42:00,593 seq2seq.trainer.supervised_trainer INFO     Progress: 8%, Train Perplexity: 1.1009
2018-02-27 22:42:03,143 seq2seq.trainer.supervised_trainer INFO     Progress: 8%, Train Perplexity: 1.2628
2018-02-27 22:42:05,582 seq2seq.trainer.supervised_trainer INFO     Progress: 9%, Train Perplexity: 1.1327
2018-02-27 22:42:08,242 seq2seq.trainer.supervised_trainer INFO     Progress: 9%, Train Perplexity: 1.1492
2018-02-27 22:42:10,502 seq2seq.trainer.supervised_trainer INFO     Progress: 9%, Train Perplexity: 1.1162
2018-02-27 22:42:14,422 seq2seq.trainer.supervised_trainer INFO     Progress: 9%, Train Perplexity: 1.1800
2018-02-27 22:42:16,584 seq2seq.trainer.supervised_trainer INFO     Finished epoch 7: Train Perplexity: 1.1617, Dev Perplexity: 1.2190, Accuracy: 0.9394, Sequence Accuracy: 0.6289, Variance: 0.0981
2018-02-27 22:42:16,584 seq2seq.trainer.supervised_trainer DEBUG    Epoch: 8, Step: 805
2018-02-27 22:42:18,739 seq2seq.trainer.supervised_trainer INFO     Progress: 10%, Train Perplexity: 1.1380
2018-02-27 22:42:21,375 seq2seq.trainer.supervised_trainer INFO     Progress: 10%, Train Perplexity: 1.1235
2018-02-27 22:42:24,247 seq2seq.trainer.supervised_trainer INFO     Progress: 10%, Train Perplexity: 1.1227
2018-02-27 22:42:26,298 seq2seq.trainer.supervised_trainer INFO     Progress: 10%, Train Perplexity: 1.0889
2018-02-27 22:42:28,822 seq2seq.trainer.supervised_trainer INFO     Progress: 11%, Train Perplexity: 1.1365
2018-02-27 22:42:31,509 seq2seq.trainer.supervised_trainer INFO     Progress: 11%, Train Perplexity: 1.0791
2018-02-27 22:42:32,962 seq2seq.trainer.supervised_trainer INFO     Finished epoch 8: Train Perplexity: 1.1140, Dev Perplexity: 1.1315, Accuracy: 0.9599, Sequence Accuracy: 0.6982, Variance: 0.0842
2018-02-27 22:42:32,962 seq2seq.trainer.supervised_trainer DEBUG    Epoch: 9, Step: 920
2018-02-27 22:42:35,870 seq2seq.trainer.supervised_trainer DEBUG    Saved checkpoint var_0.06_acc_0.98_seq_acc_0.89_ppl_1.08_s931
2018-02-27 22:42:36,969 seq2seq.trainer.supervised_trainer INFO     Progress: 11%, Train Perplexity: 1.0669
2018-02-27 22:42:39,356 seq2seq.trainer.supervised_trainer INFO     Progress: 11%, Train Perplexity: 1.0786
2018-02-27 22:42:42,360 seq2seq.trainer.supervised_trainer INFO     Progress: 12%, Train Perplexity: 1.0176
2018-02-27 22:42:44,812 seq2seq.trainer.supervised_trainer INFO     Progress: 12%, Train Perplexity: 1.0613
2018-02-27 22:42:47,306 seq2seq.trainer.supervised_trainer INFO     Progress: 12%, Train Perplexity: 1.0755
2018-02-27 22:42:50,190 seq2seq.trainer.supervised_trainer INFO     Finished epoch 9: Train Perplexity: 1.0554, Dev Perplexity: 1.1556, Accuracy: 0.9492, Sequence Accuracy: 0.6844, Variance: 0.1263
2018-02-27 22:42:50,190 seq2seq.trainer.supervised_trainer DEBUG    Epoch: 10, Step: 1035
2018-02-27 22:42:51,011 seq2seq.trainer.supervised_trainer INFO     Progress: 12%, Train Perplexity: 1.0625
2018-02-27 22:42:53,059 seq2seq.trainer.supervised_trainer INFO     Progress: 13%, Train Perplexity: 1.0183
2018-02-27 22:42:56,852 seq2seq.trainer.supervised_trainer INFO     Progress: 13%, Train Perplexity: 1.0089
2018-02-27 22:42:59,372 seq2seq.trainer.supervised_trainer INFO     Progress: 13%, Train Perplexity: 0.9981
2018-02-27 22:43:01,022 seq2seq.trainer.supervised_trainer INFO     Progress: 13%, Train Perplexity: 1.0083
2018-02-27 22:43:03,378 seq2seq.trainer.supervised_trainer INFO     Progress: 14%, Train Perplexity: 0.9561
2018-02-27 22:43:05,941 seq2seq.trainer.supervised_trainer INFO     Finished epoch 10: Train Perplexity: 1.0048, Dev Perplexity: 1.3562, Accuracy: 0.9232, Sequence Accuracy: 0.6571, Variance: 0.1007
2018-02-27 22:43:05,941 seq2seq.trainer.supervised_trainer DEBUG    Epoch: 11, Step: 1150
2018-02-27 22:43:07,192 seq2seq.trainer.supervised_trainer INFO     Progress: 14%, Train Perplexity: 1.0555
2018-02-27 22:43:09,752 seq2seq.trainer.supervised_trainer INFO     Progress: 14%, Train Perplexity: 1.0107
2018-02-27 22:43:13,420 seq2seq.trainer.supervised_trainer INFO     Progress: 14%, Train Perplexity: 0.9897
2018-02-27 22:43:15,949 seq2seq.trainer.supervised_trainer INFO     Progress: 15%, Train Perplexity: 0.9964
2018-02-27 22:43:18,606 seq2seq.trainer.supervised_trainer INFO     Progress: 15%, Train Perplexity: 0.9224
2018-02-27 22:43:20,574 seq2seq.trainer.supervised_trainer INFO     Progress: 15%, Train Perplexity: 0.8257
2018-02-27 22:43:22,757 seq2seq.trainer.supervised_trainer INFO     Finished epoch 11: Train Perplexity: 0.9600, Dev Perplexity: 1.1748, Accuracy: 0.9504, Sequence Accuracy: 0.7355, Variance: 0.4996
2018-02-27 22:43:22,758 seq2seq.trainer.supervised_trainer DEBUG    Epoch: 12, Step: 1265
2018-02-27 22:43:24,688 seq2seq.trainer.supervised_trainer INFO     Progress: 15%, Train Perplexity: 0.9099
2018-02-27 22:43:27,188 seq2seq.trainer.supervised_trainer INFO     Progress: 16%, Train Perplexity: 0.8998
2018-02-27 22:43:29,927 seq2seq.trainer.supervised_trainer INFO     Progress: 16%, Train Perplexity: 0.8676
2018-02-27 22:43:33,582 seq2seq.trainer.supervised_trainer INFO     Progress: 16%, Train Perplexity: 0.7954
2018-02-27 22:43:35,976 seq2seq.trainer.supervised_trainer INFO     Progress: 16%, Train Perplexity: 0.7783
2018-02-27 22:43:38,842 seq2seq.trainer.supervised_trainer INFO     Progress: 17%, Train Perplexity: 0.7856
2018-02-27 22:43:40,287 seq2seq.trainer.supervised_trainer INFO     Finished epoch 12: Train Perplexity: 0.8388, Dev Perplexity: 1.1413, Accuracy: 0.9601, Sequence Accuracy: 0.8293, Variance: 0.5270
2018-02-27 22:43:40,287 seq2seq.trainer.supervised_trainer DEBUG    Epoch: 13, Step: 1380
2018-02-27 22:43:42,742 seq2seq.trainer.supervised_trainer INFO     Progress: 17%, Train Perplexity: 0.8463
2018-02-27 22:43:45,228 seq2seq.trainer.supervised_trainer INFO     Progress: 17%, Train Perplexity: 0.8661
2018-02-27 22:43:48,128 seq2seq.trainer.supervised_trainer INFO     Progress: 17%, Train Perplexity: 0.8310
2018-02-27 22:43:50,828 seq2seq.trainer.supervised_trainer INFO     Progress: 18%, Train Perplexity: 0.8037
2018-02-27 22:43:54,468 seq2seq.trainer.supervised_trainer INFO     Progress: 18%, Train Perplexity: 0.7104
2018-02-27 22:43:58,117 seq2seq.trainer.supervised_trainer INFO     Finished epoch 13: Train Perplexity: 0.8060, Dev Perplexity: 1.0857, Accuracy: 0.9718, Sequence Accuracy: 0.8608, Variance: 0.5377
2018-02-27 22:43:58,117 seq2seq.trainer.supervised_trainer DEBUG    Epoch: 14, Step: 1495
2018-02-27 22:43:58,754 seq2seq.trainer.supervised_trainer INFO     Progress: 18%, Train Perplexity: 0.7868
2018-02-27 22:44:01,539 seq2seq.trainer.supervised_trainer INFO     Progress: 18%, Train Perplexity: 0.7750
2018-02-27 22:44:03,851 seq2seq.trainer.supervised_trainer INFO     Progress: 19%, Train Perplexity: 0.8172
2018-02-27 22:44:06,297 seq2seq.trainer.supervised_trainer INFO     Progress: 19%, Train Perplexity: 0.7428
2018-02-27 22:44:09,037 seq2seq.trainer.supervised_trainer INFO     Progress: 19%, Train Perplexity: 0.8529
2018-02-27 22:44:12,412 seq2seq.trainer.supervised_trainer DEBUG    Saved checkpoint var_0.54_acc_0.98_seq_acc_0.88_ppl_1.05_s1596
2018-02-27 22:44:13,148 seq2seq.trainer.supervised_trainer INFO     Progress: 19%, Train Perplexity: 0.7267
2018-02-27 22:44:15,804 seq2seq.trainer.supervised_trainer INFO     Finished epoch 14: Train Perplexity: 0.7879, Dev Perplexity: 1.1015, Accuracy: 0.9695, Sequence Accuracy: 0.8250, Variance: 0.5404
2018-02-27 22:44:15,804 seq2seq.trainer.supervised_trainer DEBUG    Epoch: 15, Step: 1610
2018-02-27 22:44:17,181 seq2seq.trainer.supervised_trainer INFO     Progress: 20%, Train Perplexity: 0.8107
2018-02-27 22:44:19,046 seq2seq.trainer.supervised_trainer INFO     Progress: 20%, Train Perplexity: 0.7374
2018-02-27 22:44:21,859 seq2seq.trainer.supervised_trainer INFO     Progress: 20%, Train Perplexity: 0.8485
2018-02-27 22:44:24,711 seq2seq.trainer.supervised_trainer INFO     Progress: 20%, Train Perplexity: 0.7971
2018-02-27 22:44:27,385 seq2seq.trainer.supervised_trainer INFO     Progress: 21%, Train Perplexity: 0.7804
2018-02-27 22:44:29,563 seq2seq.trainer.supervised_trainer INFO     Progress: 21%, Train Perplexity: 0.7495
2018-02-27 22:44:31,626 seq2seq.trainer.supervised_trainer INFO     Finished epoch 15: Train Perplexity: 0.7883, Dev Perplexity: 1.0278, Accuracy: 0.9877, Sequence Accuracy: 0.9120, Variance: 0.5443
2018-02-27 22:44:31,626 seq2seq.trainer.supervised_trainer DEBUG    Epoch: 16, Step: 1725
2018-02-27 22:44:35,455 seq2seq.trainer.supervised_trainer INFO     Progress: 21%, Train Perplexity: 0.7759
2018-02-27 22:44:37,712 seq2seq.trainer.supervised_trainer INFO     Progress: 21%, Train Perplexity: 0.7486
2018-02-27 22:44:39,956 seq2seq.trainer.supervised_trainer INFO     Progress: 22%, Train Perplexity: 0.7593
2018-02-27 22:44:42,413 seq2seq.trainer.supervised_trainer INFO     Progress: 22%, Train Perplexity: 0.7596
2018-02-27 22:44:44,414 seq2seq.trainer.supervised_trainer INFO     Progress: 22%, Train Perplexity: 0.7711
2018-02-27 22:44:46,862 seq2seq.trainer.supervised_trainer INFO     Progress: 22%, Train Perplexity: 0.7626
2018-02-27 22:44:48,322 seq2seq.trainer.supervised_trainer INFO     Finished epoch 16: Train Perplexity: 0.7585, Dev Perplexity: 1.0511, Accuracy: 0.9739, Sequence Accuracy: 0.8795, Variance: 0.5407
2018-02-27 22:44:48,322 seq2seq.trainer.supervised_trainer DEBUG    Epoch: 17, Step: 1840
2018-02-27 22:44:51,263 seq2seq.trainer.supervised_trainer INFO     Progress: 23%, Train Perplexity: 0.8135
2018-02-27 22:44:55,403 seq2seq.trainer.supervised_trainer INFO     Progress: 23%, Train Perplexity: 0.7824
2018-02-27 22:44:57,388 seq2seq.trainer.supervised_trainer INFO     Progress: 23%, Train Perplexity: 0.7274
2018-02-27 22:44:59,384 seq2seq.trainer.supervised_trainer INFO     Progress: 23%, Train Perplexity: 0.7204
2018-02-27 22:45:01,919 seq2seq.trainer.supervised_trainer INFO     Progress: 24%, Train Perplexity: 0.8163
2018-02-27 22:45:05,172 seq2seq.trainer.supervised_trainer INFO     Finished epoch 17: Train Perplexity: 0.7719, Dev Perplexity: 1.2089, Accuracy: 0.9415, Sequence Accuracy: 0.7279, Variance: 0.5440
2018-02-27 22:45:05,173 seq2seq.trainer.supervised_trainer DEBUG    Epoch: 18, Step: 1955
2018-02-27 22:45:05,756 seq2seq.trainer.supervised_trainer INFO     Progress: 24%, Train Perplexity: 0.7835
2018-02-27 22:45:08,014 seq2seq.trainer.supervised_trainer INFO     Progress: 24%, Train Perplexity: 0.7404
2018-02-27 22:45:11,649 seq2seq.trainer.supervised_trainer INFO     Progress: 24%, Train Perplexity: 0.7610
2018-02-27 22:45:13,675 seq2seq.trainer.supervised_trainer INFO     Progress: 25%, Train Perplexity: 0.8262
2018-02-27 22:45:16,101 seq2seq.trainer.supervised_trainer INFO     Progress: 25%, Train Perplexity: 0.7782
2018-02-27 22:45:18,475 seq2seq.trainer.supervised_trainer INFO     Progress: 25%, Train Perplexity: 0.7589
2018-02-27 22:45:20,790 seq2seq.trainer.supervised_trainer INFO     Finished epoch 18: Train Perplexity: 0.7718, Dev Perplexity: 1.0681, Accuracy: 0.9791, Sequence Accuracy: 0.8905, Variance: 0.5437
2018-02-27 22:45:20,790 seq2seq.trainer.supervised_trainer DEBUG    Epoch: 19, Step: 2070
2018-02-27 22:45:22,167 seq2seq.trainer.supervised_trainer INFO     Progress: 25%, Train Perplexity: 0.7287
2018-02-27 22:45:25,062 seq2seq.trainer.supervised_trainer INFO     Progress: 26%, Train Perplexity: 0.8031
2018-02-27 22:45:27,234 seq2seq.trainer.supervised_trainer INFO     Progress: 26%, Train Perplexity: 0.7371
2018-02-27 22:45:29,603 seq2seq.trainer.supervised_trainer DEBUG    Saved checkpoint var_0.55_acc_0.99_seq_acc_0.91_ppl_1.04_s2128
2018-02-27 22:45:31,098 seq2seq.trainer.supervised_trainer INFO     Progress: 26%, Train Perplexity: 0.7388
2018-02-27 22:45:33,740 seq2seq.trainer.supervised_trainer INFO     Progress: 26%, Train Perplexity: 0.7518
2018-02-27 22:45:36,793 seq2seq.trainer.supervised_trainer INFO     Progress: 27%, Train Perplexity: 0.7580
2018-02-27 22:45:38,768 seq2seq.trainer.supervised_trainer INFO     Finished epoch 19: Train Perplexity: 0.7523, Dev Perplexity: 1.0542, Accuracy: 0.9801, Sequence Accuracy: 0.8790, Variance: 0.5479
2018-02-27 22:45:38,768 seq2seq.trainer.supervised_trainer DEBUG    Epoch: 20, Step: 2185
2018-02-27 22:45:40,548 seq2seq.trainer.supervised_trainer INFO     Progress: 27%, Train Perplexity: 0.7740
2018-02-27 22:45:43,073 seq2seq.trainer.supervised_trainer INFO     Progress: 27%, Train Perplexity: 0.7564
2018-02-27 22:45:45,476 seq2seq.trainer.supervised_trainer INFO     Progress: 27%, Train Perplexity: 0.7842
2018-02-27 22:45:47,868 seq2seq.trainer.supervised_trainer INFO     Progress: 28%, Train Perplexity: 0.7530
2018-02-27 22:45:49,610 seq2seq.trainer.supervised_trainer DEBUG    Saved checkpoint var_0.55_acc_0.99_seq_acc_0.93_ppl_1.03_s2261
2018-02-27 22:45:52,182 seq2seq.trainer.supervised_trainer INFO     Progress: 28%, Train Perplexity: 0.7401
2018-02-27 22:45:54,604 seq2seq.trainer.supervised_trainer INFO     Progress: 28%, Train Perplexity: 0.7385
2018-02-27 22:45:56,065 seq2seq.trainer.supervised_trainer INFO     Finished epoch 20: Train Perplexity: 0.7600, Dev Perplexity: 1.2012, Accuracy: 0.9581, Sequence Accuracy: 0.8345, Variance: 0.5535
2018-02-27 22:45:56,066 seq2seq.trainer.supervised_trainer DEBUG    Epoch: 21, Step: 2300
2018-02-27 22:45:58,858 seq2seq.trainer.supervised_trainer INFO     Progress: 28%, Train Perplexity: 0.8049
2018-02-27 22:46:01,416 seq2seq.trainer.supervised_trainer INFO     Progress: 29%, Train Perplexity: 0.7119
2018-02-27 22:46:03,556 seq2seq.trainer.supervised_trainer INFO     Progress: 29%, Train Perplexity: 0.7552
2018-02-27 22:46:05,748 seq2seq.trainer.supervised_trainer INFO     Progress: 29%, Train Perplexity: 0.7804
2018-02-27 22:46:09,543 seq2seq.trainer.supervised_trainer INFO     Progress: 29%, Train Perplexity: 0.7620
2018-02-27 22:46:13,011 seq2seq.trainer.supervised_trainer INFO     Finished epoch 21: Train Perplexity: 0.7593, Dev Perplexity: 1.0025, Accuracy: 0.9944, Sequence Accuracy: 0.9660, Variance: 0.5542
2018-02-27 22:46:13,011 seq2seq.trainer.supervised_trainer DEBUG    Epoch: 22, Step: 2415
2018-02-27 22:46:13,671 seq2seq.trainer.supervised_trainer INFO     Progress: 30%, Train Perplexity: 0.7397
2018-02-27 22:46:16,283 seq2seq.trainer.supervised_trainer INFO     Progress: 30%, Train Perplexity: 0.7345
2018-02-27 22:46:18,951 seq2seq.trainer.supervised_trainer INFO     Progress: 30%, Train Perplexity: 0.7598
2018-02-27 22:46:21,363 seq2seq.trainer.supervised_trainer INFO     Progress: 30%, Train Perplexity: 0.7553
2018-02-27 22:46:23,707 seq2seq.trainer.supervised_trainer INFO     Progress: 31%, Train Perplexity: 0.7594
2018-02-27 22:46:25,961 seq2seq.trainer.supervised_trainer INFO     Progress: 31%, Train Perplexity: 0.7565
2018-02-27 22:46:28,352 seq2seq.trainer.supervised_trainer DEBUG    Saved checkpoint var_0.56_acc_0.99_seq_acc_0.95_ppl_1.01_s2527
2018-02-27 22:46:30,517 seq2seq.trainer.supervised_trainer INFO     Finished epoch 22: Train Perplexity: 0.7490, Dev Perplexity: 1.0398, Accuracy: 0.9851, Sequence Accuracy: 0.8890, Variance: 0.5530
2018-02-27 22:46:30,517 seq2seq.trainer.supervised_trainer DEBUG    Epoch: 23, Step: 2530
2018-02-27 22:46:31,675 seq2seq.trainer.supervised_trainer INFO     Progress: 31%, Train Perplexity: 0.6980
2018-02-27 22:46:33,873 seq2seq.trainer.supervised_trainer INFO     Progress: 31%, Train Perplexity: 0.8145
2018-02-27 22:46:36,480 seq2seq.trainer.supervised_trainer INFO     Progress: 32%, Train Perplexity: 0.7658
2018-02-27 22:46:38,807 seq2seq.trainer.supervised_trainer INFO     Progress: 32%, Train Perplexity: 0.7164
2018-02-27 22:46:41,347 seq2seq.trainer.supervised_trainer INFO     Progress: 32%, Train Perplexity: 0.7591
2018-02-27 22:46:43,657 seq2seq.trainer.supervised_trainer INFO     Progress: 32%, Train Perplexity: 0.7431
2018-02-27 22:46:45,790 seq2seq.trainer.supervised_trainer INFO     Finished epoch 23: Train Perplexity: 0.7504, Dev Perplexity: 0.9947, Accuracy: 0.9966, Sequence Accuracy: 0.9699, Variance: 0.5569
2018-02-27 22:46:45,790 seq2seq.trainer.supervised_trainer DEBUG    Epoch: 24, Step: 2645
2018-02-27 22:46:47,737 seq2seq.trainer.supervised_trainer INFO     Progress: 33%, Train Perplexity: 0.7145
2018-02-27 22:46:52,056 seq2seq.trainer.supervised_trainer INFO     Progress: 33%, Train Perplexity: 0.7476
2018-02-27 22:46:54,329 seq2seq.trainer.supervised_trainer INFO     Progress: 33%, Train Perplexity: 0.7734
2018-02-27 22:46:56,637 seq2seq.trainer.supervised_trainer INFO     Progress: 33%, Train Perplexity: 0.7386
2018-02-27 22:46:58,962 seq2seq.trainer.supervised_trainer INFO     Progress: 34%, Train Perplexity: 0.6978
2018-02-27 22:47:01,564 seq2seq.trainer.supervised_trainer INFO     Progress: 34%, Train Perplexity: 0.7203
2018-02-27 22:47:03,020 seq2seq.trainer.supervised_trainer INFO     Finished epoch 24: Train Perplexity: 0.7342, Dev Perplexity: 1.0046, Accuracy: 0.9944, Sequence Accuracy: 0.9675, Variance: 0.5567
2018-02-27 22:47:03,020 seq2seq.trainer.supervised_trainer DEBUG    Epoch: 25, Step: 2760
2018-02-27 22:47:05,300 seq2seq.trainer.supervised_trainer INFO     Progress: 34%, Train Perplexity: 0.7672
2018-02-27 22:47:08,259 seq2seq.trainer.supervised_trainer DEBUG    Saved checkpoint var_0.56_acc_0.99_seq_acc_0.96_ppl_1.00_s2793
2018-02-27 22:47:09,152 seq2seq.trainer.supervised_trainer INFO     Progress: 34%, Train Perplexity: 0.7207
2018-02-27 22:47:11,792 seq2seq.trainer.supervised_trainer INFO     Progress: 35%, Train Perplexity: 0.7241
2018-02-27 22:47:13,952 seq2seq.trainer.supervised_trainer INFO     Progress: 35%, Train Perplexity: 0.7359
2018-02-27 22:47:16,074 seq2seq.trainer.supervised_trainer INFO     Progress: 35%, Train Perplexity: 0.7575
2018-02-27 22:47:18,991 seq2seq.trainer.supervised_trainer INFO     Finished epoch 25: Train Perplexity: 0.7391, Dev Perplexity: 1.0177, Accuracy: 0.9931, Sequence Accuracy: 0.9560, Variance: 0.5565
2018-02-27 22:47:18,992 seq2seq.trainer.supervised_trainer DEBUG    Epoch: 26, Step: 2875
2018-02-27 22:47:19,970 seq2seq.trainer.supervised_trainer INFO     Progress: 35%, Train Perplexity: 0.7375
2018-02-27 22:47:22,328 seq2seq.trainer.supervised_trainer INFO     Progress: 36%, Train Perplexity: 0.7583
2018-02-27 22:47:24,669 seq2seq.trainer.supervised_trainer INFO     Progress: 36%, Train Perplexity: 0.7717
2018-02-27 22:47:28,258 seq2seq.trainer.supervised_trainer INFO     Progress: 36%, Train Perplexity: 0.6843
2018-02-27 22:47:30,655 seq2seq.trainer.supervised_trainer INFO     Progress: 36%, Train Perplexity: 0.7406
2018-02-27 22:47:33,022 seq2seq.trainer.supervised_trainer INFO     Progress: 37%, Train Perplexity: 0.7247
2018-02-27 22:47:36,099 seq2seq.trainer.supervised_trainer INFO     Finished epoch 26: Train Perplexity: 0.7366, Dev Perplexity: 1.0290, Accuracy: 0.9909, Sequence Accuracy: 0.9613, Variance: 0.5586
2018-02-27 22:47:36,099 seq2seq.trainer.supervised_trainer DEBUG    Epoch: 27, Step: 2990
2018-02-27 22:47:37,120 seq2seq.trainer.supervised_trainer INFO     Progress: 37%, Train Perplexity: 0.7290
2018-02-27 22:47:39,544 seq2seq.trainer.supervised_trainer INFO     Progress: 37%, Train Perplexity: 0.7376
2018-02-27 22:47:42,142 seq2seq.trainer.supervised_trainer INFO     Progress: 37%, Train Perplexity: 0.7621
2018-02-27 22:47:46,271 seq2seq.trainer.supervised_trainer DEBUG    Saved checkpoint var_0.56_acc_1.00_seq_acc_0.98_ppl_0.99_s3059
2018-02-27 22:47:46,755 seq2seq.trainer.supervised_trainer INFO     Progress: 38%, Train Perplexity: 0.7259
2018-02-27 22:47:49,160 seq2seq.trainer.supervised_trainer INFO     Progress: 38%, Train Perplexity: 0.7203
2018-02-27 22:47:51,407 seq2seq.trainer.supervised_trainer INFO     Progress: 38%, Train Perplexity: 0.7208
2018-02-27 22:47:53,686 seq2seq.trainer.supervised_trainer INFO     Finished epoch 27: Train Perplexity: 0.7333, Dev Perplexity: 0.9950, Accuracy: 0.9971, Sequence Accuracy: 0.9670, Variance: 0.5599
2018-02-27 22:47:53,686 seq2seq.trainer.supervised_trainer DEBUG    Epoch: 28, Step: 3105
2018-02-27 22:47:55,839 seq2seq.trainer.supervised_trainer INFO     Progress: 38%, Train Perplexity: 0.7578
2018-02-27 22:47:58,164 seq2seq.trainer.supervised_trainer INFO     Progress: 39%, Train Perplexity: 0.7252
2018-02-27 22:48:00,850 seq2seq.trainer.supervised_trainer INFO     Progress: 39%, Train Perplexity: 0.7085
2018-02-27 22:48:03,375 seq2seq.trainer.supervised_trainer INFO     Progress: 39%, Train Perplexity: 0.7165
2018-02-27 22:48:06,461 seq2seq.trainer.supervised_trainer DEBUG    Saved checkpoint var_0.56_acc_1.00_seq_acc_0.99_ppl_0.99_s3192
2018-02-27 22:48:08,221 seq2seq.trainer.supervised_trainer INFO     Progress: 39%, Train Perplexity: 0.7606
2018-02-27 22:48:10,872 seq2seq.trainer.supervised_trainer INFO     Progress: 40%, Train Perplexity: 0.7230
2018-02-27 22:48:12,329 seq2seq.trainer.supervised_trainer INFO     Finished epoch 28: Train Perplexity: 0.7317, Dev Perplexity: 1.1103, Accuracy: 0.9834, Sequence Accuracy: 0.9565, Variance: 0.5583
2018-02-27 22:48:12,330 seq2seq.trainer.supervised_trainer DEBUG    Epoch: 29, Step: 3220
2018-02-27 22:48:15,377 seq2seq.trainer.supervised_trainer INFO     Progress: 40%, Train Perplexity: 0.8141
2018-02-27 22:48:17,920 seq2seq.trainer.supervised_trainer INFO     Progress: 40%, Train Perplexity: 0.7341
2018-02-27 22:48:20,916 seq2seq.trainer.supervised_trainer INFO     Progress: 40%, Train Perplexity: 0.7521
2018-02-27 22:48:23,847 seq2seq.trainer.supervised_trainer INFO     Progress: 40%, Train Perplexity: 0.7068
2018-02-27 22:48:26,061 seq2seq.trainer.supervised_trainer INFO     Progress: 41%, Train Perplexity: 0.6997
2018-02-27 22:48:30,794 seq2seq.trainer.supervised_trainer INFO     Finished epoch 29: Train Perplexity: 0.7402, Dev Perplexity: 1.0296, Accuracy: 0.9900, Sequence Accuracy: 0.9082, Variance: 0.5563
2018-02-27 22:48:30,794 seq2seq.trainer.supervised_trainer DEBUG    Epoch: 30, Step: 3335
2018-02-27 22:48:31,374 seq2seq.trainer.supervised_trainer INFO     Progress: 41%, Train Perplexity: 0.7477
2018-02-27 22:48:33,815 seq2seq.trainer.supervised_trainer INFO     Progress: 41%, Train Perplexity: 0.7433
2018-02-27 22:48:36,677 seq2seq.trainer.supervised_trainer INFO     Progress: 41%, Train Perplexity: 0.7708
2018-02-27 22:48:38,788 seq2seq.trainer.supervised_trainer INFO     Progress: 42%, Train Perplexity: 0.7157
2018-02-27 22:48:40,917 seq2seq.trainer.supervised_trainer INFO     Progress: 42%, Train Perplexity: 0.6967
2018-02-27 22:48:43,603 seq2seq.trainer.supervised_trainer INFO     Progress: 42%, Train Perplexity: 0.7333
2018-02-27 22:48:46,422 seq2seq.trainer.supervised_trainer INFO     Finished epoch 30: Train Perplexity: 0.7346, Dev Perplexity: 0.9933, Accuracy: 0.9963, Sequence Accuracy: 0.9608, Variance: 0.5607
2018-02-27 22:48:46,423 seq2seq.trainer.supervised_trainer DEBUG    Epoch: 31, Step: 3450
2018-02-27 22:48:48,807 seq2seq.trainer.supervised_trainer INFO     Progress: 42%, Train Perplexity: 0.6884
2018-02-27 22:48:51,096 seq2seq.trainer.supervised_trainer INFO     Progress: 43%, Train Perplexity: 0.7146
2018-02-27 22:48:53,701 seq2seq.trainer.supervised_trainer INFO     Progress: 43%, Train Perplexity: 0.7620
2018-02-27 22:48:56,167 seq2seq.trainer.supervised_trainer INFO     Progress: 43%, Train Perplexity: 0.7449
2018-02-27 22:48:58,785 seq2seq.trainer.supervised_trainer INFO     Progress: 43%, Train Perplexity: 0.7478
2018-02-27 22:49:01,231 seq2seq.trainer.supervised_trainer INFO     Progress: 44%, Train Perplexity: 0.7372
2018-02-27 22:49:03,482 seq2seq.trainer.supervised_trainer INFO     Finished epoch 31: Train Perplexity: 0.7298, Dev Perplexity: 0.9840, Accuracy: 0.9998, Sequence Accuracy: 0.9971, Variance: 0.5623
2018-02-27 22:49:03,482 seq2seq.trainer.supervised_trainer DEBUG    Epoch: 32, Step: 3565
2018-02-27 22:49:05,518 seq2seq.trainer.supervised_trainer INFO     Progress: 44%, Train Perplexity: 0.7221
2018-02-27 22:49:09,194 seq2seq.trainer.supervised_trainer INFO     Progress: 44%, Train Perplexity: 0.7460
2018-02-27 22:49:11,699 seq2seq.trainer.supervised_trainer INFO     Progress: 44%, Train Perplexity: 0.7337
2018-02-27 22:49:14,095 seq2seq.trainer.supervised_trainer INFO     Progress: 45%, Train Perplexity: 0.7106
2018-02-27 22:49:16,787 seq2seq.trainer.supervised_trainer INFO     Progress: 45%, Train Perplexity: 0.7205
2018-02-27 22:49:19,103 seq2seq.trainer.supervised_trainer INFO     Progress: 45%, Train Perplexity: 0.7063
2018-02-27 22:49:20,558 seq2seq.trainer.supervised_trainer INFO     Finished epoch 32: Train Perplexity: 0.7256, Dev Perplexity: 0.9897, Accuracy: 0.9986, Sequence Accuracy: 0.9880, Variance: 0.5603
2018-02-27 22:49:20,558 seq2seq.trainer.supervised_trainer DEBUG    Epoch: 33, Step: 3680
2018-02-27 22:49:22,707 seq2seq.trainer.supervised_trainer INFO     Progress: 45%, Train Perplexity: 0.7249
2018-02-27 22:49:24,851 seq2seq.trainer.supervised_trainer INFO     Progress: 46%, Train Perplexity: 0.7595
2018-02-27 22:49:28,568 seq2seq.trainer.supervised_trainer INFO     Progress: 46%, Train Perplexity: 0.7375
2018-02-27 22:49:30,777 seq2seq.trainer.supervised_trainer INFO     Progress: 46%, Train Perplexity: 0.7456
2018-02-27 22:49:33,693 seq2seq.trainer.supervised_trainer INFO     Progress: 46%, Train Perplexity: 0.7078
2018-02-27 22:49:37,003 seq2seq.trainer.supervised_trainer INFO     Finished epoch 33: Train Perplexity: 0.7319, Dev Perplexity: 0.9829, Accuracy: 0.9999, Sequence Accuracy: 0.9986, Variance: 0.5604
2018-02-27 22:49:37,003 seq2seq.trainer.supervised_trainer DEBUG    Epoch: 34, Step: 3795
2018-02-27 22:49:37,590 seq2seq.trainer.supervised_trainer INFO     Progress: 47%, Train Perplexity: 0.7173
2018-02-27 22:49:40,534 seq2seq.trainer.supervised_trainer INFO     Progress: 47%, Train Perplexity: 0.7491
2018-02-27 22:49:42,796 seq2seq.trainer.supervised_trainer INFO     Progress: 47%, Train Perplexity: 0.6971
2018-02-27 22:49:46,737 seq2seq.trainer.supervised_trainer INFO     Progress: 47%, Train Perplexity: 0.7417
2018-02-27 22:49:49,246 seq2seq.trainer.supervised_trainer INFO     Progress: 48%, Train Perplexity: 0.7436
2018-02-27 22:49:51,670 seq2seq.trainer.supervised_trainer INFO     Progress: 48%, Train Perplexity: 0.7154
2018-02-27 22:49:54,089 seq2seq.trainer.supervised_trainer INFO     Finished epoch 34: Train Perplexity: 0.7323, Dev Perplexity: 1.0120, Accuracy: 0.9968, Sequence Accuracy: 0.9895, Variance: 0.5608
2018-02-27 22:49:54,090 seq2seq.trainer.supervised_trainer DEBUG    Epoch: 35, Step: 3910
2018-02-27 22:49:55,312 seq2seq.trainer.supervised_trainer INFO     Progress: 48%, Train Perplexity: 0.7424
2018-02-27 22:49:57,724 seq2seq.trainer.supervised_trainer INFO     Progress: 48%, Train Perplexity: 0.7049
2018-02-27 22:50:00,252 seq2seq.trainer.supervised_trainer INFO     Progress: 49%, Train Perplexity: 0.7377
2018-02-27 22:50:03,017 seq2seq.trainer.supervised_trainer INFO     Progress: 49%, Train Perplexity: 0.7412
2018-02-27 22:50:05,994 seq2seq.trainer.supervised_trainer DEBUG    Saved checkpoint var_0.56_acc_1.00_seq_acc_0.99_ppl_0.99_s3990
2018-02-27 22:50:07,552 seq2seq.trainer.supervised_trainer INFO     Progress: 49%, Train Perplexity: 0.7250
2018-02-27 22:50:09,847 seq2seq.trainer.supervised_trainer INFO     Progress: 49%, Train Perplexity: 0.7224
2018-02-27 22:50:11,724 seq2seq.trainer.supervised_trainer INFO     Finished epoch 35: Train Perplexity: 0.7252, Dev Perplexity: 0.9828, Accuracy: 1.0000, Sequence Accuracy: 0.9995, Variance: 0.5604
2018-02-27 22:50:11,724 seq2seq.trainer.supervised_trainer DEBUG    Epoch: 36, Step: 4025
2018-02-27 22:50:13,612 seq2seq.trainer.supervised_trainer INFO     Progress: 50%, Train Perplexity: 0.7077
2018-02-27 22:50:16,109 seq2seq.trainer.supervised_trainer INFO     Progress: 50%, Train Perplexity: 0.7190
2018-02-27 22:50:18,851 seq2seq.trainer.supervised_trainer INFO     Progress: 50%, Train Perplexity: 0.7807
2018-02-27 22:50:21,424 seq2seq.trainer.supervised_trainer INFO     Progress: 50%, Train Perplexity: 0.7491
2018-02-27 22:50:23,602 seq2seq.trainer.supervised_trainer INFO     Progress: 51%, Train Perplexity: 0.6923
2018-02-27 22:50:27,669 seq2seq.trainer.supervised_trainer INFO     Progress: 51%, Train Perplexity: 0.7013
2018-02-27 22:50:29,123 seq2seq.trainer.supervised_trainer INFO     Finished epoch 36: Train Perplexity: 0.7260, Dev Perplexity: 1.0240, Accuracy: 0.9945, Sequence Accuracy: 0.9675, Variance: 0.5606
2018-02-27 22:50:29,123 seq2seq.trainer.supervised_trainer DEBUG    Epoch: 37, Step: 4140
2018-02-27 22:50:31,463 seq2seq.trainer.supervised_trainer INFO     Progress: 51%, Train Perplexity: 0.7292
2018-02-27 22:50:33,649 seq2seq.trainer.supervised_trainer INFO     Progress: 51%, Train Perplexity: 0.7341
2018-02-27 22:50:35,587 seq2seq.trainer.supervised_trainer INFO     Progress: 52%, Train Perplexity: 0.7152
2018-02-27 22:50:37,996 seq2seq.trainer.supervised_trainer INFO     Progress: 52%, Train Perplexity: 0.7204
2018-02-27 22:50:40,298 seq2seq.trainer.supervised_trainer INFO     Progress: 52%, Train Perplexity: 0.7265
2018-02-27 22:50:43,686 seq2seq.trainer.supervised_trainer INFO     Finished epoch 37: Train Perplexity: 0.7246, Dev Perplexity: 0.9905, Accuracy: 0.9981, Sequence Accuracy: 0.9799, Variance: 0.5614
2018-02-27 22:50:43,687 seq2seq.trainer.supervised_trainer DEBUG    Epoch: 38, Step: 4255
2018-02-27 22:50:46,000 seq2seq.trainer.supervised_trainer INFO     Progress: 52%, Train Perplexity: 0.7181
2018-02-27 22:50:48,787 seq2seq.trainer.supervised_trainer INFO     Progress: 53%, Train Perplexity: 0.7326
2018-02-27 22:50:50,921 seq2seq.trainer.supervised_trainer INFO     Progress: 53%, Train Perplexity: 0.6964
2018-02-27 22:50:53,476 seq2seq.trainer.supervised_trainer INFO     Progress: 53%, Train Perplexity: 0.7378
2018-02-27 22:50:56,125 seq2seq.trainer.supervised_trainer INFO     Progress: 53%, Train Perplexity: 0.7061
2018-02-27 22:50:58,972 seq2seq.trainer.supervised_trainer INFO     Progress: 54%, Train Perplexity: 0.7382
2018-02-27 22:51:01,903 seq2seq.trainer.supervised_trainer INFO     Finished epoch 38: Train Perplexity: 0.7203, Dev Perplexity: 0.9871, Accuracy: 0.9990, Sequence Accuracy: 0.9909, Variance: 0.5609
2018-02-27 22:51:01,903 seq2seq.trainer.supervised_trainer DEBUG    Epoch: 39, Step: 4370
2018-02-27 22:51:03,292 seq2seq.trainer.supervised_trainer INFO     Progress: 54%, Train Perplexity: 0.7221
2018-02-27 22:51:07,574 seq2seq.trainer.supervised_trainer INFO     Progress: 54%, Train Perplexity: 0.7835
2018-02-27 22:51:09,985 seq2seq.trainer.supervised_trainer INFO     Progress: 54%, Train Perplexity: 0.7258
2018-02-27 22:51:12,290 seq2seq.trainer.supervised_trainer INFO     Progress: 55%, Train Perplexity: 0.7006
2018-02-27 22:51:14,571 seq2seq.trainer.supervised_trainer INFO     Progress: 55%, Train Perplexity: 0.7104
2018-02-27 22:51:17,374 seq2seq.trainer.supervised_trainer INFO     Progress: 55%, Train Perplexity: 0.7145
2018-02-27 22:51:19,662 seq2seq.trainer.supervised_trainer INFO     Finished epoch 39: Train Perplexity: 0.7278, Dev Perplexity: 1.0404, Accuracy: 0.9937, Sequence Accuracy: 0.9708, Variance: 0.5617
2018-02-27 22:51:19,662 seq2seq.trainer.supervised_trainer DEBUG    Epoch: 40, Step: 4485
2018-02-27 22:51:21,070 seq2seq.trainer.supervised_trainer INFO     Progress: 55%, Train Perplexity: 0.6985
2018-02-27 22:51:23,546 seq2seq.trainer.supervised_trainer INFO     Progress: 56%, Train Perplexity: 0.7373
2018-02-27 22:51:27,728 seq2seq.trainer.supervised_trainer INFO     Progress: 56%, Train Perplexity: 0.7588
2018-02-27 22:51:30,133 seq2seq.trainer.supervised_trainer INFO     Progress: 56%, Train Perplexity: 0.7284
2018-02-27 22:51:32,729 seq2seq.trainer.supervised_trainer INFO     Progress: 56%, Train Perplexity: 0.7072
2018-02-27 22:51:35,020 seq2seq.trainer.supervised_trainer INFO     Progress: 57%, Train Perplexity: 0.7038
2018-02-27 22:51:36,475 seq2seq.trainer.supervised_trainer INFO     Finished epoch 40: Train Perplexity: 0.7221, Dev Perplexity: 0.9872, Accuracy: 0.9990, Sequence Accuracy: 0.9861, Variance: 0.5614
2018-02-27 22:51:36,475 seq2seq.trainer.supervised_trainer DEBUG    Epoch: 41, Step: 4600
2018-02-27 22:51:38,873 seq2seq.trainer.supervised_trainer INFO     Progress: 57%, Train Perplexity: 0.7134
2018-02-27 22:51:41,682 seq2seq.trainer.supervised_trainer INFO     Progress: 57%, Train Perplexity: 0.7470
2018-02-27 22:51:45,193 seq2seq.trainer.supervised_trainer DEBUG    Saved checkpoint var_0.56_acc_1.00_seq_acc_0.98_ppl_0.99_s4655
2018-02-27 22:51:46,026 seq2seq.trainer.supervised_trainer INFO     Progress: 57%, Train Perplexity: 0.7483
2018-02-27 22:51:48,443 seq2seq.trainer.supervised_trainer INFO     Progress: 58%, Train Perplexity: 0.7384
2018-02-27 22:51:51,016 seq2seq.trainer.supervised_trainer INFO     Progress: 58%, Train Perplexity: 0.6840
2018-02-27 22:51:54,528 seq2seq.trainer.supervised_trainer INFO     Finished epoch 41: Train Perplexity: 0.7243, Dev Perplexity: 0.9984, Accuracy: 0.9971, Sequence Accuracy: 0.9593, Variance: 0.5616
2018-02-27 22:51:54,529 seq2seq.trainer.supervised_trainer DEBUG    Epoch: 42, Step: 4715
2018-02-27 22:51:55,106 seq2seq.trainer.supervised_trainer INFO     Progress: 58%, Train Perplexity: 0.7024
2018-02-27 22:51:57,867 seq2seq.trainer.supervised_trainer INFO     Progress: 58%, Train Perplexity: 0.7522
2018-02-27 22:51:59,968 seq2seq.trainer.supervised_trainer INFO     Progress: 59%, Train Perplexity: 0.7109
2018-02-27 22:52:02,421 seq2seq.trainer.supervised_trainer INFO     Progress: 59%, Train Perplexity: 0.7311
2018-02-27 22:52:06,016 seq2seq.trainer.supervised_trainer INFO     Progress: 59%, Train Perplexity: 0.7117
2018-02-27 22:52:07,954 seq2seq.trainer.supervised_trainer INFO     Progress: 59%, Train Perplexity: 0.7133
2018-02-27 22:52:10,364 seq2seq.trainer.supervised_trainer INFO     Finished epoch 42: Train Perplexity: 0.7211, Dev Perplexity: 0.9924, Accuracy: 0.9982, Sequence Accuracy: 0.9833, Variance: 0.5614
2018-02-27 22:52:10,365 seq2seq.trainer.supervised_trainer DEBUG    Epoch: 43, Step: 4830
2018-02-27 22:52:11,267 seq2seq.trainer.supervised_trainer INFO     Progress: 60%, Train Perplexity: 0.7472
2018-02-27 22:52:13,611 seq2seq.trainer.supervised_trainer INFO     Progress: 60%, Train Perplexity: 0.7193
2018-02-27 22:52:16,012 seq2seq.trainer.supervised_trainer INFO     Progress: 60%, Train Perplexity: 0.7152
2018-02-27 22:52:18,771 seq2seq.trainer.supervised_trainer INFO     Progress: 60%, Train Perplexity: 0.7340
2018-02-27 22:52:21,623 seq2seq.trainer.supervised_trainer INFO     Progress: 61%, Train Perplexity: 0.7279
2018-02-27 22:52:23,369 seq2seq.trainer.supervised_trainer DEBUG    Saved checkpoint var_0.56_acc_1.00_seq_acc_1.00_ppl_0.98_s4921
2018-02-27 22:52:25,518 seq2seq.trainer.supervised_trainer INFO     Progress: 61%, Train Perplexity: 0.7078
2018-02-27 22:52:27,804 seq2seq.trainer.supervised_trainer INFO     Finished epoch 43: Train Perplexity: 0.7247, Dev Perplexity: 0.9831, Accuracy: 0.9998, Sequence Accuracy: 0.9976, Variance: 0.5617
2018-02-27 22:52:27,805 seq2seq.trainer.supervised_trainer DEBUG    Epoch: 44, Step: 4945
2018-02-27 22:52:29,631 seq2seq.trainer.supervised_trainer INFO     Progress: 61%, Train Perplexity: 0.6872
2018-02-27 22:52:32,022 seq2seq.trainer.supervised_trainer INFO     Progress: 61%, Train Perplexity: 0.7516
2018-02-27 22:52:34,992 seq2seq.trainer.supervised_trainer INFO     Progress: 62%, Train Perplexity: 0.7707
2018-02-27 22:52:37,393 seq2seq.trainer.supervised_trainer INFO     Progress: 62%, Train Perplexity: 0.7078
2018-02-27 22:52:39,584 seq2seq.trainer.supervised_trainer INFO     Progress: 62%, Train Perplexity: 0.7116
2018-02-27 22:52:43,554 seq2seq.trainer.supervised_trainer INFO     Progress: 62%, Train Perplexity: 0.7083
2018-02-27 22:52:45,013 seq2seq.trainer.supervised_trainer INFO     Finished epoch 44: Train Perplexity: 0.7240, Dev Perplexity: 0.9832, Accuracy: 0.9999, Sequence Accuracy: 0.9990, Variance: 0.5614
2018-02-27 22:52:45,013 seq2seq.trainer.supervised_trainer DEBUG    Epoch: 45, Step: 5060
2018-02-27 22:52:47,697 seq2seq.trainer.supervised_trainer INFO     Progress: 63%, Train Perplexity: 0.7364
2018-02-27 22:52:50,264 seq2seq.trainer.supervised_trainer INFO     Progress: 63%, Train Perplexity: 0.7218
2018-02-27 22:52:52,802 seq2seq.trainer.supervised_trainer INFO     Progress: 63%, Train Perplexity: 0.7443
2018-02-27 22:52:55,294 seq2seq.trainer.supervised_trainer INFO     Progress: 63%, Train Perplexity: 0.6976
2018-02-27 22:52:57,458 seq2seq.trainer.supervised_trainer INFO     Progress: 64%, Train Perplexity: 0.7201
2018-02-27 22:53:01,178 seq2seq.trainer.supervised_trainer INFO     Finished epoch 45: Train Perplexity: 0.7240, Dev Perplexity: 0.9835, Accuracy: 0.9996, Sequence Accuracy: 0.9933, Variance: 0.5618
2018-02-27 22:53:01,178 seq2seq.trainer.supervised_trainer DEBUG    Epoch: 46, Step: 5175
2018-02-27 22:53:01,767 seq2seq.trainer.supervised_trainer INFO     Progress: 64%, Train Perplexity: 0.7268
2018-02-27 22:53:05,318 seq2seq.trainer.supervised_trainer INFO     Progress: 64%, Train Perplexity: 0.6858
2018-02-27 22:53:08,115 seq2seq.trainer.supervised_trainer INFO     Progress: 64%, Train Perplexity: 0.7186
2018-02-27 22:53:10,175 seq2seq.trainer.supervised_trainer INFO     Progress: 65%, Train Perplexity: 0.7354
2018-02-27 22:53:12,603 seq2seq.trainer.supervised_trainer INFO     Progress: 65%, Train Perplexity: 0.7366
2018-02-27 22:53:14,946 seq2seq.trainer.supervised_trainer INFO     Progress: 65%, Train Perplexity: 0.7217
2018-02-27 22:53:17,769 seq2seq.trainer.supervised_trainer INFO     Finished epoch 46: Train Perplexity: 0.7188, Dev Perplexity: 0.9825, Accuracy: 1.0000, Sequence Accuracy: 1.0000, Variance: 0.5621
2018-02-27 22:53:17,770 seq2seq.trainer.supervised_trainer DEBUG    Epoch: 47, Step: 5290
2018-02-27 22:53:19,049 seq2seq.trainer.supervised_trainer INFO     Progress: 65%, Train Perplexity: 0.7131
2018-02-27 22:53:21,212 seq2seq.trainer.supervised_trainer INFO     Progress: 66%, Train Perplexity: 0.6967
2018-02-27 22:53:25,130 seq2seq.trainer.supervised_trainer INFO     Progress: 66%, Train Perplexity: 0.6803
2018-02-27 22:53:27,649 seq2seq.trainer.supervised_trainer INFO     Progress: 66%, Train Perplexity: 0.7598
2018-02-27 22:53:30,213 seq2seq.trainer.supervised_trainer INFO     Progress: 66%, Train Perplexity: 0.7237
2018-02-27 22:53:32,303 seq2seq.trainer.supervised_trainer INFO     Progress: 67%, Train Perplexity: 0.7516
2018-02-27 22:53:34,503 seq2seq.trainer.supervised_trainer INFO     Finished epoch 47: Train Perplexity: 0.7212, Dev Perplexity: 1.0066, Accuracy: 0.9974, Sequence Accuracy: 0.9785, Variance: 0.5618
2018-02-27 22:53:34,503 seq2seq.trainer.supervised_trainer DEBUG    Epoch: 48, Step: 5405
2018-02-27 22:53:36,354 seq2seq.trainer.supervised_trainer INFO     Progress: 67%, Train Perplexity: 0.6899
2018-02-27 22:53:39,136 seq2seq.trainer.supervised_trainer INFO     Progress: 67%, Train Perplexity: 0.7686
2018-02-27 22:53:42,860 seq2seq.trainer.supervised_trainer INFO     Progress: 67%, Train Perplexity: 0.7231
2018-02-27 22:53:45,195 seq2seq.trainer.supervised_trainer INFO     Progress: 68%, Train Perplexity: 0.7330
2018-02-27 22:53:47,779 seq2seq.trainer.supervised_trainer INFO     Progress: 68%, Train Perplexity: 0.7058
2018-02-27 22:53:50,551 seq2seq.trainer.supervised_trainer INFO     Progress: 68%, Train Perplexity: 0.7247
2018-02-27 22:53:52,003 seq2seq.trainer.supervised_trainer INFO     Finished epoch 48: Train Perplexity: 0.7257, Dev Perplexity: 0.9825, Accuracy: 1.0000, Sequence Accuracy: 1.0000, Variance: 0.5617
2018-02-27 22:53:52,004 seq2seq.trainer.supervised_trainer DEBUG    Epoch: 49, Step: 5520
2018-02-27 22:53:54,773 seq2seq.trainer.supervised_trainer INFO     Progress: 68%, Train Perplexity: 0.7493
2018-02-27 22:53:57,220 seq2seq.trainer.supervised_trainer INFO     Progress: 69%, Train Perplexity: 0.7432
2018-02-27 22:53:59,515 seq2seq.trainer.supervised_trainer INFO     Progress: 69%, Train Perplexity: 0.6751
2018-02-27 22:54:01,678 seq2seq.trainer.supervised_trainer DEBUG    Saved checkpoint var_0.56_acc_1.00_seq_acc_1.00_ppl_0.98_s5586
2018-02-27 22:54:03,182 seq2seq.trainer.supervised_trainer INFO     Progress: 69%, Train Perplexity: 0.7058
2018-02-27 22:54:05,475 seq2seq.trainer.supervised_trainer INFO     Progress: 69%, Train Perplexity: 0.7374
2018-02-27 22:54:08,518 seq2seq.trainer.supervised_trainer INFO     Finished epoch 49: Train Perplexity: 0.7207, Dev Perplexity: 1.0083, Accuracy: 0.9970, Sequence Accuracy: 0.9747, Variance: 0.5620
2018-02-27 22:54:08,518 seq2seq.trainer.supervised_trainer DEBUG    Epoch: 50, Step: 5635
2018-02-27 22:54:09,507 seq2seq.trainer.supervised_trainer INFO     Progress: 70%, Train Perplexity: 0.7261
2018-02-27 22:54:11,790 seq2seq.trainer.supervised_trainer INFO     Progress: 70%, Train Perplexity: 0.7335
2018-02-27 22:54:13,915 seq2seq.trainer.supervised_trainer INFO     Progress: 70%, Train Perplexity: 0.7033
2018-02-27 22:54:16,149 seq2seq.trainer.supervised_trainer INFO     Progress: 70%, Train Perplexity: 0.7148
2018-02-27 22:54:20,028 seq2seq.trainer.supervised_trainer INFO     Progress: 71%, Train Perplexity: 0.7256
2018-02-27 22:54:22,600 seq2seq.trainer.supervised_trainer INFO     Progress: 71%, Train Perplexity: 0.7413
2018-02-27 22:54:25,177 seq2seq.trainer.supervised_trainer INFO     Finished epoch 50: Train Perplexity: 0.7235, Dev Perplexity: 0.9852, Accuracy: 0.9994, Sequence Accuracy: 0.9923, Variance: 0.5620
2018-02-27 22:54:25,177 seq2seq.trainer.supervised_trainer DEBUG    Epoch: 51, Step: 5750
2018-02-27 22:54:26,214 seq2seq.trainer.supervised_trainer INFO     Progress: 71%, Train Perplexity: 0.6954
2018-02-27 22:54:28,477 seq2seq.trainer.supervised_trainer INFO     Progress: 71%, Train Perplexity: 0.7215
2018-02-27 22:54:30,795 seq2seq.trainer.supervised_trainer INFO     Progress: 72%, Train Perplexity: 0.7325
2018-02-27 22:54:33,579 seq2seq.trainer.supervised_trainer INFO     Progress: 72%, Train Perplexity: 0.7222
2018-02-27 22:54:36,275 seq2seq.trainer.supervised_trainer INFO     Progress: 72%, Train Perplexity: 0.7330
2018-02-27 22:54:40,343 seq2seq.trainer.supervised_trainer INFO     Progress: 72%, Train Perplexity: 0.7254
2018-02-27 22:54:42,248 seq2seq.trainer.supervised_trainer INFO     Finished epoch 51: Train Perplexity: 0.7243, Dev Perplexity: 1.0056, Accuracy: 0.9980, Sequence Accuracy: 0.9938, Variance: 0.5613
2018-02-27 22:54:42,248 seq2seq.trainer.supervised_trainer DEBUG    Epoch: 52, Step: 5865
2018-02-27 22:54:43,955 seq2seq.trainer.supervised_trainer INFO     Progress: 73%, Train Perplexity: 0.7115
2018-02-27 22:54:46,619 seq2seq.trainer.supervised_trainer INFO     Progress: 73%, Train Perplexity: 0.7046
2018-02-27 22:54:49,133 seq2seq.trainer.supervised_trainer INFO     Progress: 73%, Train Perplexity: 0.7018
2018-02-27 22:54:51,875 seq2seq.trainer.supervised_trainer INFO     Progress: 73%, Train Perplexity: 0.7316
2018-02-27 22:54:54,106 seq2seq.trainer.supervised_trainer INFO     Progress: 74%, Train Perplexity: 0.7460
2018-02-27 22:54:56,637 seq2seq.trainer.supervised_trainer INFO     Progress: 74%, Train Perplexity: 0.7388
2018-02-27 22:54:58,097 seq2seq.trainer.supervised_trainer INFO     Finished epoch 52: Train Perplexity: 0.7220, Dev Perplexity: 0.9833, Accuracy: 0.9997, Sequence Accuracy: 0.9971, Variance: 0.5626
2018-02-27 22:54:58,097 seq2seq.trainer.supervised_trainer DEBUG    Epoch: 53, Step: 5980
2018-02-27 22:55:02,004 seq2seq.trainer.supervised_trainer INFO     Progress: 74%, Train Perplexity: 0.7443
2018-02-27 22:55:03,962 seq2seq.trainer.supervised_trainer INFO     Progress: 74%, Train Perplexity: 0.6857
2018-02-27 22:55:06,614 seq2seq.trainer.supervised_trainer INFO     Progress: 75%, Train Perplexity: 0.7256
2018-02-27 22:55:09,413 seq2seq.trainer.supervised_trainer INFO     Progress: 75%, Train Perplexity: 0.7357
2018-02-27 22:55:11,515 seq2seq.trainer.supervised_trainer INFO     Progress: 75%, Train Perplexity: 0.7056
2018-02-27 22:55:14,707 seq2seq.trainer.supervised_trainer INFO     Finished epoch 53: Train Perplexity: 0.7184, Dev Perplexity: 1.0233, Accuracy: 0.9959, Sequence Accuracy: 0.9742, Variance: 0.5623
2018-02-27 22:55:14,708 seq2seq.trainer.supervised_trainer DEBUG    Epoch: 54, Step: 6095
2018-02-27 22:55:15,170 seq2seq.trainer.supervised_trainer INFO     Progress: 75%, Train Perplexity: 0.7057
2018-02-27 22:55:18,800 seq2seq.trainer.supervised_trainer DEBUG    Saved checkpoint var_0.56_acc_1.00_seq_acc_1.00_ppl_0.98_s6118
2018-02-27 22:55:19,356 seq2seq.trainer.supervised_trainer INFO     Progress: 76%, Train Perplexity: 0.7359
2018-02-27 22:55:21,249 seq2seq.trainer.supervised_trainer INFO     Progress: 76%, Train Perplexity: 0.6925
2018-02-27 22:55:23,444 seq2seq.trainer.supervised_trainer INFO     Progress: 76%, Train Perplexity: 0.7266
2018-02-27 22:55:26,155 seq2seq.trainer.supervised_trainer INFO     Progress: 76%, Train Perplexity: 0.7424
2018-02-27 22:55:28,288 seq2seq.trainer.supervised_trainer INFO     Progress: 77%, Train Perplexity: 0.7084
2018-02-27 22:55:30,968 seq2seq.trainer.supervised_trainer INFO     Finished epoch 54: Train Perplexity: 0.7176, Dev Perplexity: 0.9833, Accuracy: 0.9998, Sequence Accuracy: 0.9981, Variance: 0.5626
2018-02-27 22:55:30,968 seq2seq.trainer.supervised_trainer DEBUG    Epoch: 55, Step: 6210
2018-02-27 22:55:32,306 seq2seq.trainer.supervised_trainer INFO     Progress: 77%, Train Perplexity: 0.7255
2018-02-27 22:55:34,982 seq2seq.trainer.supervised_trainer INFO     Progress: 77%, Train Perplexity: 0.7145
2018-02-27 22:55:39,360 seq2seq.trainer.supervised_trainer INFO     Progress: 77%, Train Perplexity: 0.7450
2018-02-27 22:55:41,250 seq2seq.trainer.supervised_trainer INFO     Progress: 78%, Train Perplexity: 0.6786
2018-02-27 22:55:43,486 seq2seq.trainer.supervised_trainer INFO     Progress: 78%, Train Perplexity: 0.7385
2018-02-27 22:55:45,590 seq2seq.trainer.supervised_trainer INFO     Progress: 78%, Train Perplexity: 0.7173
2018-02-27 22:55:47,902 seq2seq.trainer.supervised_trainer INFO     Finished epoch 55: Train Perplexity: 0.7223, Dev Perplexity: 0.9904, Accuracy: 0.9988, Sequence Accuracy: 0.9885, Variance: 0.5633
2018-02-27 22:55:47,903 seq2seq.trainer.supervised_trainer DEBUG    Epoch: 56, Step: 6325
2018-02-27 22:55:49,982 seq2seq.trainer.supervised_trainer INFO     Progress: 78%, Train Perplexity: 0.7347
2018-02-27 22:55:52,379 seq2seq.trainer.supervised_trainer INFO     Progress: 79%, Train Perplexity: 0.7198
2018-02-27 22:55:54,918 seq2seq.trainer.supervised_trainer INFO     Progress: 79%, Train Perplexity: 0.7602
2018-02-27 22:55:58,819 seq2seq.trainer.supervised_trainer INFO     Progress: 79%, Train Perplexity: 0.7094
2018-02-27 22:56:01,073 seq2seq.trainer.supervised_trainer INFO     Progress: 79%, Train Perplexity: 0.7072
2018-02-27 22:56:03,706 seq2seq.trainer.supervised_trainer INFO     Progress: 80%, Train Perplexity: 0.6941
2018-02-27 22:56:05,165 seq2seq.trainer.supervised_trainer INFO     Finished epoch 56: Train Perplexity: 0.7203, Dev Perplexity: 0.9854, Accuracy: 0.9996, Sequence Accuracy: 0.9962, Variance: 0.5632
2018-02-27 22:56:05,165 seq2seq.trainer.supervised_trainer DEBUG    Epoch: 57, Step: 6440
2018-02-27 22:56:07,729 seq2seq.trainer.supervised_trainer INFO     Progress: 80%, Train Perplexity: 0.7688
2018-02-27 22:56:10,091 seq2seq.trainer.supervised_trainer INFO     Progress: 80%, Train Perplexity: 0.7047
2018-02-27 22:56:12,286 seq2seq.trainer.supervised_trainer INFO     Progress: 80%, Train Perplexity: 0.7269
2018-02-27 22:56:16,292 seq2seq.trainer.supervised_trainer INFO     Progress: 80%, Train Perplexity: 0.7145
2018-02-27 22:56:18,608 seq2seq.trainer.supervised_trainer INFO     Progress: 81%, Train Perplexity: 0.6873
2018-02-27 22:56:22,228 seq2seq.trainer.supervised_trainer INFO     Finished epoch 57: Train Perplexity: 0.7186, Dev Perplexity: 0.9851, Accuracy: 0.9994, Sequence Accuracy: 0.9952, Variance: 0.5633
2018-02-27 22:56:22,228 seq2seq.trainer.supervised_trainer DEBUG    Epoch: 58, Step: 6555
2018-02-27 22:56:23,019 seq2seq.trainer.supervised_trainer INFO     Progress: 81%, Train Perplexity: 0.7063
2018-02-27 22:56:25,646 seq2seq.trainer.supervised_trainer INFO     Progress: 81%, Train Perplexity: 0.7146
2018-02-27 22:56:28,003 seq2seq.trainer.supervised_trainer INFO     Progress: 81%, Train Perplexity: 0.7304
2018-02-27 22:56:30,183 seq2seq.trainer.supervised_trainer INFO     Progress: 82%, Train Perplexity: 0.7337
2018-02-27 22:56:32,306 seq2seq.trainer.supervised_trainer INFO     Progress: 82%, Train Perplexity: 0.7169
2018-02-27 22:56:35,818 seq2seq.trainer.supervised_trainer INFO     Progress: 82%, Train Perplexity: 0.7152
2018-02-27 22:56:38,480 seq2seq.trainer.supervised_trainer INFO     Finished epoch 58: Train Perplexity: 0.7198, Dev Perplexity: 0.9835, Accuracy: 0.9998, Sequence Accuracy: 0.9971, Variance: 0.5620
2018-02-27 22:56:38,480 seq2seq.trainer.supervised_trainer DEBUG    Epoch: 59, Step: 6670
2018-02-27 22:56:39,649 seq2seq.trainer.supervised_trainer INFO     Progress: 82%, Train Perplexity: 0.7012
2018-02-27 22:56:42,207 seq2seq.trainer.supervised_trainer INFO     Progress: 83%, Train Perplexity: 0.7139
2018-02-27 22:56:44,724 seq2seq.trainer.supervised_trainer INFO     Progress: 83%, Train Perplexity: 0.7376
2018-02-27 22:56:47,166 seq2seq.trainer.supervised_trainer INFO     Progress: 83%, Train Perplexity: 0.7251
2018-02-27 22:56:49,845 seq2seq.trainer.supervised_trainer INFO     Progress: 83%, Train Perplexity: 0.7051
2018-02-27 22:56:52,719 seq2seq.trainer.supervised_trainer INFO     Progress: 84%, Train Perplexity: 0.7409
2018-02-27 22:56:56,148 seq2seq.trainer.supervised_trainer INFO     Finished epoch 59: Train Perplexity: 0.7189, Dev Perplexity: 0.9828, Accuracy: 0.9999, Sequence Accuracy: 0.9990, Variance: 0.5621
2018-02-27 22:56:56,148 seq2seq.trainer.supervised_trainer DEBUG    Epoch: 60, Step: 6785
2018-02-27 22:56:58,139 seq2seq.trainer.supervised_trainer INFO     Progress: 84%, Train Perplexity: 0.7110
2018-02-27 22:57:00,610 seq2seq.trainer.supervised_trainer INFO     Progress: 84%, Train Perplexity: 0.7023
2018-02-27 22:57:02,782 seq2seq.trainer.supervised_trainer INFO     Progress: 84%, Train Perplexity: 0.7330
2018-02-27 22:57:05,074 seq2seq.trainer.supervised_trainer INFO     Progress: 85%, Train Perplexity: 0.7147
2018-02-27 22:57:07,553 seq2seq.trainer.supervised_trainer INFO     Progress: 85%, Train Perplexity: 0.7164
2018-02-27 22:57:09,822 seq2seq.trainer.supervised_trainer INFO     Progress: 85%, Train Perplexity: 0.7165
2018-02-27 22:57:11,287 seq2seq.trainer.supervised_trainer INFO     Finished epoch 60: Train Perplexity: 0.7187, Dev Perplexity: 0.9836, Accuracy: 0.9998, Sequence Accuracy: 0.9967, Variance: 0.5621
2018-02-27 22:57:11,287 seq2seq.trainer.supervised_trainer DEBUG    Epoch: 61, Step: 6900
2018-02-27 22:57:15,617 seq2seq.trainer.supervised_trainer INFO     Progress: 85%, Train Perplexity: 0.7174
2018-02-27 22:57:17,866 seq2seq.trainer.supervised_trainer INFO     Progress: 86%, Train Perplexity: 0.7162
2018-02-27 22:57:21,017 seq2seq.trainer.supervised_trainer INFO     Progress: 86%, Train Perplexity: 0.7489
2018-02-27 22:57:23,432 seq2seq.trainer.supervised_trainer INFO     Progress: 86%, Train Perplexity: 0.7171
2018-02-27 22:57:25,666 seq2seq.trainer.supervised_trainer INFO     Progress: 86%, Train Perplexity: 0.6988
2018-02-27 22:57:28,596 seq2seq.trainer.supervised_trainer INFO     Finished epoch 61: Train Perplexity: 0.7177, Dev Perplexity: 0.9990, Accuracy: 0.9980, Sequence Accuracy: 0.9699, Variance: 0.5623
2018-02-27 22:57:28,596 seq2seq.trainer.supervised_trainer DEBUG    Epoch: 62, Step: 7015
2018-02-27 22:57:29,117 seq2seq.trainer.supervised_trainer INFO     Progress: 87%, Train Perplexity: 0.6952
2018-02-27 22:57:31,670 seq2seq.trainer.supervised_trainer INFO     Progress: 87%, Train Perplexity: 0.7607
2018-02-27 22:57:35,848 seq2seq.trainer.supervised_trainer INFO     Progress: 87%, Train Perplexity: 0.7332
2018-02-27 22:57:38,099 seq2seq.trainer.supervised_trainer INFO     Progress: 87%, Train Perplexity: 0.6770
2018-02-27 22:57:40,263 seq2seq.trainer.supervised_trainer INFO     Progress: 88%, Train Perplexity: 0.7318
2018-02-27 22:57:42,881 seq2seq.trainer.supervised_trainer INFO     Progress: 88%, Train Perplexity: 0.7123
2018-02-27 22:57:45,676 seq2seq.trainer.supervised_trainer INFO     Finished epoch 62: Train Perplexity: 0.7223, Dev Perplexity: 0.9836, Accuracy: 0.9998, Sequence Accuracy: 0.9981, Variance: 0.5623
2018-02-27 22:57:45,676 seq2seq.trainer.supervised_trainer DEBUG    Epoch: 63, Step: 7130
2018-02-27 22:57:47,025 seq2seq.trainer.supervised_trainer INFO     Progress: 88%, Train Perplexity: 0.7337
2018-02-27 22:57:49,400 seq2seq.trainer.supervised_trainer INFO     Progress: 88%, Train Perplexity: 0.7291
2018-02-27 22:57:51,189 seq2seq.trainer.supervised_trainer INFO     Progress: 89%, Train Perplexity: 0.7340
2018-02-27 22:57:52,906 seq2seq.trainer.supervised_trainer DEBUG    Saved checkpoint var_0.56_acc_1.00_seq_acc_1.00_ppl_0.98_s7182
2018-02-27 22:57:55,968 seq2seq.trainer.supervised_trainer INFO     Progress: 89%, Train Perplexity: 0.7109
2018-02-27 22:57:58,448 seq2seq.trainer.supervised_trainer INFO     Progress: 89%, Train Perplexity: 0.7104
2018-02-27 22:58:00,268 seq2seq.trainer.supervised_trainer INFO     Progress: 89%, Train Perplexity: 0.7227
2018-02-27 22:58:02,440 seq2seq.trainer.supervised_trainer INFO     Finished epoch 63: Train Perplexity: 0.7216, Dev Perplexity: 0.9830, Accuracy: 0.9999, Sequence Accuracy: 0.9981, Variance: 0.5634
2018-02-27 22:58:02,441 seq2seq.trainer.supervised_trainer DEBUG    Epoch: 64, Step: 7245
2018-02-27 22:58:04,404 seq2seq.trainer.supervised_trainer INFO     Progress: 90%, Train Perplexity: 0.7382
2018-02-27 22:58:06,837 seq2seq.trainer.supervised_trainer INFO     Progress: 90%, Train Perplexity: 0.7159
2018-02-27 22:58:09,353 seq2seq.trainer.supervised_trainer INFO     Progress: 90%, Train Perplexity: 0.7165
2018-02-27 22:58:13,067 seq2seq.trainer.supervised_trainer INFO     Progress: 90%, Train Perplexity: 0.7314
2018-02-27 22:58:15,537 seq2seq.trainer.supervised_trainer INFO     Progress: 91%, Train Perplexity: 0.7455
2018-02-27 22:58:17,999 seq2seq.trainer.supervised_trainer INFO     Progress: 91%, Train Perplexity: 0.7209
2018-02-27 22:58:19,463 seq2seq.trainer.supervised_trainer INFO     Finished epoch 64: Train Perplexity: 0.7284, Dev Perplexity: 0.9894, Accuracy: 0.9988, Sequence Accuracy: 0.9900, Variance: 0.5620
2018-02-27 22:58:19,463 seq2seq.trainer.supervised_trainer DEBUG    Epoch: 65, Step: 7360
2018-02-27 22:58:21,920 seq2seq.trainer.supervised_trainer INFO     Progress: 91%, Train Perplexity: 0.7242
2018-02-27 22:58:24,522 seq2seq.trainer.supervised_trainer INFO     Progress: 91%, Train Perplexity: 0.7213
2018-02-27 22:58:26,986 seq2seq.trainer.supervised_trainer INFO     Progress: 92%, Train Perplexity: 0.7181
2018-02-27 22:58:29,621 seq2seq.trainer.supervised_trainer INFO     Progress: 92%, Train Perplexity: 0.7107
2018-02-27 22:58:33,344 seq2seq.trainer.supervised_trainer INFO     Progress: 92%, Train Perplexity: 0.7201
2018-02-27 22:58:36,312 seq2seq.trainer.supervised_trainer INFO     Finished epoch 65: Train Perplexity: 0.7177, Dev Perplexity: 0.9825, Accuracy: 1.0000, Sequence Accuracy: 1.0000, Variance: 0.5623
2018-02-27 22:58:36,312 seq2seq.trainer.supervised_trainer DEBUG    Epoch: 66, Step: 7475
2018-02-27 22:58:37,160 seq2seq.trainer.supervised_trainer INFO     Progress: 92%, Train Perplexity: 0.7313
2018-02-27 22:58:39,334 seq2seq.trainer.supervised_trainer INFO     Progress: 93%, Train Perplexity: 0.7253
2018-02-27 22:58:41,377 seq2seq.trainer.supervised_trainer INFO     Progress: 93%, Train Perplexity: 0.6752
2018-02-27 22:58:43,921 seq2seq.trainer.supervised_trainer INFO     Progress: 93%, Train Perplexity: 0.7165
2018-02-27 22:58:46,388 seq2seq.trainer.supervised_trainer INFO     Progress: 93%, Train Perplexity: 0.7482
2018-02-27 22:58:48,841 seq2seq.trainer.supervised_trainer INFO     Progress: 94%, Train Perplexity: 0.7250
2018-02-27 22:58:50,387 seq2seq.trainer.supervised_trainer DEBUG    Saved checkpoint var_0.56_acc_1.00_seq_acc_1.00_ppl_0.98_s7581
2018-02-27 22:58:52,834 seq2seq.trainer.supervised_trainer INFO     Finished epoch 66: Train Perplexity: 0.7179, Dev Perplexity: 0.9826, Accuracy: 1.0000, Sequence Accuracy: 0.9995, Variance: 0.5625
2018-02-27 22:58:52,835 seq2seq.trainer.supervised_trainer DEBUG    Epoch: 67, Step: 7590
2018-02-27 22:58:53,996 seq2seq.trainer.supervised_trainer INFO     Progress: 94%, Train Perplexity: 0.7035
2018-02-27 22:58:56,348 seq2seq.trainer.supervised_trainer INFO     Progress: 94%, Train Perplexity: 0.7151
2018-02-27 22:58:59,091 seq2seq.trainer.supervised_trainer INFO     Progress: 94%, Train Perplexity: 0.7002
2018-02-27 22:59:01,541 seq2seq.trainer.supervised_trainer INFO     Progress: 95%, Train Perplexity: 0.7372
2018-02-27 22:59:03,936 seq2seq.trainer.supervised_trainer INFO     Progress: 95%, Train Perplexity: 0.6984
2018-02-27 22:59:06,463 seq2seq.trainer.supervised_trainer INFO     Progress: 95%, Train Perplexity: 0.7376
2018-02-27 22:59:08,625 seq2seq.trainer.supervised_trainer INFO     Finished epoch 67: Train Perplexity: 0.7197, Dev Perplexity: 0.9825, Accuracy: 1.0000, Sequence Accuracy: 1.0000, Variance: 0.5621
2018-02-27 22:59:08,625 seq2seq.trainer.supervised_trainer DEBUG    Epoch: 68, Step: 7705
2018-02-27 22:59:11,555 seq2seq.trainer.supervised_trainer INFO     Progress: 95%, Train Perplexity: 0.7260
2018-02-27 22:59:14,371 seq2seq.trainer.supervised_trainer INFO     Progress: 96%, Train Perplexity: 0.7233
2018-02-27 22:59:16,759 seq2seq.trainer.supervised_trainer INFO     Progress: 96%, Train Perplexity: 0.7168
2018-02-27 22:59:18,972 seq2seq.trainer.supervised_trainer INFO     Progress: 96%, Train Perplexity: 0.6815
2018-02-27 22:59:21,777 seq2seq.trainer.supervised_trainer INFO     Progress: 96%, Train Perplexity: 0.7387
2018-02-27 22:59:24,418 seq2seq.trainer.supervised_trainer INFO     Progress: 97%, Train Perplexity: 0.7235
2018-02-27 22:59:25,876 seq2seq.trainer.supervised_trainer INFO     Finished epoch 68: Train Perplexity: 0.7174, Dev Perplexity: 0.9939, Accuracy: 0.9989, Sequence Accuracy: 0.9923, Variance: 0.5611
2018-02-27 22:59:25,876 seq2seq.trainer.supervised_trainer DEBUG    Epoch: 69, Step: 7820
2018-02-27 22:59:29,028 seq2seq.trainer.supervised_trainer INFO     Progress: 97%, Train Perplexity: 0.7041
2018-02-27 22:59:32,825 seq2seq.trainer.supervised_trainer INFO     Progress: 97%, Train Perplexity: 0.6925
2018-02-27 22:59:35,381 seq2seq.trainer.supervised_trainer INFO     Progress: 97%, Train Perplexity: 0.7244
2018-02-27 22:59:37,509 seq2seq.trainer.supervised_trainer INFO     Progress: 98%, Train Perplexity: 0.7366
2018-02-27 22:59:40,358 seq2seq.trainer.supervised_trainer INFO     Progress: 98%, Train Perplexity: 0.7514
2018-02-27 22:59:43,678 seq2seq.trainer.supervised_trainer INFO     Finished epoch 69: Train Perplexity: 0.7197, Dev Perplexity: 0.9831, Accuracy: 0.9999, Sequence Accuracy: 0.9986, Variance: 0.5617
2018-02-27 22:59:43,678 seq2seq.trainer.supervised_trainer DEBUG    Epoch: 70, Step: 7935
2018-02-27 22:59:44,580 seq2seq.trainer.supervised_trainer INFO     Progress: 98%, Train Perplexity: 0.7198
2018-02-27 22:59:47,200 seq2seq.trainer.supervised_trainer INFO     Progress: 98%, Train Perplexity: 0.6985
2018-02-27 22:59:49,854 seq2seq.trainer.supervised_trainer INFO     Progress: 99%, Train Perplexity: 0.7033
2018-02-27 22:59:53,803 seq2seq.trainer.supervised_trainer INFO     Progress: 99%, Train Perplexity: 0.7483
2018-02-27 22:59:56,428 seq2seq.trainer.supervised_trainer INFO     Progress: 99%, Train Perplexity: 0.7278
2018-02-27 22:59:59,028 seq2seq.trainer.supervised_trainer INFO     Progress: 99%, Train Perplexity: 0.7069
2018-02-27 23:00:01,900 seq2seq.trainer.supervised_trainer DEBUG    Saved checkpoint var_0.56_acc_1.00_seq_acc_1.00_ppl_0.98_s8050
2018-02-27 23:00:03,564 seq2seq.trainer.supervised_trainer INFO     Finished epoch 70: Train Perplexity: 0.7172, Dev Perplexity: 0.9825, Accuracy: 1.0000, Sequence Accuracy: 1.0000, Variance: 0.5623
/nfs/home4/bartbuss/machine2/machine/./example.sh: line 50: --reg_scale: command not found
srun: error: gcn62: task 0: Exited with exit code 127
srun: Terminating job step 4041684.0
end of job
