start of job
Train model on example data
2018-01-25 13:08:58,986 root         INFO     Namespace(attention=False, batch_size=128, bidirectional=False, cuda_device=0, dev='data/CLEANED-SCAN/length_split/experiment4c_output_interleaved_short_to_long_equally_distributed/tasks_test.txt', dropout_p_decoder=0.5, dropout_p_encoder=0.5, embedding_size=200, epochs=50, hidden_size=200, load_checkpoint=None, log_level='info', lr=0.001, max_len=50, n_layers=2, optim='adam', output_dir='checkpoints_experiment_4c_all', print_every=20, resume=False, rnn_cell='lstm', save_every=133, src_vocab=50000, teacher_forcing_ratio=0.5, tgt_vocab=50000, train='data/CLEANED-SCAN/length_split/experiment4c_output_interleaved_short_to_long_equally_distributed/output_all.txt')
2018-01-25 13:09:03,787 seq2seq.trainer.supervised_trainer INFO     Optimizer: <torch.optim.adam.Adam object at 0x2b74305966d0>, Scheduler: None
Cuda device set to 0
2018-01-25 13:09:10,441 seq2seq.trainer.supervised_trainer INFO     Progress: 0%, Train Perplexity: 14.0284
2018-01-25 13:09:11,878 seq2seq.trainer.supervised_trainer INFO     Progress: 0%, Train Perplexity: 5.5593
2018-01-25 13:09:14,069 seq2seq.trainer.supervised_trainer INFO     Progress: 0%, Train Perplexity: 5.1968
2018-01-25 13:09:15,982 seq2seq.trainer.supervised_trainer INFO     Progress: 0%, Train Perplexity: 5.0202
2018-01-25 13:09:17,498 seq2seq.trainer.supervised_trainer INFO     Progress: 0%, Train Perplexity: 4.9191
2018-01-25 13:09:22,344 seq2seq.trainer.supervised_trainer INFO     Progress: 0%, Train Perplexity: 4.6693
2018-01-25 13:09:24,077 seq2seq.trainer.supervised_trainer INFO     Progress: 1%, Train Perplexity: 4.5135
2018-01-25 13:09:26,024 seq2seq.trainer.supervised_trainer INFO     Progress: 1%, Train Perplexity: 4.4372
2018-01-25 13:09:27,832 seq2seq.trainer.supervised_trainer INFO     Progress: 1%, Train Perplexity: 3.6228
2018-01-25 13:09:29,237 seq2seq.trainer.supervised_trainer INFO     Progress: 1%, Train Perplexity: 3.0159
2018-01-25 13:09:31,141 seq2seq.trainer.supervised_trainer INFO     Progress: 1%, Train Perplexity: 3.0102
2018-01-25 13:09:32,710 seq2seq.trainer.supervised_trainer INFO     Progress: 1%, Train Perplexity: 2.6175
2018-01-25 13:09:38,031 seq2seq.trainer.supervised_trainer INFO     Progress: 1%, Train Perplexity: 2.5584
2018-01-25 13:09:41,178 seq2seq.trainer.supervised_trainer INFO     Finished epoch 1: Train Perplexity: 4.4790, Dev Perplexity: 2.6922, Accuracy: 0.6347, Sequence Accuracy: 0.0005
2018-01-25 13:09:42,412 seq2seq.trainer.supervised_trainer INFO     Progress: 2%, Train Perplexity: 2.3126
2018-01-25 13:09:43,864 seq2seq.trainer.supervised_trainer INFO     Progress: 2%, Train Perplexity: 2.3257
2018-01-25 13:09:45,413 seq2seq.trainer.supervised_trainer INFO     Progress: 2%, Train Perplexity: 2.0706
2018-01-25 13:09:47,042 seq2seq.trainer.supervised_trainer INFO     Progress: 2%, Train Perplexity: 2.0163
2018-01-25 13:09:48,814 seq2seq.trainer.supervised_trainer INFO     Progress: 2%, Train Perplexity: 1.9612
2018-01-25 13:09:53,516 seq2seq.trainer.supervised_trainer INFO     Progress: 2%, Train Perplexity: 2.1253
2018-01-25 13:09:55,415 seq2seq.trainer.supervised_trainer INFO     Progress: 2%, Train Perplexity: 1.9339
2018-01-25 13:09:56,863 seq2seq.trainer.supervised_trainer INFO     Progress: 3%, Train Perplexity: 1.7798
2018-01-25 13:09:58,562 seq2seq.trainer.supervised_trainer INFO     Progress: 3%, Train Perplexity: 1.8333
2018-01-25 13:10:00,261 seq2seq.trainer.supervised_trainer INFO     Progress: 3%, Train Perplexity: 1.8402
2018-01-25 13:10:01,590 seq2seq.trainer.supervised_trainer INFO     Progress: 3%, Train Perplexity: 1.5040
2018-01-25 13:10:03,395 seq2seq.trainer.supervised_trainer INFO     Progress: 3%, Train Perplexity: 1.7218
2018-01-25 13:10:08,042 seq2seq.trainer.supervised_trainer INFO     Progress: 3%, Train Perplexity: 1.5579
2018-01-25 13:10:09,411 seq2seq.trainer.supervised_trainer INFO     Progress: 3%, Train Perplexity: 1.4495
2018-01-25 13:10:12,977 seq2seq.trainer.supervised_trainer INFO     Finished epoch 2: Train Perplexity: 1.8775, Dev Perplexity: 1.8892, Accuracy: 0.7605, Sequence Accuracy: 0.1109
2018-01-25 13:10:14,218 seq2seq.trainer.supervised_trainer INFO     Progress: 4%, Train Perplexity: 1.6384
2018-01-25 13:10:15,845 seq2seq.trainer.supervised_trainer INFO     Progress: 4%, Train Perplexity: 1.5312
2018-01-25 13:10:17,507 seq2seq.trainer.supervised_trainer INFO     Progress: 4%, Train Perplexity: 1.5337
2018-01-25 13:10:19,312 seq2seq.trainer.supervised_trainer INFO     Progress: 4%, Train Perplexity: 1.5798
2018-01-25 13:10:21,080 seq2seq.trainer.supervised_trainer INFO     Progress: 4%, Train Perplexity: 1.4860
2018-01-25 13:10:25,640 seq2seq.trainer.supervised_trainer INFO     Progress: 4%, Train Perplexity: 1.3731
2018-01-25 13:10:27,316 seq2seq.trainer.supervised_trainer INFO     Progress: 4%, Train Perplexity: 1.3549
2018-01-25 13:10:28,881 seq2seq.trainer.supervised_trainer INFO     Progress: 5%, Train Perplexity: 1.2752
2018-01-25 13:10:30,235 seq2seq.trainer.supervised_trainer INFO     Progress: 5%, Train Perplexity: 1.2481
2018-01-25 13:10:32,135 seq2seq.trainer.supervised_trainer INFO     Progress: 5%, Train Perplexity: 1.6286
2018-01-25 13:10:33,841 seq2seq.trainer.supervised_trainer INFO     Progress: 5%, Train Perplexity: 1.4941
2018-01-25 13:10:39,043 seq2seq.trainer.supervised_trainer INFO     Progress: 5%, Train Perplexity: 1.3382
2018-01-25 13:10:41,029 seq2seq.trainer.supervised_trainer INFO     Progress: 5%, Train Perplexity: 1.3792
2018-01-25 13:10:42,913 seq2seq.trainer.supervised_trainer INFO     Progress: 5%, Train Perplexity: 1.2245
2018-01-25 13:10:46,783 seq2seq.trainer.supervised_trainer INFO     Finished epoch 3: Train Perplexity: 1.4209, Dev Perplexity: 1.5564, Accuracy: 0.8251, Sequence Accuracy: 0.3224
2018-01-25 13:10:47,346 seq2seq.trainer.supervised_trainer INFO     Progress: 6%, Train Perplexity: 1.2378
2018-01-25 13:10:49,330 seq2seq.trainer.supervised_trainer INFO     Progress: 6%, Train Perplexity: 1.3048
2018-01-25 13:10:51,214 seq2seq.trainer.supervised_trainer INFO     Progress: 6%, Train Perplexity: 1.3421
2018-01-25 13:10:53,099 seq2seq.trainer.supervised_trainer INFO     Progress: 6%, Train Perplexity: 1.2807
2018-01-25 13:10:57,471 seq2seq.trainer.supervised_trainer INFO     Progress: 6%, Train Perplexity: 1.1744
2018-01-25 13:10:59,117 seq2seq.trainer.supervised_trainer INFO     Progress: 6%, Train Perplexity: 1.1560
2018-01-25 13:11:01,179 seq2seq.trainer.supervised_trainer INFO     Progress: 6%, Train Perplexity: 1.2432
2018-01-25 13:11:02,697 seq2seq.trainer.supervised_trainer INFO     Progress: 7%, Train Perplexity: 1.1946
2018-01-25 13:11:04,099 seq2seq.trainer.supervised_trainer INFO     Progress: 7%, Train Perplexity: 1.1694
2018-01-25 13:11:05,680 seq2seq.trainer.supervised_trainer INFO     Progress: 7%, Train Perplexity: 1.1614
2018-01-25 13:11:07,578 seq2seq.trainer.supervised_trainer INFO     Progress: 7%, Train Perplexity: 1.1705
2018-01-25 13:11:12,219 seq2seq.trainer.supervised_trainer INFO     Progress: 7%, Train Perplexity: 1.1713
2018-01-25 13:11:14,441 seq2seq.trainer.supervised_trainer INFO     Progress: 7%, Train Perplexity: 1.1444
2018-01-25 13:11:16,311 seq2seq.trainer.supervised_trainer INFO     Progress: 7%, Train Perplexity: 1.1575
2018-01-25 13:11:20,332 seq2seq.trainer.supervised_trainer INFO     Finished epoch 4: Train Perplexity: 1.1996, Dev Perplexity: 1.3939, Accuracy: 0.8991, Sequence Accuracy: 0.5662
2018-01-25 13:11:20,840 seq2seq.trainer.supervised_trainer INFO     Progress: 8%, Train Perplexity: 1.1378
2018-01-25 13:11:22,693 seq2seq.trainer.supervised_trainer INFO     Progress: 8%, Train Perplexity: 1.2077
2018-01-25 13:11:24,400 seq2seq.trainer.supervised_trainer INFO     Progress: 8%, Train Perplexity: 1.1779
2018-01-25 13:11:29,217 seq2seq.trainer.supervised_trainer INFO     Progress: 8%, Train Perplexity: 1.1839
2018-01-25 13:11:30,718 seq2seq.trainer.supervised_trainer INFO     Progress: 8%, Train Perplexity: 1.1105
2018-01-25 13:11:32,473 seq2seq.trainer.supervised_trainer INFO     Progress: 8%, Train Perplexity: 1.1236
2018-01-25 13:11:34,300 seq2seq.trainer.supervised_trainer INFO     Progress: 8%, Train Perplexity: 1.0984
2018-01-25 13:11:35,926 seq2seq.trainer.supervised_trainer INFO     Progress: 9%, Train Perplexity: 1.0928
2018-01-25 13:11:37,579 seq2seq.trainer.supervised_trainer INFO     Progress: 9%, Train Perplexity: 1.0872
2018-01-25 13:11:39,266 seq2seq.trainer.supervised_trainer INFO     Progress: 9%, Train Perplexity: 1.1176
2018-01-25 13:11:44,184 seq2seq.trainer.supervised_trainer INFO     Progress: 9%, Train Perplexity: 1.1063
2018-01-25 13:11:46,193 seq2seq.trainer.supervised_trainer INFO     Progress: 9%, Train Perplexity: 1.1957
2018-01-25 13:11:47,606 seq2seq.trainer.supervised_trainer INFO     Progress: 9%, Train Perplexity: 1.0838
2018-01-25 13:11:49,391 seq2seq.trainer.supervised_trainer INFO     Progress: 9%, Train Perplexity: 1.0950
2018-01-25 13:11:50,989 seq2seq.trainer.supervised_trainer INFO     Progress: 10%, Train Perplexity: 1.0693
2018-01-25 13:11:53,897 seq2seq.trainer.supervised_trainer INFO     Finished epoch 5: Train Perplexity: 1.1273, Dev Perplexity: 1.3527, Accuracy: 0.9113, Sequence Accuracy: 0.6604
2018-01-25 13:11:55,567 seq2seq.trainer.supervised_trainer INFO     Progress: 10%, Train Perplexity: 1.1414
2018-01-25 13:11:57,173 seq2seq.trainer.supervised_trainer INFO     Progress: 10%, Train Perplexity: 1.1213
2018-01-25 13:12:02,140 seq2seq.trainer.supervised_trainer INFO     Progress: 10%, Train Perplexity: 1.1107
2018-01-25 13:12:03,883 seq2seq.trainer.supervised_trainer INFO     Progress: 10%, Train Perplexity: 1.0909
2018-01-25 13:12:05,542 seq2seq.trainer.supervised_trainer INFO     Progress: 10%, Train Perplexity: 1.0526
2018-01-25 13:12:07,288 seq2seq.trainer.supervised_trainer INFO     Progress: 10%, Train Perplexity: 1.0864
2018-01-25 13:12:09,043 seq2seq.trainer.supervised_trainer INFO     Progress: 10%, Train Perplexity: 1.0717
2018-01-25 13:12:10,736 seq2seq.trainer.supervised_trainer INFO     Progress: 11%, Train Perplexity: 1.0512
2018-01-25 13:12:15,102 seq2seq.trainer.supervised_trainer INFO     Progress: 11%, Train Perplexity: 1.0418
2018-01-25 13:12:16,520 seq2seq.trainer.supervised_trainer INFO     Progress: 11%, Train Perplexity: 1.0506
2018-01-25 13:12:18,390 seq2seq.trainer.supervised_trainer INFO     Progress: 11%, Train Perplexity: 1.0625
2018-01-25 13:12:20,341 seq2seq.trainer.supervised_trainer INFO     Progress: 11%, Train Perplexity: 1.0549
2018-01-25 13:12:22,085 seq2seq.trainer.supervised_trainer INFO     Progress: 11%, Train Perplexity: 1.0743
2018-01-25 13:12:23,928 seq2seq.trainer.supervised_trainer INFO     Progress: 11%, Train Perplexity: 1.1460
2018-01-25 13:12:27,203 seq2seq.trainer.supervised_trainer INFO     Finished epoch 6: Train Perplexity: 1.0835, Dev Perplexity: 1.2961, Accuracy: 0.9295, Sequence Accuracy: 0.5427
2018-01-25 13:12:28,560 seq2seq.trainer.supervised_trainer INFO     Progress: 12%, Train Perplexity: 1.1497
2018-01-25 13:12:33,380 seq2seq.trainer.supervised_trainer INFO     Progress: 12%, Train Perplexity: 1.1159
2018-01-25 13:12:35,169 seq2seq.trainer.supervised_trainer INFO     Progress: 12%, Train Perplexity: 1.0639
2018-01-25 13:12:36,976 seq2seq.trainer.supervised_trainer INFO     Progress: 12%, Train Perplexity: 1.0630
2018-01-25 13:12:38,549 seq2seq.trainer.supervised_trainer INFO     Progress: 12%, Train Perplexity: 1.1967
2018-01-25 13:12:39,870 seq2seq.trainer.supervised_trainer INFO     Progress: 12%, Train Perplexity: 1.0745
2018-01-25 13:12:41,375 seq2seq.trainer.supervised_trainer INFO     Progress: 12%, Train Perplexity: 1.0684
2018-01-25 13:12:43,516 seq2seq.trainer.supervised_trainer INFO     Progress: 13%, Train Perplexity: 1.0640
2018-01-25 13:12:48,178 seq2seq.trainer.supervised_trainer INFO     Progress: 13%, Train Perplexity: 1.0370
2018-01-25 13:12:49,875 seq2seq.trainer.supervised_trainer INFO     Progress: 13%, Train Perplexity: 1.0387
2018-01-25 13:12:51,820 seq2seq.trainer.supervised_trainer INFO     Progress: 13%, Train Perplexity: 1.0384
2018-01-25 13:12:53,565 seq2seq.trainer.supervised_trainer INFO     Progress: 13%, Train Perplexity: 1.0521
2018-01-25 13:12:55,114 seq2seq.trainer.supervised_trainer INFO     Progress: 13%, Train Perplexity: 1.0475
2018-01-25 13:12:56,782 seq2seq.trainer.supervised_trainer INFO     Progress: 13%, Train Perplexity: 1.0531
2018-01-25 13:13:00,486 seq2seq.trainer.supervised_trainer INFO     Finished epoch 7: Train Perplexity: 1.0749, Dev Perplexity: 1.3714, Accuracy: 0.9225, Sequence Accuracy: 0.7158
2018-01-25 13:13:04,786 seq2seq.trainer.supervised_trainer INFO     Progress: 14%, Train Perplexity: 1.0952
2018-01-25 13:13:06,523 seq2seq.trainer.supervised_trainer INFO     Progress: 14%, Train Perplexity: 1.0615
2018-01-25 13:13:07,948 seq2seq.trainer.supervised_trainer INFO     Progress: 14%, Train Perplexity: 1.0154
2018-01-25 13:13:09,174 seq2seq.trainer.supervised_trainer INFO     Progress: 14%, Train Perplexity: 1.0345
2018-01-25 13:13:10,802 seq2seq.trainer.supervised_trainer INFO     Progress: 14%, Train Perplexity: 1.0520
2018-01-25 13:13:12,519 seq2seq.trainer.supervised_trainer INFO     Progress: 14%, Train Perplexity: 1.0276
2018-01-25 13:13:14,048 seq2seq.trainer.supervised_trainer INFO     Progress: 14%, Train Perplexity: 1.0456
2018-01-25 13:13:18,725 seq2seq.trainer.supervised_trainer INFO     Progress: 15%, Train Perplexity: 1.0675
2018-01-25 13:13:20,381 seq2seq.trainer.supervised_trainer INFO     Progress: 15%, Train Perplexity: 1.0448
2018-01-25 13:13:22,226 seq2seq.trainer.supervised_trainer INFO     Progress: 15%, Train Perplexity: 1.0674
2018-01-25 13:13:24,019 seq2seq.trainer.supervised_trainer INFO     Progress: 15%, Train Perplexity: 1.0621
2018-01-25 13:13:25,907 seq2seq.trainer.supervised_trainer INFO     Progress: 15%, Train Perplexity: 1.0565
2018-01-25 13:13:27,283 seq2seq.trainer.supervised_trainer INFO     Progress: 15%, Train Perplexity: 1.0179
2018-01-25 13:13:29,069 seq2seq.trainer.supervised_trainer INFO     Progress: 15%, Train Perplexity: 1.0483
2018-01-25 13:13:35,907 seq2seq.trainer.supervised_trainer INFO     Finished epoch 8: Train Perplexity: 1.0489, Dev Perplexity: 1.2121, Accuracy: 0.9494, Sequence Accuracy: 0.7557
2018-01-25 13:13:36,586 seq2seq.trainer.supervised_trainer INFO     Progress: 16%, Train Perplexity: 1.0682
2018-01-25 13:13:38,135 seq2seq.trainer.supervised_trainer INFO     Progress: 16%, Train Perplexity: 1.0722
2018-01-25 13:13:39,915 seq2seq.trainer.supervised_trainer INFO     Progress: 16%, Train Perplexity: 1.1392
2018-01-25 13:13:41,483 seq2seq.trainer.supervised_trainer INFO     Progress: 16%, Train Perplexity: 1.1278
2018-01-25 13:13:43,305 seq2seq.trainer.supervised_trainer INFO     Progress: 16%, Train Perplexity: 1.0938
2018-01-25 13:13:44,934 seq2seq.trainer.supervised_trainer INFO     Progress: 16%, Train Perplexity: 1.0469
2018-01-25 13:13:49,467 seq2seq.trainer.supervised_trainer INFO     Progress: 16%, Train Perplexity: 1.0355
2018-01-25 13:13:51,060 seq2seq.trainer.supervised_trainer INFO     Progress: 17%, Train Perplexity: 1.0874
2018-01-25 13:13:52,752 seq2seq.trainer.supervised_trainer INFO     Progress: 17%, Train Perplexity: 1.0739
2018-01-25 13:13:54,454 seq2seq.trainer.supervised_trainer INFO     Progress: 17%, Train Perplexity: 1.0342
2018-01-25 13:13:56,195 seq2seq.trainer.supervised_trainer INFO     Progress: 17%, Train Perplexity: 1.0458
2018-01-25 13:13:57,860 seq2seq.trainer.supervised_trainer INFO     Progress: 17%, Train Perplexity: 1.0263
2018-01-25 13:13:59,227 seq2seq.trainer.supervised_trainer INFO     Progress: 17%, Train Perplexity: 1.0644
2018-01-25 13:14:03,891 seq2seq.trainer.supervised_trainer INFO     Progress: 17%, Train Perplexity: 1.0285
2018-01-25 13:14:08,093 seq2seq.trainer.supervised_trainer INFO     Finished epoch 9: Train Perplexity: 1.0656, Dev Perplexity: 1.3381, Accuracy: 0.9484, Sequence Accuracy: 0.7675
2018-01-25 13:14:08,460 seq2seq.trainer.supervised_trainer INFO     Progress: 18%, Train Perplexity: 1.0369
2018-01-25 13:14:10,295 seq2seq.trainer.supervised_trainer INFO     Progress: 18%, Train Perplexity: 1.0477
2018-01-25 13:14:12,207 seq2seq.trainer.supervised_trainer INFO     Progress: 18%, Train Perplexity: 1.0585
2018-01-25 13:14:14,278 seq2seq.trainer.supervised_trainer INFO     Progress: 18%, Train Perplexity: 1.0503
2018-01-25 13:14:16,100 seq2seq.trainer.supervised_trainer INFO     Progress: 18%, Train Perplexity: 1.0476
2018-01-25 13:14:17,615 seq2seq.trainer.supervised_trainer INFO     Progress: 18%, Train Perplexity: 1.1097
2018-01-25 13:14:22,293 seq2seq.trainer.supervised_trainer INFO     Progress: 18%, Train Perplexity: 1.1237
2018-01-25 13:14:23,636 seq2seq.trainer.supervised_trainer INFO     Progress: 19%, Train Perplexity: 1.0244
2018-01-25 13:14:25,049 seq2seq.trainer.supervised_trainer INFO     Progress: 19%, Train Perplexity: 1.0227
2018-01-25 13:14:26,679 seq2seq.trainer.supervised_trainer INFO     Progress: 19%, Train Perplexity: 1.0328
2018-01-25 13:14:28,588 seq2seq.trainer.supervised_trainer INFO     Progress: 19%, Train Perplexity: 1.0191
2018-01-25 13:14:30,354 seq2seq.trainer.supervised_trainer INFO     Progress: 19%, Train Perplexity: 1.0168
2018-01-25 13:14:35,261 seq2seq.trainer.supervised_trainer INFO     Progress: 19%, Train Perplexity: 1.0111
2018-01-25 13:14:36,458 seq2seq.trainer.supervised_trainer INFO     Progress: 19%, Train Perplexity: 1.0329
2018-01-25 13:14:37,727 seq2seq.trainer.supervised_trainer INFO     Progress: 20%, Train Perplexity: 1.0312
2018-01-25 13:14:40,635 seq2seq.trainer.supervised_trainer INFO     Finished epoch 10: Train Perplexity: 1.0458, Dev Perplexity: 1.6790, Accuracy: 0.9043, Sequence Accuracy: 0.5794
2018-01-25 13:14:42,006 seq2seq.trainer.supervised_trainer INFO     Progress: 20%, Train Perplexity: 1.0316
2018-01-25 13:14:43,984 seq2seq.trainer.supervised_trainer INFO     Progress: 20%, Train Perplexity: 1.0495
2018-01-25 13:14:45,594 seq2seq.trainer.supervised_trainer INFO     Progress: 20%, Train Perplexity: 1.0208
2018-01-25 13:14:47,536 seq2seq.trainer.supervised_trainer INFO     Progress: 20%, Train Perplexity: 1.1096
2018-01-25 13:14:52,173 seq2seq.trainer.supervised_trainer INFO     Progress: 20%, Train Perplexity: 1.0367
2018-01-25 13:14:53,820 seq2seq.trainer.supervised_trainer INFO     Progress: 20%, Train Perplexity: 1.0097
2018-01-25 13:14:55,221 seq2seq.trainer.supervised_trainer INFO     Progress: 20%, Train Perplexity: 1.0225
2018-01-25 13:14:56,903 seq2seq.trainer.supervised_trainer INFO     Progress: 21%, Train Perplexity: 1.0123
2018-01-25 13:14:58,434 seq2seq.trainer.supervised_trainer INFO     Progress: 21%, Train Perplexity: 1.0249
2018-01-25 13:15:00,357 seq2seq.trainer.supervised_trainer INFO     Progress: 21%, Train Perplexity: 1.0170
2018-01-25 13:15:04,864 seq2seq.trainer.supervised_trainer INFO     Progress: 21%, Train Perplexity: 1.0212
2018-01-25 13:15:06,448 seq2seq.trainer.supervised_trainer INFO     Progress: 21%, Train Perplexity: 1.0090
2018-01-25 13:15:08,088 seq2seq.trainer.supervised_trainer INFO     Progress: 21%, Train Perplexity: 1.0097
2018-01-25 13:15:09,968 seq2seq.trainer.supervised_trainer INFO     Progress: 21%, Train Perplexity: 1.0131
2018-01-25 13:15:13,316 seq2seq.trainer.supervised_trainer INFO     Finished epoch 11: Train Perplexity: 1.0274, Dev Perplexity: 1.3412, Accuracy: 0.9471, Sequence Accuracy: 0.7884
2018-01-25 13:15:14,887 seq2seq.trainer.supervised_trainer INFO     Progress: 22%, Train Perplexity: 1.0414
2018-01-25 13:15:16,873 seq2seq.trainer.supervised_trainer INFO     Progress: 22%, Train Perplexity: 1.0533
2018-01-25 13:15:18,617 seq2seq.trainer.supervised_trainer INFO     Progress: 22%, Train Perplexity: 1.0383
2018-01-25 13:15:22,825 seq2seq.trainer.supervised_trainer INFO     Progress: 22%, Train Perplexity: 1.0248
2018-01-25 13:15:24,726 seq2seq.trainer.supervised_trainer INFO     Progress: 22%, Train Perplexity: 1.0164
2018-01-25 13:15:26,494 seq2seq.trainer.supervised_trainer INFO     Progress: 22%, Train Perplexity: 1.0117
2018-01-25 13:15:28,574 seq2seq.trainer.supervised_trainer INFO     Progress: 22%, Train Perplexity: 1.0231
2018-01-25 13:15:30,196 seq2seq.trainer.supervised_trainer INFO     Progress: 23%, Train Perplexity: 1.0241
2018-01-25 13:15:32,165 seq2seq.trainer.supervised_trainer INFO     Progress: 23%, Train Perplexity: 1.0155
2018-01-25 13:15:33,628 seq2seq.trainer.supervised_trainer INFO     Progress: 23%, Train Perplexity: 1.0108
2018-01-25 13:15:38,146 seq2seq.trainer.supervised_trainer INFO     Progress: 23%, Train Perplexity: 1.0149
2018-01-25 13:15:39,910 seq2seq.trainer.supervised_trainer INFO     Progress: 23%, Train Perplexity: 1.0266
2018-01-25 13:15:41,737 seq2seq.trainer.supervised_trainer INFO     Progress: 23%, Train Perplexity: 1.0140
2018-01-25 13:15:43,398 seq2seq.trainer.supervised_trainer INFO     Progress: 23%, Train Perplexity: 1.0019
2018-01-25 13:15:46,789 seq2seq.trainer.supervised_trainer INFO     Finished epoch 12: Train Perplexity: 1.0223, Dev Perplexity: 1.2403, Accuracy: 0.9658, Sequence Accuracy: 0.8239
2018-01-25 13:15:48,107 seq2seq.trainer.supervised_trainer INFO     Progress: 24%, Train Perplexity: 1.0365
2018-01-25 13:15:49,680 seq2seq.trainer.supervised_trainer INFO     Progress: 24%, Train Perplexity: 1.0204
2018-01-25 13:15:54,467 seq2seq.trainer.supervised_trainer INFO     Progress: 24%, Train Perplexity: 1.0254
2018-01-25 13:15:56,052 seq2seq.trainer.supervised_trainer INFO     Progress: 24%, Train Perplexity: 1.0178
2018-01-25 13:15:57,415 seq2seq.trainer.supervised_trainer INFO     Progress: 24%, Train Perplexity: 1.0262
2018-01-25 13:15:58,909 seq2seq.trainer.supervised_trainer INFO     Progress: 24%, Train Perplexity: 1.0085
2018-01-25 13:16:00,403 seq2seq.trainer.supervised_trainer INFO     Progress: 24%, Train Perplexity: 1.0232
2018-01-25 13:16:02,087 seq2seq.trainer.supervised_trainer INFO     Progress: 25%, Train Perplexity: 1.0117
2018-01-25 13:16:03,358 seq2seq.trainer.supervised_trainer INFO     Progress: 25%, Train Perplexity: 1.0038
2018-01-25 13:16:08,261 seq2seq.trainer.supervised_trainer INFO     Progress: 25%, Train Perplexity: 1.0082
2018-01-25 13:16:10,064 seq2seq.trainer.supervised_trainer INFO     Progress: 25%, Train Perplexity: 1.0094
2018-01-25 13:16:11,936 seq2seq.trainer.supervised_trainer INFO     Progress: 25%, Train Perplexity: 1.0052
2018-01-25 13:16:13,386 seq2seq.trainer.supervised_trainer INFO     Progress: 25%, Train Perplexity: 1.0061
2018-01-25 13:16:15,180 seq2seq.trainer.supervised_trainer INFO     Progress: 25%, Train Perplexity: 1.0446
2018-01-25 13:16:19,148 seq2seq.trainer.supervised_trainer INFO     Finished epoch 13: Train Perplexity: 1.0182, Dev Perplexity: 1.3379, Accuracy: 0.9541, Sequence Accuracy: 0.8199
2018-01-25 13:16:19,817 seq2seq.trainer.supervised_trainer INFO     Progress: 26%, Train Perplexity: 1.0203
2018-01-25 13:16:21,594 seq2seq.trainer.supervised_trainer INFO     Progress: 26%, Train Perplexity: 1.0182
2018-01-25 13:16:25,731 seq2seq.trainer.supervised_trainer INFO     Progress: 26%, Train Perplexity: 1.0036
2018-01-25 13:16:27,358 seq2seq.trainer.supervised_trainer INFO     Progress: 26%, Train Perplexity: 1.0140
2018-01-25 13:16:28,901 seq2seq.trainer.supervised_trainer INFO     Progress: 26%, Train Perplexity: 1.0155
2018-01-25 13:16:30,874 seq2seq.trainer.supervised_trainer INFO     Progress: 26%, Train Perplexity: 1.0036
2018-01-25 13:16:32,558 seq2seq.trainer.supervised_trainer INFO     Progress: 26%, Train Perplexity: 1.0020
2018-01-25 13:16:34,281 seq2seq.trainer.supervised_trainer INFO     Progress: 27%, Train Perplexity: 1.0074
2018-01-25 13:16:39,460 seq2seq.trainer.supervised_trainer INFO     Progress: 27%, Train Perplexity: 1.0159
2018-01-25 13:16:41,482 seq2seq.trainer.supervised_trainer INFO     Progress: 27%, Train Perplexity: 1.0325
2018-01-25 13:16:43,123 seq2seq.trainer.supervised_trainer INFO     Progress: 27%, Train Perplexity: 1.0089
2018-01-25 13:16:44,552 seq2seq.trainer.supervised_trainer INFO     Progress: 27%, Train Perplexity: 1.0135
2018-01-25 13:16:46,140 seq2seq.trainer.supervised_trainer INFO     Progress: 27%, Train Perplexity: 1.0065
2018-01-25 13:16:47,590 seq2seq.trainer.supervised_trainer INFO     Progress: 27%, Train Perplexity: 1.0099
2018-01-25 13:16:51,461 seq2seq.trainer.supervised_trainer INFO     Finished epoch 14: Train Perplexity: 1.0113, Dev Perplexity: 1.2246, Accuracy: 0.9688, Sequence Accuracy: 0.8662
2018-01-25 13:16:51,824 seq2seq.trainer.supervised_trainer INFO     Progress: 28%, Train Perplexity: 1.0018
2018-01-25 13:16:56,891 seq2seq.trainer.supervised_trainer INFO     Progress: 28%, Train Perplexity: 1.0082
2018-01-25 13:16:58,726 seq2seq.trainer.supervised_trainer INFO     Progress: 28%, Train Perplexity: 1.0047
2018-01-25 13:17:00,180 seq2seq.trainer.supervised_trainer INFO     Progress: 28%, Train Perplexity: 1.0088
2018-01-25 13:17:01,841 seq2seq.trainer.supervised_trainer INFO     Progress: 28%, Train Perplexity: 1.0294
2018-01-25 13:17:03,531 seq2seq.trainer.supervised_trainer INFO     Progress: 28%, Train Perplexity: 1.0142
2018-01-25 13:17:05,266 seq2seq.trainer.supervised_trainer INFO     Progress: 28%, Train Perplexity: 1.0046
2018-01-25 13:17:06,907 seq2seq.trainer.supervised_trainer INFO     Progress: 29%, Train Perplexity: 1.0089
2018-01-25 13:17:11,278 seq2seq.trainer.supervised_trainer INFO     Progress: 29%, Train Perplexity: 1.0044
2018-01-25 13:17:13,121 seq2seq.trainer.supervised_trainer INFO     Progress: 29%, Train Perplexity: 1.0079
2018-01-25 13:17:14,889 seq2seq.trainer.supervised_trainer INFO     Progress: 29%, Train Perplexity: 1.0173
2018-01-25 13:17:16,478 seq2seq.trainer.supervised_trainer INFO     Progress: 29%, Train Perplexity: 1.0033
2018-01-25 13:17:17,830 seq2seq.trainer.supervised_trainer INFO     Progress: 29%, Train Perplexity: 1.0117
2018-01-25 13:17:19,489 seq2seq.trainer.supervised_trainer INFO     Progress: 29%, Train Perplexity: 1.0035
2018-01-25 13:17:24,207 seq2seq.trainer.supervised_trainer INFO     Progress: 30%, Train Perplexity: 1.0024
2018-01-25 13:17:27,120 seq2seq.trainer.supervised_trainer INFO     Finished epoch 15: Train Perplexity: 1.0092, Dev Perplexity: 1.2891, Accuracy: 0.9581, Sequence Accuracy: 0.7901
2018-01-25 13:17:28,740 seq2seq.trainer.supervised_trainer INFO     Progress: 30%, Train Perplexity: 1.0073
2018-01-25 13:17:30,322 seq2seq.trainer.supervised_trainer INFO     Progress: 30%, Train Perplexity: 1.0169
2018-01-25 13:17:32,034 seq2seq.trainer.supervised_trainer INFO     Progress: 30%, Train Perplexity: 1.0096
2018-01-25 13:17:33,744 seq2seq.trainer.supervised_trainer INFO     Progress: 30%, Train Perplexity: 1.0103
2018-01-25 13:17:35,693 seq2seq.trainer.supervised_trainer INFO     Progress: 30%, Train Perplexity: 1.0205
2018-01-25 13:17:37,354 seq2seq.trainer.supervised_trainer INFO     Progress: 30%, Train Perplexity: 1.0061
2018-01-25 13:17:42,207 seq2seq.trainer.supervised_trainer INFO     Progress: 30%, Train Perplexity: 1.0048
2018-01-25 13:17:43,964 seq2seq.trainer.supervised_trainer INFO     Progress: 31%, Train Perplexity: 1.0021
2018-01-25 13:17:45,677 seq2seq.trainer.supervised_trainer INFO     Progress: 31%, Train Perplexity: 1.0068
2018-01-25 13:17:47,344 seq2seq.trainer.supervised_trainer INFO     Progress: 31%, Train Perplexity: 1.0026
2018-01-25 13:17:49,164 seq2seq.trainer.supervised_trainer INFO     Progress: 31%, Train Perplexity: 1.0011
2018-01-25 13:17:50,584 seq2seq.trainer.supervised_trainer INFO     Progress: 31%, Train Perplexity: 1.0043
2018-01-25 13:17:52,197 seq2seq.trainer.supervised_trainer INFO     Progress: 31%, Train Perplexity: 1.0023
2018-01-25 13:17:57,021 seq2seq.trainer.supervised_trainer INFO     Progress: 31%, Train Perplexity: 1.0011
2018-01-25 13:18:00,257 seq2seq.trainer.supervised_trainer INFO     Finished epoch 16: Train Perplexity: 1.0067, Dev Perplexity: 1.1860, Accuracy: 0.9748, Sequence Accuracy: 0.8854
2018-01-25 13:18:01,702 seq2seq.trainer.supervised_trainer INFO     Progress: 32%, Train Perplexity: 1.0018
2018-01-25 13:18:03,109 seq2seq.trainer.supervised_trainer INFO     Progress: 32%, Train Perplexity: 1.0144
2018-01-25 13:18:04,842 seq2seq.trainer.supervised_trainer INFO     Progress: 32%, Train Perplexity: 1.0168
2018-01-25 13:18:06,785 seq2seq.trainer.supervised_trainer INFO     Progress: 32%, Train Perplexity: 1.0071
2018-01-25 13:18:08,661 seq2seq.trainer.supervised_trainer INFO     Progress: 32%, Train Perplexity: 1.0142
2018-01-25 13:18:13,395 seq2seq.trainer.supervised_trainer INFO     Progress: 32%, Train Perplexity: 1.0043
2018-01-25 13:18:14,889 seq2seq.trainer.supervised_trainer INFO     Progress: 32%, Train Perplexity: 1.0006
2018-01-25 13:18:16,033 seq2seq.trainer.supervised_trainer INFO     Progress: 33%, Train Perplexity: 1.0008
2018-01-25 13:18:17,787 seq2seq.trainer.supervised_trainer INFO     Progress: 33%, Train Perplexity: 1.0001
2018-01-25 13:18:19,531 seq2seq.trainer.supervised_trainer INFO     Progress: 33%, Train Perplexity: 1.0001
2018-01-25 13:18:21,354 seq2seq.trainer.supervised_trainer INFO     Progress: 33%, Train Perplexity: 1.0001
2018-01-25 13:18:22,801 seq2seq.trainer.supervised_trainer INFO     Progress: 33%, Train Perplexity: 1.0003
2018-01-25 13:18:27,400 seq2seq.trainer.supervised_trainer INFO     Progress: 33%, Train Perplexity: 1.0014
2018-01-25 13:18:28,935 seq2seq.trainer.supervised_trainer INFO     Progress: 33%, Train Perplexity: 1.0070
2018-01-25 13:18:32,231 seq2seq.trainer.supervised_trainer INFO     Finished epoch 17: Train Perplexity: 1.0049, Dev Perplexity: 1.2459, Accuracy: 0.9669, Sequence Accuracy: 0.8346
2018-01-25 13:18:33,376 seq2seq.trainer.supervised_trainer INFO     Progress: 34%, Train Perplexity: 1.0050
2018-01-25 13:18:35,366 seq2seq.trainer.supervised_trainer INFO     Progress: 34%, Train Perplexity: 1.0214
2018-01-25 13:18:36,985 seq2seq.trainer.supervised_trainer INFO     Progress: 34%, Train Perplexity: 1.0019
2018-01-25 13:18:38,961 seq2seq.trainer.supervised_trainer INFO     Progress: 34%, Train Perplexity: 1.0080
2018-01-25 13:18:40,759 seq2seq.trainer.supervised_trainer INFO     Progress: 34%, Train Perplexity: 1.0077
2018-01-25 13:18:45,229 seq2seq.trainer.supervised_trainer INFO     Progress: 34%, Train Perplexity: 1.0032
2018-01-25 13:18:47,200 seq2seq.trainer.supervised_trainer INFO     Progress: 34%, Train Perplexity: 1.0008
2018-01-25 13:18:49,018 seq2seq.trainer.supervised_trainer INFO     Progress: 35%, Train Perplexity: 1.0056
2018-01-25 13:18:50,503 seq2seq.trainer.supervised_trainer INFO     Progress: 35%, Train Perplexity: 1.0015
2018-01-25 13:18:52,283 seq2seq.trainer.supervised_trainer INFO     Progress: 35%, Train Perplexity: 1.0009
2018-01-25 13:18:53,759 seq2seq.trainer.supervised_trainer INFO     Progress: 35%, Train Perplexity: 1.0011
2018-01-25 13:18:58,294 seq2seq.trainer.supervised_trainer INFO     Progress: 35%, Train Perplexity: 1.0017
2018-01-25 13:19:00,128 seq2seq.trainer.supervised_trainer INFO     Progress: 35%, Train Perplexity: 1.0064
2018-01-25 13:19:01,870 seq2seq.trainer.supervised_trainer INFO     Progress: 35%, Train Perplexity: 1.0026
2018-01-25 13:19:05,660 seq2seq.trainer.supervised_trainer INFO     Finished epoch 18: Train Perplexity: 1.0054, Dev Perplexity: 1.1711, Accuracy: 0.9736, Sequence Accuracy: 0.8832
2018-01-25 13:19:06,418 seq2seq.trainer.supervised_trainer INFO     Progress: 36%, Train Perplexity: 1.0094
2018-01-25 13:19:08,035 seq2seq.trainer.supervised_trainer INFO     Progress: 36%, Train Perplexity: 1.0120
2018-01-25 13:19:09,576 seq2seq.trainer.supervised_trainer INFO     Progress: 36%, Train Perplexity: 1.0019
2018-01-25 13:19:11,589 seq2seq.trainer.supervised_trainer INFO     Progress: 36%, Train Perplexity: 1.0094
2018-01-25 13:19:16,409 seq2seq.trainer.supervised_trainer INFO     Progress: 36%, Train Perplexity: 1.0020
2018-01-25 13:19:18,280 seq2seq.trainer.supervised_trainer INFO     Progress: 36%, Train Perplexity: 1.0003
2018-01-25 13:19:19,898 seq2seq.trainer.supervised_trainer INFO     Progress: 36%, Train Perplexity: 1.0055
2018-01-25 13:19:21,774 seq2seq.trainer.supervised_trainer INFO     Progress: 37%, Train Perplexity: 1.0006
2018-01-25 13:19:23,421 seq2seq.trainer.supervised_trainer INFO     Progress: 37%, Train Perplexity: 1.0006
2018-01-25 13:19:25,054 seq2seq.trainer.supervised_trainer INFO     Progress: 37%, Train Perplexity: 1.0002
2018-01-25 13:19:26,842 seq2seq.trainer.supervised_trainer INFO     Progress: 37%, Train Perplexity: 1.0017
2018-01-25 13:19:31,688 seq2seq.trainer.supervised_trainer INFO     Progress: 37%, Train Perplexity: 1.0068
2018-01-25 13:19:33,117 seq2seq.trainer.supervised_trainer INFO     Progress: 37%, Train Perplexity: 1.0004
2018-01-25 13:19:35,226 seq2seq.trainer.supervised_trainer INFO     Progress: 37%, Train Perplexity: 1.0001
2018-01-25 13:19:39,374 seq2seq.trainer.supervised_trainer INFO     Finished epoch 19: Train Perplexity: 1.0030, Dev Perplexity: 1.1868, Accuracy: 0.9734, Sequence Accuracy: 0.8923
2018-01-25 13:19:39,834 seq2seq.trainer.supervised_trainer INFO     Progress: 38%, Train Perplexity: 1.0022
2018-01-25 13:19:41,931 seq2seq.trainer.supervised_trainer INFO     Progress: 38%, Train Perplexity: 1.0059
2018-01-25 13:19:43,549 seq2seq.trainer.supervised_trainer INFO     Progress: 38%, Train Perplexity: 1.0076
2018-01-25 13:19:47,706 seq2seq.trainer.supervised_trainer INFO     Progress: 38%, Train Perplexity: 1.0026
2018-01-25 13:19:49,304 seq2seq.trainer.supervised_trainer INFO     Progress: 38%, Train Perplexity: 1.0011
2018-01-25 13:19:51,054 seq2seq.trainer.supervised_trainer INFO     Progress: 38%, Train Perplexity: 1.0006
2018-01-25 13:19:52,489 seq2seq.trainer.supervised_trainer INFO     Progress: 38%, Train Perplexity: 1.0002
2018-01-25 13:19:54,099 seq2seq.trainer.supervised_trainer INFO     Progress: 39%, Train Perplexity: 1.0003
2018-01-25 13:19:55,574 seq2seq.trainer.supervised_trainer INFO     Progress: 39%, Train Perplexity: 1.0000
2018-01-25 13:19:57,280 seq2seq.trainer.supervised_trainer INFO     Progress: 39%, Train Perplexity: 1.0000
2018-01-25 13:20:01,665 seq2seq.trainer.supervised_trainer INFO     Progress: 39%, Train Perplexity: 1.0001
2018-01-25 13:20:03,109 seq2seq.trainer.supervised_trainer INFO     Progress: 39%, Train Perplexity: 1.0006
2018-01-25 13:20:04,823 seq2seq.trainer.supervised_trainer INFO     Progress: 39%, Train Perplexity: 1.0002
2018-01-25 13:20:06,454 seq2seq.trainer.supervised_trainer INFO     Progress: 39%, Train Perplexity: 1.0004
2018-01-25 13:20:08,418 seq2seq.trainer.supervised_trainer INFO     Progress: 40%, Train Perplexity: 1.0000
2018-01-25 13:20:11,339 seq2seq.trainer.supervised_trainer INFO     Finished epoch 20: Train Perplexity: 1.0015, Dev Perplexity: 1.1867, Accuracy: 0.9735, Sequence Accuracy: 0.8868
2018-01-25 13:20:13,134 seq2seq.trainer.supervised_trainer INFO     Progress: 40%, Train Perplexity: 1.0005
2018-01-25 13:20:17,417 seq2seq.trainer.supervised_trainer INFO     Progress: 40%, Train Perplexity: 1.0030
2018-01-25 13:20:19,098 seq2seq.trainer.supervised_trainer INFO     Progress: 40%, Train Perplexity: 1.0003
2018-01-25 13:20:20,584 seq2seq.trainer.supervised_trainer INFO     Progress: 40%, Train Perplexity: 1.0001
2018-01-25 13:20:22,101 seq2seq.trainer.supervised_trainer INFO     Progress: 40%, Train Perplexity: 1.0000
2018-01-25 13:20:23,990 seq2seq.trainer.supervised_trainer INFO     Progress: 40%, Train Perplexity: 1.0014
2018-01-25 13:20:25,882 seq2seq.trainer.supervised_trainer INFO     Progress: 40%, Train Perplexity: 1.0016
2018-01-25 13:20:27,419 seq2seq.trainer.supervised_trainer INFO     Progress: 41%, Train Perplexity: 1.0002
2018-01-25 13:20:32,044 seq2seq.trainer.supervised_trainer INFO     Progress: 41%, Train Perplexity: 1.0010
2018-01-25 13:20:33,744 seq2seq.trainer.supervised_trainer INFO     Progress: 41%, Train Perplexity: 1.0002
2018-01-25 13:20:35,498 seq2seq.trainer.supervised_trainer INFO     Progress: 41%, Train Perplexity: 1.0016
2018-01-25 13:20:37,371 seq2seq.trainer.supervised_trainer INFO     Progress: 41%, Train Perplexity: 1.0010
2018-01-25 13:20:38,614 seq2seq.trainer.supervised_trainer INFO     Progress: 41%, Train Perplexity: 1.0002
2018-01-25 13:20:40,509 seq2seq.trainer.supervised_trainer INFO     Progress: 41%, Train Perplexity: 1.0000
2018-01-25 13:20:43,671 seq2seq.trainer.supervised_trainer INFO     Finished epoch 21: Train Perplexity: 1.0008, Dev Perplexity: 1.2185, Accuracy: 0.9718, Sequence Accuracy: 0.8791
2018-01-25 13:20:44,881 seq2seq.trainer.supervised_trainer INFO     Progress: 42%, Train Perplexity: 1.0019
2018-01-25 13:20:49,587 seq2seq.trainer.supervised_trainer INFO     Progress: 42%, Train Perplexity: 1.0024
2018-01-25 13:20:51,200 seq2seq.trainer.supervised_trainer INFO     Progress: 42%, Train Perplexity: 1.0004
2018-01-25 13:20:52,825 seq2seq.trainer.supervised_trainer INFO     Progress: 42%, Train Perplexity: 1.0001
2018-01-25 13:20:54,344 seq2seq.trainer.supervised_trainer INFO     Progress: 42%, Train Perplexity: 1.0001
2018-01-25 13:20:55,675 seq2seq.trainer.supervised_trainer INFO     Progress: 42%, Train Perplexity: 1.0004
2018-01-25 13:20:57,147 seq2seq.trainer.supervised_trainer INFO     Progress: 42%, Train Perplexity: 1.0001
2018-01-25 13:21:01,717 seq2seq.trainer.supervised_trainer INFO     Progress: 43%, Train Perplexity: 1.0002
2018-01-25 13:21:03,426 seq2seq.trainer.supervised_trainer INFO     Progress: 43%, Train Perplexity: 1.0000
2018-01-25 13:21:05,145 seq2seq.trainer.supervised_trainer INFO     Progress: 43%, Train Perplexity: 1.0000
2018-01-25 13:21:07,101 seq2seq.trainer.supervised_trainer INFO     Progress: 43%, Train Perplexity: 1.0000
2018-01-25 13:21:08,600 seq2seq.trainer.supervised_trainer INFO     Progress: 43%, Train Perplexity: 1.0004
2018-01-25 13:21:10,105 seq2seq.trainer.supervised_trainer INFO     Progress: 43%, Train Perplexity: 1.0014
2018-01-25 13:21:11,928 seq2seq.trainer.supervised_trainer INFO     Progress: 43%, Train Perplexity: 1.0006
2018-01-25 13:21:15,555 seq2seq.trainer.supervised_trainer INFO     Finished epoch 22: Train Perplexity: 1.0006, Dev Perplexity: 1.2052, Accuracy: 0.9748, Sequence Accuracy: 0.8845
2018-01-25 13:21:19,304 seq2seq.trainer.supervised_trainer INFO     Progress: 44%, Train Perplexity: 1.0003
2018-01-25 13:21:21,484 seq2seq.trainer.supervised_trainer INFO     Progress: 44%, Train Perplexity: 1.0166
2018-01-25 13:21:22,963 seq2seq.trainer.supervised_trainer INFO     Progress: 44%, Train Perplexity: 1.0001
2018-01-25 13:21:24,600 seq2seq.trainer.supervised_trainer INFO     Progress: 44%, Train Perplexity: 1.0003
2018-01-25 13:21:26,240 seq2seq.trainer.supervised_trainer INFO     Progress: 44%, Train Perplexity: 1.0000
2018-01-25 13:21:27,936 seq2seq.trainer.supervised_trainer INFO     Progress: 44%, Train Perplexity: 1.0000
2018-01-25 13:21:29,465 seq2seq.trainer.supervised_trainer INFO     Progress: 44%, Train Perplexity: 1.0000
2018-01-25 13:21:33,919 seq2seq.trainer.supervised_trainer INFO     Progress: 45%, Train Perplexity: 1.0003
2018-01-25 13:21:35,570 seq2seq.trainer.supervised_trainer INFO     Progress: 45%, Train Perplexity: 1.0008
2018-01-25 13:21:36,960 seq2seq.trainer.supervised_trainer INFO     Progress: 45%, Train Perplexity: 1.0000
2018-01-25 13:21:38,387 seq2seq.trainer.supervised_trainer INFO     Progress: 45%, Train Perplexity: 1.0000
2018-01-25 13:21:40,171 seq2seq.trainer.supervised_trainer INFO     Progress: 45%, Train Perplexity: 1.0004
2018-01-25 13:21:41,788 seq2seq.trainer.supervised_trainer INFO     Progress: 45%, Train Perplexity: 1.0044
2018-01-25 13:21:46,489 seq2seq.trainer.supervised_trainer INFO     Progress: 45%, Train Perplexity: 1.0497
2018-01-25 13:21:50,497 seq2seq.trainer.supervised_trainer INFO     Finished epoch 23: Train Perplexity: 1.0052, Dev Perplexity: 1.1836, Accuracy: 0.9763, Sequence Accuracy: 0.8961
2018-01-25 13:21:51,150 seq2seq.trainer.supervised_trainer INFO     Progress: 46%, Train Perplexity: 1.0026
2018-01-25 13:21:53,189 seq2seq.trainer.supervised_trainer INFO     Progress: 46%, Train Perplexity: 1.0040
2018-01-25 13:21:55,151 seq2seq.trainer.supervised_trainer INFO     Progress: 46%, Train Perplexity: 1.0270
2018-01-25 13:21:56,932 seq2seq.trainer.supervised_trainer INFO     Progress: 46%, Train Perplexity: 1.0107
2018-01-25 13:21:58,605 seq2seq.trainer.supervised_trainer INFO     Progress: 46%, Train Perplexity: 1.0139
2018-01-25 13:22:00,531 seq2seq.trainer.supervised_trainer INFO     Progress: 46%, Train Perplexity: 1.0042
2018-01-25 13:22:05,268 seq2seq.trainer.supervised_trainer INFO     Progress: 46%, Train Perplexity: 1.0008
2018-01-25 13:22:07,249 seq2seq.trainer.supervised_trainer INFO     Progress: 47%, Train Perplexity: 1.0007
2018-01-25 13:22:09,010 seq2seq.trainer.supervised_trainer INFO     Progress: 47%, Train Perplexity: 1.0080
2018-01-25 13:22:10,749 seq2seq.trainer.supervised_trainer INFO     Progress: 47%, Train Perplexity: 1.0011
2018-01-25 13:22:12,470 seq2seq.trainer.supervised_trainer INFO     Progress: 47%, Train Perplexity: 1.0080
2018-01-25 13:22:14,211 seq2seq.trainer.supervised_trainer INFO     Progress: 47%, Train Perplexity: 1.0001
2018-01-25 13:22:15,761 seq2seq.trainer.supervised_trainer INFO     Progress: 47%, Train Perplexity: 1.0018
2018-01-25 13:22:20,189 seq2seq.trainer.supervised_trainer INFO     Progress: 47%, Train Perplexity: 1.0021
2018-01-25 13:22:24,430 seq2seq.trainer.supervised_trainer INFO     Finished epoch 24: Train Perplexity: 1.0060, Dev Perplexity: 1.2804, Accuracy: 0.9684, Sequence Accuracy: 0.8637
2018-01-25 13:22:24,773 seq2seq.trainer.supervised_trainer INFO     Progress: 48%, Train Perplexity: 1.0028
2018-01-25 13:22:26,549 seq2seq.trainer.supervised_trainer INFO     Progress: 48%, Train Perplexity: 1.0075
2018-01-25 13:22:28,273 seq2seq.trainer.supervised_trainer INFO     Progress: 48%, Train Perplexity: 1.0022
2018-01-25 13:22:30,228 seq2seq.trainer.supervised_trainer INFO     Progress: 48%, Train Perplexity: 1.0019
2018-01-25 13:22:31,806 seq2seq.trainer.supervised_trainer INFO     Progress: 48%, Train Perplexity: 1.0029
2018-01-25 13:22:36,414 seq2seq.trainer.supervised_trainer INFO     Progress: 48%, Train Perplexity: 1.0007
2018-01-25 13:22:37,741 seq2seq.trainer.supervised_trainer INFO     Progress: 48%, Train Perplexity: 1.0002
2018-01-25 13:22:39,667 seq2seq.trainer.supervised_trainer INFO     Progress: 49%, Train Perplexity: 1.0001
2018-01-25 13:22:41,029 seq2seq.trainer.supervised_trainer INFO     Progress: 49%, Train Perplexity: 1.0001
2018-01-25 13:22:42,820 seq2seq.trainer.supervised_trainer INFO     Progress: 49%, Train Perplexity: 1.0000
2018-01-25 13:22:44,577 seq2seq.trainer.supervised_trainer INFO     Progress: 49%, Train Perplexity: 1.0001
2018-01-25 13:22:46,513 seq2seq.trainer.supervised_trainer INFO     Progress: 49%, Train Perplexity: 1.0001
2018-01-25 13:22:50,953 seq2seq.trainer.supervised_trainer INFO     Progress: 49%, Train Perplexity: 1.0008
2018-01-25 13:22:52,572 seq2seq.trainer.supervised_trainer INFO     Progress: 49%, Train Perplexity: 1.0000
2018-01-25 13:22:54,424 seq2seq.trainer.supervised_trainer INFO     Progress: 50%, Train Perplexity: 1.0000
2018-01-25 13:22:57,326 seq2seq.trainer.supervised_trainer INFO     Finished epoch 25: Train Perplexity: 1.0013, Dev Perplexity: 1.3154, Accuracy: 0.9638, Sequence Accuracy: 0.8094
2018-01-25 13:22:58,964 seq2seq.trainer.supervised_trainer INFO     Progress: 50%, Train Perplexity: 1.0004
2018-01-25 13:23:00,811 seq2seq.trainer.supervised_trainer INFO     Progress: 50%, Train Perplexity: 1.0009
2018-01-25 13:23:02,392 seq2seq.trainer.supervised_trainer INFO     Progress: 50%, Train Perplexity: 1.0009
2018-01-25 13:23:03,977 seq2seq.trainer.supervised_trainer INFO     Progress: 50%, Train Perplexity: 1.0008
2018-01-25 13:23:08,396 seq2seq.trainer.supervised_trainer INFO     Progress: 50%, Train Perplexity: 1.0003
2018-01-25 13:23:10,013 seq2seq.trainer.supervised_trainer INFO     Progress: 50%, Train Perplexity: 1.0004
2018-01-25 13:23:11,532 seq2seq.trainer.supervised_trainer INFO     Progress: 50%, Train Perplexity: 1.0012
2018-01-25 13:23:13,038 seq2seq.trainer.supervised_trainer INFO     Progress: 51%, Train Perplexity: 1.0006
2018-01-25 13:23:14,801 seq2seq.trainer.supervised_trainer INFO     Progress: 51%, Train Perplexity: 1.0006
2018-01-25 13:23:16,733 seq2seq.trainer.supervised_trainer INFO     Progress: 51%, Train Perplexity: 1.0003
2018-01-25 13:23:21,123 seq2seq.trainer.supervised_trainer INFO     Progress: 51%, Train Perplexity: 1.0005
2018-01-25 13:23:22,983 seq2seq.trainer.supervised_trainer INFO     Progress: 51%, Train Perplexity: 1.0000
2018-01-25 13:23:24,555 seq2seq.trainer.supervised_trainer INFO     Progress: 51%, Train Perplexity: 1.0004
2018-01-25 13:23:25,785 seq2seq.trainer.supervised_trainer INFO     Progress: 51%, Train Perplexity: 1.0018
2018-01-25 13:23:28,946 seq2seq.trainer.supervised_trainer INFO     Finished epoch 26: Train Perplexity: 1.0007, Dev Perplexity: 1.2342, Accuracy: 0.9711, Sequence Accuracy: 0.8748
2018-01-25 13:23:30,506 seq2seq.trainer.supervised_trainer INFO     Progress: 52%, Train Perplexity: 1.0031
2018-01-25 13:23:32,050 seq2seq.trainer.supervised_trainer INFO     Progress: 52%, Train Perplexity: 1.0016
2018-01-25 13:23:33,562 seq2seq.trainer.supervised_trainer INFO     Progress: 52%, Train Perplexity: 1.0053
2018-01-25 13:23:38,227 seq2seq.trainer.supervised_trainer INFO     Progress: 52%, Train Perplexity: 1.0007
2018-01-25 13:23:39,751 seq2seq.trainer.supervised_trainer INFO     Progress: 52%, Train Perplexity: 1.0026
2018-01-25 13:23:41,277 seq2seq.trainer.supervised_trainer INFO     Progress: 52%, Train Perplexity: 1.0008
2018-01-25 13:23:42,782 seq2seq.trainer.supervised_trainer INFO     Progress: 52%, Train Perplexity: 1.0003
2018-01-25 13:23:44,579 seq2seq.trainer.supervised_trainer INFO     Progress: 53%, Train Perplexity: 1.0016
2018-01-25 13:23:46,279 seq2seq.trainer.supervised_trainer INFO     Progress: 53%, Train Perplexity: 1.0009
2018-01-25 13:23:47,949 seq2seq.trainer.supervised_trainer INFO     Progress: 53%, Train Perplexity: 1.0010
2018-01-25 13:23:52,438 seq2seq.trainer.supervised_trainer INFO     Progress: 53%, Train Perplexity: 1.0008
2018-01-25 13:23:54,064 seq2seq.trainer.supervised_trainer INFO     Progress: 53%, Train Perplexity: 1.0009
2018-01-25 13:23:55,692 seq2seq.trainer.supervised_trainer INFO     Progress: 53%, Train Perplexity: 1.0007
2018-01-25 13:23:57,489 seq2seq.trainer.supervised_trainer INFO     Progress: 53%, Train Perplexity: 1.0000
2018-01-25 13:24:01,094 seq2seq.trainer.supervised_trainer INFO     Finished epoch 27: Train Perplexity: 1.0014, Dev Perplexity: 1.2941, Accuracy: 0.9653, Sequence Accuracy: 0.8537
2018-01-25 13:24:02,113 seq2seq.trainer.supervised_trainer INFO     Progress: 54%, Train Perplexity: 1.0008
2018-01-25 13:24:04,212 seq2seq.trainer.supervised_trainer INFO     Progress: 54%, Train Perplexity: 1.0039
2018-01-25 13:24:08,871 seq2seq.trainer.supervised_trainer INFO     Progress: 54%, Train Perplexity: 1.0044
2018-01-25 13:24:10,532 seq2seq.trainer.supervised_trainer INFO     Progress: 54%, Train Perplexity: 1.0057
2018-01-25 13:24:12,203 seq2seq.trainer.supervised_trainer INFO     Progress: 54%, Train Perplexity: 1.0009
2018-01-25 13:24:13,892 seq2seq.trainer.supervised_trainer INFO     Progress: 54%, Train Perplexity: 1.0003
2018-01-25 13:24:15,724 seq2seq.trainer.supervised_trainer INFO     Progress: 54%, Train Perplexity: 1.0009
2018-01-25 13:24:17,144 seq2seq.trainer.supervised_trainer INFO     Progress: 55%, Train Perplexity: 1.0063
2018-01-25 13:24:19,142 seq2seq.trainer.supervised_trainer INFO     Progress: 55%, Train Perplexity: 1.0011
2018-01-25 13:24:23,643 seq2seq.trainer.supervised_trainer INFO     Progress: 55%, Train Perplexity: 1.0000
2018-01-25 13:24:25,290 seq2seq.trainer.supervised_trainer INFO     Progress: 55%, Train Perplexity: 1.0002
2018-01-25 13:24:26,680 seq2seq.trainer.supervised_trainer INFO     Progress: 55%, Train Perplexity: 1.0003
2018-01-25 13:24:28,187 seq2seq.trainer.supervised_trainer INFO     Progress: 55%, Train Perplexity: 1.0003
2018-01-25 13:24:29,645 seq2seq.trainer.supervised_trainer INFO     Progress: 55%, Train Perplexity: 1.0008
2018-01-25 13:24:33,681 seq2seq.trainer.supervised_trainer INFO     Finished epoch 28: Train Perplexity: 1.0019, Dev Perplexity: 1.2902, Accuracy: 0.9590, Sequence Accuracy: 0.8210
2018-01-25 13:24:34,376 seq2seq.trainer.supervised_trainer INFO     Progress: 56%, Train Perplexity: 1.0018
2018-01-25 13:24:35,977 seq2seq.trainer.supervised_trainer INFO     Progress: 56%, Train Perplexity: 1.0030
2018-01-25 13:24:40,508 seq2seq.trainer.supervised_trainer INFO     Progress: 56%, Train Perplexity: 1.0013
2018-01-25 13:24:42,372 seq2seq.trainer.supervised_trainer INFO     Progress: 56%, Train Perplexity: 1.0004
2018-01-25 13:24:43,977 seq2seq.trainer.supervised_trainer INFO     Progress: 56%, Train Perplexity: 1.0005
2018-01-25 13:24:45,909 seq2seq.trainer.supervised_trainer INFO     Progress: 56%, Train Perplexity: 1.0068
2018-01-25 13:24:47,478 seq2seq.trainer.supervised_trainer INFO     Progress: 56%, Train Perplexity: 1.0000
2018-01-25 13:24:49,176 seq2seq.trainer.supervised_trainer INFO     Progress: 57%, Train Perplexity: 1.0065
2018-01-25 13:24:53,381 seq2seq.trainer.supervised_trainer INFO     Progress: 57%, Train Perplexity: 1.0005
2018-01-25 13:24:54,820 seq2seq.trainer.supervised_trainer INFO     Progress: 57%, Train Perplexity: 1.0007
2018-01-25 13:24:56,492 seq2seq.trainer.supervised_trainer INFO     Progress: 57%, Train Perplexity: 1.0051
2018-01-25 13:24:58,442 seq2seq.trainer.supervised_trainer INFO     Progress: 57%, Train Perplexity: 1.0006
2018-01-25 13:24:59,738 seq2seq.trainer.supervised_trainer INFO     Progress: 57%, Train Perplexity: 1.0000
2018-01-25 13:25:01,296 seq2seq.trainer.supervised_trainer INFO     Progress: 57%, Train Perplexity: 1.0000
2018-01-25 13:25:05,489 seq2seq.trainer.supervised_trainer INFO     Finished epoch 29: Train Perplexity: 1.0018, Dev Perplexity: 1.2869, Accuracy: 0.9674, Sequence Accuracy: 0.8501
2018-01-25 13:25:06,025 seq2seq.trainer.supervised_trainer INFO     Progress: 58%, Train Perplexity: 1.0000
2018-01-25 13:25:10,632 seq2seq.trainer.supervised_trainer INFO     Progress: 58%, Train Perplexity: 1.0004
2018-01-25 13:25:12,233 seq2seq.trainer.supervised_trainer INFO     Progress: 58%, Train Perplexity: 1.0000
2018-01-25 13:25:14,049 seq2seq.trainer.supervised_trainer INFO     Progress: 58%, Train Perplexity: 1.0012
2018-01-25 13:25:15,158 seq2seq.trainer.supervised_trainer INFO     Progress: 58%, Train Perplexity: 1.0000
2018-01-25 13:25:17,186 seq2seq.trainer.supervised_trainer INFO     Progress: 58%, Train Perplexity: 1.0001
2018-01-25 13:25:18,898 seq2seq.trainer.supervised_trainer INFO     Progress: 58%, Train Perplexity: 1.0000
2018-01-25 13:25:23,478 seq2seq.trainer.supervised_trainer INFO     Progress: 59%, Train Perplexity: 1.0000
2018-01-25 13:25:25,011 seq2seq.trainer.supervised_trainer INFO     Progress: 59%, Train Perplexity: 1.0000
2018-01-25 13:25:26,529 seq2seq.trainer.supervised_trainer INFO     Progress: 59%, Train Perplexity: 1.0000
2018-01-25 13:25:28,105 seq2seq.trainer.supervised_trainer INFO     Progress: 59%, Train Perplexity: 1.0000
2018-01-25 13:25:30,004 seq2seq.trainer.supervised_trainer INFO     Progress: 59%, Train Perplexity: 1.0000
2018-01-25 13:25:31,696 seq2seq.trainer.supervised_trainer INFO     Progress: 59%, Train Perplexity: 1.0000
2018-01-25 13:25:33,260 seq2seq.trainer.supervised_trainer INFO     Progress: 59%, Train Perplexity: 1.0000
2018-01-25 13:25:37,660 seq2seq.trainer.supervised_trainer INFO     Progress: 60%, Train Perplexity: 1.0000
2018-01-25 13:25:40,543 seq2seq.trainer.supervised_trainer INFO     Finished epoch 30: Train Perplexity: 1.0001, Dev Perplexity: 1.3100, Accuracy: 0.9664, Sequence Accuracy: 0.8845
2018-01-25 13:25:42,508 seq2seq.trainer.supervised_trainer INFO     Progress: 60%, Train Perplexity: 1.0000
2018-01-25 13:25:44,206 seq2seq.trainer.supervised_trainer INFO     Progress: 60%, Train Perplexity: 1.0002
2018-01-25 13:25:45,986 seq2seq.trainer.supervised_trainer INFO     Progress: 60%, Train Perplexity: 1.0002
2018-01-25 13:25:47,533 seq2seq.trainer.supervised_trainer INFO     Progress: 60%, Train Perplexity: 1.0003
2018-01-25 13:25:49,365 seq2seq.trainer.supervised_trainer INFO     Progress: 60%, Train Perplexity: 1.0006
2018-01-25 13:25:51,302 seq2seq.trainer.supervised_trainer INFO     Progress: 60%, Train Perplexity: 1.0021
2018-01-25 13:25:55,779 seq2seq.trainer.supervised_trainer INFO     Progress: 60%, Train Perplexity: 1.0037
2018-01-25 13:25:57,388 seq2seq.trainer.supervised_trainer INFO     Progress: 61%, Train Perplexity: 1.0073
2018-01-25 13:25:59,095 seq2seq.trainer.supervised_trainer INFO     Progress: 61%, Train Perplexity: 1.0226
2018-01-25 13:26:00,605 seq2seq.trainer.supervised_trainer INFO     Progress: 61%, Train Perplexity: 1.0004
2018-01-25 13:26:02,389 seq2seq.trainer.supervised_trainer INFO     Progress: 61%, Train Perplexity: 1.0014
2018-01-25 13:26:04,190 seq2seq.trainer.supervised_trainer INFO     Progress: 61%, Train Perplexity: 1.0008
2018-01-25 13:26:08,565 seq2seq.trainer.supervised_trainer INFO     Progress: 61%, Train Perplexity: 1.0002
2018-01-25 13:26:09,956 seq2seq.trainer.supervised_trainer INFO     Progress: 61%, Train Perplexity: 1.0000
2018-01-25 13:26:13,115 seq2seq.trainer.supervised_trainer INFO     Finished epoch 31: Train Perplexity: 1.0028, Dev Perplexity: 1.2732, Accuracy: 0.9635, Sequence Accuracy: 0.8712
2018-01-25 13:26:14,647 seq2seq.trainer.supervised_trainer INFO     Progress: 62%, Train Perplexity: 1.0000
2018-01-25 13:26:16,514 seq2seq.trainer.supervised_trainer INFO     Progress: 62%, Train Perplexity: 1.0009
2018-01-25 13:26:18,194 seq2seq.trainer.supervised_trainer INFO     Progress: 62%, Train Perplexity: 1.0001
2018-01-25 13:26:20,196 seq2seq.trainer.supervised_trainer INFO     Progress: 62%, Train Perplexity: 1.0014
2018-01-25 13:26:22,144 seq2seq.trainer.supervised_trainer INFO     Progress: 62%, Train Perplexity: 1.0009
2018-01-25 13:26:26,868 seq2seq.trainer.supervised_trainer INFO     Progress: 62%, Train Perplexity: 1.0003
2018-01-25 13:26:28,501 seq2seq.trainer.supervised_trainer INFO     Progress: 62%, Train Perplexity: 1.0004
2018-01-25 13:26:30,106 seq2seq.trainer.supervised_trainer INFO     Progress: 63%, Train Perplexity: 1.0004
2018-01-25 13:26:31,494 seq2seq.trainer.supervised_trainer INFO     Progress: 63%, Train Perplexity: 1.0001
2018-01-25 13:26:33,002 seq2seq.trainer.supervised_trainer INFO     Progress: 63%, Train Perplexity: 1.0001
2018-01-25 13:26:34,859 seq2seq.trainer.supervised_trainer INFO     Progress: 63%, Train Perplexity: 1.0003
2018-01-25 13:26:36,408 seq2seq.trainer.supervised_trainer INFO     Progress: 63%, Train Perplexity: 1.0000
2018-01-25 13:26:41,022 seq2seq.trainer.supervised_trainer INFO     Progress: 63%, Train Perplexity: 1.0001
2018-01-25 13:26:43,008 seq2seq.trainer.supervised_trainer INFO     Progress: 63%, Train Perplexity: 1.0000
2018-01-25 13:26:46,626 seq2seq.trainer.supervised_trainer INFO     Finished epoch 32: Train Perplexity: 1.0003, Dev Perplexity: 1.3919, Accuracy: 0.9577, Sequence Accuracy: 0.8482
2018-01-25 13:26:47,791 seq2seq.trainer.supervised_trainer INFO     Progress: 64%, Train Perplexity: 1.0006
2018-01-25 13:26:49,330 seq2seq.trainer.supervised_trainer INFO     Progress: 64%, Train Perplexity: 1.0015
2018-01-25 13:26:51,339 seq2seq.trainer.supervised_trainer INFO     Progress: 64%, Train Perplexity: 1.0006
2018-01-25 13:26:52,742 seq2seq.trainer.supervised_trainer INFO     Progress: 64%, Train Perplexity: 1.0003
2018-01-25 13:26:57,637 seq2seq.trainer.supervised_trainer INFO     Progress: 64%, Train Perplexity: 1.0011
2018-01-25 13:26:59,356 seq2seq.trainer.supervised_trainer INFO     Progress: 64%, Train Perplexity: 1.0024
2018-01-25 13:27:00,996 seq2seq.trainer.supervised_trainer INFO     Progress: 64%, Train Perplexity: 1.0001
2018-01-25 13:27:02,562 seq2seq.trainer.supervised_trainer INFO     Progress: 65%, Train Perplexity: 1.0000
2018-01-25 13:27:04,249 seq2seq.trainer.supervised_trainer INFO     Progress: 65%, Train Perplexity: 1.0163
2018-01-25 13:27:05,803 seq2seq.trainer.supervised_trainer INFO     Progress: 65%, Train Perplexity: 1.0004
2018-01-25 13:27:07,685 seq2seq.trainer.supervised_trainer INFO     Progress: 65%, Train Perplexity: 1.0060
2018-01-25 13:27:11,803 seq2seq.trainer.supervised_trainer INFO     Progress: 65%, Train Perplexity: 1.0005
2018-01-25 13:27:13,363 seq2seq.trainer.supervised_trainer INFO     Progress: 65%, Train Perplexity: 1.0017
2018-01-25 13:27:14,983 seq2seq.trainer.supervised_trainer INFO     Progress: 65%, Train Perplexity: 1.0114
2018-01-25 13:27:18,840 seq2seq.trainer.supervised_trainer INFO     Finished epoch 33: Train Perplexity: 1.0031, Dev Perplexity: 1.2460, Accuracy: 0.9696, Sequence Accuracy: 0.8596
2018-01-25 13:27:19,548 seq2seq.trainer.supervised_trainer INFO     Progress: 66%, Train Perplexity: 1.0010
2018-01-25 13:27:21,326 seq2seq.trainer.supervised_trainer INFO     Progress: 66%, Train Perplexity: 1.0016
2018-01-25 13:27:23,166 seq2seq.trainer.supervised_trainer INFO     Progress: 66%, Train Perplexity: 1.0021
2018-01-25 13:27:24,642 seq2seq.trainer.supervised_trainer INFO     Progress: 66%, Train Perplexity: 1.0001
2018-01-25 13:27:29,013 seq2seq.trainer.supervised_trainer INFO     Progress: 66%, Train Perplexity: 1.0003
2018-01-25 13:27:30,584 seq2seq.trainer.supervised_trainer INFO     Progress: 66%, Train Perplexity: 1.0000
2018-01-25 13:27:32,460 seq2seq.trainer.supervised_trainer INFO     Progress: 66%, Train Perplexity: 1.0000
2018-01-25 13:27:33,880 seq2seq.trainer.supervised_trainer INFO     Progress: 67%, Train Perplexity: 1.0000
2018-01-25 13:27:35,359 seq2seq.trainer.supervised_trainer INFO     Progress: 67%, Train Perplexity: 1.0000
2018-01-25 13:27:37,191 seq2seq.trainer.supervised_trainer INFO     Progress: 67%, Train Perplexity: 1.0000
2018-01-25 13:27:41,487 seq2seq.trainer.supervised_trainer INFO     Progress: 67%, Train Perplexity: 1.0000
2018-01-25 13:27:43,143 seq2seq.trainer.supervised_trainer INFO     Progress: 67%, Train Perplexity: 1.0000
2018-01-25 13:27:44,769 seq2seq.trainer.supervised_trainer INFO     Progress: 67%, Train Perplexity: 1.0000
2018-01-25 13:27:46,561 seq2seq.trainer.supervised_trainer INFO     Progress: 67%, Train Perplexity: 1.0000
2018-01-25 13:27:50,796 seq2seq.trainer.supervised_trainer INFO     Finished epoch 34: Train Perplexity: 1.0003, Dev Perplexity: 1.2521, Accuracy: 0.9725, Sequence Accuracy: 0.8718
2018-01-25 13:27:51,320 seq2seq.trainer.supervised_trainer INFO     Progress: 68%, Train Perplexity: 1.0011
2018-01-25 13:27:53,062 seq2seq.trainer.supervised_trainer INFO     Progress: 68%, Train Perplexity: 1.0000
2018-01-25 13:27:54,619 seq2seq.trainer.supervised_trainer INFO     Progress: 68%, Train Perplexity: 1.0000
2018-01-25 13:27:59,177 seq2seq.trainer.supervised_trainer INFO     Progress: 68%, Train Perplexity: 1.0000
2018-01-25 13:28:00,610 seq2seq.trainer.supervised_trainer INFO     Progress: 68%, Train Perplexity: 1.0000
2018-01-25 13:28:02,020 seq2seq.trainer.supervised_trainer INFO     Progress: 68%, Train Perplexity: 1.0000
2018-01-25 13:28:03,545 seq2seq.trainer.supervised_trainer INFO     Progress: 68%, Train Perplexity: 1.0000
2018-01-25 13:28:04,820 seq2seq.trainer.supervised_trainer INFO     Progress: 69%, Train Perplexity: 1.0000
2018-01-25 13:28:06,450 seq2seq.trainer.supervised_trainer INFO     Progress: 69%, Train Perplexity: 1.0000
2018-01-25 13:28:08,316 seq2seq.trainer.supervised_trainer INFO     Progress: 69%, Train Perplexity: 1.0000
2018-01-25 13:28:12,866 seq2seq.trainer.supervised_trainer INFO     Progress: 69%, Train Perplexity: 1.0000
2018-01-25 13:28:14,580 seq2seq.trainer.supervised_trainer INFO     Progress: 69%, Train Perplexity: 1.0000
2018-01-25 13:28:16,352 seq2seq.trainer.supervised_trainer INFO     Progress: 69%, Train Perplexity: 1.0000
2018-01-25 13:28:17,814 seq2seq.trainer.supervised_trainer INFO     Progress: 69%, Train Perplexity: 1.0000
2018-01-25 13:28:19,532 seq2seq.trainer.supervised_trainer INFO     Progress: 70%, Train Perplexity: 1.0000
2018-01-25 13:28:22,413 seq2seq.trainer.supervised_trainer INFO     Finished epoch 35: Train Perplexity: 1.0001, Dev Perplexity: 1.2200, Accuracy: 0.9750, Sequence Accuracy: 0.8895
2018-01-25 13:28:24,251 seq2seq.trainer.supervised_trainer INFO     Progress: 70%, Train Perplexity: 1.0000
2018-01-25 13:28:28,855 seq2seq.trainer.supervised_trainer INFO     Progress: 70%, Train Perplexity: 1.0000
2018-01-25 13:28:30,535 seq2seq.trainer.supervised_trainer INFO     Progress: 70%, Train Perplexity: 1.0000
2018-01-25 13:28:32,209 seq2seq.trainer.supervised_trainer INFO     Progress: 70%, Train Perplexity: 1.0000
2018-01-25 13:28:33,929 seq2seq.trainer.supervised_trainer INFO     Progress: 70%, Train Perplexity: 1.0000
2018-01-25 13:28:35,609 seq2seq.trainer.supervised_trainer INFO     Progress: 70%, Train Perplexity: 1.0000
2018-01-25 13:28:37,037 seq2seq.trainer.supervised_trainer INFO     Progress: 70%, Train Perplexity: 1.0000
2018-01-25 13:28:38,500 seq2seq.trainer.supervised_trainer INFO     Progress: 71%, Train Perplexity: 1.0000
2018-01-25 13:28:43,271 seq2seq.trainer.supervised_trainer INFO     Progress: 71%, Train Perplexity: 1.0000
2018-01-25 13:28:44,877 seq2seq.trainer.supervised_trainer INFO     Progress: 71%, Train Perplexity: 1.0000
2018-01-25 13:28:46,623 seq2seq.trainer.supervised_trainer INFO     Progress: 71%, Train Perplexity: 1.0000
2018-01-25 13:28:48,153 seq2seq.trainer.supervised_trainer INFO     Progress: 71%, Train Perplexity: 1.0000
2018-01-25 13:28:49,757 seq2seq.trainer.supervised_trainer INFO     Progress: 71%, Train Perplexity: 1.0000
2018-01-25 13:28:50,989 seq2seq.trainer.supervised_trainer INFO     Progress: 71%, Train Perplexity: 1.0000
2018-01-25 13:28:54,156 seq2seq.trainer.supervised_trainer INFO     Finished epoch 36: Train Perplexity: 1.0000, Dev Perplexity: 1.2443, Accuracy: 0.9730, Sequence Accuracy: 0.8836
2018-01-25 13:28:55,541 seq2seq.trainer.supervised_trainer INFO     Progress: 72%, Train Perplexity: 1.0000
2018-01-25 13:29:00,427 seq2seq.trainer.supervised_trainer INFO     Progress: 72%, Train Perplexity: 1.0000
2018-01-25 13:29:01,802 seq2seq.trainer.supervised_trainer INFO     Progress: 72%, Train Perplexity: 1.0000
2018-01-25 13:29:03,216 seq2seq.trainer.supervised_trainer INFO     Progress: 72%, Train Perplexity: 1.0000
2018-01-25 13:29:04,709 seq2seq.trainer.supervised_trainer INFO     Progress: 72%, Train Perplexity: 1.0000
2018-01-25 13:29:06,657 seq2seq.trainer.supervised_trainer INFO     Progress: 72%, Train Perplexity: 1.0000
2018-01-25 13:29:08,309 seq2seq.trainer.supervised_trainer INFO     Progress: 72%, Train Perplexity: 1.0000
2018-01-25 13:29:12,544 seq2seq.trainer.supervised_trainer INFO     Progress: 73%, Train Perplexity: 1.0000
2018-01-25 13:29:14,219 seq2seq.trainer.supervised_trainer INFO     Progress: 73%, Train Perplexity: 1.0000
2018-01-25 13:29:15,551 seq2seq.trainer.supervised_trainer INFO     Progress: 73%, Train Perplexity: 1.0000
2018-01-25 13:29:17,102 seq2seq.trainer.supervised_trainer INFO     Progress: 73%, Train Perplexity: 1.0000
2018-01-25 13:29:18,837 seq2seq.trainer.supervised_trainer INFO     Progress: 73%, Train Perplexity: 1.0000
2018-01-25 13:29:20,750 seq2seq.trainer.supervised_trainer INFO     Progress: 73%, Train Perplexity: 1.0000
2018-01-25 13:29:22,479 seq2seq.trainer.supervised_trainer INFO     Progress: 73%, Train Perplexity: 1.0000
2018-01-25 13:29:29,028 seq2seq.trainer.supervised_trainer INFO     Finished epoch 37: Train Perplexity: 1.0000, Dev Perplexity: 1.2443, Accuracy: 0.9731, Sequence Accuracy: 0.8836
2018-01-25 13:29:30,064 seq2seq.trainer.supervised_trainer INFO     Progress: 74%, Train Perplexity: 1.0000
2018-01-25 13:29:32,081 seq2seq.trainer.supervised_trainer INFO     Progress: 74%, Train Perplexity: 1.0001
2018-01-25 13:29:33,905 seq2seq.trainer.supervised_trainer INFO     Progress: 74%, Train Perplexity: 1.0001
2018-01-25 13:29:35,555 seq2seq.trainer.supervised_trainer INFO     Progress: 74%, Train Perplexity: 1.0016
2018-01-25 13:29:37,198 seq2seq.trainer.supervised_trainer INFO     Progress: 74%, Train Perplexity: 1.0267
2018-01-25 13:29:38,930 seq2seq.trainer.supervised_trainer INFO     Progress: 74%, Train Perplexity: 1.0168
2018-01-25 13:29:40,824 seq2seq.trainer.supervised_trainer INFO     Progress: 74%, Train Perplexity: 1.0128
2018-01-25 13:29:45,238 seq2seq.trainer.supervised_trainer INFO     Progress: 75%, Train Perplexity: 1.0006
2018-01-25 13:29:47,091 seq2seq.trainer.supervised_trainer INFO     Progress: 75%, Train Perplexity: 1.0038
2018-01-25 13:29:48,891 seq2seq.trainer.supervised_trainer INFO     Progress: 75%, Train Perplexity: 1.0000
2018-01-25 13:29:50,709 seq2seq.trainer.supervised_trainer INFO     Progress: 75%, Train Perplexity: 1.0017
2018-01-25 13:29:52,383 seq2seq.trainer.supervised_trainer INFO     Progress: 75%, Train Perplexity: 1.0006
2018-01-25 13:29:53,793 seq2seq.trainer.supervised_trainer INFO     Progress: 75%, Train Perplexity: 1.0015
2018-01-25 13:29:58,188 seq2seq.trainer.supervised_trainer INFO     Progress: 75%, Train Perplexity: 1.0004
2018-01-25 13:30:02,100 seq2seq.trainer.supervised_trainer INFO     Finished epoch 38: Train Perplexity: 1.0047, Dev Perplexity: 1.1803, Accuracy: 0.9775, Sequence Accuracy: 0.9000
2018-01-25 13:30:02,847 seq2seq.trainer.supervised_trainer INFO     Progress: 76%, Train Perplexity: 1.0001
2018-01-25 13:30:04,665 seq2seq.trainer.supervised_trainer INFO     Progress: 76%, Train Perplexity: 1.0012
2018-01-25 13:30:06,029 seq2seq.trainer.supervised_trainer INFO     Progress: 76%, Train Perplexity: 1.0007
2018-01-25 13:30:07,776 seq2seq.trainer.supervised_trainer INFO     Progress: 76%, Train Perplexity: 1.0044
2018-01-25 13:30:09,674 seq2seq.trainer.supervised_trainer INFO     Progress: 76%, Train Perplexity: 1.0009
2018-01-25 13:30:11,279 seq2seq.trainer.supervised_trainer INFO     Progress: 76%, Train Perplexity: 1.0010
2018-01-25 13:30:16,121 seq2seq.trainer.supervised_trainer INFO     Progress: 76%, Train Perplexity: 1.0024
2018-01-25 13:30:18,053 seq2seq.trainer.supervised_trainer INFO     Progress: 77%, Train Perplexity: 1.0002
2018-01-25 13:30:19,564 seq2seq.trainer.supervised_trainer INFO     Progress: 77%, Train Perplexity: 1.0023
2018-01-25 13:30:21,207 seq2seq.trainer.supervised_trainer INFO     Progress: 77%, Train Perplexity: 1.0000
2018-01-25 13:30:22,547 seq2seq.trainer.supervised_trainer INFO     Progress: 77%, Train Perplexity: 1.0000
2018-01-25 13:30:24,336 seq2seq.trainer.supervised_trainer INFO     Progress: 77%, Train Perplexity: 1.0000
2018-01-25 13:30:28,858 seq2seq.trainer.supervised_trainer INFO     Progress: 77%, Train Perplexity: 1.0000
2018-01-25 13:30:30,818 seq2seq.trainer.supervised_trainer INFO     Progress: 77%, Train Perplexity: 1.0010
2018-01-25 13:30:34,684 seq2seq.trainer.supervised_trainer INFO     Finished epoch 39: Train Perplexity: 1.0010, Dev Perplexity: 1.2488, Accuracy: 0.9724, Sequence Accuracy: 0.8834
2018-01-25 13:30:35,128 seq2seq.trainer.supervised_trainer INFO     Progress: 78%, Train Perplexity: 1.0000
2018-01-25 13:30:36,817 seq2seq.trainer.supervised_trainer INFO     Progress: 78%, Train Perplexity: 1.0006
2018-01-25 13:30:38,536 seq2seq.trainer.supervised_trainer INFO     Progress: 78%, Train Perplexity: 1.0017
2018-01-25 13:30:40,226 seq2seq.trainer.supervised_trainer INFO     Progress: 78%, Train Perplexity: 1.0008
2018-01-25 13:30:42,011 seq2seq.trainer.supervised_trainer INFO     Progress: 78%, Train Perplexity: 1.0022
2018-01-25 13:30:46,348 seq2seq.trainer.supervised_trainer INFO     Progress: 78%, Train Perplexity: 1.0041
2018-01-25 13:30:48,131 seq2seq.trainer.supervised_trainer INFO     Progress: 78%, Train Perplexity: 1.0037
2018-01-25 13:30:49,722 seq2seq.trainer.supervised_trainer INFO     Progress: 79%, Train Perplexity: 1.0012
2018-01-25 13:30:51,291 seq2seq.trainer.supervised_trainer INFO     Progress: 79%, Train Perplexity: 1.0057
2018-01-25 13:30:52,818 seq2seq.trainer.supervised_trainer INFO     Progress: 79%, Train Perplexity: 1.0001
2018-01-25 13:30:54,418 seq2seq.trainer.supervised_trainer INFO     Progress: 79%, Train Perplexity: 1.0005
2018-01-25 13:30:56,259 seq2seq.trainer.supervised_trainer INFO     Progress: 79%, Train Perplexity: 1.0000
2018-01-25 13:31:00,946 seq2seq.trainer.supervised_trainer INFO     Progress: 79%, Train Perplexity: 1.0000
2018-01-25 13:31:02,697 seq2seq.trainer.supervised_trainer INFO     Progress: 79%, Train Perplexity: 1.0000
2018-01-25 13:31:04,245 seq2seq.trainer.supervised_trainer INFO     Progress: 80%, Train Perplexity: 1.0000
2018-01-25 13:31:07,123 seq2seq.trainer.supervised_trainer INFO     Finished epoch 40: Train Perplexity: 1.0015, Dev Perplexity: 1.2408, Accuracy: 0.9744, Sequence Accuracy: 0.8800
2018-01-25 13:31:08,862 seq2seq.trainer.supervised_trainer INFO     Progress: 80%, Train Perplexity: 1.0001
2018-01-25 13:31:10,406 seq2seq.trainer.supervised_trainer INFO     Progress: 80%, Train Perplexity: 1.0003
2018-01-25 13:31:12,133 seq2seq.trainer.supervised_trainer INFO     Progress: 80%, Train Perplexity: 1.0023
2018-01-25 13:31:16,645 seq2seq.trainer.supervised_trainer INFO     Progress: 80%, Train Perplexity: 1.0005
2018-01-25 13:31:18,454 seq2seq.trainer.supervised_trainer INFO     Progress: 80%, Train Perplexity: 1.0027
2018-01-25 13:31:20,196 seq2seq.trainer.supervised_trainer INFO     Progress: 80%, Train Perplexity: 1.0001
2018-01-25 13:31:21,815 seq2seq.trainer.supervised_trainer INFO     Progress: 80%, Train Perplexity: 1.0000
2018-01-25 13:31:23,658 seq2seq.trainer.supervised_trainer INFO     Progress: 81%, Train Perplexity: 1.0000
2018-01-25 13:31:25,424 seq2seq.trainer.supervised_trainer INFO     Progress: 81%, Train Perplexity: 1.0002
2018-01-25 13:31:26,970 seq2seq.trainer.supervised_trainer INFO     Progress: 81%, Train Perplexity: 1.0011
2018-01-25 13:31:31,638 seq2seq.trainer.supervised_trainer INFO     Progress: 81%, Train Perplexity: 1.0000
2018-01-25 13:31:33,081 seq2seq.trainer.supervised_trainer INFO     Progress: 81%, Train Perplexity: 1.0000
2018-01-25 13:31:34,181 seq2seq.trainer.supervised_trainer INFO     Progress: 81%, Train Perplexity: 1.0000
2018-01-25 13:31:36,041 seq2seq.trainer.supervised_trainer INFO     Progress: 81%, Train Perplexity: 1.0000
2018-01-25 13:31:39,208 seq2seq.trainer.supervised_trainer INFO     Finished epoch 41: Train Perplexity: 1.0005, Dev Perplexity: 1.1768, Accuracy: 0.9731, Sequence Accuracy: 0.8877
2018-01-25 13:31:40,594 seq2seq.trainer.supervised_trainer INFO     Progress: 82%, Train Perplexity: 1.0002
2018-01-25 13:31:42,486 seq2seq.trainer.supervised_trainer INFO     Progress: 82%, Train Perplexity: 1.0000
2018-01-25 13:31:44,456 seq2seq.trainer.supervised_trainer INFO     Progress: 82%, Train Perplexity: 1.0001
2018-01-25 13:31:49,178 seq2seq.trainer.supervised_trainer INFO     Progress: 82%, Train Perplexity: 1.0017
2018-01-25 13:31:50,801 seq2seq.trainer.supervised_trainer INFO     Progress: 82%, Train Perplexity: 1.0000
2018-01-25 13:31:52,291 seq2seq.trainer.supervised_trainer INFO     Progress: 82%, Train Perplexity: 1.0006
2018-01-25 13:31:53,745 seq2seq.trainer.supervised_trainer INFO     Progress: 82%, Train Perplexity: 1.0000
2018-01-25 13:31:55,422 seq2seq.trainer.supervised_trainer INFO     Progress: 83%, Train Perplexity: 1.0000
2018-01-25 13:31:57,119 seq2seq.trainer.supervised_trainer INFO     Progress: 83%, Train Perplexity: 1.0000
2018-01-25 13:32:01,547 seq2seq.trainer.supervised_trainer INFO     Progress: 83%, Train Perplexity: 1.0000
2018-01-25 13:32:02,961 seq2seq.trainer.supervised_trainer INFO     Progress: 83%, Train Perplexity: 1.0000
2018-01-25 13:32:04,483 seq2seq.trainer.supervised_trainer INFO     Progress: 83%, Train Perplexity: 1.0000
2018-01-25 13:32:05,734 seq2seq.trainer.supervised_trainer INFO     Progress: 83%, Train Perplexity: 1.0000
2018-01-25 13:32:07,392 seq2seq.trainer.supervised_trainer INFO     Progress: 83%, Train Perplexity: 1.0000
2018-01-25 13:32:10,945 seq2seq.trainer.supervised_trainer INFO     Finished epoch 42: Train Perplexity: 1.0002, Dev Perplexity: 1.1844, Accuracy: 0.9751, Sequence Accuracy: 0.8761
2018-01-25 13:32:12,056 seq2seq.trainer.supervised_trainer INFO     Progress: 84%, Train Perplexity: 1.0010
2018-01-25 13:32:13,843 seq2seq.trainer.supervised_trainer INFO     Progress: 84%, Train Perplexity: 1.0000
2018-01-25 13:32:18,297 seq2seq.trainer.supervised_trainer INFO     Progress: 84%, Train Perplexity: 1.0000
2018-01-25 13:32:19,905 seq2seq.trainer.supervised_trainer INFO     Progress: 84%, Train Perplexity: 1.0000
2018-01-25 13:32:21,741 seq2seq.trainer.supervised_trainer INFO     Progress: 84%, Train Perplexity: 1.0000
2018-01-25 13:32:22,992 seq2seq.trainer.supervised_trainer INFO     Progress: 84%, Train Perplexity: 1.0000
2018-01-25 13:32:25,081 seq2seq.trainer.supervised_trainer INFO     Progress: 84%, Train Perplexity: 1.0000
2018-01-25 13:32:26,520 seq2seq.trainer.supervised_trainer INFO     Progress: 85%, Train Perplexity: 1.0000
2018-01-25 13:32:28,086 seq2seq.trainer.supervised_trainer INFO     Progress: 85%, Train Perplexity: 1.0000
2018-01-25 13:32:32,628 seq2seq.trainer.supervised_trainer INFO     Progress: 85%, Train Perplexity: 1.0000
2018-01-25 13:32:34,238 seq2seq.trainer.supervised_trainer INFO     Progress: 85%, Train Perplexity: 1.0000
2018-01-25 13:32:36,173 seq2seq.trainer.supervised_trainer INFO     Progress: 85%, Train Perplexity: 1.0000
2018-01-25 13:32:37,429 seq2seq.trainer.supervised_trainer INFO     Progress: 85%, Train Perplexity: 1.0000
2018-01-25 13:32:38,962 seq2seq.trainer.supervised_trainer INFO     Progress: 85%, Train Perplexity: 1.0000
2018-01-25 13:32:42,817 seq2seq.trainer.supervised_trainer INFO     Finished epoch 43: Train Perplexity: 1.0001, Dev Perplexity: 1.1942, Accuracy: 0.9746, Sequence Accuracy: 0.8757
2018-01-25 13:32:43,473 seq2seq.trainer.supervised_trainer INFO     Progress: 86%, Train Perplexity: 1.0000
2018-01-25 13:32:48,077 seq2seq.trainer.supervised_trainer INFO     Progress: 86%, Train Perplexity: 1.0001
2018-01-25 13:32:49,625 seq2seq.trainer.supervised_trainer INFO     Progress: 86%, Train Perplexity: 1.0000
2018-01-25 13:32:50,967 seq2seq.trainer.supervised_trainer INFO     Progress: 86%, Train Perplexity: 1.0000
2018-01-25 13:32:52,410 seq2seq.trainer.supervised_trainer INFO     Progress: 86%, Train Perplexity: 1.0000
2018-01-25 13:32:53,939 seq2seq.trainer.supervised_trainer INFO     Progress: 86%, Train Perplexity: 1.0000
2018-01-25 13:32:55,719 seq2seq.trainer.supervised_trainer INFO     Progress: 86%, Train Perplexity: 1.0000
2018-01-25 13:32:57,187 seq2seq.trainer.supervised_trainer INFO     Progress: 87%, Train Perplexity: 1.0000
2018-01-25 13:33:01,738 seq2seq.trainer.supervised_trainer INFO     Progress: 87%, Train Perplexity: 1.0000
2018-01-25 13:33:03,090 seq2seq.trainer.supervised_trainer INFO     Progress: 87%, Train Perplexity: 1.0000
2018-01-25 13:33:04,926 seq2seq.trainer.supervised_trainer INFO     Progress: 87%, Train Perplexity: 1.0000
2018-01-25 13:33:06,654 seq2seq.trainer.supervised_trainer INFO     Progress: 87%, Train Perplexity: 1.0000
2018-01-25 13:33:08,156 seq2seq.trainer.supervised_trainer INFO     Progress: 87%, Train Perplexity: 1.0000
2018-01-25 13:33:09,769 seq2seq.trainer.supervised_trainer INFO     Progress: 87%, Train Perplexity: 1.0000
2018-01-25 13:33:13,951 seq2seq.trainer.supervised_trainer INFO     Finished epoch 44: Train Perplexity: 1.0000, Dev Perplexity: 1.2450, Accuracy: 0.9704, Sequence Accuracy: 0.8550
2018-01-25 13:33:14,463 seq2seq.trainer.supervised_trainer INFO     Progress: 88%, Train Perplexity: 1.0000
2018-01-25 13:33:19,076 seq2seq.trainer.supervised_trainer INFO     Progress: 88%, Train Perplexity: 1.0000
2018-01-25 13:33:20,838 seq2seq.trainer.supervised_trainer INFO     Progress: 88%, Train Perplexity: 1.0000
2018-01-25 13:33:22,560 seq2seq.trainer.supervised_trainer INFO     Progress: 88%, Train Perplexity: 1.0000
2018-01-25 13:33:24,139 seq2seq.trainer.supervised_trainer INFO     Progress: 88%, Train Perplexity: 1.0000
2018-01-25 13:33:25,475 seq2seq.trainer.supervised_trainer INFO     Progress: 88%, Train Perplexity: 1.0000
2018-01-25 13:33:27,049 seq2seq.trainer.supervised_trainer INFO     Progress: 88%, Train Perplexity: 1.0000
2018-01-25 13:33:31,443 seq2seq.trainer.supervised_trainer INFO     Progress: 89%, Train Perplexity: 1.0000
2018-01-25 13:33:32,740 seq2seq.trainer.supervised_trainer INFO     Progress: 89%, Train Perplexity: 1.0000
2018-01-25 13:33:34,411 seq2seq.trainer.supervised_trainer INFO     Progress: 89%, Train Perplexity: 1.0000
2018-01-25 13:33:36,053 seq2seq.trainer.supervised_trainer INFO     Progress: 89%, Train Perplexity: 1.0000
2018-01-25 13:33:37,662 seq2seq.trainer.supervised_trainer INFO     Progress: 89%, Train Perplexity: 1.0000
2018-01-25 13:33:39,388 seq2seq.trainer.supervised_trainer INFO     Progress: 89%, Train Perplexity: 1.0000
2018-01-25 13:33:40,855 seq2seq.trainer.supervised_trainer INFO     Progress: 89%, Train Perplexity: 1.0000
2018-01-25 13:33:45,310 seq2seq.trainer.supervised_trainer INFO     Progress: 90%, Train Perplexity: 1.0000
2018-01-25 13:33:48,186 seq2seq.trainer.supervised_trainer INFO     Finished epoch 45: Train Perplexity: 1.0000, Dev Perplexity: 1.2485, Accuracy: 0.9702, Sequence Accuracy: 0.8544
2018-01-25 13:33:49,969 seq2seq.trainer.supervised_trainer INFO     Progress: 90%, Train Perplexity: 1.0007
2018-01-25 13:33:51,713 seq2seq.trainer.supervised_trainer INFO     Progress: 90%, Train Perplexity: 1.0038
2018-01-25 13:33:53,307 seq2seq.trainer.supervised_trainer INFO     Progress: 90%, Train Perplexity: 1.0286
2018-01-25 13:33:55,028 seq2seq.trainer.supervised_trainer INFO     Progress: 90%, Train Perplexity: 1.0480
2018-01-25 13:33:56,999 seq2seq.trainer.supervised_trainer INFO     Progress: 90%, Train Perplexity: 1.0058
2018-01-25 13:33:58,889 seq2seq.trainer.supervised_trainer INFO     Progress: 90%, Train Perplexity: 1.0083
2018-01-25 13:34:03,333 seq2seq.trainer.supervised_trainer INFO     Progress: 90%, Train Perplexity: 1.0010
2018-01-25 13:34:05,123 seq2seq.trainer.supervised_trainer INFO     Progress: 91%, Train Perplexity: 1.0011
2018-01-25 13:34:06,823 seq2seq.trainer.supervised_trainer INFO     Progress: 91%, Train Perplexity: 1.0044
2018-01-25 13:34:08,311 seq2seq.trainer.supervised_trainer INFO     Progress: 91%, Train Perplexity: 1.0012
2018-01-25 13:34:09,922 seq2seq.trainer.supervised_trainer INFO     Progress: 91%, Train Perplexity: 1.0005
2018-01-25 13:34:11,802 seq2seq.trainer.supervised_trainer INFO     Progress: 91%, Train Perplexity: 1.0001
2018-01-25 13:34:16,284 seq2seq.trainer.supervised_trainer INFO     Progress: 91%, Train Perplexity: 1.0000
2018-01-25 13:34:17,931 seq2seq.trainer.supervised_trainer INFO     Progress: 91%, Train Perplexity: 1.0002
2018-01-25 13:34:21,085 seq2seq.trainer.supervised_trainer INFO     Finished epoch 46: Train Perplexity: 1.0073, Dev Perplexity: 1.2136, Accuracy: 0.9804, Sequence Accuracy: 0.8968
2018-01-25 13:34:22,403 seq2seq.trainer.supervised_trainer INFO     Progress: 92%, Train Perplexity: 1.0007
2018-01-25 13:34:24,246 seq2seq.trainer.supervised_trainer INFO     Progress: 92%, Train Perplexity: 1.0008
2018-01-25 13:34:25,876 seq2seq.trainer.supervised_trainer INFO     Progress: 92%, Train Perplexity: 1.0006
2018-01-25 13:34:27,793 seq2seq.trainer.supervised_trainer INFO     Progress: 92%, Train Perplexity: 1.0016
2018-01-25 13:34:29,661 seq2seq.trainer.supervised_trainer INFO     Progress: 92%, Train Perplexity: 1.0003
2018-01-25 13:34:34,198 seq2seq.trainer.supervised_trainer INFO     Progress: 92%, Train Perplexity: 1.0006
2018-01-25 13:34:35,679 seq2seq.trainer.supervised_trainer INFO     Progress: 92%, Train Perplexity: 1.0009
2018-01-25 13:34:37,024 seq2seq.trainer.supervised_trainer INFO     Progress: 93%, Train Perplexity: 1.0008
2018-01-25 13:34:38,758 seq2seq.trainer.supervised_trainer INFO     Progress: 93%, Train Perplexity: 1.0008
2018-01-25 13:34:40,499 seq2seq.trainer.supervised_trainer INFO     Progress: 93%, Train Perplexity: 1.0004
2018-01-25 13:34:41,975 seq2seq.trainer.supervised_trainer INFO     Progress: 93%, Train Perplexity: 1.0000
2018-01-25 13:34:43,890 seq2seq.trainer.supervised_trainer INFO     Progress: 93%, Train Perplexity: 1.0000
2018-01-25 13:34:48,412 seq2seq.trainer.supervised_trainer INFO     Progress: 93%, Train Perplexity: 1.0000
2018-01-25 13:34:49,975 seq2seq.trainer.supervised_trainer INFO     Progress: 93%, Train Perplexity: 1.0000
2018-01-25 13:34:53,431 seq2seq.trainer.supervised_trainer INFO     Finished epoch 47: Train Perplexity: 1.0005, Dev Perplexity: 1.2285, Accuracy: 0.9692, Sequence Accuracy: 0.8841
2018-01-25 13:34:54,559 seq2seq.trainer.supervised_trainer INFO     Progress: 94%, Train Perplexity: 1.0001
2018-01-25 13:34:56,454 seq2seq.trainer.supervised_trainer INFO     Progress: 94%, Train Perplexity: 1.0001
2018-01-25 13:34:58,063 seq2seq.trainer.supervised_trainer INFO     Progress: 94%, Train Perplexity: 1.0000
2018-01-25 13:35:00,146 seq2seq.trainer.supervised_trainer INFO     Progress: 94%, Train Perplexity: 1.0001
2018-01-25 13:35:04,804 seq2seq.trainer.supervised_trainer INFO     Progress: 94%, Train Perplexity: 1.0004
2018-01-25 13:35:06,307 seq2seq.trainer.supervised_trainer INFO     Progress: 94%, Train Perplexity: 1.0000
2018-01-25 13:35:07,958 seq2seq.trainer.supervised_trainer INFO     Progress: 94%, Train Perplexity: 1.0001
2018-01-25 13:35:09,767 seq2seq.trainer.supervised_trainer INFO     Progress: 95%, Train Perplexity: 1.0000
2018-01-25 13:35:11,753 seq2seq.trainer.supervised_trainer INFO     Progress: 95%, Train Perplexity: 1.0000
2018-01-25 13:35:13,639 seq2seq.trainer.supervised_trainer INFO     Progress: 95%, Train Perplexity: 1.0000
2018-01-25 13:35:15,339 seq2seq.trainer.supervised_trainer INFO     Progress: 95%, Train Perplexity: 1.0000
2018-01-25 13:35:19,993 seq2seq.trainer.supervised_trainer INFO     Progress: 95%, Train Perplexity: 1.0000
2018-01-25 13:35:21,646 seq2seq.trainer.supervised_trainer INFO     Progress: 95%, Train Perplexity: 1.0002
2018-01-25 13:35:23,153 seq2seq.trainer.supervised_trainer INFO     Progress: 95%, Train Perplexity: 1.0000
2018-01-25 13:35:26,961 seq2seq.trainer.supervised_trainer INFO     Finished epoch 48: Train Perplexity: 1.0001, Dev Perplexity: 1.2363, Accuracy: 0.9715, Sequence Accuracy: 0.8864
2018-01-25 13:35:27,814 seq2seq.trainer.supervised_trainer INFO     Progress: 96%, Train Perplexity: 1.0000
2018-01-25 13:35:29,306 seq2seq.trainer.supervised_trainer INFO     Progress: 96%, Train Perplexity: 1.0000
2018-01-25 13:35:31,145 seq2seq.trainer.supervised_trainer INFO     Progress: 96%, Train Perplexity: 1.0001
2018-01-25 13:35:35,699 seq2seq.trainer.supervised_trainer INFO     Progress: 96%, Train Perplexity: 1.0000
2018-01-25 13:35:37,637 seq2seq.trainer.supervised_trainer INFO     Progress: 96%, Train Perplexity: 1.0001
2018-01-25 13:35:39,486 seq2seq.trainer.supervised_trainer INFO     Progress: 96%, Train Perplexity: 1.0000
2018-01-25 13:35:41,188 seq2seq.trainer.supervised_trainer INFO     Progress: 96%, Train Perplexity: 1.0001
2018-01-25 13:35:43,253 seq2seq.trainer.supervised_trainer INFO     Progress: 97%, Train Perplexity: 1.0009
2018-01-25 13:35:44,596 seq2seq.trainer.supervised_trainer INFO     Progress: 97%, Train Perplexity: 1.0000
2018-01-25 13:35:46,374 seq2seq.trainer.supervised_trainer INFO     Progress: 97%, Train Perplexity: 1.0000
2018-01-25 13:35:50,949 seq2seq.trainer.supervised_trainer INFO     Progress: 97%, Train Perplexity: 1.0000
2018-01-25 13:35:52,587 seq2seq.trainer.supervised_trainer INFO     Progress: 97%, Train Perplexity: 1.0001
2018-01-25 13:35:54,133 seq2seq.trainer.supervised_trainer INFO     Progress: 97%, Train Perplexity: 1.0000
2018-01-25 13:35:55,910 seq2seq.trainer.supervised_trainer INFO     Progress: 97%, Train Perplexity: 1.0000
2018-01-25 13:35:59,898 seq2seq.trainer.supervised_trainer INFO     Finished epoch 49: Train Perplexity: 1.0001, Dev Perplexity: 1.2637, Accuracy: 0.9685, Sequence Accuracy: 0.8723
2018-01-25 13:36:00,426 seq2seq.trainer.supervised_trainer INFO     Progress: 98%, Train Perplexity: 1.0000
2018-01-25 13:36:02,151 seq2seq.trainer.supervised_trainer INFO     Progress: 98%, Train Perplexity: 1.0001
2018-01-25 13:36:03,615 seq2seq.trainer.supervised_trainer INFO     Progress: 98%, Train Perplexity: 1.0005
2018-01-25 13:36:07,960 seq2seq.trainer.supervised_trainer INFO     Progress: 98%, Train Perplexity: 1.0043
2018-01-25 13:36:09,293 seq2seq.trainer.supervised_trainer INFO     Progress: 98%, Train Perplexity: 1.0002
2018-01-25 13:36:10,992 seq2seq.trainer.supervised_trainer INFO     Progress: 98%, Train Perplexity: 1.0003
2018-01-25 13:36:12,627 seq2seq.trainer.supervised_trainer INFO     Progress: 98%, Train Perplexity: 1.0009
2018-01-25 13:36:14,126 seq2seq.trainer.supervised_trainer INFO     Progress: 99%, Train Perplexity: 1.0011
2018-01-25 13:36:16,157 seq2seq.trainer.supervised_trainer INFO     Progress: 99%, Train Perplexity: 1.0031
2018-01-25 13:36:20,741 seq2seq.trainer.supervised_trainer INFO     Progress: 99%, Train Perplexity: 1.0062
2018-01-25 13:36:22,503 seq2seq.trainer.supervised_trainer INFO     Progress: 99%, Train Perplexity: 1.0036
2018-01-25 13:36:24,025 seq2seq.trainer.supervised_trainer INFO     Progress: 99%, Train Perplexity: 1.0000
2018-01-25 13:36:25,787 seq2seq.trainer.supervised_trainer INFO     Progress: 99%, Train Perplexity: 1.0000
2018-01-25 13:36:27,474 seq2seq.trainer.supervised_trainer INFO     Progress: 99%, Train Perplexity: 1.0000
2018-01-25 13:36:28,937 seq2seq.trainer.supervised_trainer INFO     Progress: 100%, Train Perplexity: 1.0000
2018-01-25 13:36:34,685 seq2seq.trainer.supervised_trainer INFO     Finished epoch 50: Train Perplexity: 1.0014, Dev Perplexity: 1.2264, Accuracy: 0.9754, Sequence Accuracy: 0.8725
end of job
