start of job
Train model on example data
2018-01-25 12:11:58,329 root         INFO     Namespace(attention=False, batch_size=128, bidirectional=False, cuda_device=0, dev='data/CLEANED-SCAN/length_split/experiment4b_output_long_to_short_equally_distributed/tasks_test.txt', dropout_p_decoder=0.5, dropout_p_encoder=0.5, embedding_size=200, epochs=50, hidden_size=200, load_checkpoint=None, log_level='info', lr=0.001, max_len=50, n_layers=2, optim='adam', output_dir='checkpoints_experiment_4b', print_every=20, resume=False, rnn_cell='lstm', save_every=133, src_vocab=50000, teacher_forcing_ratio=0.5, tgt_vocab=50000, train='data/CLEANED-SCAN/length_split/experiment4b_output_long_to_short_equally_distributed/output.txt')
2018-01-25 12:12:02,434 seq2seq.trainer.supervised_trainer INFO     Optimizer: <torch.optim.adam.Adam object at 0x2ab0d48167d0>, Scheduler: None
Cuda device set to 0
2018-01-25 12:12:08,653 seq2seq.trainer.supervised_trainer INFO     Progress: 0%, Train Perplexity: 13.4885
2018-01-25 12:12:11,065 seq2seq.trainer.supervised_trainer INFO     Progress: 0%, Train Perplexity: 5.7423
2018-01-25 12:12:13,367 seq2seq.trainer.supervised_trainer INFO     Progress: 1%, Train Perplexity: 5.6174
2018-01-25 12:12:16,018 seq2seq.trainer.supervised_trainer INFO     Progress: 1%, Train Perplexity: 5.0831
2018-01-25 12:12:18,109 seq2seq.trainer.supervised_trainer INFO     Progress: 1%, Train Perplexity: 4.3088
2018-01-25 12:12:21,493 seq2seq.trainer.supervised_trainer INFO     Finished epoch 1: Train Perplexity: 5.5563, Dev Perplexity: 6.5518, Accuracy: 0.3667, Sequence Accuracy: 0.0000
2018-01-25 12:12:22,007 seq2seq.trainer.supervised_trainer INFO     Progress: 2%, Train Perplexity: 4.1741
2018-01-25 12:12:24,080 seq2seq.trainer.supervised_trainer INFO     Progress: 2%, Train Perplexity: 3.3164
2018-01-25 12:12:26,090 seq2seq.trainer.supervised_trainer INFO     Progress: 2%, Train Perplexity: 2.8452
2018-01-25 12:12:28,248 seq2seq.trainer.supervised_trainer INFO     Progress: 2%, Train Perplexity: 2.9283
2018-01-25 12:12:30,974 seq2seq.trainer.supervised_trainer INFO     Progress: 3%, Train Perplexity: 3.0020
2018-01-25 12:12:33,386 seq2seq.trainer.supervised_trainer INFO     Progress: 3%, Train Perplexity: 2.4619
2018-01-25 12:12:35,502 seq2seq.trainer.supervised_trainer INFO     Progress: 3%, Train Perplexity: 2.5811
2018-01-25 12:12:38,113 seq2seq.trainer.supervised_trainer INFO     Finished epoch 2: Train Perplexity: 2.8293, Dev Perplexity: 4.6736, Accuracy: 0.4461, Sequence Accuracy: 0.0000
2018-01-25 12:12:39,036 seq2seq.trainer.supervised_trainer INFO     Progress: 4%, Train Perplexity: 1.9837
2018-01-25 12:12:40,993 seq2seq.trainer.supervised_trainer INFO     Progress: 4%, Train Perplexity: 2.0829
2018-01-25 12:12:43,317 seq2seq.trainer.supervised_trainer INFO     Progress: 4%, Train Perplexity: 2.0300
2018-01-25 12:12:46,384 seq2seq.trainer.supervised_trainer INFO     Progress: 5%, Train Perplexity: 1.9982
2018-01-25 12:12:49,067 seq2seq.trainer.supervised_trainer INFO     Progress: 5%, Train Perplexity: 2.1344
2018-01-25 12:12:51,259 seq2seq.trainer.supervised_trainer INFO     Progress: 5%, Train Perplexity: 1.7276
2018-01-25 12:12:54,503 seq2seq.trainer.supervised_trainer INFO     Progress: 5%, Train Perplexity: 1.7332
2018-01-25 12:12:55,528 seq2seq.trainer.supervised_trainer INFO     Finished epoch 3: Train Perplexity: 1.9397, Dev Perplexity: 2.9353, Accuracy: 0.5648, Sequence Accuracy: 0.0092
2018-01-25 12:12:57,170 seq2seq.trainer.supervised_trainer INFO     Progress: 6%, Train Perplexity: 1.7053
2018-01-25 12:12:59,397 seq2seq.trainer.supervised_trainer INFO     Progress: 6%, Train Perplexity: 1.5953
2018-01-25 12:13:02,002 seq2seq.trainer.supervised_trainer INFO     Progress: 6%, Train Perplexity: 1.6135
2018-01-25 12:13:04,568 seq2seq.trainer.supervised_trainer INFO     Progress: 7%, Train Perplexity: 1.6209
2018-01-25 12:13:07,057 seq2seq.trainer.supervised_trainer INFO     Progress: 7%, Train Perplexity: 1.4859
2018-01-25 12:13:09,487 seq2seq.trainer.supervised_trainer INFO     Progress: 7%, Train Perplexity: 1.4490
2018-01-25 12:13:12,601 seq2seq.trainer.supervised_trainer INFO     Progress: 8%, Train Perplexity: 1.4831
2018-01-25 12:13:13,181 seq2seq.trainer.supervised_trainer INFO     Finished epoch 4: Train Perplexity: 1.5549, Dev Perplexity: 1.9637, Accuracy: 0.7491, Sequence Accuracy: 0.2076
2018-01-25 12:13:15,611 seq2seq.trainer.supervised_trainer INFO     Progress: 8%, Train Perplexity: 1.4569
2018-01-25 12:13:18,311 seq2seq.trainer.supervised_trainer INFO     Progress: 8%, Train Perplexity: 1.4589
2018-01-25 12:13:20,548 seq2seq.trainer.supervised_trainer INFO     Progress: 8%, Train Perplexity: 1.3998
2018-01-25 12:13:22,945 seq2seq.trainer.supervised_trainer INFO     Progress: 9%, Train Perplexity: 1.4099
2018-01-25 12:13:25,259 seq2seq.trainer.supervised_trainer INFO     Progress: 9%, Train Perplexity: 1.3104
2018-01-25 12:13:27,529 seq2seq.trainer.supervised_trainer INFO     Progress: 9%, Train Perplexity: 1.3419
2018-01-25 12:13:30,849 seq2seq.trainer.supervised_trainer INFO     Finished epoch 5: Train Perplexity: 1.3879, Dev Perplexity: 1.8229, Accuracy: 0.7652, Sequence Accuracy: 0.2097
2018-01-25 12:13:31,572 seq2seq.trainer.supervised_trainer INFO     Progress: 10%, Train Perplexity: 1.3170
2018-01-25 12:13:33,802 seq2seq.trainer.supervised_trainer INFO     Progress: 10%, Train Perplexity: 1.2896
2018-01-25 12:13:36,090 seq2seq.trainer.supervised_trainer INFO     Progress: 10%, Train Perplexity: 1.2604
2018-01-25 12:13:38,445 seq2seq.trainer.supervised_trainer INFO     Progress: 10%, Train Perplexity: 1.2511
2018-01-25 12:13:40,932 seq2seq.trainer.supervised_trainer INFO     Progress: 11%, Train Perplexity: 1.2536
2018-01-25 12:13:43,478 seq2seq.trainer.supervised_trainer INFO     Progress: 11%, Train Perplexity: 1.2454
2018-01-25 12:13:46,592 seq2seq.trainer.supervised_trainer INFO     Progress: 11%, Train Perplexity: 1.1972
2018-01-25 12:13:48,100 seq2seq.trainer.supervised_trainer INFO     Finished epoch 6: Train Perplexity: 1.2429, Dev Perplexity: 1.5738, Accuracy: 0.8375, Sequence Accuracy: 0.4117
2018-01-25 12:13:49,373 seq2seq.trainer.supervised_trainer INFO     Progress: 12%, Train Perplexity: 1.1707
2018-01-25 12:13:51,714 seq2seq.trainer.supervised_trainer INFO     Progress: 12%, Train Perplexity: 1.2007
2018-01-25 12:13:53,882 seq2seq.trainer.supervised_trainer INFO     Progress: 12%, Train Perplexity: 1.1610
2018-01-25 12:13:56,323 seq2seq.trainer.supervised_trainer INFO     Progress: 13%, Train Perplexity: 1.1794
2018-01-25 12:13:59,033 seq2seq.trainer.supervised_trainer INFO     Progress: 13%, Train Perplexity: 1.1876
2018-01-25 12:14:01,575 seq2seq.trainer.supervised_trainer INFO     Progress: 13%, Train Perplexity: 1.1927
2018-01-25 12:14:04,820 seq2seq.trainer.supervised_trainer INFO     Progress: 13%, Train Perplexity: 1.1548
2018-01-25 12:14:06,093 seq2seq.trainer.supervised_trainer INFO     Finished epoch 7: Train Perplexity: 1.1798, Dev Perplexity: 1.4934, Accuracy: 0.8537, Sequence Accuracy: 0.4354
2018-01-25 12:14:07,932 seq2seq.trainer.supervised_trainer INFO     Progress: 14%, Train Perplexity: 1.1613
2018-01-25 12:14:10,446 seq2seq.trainer.supervised_trainer INFO     Progress: 14%, Train Perplexity: 1.1525
2018-01-25 12:14:12,676 seq2seq.trainer.supervised_trainer INFO     Progress: 14%, Train Perplexity: 1.1317
2018-01-25 12:14:15,056 seq2seq.trainer.supervised_trainer INFO     Progress: 15%, Train Perplexity: 1.1659
2018-01-25 12:14:17,616 seq2seq.trainer.supervised_trainer INFO     Progress: 15%, Train Perplexity: 1.1460
2018-01-25 12:14:19,979 seq2seq.trainer.supervised_trainer INFO     Progress: 15%, Train Perplexity: 1.1376
2018-01-25 12:14:23,153 seq2seq.trainer.supervised_trainer INFO     Progress: 16%, Train Perplexity: 1.0889
2018-01-25 12:14:23,731 seq2seq.trainer.supervised_trainer INFO     Finished epoch 8: Train Perplexity: 1.1409, Dev Perplexity: 1.4841, Accuracy: 0.8515, Sequence Accuracy: 0.4076
2018-01-25 12:14:26,303 seq2seq.trainer.supervised_trainer INFO     Progress: 16%, Train Perplexity: 1.1029
2018-01-25 12:14:28,919 seq2seq.trainer.supervised_trainer INFO     Progress: 16%, Train Perplexity: 1.0989
2018-01-25 12:14:31,275 seq2seq.trainer.supervised_trainer INFO     Progress: 16%, Train Perplexity: 1.1054
2018-01-25 12:14:33,958 seq2seq.trainer.supervised_trainer INFO     Progress: 17%, Train Perplexity: 1.1072
2018-01-25 12:14:36,388 seq2seq.trainer.supervised_trainer INFO     Progress: 17%, Train Perplexity: 1.0993
2018-01-25 12:14:39,354 seq2seq.trainer.supervised_trainer INFO     Progress: 17%, Train Perplexity: 1.0984
2018-01-25 12:14:42,098 seq2seq.trainer.supervised_trainer INFO     Finished epoch 9: Train Perplexity: 1.0975, Dev Perplexity: 1.3081, Accuracy: 0.9125, Sequence Accuracy: 0.6422
2018-01-25 12:14:42,635 seq2seq.trainer.supervised_trainer INFO     Progress: 18%, Train Perplexity: 1.0609
2018-01-25 12:14:45,036 seq2seq.trainer.supervised_trainer INFO     Progress: 18%, Train Perplexity: 1.0729
2018-01-25 12:14:47,329 seq2seq.trainer.supervised_trainer INFO     Progress: 18%, Train Perplexity: 1.0740
2018-01-25 12:14:49,795 seq2seq.trainer.supervised_trainer INFO     Progress: 18%, Train Perplexity: 1.0735
2018-01-25 12:14:52,350 seq2seq.trainer.supervised_trainer INFO     Progress: 19%, Train Perplexity: 1.0655
2018-01-25 12:14:54,687 seq2seq.trainer.supervised_trainer INFO     Progress: 19%, Train Perplexity: 1.0572
2018-01-25 12:14:57,961 seq2seq.trainer.supervised_trainer INFO     Progress: 19%, Train Perplexity: 1.0649
2018-01-25 12:14:59,826 seq2seq.trainer.supervised_trainer INFO     Finished epoch 10: Train Perplexity: 1.0655, Dev Perplexity: 1.2829, Accuracy: 0.9149, Sequence Accuracy: 0.6376
2018-01-25 12:15:00,998 seq2seq.trainer.supervised_trainer INFO     Progress: 20%, Train Perplexity: 1.0494
2018-01-25 12:15:03,739 seq2seq.trainer.supervised_trainer INFO     Progress: 20%, Train Perplexity: 1.0887
2018-01-25 12:15:06,218 seq2seq.trainer.supervised_trainer INFO     Progress: 20%, Train Perplexity: 1.0609
2018-01-25 12:15:08,400 seq2seq.trainer.supervised_trainer INFO     Progress: 21%, Train Perplexity: 1.0842
2018-01-25 12:15:10,147 seq2seq.trainer.supervised_trainer INFO     Progress: 21%, Train Perplexity: 1.0521
2018-01-25 12:15:13,064 seq2seq.trainer.supervised_trainer INFO     Progress: 21%, Train Perplexity: 1.0496
2018-01-25 12:15:16,079 seq2seq.trainer.supervised_trainer INFO     Progress: 21%, Train Perplexity: 1.0308
2018-01-25 12:15:17,181 seq2seq.trainer.supervised_trainer INFO     Finished epoch 11: Train Perplexity: 1.0596, Dev Perplexity: 1.2390, Accuracy: 0.9296, Sequence Accuracy: 0.6844
2018-01-25 12:15:19,361 seq2seq.trainer.supervised_trainer INFO     Progress: 22%, Train Perplexity: 1.0522
2018-01-25 12:15:21,549 seq2seq.trainer.supervised_trainer INFO     Progress: 22%, Train Perplexity: 1.0521
2018-01-25 12:15:24,289 seq2seq.trainer.supervised_trainer INFO     Progress: 22%, Train Perplexity: 1.0588
2018-01-25 12:15:26,814 seq2seq.trainer.supervised_trainer INFO     Progress: 23%, Train Perplexity: 1.0407
2018-01-25 12:15:29,298 seq2seq.trainer.supervised_trainer INFO     Progress: 23%, Train Perplexity: 1.0352
2018-01-25 12:15:33,168 seq2seq.trainer.supervised_trainer INFO     Progress: 23%, Train Perplexity: 1.0500
2018-01-25 12:15:35,236 seq2seq.trainer.supervised_trainer INFO     Progress: 24%, Train Perplexity: 1.0263
2018-01-25 12:15:35,814 seq2seq.trainer.supervised_trainer INFO     Finished epoch 12: Train Perplexity: 1.0459, Dev Perplexity: 1.2152, Accuracy: 0.9391, Sequence Accuracy: 0.7356
2018-01-25 12:15:38,468 seq2seq.trainer.supervised_trainer INFO     Progress: 24%, Train Perplexity: 1.0416
2018-01-25 12:15:41,015 seq2seq.trainer.supervised_trainer INFO     Progress: 24%, Train Perplexity: 1.0367
2018-01-25 12:15:43,134 seq2seq.trainer.supervised_trainer INFO     Progress: 24%, Train Perplexity: 1.0410
2018-01-25 12:15:45,939 seq2seq.trainer.supervised_trainer INFO     Progress: 25%, Train Perplexity: 1.0351
2018-01-25 12:15:48,242 seq2seq.trainer.supervised_trainer INFO     Progress: 25%, Train Perplexity: 1.0315
2018-01-25 12:15:51,317 seq2seq.trainer.supervised_trainer INFO     Progress: 25%, Train Perplexity: 1.0367
2018-01-25 12:15:53,975 seq2seq.trainer.supervised_trainer INFO     Finished epoch 13: Train Perplexity: 1.0366, Dev Perplexity: 1.2185, Accuracy: 0.9381, Sequence Accuracy: 0.7364
2018-01-25 12:15:54,800 seq2seq.trainer.supervised_trainer INFO     Progress: 26%, Train Perplexity: 1.0346
2018-01-25 12:15:57,621 seq2seq.trainer.supervised_trainer INFO     Progress: 26%, Train Perplexity: 1.0359
2018-01-25 12:15:59,549 seq2seq.trainer.supervised_trainer INFO     Progress: 26%, Train Perplexity: 1.0293
2018-01-25 12:16:02,250 seq2seq.trainer.supervised_trainer INFO     Progress: 26%, Train Perplexity: 1.0336
2018-01-25 12:16:04,738 seq2seq.trainer.supervised_trainer INFO     Progress: 27%, Train Perplexity: 1.0372
2018-01-25 12:16:07,009 seq2seq.trainer.supervised_trainer INFO     Progress: 27%, Train Perplexity: 1.0215
2018-01-25 12:16:09,989 seq2seq.trainer.supervised_trainer INFO     Progress: 27%, Train Perplexity: 1.0174
2018-01-25 12:16:11,546 seq2seq.trainer.supervised_trainer INFO     Finished epoch 14: Train Perplexity: 1.0280, Dev Perplexity: 1.1845, Accuracy: 0.9479, Sequence Accuracy: 0.7722
2018-01-25 12:16:12,783 seq2seq.trainer.supervised_trainer INFO     Progress: 28%, Train Perplexity: 1.0166
2018-01-25 12:16:15,300 seq2seq.trainer.supervised_trainer INFO     Progress: 28%, Train Perplexity: 1.0327
2018-01-25 12:16:17,563 seq2seq.trainer.supervised_trainer INFO     Progress: 28%, Train Perplexity: 1.0241
2018-01-25 12:16:20,246 seq2seq.trainer.supervised_trainer INFO     Progress: 29%, Train Perplexity: 1.0185
2018-01-25 12:16:22,066 seq2seq.trainer.supervised_trainer INFO     Progress: 29%, Train Perplexity: 1.0119
2018-01-25 12:16:25,159 seq2seq.trainer.supervised_trainer INFO     Progress: 29%, Train Perplexity: 1.0177
2018-01-25 12:16:27,716 seq2seq.trainer.supervised_trainer INFO     Progress: 29%, Train Perplexity: 1.0059
2018-01-25 12:16:29,018 seq2seq.trainer.supervised_trainer INFO     Finished epoch 15: Train Perplexity: 1.0187, Dev Perplexity: 1.1769, Accuracy: 0.9510, Sequence Accuracy: 0.7900
2018-01-25 12:16:30,886 seq2seq.trainer.supervised_trainer INFO     Progress: 30%, Train Perplexity: 1.0146
2018-01-25 12:16:33,407 seq2seq.trainer.supervised_trainer INFO     Progress: 30%, Train Perplexity: 1.0114
2018-01-25 12:16:35,579 seq2seq.trainer.supervised_trainer INFO     Progress: 30%, Train Perplexity: 1.0154
2018-01-25 12:16:37,986 seq2seq.trainer.supervised_trainer INFO     Progress: 31%, Train Perplexity: 1.0147
2018-01-25 12:16:40,357 seq2seq.trainer.supervised_trainer INFO     Progress: 31%, Train Perplexity: 1.0176
2018-01-25 12:16:43,703 seq2seq.trainer.supervised_trainer INFO     Progress: 31%, Train Perplexity: 1.0275
2018-01-25 12:16:45,864 seq2seq.trainer.supervised_trainer INFO     Progress: 32%, Train Perplexity: 1.0125
2018-01-25 12:16:46,440 seq2seq.trainer.supervised_trainer INFO     Finished epoch 16: Train Perplexity: 1.0164, Dev Perplexity: 1.1798, Accuracy: 0.9482, Sequence Accuracy: 0.7703
2018-01-25 12:16:48,927 seq2seq.trainer.supervised_trainer INFO     Progress: 32%, Train Perplexity: 1.0076
2018-01-25 12:16:51,435 seq2seq.trainer.supervised_trainer INFO     Progress: 32%, Train Perplexity: 1.0181
2018-01-25 12:16:54,094 seq2seq.trainer.supervised_trainer INFO     Progress: 32%, Train Perplexity: 1.0193
2018-01-25 12:16:57,022 seq2seq.trainer.supervised_trainer INFO     Progress: 33%, Train Perplexity: 1.0108
2018-01-25 12:16:59,849 seq2seq.trainer.supervised_trainer INFO     Progress: 33%, Train Perplexity: 1.0145
2018-01-25 12:17:03,277 seq2seq.trainer.supervised_trainer INFO     Progress: 33%, Train Perplexity: 1.0168
2018-01-25 12:17:05,299 seq2seq.trainer.supervised_trainer INFO     Finished epoch 17: Train Perplexity: 1.0173, Dev Perplexity: 1.3345, Accuracy: 0.9099, Sequence Accuracy: 0.5837
2018-01-25 12:17:05,924 seq2seq.trainer.supervised_trainer INFO     Progress: 34%, Train Perplexity: 1.0370
2018-01-25 12:17:07,993 seq2seq.trainer.supervised_trainer INFO     Progress: 34%, Train Perplexity: 1.0103
2018-01-25 12:17:10,432 seq2seq.trainer.supervised_trainer INFO     Progress: 34%, Train Perplexity: 1.0096
2018-01-25 12:17:12,758 seq2seq.trainer.supervised_trainer INFO     Progress: 34%, Train Perplexity: 1.0076
2018-01-25 12:17:15,079 seq2seq.trainer.supervised_trainer INFO     Progress: 35%, Train Perplexity: 1.0213
2018-01-25 12:17:18,087 seq2seq.trainer.supervised_trainer INFO     Progress: 35%, Train Perplexity: 1.0480
2018-01-25 12:17:20,524 seq2seq.trainer.supervised_trainer INFO     Progress: 35%, Train Perplexity: 1.0075
2018-01-25 12:17:22,772 seq2seq.trainer.supervised_trainer INFO     Finished epoch 18: Train Perplexity: 1.0170, Dev Perplexity: 1.1707, Accuracy: 0.9550, Sequence Accuracy: 0.8029
2018-01-25 12:17:23,841 seq2seq.trainer.supervised_trainer INFO     Progress: 36%, Train Perplexity: 1.0062
2018-01-25 12:17:26,138 seq2seq.trainer.supervised_trainer INFO     Progress: 36%, Train Perplexity: 1.0147
2018-01-25 12:17:28,550 seq2seq.trainer.supervised_trainer INFO     Progress: 36%, Train Perplexity: 1.0132
2018-01-25 12:17:31,044 seq2seq.trainer.supervised_trainer INFO     Progress: 37%, Train Perplexity: 1.0143
2018-01-25 12:17:33,380 seq2seq.trainer.supervised_trainer INFO     Progress: 37%, Train Perplexity: 1.0136
2018-01-25 12:17:36,088 seq2seq.trainer.supervised_trainer INFO     Progress: 37%, Train Perplexity: 1.0103
2018-01-25 12:17:38,284 seq2seq.trainer.supervised_trainer INFO     Progress: 37%, Train Perplexity: 1.0046
2018-01-25 12:17:39,342 seq2seq.trainer.supervised_trainer INFO     Finished epoch 19: Train Perplexity: 1.0110, Dev Perplexity: 1.1775, Accuracy: 0.9506, Sequence Accuracy: 0.7892
2018-01-25 12:17:40,835 seq2seq.trainer.supervised_trainer INFO     Progress: 38%, Train Perplexity: 1.0083
2018-01-25 12:17:42,891 seq2seq.trainer.supervised_trainer INFO     Progress: 38%, Train Perplexity: 1.0050
2018-01-25 12:17:45,596 seq2seq.trainer.supervised_trainer INFO     Progress: 38%, Train Perplexity: 1.0084
2018-01-25 12:17:47,915 seq2seq.trainer.supervised_trainer INFO     Progress: 39%, Train Perplexity: 1.0043
2018-01-25 12:17:49,945 seq2seq.trainer.supervised_trainer INFO     Progress: 39%, Train Perplexity: 1.0144
2018-01-25 12:17:52,483 seq2seq.trainer.supervised_trainer INFO     Progress: 39%, Train Perplexity: 1.0099
2018-01-25 12:17:54,626 seq2seq.trainer.supervised_trainer INFO     Progress: 40%, Train Perplexity: 1.0103
2018-01-25 12:17:55,202 seq2seq.trainer.supervised_trainer INFO     Finished epoch 20: Train Perplexity: 1.0088, Dev Perplexity: 1.1117, Accuracy: 0.9691, Sequence Accuracy: 0.8576
2018-01-25 12:17:57,723 seq2seq.trainer.supervised_trainer INFO     Progress: 40%, Train Perplexity: 1.0113
2018-01-25 12:18:00,140 seq2seq.trainer.supervised_trainer INFO     Progress: 40%, Train Perplexity: 1.0064
2018-01-25 12:18:02,770 seq2seq.trainer.supervised_trainer INFO     Progress: 40%, Train Perplexity: 1.0072
2018-01-25 12:18:05,393 seq2seq.trainer.supervised_trainer INFO     Progress: 41%, Train Perplexity: 1.0085
2018-01-25 12:18:08,476 seq2seq.trainer.supervised_trainer INFO     Progress: 41%, Train Perplexity: 1.0049
2018-01-25 12:18:10,908 seq2seq.trainer.supervised_trainer INFO     Progress: 41%, Train Perplexity: 1.0062
2018-01-25 12:18:13,279 seq2seq.trainer.supervised_trainer INFO     Finished epoch 21: Train Perplexity: 1.0068, Dev Perplexity: 1.1359, Accuracy: 0.9664, Sequence Accuracy: 0.8554
2018-01-25 12:18:13,968 seq2seq.trainer.supervised_trainer INFO     Progress: 42%, Train Perplexity: 1.0019
2018-01-25 12:18:16,106 seq2seq.trainer.supervised_trainer INFO     Progress: 42%, Train Perplexity: 1.0038
2018-01-25 12:18:18,211 seq2seq.trainer.supervised_trainer INFO     Progress: 42%, Train Perplexity: 1.0085
2018-01-25 12:18:20,476 seq2seq.trainer.supervised_trainer INFO     Progress: 42%, Train Perplexity: 1.0089
2018-01-25 12:18:22,826 seq2seq.trainer.supervised_trainer INFO     Progress: 43%, Train Perplexity: 1.0076
2018-01-25 12:18:25,832 seq2seq.trainer.supervised_trainer INFO     Progress: 43%, Train Perplexity: 1.0026
2018-01-25 12:18:28,284 seq2seq.trainer.supervised_trainer INFO     Progress: 43%, Train Perplexity: 1.0023
2018-01-25 12:18:30,135 seq2seq.trainer.supervised_trainer INFO     Finished epoch 22: Train Perplexity: 1.0053, Dev Perplexity: 1.1366, Accuracy: 0.9682, Sequence Accuracy: 0.8627
2018-01-25 12:18:31,540 seq2seq.trainer.supervised_trainer INFO     Progress: 44%, Train Perplexity: 1.0034
2018-01-25 12:18:34,022 seq2seq.trainer.supervised_trainer INFO     Progress: 44%, Train Perplexity: 1.0034
2018-01-25 12:18:36,712 seq2seq.trainer.supervised_trainer INFO     Progress: 44%, Train Perplexity: 1.0095
2018-01-25 12:18:39,286 seq2seq.trainer.supervised_trainer INFO     Progress: 45%, Train Perplexity: 1.0073
2018-01-25 12:18:41,920 seq2seq.trainer.supervised_trainer INFO     Progress: 45%, Train Perplexity: 1.0042
2018-01-25 12:18:44,304 seq2seq.trainer.supervised_trainer INFO     Progress: 45%, Train Perplexity: 1.0008
2018-01-25 12:18:46,281 seq2seq.trainer.supervised_trainer INFO     Progress: 45%, Train Perplexity: 1.0020
2018-01-25 12:18:47,342 seq2seq.trainer.supervised_trainer INFO     Finished epoch 23: Train Perplexity: 1.0044, Dev Perplexity: 1.1863, Accuracy: 0.9600, Sequence Accuracy: 0.8183
2018-01-25 12:18:48,985 seq2seq.trainer.supervised_trainer INFO     Progress: 46%, Train Perplexity: 1.0032
2018-01-25 12:18:51,533 seq2seq.trainer.supervised_trainer INFO     Progress: 46%, Train Perplexity: 1.0029
2018-01-25 12:18:53,500 seq2seq.trainer.supervised_trainer INFO     Progress: 46%, Train Perplexity: 1.0020
2018-01-25 12:18:56,022 seq2seq.trainer.supervised_trainer INFO     Progress: 47%, Train Perplexity: 1.0088
2018-01-25 12:18:58,661 seq2seq.trainer.supervised_trainer INFO     Progress: 47%, Train Perplexity: 1.0019
2018-01-25 12:19:01,042 seq2seq.trainer.supervised_trainer INFO     Progress: 47%, Train Perplexity: 1.0038
2018-01-25 12:19:03,136 seq2seq.trainer.supervised_trainer INFO     Progress: 48%, Train Perplexity: 1.0031
2018-01-25 12:19:03,712 seq2seq.trainer.supervised_trainer INFO     Finished epoch 24: Train Perplexity: 1.0037, Dev Perplexity: 1.1868, Accuracy: 0.9594, Sequence Accuracy: 0.8352
2018-01-25 12:19:06,314 seq2seq.trainer.supervised_trainer INFO     Progress: 48%, Train Perplexity: 1.0048
2018-01-25 12:19:08,809 seq2seq.trainer.supervised_trainer INFO     Progress: 48%, Train Perplexity: 1.0031
2018-01-25 12:19:11,126 seq2seq.trainer.supervised_trainer INFO     Progress: 48%, Train Perplexity: 1.0121
2018-01-25 12:19:13,026 seq2seq.trainer.supervised_trainer INFO     Progress: 49%, Train Perplexity: 1.0024
2018-01-25 12:19:15,717 seq2seq.trainer.supervised_trainer INFO     Progress: 49%, Train Perplexity: 1.0033
2018-01-25 12:19:18,175 seq2seq.trainer.supervised_trainer INFO     Progress: 49%, Train Perplexity: 1.0067
2018-01-25 12:19:20,240 seq2seq.trainer.supervised_trainer INFO     Finished epoch 25: Train Perplexity: 1.0054, Dev Perplexity: 1.2450, Accuracy: 0.9486, Sequence Accuracy: 0.7757
2018-01-25 12:19:21,088 seq2seq.trainer.supervised_trainer INFO     Progress: 50%, Train Perplexity: 1.0063
2018-01-25 12:19:23,256 seq2seq.trainer.supervised_trainer INFO     Progress: 50%, Train Perplexity: 1.0047
2018-01-25 12:19:26,125 seq2seq.trainer.supervised_trainer INFO     Progress: 50%, Train Perplexity: 1.0031
2018-01-25 12:19:28,625 seq2seq.trainer.supervised_trainer INFO     Progress: 50%, Train Perplexity: 1.0031
2018-01-25 12:19:31,757 seq2seq.trainer.supervised_trainer INFO     Progress: 51%, Train Perplexity: 1.0044
2018-01-25 12:19:33,706 seq2seq.trainer.supervised_trainer INFO     Progress: 51%, Train Perplexity: 1.0018
2018-01-25 12:19:36,275 seq2seq.trainer.supervised_trainer INFO     Progress: 51%, Train Perplexity: 1.0041
2018-01-25 12:19:37,763 seq2seq.trainer.supervised_trainer INFO     Finished epoch 26: Train Perplexity: 1.0035, Dev Perplexity: 1.0939, Accuracy: 0.9769, Sequence Accuracy: 0.8998
2018-01-25 12:19:38,802 seq2seq.trainer.supervised_trainer INFO     Progress: 52%, Train Perplexity: 1.0005
2018-01-25 12:19:40,820 seq2seq.trainer.supervised_trainer INFO     Progress: 52%, Train Perplexity: 1.0010
2018-01-25 12:19:43,223 seq2seq.trainer.supervised_trainer INFO     Progress: 52%, Train Perplexity: 1.0138
2018-01-25 12:19:45,402 seq2seq.trainer.supervised_trainer INFO     Progress: 53%, Train Perplexity: 1.0004
2018-01-25 12:19:48,329 seq2seq.trainer.supervised_trainer INFO     Progress: 53%, Train Perplexity: 1.0070
2018-01-25 12:19:50,693 seq2seq.trainer.supervised_trainer INFO     Progress: 53%, Train Perplexity: 1.0027
2018-01-25 12:19:52,913 seq2seq.trainer.supervised_trainer INFO     Progress: 53%, Train Perplexity: 1.0023
2018-01-25 12:19:54,302 seq2seq.trainer.supervised_trainer INFO     Finished epoch 27: Train Perplexity: 1.0041, Dev Perplexity: 1.1654, Accuracy: 0.9678, Sequence Accuracy: 0.8570
2018-01-25 12:19:55,950 seq2seq.trainer.supervised_trainer INFO     Progress: 54%, Train Perplexity: 1.0041
2018-01-25 12:19:58,533 seq2seq.trainer.supervised_trainer INFO     Progress: 54%, Train Perplexity: 1.0011
2018-01-25 12:20:01,372 seq2seq.trainer.supervised_trainer INFO     Progress: 54%, Train Perplexity: 1.0064
2018-01-25 12:20:03,591 seq2seq.trainer.supervised_trainer INFO     Progress: 55%, Train Perplexity: 1.0105
2018-01-25 12:20:06,459 seq2seq.trainer.supervised_trainer INFO     Progress: 55%, Train Perplexity: 1.0022
2018-01-25 12:20:08,705 seq2seq.trainer.supervised_trainer INFO     Progress: 55%, Train Perplexity: 1.0067
2018-01-25 12:20:11,204 seq2seq.trainer.supervised_trainer INFO     Progress: 56%, Train Perplexity: 1.0061
2018-01-25 12:20:11,780 seq2seq.trainer.supervised_trainer INFO     Finished epoch 28: Train Perplexity: 1.0055, Dev Perplexity: 1.2167, Accuracy: 0.9641, Sequence Accuracy: 0.8484
2018-01-25 12:20:13,809 seq2seq.trainer.supervised_trainer INFO     Progress: 56%, Train Perplexity: 1.0017
2018-01-25 12:20:16,282 seq2seq.trainer.supervised_trainer INFO     Progress: 56%, Train Perplexity: 1.0007
2018-01-25 12:20:18,832 seq2seq.trainer.supervised_trainer INFO     Progress: 56%, Train Perplexity: 1.0012
2018-01-25 12:20:21,531 seq2seq.trainer.supervised_trainer INFO     Progress: 57%, Train Perplexity: 1.0048
2018-01-25 12:20:23,436 seq2seq.trainer.supervised_trainer INFO     Progress: 57%, Train Perplexity: 1.0013
2018-01-25 12:20:26,452 seq2seq.trainer.supervised_trainer INFO     Progress: 57%, Train Perplexity: 1.0004
2018-01-25 12:20:28,521 seq2seq.trainer.supervised_trainer INFO     Finished epoch 29: Train Perplexity: 1.0015, Dev Perplexity: 1.1150, Accuracy: 0.9777, Sequence Accuracy: 0.9015
2018-01-25 12:20:29,122 seq2seq.trainer.supervised_trainer INFO     Progress: 58%, Train Perplexity: 1.0003
2018-01-25 12:20:31,391 seq2seq.trainer.supervised_trainer INFO     Progress: 58%, Train Perplexity: 1.0014
2018-01-25 12:20:33,565 seq2seq.trainer.supervised_trainer INFO     Progress: 58%, Train Perplexity: 1.0016
2018-01-25 12:20:36,430 seq2seq.trainer.supervised_trainer INFO     Progress: 58%, Train Perplexity: 1.0020
2018-01-25 12:20:39,376 seq2seq.trainer.supervised_trainer INFO     Progress: 59%, Train Perplexity: 1.0007
2018-01-25 12:20:41,704 seq2seq.trainer.supervised_trainer INFO     Progress: 59%, Train Perplexity: 1.0002
2018-01-25 12:20:44,100 seq2seq.trainer.supervised_trainer INFO     Progress: 59%, Train Perplexity: 1.0004
2018-01-25 12:20:45,515 seq2seq.trainer.supervised_trainer INFO     Finished epoch 30: Train Perplexity: 1.0010, Dev Perplexity: 1.1149, Accuracy: 0.9785, Sequence Accuracy: 0.9058
2018-01-25 12:20:46,928 seq2seq.trainer.supervised_trainer INFO     Progress: 60%, Train Perplexity: 1.0005
2018-01-25 12:20:49,179 seq2seq.trainer.supervised_trainer INFO     Progress: 60%, Train Perplexity: 1.0015
2018-01-25 12:20:51,854 seq2seq.trainer.supervised_trainer INFO     Progress: 60%, Train Perplexity: 1.0116
2018-01-25 12:20:53,991 seq2seq.trainer.supervised_trainer INFO     Progress: 61%, Train Perplexity: 1.0029
2018-01-25 12:20:56,451 seq2seq.trainer.supervised_trainer INFO     Progress: 61%, Train Perplexity: 1.0022
2018-01-25 12:20:58,264 seq2seq.trainer.supervised_trainer INFO     Progress: 61%, Train Perplexity: 1.0026
2018-01-25 12:21:00,649 seq2seq.trainer.supervised_trainer INFO     Progress: 61%, Train Perplexity: 1.0002
2018-01-25 12:21:02,059 seq2seq.trainer.supervised_trainer INFO     Finished epoch 31: Train Perplexity: 1.0032, Dev Perplexity: 1.0993, Accuracy: 0.9802, Sequence Accuracy: 0.9122
2018-01-25 12:21:04,091 seq2seq.trainer.supervised_trainer INFO     Progress: 62%, Train Perplexity: 1.0003
2018-01-25 12:21:06,352 seq2seq.trainer.supervised_trainer INFO     Progress: 62%, Train Perplexity: 1.0051
2018-01-25 12:21:08,682 seq2seq.trainer.supervised_trainer INFO     Progress: 62%, Train Perplexity: 1.0018
2018-01-25 12:21:11,511 seq2seq.trainer.supervised_trainer INFO     Progress: 63%, Train Perplexity: 1.0022
2018-01-25 12:21:14,100 seq2seq.trainer.supervised_trainer INFO     Progress: 63%, Train Perplexity: 1.0013
2018-01-25 12:21:16,937 seq2seq.trainer.supervised_trainer INFO     Progress: 63%, Train Perplexity: 1.0000
2018-01-25 12:21:18,687 seq2seq.trainer.supervised_trainer INFO     Progress: 64%, Train Perplexity: 1.0003
2018-01-25 12:21:19,262 seq2seq.trainer.supervised_trainer INFO     Finished epoch 32: Train Perplexity: 1.0016, Dev Perplexity: 1.2086, Accuracy: 0.9650, Sequence Accuracy: 0.8449
2018-01-25 12:21:21,842 seq2seq.trainer.supervised_trainer INFO     Progress: 64%, Train Perplexity: 1.0008
2018-01-25 12:21:24,093 seq2seq.trainer.supervised_trainer INFO     Progress: 64%, Train Perplexity: 1.0009
2018-01-25 12:21:26,377 seq2seq.trainer.supervised_trainer INFO     Progress: 64%, Train Perplexity: 1.0025
2018-01-25 12:21:29,290 seq2seq.trainer.supervised_trainer INFO     Progress: 65%, Train Perplexity: 1.0054
2018-01-25 12:21:31,655 seq2seq.trainer.supervised_trainer INFO     Progress: 65%, Train Perplexity: 1.0075
2018-01-25 12:21:33,982 seq2seq.trainer.supervised_trainer INFO     Progress: 65%, Train Perplexity: 1.0005
2018-01-25 12:21:36,290 seq2seq.trainer.supervised_trainer INFO     Finished epoch 33: Train Perplexity: 1.0027, Dev Perplexity: 1.0496, Accuracy: 0.9877, Sequence Accuracy: 0.9421
2018-01-25 12:21:37,072 seq2seq.trainer.supervised_trainer INFO     Progress: 66%, Train Perplexity: 1.0016
2018-01-25 12:21:39,520 seq2seq.trainer.supervised_trainer INFO     Progress: 66%, Train Perplexity: 1.0007
2018-01-25 12:21:41,979 seq2seq.trainer.supervised_trainer INFO     Progress: 66%, Train Perplexity: 1.0003
2018-01-25 12:21:44,505 seq2seq.trainer.supervised_trainer INFO     Progress: 66%, Train Perplexity: 1.0003
2018-01-25 12:21:47,744 seq2seq.trainer.supervised_trainer INFO     Progress: 67%, Train Perplexity: 1.0012
2018-01-25 12:21:49,948 seq2seq.trainer.supervised_trainer INFO     Progress: 67%, Train Perplexity: 1.0004
2018-01-25 12:21:52,261 seq2seq.trainer.supervised_trainer INFO     Progress: 67%, Train Perplexity: 1.0001
2018-01-25 12:21:53,910 seq2seq.trainer.supervised_trainer INFO     Finished epoch 34: Train Perplexity: 1.0006, Dev Perplexity: 1.0624, Accuracy: 0.9869, Sequence Accuracy: 0.9402
2018-01-25 12:21:54,975 seq2seq.trainer.supervised_trainer INFO     Progress: 68%, Train Perplexity: 1.0004
2018-01-25 12:21:57,635 seq2seq.trainer.supervised_trainer INFO     Progress: 68%, Train Perplexity: 1.0125
2018-01-25 12:21:59,963 seq2seq.trainer.supervised_trainer INFO     Progress: 68%, Train Perplexity: 1.0037
2018-01-25 12:22:03,213 seq2seq.trainer.supervised_trainer INFO     Progress: 69%, Train Perplexity: 1.0013
2018-01-25 12:22:05,685 seq2seq.trainer.supervised_trainer INFO     Progress: 69%, Train Perplexity: 1.0005
2018-01-25 12:22:08,129 seq2seq.trainer.supervised_trainer INFO     Progress: 69%, Train Perplexity: 1.0003
2018-01-25 12:22:10,119 seq2seq.trainer.supervised_trainer INFO     Progress: 69%, Train Perplexity: 1.0004
2018-01-25 12:22:11,161 seq2seq.trainer.supervised_trainer INFO     Finished epoch 35: Train Perplexity: 1.0028, Dev Perplexity: 1.1323, Accuracy: 0.9750, Sequence Accuracy: 0.8883
2018-01-25 12:22:12,734 seq2seq.trainer.supervised_trainer INFO     Progress: 70%, Train Perplexity: 1.0001
2018-01-25 12:22:15,259 seq2seq.trainer.supervised_trainer INFO     Progress: 70%, Train Perplexity: 1.0017
2018-01-25 12:22:17,784 seq2seq.trainer.supervised_trainer INFO     Progress: 70%, Train Perplexity: 1.0006
2018-01-25 12:22:20,368 seq2seq.trainer.supervised_trainer INFO     Progress: 71%, Train Perplexity: 1.0017
2018-01-25 12:22:23,089 seq2seq.trainer.supervised_trainer INFO     Progress: 71%, Train Perplexity: 1.0000
2018-01-25 12:22:25,400 seq2seq.trainer.supervised_trainer INFO     Progress: 71%, Train Perplexity: 1.0023
2018-01-25 12:22:27,652 seq2seq.trainer.supervised_trainer INFO     Progress: 72%, Train Perplexity: 1.0000
2018-01-25 12:22:28,227 seq2seq.trainer.supervised_trainer INFO     Finished epoch 36: Train Perplexity: 1.0010, Dev Perplexity: 1.0854, Accuracy: 0.9817, Sequence Accuracy: 0.9187
2018-01-25 12:22:30,876 seq2seq.trainer.supervised_trainer INFO     Progress: 72%, Train Perplexity: 1.0004
2018-01-25 12:22:33,550 seq2seq.trainer.supervised_trainer INFO     Progress: 72%, Train Perplexity: 1.0075
2018-01-25 12:22:36,175 seq2seq.trainer.supervised_trainer INFO     Progress: 72%, Train Perplexity: 1.0006
2018-01-25 12:22:38,292 seq2seq.trainer.supervised_trainer INFO     Progress: 73%, Train Perplexity: 1.0001
2018-01-25 12:22:40,444 seq2seq.trainer.supervised_trainer INFO     Progress: 73%, Train Perplexity: 1.0005
2018-01-25 12:22:42,842 seq2seq.trainer.supervised_trainer INFO     Progress: 73%, Train Perplexity: 1.0007
2018-01-25 12:22:45,555 seq2seq.trainer.supervised_trainer INFO     Finished epoch 37: Train Perplexity: 1.0015, Dev Perplexity: 1.0591, Accuracy: 0.9877, Sequence Accuracy: 0.9475
2018-01-25 12:22:45,957 seq2seq.trainer.supervised_trainer INFO     Progress: 74%, Train Perplexity: 1.0002
2018-01-25 12:22:48,410 seq2seq.trainer.supervised_trainer INFO     Progress: 74%, Train Perplexity: 1.0003
2018-01-25 12:22:50,716 seq2seq.trainer.supervised_trainer INFO     Progress: 74%, Train Perplexity: 1.0007
2018-01-25 12:22:54,364 seq2seq.trainer.supervised_trainer INFO     Progress: 74%, Train Perplexity: 1.0004
2018-01-25 12:22:56,780 seq2seq.trainer.supervised_trainer INFO     Progress: 75%, Train Perplexity: 1.0012
2018-01-25 12:22:59,021 seq2seq.trainer.supervised_trainer INFO     Progress: 75%, Train Perplexity: 1.0001
2018-01-25 12:23:01,307 seq2seq.trainer.supervised_trainer INFO     Progress: 75%, Train Perplexity: 1.0000
2018-01-25 12:23:02,538 seq2seq.trainer.supervised_trainer INFO     Finished epoch 38: Train Perplexity: 1.0005, Dev Perplexity: 1.0984, Accuracy: 0.9821, Sequence Accuracy: 0.9133
2018-01-25 12:23:04,339 seq2seq.trainer.supervised_trainer INFO     Progress: 76%, Train Perplexity: 1.0005
2018-01-25 12:23:06,675 seq2seq.trainer.supervised_trainer INFO     Progress: 76%, Train Perplexity: 1.0007
2018-01-25 12:23:09,328 seq2seq.trainer.supervised_trainer INFO     Progress: 76%, Train Perplexity: 1.0007
2018-01-25 12:23:12,046 seq2seq.trainer.supervised_trainer INFO     Progress: 77%, Train Perplexity: 1.0002
2018-01-25 12:23:14,233 seq2seq.trainer.supervised_trainer INFO     Progress: 77%, Train Perplexity: 1.0002
2018-01-25 12:23:16,560 seq2seq.trainer.supervised_trainer INFO     Progress: 77%, Train Perplexity: 1.0011
2018-01-25 12:23:18,930 seq2seq.trainer.supervised_trainer INFO     Progress: 77%, Train Perplexity: 1.0004
2018-01-25 12:23:20,197 seq2seq.trainer.supervised_trainer INFO     Finished epoch 39: Train Perplexity: 1.0005, Dev Perplexity: 1.0515, Accuracy: 0.9891, Sequence Accuracy: 0.9534
2018-01-25 12:23:22,179 seq2seq.trainer.supervised_trainer INFO     Progress: 78%, Train Perplexity: 1.0013
2018-01-25 12:23:24,786 seq2seq.trainer.supervised_trainer INFO     Progress: 78%, Train Perplexity: 1.0001
2018-01-25 12:23:26,980 seq2seq.trainer.supervised_trainer INFO     Progress: 78%, Train Perplexity: 1.0073
2018-01-25 12:23:29,863 seq2seq.trainer.supervised_trainer INFO     Progress: 79%, Train Perplexity: 1.0002
2018-01-25 12:23:32,664 seq2seq.trainer.supervised_trainer INFO     Progress: 79%, Train Perplexity: 1.0004
2018-01-25 12:23:34,706 seq2seq.trainer.supervised_trainer INFO     Progress: 79%, Train Perplexity: 1.0003
2018-01-25 12:23:36,795 seq2seq.trainer.supervised_trainer INFO     Progress: 80%, Train Perplexity: 1.0011
2018-01-25 12:23:37,371 seq2seq.trainer.supervised_trainer INFO     Finished epoch 40: Train Perplexity: 1.0016, Dev Perplexity: 1.0700, Accuracy: 0.9855, Sequence Accuracy: 0.9397
2018-01-25 12:23:39,427 seq2seq.trainer.supervised_trainer INFO     Progress: 80%, Train Perplexity: 1.0004
2018-01-25 12:23:42,228 seq2seq.trainer.supervised_trainer INFO     Progress: 80%, Train Perplexity: 1.0006
2018-01-25 12:23:45,149 seq2seq.trainer.supervised_trainer INFO     Progress: 80%, Train Perplexity: 1.0005
2018-01-25 12:23:47,352 seq2seq.trainer.supervised_trainer INFO     Progress: 81%, Train Perplexity: 1.0001
2018-01-25 12:23:49,492 seq2seq.trainer.supervised_trainer INFO     Progress: 81%, Train Perplexity: 1.0000
2018-01-25 12:23:51,898 seq2seq.trainer.supervised_trainer INFO     Progress: 81%, Train Perplexity: 1.0002
2018-01-25 12:23:53,623 seq2seq.trainer.supervised_trainer INFO     Finished epoch 41: Train Perplexity: 1.0003, Dev Perplexity: 1.0738, Accuracy: 0.9850, Sequence Accuracy: 0.9354
2018-01-25 12:23:54,469 seq2seq.trainer.supervised_trainer INFO     Progress: 82%, Train Perplexity: 1.0001
2018-01-25 12:23:56,786 seq2seq.trainer.supervised_trainer INFO     Progress: 82%, Train Perplexity: 1.0010
2018-01-25 12:23:59,306 seq2seq.trainer.supervised_trainer INFO     Progress: 82%, Train Perplexity: 1.0072
2018-01-25 12:24:02,860 seq2seq.trainer.supervised_trainer INFO     Progress: 82%, Train Perplexity: 1.0007
2018-01-25 12:24:05,082 seq2seq.trainer.supervised_trainer INFO     Progress: 83%, Train Perplexity: 1.0003
2018-01-25 12:24:07,130 seq2seq.trainer.supervised_trainer INFO     Progress: 83%, Train Perplexity: 1.0000
2018-01-25 12:24:09,581 seq2seq.trainer.supervised_trainer INFO     Progress: 83%, Train Perplexity: 1.0000
2018-01-25 12:24:11,081 seq2seq.trainer.supervised_trainer INFO     Finished epoch 42: Train Perplexity: 1.0014, Dev Perplexity: 1.0598, Accuracy: 0.9883, Sequence Accuracy: 0.9488
2018-01-25 12:24:12,344 seq2seq.trainer.supervised_trainer INFO     Progress: 84%, Train Perplexity: 1.0000
2018-01-25 12:24:14,444 seq2seq.trainer.supervised_trainer INFO     Progress: 84%, Train Perplexity: 1.0022
2018-01-25 12:24:17,668 seq2seq.trainer.supervised_trainer INFO     Progress: 84%, Train Perplexity: 1.0016
2018-01-25 12:24:20,164 seq2seq.trainer.supervised_trainer INFO     Progress: 85%, Train Perplexity: 1.0004
2018-01-25 12:24:22,039 seq2seq.trainer.supervised_trainer INFO     Progress: 85%, Train Perplexity: 1.0014
2018-01-25 12:24:24,374 seq2seq.trainer.supervised_trainer INFO     Progress: 85%, Train Perplexity: 1.0019
2018-01-25 12:24:26,776 seq2seq.trainer.supervised_trainer INFO     Progress: 85%, Train Perplexity: 1.0026
2018-01-25 12:24:27,672 seq2seq.trainer.supervised_trainer INFO     Finished epoch 43: Train Perplexity: 1.0015, Dev Perplexity: 1.0555, Accuracy: 0.9889, Sequence Accuracy: 0.9505
2018-01-25 12:24:29,445 seq2seq.trainer.supervised_trainer INFO     Progress: 86%, Train Perplexity: 1.0010
2018-01-25 12:24:31,849 seq2seq.trainer.supervised_trainer INFO     Progress: 86%, Train Perplexity: 1.0009
2018-01-25 12:24:34,836 seq2seq.trainer.supervised_trainer INFO     Progress: 86%, Train Perplexity: 1.0002
2018-01-25 12:24:37,401 seq2seq.trainer.supervised_trainer INFO     Progress: 87%, Train Perplexity: 1.0001
2018-01-25 12:24:40,136 seq2seq.trainer.supervised_trainer INFO     Progress: 87%, Train Perplexity: 1.0000
2018-01-25 12:24:42,916 seq2seq.trainer.supervised_trainer INFO     Progress: 87%, Train Perplexity: 1.0009
2018-01-25 12:24:45,344 seq2seq.trainer.supervised_trainer INFO     Progress: 88%, Train Perplexity: 1.0004
2018-01-25 12:24:45,918 seq2seq.trainer.supervised_trainer INFO     Finished epoch 44: Train Perplexity: 1.0005, Dev Perplexity: 1.0650, Accuracy: 0.9862, Sequence Accuracy: 0.9343
2018-01-25 12:24:48,454 seq2seq.trainer.supervised_trainer INFO     Progress: 88%, Train Perplexity: 1.0013
2018-01-25 12:24:51,082 seq2seq.trainer.supervised_trainer INFO     Progress: 88%, Train Perplexity: 1.0179
2018-01-25 12:24:54,028 seq2seq.trainer.supervised_trainer INFO     Progress: 88%, Train Perplexity: 1.0002
2018-01-25 12:24:56,431 seq2seq.trainer.supervised_trainer INFO     Progress: 89%, Train Perplexity: 1.0000
2018-01-25 12:24:58,609 seq2seq.trainer.supervised_trainer INFO     Progress: 89%, Train Perplexity: 1.0000
2018-01-25 12:25:00,954 seq2seq.trainer.supervised_trainer INFO     Progress: 89%, Train Perplexity: 1.0007
2018-01-25 12:25:03,015 seq2seq.trainer.supervised_trainer INFO     Finished epoch 45: Train Perplexity: 1.0030, Dev Perplexity: 1.0811, Accuracy: 0.9866, Sequence Accuracy: 0.9397
2018-01-25 12:25:03,568 seq2seq.trainer.supervised_trainer INFO     Progress: 90%, Train Perplexity: 1.0008
2018-01-25 12:25:06,127 seq2seq.trainer.supervised_trainer INFO     Progress: 90%, Train Perplexity: 1.0000
2018-01-25 12:25:09,433 seq2seq.trainer.supervised_trainer INFO     Progress: 90%, Train Perplexity: 1.0005
2018-01-25 12:25:11,393 seq2seq.trainer.supervised_trainer INFO     Progress: 90%, Train Perplexity: 1.0002
2018-01-25 12:25:13,891 seq2seq.trainer.supervised_trainer INFO     Progress: 91%, Train Perplexity: 1.0000
2018-01-25 12:25:16,175 seq2seq.trainer.supervised_trainer INFO     Progress: 91%, Train Perplexity: 1.0000
2018-01-25 12:25:18,540 seq2seq.trainer.supervised_trainer INFO     Progress: 91%, Train Perplexity: 1.0000
2018-01-25 12:25:20,318 seq2seq.trainer.supervised_trainer INFO     Finished epoch 46: Train Perplexity: 1.0003, Dev Perplexity: 1.0417, Accuracy: 0.9918, Sequence Accuracy: 0.9631
2018-01-25 12:25:21,736 seq2seq.trainer.supervised_trainer INFO     Progress: 92%, Train Perplexity: 1.0005
2018-01-25 12:25:23,796 seq2seq.trainer.supervised_trainer INFO     Progress: 92%, Train Perplexity: 1.0087
2018-01-25 12:25:26,312 seq2seq.trainer.supervised_trainer INFO     Progress: 92%, Train Perplexity: 1.0003
2018-01-25 12:25:28,783 seq2seq.trainer.supervised_trainer INFO     Progress: 93%, Train Perplexity: 1.0000
2018-01-25 12:25:30,867 seq2seq.trainer.supervised_trainer INFO     Progress: 93%, Train Perplexity: 1.0000
2018-01-25 12:25:33,378 seq2seq.trainer.supervised_trainer INFO     Progress: 93%, Train Perplexity: 1.0006
2018-01-25 12:25:35,605 seq2seq.trainer.supervised_trainer INFO     Progress: 93%, Train Perplexity: 1.0134
2018-01-25 12:25:36,773 seq2seq.trainer.supervised_trainer INFO     Finished epoch 47: Train Perplexity: 1.0037, Dev Perplexity: 1.0707, Accuracy: 0.9880, Sequence Accuracy: 0.9499
2018-01-25 12:25:38,459 seq2seq.trainer.supervised_trainer INFO     Progress: 94%, Train Perplexity: 1.0053
2018-01-25 12:25:41,085 seq2seq.trainer.supervised_trainer INFO     Progress: 94%, Train Perplexity: 1.0101
2018-01-25 12:25:44,169 seq2seq.trainer.supervised_trainer INFO     Progress: 94%, Train Perplexity: 1.0057
2018-01-25 12:25:46,036 seq2seq.trainer.supervised_trainer INFO     Progress: 95%, Train Perplexity: 1.0002
2018-01-25 12:25:48,537 seq2seq.trainer.supervised_trainer INFO     Progress: 95%, Train Perplexity: 1.0001
2018-01-25 12:25:50,916 seq2seq.trainer.supervised_trainer INFO     Progress: 95%, Train Perplexity: 1.0005
2018-01-25 12:25:53,171 seq2seq.trainer.supervised_trainer INFO     Progress: 96%, Train Perplexity: 1.0030
2018-01-25 12:25:53,741 seq2seq.trainer.supervised_trainer INFO     Finished epoch 48: Train Perplexity: 1.0035, Dev Perplexity: 1.0502, Accuracy: 0.9896, Sequence Accuracy: 0.9537
2018-01-25 12:25:55,761 seq2seq.trainer.supervised_trainer INFO     Progress: 96%, Train Perplexity: 1.0011
2018-01-25 12:25:58,596 seq2seq.trainer.supervised_trainer INFO     Progress: 96%, Train Perplexity: 1.0002
2018-01-25 12:26:01,152 seq2seq.trainer.supervised_trainer INFO     Progress: 96%, Train Perplexity: 1.0002
2018-01-25 12:26:03,172 seq2seq.trainer.supervised_trainer INFO     Progress: 97%, Train Perplexity: 1.0000
2018-01-25 12:26:05,289 seq2seq.trainer.supervised_trainer INFO     Progress: 97%, Train Perplexity: 1.0000
2018-01-25 12:26:07,987 seq2seq.trainer.supervised_trainer INFO     Progress: 97%, Train Perplexity: 1.0000
2018-01-25 12:26:10,265 seq2seq.trainer.supervised_trainer INFO     Finished epoch 49: Train Perplexity: 1.0002, Dev Perplexity: 1.1157, Accuracy: 0.9819, Sequence Accuracy: 0.9281
2018-01-25 12:26:10,865 seq2seq.trainer.supervised_trainer INFO     Progress: 98%, Train Perplexity: 1.0000
2018-01-25 12:26:13,274 seq2seq.trainer.supervised_trainer INFO     Progress: 98%, Train Perplexity: 1.0023
2018-01-25 12:26:16,097 seq2seq.trainer.supervised_trainer INFO     Progress: 98%, Train Perplexity: 1.0002
2018-01-25 12:26:18,300 seq2seq.trainer.supervised_trainer INFO     Progress: 98%, Train Perplexity: 1.0008
2018-01-25 12:26:20,788 seq2seq.trainer.supervised_trainer INFO     Progress: 99%, Train Perplexity: 1.0000
2018-01-25 12:26:22,986 seq2seq.trainer.supervised_trainer INFO     Progress: 99%, Train Perplexity: 1.0000
2018-01-25 12:26:25,161 seq2seq.trainer.supervised_trainer INFO     Progress: 99%, Train Perplexity: 1.0000
2018-01-25 12:26:27,491 seq2seq.trainer.supervised_trainer INFO     Finished epoch 50: Train Perplexity: 1.0005, Dev Perplexity: 1.1038, Accuracy: 0.9816, Sequence Accuracy: 0.9216
end of job
