start of job
Train model on example data
2018-01-25 12:32:06,216 root         INFO     Namespace(attention=False, batch_size=128, bidirectional=False, cuda_device=0, dev='data/CLEANED-SCAN/length_split/experiment4c_output_interleaved_short_to_long_equally_distributed/tasks_test.txt', dropout_p_decoder=0.5, dropout_p_encoder=0.5, embedding_size=200, epochs=50, hidden_size=200, load_checkpoint=None, log_level='info', lr=0.001, max_len=50, n_layers=2, optim='adam', output_dir='checkpoints_experiment_4c', print_every=20, resume=False, rnn_cell='lstm', save_every=133, src_vocab=50000, teacher_forcing_ratio=0.5, tgt_vocab=50000, train='data/CLEANED-SCAN/length_split/experiment4c_output_interleaved_short_to_long_equally_distributed/output.txt')
2018-01-25 12:32:11,165 seq2seq.trainer.supervised_trainer INFO     Optimizer: <torch.optim.adam.Adam object at 0x2ba147cfe7d0>, Scheduler: None
Cuda device set to 0
2018-01-25 12:32:17,937 seq2seq.trainer.supervised_trainer INFO     Progress: 0%, Train Perplexity: 13.8808
2018-01-25 12:32:19,602 seq2seq.trainer.supervised_trainer INFO     Progress: 1%, Train Perplexity: 6.1109
2018-01-25 12:32:21,283 seq2seq.trainer.supervised_trainer INFO     Progress: 1%, Train Perplexity: 5.3896
2018-01-25 12:32:22,931 seq2seq.trainer.supervised_trainer INFO     Progress: 1%, Train Perplexity: 5.2667
2018-01-25 12:32:24,640 seq2seq.trainer.supervised_trainer INFO     Progress: 2%, Train Perplexity: 4.8434
2018-01-25 12:32:27,565 seq2seq.trainer.supervised_trainer INFO     Finished epoch 1: Train Perplexity: 5.9152, Dev Perplexity: 5.4790, Accuracy: 0.4170, Sequence Accuracy: 0.0000
2018-01-25 12:32:32,528 seq2seq.trainer.supervised_trainer INFO     Progress: 2%, Train Perplexity: 4.5947
2018-01-25 12:32:34,548 seq2seq.trainer.supervised_trainer INFO     Progress: 2%, Train Perplexity: 4.1687
2018-01-25 12:32:36,031 seq2seq.trainer.supervised_trainer INFO     Progress: 3%, Train Perplexity: 3.4708
2018-01-25 12:32:37,720 seq2seq.trainer.supervised_trainer INFO     Progress: 3%, Train Perplexity: 3.1914
2018-01-25 12:32:39,495 seq2seq.trainer.supervised_trainer INFO     Progress: 3%, Train Perplexity: 2.8261
2018-01-25 12:32:41,300 seq2seq.trainer.supervised_trainer INFO     Progress: 4%, Train Perplexity: 2.7211
2018-01-25 12:32:44,253 seq2seq.trainer.supervised_trainer INFO     Finished epoch 2: Train Perplexity: 3.4955, Dev Perplexity: 3.0172, Accuracy: 0.5856, Sequence Accuracy: 0.0025
2018-01-25 12:32:46,061 seq2seq.trainer.supervised_trainer INFO     Progress: 4%, Train Perplexity: 2.4934
2018-01-25 12:32:50,746 seq2seq.trainer.supervised_trainer INFO     Progress: 4%, Train Perplexity: 2.3585
2018-01-25 12:32:52,407 seq2seq.trainer.supervised_trainer INFO     Progress: 5%, Train Perplexity: 2.2442
2018-01-25 12:32:54,292 seq2seq.trainer.supervised_trainer INFO     Progress: 5%, Train Perplexity: 2.1799
2018-01-25 12:32:55,755 seq2seq.trainer.supervised_trainer INFO     Progress: 5%, Train Perplexity: 1.9837
2018-01-25 12:32:57,221 seq2seq.trainer.supervised_trainer INFO     Progress: 6%, Train Perplexity: 1.8687
2018-01-25 12:33:00,127 seq2seq.trainer.supervised_trainer INFO     Finished epoch 3: Train Perplexity: 2.1881, Dev Perplexity: 2.3396, Accuracy: 0.6649, Sequence Accuracy: 0.0216
2018-01-25 12:33:01,902 seq2seq.trainer.supervised_trainer INFO     Progress: 6%, Train Perplexity: 2.0255
2018-01-25 12:33:06,263 seq2seq.trainer.supervised_trainer INFO     Progress: 6%, Train Perplexity: 1.7141
2018-01-25 12:33:07,908 seq2seq.trainer.supervised_trainer INFO     Progress: 7%, Train Perplexity: 1.7683
2018-01-25 12:33:09,474 seq2seq.trainer.supervised_trainer INFO     Progress: 7%, Train Perplexity: 1.7114
2018-01-25 12:33:11,130 seq2seq.trainer.supervised_trainer INFO     Progress: 7%, Train Perplexity: 1.6181
2018-01-25 12:33:12,673 seq2seq.trainer.supervised_trainer INFO     Progress: 8%, Train Perplexity: 1.4920
2018-01-25 12:33:15,585 seq2seq.trainer.supervised_trainer INFO     Finished epoch 4: Train Perplexity: 1.7216, Dev Perplexity: 1.9931, Accuracy: 0.7423, Sequence Accuracy: 0.0916
2018-01-25 12:33:17,346 seq2seq.trainer.supervised_trainer INFO     Progress: 8%, Train Perplexity: 1.6472
2018-01-25 12:33:18,978 seq2seq.trainer.supervised_trainer INFO     Progress: 8%, Train Perplexity: 1.5057
2018-01-25 12:33:23,629 seq2seq.trainer.supervised_trainer INFO     Progress: 9%, Train Perplexity: 1.4637
2018-01-25 12:33:25,239 seq2seq.trainer.supervised_trainer INFO     Progress: 9%, Train Perplexity: 1.3891
2018-01-25 12:33:26,857 seq2seq.trainer.supervised_trainer INFO     Progress: 9%, Train Perplexity: 1.3827
2018-01-25 12:33:28,782 seq2seq.trainer.supervised_trainer INFO     Progress: 10%, Train Perplexity: 1.4365
2018-01-25 12:33:31,686 seq2seq.trainer.supervised_trainer INFO     Finished epoch 5: Train Perplexity: 1.4708, Dev Perplexity: 2.2283, Accuracy: 0.7190, Sequence Accuracy: 0.0408
2018-01-25 12:33:33,524 seq2seq.trainer.supervised_trainer INFO     Progress: 10%, Train Perplexity: 1.6171
2018-01-25 12:33:35,027 seq2seq.trainer.supervised_trainer INFO     Progress: 10%, Train Perplexity: 1.4458
2018-01-25 12:33:36,573 seq2seq.trainer.supervised_trainer INFO     Progress: 11%, Train Perplexity: 1.4165
2018-01-25 12:33:41,175 seq2seq.trainer.supervised_trainer INFO     Progress: 11%, Train Perplexity: 1.3522
2018-01-25 12:33:42,670 seq2seq.trainer.supervised_trainer INFO     Progress: 11%, Train Perplexity: 1.3063
2018-01-25 12:33:44,545 seq2seq.trainer.supervised_trainer INFO     Progress: 12%, Train Perplexity: 1.3078
2018-01-25 12:33:47,451 seq2seq.trainer.supervised_trainer INFO     Finished epoch 6: Train Perplexity: 1.4076, Dev Perplexity: 1.5343, Accuracy: 0.8433, Sequence Accuracy: 0.3609
2018-01-25 12:33:49,064 seq2seq.trainer.supervised_trainer INFO     Progress: 12%, Train Perplexity: 1.3352
2018-01-25 12:33:50,651 seq2seq.trainer.supervised_trainer INFO     Progress: 12%, Train Perplexity: 1.3162
2018-01-25 12:33:52,208 seq2seq.trainer.supervised_trainer INFO     Progress: 13%, Train Perplexity: 1.3689
2018-01-25 12:33:57,076 seq2seq.trainer.supervised_trainer INFO     Progress: 13%, Train Perplexity: 1.3202
2018-01-25 12:33:58,639 seq2seq.trainer.supervised_trainer INFO     Progress: 13%, Train Perplexity: 1.2488
2018-01-25 12:34:00,320 seq2seq.trainer.supervised_trainer INFO     Progress: 14%, Train Perplexity: 1.2726
2018-01-25 12:34:03,222 seq2seq.trainer.supervised_trainer INFO     Finished epoch 7: Train Perplexity: 1.3103, Dev Perplexity: 1.5077, Accuracy: 0.8537, Sequence Accuracy: 0.3501
2018-01-25 12:34:05,343 seq2seq.trainer.supervised_trainer INFO     Progress: 14%, Train Perplexity: 1.3385
2018-01-25 12:34:06,804 seq2seq.trainer.supervised_trainer INFO     Progress: 14%, Train Perplexity: 1.2115
2018-01-25 12:34:08,482 seq2seq.trainer.supervised_trainer INFO     Progress: 15%, Train Perplexity: 1.2595
2018-01-25 12:34:10,186 seq2seq.trainer.supervised_trainer INFO     Progress: 15%, Train Perplexity: 1.2039
2018-01-25 12:34:14,984 seq2seq.trainer.supervised_trainer INFO     Progress: 15%, Train Perplexity: 1.2282
2018-01-25 12:34:16,727 seq2seq.trainer.supervised_trainer INFO     Progress: 16%, Train Perplexity: 1.1644
2018-01-25 12:34:19,626 seq2seq.trainer.supervised_trainer INFO     Finished epoch 8: Train Perplexity: 1.2343, Dev Perplexity: 1.4873, Accuracy: 0.8654, Sequence Accuracy: 0.4666
2018-01-25 12:34:21,377 seq2seq.trainer.supervised_trainer INFO     Progress: 16%, Train Perplexity: 1.1722
2018-01-25 12:34:23,126 seq2seq.trainer.supervised_trainer INFO     Progress: 16%, Train Perplexity: 1.2016
2018-01-25 12:34:24,802 seq2seq.trainer.supervised_trainer INFO     Progress: 17%, Train Perplexity: 1.1664
2018-01-25 12:34:26,542 seq2seq.trainer.supervised_trainer INFO     Progress: 17%, Train Perplexity: 1.2051
2018-01-25 12:34:28,398 seq2seq.trainer.supervised_trainer INFO     Progress: 17%, Train Perplexity: 1.3110
2018-01-25 12:34:33,337 seq2seq.trainer.supervised_trainer INFO     Progress: 18%, Train Perplexity: 1.1799
2018-01-25 12:34:36,240 seq2seq.trainer.supervised_trainer INFO     Finished epoch 9: Train Perplexity: 1.2060, Dev Perplexity: 1.4396, Accuracy: 0.8689, Sequence Accuracy: 0.4322
2018-01-25 12:34:38,129 seq2seq.trainer.supervised_trainer INFO     Progress: 18%, Train Perplexity: 1.1631
2018-01-25 12:34:40,039 seq2seq.trainer.supervised_trainer INFO     Progress: 18%, Train Perplexity: 1.1832
2018-01-25 12:34:41,436 seq2seq.trainer.supervised_trainer INFO     Progress: 19%, Train Perplexity: 1.1106
2018-01-25 12:34:43,283 seq2seq.trainer.supervised_trainer INFO     Progress: 19%, Train Perplexity: 1.1821
2018-01-25 12:34:45,111 seq2seq.trainer.supervised_trainer INFO     Progress: 19%, Train Perplexity: 1.1712
2018-01-25 12:34:49,983 seq2seq.trainer.supervised_trainer INFO     Progress: 20%, Train Perplexity: 1.2398
2018-01-25 12:34:52,888 seq2seq.trainer.supervised_trainer INFO     Finished epoch 10: Train Perplexity: 1.1750, Dev Perplexity: 1.3333, Accuracy: 0.8961, Sequence Accuracy: 0.4471
2018-01-25 12:34:54,705 seq2seq.trainer.supervised_trainer INFO     Progress: 20%, Train Perplexity: 1.1624
2018-01-25 12:34:56,361 seq2seq.trainer.supervised_trainer INFO     Progress: 20%, Train Perplexity: 1.1497
2018-01-25 12:34:57,759 seq2seq.trainer.supervised_trainer INFO     Progress: 21%, Train Perplexity: 1.0972
2018-01-25 12:34:59,912 seq2seq.trainer.supervised_trainer INFO     Progress: 21%, Train Perplexity: 1.2247
2018-01-25 12:35:01,816 seq2seq.trainer.supervised_trainer INFO     Progress: 21%, Train Perplexity: 1.1460
2018-01-25 12:35:03,671 seq2seq.trainer.supervised_trainer INFO     Progress: 22%, Train Perplexity: 1.1561
2018-01-25 12:35:06,579 seq2seq.trainer.supervised_trainer INFO     Finished epoch 11: Train Perplexity: 1.1560, Dev Perplexity: 1.2801, Accuracy: 0.9198, Sequence Accuracy: 0.6366
2018-01-25 12:35:11,483 seq2seq.trainer.supervised_trainer INFO     Progress: 22%, Train Perplexity: 1.1055
2018-01-25 12:35:13,174 seq2seq.trainer.supervised_trainer INFO     Progress: 22%, Train Perplexity: 1.0615
2018-01-25 12:35:15,010 seq2seq.trainer.supervised_trainer INFO     Progress: 23%, Train Perplexity: 1.0996
2018-01-25 12:35:16,513 seq2seq.trainer.supervised_trainer INFO     Progress: 23%, Train Perplexity: 1.0827
2018-01-25 12:35:18,160 seq2seq.trainer.supervised_trainer INFO     Progress: 23%, Train Perplexity: 1.0562
2018-01-25 12:35:19,706 seq2seq.trainer.supervised_trainer INFO     Progress: 24%, Train Perplexity: 1.0562
2018-01-25 12:35:22,615 seq2seq.trainer.supervised_trainer INFO     Finished epoch 12: Train Perplexity: 1.0770, Dev Perplexity: 1.2554, Accuracy: 0.9349, Sequence Accuracy: 0.6865
2018-01-25 12:35:24,100 seq2seq.trainer.supervised_trainer INFO     Progress: 24%, Train Perplexity: 1.1127
2018-01-25 12:35:28,989 seq2seq.trainer.supervised_trainer INFO     Progress: 24%, Train Perplexity: 1.0874
2018-01-25 12:35:30,681 seq2seq.trainer.supervised_trainer INFO     Progress: 25%, Train Perplexity: 1.1380
2018-01-25 12:35:32,478 seq2seq.trainer.supervised_trainer INFO     Progress: 25%, Train Perplexity: 1.1359
2018-01-25 12:35:34,161 seq2seq.trainer.supervised_trainer INFO     Progress: 25%, Train Perplexity: 1.0888
2018-01-25 12:35:35,940 seq2seq.trainer.supervised_trainer INFO     Progress: 26%, Train Perplexity: 1.1155
2018-01-25 12:35:38,848 seq2seq.trainer.supervised_trainer INFO     Finished epoch 13: Train Perplexity: 1.1131, Dev Perplexity: 1.2315, Accuracy: 0.9375, Sequence Accuracy: 0.7092
2018-01-25 12:35:40,668 seq2seq.trainer.supervised_trainer INFO     Progress: 26%, Train Perplexity: 1.1008
2018-01-25 12:35:45,544 seq2seq.trainer.supervised_trainer INFO     Progress: 26%, Train Perplexity: 1.1058
2018-01-25 12:35:47,216 seq2seq.trainer.supervised_trainer INFO     Progress: 27%, Train Perplexity: 1.0563
2018-01-25 12:35:48,948 seq2seq.trainer.supervised_trainer INFO     Progress: 27%, Train Perplexity: 1.0744
2018-01-25 12:35:50,636 seq2seq.trainer.supervised_trainer INFO     Progress: 27%, Train Perplexity: 1.0693
2018-01-25 12:35:52,536 seq2seq.trainer.supervised_trainer INFO     Progress: 28%, Train Perplexity: 1.0544
2018-01-25 12:35:55,437 seq2seq.trainer.supervised_trainer INFO     Finished epoch 14: Train Perplexity: 1.0769, Dev Perplexity: 1.2326, Accuracy: 0.9480, Sequence Accuracy: 0.7114
2018-01-25 12:35:57,754 seq2seq.trainer.supervised_trainer INFO     Progress: 28%, Train Perplexity: 1.1610
2018-01-25 12:35:59,255 seq2seq.trainer.supervised_trainer INFO     Progress: 28%, Train Perplexity: 1.1652
2018-01-25 12:36:04,214 seq2seq.trainer.supervised_trainer INFO     Progress: 28%, Train Perplexity: 1.0588
2018-01-25 12:36:05,889 seq2seq.trainer.supervised_trainer INFO     Progress: 29%, Train Perplexity: 1.0340
2018-01-25 12:36:07,758 seq2seq.trainer.supervised_trainer INFO     Progress: 29%, Train Perplexity: 1.1072
2018-01-25 12:36:09,222 seq2seq.trainer.supervised_trainer INFO     Progress: 30%, Train Perplexity: 1.0478
2018-01-25 12:36:12,131 seq2seq.trainer.supervised_trainer INFO     Finished epoch 15: Train Perplexity: 1.0957, Dev Perplexity: 1.2658, Accuracy: 0.9395, Sequence Accuracy: 0.6917
2018-01-25 12:36:14,071 seq2seq.trainer.supervised_trainer INFO     Progress: 30%, Train Perplexity: 1.0864
2018-01-25 12:36:15,751 seq2seq.trainer.supervised_trainer INFO     Progress: 30%, Train Perplexity: 1.0833
2018-01-25 12:36:17,667 seq2seq.trainer.supervised_trainer INFO     Progress: 31%, Train Perplexity: 1.1138
2018-01-25 12:36:22,231 seq2seq.trainer.supervised_trainer INFO     Progress: 31%, Train Perplexity: 1.0434
2018-01-25 12:36:24,079 seq2seq.trainer.supervised_trainer INFO     Progress: 31%, Train Perplexity: 1.0569
2018-01-25 12:36:25,947 seq2seq.trainer.supervised_trainer INFO     Progress: 32%, Train Perplexity: 1.0335
2018-01-25 12:36:28,857 seq2seq.trainer.supervised_trainer INFO     Finished epoch 16: Train Perplexity: 1.0695, Dev Perplexity: 1.2939, Accuracy: 0.9396, Sequence Accuracy: 0.7505
2018-01-25 12:36:30,451 seq2seq.trainer.supervised_trainer INFO     Progress: 32%, Train Perplexity: 1.0399
2018-01-25 12:36:32,106 seq2seq.trainer.supervised_trainer INFO     Progress: 32%, Train Perplexity: 1.0785
2018-01-25 12:36:33,845 seq2seq.trainer.supervised_trainer INFO     Progress: 33%, Train Perplexity: 1.0811
2018-01-25 12:36:38,481 seq2seq.trainer.supervised_trainer INFO     Progress: 33%, Train Perplexity: 1.0384
2018-01-25 12:36:40,144 seq2seq.trainer.supervised_trainer INFO     Progress: 33%, Train Perplexity: 1.0623
2018-01-25 12:36:42,004 seq2seq.trainer.supervised_trainer INFO     Progress: 34%, Train Perplexity: 1.0589
2018-01-25 12:36:44,917 seq2seq.trainer.supervised_trainer INFO     Finished epoch 17: Train Perplexity: 1.0598, Dev Perplexity: 1.1614, Accuracy: 0.9623, Sequence Accuracy: 0.8147
2018-01-25 12:36:47,149 seq2seq.trainer.supervised_trainer INFO     Progress: 34%, Train Perplexity: 1.0700
2018-01-25 12:36:48,891 seq2seq.trainer.supervised_trainer INFO     Progress: 34%, Train Perplexity: 1.0447
2018-01-25 12:36:50,656 seq2seq.trainer.supervised_trainer INFO     Progress: 35%, Train Perplexity: 1.0719
2018-01-25 12:36:52,698 seq2seq.trainer.supervised_trainer INFO     Progress: 35%, Train Perplexity: 1.0594
2018-01-25 12:36:57,498 seq2seq.trainer.supervised_trainer INFO     Progress: 35%, Train Perplexity: 1.0695
2018-01-25 12:36:59,036 seq2seq.trainer.supervised_trainer INFO     Progress: 36%, Train Perplexity: 1.0631
2018-01-25 12:37:01,941 seq2seq.trainer.supervised_trainer INFO     Finished epoch 18: Train Perplexity: 1.0631, Dev Perplexity: 1.2618, Accuracy: 0.9460, Sequence Accuracy: 0.7600
2018-01-25 12:37:03,612 seq2seq.trainer.supervised_trainer INFO     Progress: 36%, Train Perplexity: 1.0815
2018-01-25 12:37:05,372 seq2seq.trainer.supervised_trainer INFO     Progress: 36%, Train Perplexity: 1.0417
2018-01-25 12:37:07,046 seq2seq.trainer.supervised_trainer INFO     Progress: 37%, Train Perplexity: 1.0374
2018-01-25 12:37:08,868 seq2seq.trainer.supervised_trainer INFO     Progress: 37%, Train Perplexity: 1.0553
2018-01-25 12:37:10,446 seq2seq.trainer.supervised_trainer INFO     Progress: 37%, Train Perplexity: 1.0573
2018-01-25 12:37:15,075 seq2seq.trainer.supervised_trainer INFO     Progress: 38%, Train Perplexity: 1.0690
2018-01-25 12:37:17,983 seq2seq.trainer.supervised_trainer INFO     Finished epoch 19: Train Perplexity: 1.0571, Dev Perplexity: 1.2597, Accuracy: 0.9460, Sequence Accuracy: 0.7357
2018-01-25 12:37:19,580 seq2seq.trainer.supervised_trainer INFO     Progress: 38%, Train Perplexity: 1.0569
2018-01-25 12:37:21,459 seq2seq.trainer.supervised_trainer INFO     Progress: 38%, Train Perplexity: 1.0270
2018-01-25 12:37:23,400 seq2seq.trainer.supervised_trainer INFO     Progress: 39%, Train Perplexity: 1.0474
2018-01-25 12:37:24,958 seq2seq.trainer.supervised_trainer INFO     Progress: 39%, Train Perplexity: 1.0553
2018-01-25 12:37:26,602 seq2seq.trainer.supervised_trainer INFO     Progress: 39%, Train Perplexity: 1.0478
2018-01-25 12:37:31,106 seq2seq.trainer.supervised_trainer INFO     Progress: 40%, Train Perplexity: 1.0511
2018-01-25 12:37:34,001 seq2seq.trainer.supervised_trainer INFO     Finished epoch 20: Train Perplexity: 1.0476, Dev Perplexity: 1.1828, Accuracy: 0.9642, Sequence Accuracy: 0.7956
2018-01-25 12:37:35,417 seq2seq.trainer.supervised_trainer INFO     Progress: 40%, Train Perplexity: 1.0386
2018-01-25 12:37:37,107 seq2seq.trainer.supervised_trainer INFO     Progress: 40%, Train Perplexity: 1.0657
2018-01-25 12:37:38,947 seq2seq.trainer.supervised_trainer INFO     Progress: 41%, Train Perplexity: 1.0754
2018-01-25 12:37:40,690 seq2seq.trainer.supervised_trainer INFO     Progress: 41%, Train Perplexity: 1.0339
2018-01-25 12:37:42,707 seq2seq.trainer.supervised_trainer INFO     Progress: 41%, Train Perplexity: 1.0272
2018-01-25 12:37:44,324 seq2seq.trainer.supervised_trainer INFO     Progress: 42%, Train Perplexity: 1.0401
2018-01-25 12:37:47,223 seq2seq.trainer.supervised_trainer INFO     Finished epoch 21: Train Perplexity: 1.0468, Dev Perplexity: 1.1917, Accuracy: 0.9619, Sequence Accuracy: 0.8087
2018-01-25 12:37:52,195 seq2seq.trainer.supervised_trainer INFO     Progress: 42%, Train Perplexity: 1.0291
2018-01-25 12:37:53,811 seq2seq.trainer.supervised_trainer INFO     Progress: 42%, Train Perplexity: 1.0418
2018-01-25 12:37:55,240 seq2seq.trainer.supervised_trainer INFO     Progress: 43%, Train Perplexity: 1.0396
2018-01-25 12:37:56,798 seq2seq.trainer.supervised_trainer INFO     Progress: 43%, Train Perplexity: 1.0198
2018-01-25 12:37:58,705 seq2seq.trainer.supervised_trainer INFO     Progress: 43%, Train Perplexity: 1.0103
2018-01-25 12:38:00,492 seq2seq.trainer.supervised_trainer INFO     Progress: 44%, Train Perplexity: 1.0133
2018-01-25 12:38:03,432 seq2seq.trainer.supervised_trainer INFO     Finished epoch 22: Train Perplexity: 1.0256, Dev Perplexity: 1.2537, Accuracy: 0.9620, Sequence Accuracy: 0.8376
2018-01-25 12:38:05,244 seq2seq.trainer.supervised_trainer INFO     Progress: 44%, Train Perplexity: 1.0309
2018-01-25 12:38:10,090 seq2seq.trainer.supervised_trainer INFO     Progress: 44%, Train Perplexity: 1.0117
2018-01-25 12:38:11,886 seq2seq.trainer.supervised_trainer INFO     Progress: 45%, Train Perplexity: 1.0613
2018-01-25 12:38:13,507 seq2seq.trainer.supervised_trainer INFO     Progress: 45%, Train Perplexity: 1.0104
2018-01-25 12:38:14,970 seq2seq.trainer.supervised_trainer INFO     Progress: 45%, Train Perplexity: 1.0235
2018-01-25 12:38:16,762 seq2seq.trainer.supervised_trainer INFO     Progress: 46%, Train Perplexity: 1.0222
2018-01-25 12:38:19,663 seq2seq.trainer.supervised_trainer INFO     Finished epoch 23: Train Perplexity: 1.0267, Dev Perplexity: 1.2106, Accuracy: 0.9622, Sequence Accuracy: 0.8094
2018-01-25 12:38:21,308 seq2seq.trainer.supervised_trainer INFO     Progress: 46%, Train Perplexity: 1.0210
2018-01-25 12:38:26,166 seq2seq.trainer.supervised_trainer INFO     Progress: 46%, Train Perplexity: 1.0384
2018-01-25 12:38:27,852 seq2seq.trainer.supervised_trainer INFO     Progress: 47%, Train Perplexity: 1.0191
2018-01-25 12:38:29,514 seq2seq.trainer.supervised_trainer INFO     Progress: 47%, Train Perplexity: 1.0177
2018-01-25 12:38:30,941 seq2seq.trainer.supervised_trainer INFO     Progress: 47%, Train Perplexity: 1.0170
2018-01-25 12:38:32,632 seq2seq.trainer.supervised_trainer INFO     Progress: 48%, Train Perplexity: 1.0174
2018-01-25 12:38:35,534 seq2seq.trainer.supervised_trainer INFO     Finished epoch 24: Train Perplexity: 1.0218, Dev Perplexity: 1.1587, Accuracy: 0.9710, Sequence Accuracy: 0.8675
2018-01-25 12:38:37,588 seq2seq.trainer.supervised_trainer INFO     Progress: 48%, Train Perplexity: 1.0329
2018-01-25 12:38:39,541 seq2seq.trainer.supervised_trainer INFO     Progress: 48%, Train Perplexity: 1.0391
2018-01-25 12:38:44,361 seq2seq.trainer.supervised_trainer INFO     Progress: 49%, Train Perplexity: 1.0159
2018-01-25 12:38:46,253 seq2seq.trainer.supervised_trainer INFO     Progress: 49%, Train Perplexity: 1.0097
2018-01-25 12:38:47,448 seq2seq.trainer.supervised_trainer INFO     Progress: 49%, Train Perplexity: 1.0052
2018-01-25 12:38:49,140 seq2seq.trainer.supervised_trainer INFO     Progress: 50%, Train Perplexity: 1.0042
2018-01-25 12:38:52,040 seq2seq.trainer.supervised_trainer INFO     Finished epoch 25: Train Perplexity: 1.0178, Dev Perplexity: 1.1509, Accuracy: 0.9745, Sequence Accuracy: 0.8750
2018-01-25 12:38:53,905 seq2seq.trainer.supervised_trainer INFO     Progress: 50%, Train Perplexity: 1.0125
2018-01-25 12:38:55,800 seq2seq.trainer.supervised_trainer INFO     Progress: 50%, Train Perplexity: 1.0257
2018-01-25 12:39:00,475 seq2seq.trainer.supervised_trainer INFO     Progress: 51%, Train Perplexity: 1.0198
2018-01-25 12:39:02,242 seq2seq.trainer.supervised_trainer INFO     Progress: 51%, Train Perplexity: 1.0160
2018-01-25 12:39:04,104 seq2seq.trainer.supervised_trainer INFO     Progress: 51%, Train Perplexity: 1.0106
2018-01-25 12:39:05,892 seq2seq.trainer.supervised_trainer INFO     Progress: 52%, Train Perplexity: 1.0249
2018-01-25 12:39:08,790 seq2seq.trainer.supervised_trainer INFO     Finished epoch 26: Train Perplexity: 1.0182, Dev Perplexity: 1.2100, Accuracy: 0.9651, Sequence Accuracy: 0.8653
2018-01-25 12:39:10,610 seq2seq.trainer.supervised_trainer INFO     Progress: 52%, Train Perplexity: 1.0311
2018-01-25 12:39:12,335 seq2seq.trainer.supervised_trainer INFO     Progress: 52%, Train Perplexity: 1.0420
2018-01-25 12:39:14,280 seq2seq.trainer.supervised_trainer INFO     Progress: 53%, Train Perplexity: 1.0262
2018-01-25 12:39:19,129 seq2seq.trainer.supervised_trainer INFO     Progress: 53%, Train Perplexity: 1.0113
2018-01-25 12:39:20,679 seq2seq.trainer.supervised_trainer INFO     Progress: 53%, Train Perplexity: 1.0076
2018-01-25 12:39:22,146 seq2seq.trainer.supervised_trainer INFO     Progress: 54%, Train Perplexity: 1.0043
2018-01-25 12:39:25,046 seq2seq.trainer.supervised_trainer INFO     Finished epoch 27: Train Perplexity: 1.0204, Dev Perplexity: 1.1332, Accuracy: 0.9759, Sequence Accuracy: 0.8934
2018-01-25 12:39:26,868 seq2seq.trainer.supervised_trainer INFO     Progress: 54%, Train Perplexity: 1.0097
2018-01-25 12:39:28,773 seq2seq.trainer.supervised_trainer INFO     Progress: 54%, Train Perplexity: 1.0173
2018-01-25 12:39:30,413 seq2seq.trainer.supervised_trainer INFO     Progress: 55%, Train Perplexity: 1.0273
2018-01-25 12:39:31,949 seq2seq.trainer.supervised_trainer INFO     Progress: 55%, Train Perplexity: 1.0235
2018-01-25 12:39:36,951 seq2seq.trainer.supervised_trainer INFO     Progress: 55%, Train Perplexity: 1.0043
2018-01-25 12:39:38,399 seq2seq.trainer.supervised_trainer INFO     Progress: 56%, Train Perplexity: 1.0240
2018-01-25 12:39:41,299 seq2seq.trainer.supervised_trainer INFO     Finished epoch 28: Train Perplexity: 1.0177, Dev Perplexity: 1.1581, Accuracy: 0.9717, Sequence Accuracy: 0.8734
2018-01-25 12:39:43,013 seq2seq.trainer.supervised_trainer INFO     Progress: 56%, Train Perplexity: 1.0231
2018-01-25 12:39:44,731 seq2seq.trainer.supervised_trainer INFO     Progress: 56%, Train Perplexity: 1.0068
2018-01-25 12:39:46,583 seq2seq.trainer.supervised_trainer INFO     Progress: 56%, Train Perplexity: 1.0126
2018-01-25 12:39:48,516 seq2seq.trainer.supervised_trainer INFO     Progress: 57%, Train Perplexity: 1.0149
2018-01-25 12:39:52,930 seq2seq.trainer.supervised_trainer INFO     Progress: 57%, Train Perplexity: 1.0074
2018-01-25 12:39:54,855 seq2seq.trainer.supervised_trainer INFO     Progress: 57%, Train Perplexity: 1.0132
2018-01-25 12:39:57,751 seq2seq.trainer.supervised_trainer INFO     Finished epoch 29: Train Perplexity: 1.0130, Dev Perplexity: 1.1175, Accuracy: 0.9785, Sequence Accuracy: 0.8900
2018-01-25 12:39:59,769 seq2seq.trainer.supervised_trainer INFO     Progress: 58%, Train Perplexity: 1.0185
2018-01-25 12:40:01,641 seq2seq.trainer.supervised_trainer INFO     Progress: 58%, Train Perplexity: 1.0173
2018-01-25 12:40:03,323 seq2seq.trainer.supervised_trainer INFO     Progress: 59%, Train Perplexity: 1.0448
2018-01-25 12:40:05,164 seq2seq.trainer.supervised_trainer INFO     Progress: 59%, Train Perplexity: 1.0061
2018-01-25 12:40:06,765 seq2seq.trainer.supervised_trainer INFO     Progress: 59%, Train Perplexity: 1.0050
2018-01-25 12:40:11,569 seq2seq.trainer.supervised_trainer INFO     Progress: 60%, Train Perplexity: 1.0111
2018-01-25 12:40:14,470 seq2seq.trainer.supervised_trainer INFO     Finished epoch 30: Train Perplexity: 1.0171, Dev Perplexity: 1.1119, Accuracy: 0.9806, Sequence Accuracy: 0.8870
2018-01-25 12:40:16,430 seq2seq.trainer.supervised_trainer INFO     Progress: 60%, Train Perplexity: 1.0165
2018-01-25 12:40:18,010 seq2seq.trainer.supervised_trainer INFO     Progress: 60%, Train Perplexity: 1.0050
2018-01-25 12:40:19,660 seq2seq.trainer.supervised_trainer INFO     Progress: 61%, Train Perplexity: 1.0108
2018-01-25 12:40:21,407 seq2seq.trainer.supervised_trainer INFO     Progress: 61%, Train Perplexity: 1.0086
2018-01-25 12:40:23,161 seq2seq.trainer.supervised_trainer INFO     Progress: 61%, Train Perplexity: 1.0028
2018-01-25 12:40:24,718 seq2seq.trainer.supervised_trainer INFO     Progress: 62%, Train Perplexity: 1.0086
2018-01-25 12:40:27,618 seq2seq.trainer.supervised_trainer INFO     Finished epoch 31: Train Perplexity: 1.0087, Dev Perplexity: 1.0748, Accuracy: 0.9862, Sequence Accuracy: 0.9102
2018-01-25 12:40:32,550 seq2seq.trainer.supervised_trainer INFO     Progress: 62%, Train Perplexity: 1.0237
2018-01-25 12:40:34,056 seq2seq.trainer.supervised_trainer INFO     Progress: 62%, Train Perplexity: 1.0053
2018-01-25 12:40:35,923 seq2seq.trainer.supervised_trainer INFO     Progress: 63%, Train Perplexity: 1.0211
2018-01-25 12:40:37,601 seq2seq.trainer.supervised_trainer INFO     Progress: 63%, Train Perplexity: 1.0073
2018-01-25 12:40:39,415 seq2seq.trainer.supervised_trainer INFO     Progress: 63%, Train Perplexity: 1.0097
2018-01-25 12:40:40,865 seq2seq.trainer.supervised_trainer INFO     Progress: 64%, Train Perplexity: 1.0026
2018-01-25 12:40:43,762 seq2seq.trainer.supervised_trainer INFO     Finished epoch 32: Train Perplexity: 1.0116, Dev Perplexity: 1.1081, Accuracy: 0.9804, Sequence Accuracy: 0.9058
2018-01-25 12:40:48,621 seq2seq.trainer.supervised_trainer INFO     Progress: 64%, Train Perplexity: 1.0162
2018-01-25 12:40:50,234 seq2seq.trainer.supervised_trainer INFO     Progress: 64%, Train Perplexity: 1.0054
2018-01-25 12:40:51,895 seq2seq.trainer.supervised_trainer INFO     Progress: 65%, Train Perplexity: 1.0122
2018-01-25 12:40:53,605 seq2seq.trainer.supervised_trainer INFO     Progress: 65%, Train Perplexity: 1.0094
2018-01-25 12:40:55,121 seq2seq.trainer.supervised_trainer INFO     Progress: 65%, Train Perplexity: 1.0067
2018-01-25 12:40:56,956 seq2seq.trainer.supervised_trainer INFO     Progress: 66%, Train Perplexity: 1.0015
2018-01-25 12:40:59,853 seq2seq.trainer.supervised_trainer INFO     Finished epoch 33: Train Perplexity: 1.0086, Dev Perplexity: 1.1223, Accuracy: 0.9785, Sequence Accuracy: 0.8925
2018-01-25 12:41:01,661 seq2seq.trainer.supervised_trainer INFO     Progress: 66%, Train Perplexity: 1.0083
2018-01-25 12:41:06,448 seq2seq.trainer.supervised_trainer INFO     Progress: 66%, Train Perplexity: 1.0075
2018-01-25 12:41:07,965 seq2seq.trainer.supervised_trainer INFO     Progress: 67%, Train Perplexity: 1.0029
2018-01-25 12:41:09,265 seq2seq.trainer.supervised_trainer INFO     Progress: 67%, Train Perplexity: 1.0055
2018-01-25 12:41:10,748 seq2seq.trainer.supervised_trainer INFO     Progress: 67%, Train Perplexity: 1.0029
2018-01-25 12:41:12,535 seq2seq.trainer.supervised_trainer INFO     Progress: 68%, Train Perplexity: 1.0023
2018-01-25 12:41:15,449 seq2seq.trainer.supervised_trainer INFO     Finished epoch 34: Train Perplexity: 1.0049, Dev Perplexity: 1.0931, Accuracy: 0.9851, Sequence Accuracy: 0.9050
2018-01-25 12:41:17,270 seq2seq.trainer.supervised_trainer INFO     Progress: 68%, Train Perplexity: 1.0050
2018-01-25 12:41:18,981 seq2seq.trainer.supervised_trainer INFO     Progress: 68%, Train Perplexity: 1.0106
2018-01-25 12:41:23,551 seq2seq.trainer.supervised_trainer INFO     Progress: 69%, Train Perplexity: 1.0017
2018-01-25 12:41:25,214 seq2seq.trainer.supervised_trainer INFO     Progress: 69%, Train Perplexity: 1.0049
2018-01-25 12:41:26,817 seq2seq.trainer.supervised_trainer INFO     Progress: 69%, Train Perplexity: 1.0030
2018-01-25 12:41:28,585 seq2seq.trainer.supervised_trainer INFO     Progress: 70%, Train Perplexity: 1.0049
2018-01-25 12:41:31,484 seq2seq.trainer.supervised_trainer INFO     Finished epoch 35: Train Perplexity: 1.0050, Dev Perplexity: 1.1268, Accuracy: 0.9798, Sequence Accuracy: 0.8897
2018-01-25 12:41:33,185 seq2seq.trainer.supervised_trainer INFO     Progress: 70%, Train Perplexity: 1.0061
2018-01-25 12:41:34,763 seq2seq.trainer.supervised_trainer INFO     Progress: 70%, Train Perplexity: 1.0106
2018-01-25 12:41:39,408 seq2seq.trainer.supervised_trainer INFO     Progress: 71%, Train Perplexity: 1.0021
2018-01-25 12:41:40,759 seq2seq.trainer.supervised_trainer INFO     Progress: 71%, Train Perplexity: 1.0021
2018-01-25 12:41:42,388 seq2seq.trainer.supervised_trainer INFO     Progress: 71%, Train Perplexity: 1.0017
2018-01-25 12:41:43,985 seq2seq.trainer.supervised_trainer INFO     Progress: 72%, Train Perplexity: 1.0010
2018-01-25 12:41:46,887 seq2seq.trainer.supervised_trainer INFO     Finished epoch 36: Train Perplexity: 1.0039, Dev Perplexity: 1.1845, Accuracy: 0.9750, Sequence Accuracy: 0.8836
2018-01-25 12:41:48,404 seq2seq.trainer.supervised_trainer INFO     Progress: 72%, Train Perplexity: 1.0046
2018-01-25 12:41:50,447 seq2seq.trainer.supervised_trainer INFO     Progress: 72%, Train Perplexity: 1.0016
2018-01-25 12:41:52,050 seq2seq.trainer.supervised_trainer INFO     Progress: 73%, Train Perplexity: 1.0034
2018-01-25 12:41:56,554 seq2seq.trainer.supervised_trainer INFO     Progress: 73%, Train Perplexity: 1.0128
2018-01-25 12:41:57,957 seq2seq.trainer.supervised_trainer INFO     Progress: 73%, Train Perplexity: 1.0106
2018-01-25 12:41:59,624 seq2seq.trainer.supervised_trainer INFO     Progress: 74%, Train Perplexity: 1.0221
2018-01-25 12:42:02,521 seq2seq.trainer.supervised_trainer INFO     Finished epoch 37: Train Perplexity: 1.0092, Dev Perplexity: 1.0876, Accuracy: 0.9865, Sequence Accuracy: 0.9215
2018-01-25 12:42:04,372 seq2seq.trainer.supervised_trainer INFO     Progress: 74%, Train Perplexity: 1.0024
2018-01-25 12:42:06,254 seq2seq.trainer.supervised_trainer INFO     Progress: 74%, Train Perplexity: 1.0033
2018-01-25 12:42:07,947 seq2seq.trainer.supervised_trainer INFO     Progress: 75%, Train Perplexity: 1.0017
2018-01-25 12:42:09,539 seq2seq.trainer.supervised_trainer INFO     Progress: 75%, Train Perplexity: 1.0058
2018-01-25 12:42:14,079 seq2seq.trainer.supervised_trainer INFO     Progress: 75%, Train Perplexity: 1.0037
2018-01-25 12:42:16,337 seq2seq.trainer.supervised_trainer INFO     Progress: 76%, Train Perplexity: 1.0173
2018-01-25 12:42:19,235 seq2seq.trainer.supervised_trainer INFO     Finished epoch 38: Train Perplexity: 1.0057, Dev Perplexity: 1.0817, Accuracy: 0.9842, Sequence Accuracy: 0.9147
2018-01-25 12:42:20,950 seq2seq.trainer.supervised_trainer INFO     Progress: 76%, Train Perplexity: 1.0065
2018-01-25 12:42:22,853 seq2seq.trainer.supervised_trainer INFO     Progress: 76%, Train Perplexity: 1.0030
2018-01-25 12:42:24,629 seq2seq.trainer.supervised_trainer INFO     Progress: 77%, Train Perplexity: 1.0117
2018-01-25 12:42:26,466 seq2seq.trainer.supervised_trainer INFO     Progress: 77%, Train Perplexity: 1.0055
2018-01-25 12:42:31,051 seq2seq.trainer.supervised_trainer INFO     Progress: 77%, Train Perplexity: 1.0047
2018-01-25 12:42:32,675 seq2seq.trainer.supervised_trainer INFO     Progress: 78%, Train Perplexity: 1.0077
2018-01-25 12:42:35,582 seq2seq.trainer.supervised_trainer INFO     Finished epoch 39: Train Perplexity: 1.0065, Dev Perplexity: 1.1533, Accuracy: 0.9798, Sequence Accuracy: 0.9006
2018-01-25 12:42:37,229 seq2seq.trainer.supervised_trainer INFO     Progress: 78%, Train Perplexity: 1.0017
2018-01-25 12:42:39,481 seq2seq.trainer.supervised_trainer INFO     Progress: 78%, Train Perplexity: 1.0066
2018-01-25 12:42:41,345 seq2seq.trainer.supervised_trainer INFO     Progress: 79%, Train Perplexity: 1.0069
2018-01-25 12:42:42,883 seq2seq.trainer.supervised_trainer INFO     Progress: 79%, Train Perplexity: 1.0089
2018-01-25 12:42:44,587 seq2seq.trainer.supervised_trainer INFO     Progress: 79%, Train Perplexity: 1.0068
2018-01-25 12:42:49,239 seq2seq.trainer.supervised_trainer INFO     Progress: 80%, Train Perplexity: 1.0054
2018-01-25 12:42:52,137 seq2seq.trainer.supervised_trainer INFO     Finished epoch 40: Train Perplexity: 1.0060, Dev Perplexity: 1.0905, Accuracy: 0.9854, Sequence Accuracy: 0.8952
2018-01-25 12:42:53,770 seq2seq.trainer.supervised_trainer INFO     Progress: 80%, Train Perplexity: 1.0019
2018-01-25 12:42:55,541 seq2seq.trainer.supervised_trainer INFO     Progress: 80%, Train Perplexity: 1.0070
2018-01-25 12:42:57,275 seq2seq.trainer.supervised_trainer INFO     Progress: 81%, Train Perplexity: 1.0020
2018-01-25 12:42:59,112 seq2seq.trainer.supervised_trainer INFO     Progress: 81%, Train Perplexity: 1.0068
2018-01-25 12:43:00,680 seq2seq.trainer.supervised_trainer INFO     Progress: 81%, Train Perplexity: 1.0083
2018-01-25 12:43:02,494 seq2seq.trainer.supervised_trainer INFO     Progress: 82%, Train Perplexity: 1.0009
2018-01-25 12:43:05,397 seq2seq.trainer.supervised_trainer INFO     Finished epoch 41: Train Perplexity: 1.0045, Dev Perplexity: 1.0799, Accuracy: 0.9871, Sequence Accuracy: 0.9099
2018-01-25 12:43:10,110 seq2seq.trainer.supervised_trainer INFO     Progress: 82%, Train Perplexity: 1.0021
2018-01-25 12:43:11,756 seq2seq.trainer.supervised_trainer INFO     Progress: 82%, Train Perplexity: 1.0013
2018-01-25 12:43:13,485 seq2seq.trainer.supervised_trainer INFO     Progress: 83%, Train Perplexity: 1.0041
2018-01-25 12:43:15,008 seq2seq.trainer.supervised_trainer INFO     Progress: 83%, Train Perplexity: 1.0000
2018-01-25 12:43:16,741 seq2seq.trainer.supervised_trainer INFO     Progress: 83%, Train Perplexity: 1.0019
2018-01-25 12:43:18,507 seq2seq.trainer.supervised_trainer INFO     Progress: 84%, Train Perplexity: 1.0002
2018-01-25 12:43:21,399 seq2seq.trainer.supervised_trainer INFO     Finished epoch 42: Train Perplexity: 1.0016, Dev Perplexity: 1.1009, Accuracy: 0.9840, Sequence Accuracy: 0.8611
2018-01-25 12:43:26,231 seq2seq.trainer.supervised_trainer INFO     Progress: 84%, Train Perplexity: 1.0125
2018-01-25 12:43:27,782 seq2seq.trainer.supervised_trainer INFO     Progress: 84%, Train Perplexity: 1.0001
2018-01-25 12:43:29,551 seq2seq.trainer.supervised_trainer INFO     Progress: 85%, Train Perplexity: 1.0017
2018-01-25 12:43:31,077 seq2seq.trainer.supervised_trainer INFO     Progress: 85%, Train Perplexity: 1.0025
2018-01-25 12:43:32,678 seq2seq.trainer.supervised_trainer INFO     Progress: 85%, Train Perplexity: 1.0001
2018-01-25 12:43:34,305 seq2seq.trainer.supervised_trainer INFO     Progress: 86%, Train Perplexity: 1.0015
2018-01-25 12:43:37,211 seq2seq.trainer.supervised_trainer INFO     Finished epoch 43: Train Perplexity: 1.0030, Dev Perplexity: 1.1689, Accuracy: 0.9804, Sequence Accuracy: 0.9160
2018-01-25 12:43:38,906 seq2seq.trainer.supervised_trainer INFO     Progress: 86%, Train Perplexity: 1.0037
2018-01-25 12:43:43,652 seq2seq.trainer.supervised_trainer INFO     Progress: 86%, Train Perplexity: 1.0006
2018-01-25 12:43:45,336 seq2seq.trainer.supervised_trainer INFO     Progress: 87%, Train Perplexity: 1.0023
2018-01-25 12:43:46,891 seq2seq.trainer.supervised_trainer INFO     Progress: 87%, Train Perplexity: 1.0007
2018-01-25 12:43:48,695 seq2seq.trainer.supervised_trainer INFO     Progress: 87%, Train Perplexity: 1.0003
2018-01-25 12:43:50,450 seq2seq.trainer.supervised_trainer INFO     Progress: 88%, Train Perplexity: 1.0010
2018-01-25 12:43:53,342 seq2seq.trainer.supervised_trainer INFO     Finished epoch 44: Train Perplexity: 1.0014, Dev Perplexity: 1.0873, Accuracy: 0.9867, Sequence Accuracy: 0.9074
2018-01-25 12:43:54,838 seq2seq.trainer.supervised_trainer INFO     Progress: 88%, Train Perplexity: 1.0007
2018-01-25 12:43:56,527 seq2seq.trainer.supervised_trainer INFO     Progress: 88%, Train Perplexity: 1.0001
2018-01-25 12:44:01,030 seq2seq.trainer.supervised_trainer INFO     Progress: 89%, Train Perplexity: 1.0001
2018-01-25 12:44:02,580 seq2seq.trainer.supervised_trainer INFO     Progress: 89%, Train Perplexity: 1.0005
2018-01-25 12:44:03,932 seq2seq.trainer.supervised_trainer INFO     Progress: 89%, Train Perplexity: 1.0001
2018-01-25 12:44:05,775 seq2seq.trainer.supervised_trainer INFO     Progress: 90%, Train Perplexity: 1.0000
2018-01-25 12:44:08,672 seq2seq.trainer.supervised_trainer INFO     Finished epoch 45: Train Perplexity: 1.0003, Dev Perplexity: 1.1864, Accuracy: 0.9759, Sequence Accuracy: 0.8333
2018-01-25 12:44:10,319 seq2seq.trainer.supervised_trainer INFO     Progress: 90%, Train Perplexity: 1.0021
2018-01-25 12:44:11,886 seq2seq.trainer.supervised_trainer INFO     Progress: 90%, Train Perplexity: 1.0110
2018-01-25 12:44:16,722 seq2seq.trainer.supervised_trainer INFO     Progress: 91%, Train Perplexity: 1.0029
2018-01-25 12:44:18,535 seq2seq.trainer.supervised_trainer INFO     Progress: 91%, Train Perplexity: 1.0010
2018-01-25 12:44:20,093 seq2seq.trainer.supervised_trainer INFO     Progress: 91%, Train Perplexity: 1.0006
2018-01-25 12:44:21,868 seq2seq.trainer.supervised_trainer INFO     Progress: 92%, Train Perplexity: 1.0065
2018-01-25 12:44:24,770 seq2seq.trainer.supervised_trainer INFO     Finished epoch 46: Train Perplexity: 1.0040, Dev Perplexity: 1.2171, Accuracy: 0.9680, Sequence Accuracy: 0.8362
2018-01-25 12:44:26,311 seq2seq.trainer.supervised_trainer INFO     Progress: 92%, Train Perplexity: 1.0040
2018-01-25 12:44:28,098 seq2seq.trainer.supervised_trainer INFO     Progress: 92%, Train Perplexity: 1.0014
2018-01-25 12:44:29,868 seq2seq.trainer.supervised_trainer INFO     Progress: 93%, Train Perplexity: 1.0654
2018-01-25 12:44:34,260 seq2seq.trainer.supervised_trainer INFO     Progress: 93%, Train Perplexity: 1.0138
2018-01-25 12:44:36,052 seq2seq.trainer.supervised_trainer INFO     Progress: 93%, Train Perplexity: 1.0012
2018-01-25 12:44:37,765 seq2seq.trainer.supervised_trainer INFO     Progress: 94%, Train Perplexity: 1.0002
2018-01-25 12:44:40,662 seq2seq.trainer.supervised_trainer INFO     Finished epoch 47: Train Perplexity: 1.0144, Dev Perplexity: 1.2950, Accuracy: 0.9685, Sequence Accuracy: 0.8383
2018-01-25 12:44:42,368 seq2seq.trainer.supervised_trainer INFO     Progress: 94%, Train Perplexity: 1.0016
2018-01-25 12:44:44,145 seq2seq.trainer.supervised_trainer INFO     Progress: 94%, Train Perplexity: 1.0001
2018-01-25 12:44:45,890 seq2seq.trainer.supervised_trainer INFO     Progress: 95%, Train Perplexity: 1.0013
2018-01-25 12:44:50,459 seq2seq.trainer.supervised_trainer INFO     Progress: 95%, Train Perplexity: 1.0007
2018-01-25 12:44:52,169 seq2seq.trainer.supervised_trainer INFO     Progress: 95%, Train Perplexity: 1.0006
2018-01-25 12:44:53,926 seq2seq.trainer.supervised_trainer INFO     Progress: 96%, Train Perplexity: 1.0027
2018-01-25 12:44:56,812 seq2seq.trainer.supervised_trainer INFO     Finished epoch 48: Train Perplexity: 1.0012, Dev Perplexity: 1.1294, Accuracy: 0.9807, Sequence Accuracy: 0.8777
2018-01-25 12:44:58,735 seq2seq.trainer.supervised_trainer INFO     Progress: 96%, Train Perplexity: 1.0001
2018-01-25 12:45:00,396 seq2seq.trainer.supervised_trainer INFO     Progress: 96%, Train Perplexity: 1.0084
2018-01-25 12:45:02,206 seq2seq.trainer.supervised_trainer INFO     Progress: 97%, Train Perplexity: 1.0000
2018-01-25 12:45:04,129 seq2seq.trainer.supervised_trainer INFO     Progress: 97%, Train Perplexity: 1.0003
2018-01-25 12:45:08,435 seq2seq.trainer.supervised_trainer INFO     Progress: 97%, Train Perplexity: 1.0004
2018-01-25 12:45:10,040 seq2seq.trainer.supervised_trainer INFO     Progress: 98%, Train Perplexity: 1.0051
2018-01-25 12:45:12,924 seq2seq.trainer.supervised_trainer INFO     Finished epoch 49: Train Perplexity: 1.0024, Dev Perplexity: 1.1457, Accuracy: 0.9843, Sequence Accuracy: 0.9050
2018-01-25 12:45:14,410 seq2seq.trainer.supervised_trainer INFO     Progress: 98%, Train Perplexity: 1.0005
2018-01-25 12:45:16,423 seq2seq.trainer.supervised_trainer INFO     Progress: 98%, Train Perplexity: 1.0500
2018-01-25 12:45:18,136 seq2seq.trainer.supervised_trainer INFO     Progress: 99%, Train Perplexity: 1.0128
2018-01-25 12:45:19,628 seq2seq.trainer.supervised_trainer INFO     Progress: 99%, Train Perplexity: 1.0006
2018-01-25 12:45:21,238 seq2seq.trainer.supervised_trainer INFO     Progress: 99%, Train Perplexity: 1.0187
2018-01-25 12:45:25,656 seq2seq.trainer.supervised_trainer INFO     Progress: 100%, Train Perplexity: 1.0114
2018-01-25 12:45:31,380 seq2seq.trainer.supervised_trainer INFO     Finished epoch 50: Train Perplexity: 1.0157, Dev Perplexity: 1.1847, Accuracy: 0.9763, Sequence Accuracy: 0.8203
end of job
