start of job
Applications clocks set to "(MEM 3004, SM 875)" for GPU 00000000:02:00.0
All done.
Applications clocks set to "(MEM 3004, SM 875)" for GPU 00000000:82:00.0
All done.
Train model on example data
2018-02-27 23:09:14,069 root         INFO     Namespace(attention=True, batch_size=128, bidirectional=False, cuda_device=0, dev='data/CLEANED-SCAN/length_split/experiment5/dev.txt', dropout_p_decoder=0.5, dropout_p_encoder=0.5, embedding_size=200, epochs=70, hidden_size=200, load_checkpoint=None, log_level='debug', lr=0.001, max_len=50, n_layers=2, optim='adam', output_dir='variance_experiment_only_short_primitives_left_right', print_every=20, profile=False, reg_scale=1000, resume=False, rnn_cell='lstm', save_every=133, src_vocab=50000, teacher_forcing_ratio=0.5, tgt_vocab=50000, train='data/CLEANED-SCAN/length_split/experiment5/train.txt')
2018-02-27 23:09:18,365 root         DEBUG    Input vocab: ['<unk>', '<pad>', u'left', u'right', u'twice', u'opposite', u'thrice', u'around', u'after', u'and', u'turn', u'walk', u'look', u'run', u'jump']
2018-02-27 23:09:18,365 root         DEBUG    Output vocab: ['<unk>', '<pad>', u'I_TURN_RIGHT', u'I_TURN_LEFT', u'I_WALK', u'I_LOOK', u'I_RUN', '<eos>', '<sos>', u'I_JUMP']
2018-02-27 23:09:18,370 seq2seq.trainer.supervised_trainer INFO     Optimizer: <torch.optim.adam.Adam object at 0x2b0ded1cbd10>, Scheduler: None
Cuda device set to 0
2018-02-27 23:09:19,503 seq2seq.trainer.supervised_trainer DEBUG    Epoch: 1, Step: 0
2018-02-27 23:09:22,323 seq2seq.trainer.supervised_trainer INFO     Progress: 0%, Train Perplexity: 13.0128
2018-02-27 23:09:23,979 seq2seq.trainer.supervised_trainer INFO     Progress: 0%, Train Perplexity: 4.9313
2018-02-27 23:09:25,417 seq2seq.trainer.supervised_trainer INFO     Progress: 0%, Train Perplexity: 4.5155
2018-02-27 23:09:27,323 seq2seq.trainer.supervised_trainer INFO     Progress: 1%, Train Perplexity: 4.0813
2018-02-27 23:09:29,308 seq2seq.trainer.supervised_trainer INFO     Finished epoch 1: Train Perplexity: 5.0317, Dev Perplexity: 3.7471, Accuracy: 0.5020, Sequence Accuracy: 0.0245, Variance: 0.1071
2018-02-27 23:09:29,309 seq2seq.trainer.supervised_trainer DEBUG    Epoch: 2, Step: 116
2018-02-27 23:09:29,613 seq2seq.trainer.supervised_trainer INFO     Progress: 1%, Train Perplexity: 3.3670
2018-02-27 23:09:31,337 seq2seq.trainer.supervised_trainer DEBUG    Saved checkpoint var_0.26_acc_0.51_seq_acc_0.03_ppl_3.32_s133
2018-02-27 23:09:32,353 seq2seq.trainer.supervised_trainer INFO     Progress: 1%, Train Perplexity: 2.8691
2018-02-27 23:09:33,925 seq2seq.trainer.supervised_trainer INFO     Progress: 1%, Train Perplexity: 2.6498
2018-02-27 23:09:35,218 seq2seq.trainer.supervised_trainer INFO     Progress: 2%, Train Perplexity: 2.4366
2018-02-27 23:09:36,794 seq2seq.trainer.supervised_trainer INFO     Progress: 2%, Train Perplexity: 2.5078
2018-02-27 23:09:38,484 seq2seq.trainer.supervised_trainer INFO     Progress: 2%, Train Perplexity: 2.2954
2018-02-27 23:09:40,150 seq2seq.trainer.supervised_trainer INFO     Finished epoch 2: Train Perplexity: 2.5410, Dev Perplexity: 2.7805, Accuracy: 0.5742, Sequence Accuracy: 0.0887, Variance: 0.2525
2018-02-27 23:09:40,150 seq2seq.trainer.supervised_trainer DEBUG    Epoch: 3, Step: 232
2018-02-27 23:09:40,946 seq2seq.trainer.supervised_trainer INFO     Progress: 2%, Train Perplexity: 2.1103
2018-02-27 23:09:42,532 seq2seq.trainer.supervised_trainer INFO     Progress: 3%, Train Perplexity: 2.0780
2018-02-27 23:09:43,691 seq2seq.trainer.supervised_trainer DEBUG    Saved checkpoint var_0.32_acc_0.62_seq_acc_0.11_ppl_2.47_s266
2018-02-27 23:09:44,852 seq2seq.trainer.supervised_trainer INFO     Progress: 3%, Train Perplexity: 1.8162
2018-02-27 23:09:46,238 seq2seq.trainer.supervised_trainer INFO     Progress: 3%, Train Perplexity: 1.6716
2018-02-27 23:09:47,591 seq2seq.trainer.supervised_trainer INFO     Progress: 3%, Train Perplexity: 1.6535
2018-02-27 23:09:49,373 seq2seq.trainer.supervised_trainer INFO     Progress: 4%, Train Perplexity: 1.8062
2018-02-27 23:09:50,531 seq2seq.trainer.supervised_trainer INFO     Finished epoch 3: Train Perplexity: 1.8117, Dev Perplexity: 2.2141, Accuracy: 0.6693, Sequence Accuracy: 0.1670, Variance: 0.2706
2018-02-27 23:09:50,531 seq2seq.trainer.supervised_trainer DEBUG    Epoch: 4, Step: 348
2018-02-27 23:09:51,527 seq2seq.trainer.supervised_trainer INFO     Progress: 4%, Train Perplexity: 1.6876
2018-02-27 23:09:53,094 seq2seq.trainer.supervised_trainer INFO     Progress: 4%, Train Perplexity: 1.4468
2018-02-27 23:09:55,289 seq2seq.trainer.supervised_trainer DEBUG    Saved checkpoint var_0.28_acc_0.74_seq_acc_0.25_ppl_1.90_s399
2018-02-27 23:09:55,636 seq2seq.trainer.supervised_trainer INFO     Progress: 4%, Train Perplexity: 1.5930
2018-02-27 23:09:57,061 seq2seq.trainer.supervised_trainer INFO     Progress: 5%, Train Perplexity: 1.3533
2018-02-27 23:09:58,417 seq2seq.trainer.supervised_trainer INFO     Progress: 5%, Train Perplexity: 1.3477
2018-02-27 23:10:00,313 seq2seq.trainer.supervised_trainer INFO     Progress: 5%, Train Perplexity: 1.2892
2018-02-27 23:10:01,264 seq2seq.trainer.supervised_trainer INFO     Finished epoch 4: Train Perplexity: 1.4438, Dev Perplexity: 1.7252, Accuracy: 0.7806, Sequence Accuracy: 0.2740, Variance: 0.2601
2018-02-27 23:10:01,264 seq2seq.trainer.supervised_trainer DEBUG    Epoch: 5, Step: 464
2018-02-27 23:10:02,396 seq2seq.trainer.supervised_trainer INFO     Progress: 5%, Train Perplexity: 1.1653
2018-02-27 23:10:04,035 seq2seq.trainer.supervised_trainer INFO     Progress: 6%, Train Perplexity: 1.2079
2018-02-27 23:10:05,621 seq2seq.trainer.supervised_trainer INFO     Progress: 6%, Train Perplexity: 1.3125
2018-02-27 23:10:07,100 seq2seq.trainer.supervised_trainer DEBUG    Saved checkpoint var_0.26_acc_0.87_seq_acc_0.52_ppl_1.45_s532
2018-02-27 23:10:07,852 seq2seq.trainer.supervised_trainer INFO     Progress: 6%, Train Perplexity: 1.0756
2018-02-27 23:10:09,386 seq2seq.trainer.supervised_trainer INFO     Progress: 6%, Train Perplexity: 1.1401
2018-02-27 23:10:10,628 seq2seq.trainer.supervised_trainer INFO     Progress: 7%, Train Perplexity: 0.9046
2018-02-27 23:10:11,314 seq2seq.trainer.supervised_trainer INFO     Finished epoch 5: Train Perplexity: 1.1245, Dev Perplexity: 1.4907, Accuracy: 0.8857, Sequence Accuracy: 0.5676, Variance: 0.3316
2018-02-27 23:10:11,314 seq2seq.trainer.supervised_trainer DEBUG    Epoch: 6, Step: 580
2018-02-27 23:10:12,752 seq2seq.trainer.supervised_trainer INFO     Progress: 7%, Train Perplexity: 0.9661
2018-02-27 23:10:14,080 seq2seq.trainer.supervised_trainer INFO     Progress: 7%, Train Perplexity: 0.9850
2018-02-27 23:10:15,512 seq2seq.trainer.supervised_trainer INFO     Progress: 7%, Train Perplexity: 0.9530
2018-02-27 23:10:17,171 seq2seq.trainer.supervised_trainer INFO     Progress: 8%, Train Perplexity: 0.8958
2018-02-27 23:10:18,112 seq2seq.trainer.supervised_trainer DEBUG    Saved checkpoint var_0.64_acc_0.87_seq_acc_0.52_ppl_1.42_s665
2018-02-27 23:10:19,331 seq2seq.trainer.supervised_trainer INFO     Progress: 8%, Train Perplexity: 0.7771
2018-02-27 23:10:21,387 seq2seq.trainer.supervised_trainer INFO     Finished epoch 6: Train Perplexity: 0.8898, Dev Perplexity: 1.3966, Accuracy: 0.8913, Sequence Accuracy: 0.5621, Variance: 0.6801
2018-02-27 23:10:21,387 seq2seq.trainer.supervised_trainer DEBUG    Epoch: 7, Step: 696
2018-02-27 23:10:21,637 seq2seq.trainer.supervised_trainer INFO     Progress: 8%, Train Perplexity: 0.7451
2018-02-27 23:10:23,281 seq2seq.trainer.supervised_trainer INFO     Progress: 8%, Train Perplexity: 0.8154
2018-02-27 23:10:24,603 seq2seq.trainer.supervised_trainer INFO     Progress: 9%, Train Perplexity: 0.6915
2018-02-27 23:10:26,381 seq2seq.trainer.supervised_trainer INFO     Progress: 9%, Train Perplexity: 0.7344
2018-02-27 23:10:27,969 seq2seq.trainer.supervised_trainer INFO     Progress: 9%, Train Perplexity: 0.7994
2018-02-27 23:10:29,776 seq2seq.trainer.supervised_trainer DEBUG    Saved checkpoint var_0.71_acc_0.93_seq_acc_0.70_ppl_1.24_s798
2018-02-27 23:10:30,194 seq2seq.trainer.supervised_trainer INFO     Progress: 9%, Train Perplexity: 0.7024
2018-02-27 23:10:31,905 seq2seq.trainer.supervised_trainer INFO     Finished epoch 7: Train Perplexity: 0.7430, Dev Perplexity: 1.1768, Accuracy: 0.9343, Sequence Accuracy: 0.6202, Variance: 0.7044
2018-02-27 23:10:31,906 seq2seq.trainer.supervised_trainer DEBUG    Epoch: 8, Step: 812
2018-02-27 23:10:32,511 seq2seq.trainer.supervised_trainer INFO     Progress: 10%, Train Perplexity: 0.6696
2018-02-27 23:10:34,058 seq2seq.trainer.supervised_trainer INFO     Progress: 10%, Train Perplexity: 0.6986
2018-02-27 23:10:35,446 seq2seq.trainer.supervised_trainer INFO     Progress: 10%, Train Perplexity: 0.6386
2018-02-27 23:10:36,935 seq2seq.trainer.supervised_trainer INFO     Progress: 10%, Train Perplexity: 0.7158
2018-02-27 23:10:38,421 seq2seq.trainer.supervised_trainer INFO     Progress: 11%, Train Perplexity: 0.6342
2018-02-27 23:10:39,965 seq2seq.trainer.supervised_trainer INFO     Progress: 11%, Train Perplexity: 0.6501
2018-02-27 23:10:41,269 seq2seq.trainer.supervised_trainer INFO     Finished epoch 8: Train Perplexity: 0.6665, Dev Perplexity: 1.0574, Accuracy: 0.9745, Sequence Accuracy: 0.8434, Variance: 0.7249
2018-02-27 23:10:41,269 seq2seq.trainer.supervised_trainer DEBUG    Epoch: 9, Step: 928
2018-02-27 23:10:42,216 seq2seq.trainer.supervised_trainer DEBUG    Saved checkpoint var_0.74_acc_0.97_seq_acc_0.84_ppl_1.08_s931
2018-02-27 23:10:42,879 seq2seq.trainer.supervised_trainer INFO     Progress: 11%, Train Perplexity: 0.6174
2018-02-27 23:10:44,402 seq2seq.trainer.supervised_trainer INFO     Progress: 11%, Train Perplexity: 0.6505
2018-02-27 23:10:45,764 seq2seq.trainer.supervised_trainer INFO     Progress: 12%, Train Perplexity: 0.6058
2018-02-27 23:10:47,081 seq2seq.trainer.supervised_trainer INFO     Progress: 12%, Train Perplexity: 0.6101
2018-02-27 23:10:48,745 seq2seq.trainer.supervised_trainer INFO     Progress: 12%, Train Perplexity: 0.6402
2018-02-27 23:10:50,151 seq2seq.trainer.supervised_trainer INFO     Progress: 12%, Train Perplexity: 0.5851
2018-02-27 23:10:51,141 seq2seq.trainer.supervised_trainer INFO     Finished epoch 9: Train Perplexity: 0.6156, Dev Perplexity: 1.0489, Accuracy: 0.9799, Sequence Accuracy: 0.9113, Variance: 0.7580
2018-02-27 23:10:51,142 seq2seq.trainer.supervised_trainer DEBUG    Epoch: 10, Step: 1044
2018-02-27 23:10:52,508 seq2seq.trainer.supervised_trainer INFO     Progress: 13%, Train Perplexity: 0.7077
2018-02-27 23:10:53,522 seq2seq.trainer.supervised_trainer DEBUG    Saved checkpoint var_0.75_acc_0.97_seq_acc_0.86_ppl_1.06_s1064
2018-02-27 23:10:54,863 seq2seq.trainer.supervised_trainer INFO     Progress: 13%, Train Perplexity: 0.5233
2018-02-27 23:10:56,184 seq2seq.trainer.supervised_trainer INFO     Progress: 13%, Train Perplexity: 0.6751
2018-02-27 23:10:57,407 seq2seq.trainer.supervised_trainer INFO     Progress: 13%, Train Perplexity: 0.6818
2018-02-27 23:10:59,022 seq2seq.trainer.supervised_trainer INFO     Progress: 14%, Train Perplexity: 0.5917
2018-02-27 23:11:00,625 seq2seq.trainer.supervised_trainer INFO     Progress: 14%, Train Perplexity: 0.6186
2018-02-27 23:11:01,315 seq2seq.trainer.supervised_trainer INFO     Finished epoch 10: Train Perplexity: 0.6333, Dev Perplexity: 1.0384, Accuracy: 0.9793, Sequence Accuracy: 0.9095, Variance: 0.7536
2018-02-27 23:11:01,315 seq2seq.trainer.supervised_trainer DEBUG    Epoch: 11, Step: 1160
2018-02-27 23:11:03,089 seq2seq.trainer.supervised_trainer INFO     Progress: 14%, Train Perplexity: 0.6354
2018-02-27 23:11:05,588 seq2seq.trainer.supervised_trainer INFO     Progress: 14%, Train Perplexity: 0.6597
2018-02-27 23:11:07,396 seq2seq.trainer.supervised_trainer INFO     Progress: 15%, Train Perplexity: 0.6340
2018-02-27 23:11:08,952 seq2seq.trainer.supervised_trainer INFO     Progress: 15%, Train Perplexity: 0.5734
2018-02-27 23:11:10,542 seq2seq.trainer.supervised_trainer INFO     Progress: 15%, Train Perplexity: 0.5784
2018-02-27 23:11:12,418 seq2seq.trainer.supervised_trainer INFO     Finished epoch 11: Train Perplexity: 0.6099, Dev Perplexity: 1.0493, Accuracy: 0.9819, Sequence Accuracy: 0.9187, Variance: 0.7532
2018-02-27 23:11:12,418 seq2seq.trainer.supervised_trainer DEBUG    Epoch: 12, Step: 1276
2018-02-27 23:11:12,744 seq2seq.trainer.supervised_trainer INFO     Progress: 15%, Train Perplexity: 0.6176
2018-02-27 23:11:14,125 seq2seq.trainer.supervised_trainer INFO     Progress: 16%, Train Perplexity: 0.6210
2018-02-27 23:11:15,908 seq2seq.trainer.supervised_trainer INFO     Progress: 16%, Train Perplexity: 0.6428
2018-02-27 23:11:17,302 seq2seq.trainer.supervised_trainer DEBUG    Saved checkpoint var_0.76_acc_0.99_seq_acc_0.97_ppl_1.00_s1330
2018-02-27 23:11:18,059 seq2seq.trainer.supervised_trainer INFO     Progress: 16%, Train Perplexity: 0.5358
2018-02-27 23:11:19,476 seq2seq.trainer.supervised_trainer INFO     Progress: 16%, Train Perplexity: 0.5940
2018-02-27 23:11:20,788 seq2seq.trainer.supervised_trainer INFO     Progress: 16%, Train Perplexity: 0.6070
2018-02-27 23:11:22,294 seq2seq.trainer.supervised_trainer INFO     Finished epoch 12: Train Perplexity: 0.6019, Dev Perplexity: 1.0288, Accuracy: 0.9881, Sequence Accuracy: 0.9639, Variance: 0.7691
2018-02-27 23:11:22,294 seq2seq.trainer.supervised_trainer DEBUG    Epoch: 13, Step: 1392
2018-02-27 23:11:22,884 seq2seq.trainer.supervised_trainer INFO     Progress: 17%, Train Perplexity: 0.6052
2018-02-27 23:11:24,424 seq2seq.trainer.supervised_trainer INFO     Progress: 17%, Train Perplexity: 0.6401
2018-02-27 23:11:25,893 seq2seq.trainer.supervised_trainer INFO     Progress: 17%, Train Perplexity: 0.6432
2018-02-27 23:11:27,367 seq2seq.trainer.supervised_trainer INFO     Progress: 17%, Train Perplexity: 0.6045
2018-02-27 23:11:28,242 seq2seq.trainer.supervised_trainer DEBUG    Saved checkpoint var_0.77_acc_1.00_seq_acc_0.97_ppl_0.98_s1463
2018-02-27 23:11:29,824 seq2seq.trainer.supervised_trainer INFO     Progress: 18%, Train Perplexity: 0.5472
2018-02-27 23:11:31,127 seq2seq.trainer.supervised_trainer INFO     Progress: 18%, Train Perplexity: 0.5360
2018-02-27 23:11:32,315 seq2seq.trainer.supervised_trainer INFO     Finished epoch 13: Train Perplexity: 0.5992, Dev Perplexity: 0.9757, Accuracy: 0.9967, Sequence Accuracy: 0.9804, Variance: 0.7716
2018-02-27 23:11:32,315 seq2seq.trainer.supervised_trainer DEBUG    Epoch: 14, Step: 1508
2018-02-27 23:11:33,349 seq2seq.trainer.supervised_trainer INFO     Progress: 18%, Train Perplexity: 0.5752
2018-02-27 23:11:35,118 seq2seq.trainer.supervised_trainer INFO     Progress: 18%, Train Perplexity: 0.6587
2018-02-27 23:11:36,604 seq2seq.trainer.supervised_trainer INFO     Progress: 19%, Train Perplexity: 0.5327
2018-02-27 23:11:38,209 seq2seq.trainer.supervised_trainer INFO     Progress: 19%, Train Perplexity: 0.6381
2018-02-27 23:11:40,259 seq2seq.trainer.supervised_trainer INFO     Progress: 19%, Train Perplexity: 0.5951
2018-02-27 23:11:41,767 seq2seq.trainer.supervised_trainer INFO     Progress: 19%, Train Perplexity: 0.6282
2018-02-27 23:11:42,607 seq2seq.trainer.supervised_trainer INFO     Finished epoch 14: Train Perplexity: 0.5988, Dev Perplexity: 1.0746, Accuracy: 0.9750, Sequence Accuracy: 0.8483, Variance: 0.7626
2018-02-27 23:11:42,607 seq2seq.trainer.supervised_trainer DEBUG    Epoch: 15, Step: 1624
2018-02-27 23:11:43,896 seq2seq.trainer.supervised_trainer INFO     Progress: 20%, Train Perplexity: 0.5425
2018-02-27 23:11:45,276 seq2seq.trainer.supervised_trainer INFO     Progress: 20%, Train Perplexity: 0.5460
2018-02-27 23:11:46,859 seq2seq.trainer.supervised_trainer INFO     Progress: 20%, Train Perplexity: 0.6305
2018-02-27 23:11:48,633 seq2seq.trainer.supervised_trainer INFO     Progress: 20%, Train Perplexity: 0.6002
2018-02-27 23:11:50,042 seq2seq.trainer.supervised_trainer INFO     Progress: 21%, Train Perplexity: 0.5757
2018-02-27 23:11:51,588 seq2seq.trainer.supervised_trainer DEBUG    Saved checkpoint var_0.78_acc_1.00_seq_acc_0.99_ppl_0.97_s1729
2018-02-27 23:11:52,379 seq2seq.trainer.supervised_trainer INFO     Progress: 21%, Train Perplexity: 0.5994
2018-02-27 23:11:53,061 seq2seq.trainer.supervised_trainer INFO     Finished epoch 15: Train Perplexity: 0.5897, Dev Perplexity: 0.9752, Accuracy: 0.9967, Sequence Accuracy: 0.9798, Variance: 0.7688
2018-02-27 23:11:53,061 seq2seq.trainer.supervised_trainer DEBUG    Epoch: 16, Step: 1740
2018-02-27 23:11:54,931 seq2seq.trainer.supervised_trainer INFO     Progress: 21%, Train Perplexity: 0.6170
2018-02-27 23:11:56,482 seq2seq.trainer.supervised_trainer INFO     Progress: 21%, Train Perplexity: 0.5823
2018-02-27 23:11:58,097 seq2seq.trainer.supervised_trainer INFO     Progress: 22%, Train Perplexity: 0.5804
2018-02-27 23:11:59,522 seq2seq.trainer.supervised_trainer INFO     Progress: 22%, Train Perplexity: 0.5845
2018-02-27 23:12:01,135 seq2seq.trainer.supervised_trainer INFO     Progress: 22%, Train Perplexity: 0.5838
2018-02-27 23:12:02,930 seq2seq.trainer.supervised_trainer INFO     Finished epoch 16: Train Perplexity: 0.5889, Dev Perplexity: 1.0101, Accuracy: 0.9896, Sequence Accuracy: 0.9615, Variance: 0.7685
2018-02-27 23:12:02,930 seq2seq.trainer.supervised_trainer DEBUG    Epoch: 17, Step: 1856
2018-02-27 23:12:03,175 seq2seq.trainer.supervised_trainer INFO     Progress: 22%, Train Perplexity: 0.5591
2018-02-27 23:12:05,290 seq2seq.trainer.supervised_trainer INFO     Progress: 23%, Train Perplexity: 0.6266
2018-02-27 23:12:06,969 seq2seq.trainer.supervised_trainer INFO     Progress: 23%, Train Perplexity: 0.5723
2018-02-27 23:12:08,502 seq2seq.trainer.supervised_trainer INFO     Progress: 23%, Train Perplexity: 0.6051
2018-02-27 23:12:10,083 seq2seq.trainer.supervised_trainer INFO     Progress: 23%, Train Perplexity: 0.5348
2018-02-27 23:12:11,380 seq2seq.trainer.supervised_trainer INFO     Progress: 24%, Train Perplexity: 0.6362
2018-02-27 23:12:12,871 seq2seq.trainer.supervised_trainer INFO     Finished epoch 17: Train Perplexity: 0.5855, Dev Perplexity: 0.9896, Accuracy: 0.9941, Sequence Accuracy: 0.9829, Variance: 0.7753
2018-02-27 23:12:12,871 seq2seq.trainer.supervised_trainer DEBUG    Epoch: 18, Step: 1972
2018-02-27 23:12:13,575 seq2seq.trainer.supervised_trainer INFO     Progress: 24%, Train Perplexity: 0.5773
2018-02-27 23:12:15,356 seq2seq.trainer.supervised_trainer INFO     Progress: 24%, Train Perplexity: 0.6010
2018-02-27 23:12:16,884 seq2seq.trainer.supervised_trainer INFO     Progress: 24%, Train Perplexity: 0.5119
2018-02-27 23:12:18,347 seq2seq.trainer.supervised_trainer INFO     Progress: 25%, Train Perplexity: 0.6085
2018-02-27 23:12:19,733 seq2seq.trainer.supervised_trainer INFO     Progress: 25%, Train Perplexity: 0.5211
2018-02-27 23:12:21,696 seq2seq.trainer.supervised_trainer INFO     Progress: 25%, Train Perplexity: 0.6657
2018-02-27 23:12:23,091 seq2seq.trainer.supervised_trainer INFO     Finished epoch 18: Train Perplexity: 0.5836, Dev Perplexity: 0.9779, Accuracy: 0.9963, Sequence Accuracy: 0.9780, Variance: 0.7719
2018-02-27 23:12:23,091 seq2seq.trainer.supervised_trainer DEBUG    Epoch: 19, Step: 2088
2018-02-27 23:12:23,915 seq2seq.trainer.supervised_trainer INFO     Progress: 25%, Train Perplexity: 0.5152
2018-02-27 23:12:25,251 seq2seq.trainer.supervised_trainer INFO     Progress: 26%, Train Perplexity: 0.5737
2018-02-27 23:12:26,638 seq2seq.trainer.supervised_trainer DEBUG    Saved checkpoint var_0.78_acc_1.00_seq_acc_0.99_ppl_0.97_s2128
2018-02-27 23:12:27,690 seq2seq.trainer.supervised_trainer INFO     Progress: 26%, Train Perplexity: 0.6037
2018-02-27 23:12:29,262 seq2seq.trainer.supervised_trainer INFO     Progress: 26%, Train Perplexity: 0.6231
2018-02-27 23:12:30,828 seq2seq.trainer.supervised_trainer INFO     Progress: 26%, Train Perplexity: 0.5734
2018-02-27 23:12:32,416 seq2seq.trainer.supervised_trainer INFO     Progress: 27%, Train Perplexity: 0.5949
2018-02-27 23:12:33,381 seq2seq.trainer.supervised_trainer INFO     Finished epoch 19: Train Perplexity: 0.5745, Dev Perplexity: 1.0401, Accuracy: 0.9803, Sequence Accuracy: 0.9144, Variance: 0.7676
2018-02-27 23:12:33,381 seq2seq.trainer.supervised_trainer DEBUG    Epoch: 20, Step: 2204
2018-02-27 23:12:34,641 seq2seq.trainer.supervised_trainer INFO     Progress: 27%, Train Perplexity: 0.4908
2018-02-27 23:12:36,086 seq2seq.trainer.supervised_trainer INFO     Progress: 27%, Train Perplexity: 0.5960
2018-02-27 23:12:37,787 seq2seq.trainer.supervised_trainer INFO     Progress: 27%, Train Perplexity: 0.6274
2018-02-27 23:12:40,005 seq2seq.trainer.supervised_trainer INFO     Progress: 28%, Train Perplexity: 0.5858
2018-02-27 23:12:41,678 seq2seq.trainer.supervised_trainer INFO     Progress: 28%, Train Perplexity: 0.6032
2018-02-27 23:12:43,055 seq2seq.trainer.supervised_trainer INFO     Progress: 28%, Train Perplexity: 0.5274
2018-02-27 23:12:43,741 seq2seq.trainer.supervised_trainer INFO     Finished epoch 20: Train Perplexity: 0.5782, Dev Perplexity: 0.9852, Accuracy: 0.9962, Sequence Accuracy: 0.9865, Variance: 0.7745
2018-02-27 23:12:43,741 seq2seq.trainer.supervised_trainer DEBUG    Epoch: 21, Step: 2320
2018-02-27 23:12:45,263 seq2seq.trainer.supervised_trainer INFO     Progress: 28%, Train Perplexity: 0.5657
2018-02-27 23:12:46,865 seq2seq.trainer.supervised_trainer INFO     Progress: 29%, Train Perplexity: 0.6062
2018-02-27 23:12:48,304 seq2seq.trainer.supervised_trainer INFO     Progress: 29%, Train Perplexity: 0.5758
2018-02-27 23:12:50,420 seq2seq.trainer.supervised_trainer INFO     Progress: 29%, Train Perplexity: 0.6411
2018-02-27 23:12:51,575 seq2seq.trainer.supervised_trainer INFO     Progress: 29%, Train Perplexity: 0.5078
2018-02-27 23:12:53,724 seq2seq.trainer.supervised_trainer INFO     Finished epoch 21: Train Perplexity: 0.5774, Dev Perplexity: 0.9741, Accuracy: 0.9973, Sequence Accuracy: 0.9914, Variance: 0.7725
2018-02-27 23:12:53,724 seq2seq.trainer.supervised_trainer DEBUG    Epoch: 22, Step: 2436
2018-02-27 23:12:54,083 seq2seq.trainer.supervised_trainer INFO     Progress: 30%, Train Perplexity: 0.5668
2018-02-27 23:12:55,779 seq2seq.trainer.supervised_trainer INFO     Progress: 30%, Train Perplexity: 0.5737
2018-02-27 23:12:57,421 seq2seq.trainer.supervised_trainer INFO     Progress: 30%, Train Perplexity: 0.6149
2018-02-27 23:12:58,880 seq2seq.trainer.supervised_trainer INFO     Progress: 30%, Train Perplexity: 0.5548
2018-02-27 23:13:00,439 seq2seq.trainer.supervised_trainer INFO     Progress: 31%, Train Perplexity: 0.5676
2018-02-27 23:13:02,771 seq2seq.trainer.supervised_trainer INFO     Progress: 31%, Train Perplexity: 0.6143
2018-02-27 23:13:04,408 seq2seq.trainer.supervised_trainer INFO     Finished epoch 22: Train Perplexity: 0.5801, Dev Perplexity: 0.9781, Accuracy: 0.9966, Sequence Accuracy: 0.9908, Variance: 0.7741
2018-02-27 23:13:04,409 seq2seq.trainer.supervised_trainer DEBUG    Epoch: 23, Step: 2552
2018-02-27 23:13:05,063 seq2seq.trainer.supervised_trainer INFO     Progress: 31%, Train Perplexity: 0.5901
2018-02-27 23:13:06,662 seq2seq.trainer.supervised_trainer INFO     Progress: 31%, Train Perplexity: 0.5583
2018-02-27 23:13:07,967 seq2seq.trainer.supervised_trainer INFO     Progress: 32%, Train Perplexity: 0.5290
2018-02-27 23:13:09,496 seq2seq.trainer.supervised_trainer INFO     Progress: 32%, Train Perplexity: 0.6095
2018-02-27 23:13:11,042 seq2seq.trainer.supervised_trainer INFO     Progress: 32%, Train Perplexity: 0.5768
2018-02-27 23:13:12,705 seq2seq.trainer.supervised_trainer INFO     Progress: 32%, Train Perplexity: 0.5822
2018-02-27 23:13:14,777 seq2seq.trainer.supervised_trainer INFO     Finished epoch 23: Train Perplexity: 0.5754, Dev Perplexity: 0.9840, Accuracy: 0.9953, Sequence Accuracy: 0.9847, Variance: 0.7758
2018-02-27 23:13:14,778 seq2seq.trainer.supervised_trainer DEBUG    Epoch: 24, Step: 2668
2018-02-27 23:13:15,955 seq2seq.trainer.supervised_trainer INFO     Progress: 33%, Train Perplexity: 0.5459
2018-02-27 23:13:17,429 seq2seq.trainer.supervised_trainer INFO     Progress: 33%, Train Perplexity: 0.5789
2018-02-27 23:13:19,017 seq2seq.trainer.supervised_trainer INFO     Progress: 33%, Train Perplexity: 0.5989
2018-02-27 23:13:20,640 seq2seq.trainer.supervised_trainer INFO     Progress: 33%, Train Perplexity: 0.5226
2018-02-27 23:13:22,292 seq2seq.trainer.supervised_trainer INFO     Progress: 33%, Train Perplexity: 0.6074
2018-02-27 23:13:23,934 seq2seq.trainer.supervised_trainer INFO     Progress: 34%, Train Perplexity: 0.5712
2018-02-27 23:13:25,020 seq2seq.trainer.supervised_trainer INFO     Finished epoch 24: Train Perplexity: 0.5744, Dev Perplexity: 0.9637, Accuracy: 0.9995, Sequence Accuracy: 0.9963, Variance: 0.7771
2018-02-27 23:13:25,020 seq2seq.trainer.supervised_trainer DEBUG    Epoch: 25, Step: 2784
2018-02-27 23:13:26,778 seq2seq.trainer.supervised_trainer INFO     Progress: 34%, Train Perplexity: 0.5740
2018-02-27 23:13:28,162 seq2seq.trainer.supervised_trainer INFO     Progress: 34%, Train Perplexity: 0.5222
2018-02-27 23:13:29,525 seq2seq.trainer.supervised_trainer INFO     Progress: 34%, Train Perplexity: 0.5371
2018-02-27 23:13:31,177 seq2seq.trainer.supervised_trainer INFO     Progress: 35%, Train Perplexity: 0.6412
2018-02-27 23:13:33,025 seq2seq.trainer.supervised_trainer INFO     Progress: 35%, Train Perplexity: 0.6227
2018-02-27 23:13:34,536 seq2seq.trainer.supervised_trainer INFO     Progress: 35%, Train Perplexity: 0.5208
2018-02-27 23:13:35,218 seq2seq.trainer.supervised_trainer INFO     Finished epoch 25: Train Perplexity: 0.5682, Dev Perplexity: 0.9804, Accuracy: 0.9961, Sequence Accuracy: 0.9896, Variance: 0.7736
2018-02-27 23:13:35,219 seq2seq.trainer.supervised_trainer DEBUG    Epoch: 26, Step: 2900
2018-02-27 23:13:36,861 seq2seq.trainer.supervised_trainer INFO     Progress: 35%, Train Perplexity: 0.5253
2018-02-27 23:13:38,829 seq2seq.trainer.supervised_trainer INFO     Progress: 36%, Train Perplexity: 0.5308
2018-02-27 23:13:40,652 seq2seq.trainer.supervised_trainer INFO     Progress: 36%, Train Perplexity: 0.5684
2018-02-27 23:13:42,205 seq2seq.trainer.supervised_trainer INFO     Progress: 36%, Train Perplexity: 0.5989
2018-02-27 23:13:43,701 seq2seq.trainer.supervised_trainer INFO     Progress: 36%, Train Perplexity: 0.6384
2018-02-27 23:13:45,716 seq2seq.trainer.supervised_trainer INFO     Finished epoch 26: Train Perplexity: 0.5711, Dev Perplexity: 0.9675, Accuracy: 0.9987, Sequence Accuracy: 0.9933, Variance: 0.7738
2018-02-27 23:13:45,716 seq2seq.trainer.supervised_trainer DEBUG    Epoch: 27, Step: 3016
2018-02-27 23:13:46,103 seq2seq.trainer.supervised_trainer INFO     Progress: 37%, Train Perplexity: 0.5809
2018-02-27 23:13:47,558 seq2seq.trainer.supervised_trainer INFO     Progress: 37%, Train Perplexity: 0.5770
2018-02-27 23:13:49,748 seq2seq.trainer.supervised_trainer INFO     Progress: 37%, Train Perplexity: 0.5950
2018-02-27 23:13:51,076 seq2seq.trainer.supervised_trainer INFO     Progress: 37%, Train Perplexity: 0.5634
2018-02-27 23:13:52,426 seq2seq.trainer.supervised_trainer INFO     Progress: 38%, Train Perplexity: 0.5275
2018-02-27 23:13:53,993 seq2seq.trainer.supervised_trainer INFO     Progress: 38%, Train Perplexity: 0.5971
2018-02-27 23:13:55,791 seq2seq.trainer.supervised_trainer INFO     Finished epoch 27: Train Perplexity: 0.5750, Dev Perplexity: 0.9667, Accuracy: 0.9983, Sequence Accuracy: 0.9859, Variance: 0.7746
2018-02-27 23:13:55,792 seq2seq.trainer.supervised_trainer DEBUG    Epoch: 28, Step: 3132
2018-02-27 23:13:56,385 seq2seq.trainer.supervised_trainer INFO     Progress: 38%, Train Perplexity: 0.5353
2018-02-27 23:13:58,153 seq2seq.trainer.supervised_trainer INFO     Progress: 38%, Train Perplexity: 0.5372
2018-02-27 23:14:00,074 seq2seq.trainer.supervised_trainer INFO     Progress: 39%, Train Perplexity: 0.6066
2018-02-27 23:14:01,839 seq2seq.trainer.supervised_trainer DEBUG    Saved checkpoint var_0.78_acc_1.00_seq_acc_0.99_ppl_0.96_s3192
2018-02-27 23:14:02,621 seq2seq.trainer.supervised_trainer INFO     Progress: 39%, Train Perplexity: 0.5776
2018-02-27 23:14:03,935 seq2seq.trainer.supervised_trainer INFO     Progress: 39%, Train Perplexity: 0.6242
2018-02-27 23:14:05,409 seq2seq.trainer.supervised_trainer INFO     Progress: 39%, Train Perplexity: 0.5185
2018-02-27 23:14:06,656 seq2seq.trainer.supervised_trainer INFO     Finished epoch 28: Train Perplexity: 0.5697, Dev Perplexity: 1.0106, Accuracy: 0.9941, Sequence Accuracy: 0.9749, Variance: 0.7713
2018-02-27 23:14:06,656 seq2seq.trainer.supervised_trainer DEBUG    Epoch: 29, Step: 3248
2018-02-27 23:14:07,562 seq2seq.trainer.supervised_trainer INFO     Progress: 40%, Train Perplexity: 0.5942
2018-02-27 23:14:09,091 seq2seq.trainer.supervised_trainer INFO     Progress: 40%, Train Perplexity: 0.5526
2018-02-27 23:14:10,891 seq2seq.trainer.supervised_trainer INFO     Progress: 40%, Train Perplexity: 0.5985
2018-02-27 23:14:12,690 seq2seq.trainer.supervised_trainer INFO     Progress: 40%, Train Perplexity: 0.6289
2018-02-27 23:14:14,806 seq2seq.trainer.supervised_trainer INFO     Progress: 41%, Train Perplexity: 0.5178
2018-02-27 23:14:16,605 seq2seq.trainer.supervised_trainer INFO     Progress: 41%, Train Perplexity: 0.5634
2018-02-27 23:14:17,642 seq2seq.trainer.supervised_trainer INFO     Finished epoch 29: Train Perplexity: 0.5721, Dev Perplexity: 0.9697, Accuracy: 0.9985, Sequence Accuracy: 0.9920, Variance: 0.7733
2018-02-27 23:14:17,642 seq2seq.trainer.supervised_trainer DEBUG    Epoch: 30, Step: 3364
2018-02-27 23:14:18,945 seq2seq.trainer.supervised_trainer INFO     Progress: 41%, Train Perplexity: 0.5495
2018-02-27 23:14:20,289 seq2seq.trainer.supervised_trainer INFO     Progress: 41%, Train Perplexity: 0.6141
2018-02-27 23:14:21,716 seq2seq.trainer.supervised_trainer INFO     Progress: 42%, Train Perplexity: 0.5685
2018-02-27 23:14:23,301 seq2seq.trainer.supervised_trainer INFO     Progress: 42%, Train Perplexity: 0.5983
2018-02-27 23:14:25,139 seq2seq.trainer.supervised_trainer DEBUG    Saved checkpoint var_0.78_acc_1.00_seq_acc_1.00_ppl_0.96_s3458
2018-02-27 23:14:25,528 seq2seq.trainer.supervised_trainer INFO     Progress: 42%, Train Perplexity: 0.5145
2018-02-27 23:14:27,276 seq2seq.trainer.supervised_trainer INFO     Progress: 42%, Train Perplexity: 0.5832
2018-02-27 23:14:27,955 seq2seq.trainer.supervised_trainer INFO     Finished epoch 30: Train Perplexity: 0.5717, Dev Perplexity: 0.9606, Accuracy: 1.0000, Sequence Accuracy: 1.0000, Variance: 0.7811
2018-02-27 23:14:27,955 seq2seq.trainer.supervised_trainer DEBUG    Epoch: 31, Step: 3480
2018-02-27 23:14:29,643 seq2seq.trainer.supervised_trainer INFO     Progress: 43%, Train Perplexity: 0.5398
2018-02-27 23:14:31,204 seq2seq.trainer.supervised_trainer INFO     Progress: 43%, Train Perplexity: 0.5646
2018-02-27 23:14:32,935 seq2seq.trainer.supervised_trainer INFO     Progress: 43%, Train Perplexity: 0.6146
2018-02-27 23:14:34,684 seq2seq.trainer.supervised_trainer INFO     Progress: 43%, Train Perplexity: 0.5802
2018-02-27 23:14:36,367 seq2seq.trainer.supervised_trainer INFO     Progress: 44%, Train Perplexity: 0.5709
2018-02-27 23:14:38,969 seq2seq.trainer.supervised_trainer INFO     Finished epoch 31: Train Perplexity: 0.5724, Dev Perplexity: 0.9628, Accuracy: 0.9997, Sequence Accuracy: 0.9963, Variance: 0.7737
2018-02-27 23:14:38,969 seq2seq.trainer.supervised_trainer DEBUG    Epoch: 32, Step: 3596
2018-02-27 23:14:39,200 seq2seq.trainer.supervised_trainer INFO     Progress: 44%, Train Perplexity: 0.5354
2018-02-27 23:14:40,931 seq2seq.trainer.supervised_trainer INFO     Progress: 44%, Train Perplexity: 0.6328
2018-02-27 23:14:42,360 seq2seq.trainer.supervised_trainer INFO     Progress: 44%, Train Perplexity: 0.5776
2018-02-27 23:14:43,892 seq2seq.trainer.supervised_trainer INFO     Progress: 45%, Train Perplexity: 0.5088
2018-02-27 23:14:45,670 seq2seq.trainer.supervised_trainer INFO     Progress: 45%, Train Perplexity: 0.6131
2018-02-27 23:14:47,154 seq2seq.trainer.supervised_trainer INFO     Progress: 45%, Train Perplexity: 0.5398
2018-02-27 23:14:48,934 seq2seq.trainer.supervised_trainer INFO     Finished epoch 32: Train Perplexity: 0.5713, Dev Perplexity: 0.9773, Accuracy: 0.9980, Sequence Accuracy: 0.9933, Variance: 0.7730
2018-02-27 23:14:48,935 seq2seq.trainer.supervised_trainer DEBUG    Epoch: 33, Step: 3712
2018-02-27 23:14:49,729 seq2seq.trainer.supervised_trainer INFO     Progress: 45%, Train Perplexity: 0.5787
2018-02-27 23:14:52,092 seq2seq.trainer.supervised_trainer INFO     Progress: 46%, Train Perplexity: 0.5721
2018-02-27 23:14:53,539 seq2seq.trainer.supervised_trainer INFO     Progress: 46%, Train Perplexity: 0.5967
2018-02-27 23:14:55,245 seq2seq.trainer.supervised_trainer INFO     Progress: 46%, Train Perplexity: 0.5812
2018-02-27 23:14:56,639 seq2seq.trainer.supervised_trainer INFO     Progress: 46%, Train Perplexity: 0.5599
2018-02-27 23:14:58,387 seq2seq.trainer.supervised_trainer INFO     Progress: 47%, Train Perplexity: 0.5257
2018-02-27 23:14:59,722 seq2seq.trainer.supervised_trainer INFO     Finished epoch 33: Train Perplexity: 0.5682, Dev Perplexity: 0.9638, Accuracy: 0.9993, Sequence Accuracy: 0.9945, Variance: 0.7742
2018-02-27 23:14:59,722 seq2seq.trainer.supervised_trainer DEBUG    Epoch: 34, Step: 3828
2018-02-27 23:15:00,760 seq2seq.trainer.supervised_trainer INFO     Progress: 47%, Train Perplexity: 0.5903
2018-02-27 23:15:02,761 seq2seq.trainer.supervised_trainer INFO     Progress: 47%, Train Perplexity: 0.6118
2018-02-27 23:15:04,590 seq2seq.trainer.supervised_trainer INFO     Progress: 47%, Train Perplexity: 0.5731
2018-02-27 23:15:06,179 seq2seq.trainer.supervised_trainer INFO     Progress: 48%, Train Perplexity: 0.5695
2018-02-27 23:15:07,457 seq2seq.trainer.supervised_trainer INFO     Progress: 48%, Train Perplexity: 0.4843
2018-02-27 23:15:08,930 seq2seq.trainer.supervised_trainer INFO     Progress: 48%, Train Perplexity: 0.5761
2018-02-27 23:15:09,999 seq2seq.trainer.supervised_trainer INFO     Finished epoch 34: Train Perplexity: 0.5674, Dev Perplexity: 0.9733, Accuracy: 0.9975, Sequence Accuracy: 0.9780, Variance: 0.7770
2018-02-27 23:15:09,999 seq2seq.trainer.supervised_trainer DEBUG    Epoch: 35, Step: 3944
2018-02-27 23:15:11,119 seq2seq.trainer.supervised_trainer INFO     Progress: 48%, Train Perplexity: 0.5799
2018-02-27 23:15:12,683 seq2seq.trainer.supervised_trainer INFO     Progress: 49%, Train Perplexity: 0.5638
2018-02-27 23:15:15,102 seq2seq.trainer.supervised_trainer INFO     Progress: 49%, Train Perplexity: 0.5262
2018-02-27 23:15:16,506 seq2seq.trainer.supervised_trainer INFO     Progress: 49%, Train Perplexity: 0.5719
2018-02-27 23:15:17,942 seq2seq.trainer.supervised_trainer INFO     Progress: 49%, Train Perplexity: 0.5925
2018-02-27 23:15:19,432 seq2seq.trainer.supervised_trainer INFO     Progress: 50%, Train Perplexity: 0.5814
2018-02-27 23:15:20,119 seq2seq.trainer.supervised_trainer INFO     Finished epoch 35: Train Perplexity: 0.5678, Dev Perplexity: 0.9673, Accuracy: 0.9992, Sequence Accuracy: 0.9945, Variance: 0.7744
2018-02-27 23:15:20,119 seq2seq.trainer.supervised_trainer DEBUG    Epoch: 36, Step: 4060
2018-02-27 23:15:21,892 seq2seq.trainer.supervised_trainer INFO     Progress: 50%, Train Perplexity: 0.5750
2018-02-27 23:15:23,534 seq2seq.trainer.supervised_trainer INFO     Progress: 50%, Train Perplexity: 0.5785
2018-02-27 23:15:25,219 seq2seq.trainer.supervised_trainer INFO     Progress: 50%, Train Perplexity: 0.5255
2018-02-27 23:15:26,071 seq2seq.trainer.supervised_trainer DEBUG    Saved checkpoint var_0.77_acc_1.00_seq_acc_1.00_ppl_0.96_s4123
2018-02-27 23:15:27,615 seq2seq.trainer.supervised_trainer INFO     Progress: 50%, Train Perplexity: 0.6111
2018-02-27 23:15:28,856 seq2seq.trainer.supervised_trainer INFO     Progress: 51%, Train Perplexity: 0.5576
2018-02-27 23:15:30,626 seq2seq.trainer.supervised_trainer INFO     Finished epoch 36: Train Perplexity: 0.5670, Dev Perplexity: 0.9609, Accuracy: 1.0000, Sequence Accuracy: 1.0000, Variance: 0.7744
2018-02-27 23:15:30,626 seq2seq.trainer.supervised_trainer DEBUG    Epoch: 37, Step: 4176
2018-02-27 23:15:31,032 seq2seq.trainer.supervised_trainer INFO     Progress: 51%, Train Perplexity: 0.5828
2018-02-27 23:15:32,428 seq2seq.trainer.supervised_trainer INFO     Progress: 51%, Train Perplexity: 0.5024
2018-02-27 23:15:34,203 seq2seq.trainer.supervised_trainer INFO     Progress: 51%, Train Perplexity: 0.6341
2018-02-27 23:15:35,673 seq2seq.trainer.supervised_trainer INFO     Progress: 52%, Train Perplexity: 0.5261
2018-02-27 23:15:37,790 seq2seq.trainer.supervised_trainer INFO     Progress: 52%, Train Perplexity: 0.5772
2018-02-27 23:15:39,283 seq2seq.trainer.supervised_trainer INFO     Progress: 52%, Train Perplexity: 0.6066
2018-02-27 23:15:40,956 seq2seq.trainer.supervised_trainer INFO     Finished epoch 37: Train Perplexity: 0.5675, Dev Perplexity: 0.9609, Accuracy: 1.0000, Sequence Accuracy: 1.0000, Variance: 0.7744
2018-02-27 23:15:40,956 seq2seq.trainer.supervised_trainer DEBUG    Epoch: 38, Step: 4292
2018-02-27 23:15:41,814 seq2seq.trainer.supervised_trainer INFO     Progress: 52%, Train Perplexity: 0.5481
2018-02-27 23:15:43,382 seq2seq.trainer.supervised_trainer INFO     Progress: 53%, Train Perplexity: 0.5448
2018-02-27 23:15:44,906 seq2seq.trainer.supervised_trainer INFO     Progress: 53%, Train Perplexity: 0.5843
2018-02-27 23:15:46,531 seq2seq.trainer.supervised_trainer INFO     Progress: 53%, Train Perplexity: 0.5742
2018-02-27 23:15:48,035 seq2seq.trainer.supervised_trainer INFO     Progress: 53%, Train Perplexity: 0.5475
2018-02-27 23:15:50,164 seq2seq.trainer.supervised_trainer INFO     Progress: 54%, Train Perplexity: 0.5799
2018-02-27 23:15:51,403 seq2seq.trainer.supervised_trainer INFO     Finished epoch 38: Train Perplexity: 0.5682, Dev Perplexity: 0.9625, Accuracy: 0.9997, Sequence Accuracy: 0.9969, Variance: 0.7742
2018-02-27 23:15:51,403 seq2seq.trainer.supervised_trainer DEBUG    Epoch: 39, Step: 4408
2018-02-27 23:15:52,504 seq2seq.trainer.supervised_trainer INFO     Progress: 54%, Train Perplexity: 0.5763
2018-02-27 23:15:53,837 seq2seq.trainer.supervised_trainer INFO     Progress: 54%, Train Perplexity: 0.5582
2018-02-27 23:15:55,354 seq2seq.trainer.supervised_trainer INFO     Progress: 54%, Train Perplexity: 0.5313
2018-02-27 23:15:56,661 seq2seq.trainer.supervised_trainer INFO     Progress: 55%, Train Perplexity: 0.5513
2018-02-27 23:15:58,276 seq2seq.trainer.supervised_trainer INFO     Progress: 55%, Train Perplexity: 0.6148
2018-02-27 23:15:59,950 seq2seq.trainer.supervised_trainer INFO     Progress: 55%, Train Perplexity: 0.5755
2018-02-27 23:16:00,727 seq2seq.trainer.supervised_trainer DEBUG    Saved checkpoint var_0.77_acc_1.00_seq_acc_1.00_ppl_0.96_s4522
2018-02-27 23:16:01,728 seq2seq.trainer.supervised_trainer INFO     Finished epoch 39: Train Perplexity: 0.5657, Dev Perplexity: 0.9609, Accuracy: 1.0000, Sequence Accuracy: 1.0000, Variance: 0.7744
2018-02-27 23:16:01,728 seq2seq.trainer.supervised_trainer DEBUG    Epoch: 40, Step: 4524
2018-02-27 23:16:03,003 seq2seq.trainer.supervised_trainer INFO     Progress: 55%, Train Perplexity: 0.5692
2018-02-27 23:16:04,691 seq2seq.trainer.supervised_trainer INFO     Progress: 56%, Train Perplexity: 0.5774
2018-02-27 23:16:06,063 seq2seq.trainer.supervised_trainer INFO     Progress: 56%, Train Perplexity: 0.5229
2018-02-27 23:16:07,914 seq2seq.trainer.supervised_trainer INFO     Progress: 56%, Train Perplexity: 0.6209
2018-02-27 23:16:09,336 seq2seq.trainer.supervised_trainer INFO     Progress: 56%, Train Perplexity: 0.5135
2018-02-27 23:16:10,951 seq2seq.trainer.supervised_trainer INFO     Progress: 57%, Train Perplexity: 0.5683
2018-02-27 23:16:11,636 seq2seq.trainer.supervised_trainer INFO     Finished epoch 40: Train Perplexity: 0.5653, Dev Perplexity: 0.9609, Accuracy: 1.0000, Sequence Accuracy: 1.0000, Variance: 0.7743
2018-02-27 23:16:11,636 seq2seq.trainer.supervised_trainer DEBUG    Epoch: 41, Step: 4640
2018-02-27 23:16:13,378 seq2seq.trainer.supervised_trainer DEBUG    Saved checkpoint var_0.77_acc_1.00_seq_acc_1.00_ppl_0.96_s4655
2018-02-27 23:16:13,917 seq2seq.trainer.supervised_trainer INFO     Progress: 57%, Train Perplexity: 0.5528
2018-02-27 23:16:15,155 seq2seq.trainer.supervised_trainer INFO     Progress: 57%, Train Perplexity: 0.5565
2018-02-27 23:16:16,667 seq2seq.trainer.supervised_trainer INFO     Progress: 57%, Train Perplexity: 0.6091
2018-02-27 23:16:18,266 seq2seq.trainer.supervised_trainer INFO     Progress: 58%, Train Perplexity: 0.5600
2018-02-27 23:16:19,876 seq2seq.trainer.supervised_trainer INFO     Progress: 58%, Train Perplexity: 0.5583
2018-02-27 23:16:21,717 seq2seq.trainer.supervised_trainer INFO     Finished epoch 41: Train Perplexity: 0.5653, Dev Perplexity: 0.9666, Accuracy: 0.9995, Sequence Accuracy: 0.9994, Variance: 0.7744
2018-02-27 23:16:21,717 seq2seq.trainer.supervised_trainer DEBUG    Epoch: 42, Step: 4756
2018-02-27 23:16:22,106 seq2seq.trainer.supervised_trainer INFO     Progress: 58%, Train Perplexity: 0.5683
2018-02-27 23:16:23,645 seq2seq.trainer.supervised_trainer INFO     Progress: 58%, Train Perplexity: 0.5520
2018-02-27 23:16:25,789 seq2seq.trainer.supervised_trainer INFO     Progress: 59%, Train Perplexity: 0.5984
2018-02-27 23:16:27,325 seq2seq.trainer.supervised_trainer INFO     Progress: 59%, Train Perplexity: 0.5990
2018-02-27 23:16:28,750 seq2seq.trainer.supervised_trainer INFO     Progress: 59%, Train Perplexity: 0.5176
2018-02-27 23:16:30,145 seq2seq.trainer.supervised_trainer INFO     Progress: 59%, Train Perplexity: 0.5277
2018-02-27 23:16:31,667 seq2seq.trainer.supervised_trainer INFO     Finished epoch 42: Train Perplexity: 0.5645, Dev Perplexity: 0.9621, Accuracy: 0.9998, Sequence Accuracy: 0.9982, Variance: 0.7744
2018-02-27 23:16:31,667 seq2seq.trainer.supervised_trainer DEBUG    Epoch: 43, Step: 4872
2018-02-27 23:16:32,389 seq2seq.trainer.supervised_trainer INFO     Progress: 60%, Train Perplexity: 0.6092
2018-02-27 23:16:34,191 seq2seq.trainer.supervised_trainer INFO     Progress: 60%, Train Perplexity: 0.5841
2018-02-27 23:16:35,539 seq2seq.trainer.supervised_trainer INFO     Progress: 60%, Train Perplexity: 0.5557
2018-02-27 23:16:36,296 seq2seq.trainer.supervised_trainer DEBUG    Saved checkpoint var_0.77_acc_1.00_seq_acc_1.00_ppl_0.96_s4921
2018-02-27 23:16:38,139 seq2seq.trainer.supervised_trainer INFO     Progress: 60%, Train Perplexity: 0.5840
2018-02-27 23:16:39,781 seq2seq.trainer.supervised_trainer INFO     Progress: 61%, Train Perplexity: 0.6137
2018-02-27 23:16:41,018 seq2seq.trainer.supervised_trainer INFO     Progress: 61%, Train Perplexity: 0.4671
2018-02-27 23:16:42,355 seq2seq.trainer.supervised_trainer INFO     Finished epoch 43: Train Perplexity: 0.5657, Dev Perplexity: 0.9622, Accuracy: 0.9997, Sequence Accuracy: 0.9963, Variance: 0.7744
2018-02-27 23:16:42,355 seq2seq.trainer.supervised_trainer DEBUG    Epoch: 44, Step: 4988
2018-02-27 23:16:43,488 seq2seq.trainer.supervised_trainer INFO     Progress: 61%, Train Perplexity: 0.5579
2018-02-27 23:16:45,019 seq2seq.trainer.supervised_trainer INFO     Progress: 61%, Train Perplexity: 0.6033
2018-02-27 23:16:46,561 seq2seq.trainer.supervised_trainer INFO     Progress: 62%, Train Perplexity: 0.5461
2018-02-27 23:16:48,504 seq2seq.trainer.supervised_trainer INFO     Progress: 62%, Train Perplexity: 0.5177
2018-02-27 23:16:49,918 seq2seq.trainer.supervised_trainer INFO     Progress: 62%, Train Perplexity: 0.6149
2018-02-27 23:16:51,450 seq2seq.trainer.supervised_trainer INFO     Progress: 62%, Train Perplexity: 0.5421
2018-02-27 23:16:52,471 seq2seq.trainer.supervised_trainer INFO     Finished epoch 44: Train Perplexity: 0.5680, Dev Perplexity: 0.9610, Accuracy: 0.9999, Sequence Accuracy: 0.9994, Variance: 0.7744
2018-02-27 23:16:52,471 seq2seq.trainer.supervised_trainer DEBUG    Epoch: 45, Step: 5104
2018-02-27 23:16:53,980 seq2seq.trainer.supervised_trainer INFO     Progress: 63%, Train Perplexity: 0.6299
2018-02-27 23:16:55,441 seq2seq.trainer.supervised_trainer INFO     Progress: 63%, Train Perplexity: 0.5057
2018-02-27 23:16:56,961 seq2seq.trainer.supervised_trainer INFO     Progress: 63%, Train Perplexity: 0.5559
2018-02-27 23:16:58,481 seq2seq.trainer.supervised_trainer INFO     Progress: 63%, Train Perplexity: 0.6135
2018-02-27 23:17:00,753 seq2seq.trainer.supervised_trainer INFO     Progress: 64%, Train Perplexity: 0.5612
2018-02-27 23:17:02,617 seq2seq.trainer.supervised_trainer INFO     Progress: 64%, Train Perplexity: 0.5413
2018-02-27 23:17:03,301 seq2seq.trainer.supervised_trainer INFO     Finished epoch 45: Train Perplexity: 0.5647, Dev Perplexity: 0.9607, Accuracy: 0.9999, Sequence Accuracy: 0.9988, Variance: 0.7924
2018-02-27 23:17:03,301 seq2seq.trainer.supervised_trainer DEBUG    Epoch: 46, Step: 5220
2018-02-27 23:17:04,909 seq2seq.trainer.supervised_trainer INFO     Progress: 64%, Train Perplexity: 0.5241
2018-02-27 23:17:06,482 seq2seq.trainer.supervised_trainer INFO     Progress: 64%, Train Perplexity: 0.5802
2018-02-27 23:17:07,971 seq2seq.trainer.supervised_trainer INFO     Progress: 65%, Train Perplexity: 0.5466
2018-02-27 23:17:09,457 seq2seq.trainer.supervised_trainer INFO     Progress: 65%, Train Perplexity: 0.6130
2018-02-27 23:17:11,109 seq2seq.trainer.supervised_trainer INFO     Progress: 65%, Train Perplexity: 0.5746
2018-02-27 23:17:13,660 seq2seq.trainer.supervised_trainer INFO     Finished epoch 46: Train Perplexity: 0.5655, Dev Perplexity: 0.9599, Accuracy: 0.9999, Sequence Accuracy: 0.9994, Variance: 0.7964
2018-02-27 23:17:13,660 seq2seq.trainer.supervised_trainer DEBUG    Epoch: 47, Step: 5336
2018-02-27 23:17:13,961 seq2seq.trainer.supervised_trainer INFO     Progress: 65%, Train Perplexity: 0.5547
2018-02-27 23:17:15,730 seq2seq.trainer.supervised_trainer INFO     Progress: 66%, Train Perplexity: 0.5948
2018-02-27 23:17:17,473 seq2seq.trainer.supervised_trainer INFO     Progress: 66%, Train Perplexity: 0.5834
2018-02-27 23:17:18,991 seq2seq.trainer.supervised_trainer INFO     Progress: 66%, Train Perplexity: 0.5775
2018-02-27 23:17:20,337 seq2seq.trainer.supervised_trainer INFO     Progress: 66%, Train Perplexity: 0.5219
2018-02-27 23:17:21,823 seq2seq.trainer.supervised_trainer INFO     Progress: 66%, Train Perplexity: 0.5525
2018-02-27 23:17:23,672 seq2seq.trainer.supervised_trainer INFO     Finished epoch 47: Train Perplexity: 0.5641, Dev Perplexity: 0.9598, Accuracy: 1.0000, Sequence Accuracy: 1.0000, Variance: 0.7964
2018-02-27 23:17:23,672 seq2seq.trainer.supervised_trainer DEBUG    Epoch: 48, Step: 5452
2018-02-27 23:17:24,456 seq2seq.trainer.supervised_trainer DEBUG    Saved checkpoint var_0.80_acc_1.00_seq_acc_1.00_ppl_0.96_s5453
2018-02-27 23:17:25,308 seq2seq.trainer.supervised_trainer INFO     Progress: 67%, Train Perplexity: 0.6032
2018-02-27 23:17:26,738 seq2seq.trainer.supervised_trainer INFO     Progress: 67%, Train Perplexity: 0.5504
2018-02-27 23:17:28,154 seq2seq.trainer.supervised_trainer INFO     Progress: 67%, Train Perplexity: 0.5958
2018-02-27 23:17:29,713 seq2seq.trainer.supervised_trainer INFO     Progress: 67%, Train Perplexity: 0.5578
2018-02-27 23:17:31,150 seq2seq.trainer.supervised_trainer INFO     Progress: 68%, Train Perplexity: 0.5002
2018-02-27 23:17:32,090 seq2seq.trainer.supervised_trainer INFO     Progress: 68%, Train Perplexity: 0.5435
2018-02-27 23:17:33,373 seq2seq.trainer.supervised_trainer INFO     Finished epoch 48: Train Perplexity: 0.5611, Dev Perplexity: 0.9602, Accuracy: 0.9999, Sequence Accuracy: 0.9994, Variance: 0.7964
2018-02-27 23:17:33,373 seq2seq.trainer.supervised_trainer DEBUG    Epoch: 49, Step: 5568
2018-02-27 23:17:34,491 seq2seq.trainer.supervised_trainer INFO     Progress: 68%, Train Perplexity: 0.6170
2018-02-27 23:17:36,867 seq2seq.trainer.supervised_trainer INFO     Progress: 68%, Train Perplexity: 0.5896
2018-02-27 23:17:38,446 seq2seq.trainer.supervised_trainer INFO     Progress: 69%, Train Perplexity: 0.5805
2018-02-27 23:17:39,822 seq2seq.trainer.supervised_trainer INFO     Progress: 69%, Train Perplexity: 0.5281
2018-02-27 23:17:41,257 seq2seq.trainer.supervised_trainer INFO     Progress: 69%, Train Perplexity: 0.5363
2018-02-27 23:17:42,770 seq2seq.trainer.supervised_trainer INFO     Progress: 69%, Train Perplexity: 0.5177
2018-02-27 23:17:43,652 seq2seq.trainer.supervised_trainer INFO     Finished epoch 49: Train Perplexity: 0.5626, Dev Perplexity: 0.9602, Accuracy: 1.0000, Sequence Accuracy: 1.0000, Variance: 0.7890
2018-02-27 23:17:43,652 seq2seq.trainer.supervised_trainer DEBUG    Epoch: 50, Step: 5684
2018-02-27 23:17:45,002 seq2seq.trainer.supervised_trainer INFO     Progress: 70%, Train Perplexity: 0.5540
2018-02-27 23:17:47,216 seq2seq.trainer.supervised_trainer DEBUG    Saved checkpoint var_0.80_acc_1.00_seq_acc_1.00_ppl_0.96_s5719
2018-02-27 23:17:47,528 seq2seq.trainer.supervised_trainer INFO     Progress: 70%, Train Perplexity: 0.5707
2018-02-27 23:17:49,280 seq2seq.trainer.supervised_trainer INFO     Progress: 70%, Train Perplexity: 0.6022
2018-02-27 23:17:51,108 seq2seq.trainer.supervised_trainer INFO     Progress: 70%, Train Perplexity: 0.5597
2018-02-27 23:17:52,811 seq2seq.trainer.supervised_trainer INFO     Progress: 71%, Train Perplexity: 0.5473
2018-02-27 23:17:54,417 seq2seq.trainer.supervised_trainer INFO     Progress: 71%, Train Perplexity: 0.5441
2018-02-27 23:17:55,101 seq2seq.trainer.supervised_trainer INFO     Finished epoch 50: Train Perplexity: 0.5608, Dev Perplexity: 0.9599, Accuracy: 0.9999, Sequence Accuracy: 0.9994, Variance: 0.7964
2018-02-27 23:17:55,101 seq2seq.trainer.supervised_trainer DEBUG    Epoch: 51, Step: 5800
2018-02-27 23:17:56,654 seq2seq.trainer.supervised_trainer INFO     Progress: 71%, Train Perplexity: 0.5623
2018-02-27 23:17:58,131 seq2seq.trainer.supervised_trainer INFO     Progress: 71%, Train Perplexity: 0.5952
2018-02-27 23:18:00,239 seq2seq.trainer.supervised_trainer INFO     Progress: 72%, Train Perplexity: 0.4958
2018-02-27 23:18:01,997 seq2seq.trainer.supervised_trainer INFO     Progress: 72%, Train Perplexity: 0.6096
2018-02-27 23:18:03,537 seq2seq.trainer.supervised_trainer INFO     Progress: 72%, Train Perplexity: 0.5538
2018-02-27 23:18:05,473 seq2seq.trainer.supervised_trainer INFO     Finished epoch 51: Train Perplexity: 0.5610, Dev Perplexity: 0.9603, Accuracy: 0.9999, Sequence Accuracy: 0.9994, Variance: 0.7964
2018-02-27 23:18:05,473 seq2seq.trainer.supervised_trainer DEBUG    Epoch: 52, Step: 5916
2018-02-27 23:18:05,921 seq2seq.trainer.supervised_trainer INFO     Progress: 72%, Train Perplexity: 0.5509
2018-02-27 23:18:07,729 seq2seq.trainer.supervised_trainer INFO     Progress: 73%, Train Perplexity: 0.5997
2018-02-27 23:18:09,299 seq2seq.trainer.supervised_trainer INFO     Progress: 73%, Train Perplexity: 0.5659
2018-02-27 23:18:10,968 seq2seq.trainer.supervised_trainer INFO     Progress: 73%, Train Perplexity: 0.5233
2018-02-27 23:18:13,404 seq2seq.trainer.supervised_trainer INFO     Progress: 73%, Train Perplexity: 0.6280
2018-02-27 23:18:14,784 seq2seq.trainer.supervised_trainer INFO     Progress: 74%, Train Perplexity: 0.4941
2018-02-27 23:18:16,416 seq2seq.trainer.supervised_trainer INFO     Finished epoch 52: Train Perplexity: 0.5609, Dev Perplexity: 0.9599, Accuracy: 1.0000, Sequence Accuracy: 1.0000, Variance: 0.7957
2018-02-27 23:18:16,417 seq2seq.trainer.supervised_trainer DEBUG    Epoch: 53, Step: 6032
2018-02-27 23:18:16,994 seq2seq.trainer.supervised_trainer INFO     Progress: 74%, Train Perplexity: 0.5519
2018-02-27 23:18:18,857 seq2seq.trainer.supervised_trainer INFO     Progress: 74%, Train Perplexity: 0.5823
2018-02-27 23:18:20,416 seq2seq.trainer.supervised_trainer INFO     Progress: 74%, Train Perplexity: 0.5355
2018-02-27 23:18:21,989 seq2seq.trainer.supervised_trainer INFO     Progress: 75%, Train Perplexity: 0.5696
2018-02-27 23:18:24,075 seq2seq.trainer.supervised_trainer INFO     Progress: 75%, Train Perplexity: 0.5455
2018-02-27 23:18:25,485 seq2seq.trainer.supervised_trainer INFO     Progress: 75%, Train Perplexity: 0.6181
2018-02-27 23:18:26,742 seq2seq.trainer.supervised_trainer INFO     Finished epoch 53: Train Perplexity: 0.5652, Dev Perplexity: 0.9601, Accuracy: 0.9999, Sequence Accuracy: 0.9994, Variance: 0.7964
2018-02-27 23:18:26,743 seq2seq.trainer.supervised_trainer DEBUG    Epoch: 54, Step: 6148
2018-02-27 23:18:27,601 seq2seq.trainer.supervised_trainer INFO     Progress: 75%, Train Perplexity: 0.5030
2018-02-27 23:18:29,285 seq2seq.trainer.supervised_trainer INFO     Progress: 76%, Train Perplexity: 0.5703
2018-02-27 23:18:31,091 seq2seq.trainer.supervised_trainer INFO     Progress: 76%, Train Perplexity: 0.5789
2018-02-27 23:18:32,861 seq2seq.trainer.supervised_trainer INFO     Progress: 76%, Train Perplexity: 0.5840
2018-02-27 23:18:34,472 seq2seq.trainer.supervised_trainer INFO     Progress: 76%, Train Perplexity: 0.5603
2018-02-27 23:18:36,588 seq2seq.trainer.supervised_trainer INFO     Progress: 77%, Train Perplexity: 0.5606
2018-02-27 23:18:37,506 seq2seq.trainer.supervised_trainer INFO     Finished epoch 54: Train Perplexity: 0.5616, Dev Perplexity: 0.9602, Accuracy: 1.0000, Sequence Accuracy: 1.0000, Variance: 0.7886
2018-02-27 23:18:37,506 seq2seq.trainer.supervised_trainer DEBUG    Epoch: 55, Step: 6264
2018-02-27 23:18:38,897 seq2seq.trainer.supervised_trainer INFO     Progress: 77%, Train Perplexity: 0.5271
2018-02-27 23:18:40,573 seq2seq.trainer.supervised_trainer INFO     Progress: 77%, Train Perplexity: 0.5418
2018-02-27 23:18:42,151 seq2seq.trainer.supervised_trainer INFO     Progress: 77%, Train Perplexity: 0.5900
2018-02-27 23:18:43,690 seq2seq.trainer.supervised_trainer INFO     Progress: 78%, Train Perplexity: 0.5699
2018-02-27 23:18:45,403 seq2seq.trainer.supervised_trainer INFO     Progress: 78%, Train Perplexity: 0.5727
2018-02-27 23:18:46,956 seq2seq.trainer.supervised_trainer INFO     Progress: 78%, Train Perplexity: 0.5609
2018-02-27 23:18:47,648 seq2seq.trainer.supervised_trainer INFO     Finished epoch 55: Train Perplexity: 0.5618, Dev Perplexity: 0.9599, Accuracy: 1.0000, Sequence Accuracy: 1.0000, Variance: 0.7954
2018-02-27 23:18:47,648 seq2seq.trainer.supervised_trainer DEBUG    Epoch: 56, Step: 6380
2018-02-27 23:18:50,123 seq2seq.trainer.supervised_trainer INFO     Progress: 78%, Train Perplexity: 0.6085
2018-02-27 23:18:51,447 seq2seq.trainer.supervised_trainer INFO     Progress: 79%, Train Perplexity: 0.5387
2018-02-27 23:18:52,674 seq2seq.trainer.supervised_trainer INFO     Progress: 79%, Train Perplexity: 0.5991
2018-02-27 23:18:54,386 seq2seq.trainer.supervised_trainer INFO     Progress: 79%, Train Perplexity: 0.5932
2018-02-27 23:18:55,767 seq2seq.trainer.supervised_trainer INFO     Progress: 79%, Train Perplexity: 0.4716
2018-02-27 23:18:57,585 seq2seq.trainer.supervised_trainer INFO     Finished epoch 56: Train Perplexity: 0.5607, Dev Perplexity: 0.9612, Accuracy: 0.9998, Sequence Accuracy: 0.9976, Variance: 0.7956
2018-02-27 23:18:57,585 seq2seq.trainer.supervised_trainer DEBUG    Epoch: 57, Step: 6496
2018-02-27 23:18:57,952 seq2seq.trainer.supervised_trainer INFO     Progress: 80%, Train Perplexity: 0.5425
2018-02-27 23:18:59,890 seq2seq.trainer.supervised_trainer DEBUG    Saved checkpoint var_0.80_acc_1.00_seq_acc_1.00_ppl_0.96_s6517
2018-02-27 23:19:00,247 seq2seq.trainer.supervised_trainer INFO     Progress: 80%, Train Perplexity: 0.5949
2018-02-27 23:19:01,579 seq2seq.trainer.supervised_trainer INFO     Progress: 80%, Train Perplexity: 0.5400
2018-02-27 23:19:02,860 seq2seq.trainer.supervised_trainer INFO     Progress: 80%, Train Perplexity: 0.5556
2018-02-27 23:19:04,442 seq2seq.trainer.supervised_trainer INFO     Progress: 81%, Train Perplexity: 0.5121
2018-02-27 23:19:06,026 seq2seq.trainer.supervised_trainer INFO     Progress: 81%, Train Perplexity: 0.5964
2018-02-27 23:19:07,698 seq2seq.trainer.supervised_trainer INFO     Finished epoch 57: Train Perplexity: 0.5616, Dev Perplexity: 0.9598, Accuracy: 1.0000, Sequence Accuracy: 1.0000, Variance: 0.7964
2018-02-27 23:19:07,698 seq2seq.trainer.supervised_trainer DEBUG    Epoch: 58, Step: 6612
2018-02-27 23:19:08,297 seq2seq.trainer.supervised_trainer INFO     Progress: 81%, Train Perplexity: 0.6138
2018-02-27 23:19:09,805 seq2seq.trainer.supervised_trainer INFO     Progress: 81%, Train Perplexity: 0.6017
2018-02-27 23:19:11,648 seq2seq.trainer.supervised_trainer INFO     Progress: 82%, Train Perplexity: 0.5693
2018-02-27 23:19:13,222 seq2seq.trainer.supervised_trainer INFO     Progress: 82%, Train Perplexity: 0.5409
2018-02-27 23:19:14,538 seq2seq.trainer.supervised_trainer INFO     Progress: 82%, Train Perplexity: 0.5417
2018-02-27 23:19:15,966 seq2seq.trainer.supervised_trainer INFO     Progress: 82%, Train Perplexity: 0.5537
2018-02-27 23:19:17,284 seq2seq.trainer.supervised_trainer INFO     Finished epoch 58: Train Perplexity: 0.5613, Dev Perplexity: 0.9598, Accuracy: 1.0000, Sequence Accuracy: 1.0000, Variance: 0.7964
2018-02-27 23:19:17,284 seq2seq.trainer.supervised_trainer DEBUG    Epoch: 59, Step: 6728
2018-02-27 23:19:18,321 seq2seq.trainer.supervised_trainer INFO     Progress: 83%, Train Perplexity: 0.5152
2018-02-27 23:19:19,652 seq2seq.trainer.supervised_trainer INFO     Progress: 83%, Train Perplexity: 0.5256
2018-02-27 23:19:20,904 seq2seq.trainer.supervised_trainer INFO     Progress: 83%, Train Perplexity: 0.5814
2018-02-27 23:19:23,160 seq2seq.trainer.supervised_trainer INFO     Progress: 83%, Train Perplexity: 0.5783
2018-02-27 23:19:24,407 seq2seq.trainer.supervised_trainer INFO     Progress: 83%, Train Perplexity: 0.5675
2018-02-27 23:19:26,116 seq2seq.trainer.supervised_trainer INFO     Progress: 84%, Train Perplexity: 0.5781
2018-02-27 23:19:27,156 seq2seq.trainer.supervised_trainer INFO     Finished epoch 59: Train Perplexity: 0.5614, Dev Perplexity: 0.9599, Accuracy: 1.0000, Sequence Accuracy: 1.0000, Variance: 0.7953
2018-02-27 23:19:27,156 seq2seq.trainer.supervised_trainer DEBUG    Epoch: 60, Step: 6844
2018-02-27 23:19:28,618 seq2seq.trainer.supervised_trainer INFO     Progress: 84%, Train Perplexity: 0.5851
2018-02-27 23:19:29,988 seq2seq.trainer.supervised_trainer INFO     Progress: 84%, Train Perplexity: 0.5029
2018-02-27 23:19:31,662 seq2seq.trainer.supervised_trainer INFO     Progress: 84%, Train Perplexity: 0.4960
2018-02-27 23:19:34,041 seq2seq.trainer.supervised_trainer INFO     Progress: 85%, Train Perplexity: 0.5790
2018-02-27 23:19:35,475 seq2seq.trainer.supervised_trainer INFO     Progress: 85%, Train Perplexity: 0.6468
2018-02-27 23:19:37,049 seq2seq.trainer.supervised_trainer INFO     Progress: 85%, Train Perplexity: 0.5583
2018-02-27 23:19:37,729 seq2seq.trainer.supervised_trainer INFO     Finished epoch 60: Train Perplexity: 0.5633, Dev Perplexity: 0.9602, Accuracy: 1.0000, Sequence Accuracy: 1.0000, Variance: 0.7884
2018-02-27 23:19:37,729 seq2seq.trainer.supervised_trainer DEBUG    Epoch: 61, Step: 6960
2018-02-27 23:19:39,696 seq2seq.trainer.supervised_trainer INFO     Progress: 85%, Train Perplexity: 0.5589
2018-02-27 23:19:41,486 seq2seq.trainer.supervised_trainer INFO     Progress: 86%, Train Perplexity: 0.5671
2018-02-27 23:19:43,295 seq2seq.trainer.supervised_trainer INFO     Progress: 86%, Train Perplexity: 0.5682
2018-02-27 23:19:44,652 seq2seq.trainer.supervised_trainer INFO     Progress: 86%, Train Perplexity: 0.5767
2018-02-27 23:19:46,696 seq2seq.trainer.supervised_trainer INFO     Progress: 86%, Train Perplexity: 0.5561
2018-02-27 23:19:48,690 seq2seq.trainer.supervised_trainer INFO     Finished epoch 61: Train Perplexity: 0.5644, Dev Perplexity: 0.9605, Accuracy: 1.0000, Sequence Accuracy: 1.0000, Variance: 0.7834
2018-02-27 23:19:48,690 seq2seq.trainer.supervised_trainer DEBUG    Epoch: 62, Step: 7076
2018-02-27 23:19:49,235 seq2seq.trainer.supervised_trainer INFO     Progress: 87%, Train Perplexity: 0.5843
2018-02-27 23:19:50,622 seq2seq.trainer.supervised_trainer INFO     Progress: 87%, Train Perplexity: 0.5896
2018-02-27 23:19:52,463 seq2seq.trainer.supervised_trainer INFO     Progress: 87%, Train Perplexity: 0.6059
2018-02-27 23:19:54,158 seq2seq.trainer.supervised_trainer INFO     Progress: 87%, Train Perplexity: 0.5569
2018-02-27 23:19:55,747 seq2seq.trainer.supervised_trainer INFO     Progress: 88%, Train Perplexity: 0.4986
2018-02-27 23:19:57,292 seq2seq.trainer.supervised_trainer INFO     Progress: 88%, Train Perplexity: 0.5186
2018-02-27 23:19:59,800 seq2seq.trainer.supervised_trainer INFO     Finished epoch 62: Train Perplexity: 0.5612, Dev Perplexity: 0.9602, Accuracy: 1.0000, Sequence Accuracy: 1.0000, Variance: 0.7883
2018-02-27 23:19:59,800 seq2seq.trainer.supervised_trainer DEBUG    Epoch: 63, Step: 7192
2018-02-27 23:20:00,418 seq2seq.trainer.supervised_trainer INFO     Progress: 88%, Train Perplexity: 0.5586
2018-02-27 23:20:01,974 seq2seq.trainer.supervised_trainer INFO     Progress: 88%, Train Perplexity: 0.5257
2018-02-27 23:20:03,317 seq2seq.trainer.supervised_trainer INFO     Progress: 89%, Train Perplexity: 0.5313
2018-02-27 23:20:04,968 seq2seq.trainer.supervised_trainer INFO     Progress: 89%, Train Perplexity: 0.5679
2018-02-27 23:20:06,618 seq2seq.trainer.supervised_trainer INFO     Progress: 89%, Train Perplexity: 0.6325
2018-02-27 23:20:08,442 seq2seq.trainer.supervised_trainer INFO     Progress: 89%, Train Perplexity: 0.5597
2018-02-27 23:20:09,887 seq2seq.trainer.supervised_trainer INFO     Finished epoch 63: Train Perplexity: 0.5625, Dev Perplexity: 0.9600, Accuracy: 1.0000, Sequence Accuracy: 1.0000, Variance: 0.7925
2018-02-27 23:20:09,887 seq2seq.trainer.supervised_trainer DEBUG    Epoch: 64, Step: 7308
2018-02-27 23:20:11,527 seq2seq.trainer.supervised_trainer INFO     Progress: 90%, Train Perplexity: 0.5526
2018-02-27 23:20:13,050 seq2seq.trainer.supervised_trainer INFO     Progress: 90%, Train Perplexity: 0.5724
2018-02-27 23:20:14,542 seq2seq.trainer.supervised_trainer INFO     Progress: 90%, Train Perplexity: 0.5362
2018-02-27 23:20:16,196 seq2seq.trainer.supervised_trainer INFO     Progress: 90%, Train Perplexity: 0.6008
2018-02-27 23:20:17,684 seq2seq.trainer.supervised_trainer INFO     Progress: 91%, Train Perplexity: 0.5635
2018-02-27 23:20:19,065 seq2seq.trainer.supervised_trainer INFO     Progress: 91%, Train Perplexity: 0.5788
2018-02-27 23:20:20,071 seq2seq.trainer.supervised_trainer INFO     Finished epoch 64: Train Perplexity: 0.5650, Dev Perplexity: 0.9599, Accuracy: 1.0000, Sequence Accuracy: 1.0000, Variance: 0.7945
2018-02-27 23:20:20,071 seq2seq.trainer.supervised_trainer DEBUG    Epoch: 65, Step: 7424
2018-02-27 23:20:21,286 seq2seq.trainer.supervised_trainer INFO     Progress: 91%, Train Perplexity: 0.5559
2018-02-27 23:20:23,929 seq2seq.trainer.supervised_trainer INFO     Progress: 91%, Train Perplexity: 0.6405
2018-02-27 23:20:25,529 seq2seq.trainer.supervised_trainer INFO     Progress: 92%, Train Perplexity: 0.5584
2018-02-27 23:20:26,906 seq2seq.trainer.supervised_trainer INFO     Progress: 92%, Train Perplexity: 0.5561
2018-02-27 23:20:28,547 seq2seq.trainer.supervised_trainer INFO     Progress: 92%, Train Perplexity: 0.5114
2018-02-27 23:20:30,158 seq2seq.trainer.supervised_trainer INFO     Progress: 92%, Train Perplexity: 0.5461
2018-02-27 23:20:30,844 seq2seq.trainer.supervised_trainer INFO     Finished epoch 65: Train Perplexity: 0.5622, Dev Perplexity: 0.9603, Accuracy: 1.0000, Sequence Accuracy: 1.0000, Variance: 0.7859
2018-02-27 23:20:30,845 seq2seq.trainer.supervised_trainer DEBUG    Epoch: 66, Step: 7540
2018-02-27 23:20:32,508 seq2seq.trainer.supervised_trainer INFO     Progress: 93%, Train Perplexity: 0.5912
2018-02-27 23:20:34,131 seq2seq.trainer.supervised_trainer INFO     Progress: 93%, Train Perplexity: 0.5013
2018-02-27 23:20:34,939 seq2seq.trainer.supervised_trainer DEBUG    Saved checkpoint var_0.80_acc_1.00_seq_acc_1.00_ppl_0.96_s7581
2018-02-27 23:20:36,742 seq2seq.trainer.supervised_trainer INFO     Progress: 93%, Train Perplexity: 0.5873
2018-02-27 23:20:38,316 seq2seq.trainer.supervised_trainer INFO     Progress: 93%, Train Perplexity: 0.5532
2018-02-27 23:20:39,927 seq2seq.trainer.supervised_trainer INFO     Progress: 94%, Train Perplexity: 0.5854
2018-02-27 23:20:41,721 seq2seq.trainer.supervised_trainer INFO     Finished epoch 66: Train Perplexity: 0.5618, Dev Perplexity: 0.9598, Accuracy: 1.0000, Sequence Accuracy: 1.0000, Variance: 0.7964
2018-02-27 23:20:41,721 seq2seq.trainer.supervised_trainer DEBUG    Epoch: 67, Step: 7656
2018-02-27 23:20:42,018 seq2seq.trainer.supervised_trainer INFO     Progress: 94%, Train Perplexity: 0.5522
2018-02-27 23:20:43,876 seq2seq.trainer.supervised_trainer INFO     Progress: 94%, Train Perplexity: 0.5700
2018-02-27 23:20:45,219 seq2seq.trainer.supervised_trainer INFO     Progress: 94%, Train Perplexity: 0.5574
2018-02-27 23:20:47,281 seq2seq.trainer.supervised_trainer INFO     Progress: 95%, Train Perplexity: 0.5230
2018-02-27 23:20:48,635 seq2seq.trainer.supervised_trainer INFO     Progress: 95%, Train Perplexity: 0.5453
2018-02-27 23:20:50,220 seq2seq.trainer.supervised_trainer INFO     Progress: 95%, Train Perplexity: 0.6251
2018-02-27 23:20:51,688 seq2seq.trainer.supervised_trainer INFO     Finished epoch 67: Train Perplexity: 0.5615, Dev Perplexity: 0.9598, Accuracy: 1.0000, Sequence Accuracy: 1.0000, Variance: 0.7964
2018-02-27 23:20:51,688 seq2seq.trainer.supervised_trainer DEBUG    Epoch: 68, Step: 7772
2018-02-27 23:20:52,427 seq2seq.trainer.supervised_trainer INFO     Progress: 95%, Train Perplexity: 0.5528
2018-02-27 23:20:54,035 seq2seq.trainer.supervised_trainer INFO     Progress: 96%, Train Perplexity: 0.5357
2018-02-27 23:20:55,520 seq2seq.trainer.supervised_trainer INFO     Progress: 96%, Train Perplexity: 0.5918
2018-02-27 23:20:57,139 seq2seq.trainer.supervised_trainer INFO     Progress: 96%, Train Perplexity: 0.5548
2018-02-27 23:20:59,497 seq2seq.trainer.supervised_trainer INFO     Progress: 96%, Train Perplexity: 0.5572
2018-02-27 23:21:01,342 seq2seq.trainer.supervised_trainer INFO     Progress: 97%, Train Perplexity: 0.5351
2018-02-27 23:21:02,694 seq2seq.trainer.supervised_trainer INFO     Finished epoch 68: Train Perplexity: 0.5605, Dev Perplexity: 0.9598, Accuracy: 1.0000, Sequence Accuracy: 1.0000, Variance: 0.7964
2018-02-27 23:21:02,694 seq2seq.trainer.supervised_trainer DEBUG    Epoch: 69, Step: 7888
2018-02-27 23:21:03,805 seq2seq.trainer.supervised_trainer INFO     Progress: 97%, Train Perplexity: 0.6053
2018-02-27 23:21:05,195 seq2seq.trainer.supervised_trainer INFO     Progress: 97%, Train Perplexity: 0.4828
2018-02-27 23:21:06,787 seq2seq.trainer.supervised_trainer INFO     Progress: 97%, Train Perplexity: 0.5869
2018-02-27 23:21:08,436 seq2seq.trainer.supervised_trainer INFO     Progress: 98%, Train Perplexity: 0.5817
2018-02-27 23:21:10,126 seq2seq.trainer.supervised_trainer INFO     Progress: 98%, Train Perplexity: 0.6154
2018-02-27 23:21:12,148 seq2seq.trainer.supervised_trainer INFO     Progress: 98%, Train Perplexity: 0.5297
2018-02-27 23:21:13,080 seq2seq.trainer.supervised_trainer INFO     Finished epoch 69: Train Perplexity: 0.5612, Dev Perplexity: 0.9604, Accuracy: 1.0000, Sequence Accuracy: 1.0000, Variance: 0.7853
2018-02-27 23:21:13,080 seq2seq.trainer.supervised_trainer DEBUG    Epoch: 70, Step: 8004
2018-02-27 23:21:14,521 seq2seq.trainer.supervised_trainer INFO     Progress: 98%, Train Perplexity: 0.5518
2018-02-27 23:21:16,191 seq2seq.trainer.supervised_trainer INFO     Progress: 99%, Train Perplexity: 0.5709
2018-02-27 23:21:17,538 seq2seq.trainer.supervised_trainer INFO     Progress: 99%, Train Perplexity: 0.4889
2018-02-27 23:21:19,353 seq2seq.trainer.supervised_trainer INFO     Progress: 99%, Train Perplexity: 0.6095
2018-02-27 23:21:20,924 seq2seq.trainer.supervised_trainer INFO     Progress: 99%, Train Perplexity: 0.5628
2018-02-27 23:21:23,566 seq2seq.trainer.supervised_trainer INFO     Progress: 100%, Train Perplexity: 0.5735
2018-02-27 23:21:24,941 seq2seq.trainer.supervised_trainer INFO     Finished epoch 70: Train Perplexity: 0.5616, Dev Perplexity: 0.9599, Accuracy: 1.0000, Sequence Accuracy: 1.0000, Variance: 0.7938
/nfs/home4/bartbuss/machine2/machine/./example.sh: line 50: CALE: command not found
srun: error: gcn62: task 0: Exited with exit code 127
srun: Terminating job step 4041722.0
end of job
