start of job
Train model on example data
2018-01-25 15:17:11,022 root         INFO     Namespace(attention=False, batch_size=128, bidirectional=False, cuda_device=0, dev='data/CLEANED-SCAN/length_split/experiment4a_output_short_to_long_equally_distributed/tasks_test.txt', dropout_p_decoder=0.5, dropout_p_encoder=0.5, embedding_size=200, epochs=50, hidden_size=200, load_checkpoint=None, log_level='info', lr=0.001, max_len=50, n_layers=2, optim='adam', output_dir='checkpoints_experiment_4a_all_shuffled', print_every=20, resume=False, rnn_cell='lstm', save_every=133, src_vocab=50000, teacher_forcing_ratio=0.5, tgt_vocab=50000, train='data/CLEANED-SCAN/length_split/experiment4a_output_short_to_long_equally_distributed/output_all_shuffled.txt')
2018-01-25 15:17:15,796 seq2seq.trainer.supervised_trainer INFO     Optimizer: <torch.optim.adam.Adam object at 0x2ae6362f7110>, Scheduler: None
Cuda device set to 0
2018-01-25 15:17:21,558 seq2seq.trainer.supervised_trainer INFO     Progress: 0%, Train Perplexity: 13.9350
2018-01-25 15:17:22,976 seq2seq.trainer.supervised_trainer INFO     Progress: 0%, Train Perplexity: 5.6003
2018-01-25 15:17:24,229 seq2seq.trainer.supervised_trainer INFO     Progress: 0%, Train Perplexity: 5.5305
2018-01-25 15:17:25,640 seq2seq.trainer.supervised_trainer INFO     Progress: 0%, Train Perplexity: 5.0604
2018-01-25 15:17:27,046 seq2seq.trainer.supervised_trainer INFO     Progress: 0%, Train Perplexity: 4.5890
2018-01-25 15:17:31,044 seq2seq.trainer.supervised_trainer INFO     Progress: 0%, Train Perplexity: 4.1852
2018-01-25 15:17:32,254 seq2seq.trainer.supervised_trainer INFO     Progress: 1%, Train Perplexity: 3.9612
2018-01-25 15:17:33,628 seq2seq.trainer.supervised_trainer INFO     Progress: 1%, Train Perplexity: 3.6794
2018-01-25 15:17:34,781 seq2seq.trainer.supervised_trainer INFO     Progress: 1%, Train Perplexity: 3.2750
2018-01-25 15:17:36,263 seq2seq.trainer.supervised_trainer INFO     Progress: 1%, Train Perplexity: 3.1873
2018-01-25 15:17:37,545 seq2seq.trainer.supervised_trainer INFO     Progress: 1%, Train Perplexity: 2.9173
2018-01-25 15:17:38,754 seq2seq.trainer.supervised_trainer INFO     Progress: 1%, Train Perplexity: 2.8648
2018-01-25 15:17:43,166 seq2seq.trainer.supervised_trainer INFO     Progress: 1%, Train Perplexity: 2.6924
2018-01-25 15:17:46,384 seq2seq.trainer.supervised_trainer INFO     Finished epoch 1: Train Perplexity: 4.3124, Dev Perplexity: 6.3900, Accuracy: 0.4693, Sequence Accuracy: 0.0000
2018-01-25 15:17:47,072 seq2seq.trainer.supervised_trainer INFO     Progress: 2%, Train Perplexity: 2.5239
2018-01-25 15:17:48,407 seq2seq.trainer.supervised_trainer INFO     Progress: 2%, Train Perplexity: 2.4594
2018-01-25 15:17:49,885 seq2seq.trainer.supervised_trainer INFO     Progress: 2%, Train Perplexity: 2.3606
2018-01-25 15:17:51,346 seq2seq.trainer.supervised_trainer INFO     Progress: 2%, Train Perplexity: 2.2645
2018-01-25 15:17:53,015 seq2seq.trainer.supervised_trainer INFO     Progress: 2%, Train Perplexity: 2.3206
2018-01-25 15:17:56,995 seq2seq.trainer.supervised_trainer INFO     Progress: 2%, Train Perplexity: 2.0212
2018-01-25 15:17:58,147 seq2seq.trainer.supervised_trainer INFO     Progress: 2%, Train Perplexity: 1.9238
2018-01-25 15:17:59,246 seq2seq.trainer.supervised_trainer INFO     Progress: 3%, Train Perplexity: 1.8676
2018-01-25 15:18:00,689 seq2seq.trainer.supervised_trainer INFO     Progress: 3%, Train Perplexity: 2.0550
2018-01-25 15:18:02,020 seq2seq.trainer.supervised_trainer INFO     Progress: 3%, Train Perplexity: 1.9030
2018-01-25 15:18:03,659 seq2seq.trainer.supervised_trainer INFO     Progress: 3%, Train Perplexity: 1.9605
2018-01-25 15:18:04,766 seq2seq.trainer.supervised_trainer INFO     Progress: 3%, Train Perplexity: 2.0089
2018-01-25 15:18:08,905 seq2seq.trainer.supervised_trainer INFO     Progress: 3%, Train Perplexity: 1.8834
2018-01-25 15:18:10,186 seq2seq.trainer.supervised_trainer INFO     Progress: 3%, Train Perplexity: 1.7384
2018-01-25 15:18:11,799 seq2seq.trainer.supervised_trainer INFO     Progress: 3%, Train Perplexity: 1.8150
2018-01-25 15:18:14,555 seq2seq.trainer.supervised_trainer INFO     Finished epoch 2: Train Perplexity: 2.0485, Dev Perplexity: 5.0096, Accuracy: 0.6133, Sequence Accuracy: 0.0048
2018-01-25 15:18:15,693 seq2seq.trainer.supervised_trainer INFO     Progress: 4%, Train Perplexity: 1.5834
2018-01-25 15:18:17,027 seq2seq.trainer.supervised_trainer INFO     Progress: 4%, Train Perplexity: 1.5782
2018-01-25 15:18:18,381 seq2seq.trainer.supervised_trainer INFO     Progress: 4%, Train Perplexity: 1.5067
2018-01-25 15:18:20,096 seq2seq.trainer.supervised_trainer INFO     Progress: 4%, Train Perplexity: 1.6898
2018-01-25 15:18:23,987 seq2seq.trainer.supervised_trainer INFO     Progress: 4%, Train Perplexity: 1.3836
2018-01-25 15:18:25,414 seq2seq.trainer.supervised_trainer INFO     Progress: 4%, Train Perplexity: 1.3995
2018-01-25 15:18:26,613 seq2seq.trainer.supervised_trainer INFO     Progress: 4%, Train Perplexity: 1.3776
2018-01-25 15:18:28,022 seq2seq.trainer.supervised_trainer INFO     Progress: 5%, Train Perplexity: 1.3617
2018-01-25 15:18:29,305 seq2seq.trainer.supervised_trainer INFO     Progress: 5%, Train Perplexity: 1.2790
2018-01-25 15:18:30,477 seq2seq.trainer.supervised_trainer INFO     Progress: 5%, Train Perplexity: 1.3003
2018-01-25 15:18:34,521 seq2seq.trainer.supervised_trainer INFO     Progress: 5%, Train Perplexity: 1.2916
2018-01-25 15:18:35,825 seq2seq.trainer.supervised_trainer INFO     Progress: 5%, Train Perplexity: 1.2239
2018-01-25 15:18:37,146 seq2seq.trainer.supervised_trainer INFO     Progress: 5%, Train Perplexity: 1.2271
2018-01-25 15:18:38,591 seq2seq.trainer.supervised_trainer INFO     Progress: 5%, Train Perplexity: 1.2370
2018-01-25 15:18:42,273 seq2seq.trainer.supervised_trainer INFO     Finished epoch 3: Train Perplexity: 1.3815, Dev Perplexity: 9.8581, Accuracy: 0.6320, Sequence Accuracy: 0.0005
2018-01-25 15:18:42,628 seq2seq.trainer.supervised_trainer INFO     Progress: 6%, Train Perplexity: 1.2804
2018-01-25 15:18:44,120 seq2seq.trainer.supervised_trainer INFO     Progress: 6%, Train Perplexity: 1.2924
2018-01-25 15:18:45,434 seq2seq.trainer.supervised_trainer INFO     Progress: 6%, Train Perplexity: 1.3422
2018-01-25 15:18:49,451 seq2seq.trainer.supervised_trainer INFO     Progress: 6%, Train Perplexity: 1.2343
2018-01-25 15:18:50,559 seq2seq.trainer.supervised_trainer INFO     Progress: 6%, Train Perplexity: 1.2177
2018-01-25 15:18:51,897 seq2seq.trainer.supervised_trainer INFO     Progress: 6%, Train Perplexity: 1.2691
2018-01-25 15:18:53,264 seq2seq.trainer.supervised_trainer INFO     Progress: 6%, Train Perplexity: 1.1955
2018-01-25 15:18:54,720 seq2seq.trainer.supervised_trainer INFO     Progress: 6%, Train Perplexity: 1.2190
2018-01-25 15:18:56,084 seq2seq.trainer.supervised_trainer INFO     Progress: 7%, Train Perplexity: 1.2086
2018-01-25 15:18:57,060 seq2seq.trainer.supervised_trainer INFO     Progress: 7%, Train Perplexity: 1.0784
2018-01-25 15:19:00,800 seq2seq.trainer.supervised_trainer INFO     Progress: 7%, Train Perplexity: 1.1415
2018-01-25 15:19:02,281 seq2seq.trainer.supervised_trainer INFO     Progress: 7%, Train Perplexity: 1.1569
2018-01-25 15:19:03,496 seq2seq.trainer.supervised_trainer INFO     Progress: 7%, Train Perplexity: 1.3234
2018-01-25 15:19:04,999 seq2seq.trainer.supervised_trainer INFO     Progress: 7%, Train Perplexity: 1.1907
2018-01-25 15:19:06,560 seq2seq.trainer.supervised_trainer INFO     Progress: 7%, Train Perplexity: 1.1410
2018-01-25 15:19:09,638 seq2seq.trainer.supervised_trainer INFO     Finished epoch 4: Train Perplexity: 1.2135, Dev Perplexity: 5.3091, Accuracy: 0.6916, Sequence Accuracy: 0.0296
2018-01-25 15:19:10,440 seq2seq.trainer.supervised_trainer INFO     Progress: 8%, Train Perplexity: 1.1385
2018-01-25 15:19:13,888 seq2seq.trainer.supervised_trainer INFO     Progress: 8%, Train Perplexity: 1.0852
2018-01-25 15:19:15,319 seq2seq.trainer.supervised_trainer INFO     Progress: 8%, Train Perplexity: 1.1383
2018-01-25 15:19:16,645 seq2seq.trainer.supervised_trainer INFO     Progress: 8%, Train Perplexity: 1.1101
2018-01-25 15:19:18,058 seq2seq.trainer.supervised_trainer INFO     Progress: 8%, Train Perplexity: 1.0981
2018-01-25 15:19:19,598 seq2seq.trainer.supervised_trainer INFO     Progress: 8%, Train Perplexity: 1.1080
2018-01-25 15:19:20,755 seq2seq.trainer.supervised_trainer INFO     Progress: 8%, Train Perplexity: 1.0709
2018-01-25 15:19:22,132 seq2seq.trainer.supervised_trainer INFO     Progress: 9%, Train Perplexity: 1.0551
2018-01-25 15:19:25,780 seq2seq.trainer.supervised_trainer INFO     Progress: 9%, Train Perplexity: 1.0665
2018-01-25 15:19:27,300 seq2seq.trainer.supervised_trainer INFO     Progress: 9%, Train Perplexity: 1.1281
2018-01-25 15:19:28,614 seq2seq.trainer.supervised_trainer INFO     Progress: 9%, Train Perplexity: 1.0788
2018-01-25 15:19:29,874 seq2seq.trainer.supervised_trainer INFO     Progress: 9%, Train Perplexity: 1.1560
2018-01-25 15:19:31,396 seq2seq.trainer.supervised_trainer INFO     Progress: 9%, Train Perplexity: 1.2564
2018-01-25 15:19:32,710 seq2seq.trainer.supervised_trainer INFO     Progress: 9%, Train Perplexity: 1.0906
2018-01-25 15:19:33,918 seq2seq.trainer.supervised_trainer INFO     Progress: 10%, Train Perplexity: 1.0759
2018-01-25 15:19:36,424 seq2seq.trainer.supervised_trainer INFO     Finished epoch 5: Train Perplexity: 1.1106, Dev Perplexity: 6.9441, Accuracy: 0.7159, Sequence Accuracy: 0.0742
2018-01-25 15:19:40,376 seq2seq.trainer.supervised_trainer INFO     Progress: 10%, Train Perplexity: 1.0808
2018-01-25 15:19:41,542 seq2seq.trainer.supervised_trainer INFO     Progress: 10%, Train Perplexity: 1.0450
2018-01-25 15:19:42,776 seq2seq.trainer.supervised_trainer INFO     Progress: 10%, Train Perplexity: 1.0532
2018-01-25 15:19:44,293 seq2seq.trainer.supervised_trainer INFO     Progress: 10%, Train Perplexity: 1.1054
2018-01-25 15:19:45,377 seq2seq.trainer.supervised_trainer INFO     Progress: 10%, Train Perplexity: 1.0514
2018-01-25 15:19:46,813 seq2seq.trainer.supervised_trainer INFO     Progress: 10%, Train Perplexity: 1.0330
2018-01-25 15:19:50,757 seq2seq.trainer.supervised_trainer INFO     Progress: 10%, Train Perplexity: 1.0513
2018-01-25 15:19:52,002 seq2seq.trainer.supervised_trainer INFO     Progress: 11%, Train Perplexity: 1.0591
2018-01-25 15:19:53,472 seq2seq.trainer.supervised_trainer INFO     Progress: 11%, Train Perplexity: 1.0598
2018-01-25 15:19:54,876 seq2seq.trainer.supervised_trainer INFO     Progress: 11%, Train Perplexity: 1.0483
2018-01-25 15:19:56,147 seq2seq.trainer.supervised_trainer INFO     Progress: 11%, Train Perplexity: 1.0477
2018-01-25 15:19:57,446 seq2seq.trainer.supervised_trainer INFO     Progress: 11%, Train Perplexity: 1.0521
2018-01-25 15:19:58,581 seq2seq.trainer.supervised_trainer INFO     Progress: 11%, Train Perplexity: 1.0415
2018-01-25 15:20:02,181 seq2seq.trainer.supervised_trainer INFO     Progress: 11%, Train Perplexity: 1.0357
2018-01-25 15:20:05,621 seq2seq.trainer.supervised_trainer INFO     Finished epoch 6: Train Perplexity: 1.0569, Dev Perplexity: 7.6762, Accuracy: 0.7204, Sequence Accuracy: 0.0944
2018-01-25 15:20:06,287 seq2seq.trainer.supervised_trainer INFO     Progress: 12%, Train Perplexity: 1.1069
2018-01-25 15:20:07,617 seq2seq.trainer.supervised_trainer INFO     Progress: 12%, Train Perplexity: 1.0963
2018-01-25 15:20:09,104 seq2seq.trainer.supervised_trainer INFO     Progress: 12%, Train Perplexity: 1.1300
2018-01-25 15:20:10,630 seq2seq.trainer.supervised_trainer INFO     Progress: 12%, Train Perplexity: 1.1255
2018-01-25 15:20:12,078 seq2seq.trainer.supervised_trainer INFO     Progress: 12%, Train Perplexity: 1.0769
2018-01-25 15:20:13,639 seq2seq.trainer.supervised_trainer INFO     Progress: 12%, Train Perplexity: 1.0856
2018-01-25 15:20:17,489 seq2seq.trainer.supervised_trainer INFO     Progress: 12%, Train Perplexity: 1.0600
2018-01-25 15:20:18,652 seq2seq.trainer.supervised_trainer INFO     Progress: 13%, Train Perplexity: 1.0210
2018-01-25 15:20:19,655 seq2seq.trainer.supervised_trainer INFO     Progress: 13%, Train Perplexity: 1.0340
2018-01-25 15:20:20,812 seq2seq.trainer.supervised_trainer INFO     Progress: 13%, Train Perplexity: 1.0312
2018-01-25 15:20:22,017 seq2seq.trainer.supervised_trainer INFO     Progress: 13%, Train Perplexity: 1.0294
2018-01-25 15:20:23,274 seq2seq.trainer.supervised_trainer INFO     Progress: 13%, Train Perplexity: 1.0267
2018-01-25 15:20:27,127 seq2seq.trainer.supervised_trainer INFO     Progress: 13%, Train Perplexity: 1.0303
2018-01-25 15:20:28,184 seq2seq.trainer.supervised_trainer INFO     Progress: 13%, Train Perplexity: 1.0465
2018-01-25 15:20:29,479 seq2seq.trainer.supervised_trainer INFO     Progress: 13%, Train Perplexity: 1.0238
2018-01-25 15:20:32,289 seq2seq.trainer.supervised_trainer INFO     Finished epoch 7: Train Perplexity: 1.0592, Dev Perplexity: 7.2780, Accuracy: 0.7310, Sequence Accuracy: 0.1148
2018-01-25 15:20:33,687 seq2seq.trainer.supervised_trainer INFO     Progress: 14%, Train Perplexity: 1.0564
2018-01-25 15:20:34,817 seq2seq.trainer.supervised_trainer INFO     Progress: 14%, Train Perplexity: 1.0440
2018-01-25 15:20:36,105 seq2seq.trainer.supervised_trainer INFO     Progress: 14%, Train Perplexity: 1.0457
2018-01-25 15:20:37,418 seq2seq.trainer.supervised_trainer INFO     Progress: 14%, Train Perplexity: 1.0940
2018-01-25 15:20:41,132 seq2seq.trainer.supervised_trainer INFO     Progress: 14%, Train Perplexity: 1.0396
2018-01-25 15:20:42,443 seq2seq.trainer.supervised_trainer INFO     Progress: 14%, Train Perplexity: 1.0543
2018-01-25 15:20:43,697 seq2seq.trainer.supervised_trainer INFO     Progress: 14%, Train Perplexity: 1.0483
2018-01-25 15:20:44,870 seq2seq.trainer.supervised_trainer INFO     Progress: 15%, Train Perplexity: 1.0182
2018-01-25 15:20:46,427 seq2seq.trainer.supervised_trainer INFO     Progress: 15%, Train Perplexity: 1.0362
2018-01-25 15:20:47,727 seq2seq.trainer.supervised_trainer INFO     Progress: 15%, Train Perplexity: 1.0370
2018-01-25 15:20:49,014 seq2seq.trainer.supervised_trainer INFO     Progress: 15%, Train Perplexity: 1.0191
2018-01-25 15:20:52,836 seq2seq.trainer.supervised_trainer INFO     Progress: 15%, Train Perplexity: 1.0569
2018-01-25 15:20:54,304 seq2seq.trainer.supervised_trainer INFO     Progress: 15%, Train Perplexity: 1.0284
2018-01-25 15:20:55,590 seq2seq.trainer.supervised_trainer INFO     Progress: 15%, Train Perplexity: 1.0125
2018-01-25 15:20:59,131 seq2seq.trainer.supervised_trainer INFO     Finished epoch 8: Train Perplexity: 1.0425, Dev Perplexity: 9.3991, Accuracy: 0.6930, Sequence Accuracy: 0.0867
2018-01-25 15:20:59,345 seq2seq.trainer.supervised_trainer INFO     Progress: 16%, Train Perplexity: 1.0407
2018-01-25 15:21:00,817 seq2seq.trainer.supervised_trainer INFO     Progress: 16%, Train Perplexity: 1.1015
2018-01-25 15:21:02,323 seq2seq.trainer.supervised_trainer INFO     Progress: 16%, Train Perplexity: 1.0701
2018-01-25 15:21:06,147 seq2seq.trainer.supervised_trainer INFO     Progress: 16%, Train Perplexity: 1.0277
2018-01-25 15:21:07,555 seq2seq.trainer.supervised_trainer INFO     Progress: 16%, Train Perplexity: 1.0098
2018-01-25 15:21:08,947 seq2seq.trainer.supervised_trainer INFO     Progress: 16%, Train Perplexity: 1.0246
2018-01-25 15:21:10,174 seq2seq.trainer.supervised_trainer INFO     Progress: 16%, Train Perplexity: 1.0139
2018-01-25 15:21:11,757 seq2seq.trainer.supervised_trainer INFO     Progress: 16%, Train Perplexity: 1.0223
2018-01-25 15:21:13,229 seq2seq.trainer.supervised_trainer INFO     Progress: 17%, Train Perplexity: 1.0168
2018-01-25 15:21:14,398 seq2seq.trainer.supervised_trainer INFO     Progress: 17%, Train Perplexity: 1.0235
2018-01-25 15:21:18,205 seq2seq.trainer.supervised_trainer INFO     Progress: 17%, Train Perplexity: 1.0149
2018-01-25 15:21:19,471 seq2seq.trainer.supervised_trainer INFO     Progress: 17%, Train Perplexity: 1.0110
2018-01-25 15:21:20,747 seq2seq.trainer.supervised_trainer INFO     Progress: 17%, Train Perplexity: 1.0087
2018-01-25 15:21:22,023 seq2seq.trainer.supervised_trainer INFO     Progress: 17%, Train Perplexity: 1.0171
2018-01-25 15:21:23,113 seq2seq.trainer.supervised_trainer INFO     Progress: 17%, Train Perplexity: 1.0115
2018-01-25 15:21:26,203 seq2seq.trainer.supervised_trainer INFO     Finished epoch 9: Train Perplexity: 1.0263, Dev Perplexity: 9.7596, Accuracy: 0.7103, Sequence Accuracy: 0.1344
2018-01-25 15:21:27,265 seq2seq.trainer.supervised_trainer INFO     Progress: 18%, Train Perplexity: 1.0334
2018-01-25 15:21:28,592 seq2seq.trainer.supervised_trainer INFO     Progress: 18%, Train Perplexity: 1.0204
2018-01-25 15:21:32,530 seq2seq.trainer.supervised_trainer INFO     Progress: 18%, Train Perplexity: 1.0252
2018-01-25 15:21:33,798 seq2seq.trainer.supervised_trainer INFO     Progress: 18%, Train Perplexity: 1.0090
2018-01-25 15:21:35,127 seq2seq.trainer.supervised_trainer INFO     Progress: 18%, Train Perplexity: 1.0149
2018-01-25 15:21:36,514 seq2seq.trainer.supervised_trainer INFO     Progress: 18%, Train Perplexity: 1.0037
2018-01-25 15:21:37,985 seq2seq.trainer.supervised_trainer INFO     Progress: 18%, Train Perplexity: 1.0171
2018-01-25 15:21:39,245 seq2seq.trainer.supervised_trainer INFO     Progress: 19%, Train Perplexity: 1.0092
2018-01-25 15:21:42,877 seq2seq.trainer.supervised_trainer INFO     Progress: 19%, Train Perplexity: 1.0121
2018-01-25 15:21:44,270 seq2seq.trainer.supervised_trainer INFO     Progress: 19%, Train Perplexity: 1.0026
2018-01-25 15:21:45,752 seq2seq.trainer.supervised_trainer INFO     Progress: 19%, Train Perplexity: 1.0190
2018-01-25 15:21:47,029 seq2seq.trainer.supervised_trainer INFO     Progress: 19%, Train Perplexity: 1.0060
2018-01-25 15:21:48,147 seq2seq.trainer.supervised_trainer INFO     Progress: 19%, Train Perplexity: 1.0041
2018-01-25 15:21:49,223 seq2seq.trainer.supervised_trainer INFO     Progress: 19%, Train Perplexity: 1.0253
2018-01-25 15:21:50,658 seq2seq.trainer.supervised_trainer INFO     Progress: 20%, Train Perplexity: 1.0055
2018-01-25 15:21:53,163 seq2seq.trainer.supervised_trainer INFO     Finished epoch 10: Train Perplexity: 1.0136, Dev Perplexity: 10.7864, Accuracy: 0.7154, Sequence Accuracy: 0.1219
2018-01-25 15:21:57,074 seq2seq.trainer.supervised_trainer INFO     Progress: 20%, Train Perplexity: 1.0149
2018-01-25 15:21:58,349 seq2seq.trainer.supervised_trainer INFO     Progress: 20%, Train Perplexity: 1.0112
2018-01-25 15:21:59,735 seq2seq.trainer.supervised_trainer INFO     Progress: 20%, Train Perplexity: 1.0334
2018-01-25 15:22:01,108 seq2seq.trainer.supervised_trainer INFO     Progress: 20%, Train Perplexity: 1.0063
2018-01-25 15:22:02,178 seq2seq.trainer.supervised_trainer INFO     Progress: 20%, Train Perplexity: 1.0054
2018-01-25 15:22:03,592 seq2seq.trainer.supervised_trainer INFO     Progress: 20%, Train Perplexity: 1.0074
2018-01-25 15:22:07,442 seq2seq.trainer.supervised_trainer INFO     Progress: 20%, Train Perplexity: 1.0087
2018-01-25 15:22:08,692 seq2seq.trainer.supervised_trainer INFO     Progress: 21%, Train Perplexity: 1.0138
2018-01-25 15:22:09,686 seq2seq.trainer.supervised_trainer INFO     Progress: 21%, Train Perplexity: 1.0083
2018-01-25 15:22:10,855 seq2seq.trainer.supervised_trainer INFO     Progress: 21%, Train Perplexity: 1.0079
2018-01-25 15:22:12,236 seq2seq.trainer.supervised_trainer INFO     Progress: 21%, Train Perplexity: 1.0020
2018-01-25 15:22:13,304 seq2seq.trainer.supervised_trainer INFO     Progress: 21%, Train Perplexity: 1.0180
2018-01-25 15:22:14,565 seq2seq.trainer.supervised_trainer INFO     Progress: 21%, Train Perplexity: 1.0131
2018-01-25 15:22:18,414 seq2seq.trainer.supervised_trainer INFO     Progress: 21%, Train Perplexity: 1.0178
2018-01-25 15:22:21,962 seq2seq.trainer.supervised_trainer INFO     Finished epoch 11: Train Perplexity: 1.0123, Dev Perplexity: 11.5331, Accuracy: 0.7011, Sequence Accuracy: 0.0416
2018-01-25 15:22:22,636 seq2seq.trainer.supervised_trainer INFO     Progress: 22%, Train Perplexity: 1.0265
2018-01-25 15:22:24,089 seq2seq.trainer.supervised_trainer INFO     Progress: 22%, Train Perplexity: 1.0214
2018-01-25 15:22:25,830 seq2seq.trainer.supervised_trainer INFO     Progress: 22%, Train Perplexity: 1.0237
2018-01-25 15:22:27,016 seq2seq.trainer.supervised_trainer INFO     Progress: 22%, Train Perplexity: 1.0137
2018-01-25 15:22:28,603 seq2seq.trainer.supervised_trainer INFO     Progress: 22%, Train Perplexity: 1.0258
2018-01-25 15:22:30,181 seq2seq.trainer.supervised_trainer INFO     Progress: 22%, Train Perplexity: 1.0178
2018-01-25 15:22:33,836 seq2seq.trainer.supervised_trainer INFO     Progress: 22%, Train Perplexity: 1.0082
2018-01-25 15:22:35,059 seq2seq.trainer.supervised_trainer INFO     Progress: 23%, Train Perplexity: 1.0026
2018-01-25 15:22:36,396 seq2seq.trainer.supervised_trainer INFO     Progress: 23%, Train Perplexity: 1.0043
2018-01-25 15:22:37,750 seq2seq.trainer.supervised_trainer INFO     Progress: 23%, Train Perplexity: 1.0016
2018-01-25 15:22:39,367 seq2seq.trainer.supervised_trainer INFO     Progress: 23%, Train Perplexity: 1.0140
2018-01-25 15:22:40,708 seq2seq.trainer.supervised_trainer INFO     Progress: 23%, Train Perplexity: 1.0428
2018-01-25 15:22:44,598 seq2seq.trainer.supervised_trainer INFO     Progress: 23%, Train Perplexity: 1.0099
2018-01-25 15:22:45,937 seq2seq.trainer.supervised_trainer INFO     Progress: 23%, Train Perplexity: 1.0119
2018-01-25 15:22:47,371 seq2seq.trainer.supervised_trainer INFO     Progress: 23%, Train Perplexity: 1.0133
2018-01-25 15:22:50,162 seq2seq.trainer.supervised_trainer INFO     Finished epoch 12: Train Perplexity: 1.0156, Dev Perplexity: 9.0855, Accuracy: 0.7255, Sequence Accuracy: 0.1546
2018-01-25 15:22:51,088 seq2seq.trainer.supervised_trainer INFO     Progress: 24%, Train Perplexity: 1.0117
2018-01-25 15:22:52,567 seq2seq.trainer.supervised_trainer INFO     Progress: 24%, Train Perplexity: 1.0142
2018-01-25 15:22:53,915 seq2seq.trainer.supervised_trainer INFO     Progress: 24%, Train Perplexity: 1.0170
2018-01-25 15:22:55,248 seq2seq.trainer.supervised_trainer INFO     Progress: 24%, Train Perplexity: 1.0143
2018-01-25 15:22:58,800 seq2seq.trainer.supervised_trainer INFO     Progress: 24%, Train Perplexity: 1.0071
2018-01-25 15:23:00,173 seq2seq.trainer.supervised_trainer INFO     Progress: 24%, Train Perplexity: 1.0049
2018-01-25 15:23:01,400 seq2seq.trainer.supervised_trainer INFO     Progress: 24%, Train Perplexity: 1.0109
2018-01-25 15:23:02,754 seq2seq.trainer.supervised_trainer INFO     Progress: 25%, Train Perplexity: 1.0043
2018-01-25 15:23:04,081 seq2seq.trainer.supervised_trainer INFO     Progress: 25%, Train Perplexity: 1.0024
2018-01-25 15:23:05,219 seq2seq.trainer.supervised_trainer INFO     Progress: 25%, Train Perplexity: 1.0010
2018-01-25 15:23:06,411 seq2seq.trainer.supervised_trainer INFO     Progress: 25%, Train Perplexity: 1.0214
2018-01-25 15:23:10,289 seq2seq.trainer.supervised_trainer INFO     Progress: 25%, Train Perplexity: 1.0127
2018-01-25 15:23:11,477 seq2seq.trainer.supervised_trainer INFO     Progress: 25%, Train Perplexity: 1.0097
2018-01-25 15:23:12,737 seq2seq.trainer.supervised_trainer INFO     Progress: 25%, Train Perplexity: 1.0026
2018-01-25 15:23:16,424 seq2seq.trainer.supervised_trainer INFO     Finished epoch 13: Train Perplexity: 1.0092, Dev Perplexity: 12.1140, Accuracy: 0.7178, Sequence Accuracy: 0.1393
2018-01-25 15:23:16,762 seq2seq.trainer.supervised_trainer INFO     Progress: 26%, Train Perplexity: 1.0013
2018-01-25 15:23:18,151 seq2seq.trainer.supervised_trainer INFO     Progress: 26%, Train Perplexity: 1.0157
2018-01-25 15:23:19,681 seq2seq.trainer.supervised_trainer INFO     Progress: 26%, Train Perplexity: 1.0266
2018-01-25 15:23:23,398 seq2seq.trainer.supervised_trainer INFO     Progress: 26%, Train Perplexity: 1.0186
2018-01-25 15:23:24,765 seq2seq.trainer.supervised_trainer INFO     Progress: 26%, Train Perplexity: 1.0034
2018-01-25 15:23:26,090 seq2seq.trainer.supervised_trainer INFO     Progress: 26%, Train Perplexity: 1.0029
2018-01-25 15:23:27,164 seq2seq.trainer.supervised_trainer INFO     Progress: 26%, Train Perplexity: 1.0094
2018-01-25 15:23:28,397 seq2seq.trainer.supervised_trainer INFO     Progress: 26%, Train Perplexity: 1.0021
2018-01-25 15:23:29,665 seq2seq.trainer.supervised_trainer INFO     Progress: 27%, Train Perplexity: 1.0047
2018-01-25 15:23:30,941 seq2seq.trainer.supervised_trainer INFO     Progress: 27%, Train Perplexity: 1.0195
2018-01-25 15:23:34,603 seq2seq.trainer.supervised_trainer INFO     Progress: 27%, Train Perplexity: 1.0024
2018-01-25 15:23:35,748 seq2seq.trainer.supervised_trainer INFO     Progress: 27%, Train Perplexity: 1.0066
2018-01-25 15:23:37,128 seq2seq.trainer.supervised_trainer INFO     Progress: 27%, Train Perplexity: 1.0001
2018-01-25 15:23:38,503 seq2seq.trainer.supervised_trainer INFO     Progress: 27%, Train Perplexity: 1.0007
2018-01-25 15:23:39,695 seq2seq.trainer.supervised_trainer INFO     Progress: 27%, Train Perplexity: 1.0006
2018-01-25 15:23:42,721 seq2seq.trainer.supervised_trainer INFO     Finished epoch 14: Train Perplexity: 1.0078, Dev Perplexity: 13.5620, Accuracy: 0.7058, Sequence Accuracy: 0.1260
2018-01-25 15:23:43,564 seq2seq.trainer.supervised_trainer INFO     Progress: 28%, Train Perplexity: 1.0061
2018-01-25 15:23:44,845 seq2seq.trainer.supervised_trainer INFO     Progress: 28%, Train Perplexity: 1.0021
2018-01-25 15:23:48,703 seq2seq.trainer.supervised_trainer INFO     Progress: 28%, Train Perplexity: 1.0038
2018-01-25 15:23:50,098 seq2seq.trainer.supervised_trainer INFO     Progress: 28%, Train Perplexity: 1.0076
2018-01-25 15:23:51,652 seq2seq.trainer.supervised_trainer INFO     Progress: 28%, Train Perplexity: 1.0163
2018-01-25 15:23:52,913 seq2seq.trainer.supervised_trainer INFO     Progress: 28%, Train Perplexity: 1.0017
2018-01-25 15:23:54,180 seq2seq.trainer.supervised_trainer INFO     Progress: 28%, Train Perplexity: 1.0069
2018-01-25 15:23:55,389 seq2seq.trainer.supervised_trainer INFO     Progress: 29%, Train Perplexity: 1.0053
2018-01-25 15:23:59,248 seq2seq.trainer.supervised_trainer INFO     Progress: 29%, Train Perplexity: 1.0053
2018-01-25 15:24:00,468 seq2seq.trainer.supervised_trainer INFO     Progress: 29%, Train Perplexity: 1.0078
2018-01-25 15:24:01,743 seq2seq.trainer.supervised_trainer INFO     Progress: 29%, Train Perplexity: 1.0008
2018-01-25 15:24:03,215 seq2seq.trainer.supervised_trainer INFO     Progress: 29%, Train Perplexity: 1.0011
2018-01-25 15:24:04,748 seq2seq.trainer.supervised_trainer INFO     Progress: 29%, Train Perplexity: 1.0001
2018-01-25 15:24:05,920 seq2seq.trainer.supervised_trainer INFO     Progress: 29%, Train Perplexity: 1.0008
2018-01-25 15:24:07,019 seq2seq.trainer.supervised_trainer INFO     Progress: 30%, Train Perplexity: 1.0000
2018-01-25 15:24:09,519 seq2seq.trainer.supervised_trainer INFO     Finished epoch 15: Train Perplexity: 1.0045, Dev Perplexity: 13.0297, Accuracy: 0.7174, Sequence Accuracy: 0.1467
2018-01-25 15:24:13,519 seq2seq.trainer.supervised_trainer INFO     Progress: 30%, Train Perplexity: 1.0005
2018-01-25 15:24:14,812 seq2seq.trainer.supervised_trainer INFO     Progress: 30%, Train Perplexity: 1.0007
2018-01-25 15:24:16,112 seq2seq.trainer.supervised_trainer INFO     Progress: 30%, Train Perplexity: 1.0077
2018-01-25 15:24:17,403 seq2seq.trainer.supervised_trainer INFO     Progress: 30%, Train Perplexity: 1.0020
2018-01-25 15:24:18,819 seq2seq.trainer.supervised_trainer INFO     Progress: 30%, Train Perplexity: 1.0013
2018-01-25 15:24:20,090 seq2seq.trainer.supervised_trainer INFO     Progress: 30%, Train Perplexity: 1.0043
2018-01-25 15:24:21,389 seq2seq.trainer.supervised_trainer INFO     Progress: 30%, Train Perplexity: 1.0000
2018-01-25 15:24:25,430 seq2seq.trainer.supervised_trainer INFO     Progress: 31%, Train Perplexity: 1.0011
2018-01-25 15:24:26,810 seq2seq.trainer.supervised_trainer INFO     Progress: 31%, Train Perplexity: 1.0002
2018-01-25 15:24:27,972 seq2seq.trainer.supervised_trainer INFO     Progress: 31%, Train Perplexity: 1.0001
2018-01-25 15:24:29,247 seq2seq.trainer.supervised_trainer INFO     Progress: 31%, Train Perplexity: 1.0003
2018-01-25 15:24:30,447 seq2seq.trainer.supervised_trainer INFO     Progress: 31%, Train Perplexity: 1.0001
2018-01-25 15:24:31,902 seq2seq.trainer.supervised_trainer INFO     Progress: 31%, Train Perplexity: 1.0001
2018-01-25 15:24:35,834 seq2seq.trainer.supervised_trainer INFO     Progress: 31%, Train Perplexity: 1.0004
2018-01-25 15:24:39,094 seq2seq.trainer.supervised_trainer INFO     Finished epoch 16: Train Perplexity: 1.0013, Dev Perplexity: 15.4851, Accuracy: 0.7196, Sequence Accuracy: 0.1528
2018-01-25 15:24:39,586 seq2seq.trainer.supervised_trainer INFO     Progress: 32%, Train Perplexity: 1.0004
2018-01-25 15:24:40,983 seq2seq.trainer.supervised_trainer INFO     Progress: 32%, Train Perplexity: 1.0127
2018-01-25 15:24:42,294 seq2seq.trainer.supervised_trainer INFO     Progress: 32%, Train Perplexity: 1.0044
2018-01-25 15:24:43,852 seq2seq.trainer.supervised_trainer INFO     Progress: 32%, Train Perplexity: 1.0063
2018-01-25 15:24:45,360 seq2seq.trainer.supervised_trainer INFO     Progress: 32%, Train Perplexity: 1.0099
2018-01-25 15:24:46,649 seq2seq.trainer.supervised_trainer INFO     Progress: 32%, Train Perplexity: 1.0054
2018-01-25 15:24:50,619 seq2seq.trainer.supervised_trainer INFO     Progress: 32%, Train Perplexity: 1.0084
2018-01-25 15:24:51,756 seq2seq.trainer.supervised_trainer INFO     Progress: 33%, Train Perplexity: 1.0025
2018-01-25 15:24:52,944 seq2seq.trainer.supervised_trainer INFO     Progress: 33%, Train Perplexity: 1.0000
2018-01-25 15:24:54,278 seq2seq.trainer.supervised_trainer INFO     Progress: 33%, Train Perplexity: 1.0003
2018-01-25 15:24:55,558 seq2seq.trainer.supervised_trainer INFO     Progress: 33%, Train Perplexity: 1.0027
2018-01-25 15:24:56,935 seq2seq.trainer.supervised_trainer INFO     Progress: 33%, Train Perplexity: 1.0004
2018-01-25 15:24:58,316 seq2seq.trainer.supervised_trainer INFO     Progress: 33%, Train Perplexity: 1.0065
2018-01-25 15:25:02,361 seq2seq.trainer.supervised_trainer INFO     Progress: 33%, Train Perplexity: 1.0037
2018-01-25 15:25:03,478 seq2seq.trainer.supervised_trainer INFO     Progress: 33%, Train Perplexity: 1.0012
2018-01-25 15:25:06,194 seq2seq.trainer.supervised_trainer INFO     Finished epoch 17: Train Perplexity: 1.0045, Dev Perplexity: 13.0015, Accuracy: 0.7144, Sequence Accuracy: 0.1061
2018-01-25 15:25:07,407 seq2seq.trainer.supervised_trainer INFO     Progress: 34%, Train Perplexity: 1.0026
2018-01-25 15:25:08,807 seq2seq.trainer.supervised_trainer INFO     Progress: 34%, Train Perplexity: 1.0028
2018-01-25 15:25:10,052 seq2seq.trainer.supervised_trainer INFO     Progress: 34%, Train Perplexity: 1.0081
2018-01-25 15:25:11,286 seq2seq.trainer.supervised_trainer INFO     Progress: 34%, Train Perplexity: 1.0050
2018-01-25 15:25:15,331 seq2seq.trainer.supervised_trainer INFO     Progress: 34%, Train Perplexity: 1.0032
2018-01-25 15:25:16,599 seq2seq.trainer.supervised_trainer INFO     Progress: 34%, Train Perplexity: 1.0009
2018-01-25 15:25:17,797 seq2seq.trainer.supervised_trainer INFO     Progress: 34%, Train Perplexity: 1.0015
2018-01-25 15:25:19,404 seq2seq.trainer.supervised_trainer INFO     Progress: 35%, Train Perplexity: 1.0056
2018-01-25 15:25:20,643 seq2seq.trainer.supervised_trainer INFO     Progress: 35%, Train Perplexity: 1.0010
2018-01-25 15:25:22,017 seq2seq.trainer.supervised_trainer INFO     Progress: 35%, Train Perplexity: 1.0002
2018-01-25 15:25:23,184 seq2seq.trainer.supervised_trainer INFO     Progress: 35%, Train Perplexity: 1.0024
2018-01-25 15:25:27,069 seq2seq.trainer.supervised_trainer INFO     Progress: 35%, Train Perplexity: 1.0078
2018-01-25 15:25:28,559 seq2seq.trainer.supervised_trainer INFO     Progress: 35%, Train Perplexity: 1.0004
2018-01-25 15:25:29,999 seq2seq.trainer.supervised_trainer INFO     Progress: 35%, Train Perplexity: 1.0002
2018-01-25 15:25:33,363 seq2seq.trainer.supervised_trainer INFO     Finished epoch 18: Train Perplexity: 1.0028, Dev Perplexity: 11.6905, Accuracy: 0.7271, Sequence Accuracy: 0.1587
2018-01-25 15:25:33,722 seq2seq.trainer.supervised_trainer INFO     Progress: 36%, Train Perplexity: 1.0001
2018-01-25 15:25:35,030 seq2seq.trainer.supervised_trainer INFO     Progress: 36%, Train Perplexity: 1.0093
2018-01-25 15:25:36,281 seq2seq.trainer.supervised_trainer INFO     Progress: 36%, Train Perplexity: 1.0016
2018-01-25 15:25:37,552 seq2seq.trainer.supervised_trainer INFO     Progress: 36%, Train Perplexity: 1.0012
2018-01-25 15:25:41,680 seq2seq.trainer.supervised_trainer INFO     Progress: 36%, Train Perplexity: 1.0021
2018-01-25 15:25:42,852 seq2seq.trainer.supervised_trainer INFO     Progress: 36%, Train Perplexity: 1.0001
2018-01-25 15:25:44,240 seq2seq.trainer.supervised_trainer INFO     Progress: 36%, Train Perplexity: 1.0001
2018-01-25 15:25:45,537 seq2seq.trainer.supervised_trainer INFO     Progress: 36%, Train Perplexity: 1.0000
2018-01-25 15:25:46,812 seq2seq.trainer.supervised_trainer INFO     Progress: 37%, Train Perplexity: 1.0000
2018-01-25 15:25:48,285 seq2seq.trainer.supervised_trainer INFO     Progress: 37%, Train Perplexity: 1.0003
2018-01-25 15:25:52,095 seq2seq.trainer.supervised_trainer INFO     Progress: 37%, Train Perplexity: 1.0000
2018-01-25 15:25:53,222 seq2seq.trainer.supervised_trainer INFO     Progress: 37%, Train Perplexity: 1.0043
2018-01-25 15:25:54,480 seq2seq.trainer.supervised_trainer INFO     Progress: 37%, Train Perplexity: 1.0002
2018-01-25 15:25:55,853 seq2seq.trainer.supervised_trainer INFO     Progress: 37%, Train Perplexity: 1.0000
2018-01-25 15:25:57,207 seq2seq.trainer.supervised_trainer INFO     Progress: 37%, Train Perplexity: 1.0009
2018-01-25 15:26:00,273 seq2seq.trainer.supervised_trainer INFO     Finished epoch 19: Train Perplexity: 1.0014, Dev Perplexity: 11.2407, Accuracy: 0.7281, Sequence Accuracy: 0.1518
2018-01-25 15:26:01,099 seq2seq.trainer.supervised_trainer INFO     Progress: 38%, Train Perplexity: 1.0007
2018-01-25 15:26:02,458 seq2seq.trainer.supervised_trainer INFO     Progress: 38%, Train Perplexity: 1.0004
2018-01-25 15:26:06,230 seq2seq.trainer.supervised_trainer INFO     Progress: 38%, Train Perplexity: 1.0011
2018-01-25 15:26:07,361 seq2seq.trainer.supervised_trainer INFO     Progress: 38%, Train Perplexity: 1.0001
2018-01-25 15:26:09,015 seq2seq.trainer.supervised_trainer INFO     Progress: 38%, Train Perplexity: 1.0000
2018-01-25 15:26:10,264 seq2seq.trainer.supervised_trainer INFO     Progress: 38%, Train Perplexity: 1.0010
2018-01-25 15:26:11,665 seq2seq.trainer.supervised_trainer INFO     Progress: 38%, Train Perplexity: 1.0000
2018-01-25 15:26:12,986 seq2seq.trainer.supervised_trainer INFO     Progress: 39%, Train Perplexity: 1.0000
2018-01-25 15:26:16,715 seq2seq.trainer.supervised_trainer INFO     Progress: 39%, Train Perplexity: 1.0000
2018-01-25 15:26:18,026 seq2seq.trainer.supervised_trainer INFO     Progress: 39%, Train Perplexity: 1.0002
2018-01-25 15:26:19,473 seq2seq.trainer.supervised_trainer INFO     Progress: 39%, Train Perplexity: 1.0000
2018-01-25 15:26:20,911 seq2seq.trainer.supervised_trainer INFO     Progress: 39%, Train Perplexity: 1.0002
2018-01-25 15:26:22,502 seq2seq.trainer.supervised_trainer INFO     Progress: 39%, Train Perplexity: 1.0004
2018-01-25 15:26:23,837 seq2seq.trainer.supervised_trainer INFO     Progress: 39%, Train Perplexity: 1.0001
2018-01-25 15:26:25,113 seq2seq.trainer.supervised_trainer INFO     Progress: 40%, Train Perplexity: 1.0001
2018-01-25 15:26:27,617 seq2seq.trainer.supervised_trainer INFO     Finished epoch 20: Train Perplexity: 1.0003, Dev Perplexity: 13.7793, Accuracy: 0.7175, Sequence Accuracy: 0.1459
2018-01-25 15:26:31,595 seq2seq.trainer.supervised_trainer INFO     Progress: 40%, Train Perplexity: 1.0002
2018-01-25 15:26:32,964 seq2seq.trainer.supervised_trainer INFO     Progress: 40%, Train Perplexity: 1.0019
2018-01-25 15:26:34,348 seq2seq.trainer.supervised_trainer INFO     Progress: 40%, Train Perplexity: 1.0007
2018-01-25 15:26:35,586 seq2seq.trainer.supervised_trainer INFO     Progress: 40%, Train Perplexity: 1.0013
2018-01-25 15:26:37,098 seq2seq.trainer.supervised_trainer INFO     Progress: 40%, Train Perplexity: 1.0041
2018-01-25 15:26:38,351 seq2seq.trainer.supervised_trainer INFO     Progress: 40%, Train Perplexity: 1.0005
2018-01-25 15:26:39,642 seq2seq.trainer.supervised_trainer INFO     Progress: 40%, Train Perplexity: 1.0002
2018-01-25 15:26:43,453 seq2seq.trainer.supervised_trainer INFO     Progress: 41%, Train Perplexity: 1.0000
2018-01-25 15:26:44,846 seq2seq.trainer.supervised_trainer INFO     Progress: 41%, Train Perplexity: 1.0059
2018-01-25 15:26:46,181 seq2seq.trainer.supervised_trainer INFO     Progress: 41%, Train Perplexity: 1.0006
2018-01-25 15:26:47,459 seq2seq.trainer.supervised_trainer INFO     Progress: 41%, Train Perplexity: 1.0013
2018-01-25 15:26:48,795 seq2seq.trainer.supervised_trainer INFO     Progress: 41%, Train Perplexity: 1.0004
2018-01-25 15:26:49,971 seq2seq.trainer.supervised_trainer INFO     Progress: 41%, Train Perplexity: 1.0002
2018-01-25 15:26:53,742 seq2seq.trainer.supervised_trainer INFO     Progress: 41%, Train Perplexity: 1.0104
2018-01-25 15:26:56,989 seq2seq.trainer.supervised_trainer INFO     Finished epoch 21: Train Perplexity: 1.0019, Dev Perplexity: 12.9793, Accuracy: 0.7234, Sequence Accuracy: 0.1579
2018-01-25 15:26:57,698 seq2seq.trainer.supervised_trainer INFO     Progress: 42%, Train Perplexity: 1.0002
2018-01-25 15:26:58,903 seq2seq.trainer.supervised_trainer INFO     Progress: 42%, Train Perplexity: 1.0018
2018-01-25 15:27:00,229 seq2seq.trainer.supervised_trainer INFO     Progress: 42%, Train Perplexity: 1.0012
2018-01-25 15:27:01,712 seq2seq.trainer.supervised_trainer INFO     Progress: 42%, Train Perplexity: 1.0059
2018-01-25 15:27:03,143 seq2seq.trainer.supervised_trainer INFO     Progress: 42%, Train Perplexity: 1.0027
2018-01-25 15:27:04,547 seq2seq.trainer.supervised_trainer INFO     Progress: 42%, Train Perplexity: 1.0080
2018-01-25 15:27:08,383 seq2seq.trainer.supervised_trainer INFO     Progress: 42%, Train Perplexity: 1.0026
2018-01-25 15:27:09,656 seq2seq.trainer.supervised_trainer INFO     Progress: 43%, Train Perplexity: 1.0009
2018-01-25 15:27:11,245 seq2seq.trainer.supervised_trainer INFO     Progress: 43%, Train Perplexity: 1.0234
2018-01-25 15:27:12,451 seq2seq.trainer.supervised_trainer INFO     Progress: 43%, Train Perplexity: 1.0034
2018-01-25 15:27:13,846 seq2seq.trainer.supervised_trainer INFO     Progress: 43%, Train Perplexity: 1.0014
2018-01-25 15:27:15,213 seq2seq.trainer.supervised_trainer INFO     Progress: 43%, Train Perplexity: 1.0006
2018-01-25 15:27:16,478 seq2seq.trainer.supervised_trainer INFO     Progress: 43%, Train Perplexity: 1.0004
2018-01-25 15:27:20,302 seq2seq.trainer.supervised_trainer INFO     Progress: 43%, Train Perplexity: 1.0002
2018-01-25 15:27:21,491 seq2seq.trainer.supervised_trainer INFO     Progress: 43%, Train Perplexity: 1.0001
2018-01-25 15:27:24,263 seq2seq.trainer.supervised_trainer INFO     Finished epoch 22: Train Perplexity: 1.0036, Dev Perplexity: 12.2983, Accuracy: 0.7233, Sequence Accuracy: 0.1533
2018-01-25 15:27:25,452 seq2seq.trainer.supervised_trainer INFO     Progress: 44%, Train Perplexity: 1.0015
2018-01-25 15:27:27,007 seq2seq.trainer.supervised_trainer INFO     Progress: 44%, Train Perplexity: 1.0060
2018-01-25 15:27:28,161 seq2seq.trainer.supervised_trainer INFO     Progress: 44%, Train Perplexity: 1.0014
2018-01-25 15:27:29,698 seq2seq.trainer.supervised_trainer INFO     Progress: 44%, Train Perplexity: 1.0075
2018-01-25 15:27:33,457 seq2seq.trainer.supervised_trainer INFO     Progress: 44%, Train Perplexity: 1.0007
2018-01-25 15:27:34,798 seq2seq.trainer.supervised_trainer INFO     Progress: 44%, Train Perplexity: 1.0035
2018-01-25 15:27:36,017 seq2seq.trainer.supervised_trainer INFO     Progress: 44%, Train Perplexity: 1.0034
2018-01-25 15:27:37,298 seq2seq.trainer.supervised_trainer INFO     Progress: 45%, Train Perplexity: 1.0022
2018-01-25 15:27:38,536 seq2seq.trainer.supervised_trainer INFO     Progress: 45%, Train Perplexity: 1.0005
2018-01-25 15:27:39,936 seq2seq.trainer.supervised_trainer INFO     Progress: 45%, Train Perplexity: 1.0000
2018-01-25 15:27:41,404 seq2seq.trainer.supervised_trainer INFO     Progress: 45%, Train Perplexity: 1.0000
2018-01-25 15:27:45,387 seq2seq.trainer.supervised_trainer INFO     Progress: 45%, Train Perplexity: 1.0000
2018-01-25 15:27:46,844 seq2seq.trainer.supervised_trainer INFO     Progress: 45%, Train Perplexity: 1.0000
2018-01-25 15:27:48,078 seq2seq.trainer.supervised_trainer INFO     Progress: 45%, Train Perplexity: 1.0000
2018-01-25 15:27:51,872 seq2seq.trainer.supervised_trainer INFO     Finished epoch 23: Train Perplexity: 1.0018, Dev Perplexity: 11.0480, Accuracy: 0.7296, Sequence Accuracy: 0.1768
2018-01-25 15:27:52,131 seq2seq.trainer.supervised_trainer INFO     Progress: 46%, Train Perplexity: 1.0000
2018-01-25 15:27:53,414 seq2seq.trainer.supervised_trainer INFO     Progress: 46%, Train Perplexity: 1.0002
2018-01-25 15:27:54,777 seq2seq.trainer.supervised_trainer INFO     Progress: 46%, Train Perplexity: 1.0058
2018-01-25 15:27:55,946 seq2seq.trainer.supervised_trainer INFO     Progress: 46%, Train Perplexity: 1.0002
2018-01-25 15:27:59,742 seq2seq.trainer.supervised_trainer INFO     Progress: 46%, Train Perplexity: 1.0049
2018-01-25 15:28:01,078 seq2seq.trainer.supervised_trainer INFO     Progress: 46%, Train Perplexity: 1.0002
2018-01-25 15:28:02,377 seq2seq.trainer.supervised_trainer INFO     Progress: 46%, Train Perplexity: 1.0013
2018-01-25 15:28:03,762 seq2seq.trainer.supervised_trainer INFO     Progress: 46%, Train Perplexity: 1.0001
2018-01-25 15:28:05,081 seq2seq.trainer.supervised_trainer INFO     Progress: 47%, Train Perplexity: 1.0000
2018-01-25 15:28:06,080 seq2seq.trainer.supervised_trainer INFO     Progress: 47%, Train Perplexity: 1.0000
2018-01-25 15:28:10,098 seq2seq.trainer.supervised_trainer INFO     Progress: 47%, Train Perplexity: 1.0001
2018-01-25 15:28:11,605 seq2seq.trainer.supervised_trainer INFO     Progress: 47%, Train Perplexity: 1.0001
2018-01-25 15:28:12,910 seq2seq.trainer.supervised_trainer INFO     Progress: 47%, Train Perplexity: 1.0003
2018-01-25 15:28:14,336 seq2seq.trainer.supervised_trainer INFO     Progress: 47%, Train Perplexity: 1.0000
2018-01-25 15:28:15,526 seq2seq.trainer.supervised_trainer INFO     Progress: 47%, Train Perplexity: 1.0022
2018-01-25 15:28:18,564 seq2seq.trainer.supervised_trainer INFO     Finished epoch 24: Train Perplexity: 1.0010, Dev Perplexity: 15.2774, Accuracy: 0.7229, Sequence Accuracy: 0.1656
2018-01-25 15:28:19,583 seq2seq.trainer.supervised_trainer INFO     Progress: 48%, Train Perplexity: 1.0041
2018-01-25 15:28:21,044 seq2seq.trainer.supervised_trainer INFO     Progress: 48%, Train Perplexity: 1.0001
2018-01-25 15:28:25,006 seq2seq.trainer.supervised_trainer INFO     Progress: 48%, Train Perplexity: 1.0047
2018-01-25 15:28:26,425 seq2seq.trainer.supervised_trainer INFO     Progress: 48%, Train Perplexity: 1.0006
2018-01-25 15:28:27,759 seq2seq.trainer.supervised_trainer INFO     Progress: 48%, Train Perplexity: 1.0009
2018-01-25 15:28:28,984 seq2seq.trainer.supervised_trainer INFO     Progress: 48%, Train Perplexity: 1.0001
2018-01-25 15:28:30,392 seq2seq.trainer.supervised_trainer INFO     Progress: 48%, Train Perplexity: 1.0000
2018-01-25 15:28:31,441 seq2seq.trainer.supervised_trainer INFO     Progress: 49%, Train Perplexity: 1.0001
2018-01-25 15:28:32,706 seq2seq.trainer.supervised_trainer INFO     Progress: 49%, Train Perplexity: 1.0002
2018-01-25 15:28:36,416 seq2seq.trainer.supervised_trainer INFO     Progress: 49%, Train Perplexity: 1.0000
2018-01-25 15:28:37,811 seq2seq.trainer.supervised_trainer INFO     Progress: 49%, Train Perplexity: 1.0001
2018-01-25 15:28:39,002 seq2seq.trainer.supervised_trainer INFO     Progress: 49%, Train Perplexity: 1.0001
2018-01-25 15:28:40,335 seq2seq.trainer.supervised_trainer INFO     Progress: 49%, Train Perplexity: 1.0001
2018-01-25 15:28:41,444 seq2seq.trainer.supervised_trainer INFO     Progress: 49%, Train Perplexity: 1.0000
2018-01-25 15:28:43,098 seq2seq.trainer.supervised_trainer INFO     Progress: 50%, Train Perplexity: 1.0000
2018-01-25 15:28:45,606 seq2seq.trainer.supervised_trainer INFO     Finished epoch 25: Train Perplexity: 1.0008, Dev Perplexity: 14.6438, Accuracy: 0.7310, Sequence Accuracy: 0.1628
2018-01-25 15:28:49,445 seq2seq.trainer.supervised_trainer INFO     Progress: 50%, Train Perplexity: 1.0002
2018-01-25 15:28:50,920 seq2seq.trainer.supervised_trainer INFO     Progress: 50%, Train Perplexity: 1.0001
2018-01-25 15:28:52,285 seq2seq.trainer.supervised_trainer INFO     Progress: 50%, Train Perplexity: 1.0000
2018-01-25 15:28:53,472 seq2seq.trainer.supervised_trainer INFO     Progress: 50%, Train Perplexity: 1.0000
2018-01-25 15:28:54,795 seq2seq.trainer.supervised_trainer INFO     Progress: 50%, Train Perplexity: 1.0000
2018-01-25 15:28:56,128 seq2seq.trainer.supervised_trainer INFO     Progress: 50%, Train Perplexity: 1.0004
2018-01-25 15:28:57,258 seq2seq.trainer.supervised_trainer INFO     Progress: 50%, Train Perplexity: 1.0000
2018-01-25 15:29:00,916 seq2seq.trainer.supervised_trainer INFO     Progress: 51%, Train Perplexity: 1.0001
2018-01-25 15:29:02,339 seq2seq.trainer.supervised_trainer INFO     Progress: 51%, Train Perplexity: 1.0004
2018-01-25 15:29:03,751 seq2seq.trainer.supervised_trainer INFO     Progress: 51%, Train Perplexity: 1.0000
2018-01-25 15:29:04,934 seq2seq.trainer.supervised_trainer INFO     Progress: 51%, Train Perplexity: 1.0000
2018-01-25 15:29:06,169 seq2seq.trainer.supervised_trainer INFO     Progress: 51%, Train Perplexity: 1.0000
2018-01-25 15:29:07,287 seq2seq.trainer.supervised_trainer INFO     Progress: 51%, Train Perplexity: 1.0000
2018-01-25 15:29:08,555 seq2seq.trainer.supervised_trainer INFO     Progress: 51%, Train Perplexity: 1.0006
2018-01-25 15:29:14,319 seq2seq.trainer.supervised_trainer INFO     Finished epoch 26: Train Perplexity: 1.0001, Dev Perplexity: 16.6892, Accuracy: 0.7232, Sequence Accuracy: 0.1612
2018-01-25 15:29:15,070 seq2seq.trainer.supervised_trainer INFO     Progress: 52%, Train Perplexity: 1.0001
2018-01-25 15:29:16,548 seq2seq.trainer.supervised_trainer INFO     Progress: 52%, Train Perplexity: 1.0029
2018-01-25 15:29:17,892 seq2seq.trainer.supervised_trainer INFO     Progress: 52%, Train Perplexity: 1.0011
2018-01-25 15:29:19,487 seq2seq.trainer.supervised_trainer INFO     Progress: 52%, Train Perplexity: 1.0122
2018-01-25 15:29:20,689 seq2seq.trainer.supervised_trainer INFO     Progress: 52%, Train Perplexity: 1.0022
2018-01-25 15:29:22,026 seq2seq.trainer.supervised_trainer INFO     Progress: 52%, Train Perplexity: 1.0011
2018-01-25 15:29:26,031 seq2seq.trainer.supervised_trainer INFO     Progress: 52%, Train Perplexity: 1.0136
2018-01-25 15:29:27,196 seq2seq.trainer.supervised_trainer INFO     Progress: 53%, Train Perplexity: 1.0015
2018-01-25 15:29:28,445 seq2seq.trainer.supervised_trainer INFO     Progress: 53%, Train Perplexity: 1.0011
2018-01-25 15:29:29,769 seq2seq.trainer.supervised_trainer INFO     Progress: 53%, Train Perplexity: 1.0010
2018-01-25 15:29:31,248 seq2seq.trainer.supervised_trainer INFO     Progress: 53%, Train Perplexity: 1.0000
2018-01-25 15:29:32,691 seq2seq.trainer.supervised_trainer INFO     Progress: 53%, Train Perplexity: 1.0000
2018-01-25 15:29:34,085 seq2seq.trainer.supervised_trainer INFO     Progress: 53%, Train Perplexity: 1.0000
2018-01-25 15:29:37,646 seq2seq.trainer.supervised_trainer INFO     Progress: 53%, Train Perplexity: 1.0000
2018-01-25 15:29:38,903 seq2seq.trainer.supervised_trainer INFO     Progress: 53%, Train Perplexity: 1.0000
2018-01-25 15:29:41,756 seq2seq.trainer.supervised_trainer INFO     Finished epoch 27: Train Perplexity: 1.0025, Dev Perplexity: 17.2674, Accuracy: 0.7211, Sequence Accuracy: 0.1439
2018-01-25 15:29:42,797 seq2seq.trainer.supervised_trainer INFO     Progress: 54%, Train Perplexity: 1.0000
2018-01-25 15:29:44,174 seq2seq.trainer.supervised_trainer INFO     Progress: 54%, Train Perplexity: 1.0001
2018-01-25 15:29:45,581 seq2seq.trainer.supervised_trainer INFO     Progress: 54%, Train Perplexity: 1.0002
2018-01-25 15:29:46,933 seq2seq.trainer.supervised_trainer INFO     Progress: 54%, Train Perplexity: 1.0011
2018-01-25 15:29:48,316 seq2seq.trainer.supervised_trainer INFO     Progress: 54%, Train Perplexity: 1.0019
2018-01-25 15:29:52,154 seq2seq.trainer.supervised_trainer INFO     Progress: 54%, Train Perplexity: 1.0004
2018-01-25 15:29:53,523 seq2seq.trainer.supervised_trainer INFO     Progress: 54%, Train Perplexity: 1.0002
2018-01-25 15:29:54,925 seq2seq.trainer.supervised_trainer INFO     Progress: 55%, Train Perplexity: 1.0001
2018-01-25 15:29:56,162 seq2seq.trainer.supervised_trainer INFO     Progress: 55%, Train Perplexity: 1.0005
2018-01-25 15:29:57,386 seq2seq.trainer.supervised_trainer INFO     Progress: 55%, Train Perplexity: 1.0239
2018-01-25 15:29:58,748 seq2seq.trainer.supervised_trainer INFO     Progress: 55%, Train Perplexity: 1.0077
2018-01-25 15:30:02,611 seq2seq.trainer.supervised_trainer INFO     Progress: 55%, Train Perplexity: 1.0009
2018-01-25 15:30:03,787 seq2seq.trainer.supervised_trainer INFO     Progress: 55%, Train Perplexity: 1.0000
2018-01-25 15:30:05,010 seq2seq.trainer.supervised_trainer INFO     Progress: 55%, Train Perplexity: 1.0005
2018-01-25 15:30:08,463 seq2seq.trainer.supervised_trainer INFO     Finished epoch 28: Train Perplexity: 1.0026, Dev Perplexity: 16.9274, Accuracy: 0.7208, Sequence Accuracy: 0.1528
2018-01-25 15:30:08,821 seq2seq.trainer.supervised_trainer INFO     Progress: 56%, Train Perplexity: 1.0001
2018-01-25 15:30:10,168 seq2seq.trainer.supervised_trainer INFO     Progress: 56%, Train Perplexity: 1.0003
2018-01-25 15:30:11,403 seq2seq.trainer.supervised_trainer INFO     Progress: 56%, Train Perplexity: 1.0003
2018-01-25 15:30:12,792 seq2seq.trainer.supervised_trainer INFO     Progress: 56%, Train Perplexity: 1.0007
2018-01-25 15:30:16,604 seq2seq.trainer.supervised_trainer INFO     Progress: 56%, Train Perplexity: 1.0025
2018-01-25 15:30:17,872 seq2seq.trainer.supervised_trainer INFO     Progress: 56%, Train Perplexity: 1.0001
2018-01-25 15:30:19,047 seq2seq.trainer.supervised_trainer INFO     Progress: 56%, Train Perplexity: 1.0000
2018-01-25 15:30:20,292 seq2seq.trainer.supervised_trainer INFO     Progress: 56%, Train Perplexity: 1.0002
2018-01-25 15:30:21,570 seq2seq.trainer.supervised_trainer INFO     Progress: 57%, Train Perplexity: 1.0000
2018-01-25 15:30:22,720 seq2seq.trainer.supervised_trainer INFO     Progress: 57%, Train Perplexity: 1.0007
2018-01-25 15:30:26,692 seq2seq.trainer.supervised_trainer INFO     Progress: 57%, Train Perplexity: 1.0006
2018-01-25 15:30:27,911 seq2seq.trainer.supervised_trainer INFO     Progress: 57%, Train Perplexity: 1.0000
2018-01-25 15:30:29,419 seq2seq.trainer.supervised_trainer INFO     Progress: 57%, Train Perplexity: 1.0006
2018-01-25 15:30:30,526 seq2seq.trainer.supervised_trainer INFO     Progress: 57%, Train Perplexity: 1.0000
2018-01-25 15:30:31,648 seq2seq.trainer.supervised_trainer INFO     Progress: 57%, Train Perplexity: 1.0001
2018-01-25 15:30:34,687 seq2seq.trainer.supervised_trainer INFO     Finished epoch 29: Train Perplexity: 1.0004, Dev Perplexity: 13.7864, Accuracy: 0.7255, Sequence Accuracy: 0.1551
2018-01-25 15:30:35,529 seq2seq.trainer.supervised_trainer INFO     Progress: 58%, Train Perplexity: 1.0004
2018-01-25 15:30:37,038 seq2seq.trainer.supervised_trainer INFO     Progress: 58%, Train Perplexity: 1.0003
2018-01-25 15:30:40,878 seq2seq.trainer.supervised_trainer INFO     Progress: 58%, Train Perplexity: 1.0001
2018-01-25 15:30:42,390 seq2seq.trainer.supervised_trainer INFO     Progress: 58%, Train Perplexity: 1.0002
2018-01-25 15:30:43,559 seq2seq.trainer.supervised_trainer INFO     Progress: 58%, Train Perplexity: 1.0004
2018-01-25 15:30:44,725 seq2seq.trainer.supervised_trainer INFO     Progress: 58%, Train Perplexity: 1.0001
2018-01-25 15:30:46,006 seq2seq.trainer.supervised_trainer INFO     Progress: 58%, Train Perplexity: 1.0007
2018-01-25 15:30:47,093 seq2seq.trainer.supervised_trainer INFO     Progress: 59%, Train Perplexity: 1.0001
2018-01-25 15:30:48,644 seq2seq.trainer.supervised_trainer INFO     Progress: 59%, Train Perplexity: 1.0003
2018-01-25 15:30:52,501 seq2seq.trainer.supervised_trainer INFO     Progress: 59%, Train Perplexity: 1.0004
2018-01-25 15:30:53,795 seq2seq.trainer.supervised_trainer INFO     Progress: 59%, Train Perplexity: 1.0002
2018-01-25 15:30:55,059 seq2seq.trainer.supervised_trainer INFO     Progress: 59%, Train Perplexity: 1.0001
2018-01-25 15:30:56,466 seq2seq.trainer.supervised_trainer INFO     Progress: 59%, Train Perplexity: 1.0058
2018-01-25 15:30:57,799 seq2seq.trainer.supervised_trainer INFO     Progress: 59%, Train Perplexity: 1.0000
2018-01-25 15:30:59,356 seq2seq.trainer.supervised_trainer INFO     Progress: 60%, Train Perplexity: 1.0011
2018-01-25 15:31:01,851 seq2seq.trainer.supervised_trainer INFO     Finished epoch 30: Train Perplexity: 1.0007, Dev Perplexity: 12.6415, Accuracy: 0.7179, Sequence Accuracy: 0.1533
2018-01-25 15:31:05,907 seq2seq.trainer.supervised_trainer INFO     Progress: 60%, Train Perplexity: 1.0054
2018-01-25 15:31:07,208 seq2seq.trainer.supervised_trainer INFO     Progress: 60%, Train Perplexity: 1.0000
2018-01-25 15:31:08,150 seq2seq.trainer.supervised_trainer INFO     Progress: 60%, Train Perplexity: 1.0000
2018-01-25 15:31:09,723 seq2seq.trainer.supervised_trainer INFO     Progress: 60%, Train Perplexity: 1.0000
2018-01-25 15:31:11,101 seq2seq.trainer.supervised_trainer INFO     Progress: 60%, Train Perplexity: 1.0000
2018-01-25 15:31:12,340 seq2seq.trainer.supervised_trainer INFO     Progress: 60%, Train Perplexity: 1.0000
2018-01-25 15:31:13,592 seq2seq.trainer.supervised_trainer INFO     Progress: 60%, Train Perplexity: 1.0000
2018-01-25 15:31:17,372 seq2seq.trainer.supervised_trainer INFO     Progress: 61%, Train Perplexity: 1.0000
2018-01-25 15:31:18,791 seq2seq.trainer.supervised_trainer INFO     Progress: 61%, Train Perplexity: 1.0000
2018-01-25 15:31:20,141 seq2seq.trainer.supervised_trainer INFO     Progress: 61%, Train Perplexity: 1.0000
2018-01-25 15:31:21,629 seq2seq.trainer.supervised_trainer INFO     Progress: 61%, Train Perplexity: 1.0000
2018-01-25 15:31:22,862 seq2seq.trainer.supervised_trainer INFO     Progress: 61%, Train Perplexity: 1.0000
2018-01-25 15:31:24,128 seq2seq.trainer.supervised_trainer INFO     Progress: 61%, Train Perplexity: 1.0000
2018-01-25 15:31:25,390 seq2seq.trainer.supervised_trainer INFO     Progress: 61%, Train Perplexity: 1.0000
2018-01-25 15:31:31,159 seq2seq.trainer.supervised_trainer INFO     Finished epoch 31: Train Perplexity: 1.0004, Dev Perplexity: 12.9701, Accuracy: 0.7142, Sequence Accuracy: 0.1513
2018-01-25 15:31:31,775 seq2seq.trainer.supervised_trainer INFO     Progress: 62%, Train Perplexity: 1.0000
2018-01-25 15:31:33,076 seq2seq.trainer.supervised_trainer INFO     Progress: 62%, Train Perplexity: 1.0000
2018-01-25 15:31:34,548 seq2seq.trainer.supervised_trainer INFO     Progress: 62%, Train Perplexity: 1.0005
2018-01-25 15:31:36,066 seq2seq.trainer.supervised_trainer INFO     Progress: 62%, Train Perplexity: 1.0031
2018-01-25 15:31:37,703 seq2seq.trainer.supervised_trainer INFO     Progress: 62%, Train Perplexity: 1.0002
2018-01-25 15:31:39,081 seq2seq.trainer.supervised_trainer INFO     Progress: 62%, Train Perplexity: 1.0084
2018-01-25 15:31:42,978 seq2seq.trainer.supervised_trainer INFO     Progress: 62%, Train Perplexity: 1.0266
2018-01-25 15:31:44,247 seq2seq.trainer.supervised_trainer INFO     Progress: 63%, Train Perplexity: 1.0002
2018-01-25 15:31:45,506 seq2seq.trainer.supervised_trainer INFO     Progress: 63%, Train Perplexity: 1.0004
2018-01-25 15:31:46,705 seq2seq.trainer.supervised_trainer INFO     Progress: 63%, Train Perplexity: 1.0002
2018-01-25 15:31:48,068 seq2seq.trainer.supervised_trainer INFO     Progress: 63%, Train Perplexity: 1.0000
2018-01-25 15:31:49,331 seq2seq.trainer.supervised_trainer INFO     Progress: 63%, Train Perplexity: 1.0046
2018-01-25 15:31:50,704 seq2seq.trainer.supervised_trainer INFO     Progress: 63%, Train Perplexity: 1.0007
2018-01-25 15:31:54,454 seq2seq.trainer.supervised_trainer INFO     Progress: 63%, Train Perplexity: 1.0004
2018-01-25 15:31:55,752 seq2seq.trainer.supervised_trainer INFO     Progress: 63%, Train Perplexity: 1.0003
2018-01-25 15:31:58,581 seq2seq.trainer.supervised_trainer INFO     Finished epoch 32: Train Perplexity: 1.0031, Dev Perplexity: 12.1233, Accuracy: 0.7146, Sequence Accuracy: 0.1536
2018-01-25 15:31:59,829 seq2seq.trainer.supervised_trainer INFO     Progress: 64%, Train Perplexity: 1.0000
2018-01-25 15:32:01,230 seq2seq.trainer.supervised_trainer INFO     Progress: 64%, Train Perplexity: 1.0002
2018-01-25 15:32:02,391 seq2seq.trainer.supervised_trainer INFO     Progress: 64%, Train Perplexity: 1.0048
2018-01-25 15:32:03,803 seq2seq.trainer.supervised_trainer INFO     Progress: 64%, Train Perplexity: 1.0057
2018-01-25 15:32:05,259 seq2seq.trainer.supervised_trainer INFO     Progress: 64%, Train Perplexity: 1.0031
2018-01-25 15:32:09,003 seq2seq.trainer.supervised_trainer INFO     Progress: 64%, Train Perplexity: 1.0001
2018-01-25 15:32:10,351 seq2seq.trainer.supervised_trainer INFO     Progress: 64%, Train Perplexity: 1.0005
2018-01-25 15:32:11,720 seq2seq.trainer.supervised_trainer INFO     Progress: 65%, Train Perplexity: 1.0004
2018-01-25 15:32:13,026 seq2seq.trainer.supervised_trainer INFO     Progress: 65%, Train Perplexity: 1.0017
2018-01-25 15:32:14,532 seq2seq.trainer.supervised_trainer INFO     Progress: 65%, Train Perplexity: 1.0062
2018-01-25 15:32:15,638 seq2seq.trainer.supervised_trainer INFO     Progress: 65%, Train Perplexity: 1.0000
2018-01-25 15:32:19,393 seq2seq.trainer.supervised_trainer INFO     Progress: 65%, Train Perplexity: 1.0001
2018-01-25 15:32:20,695 seq2seq.trainer.supervised_trainer INFO     Progress: 65%, Train Perplexity: 1.0000
2018-01-25 15:32:22,119 seq2seq.trainer.supervised_trainer INFO     Progress: 65%, Train Perplexity: 1.0001
2018-01-25 15:32:25,705 seq2seq.trainer.supervised_trainer INFO     Finished epoch 33: Train Perplexity: 1.0016, Dev Perplexity: 9.8606, Accuracy: 0.7502, Sequence Accuracy: 0.1648
2018-01-25 15:32:26,058 seq2seq.trainer.supervised_trainer INFO     Progress: 66%, Train Perplexity: 1.0030
2018-01-25 15:32:27,317 seq2seq.trainer.supervised_trainer INFO     Progress: 66%, Train Perplexity: 1.0002
2018-01-25 15:32:28,673 seq2seq.trainer.supervised_trainer INFO     Progress: 66%, Train Perplexity: 1.0008
2018-01-25 15:32:29,949 seq2seq.trainer.supervised_trainer INFO     Progress: 66%, Train Perplexity: 1.0087
2018-01-25 15:32:33,730 seq2seq.trainer.supervised_trainer INFO     Progress: 66%, Train Perplexity: 1.0299
2018-01-25 15:32:34,967 seq2seq.trainer.supervised_trainer INFO     Progress: 66%, Train Perplexity: 1.0149
2018-01-25 15:32:36,259 seq2seq.trainer.supervised_trainer INFO     Progress: 66%, Train Perplexity: 1.0005
2018-01-25 15:32:37,618 seq2seq.trainer.supervised_trainer INFO     Progress: 66%, Train Perplexity: 1.0004
2018-01-25 15:32:38,934 seq2seq.trainer.supervised_trainer INFO     Progress: 67%, Train Perplexity: 1.0016
2018-01-25 15:32:40,280 seq2seq.trainer.supervised_trainer INFO     Progress: 67%, Train Perplexity: 1.0000
2018-01-25 15:32:41,359 seq2seq.trainer.supervised_trainer INFO     Progress: 67%, Train Perplexity: 1.0000
2018-01-25 15:32:44,968 seq2seq.trainer.supervised_trainer INFO     Progress: 67%, Train Perplexity: 1.0000
2018-01-25 15:32:46,265 seq2seq.trainer.supervised_trainer INFO     Progress: 67%, Train Perplexity: 1.0000
2018-01-25 15:32:47,562 seq2seq.trainer.supervised_trainer INFO     Progress: 67%, Train Perplexity: 1.0000
2018-01-25 15:32:48,890 seq2seq.trainer.supervised_trainer INFO     Progress: 67%, Train Perplexity: 1.0000
2018-01-25 15:32:51,999 seq2seq.trainer.supervised_trainer INFO     Finished epoch 34: Train Perplexity: 1.0041, Dev Perplexity: 8.8065, Accuracy: 0.7452, Sequence Accuracy: 0.1577
2018-01-25 15:32:52,863 seq2seq.trainer.supervised_trainer INFO     Progress: 68%, Train Perplexity: 1.0001
2018-01-25 15:32:54,165 seq2seq.trainer.supervised_trainer INFO     Progress: 68%, Train Perplexity: 1.0006
2018-01-25 15:32:58,026 seq2seq.trainer.supervised_trainer INFO     Progress: 68%, Train Perplexity: 1.0000
2018-01-25 15:32:59,222 seq2seq.trainer.supervised_trainer INFO     Progress: 68%, Train Perplexity: 1.0000
2018-01-25 15:33:00,371 seq2seq.trainer.supervised_trainer INFO     Progress: 68%, Train Perplexity: 1.0000
2018-01-25 15:33:01,750 seq2seq.trainer.supervised_trainer INFO     Progress: 68%, Train Perplexity: 1.0000
2018-01-25 15:33:03,201 seq2seq.trainer.supervised_trainer INFO     Progress: 68%, Train Perplexity: 1.0000
2018-01-25 15:33:04,709 seq2seq.trainer.supervised_trainer INFO     Progress: 69%, Train Perplexity: 1.0000
2018-01-25 15:33:06,126 seq2seq.trainer.supervised_trainer INFO     Progress: 69%, Train Perplexity: 1.0000
2018-01-25 15:33:09,831 seq2seq.trainer.supervised_trainer INFO     Progress: 69%, Train Perplexity: 1.0000
2018-01-25 15:33:11,105 seq2seq.trainer.supervised_trainer INFO     Progress: 69%, Train Perplexity: 1.0000
2018-01-25 15:33:12,341 seq2seq.trainer.supervised_trainer INFO     Progress: 69%, Train Perplexity: 1.0000
2018-01-25 15:33:13,646 seq2seq.trainer.supervised_trainer INFO     Progress: 69%, Train Perplexity: 1.0000
2018-01-25 15:33:15,052 seq2seq.trainer.supervised_trainer INFO     Progress: 69%, Train Perplexity: 1.0000
2018-01-25 15:33:16,338 seq2seq.trainer.supervised_trainer INFO     Progress: 70%, Train Perplexity: 1.0000
2018-01-25 15:33:18,817 seq2seq.trainer.supervised_trainer INFO     Finished epoch 35: Train Perplexity: 1.0001, Dev Perplexity: 10.2294, Accuracy: 0.7388, Sequence Accuracy: 0.1577
2018-01-25 15:33:20,129 seq2seq.trainer.supervised_trainer INFO     Progress: 70%, Train Perplexity: 1.0000
2018-01-25 15:33:23,848 seq2seq.trainer.supervised_trainer INFO     Progress: 70%, Train Perplexity: 1.0000
2018-01-25 15:33:25,281 seq2seq.trainer.supervised_trainer INFO     Progress: 70%, Train Perplexity: 1.0000
2018-01-25 15:33:26,500 seq2seq.trainer.supervised_trainer INFO     Progress: 70%, Train Perplexity: 1.0000
2018-01-25 15:33:27,712 seq2seq.trainer.supervised_trainer INFO     Progress: 70%, Train Perplexity: 1.0000
2018-01-25 15:33:29,179 seq2seq.trainer.supervised_trainer INFO     Progress: 70%, Train Perplexity: 1.0004
2018-01-25 15:33:30,383 seq2seq.trainer.supervised_trainer INFO     Progress: 70%, Train Perplexity: 1.0000
2018-01-25 15:33:34,211 seq2seq.trainer.supervised_trainer INFO     Progress: 71%, Train Perplexity: 1.0006
2018-01-25 15:33:35,399 seq2seq.trainer.supervised_trainer INFO     Progress: 71%, Train Perplexity: 1.0000
2018-01-25 15:33:36,505 seq2seq.trainer.supervised_trainer INFO     Progress: 71%, Train Perplexity: 1.0000
2018-01-25 15:33:38,139 seq2seq.trainer.supervised_trainer INFO     Progress: 71%, Train Perplexity: 1.0000
2018-01-25 15:33:39,443 seq2seq.trainer.supervised_trainer INFO     Progress: 71%, Train Perplexity: 1.0000
2018-01-25 15:33:40,627 seq2seq.trainer.supervised_trainer INFO     Progress: 71%, Train Perplexity: 1.0000
2018-01-25 15:33:41,880 seq2seq.trainer.supervised_trainer INFO     Progress: 71%, Train Perplexity: 1.0000
2018-01-25 15:33:47,656 seq2seq.trainer.supervised_trainer INFO     Finished epoch 36: Train Perplexity: 1.0001, Dev Perplexity: 10.9740, Accuracy: 0.7405, Sequence Accuracy: 0.1543
2018-01-25 15:33:48,172 seq2seq.trainer.supervised_trainer INFO     Progress: 72%, Train Perplexity: 1.0000
2018-01-25 15:33:49,506 seq2seq.trainer.supervised_trainer INFO     Progress: 72%, Train Perplexity: 1.0000
2018-01-25 15:33:50,922 seq2seq.trainer.supervised_trainer INFO     Progress: 72%, Train Perplexity: 1.0018
2018-01-25 15:33:52,052 seq2seq.trainer.supervised_trainer INFO     Progress: 72%, Train Perplexity: 1.0009
2018-01-25 15:33:53,218 seq2seq.trainer.supervised_trainer INFO     Progress: 72%, Train Perplexity: 1.0004
2018-01-25 15:33:54,649 seq2seq.trainer.supervised_trainer INFO     Progress: 72%, Train Perplexity: 1.0016
2018-01-25 15:33:55,956 seq2seq.trainer.supervised_trainer INFO     Progress: 72%, Train Perplexity: 1.0008
2018-01-25 15:33:59,417 seq2seq.trainer.supervised_trainer INFO     Progress: 73%, Train Perplexity: 1.0014
2018-01-25 15:34:00,647 seq2seq.trainer.supervised_trainer INFO     Progress: 73%, Train Perplexity: 1.0014
2018-01-25 15:34:02,091 seq2seq.trainer.supervised_trainer INFO     Progress: 73%, Train Perplexity: 1.0041
2018-01-25 15:34:03,339 seq2seq.trainer.supervised_trainer INFO     Progress: 73%, Train Perplexity: 1.0004
2018-01-25 15:34:04,718 seq2seq.trainer.supervised_trainer INFO     Progress: 73%, Train Perplexity: 1.0003
2018-01-25 15:34:06,166 seq2seq.trainer.supervised_trainer INFO     Progress: 73%, Train Perplexity: 1.0000
2018-01-25 15:34:09,976 seq2seq.trainer.supervised_trainer INFO     Progress: 73%, Train Perplexity: 1.0000
2018-01-25 15:34:11,402 seq2seq.trainer.supervised_trainer INFO     Progress: 73%, Train Perplexity: 1.0002
2018-01-25 15:34:14,226 seq2seq.trainer.supervised_trainer INFO     Finished epoch 37: Train Perplexity: 1.0009, Dev Perplexity: 10.5872, Accuracy: 0.7370, Sequence Accuracy: 0.1579
2018-01-25 15:34:15,174 seq2seq.trainer.supervised_trainer INFO     Progress: 74%, Train Perplexity: 1.0003
2018-01-25 15:34:16,594 seq2seq.trainer.supervised_trainer INFO     Progress: 74%, Train Perplexity: 1.0004
2018-01-25 15:34:17,762 seq2seq.trainer.supervised_trainer INFO     Progress: 74%, Train Perplexity: 1.0000
2018-01-25 15:34:19,130 seq2seq.trainer.supervised_trainer INFO     Progress: 74%, Train Perplexity: 1.0046
2018-01-25 15:34:20,435 seq2seq.trainer.supervised_trainer INFO     Progress: 74%, Train Perplexity: 1.0006
2018-01-25 15:34:24,338 seq2seq.trainer.supervised_trainer INFO     Progress: 74%, Train Perplexity: 1.0000
2018-01-25 15:34:25,668 seq2seq.trainer.supervised_trainer INFO     Progress: 74%, Train Perplexity: 1.0000
2018-01-25 15:34:26,778 seq2seq.trainer.supervised_trainer INFO     Progress: 75%, Train Perplexity: 1.0009
2018-01-25 15:34:27,856 seq2seq.trainer.supervised_trainer INFO     Progress: 75%, Train Perplexity: 1.0000
2018-01-25 15:34:29,119 seq2seq.trainer.supervised_trainer INFO     Progress: 75%, Train Perplexity: 1.0000
2018-01-25 15:34:30,549 seq2seq.trainer.supervised_trainer INFO     Progress: 75%, Train Perplexity: 1.0000
2018-01-25 15:34:34,441 seq2seq.trainer.supervised_trainer INFO     Progress: 75%, Train Perplexity: 1.0000
2018-01-25 15:34:35,570 seq2seq.trainer.supervised_trainer INFO     Progress: 75%, Train Perplexity: 1.0000
2018-01-25 15:34:36,665 seq2seq.trainer.supervised_trainer INFO     Progress: 75%, Train Perplexity: 1.0000
2018-01-25 15:34:40,273 seq2seq.trainer.supervised_trainer INFO     Finished epoch 38: Train Perplexity: 1.0005, Dev Perplexity: 12.1404, Accuracy: 0.7299, Sequence Accuracy: 0.1546
2018-01-25 15:34:40,597 seq2seq.trainer.supervised_trainer INFO     Progress: 76%, Train Perplexity: 1.0000
2018-01-25 15:34:41,859 seq2seq.trainer.supervised_trainer INFO     Progress: 76%, Train Perplexity: 1.0001
2018-01-25 15:34:43,248 seq2seq.trainer.supervised_trainer INFO     Progress: 76%, Train Perplexity: 1.0020
2018-01-25 15:34:44,598 seq2seq.trainer.supervised_trainer INFO     Progress: 76%, Train Perplexity: 1.0008
2018-01-25 15:34:48,456 seq2seq.trainer.supervised_trainer INFO     Progress: 76%, Train Perplexity: 1.0004
2018-01-25 15:34:49,767 seq2seq.trainer.supervised_trainer INFO     Progress: 76%, Train Perplexity: 1.0006
2018-01-25 15:34:51,070 seq2seq.trainer.supervised_trainer INFO     Progress: 76%, Train Perplexity: 1.0000
2018-01-25 15:34:52,172 seq2seq.trainer.supervised_trainer INFO     Progress: 76%, Train Perplexity: 1.0000
2018-01-25 15:34:53,557 seq2seq.trainer.supervised_trainer INFO     Progress: 77%, Train Perplexity: 1.0000
2018-01-25 15:34:54,775 seq2seq.trainer.supervised_trainer INFO     Progress: 77%, Train Perplexity: 1.0000
2018-01-25 15:34:56,192 seq2seq.trainer.supervised_trainer INFO     Progress: 77%, Train Perplexity: 1.0000
2018-01-25 15:34:59,808 seq2seq.trainer.supervised_trainer INFO     Progress: 77%, Train Perplexity: 1.0000
2018-01-25 15:35:01,216 seq2seq.trainer.supervised_trainer INFO     Progress: 77%, Train Perplexity: 1.0000
2018-01-25 15:35:02,422 seq2seq.trainer.supervised_trainer INFO     Progress: 77%, Train Perplexity: 1.0000
2018-01-25 15:35:03,677 seq2seq.trainer.supervised_trainer INFO     Progress: 77%, Train Perplexity: 1.0018
2018-01-25 15:35:06,626 seq2seq.trainer.supervised_trainer INFO     Finished epoch 39: Train Perplexity: 1.0004, Dev Perplexity: 12.2911, Accuracy: 0.7263, Sequence Accuracy: 0.1543
2018-01-25 15:35:07,509 seq2seq.trainer.supervised_trainer INFO     Progress: 78%, Train Perplexity: 1.0005
2018-01-25 15:35:08,788 seq2seq.trainer.supervised_trainer INFO     Progress: 78%, Train Perplexity: 1.0004
2018-01-25 15:35:12,455 seq2seq.trainer.supervised_trainer INFO     Progress: 78%, Train Perplexity: 1.0063
2018-01-25 15:35:13,787 seq2seq.trainer.supervised_trainer INFO     Progress: 78%, Train Perplexity: 1.0013
2018-01-25 15:35:15,098 seq2seq.trainer.supervised_trainer INFO     Progress: 78%, Train Perplexity: 1.0001
2018-01-25 15:35:16,561 seq2seq.trainer.supervised_trainer INFO     Progress: 78%, Train Perplexity: 1.0000
2018-01-25 15:35:18,116 seq2seq.trainer.supervised_trainer INFO     Progress: 78%, Train Perplexity: 1.0000
2018-01-25 15:35:19,341 seq2seq.trainer.supervised_trainer INFO     Progress: 79%, Train Perplexity: 1.0000
2018-01-25 15:35:20,730 seq2seq.trainer.supervised_trainer INFO     Progress: 79%, Train Perplexity: 1.0000
2018-01-25 15:35:24,388 seq2seq.trainer.supervised_trainer INFO     Progress: 79%, Train Perplexity: 1.0000
2018-01-25 15:35:26,039 seq2seq.trainer.supervised_trainer INFO     Progress: 79%, Train Perplexity: 1.0000
2018-01-25 15:35:27,262 seq2seq.trainer.supervised_trainer INFO     Progress: 79%, Train Perplexity: 1.0000
2018-01-25 15:35:28,374 seq2seq.trainer.supervised_trainer INFO     Progress: 79%, Train Perplexity: 1.0000
2018-01-25 15:35:29,625 seq2seq.trainer.supervised_trainer INFO     Progress: 79%, Train Perplexity: 1.0000
2018-01-25 15:35:30,770 seq2seq.trainer.supervised_trainer INFO     Progress: 80%, Train Perplexity: 1.0000
2018-01-25 15:35:33,256 seq2seq.trainer.supervised_trainer INFO     Finished epoch 40: Train Perplexity: 1.0006, Dev Perplexity: 12.9889, Accuracy: 0.7298, Sequence Accuracy: 0.1602
2018-01-25 15:35:34,645 seq2seq.trainer.supervised_trainer INFO     Progress: 80%, Train Perplexity: 1.0002
2018-01-25 15:35:38,572 seq2seq.trainer.supervised_trainer INFO     Progress: 80%, Train Perplexity: 1.0000
2018-01-25 15:35:39,932 seq2seq.trainer.supervised_trainer INFO     Progress: 80%, Train Perplexity: 1.0000
2018-01-25 15:35:41,191 seq2seq.trainer.supervised_trainer INFO     Progress: 80%, Train Perplexity: 1.0001
2018-01-25 15:35:42,671 seq2seq.trainer.supervised_trainer INFO     Progress: 80%, Train Perplexity: 1.0002
2018-01-25 15:35:44,060 seq2seq.trainer.supervised_trainer INFO     Progress: 80%, Train Perplexity: 1.0000
2018-01-25 15:35:45,415 seq2seq.trainer.supervised_trainer INFO     Progress: 80%, Train Perplexity: 1.0023
2018-01-25 15:35:49,068 seq2seq.trainer.supervised_trainer INFO     Progress: 81%, Train Perplexity: 1.0033
2018-01-25 15:35:50,224 seq2seq.trainer.supervised_trainer INFO     Progress: 81%, Train Perplexity: 1.0104
2018-01-25 15:35:51,718 seq2seq.trainer.supervised_trainer INFO     Progress: 81%, Train Perplexity: 1.0007
2018-01-25 15:35:53,011 seq2seq.trainer.supervised_trainer INFO     Progress: 81%, Train Perplexity: 1.0001
2018-01-25 15:35:54,371 seq2seq.trainer.supervised_trainer INFO     Progress: 81%, Train Perplexity: 1.0002
2018-01-25 15:35:55,638 seq2seq.trainer.supervised_trainer INFO     Progress: 81%, Train Perplexity: 1.0017
2018-01-25 15:35:56,742 seq2seq.trainer.supervised_trainer INFO     Progress: 81%, Train Perplexity: 1.0007
2018-01-25 15:36:02,587 seq2seq.trainer.supervised_trainer INFO     Finished epoch 41: Train Perplexity: 1.0014, Dev Perplexity: 12.4575, Accuracy: 0.7316, Sequence Accuracy: 0.1528
2018-01-25 15:36:03,098 seq2seq.trainer.supervised_trainer INFO     Progress: 82%, Train Perplexity: 1.0002
2018-01-25 15:36:04,387 seq2seq.trainer.supervised_trainer INFO     Progress: 82%, Train Perplexity: 1.0007
2018-01-25 15:36:05,602 seq2seq.trainer.supervised_trainer INFO     Progress: 82%, Train Perplexity: 1.0009
2018-01-25 15:36:07,184 seq2seq.trainer.supervised_trainer INFO     Progress: 82%, Train Perplexity: 1.0001
2018-01-25 15:36:08,698 seq2seq.trainer.supervised_trainer INFO     Progress: 82%, Train Perplexity: 1.0008
2018-01-25 15:36:10,299 seq2seq.trainer.supervised_trainer INFO     Progress: 82%, Train Perplexity: 1.0003
2018-01-25 15:36:11,585 seq2seq.trainer.supervised_trainer INFO     Progress: 82%, Train Perplexity: 1.0001
2018-01-25 15:36:15,216 seq2seq.trainer.supervised_trainer INFO     Progress: 83%, Train Perplexity: 1.0000
2018-01-25 15:36:16,348 seq2seq.trainer.supervised_trainer INFO     Progress: 83%, Train Perplexity: 1.0019
2018-01-25 15:36:17,475 seq2seq.trainer.supervised_trainer INFO     Progress: 83%, Train Perplexity: 1.0002
2018-01-25 15:36:19,054 seq2seq.trainer.supervised_trainer INFO     Progress: 83%, Train Perplexity: 1.0003
2018-01-25 15:36:20,387 seq2seq.trainer.supervised_trainer INFO     Progress: 83%, Train Perplexity: 1.0000
2018-01-25 15:36:21,702 seq2seq.trainer.supervised_trainer INFO     Progress: 83%, Train Perplexity: 1.0014
2018-01-25 15:36:25,646 seq2seq.trainer.supervised_trainer INFO     Progress: 83%, Train Perplexity: 1.0000
2018-01-25 15:36:26,839 seq2seq.trainer.supervised_trainer INFO     Progress: 83%, Train Perplexity: 1.0000
2018-01-25 15:36:29,558 seq2seq.trainer.supervised_trainer INFO     Finished epoch 42: Train Perplexity: 1.0005, Dev Perplexity: 15.4267, Accuracy: 0.7233, Sequence Accuracy: 0.1429
2018-01-25 15:36:30,692 seq2seq.trainer.supervised_trainer INFO     Progress: 84%, Train Perplexity: 1.0000
2018-01-25 15:36:32,161 seq2seq.trainer.supervised_trainer INFO     Progress: 84%, Train Perplexity: 1.0003
2018-01-25 15:36:33,442 seq2seq.trainer.supervised_trainer INFO     Progress: 84%, Train Perplexity: 1.0004
2018-01-25 15:36:34,799 seq2seq.trainer.supervised_trainer INFO     Progress: 84%, Train Perplexity: 1.0002
2018-01-25 15:36:36,030 seq2seq.trainer.supervised_trainer INFO     Progress: 84%, Train Perplexity: 1.0000
2018-01-25 15:36:39,634 seq2seq.trainer.supervised_trainer INFO     Progress: 84%, Train Perplexity: 1.0002
2018-01-25 15:36:41,142 seq2seq.trainer.supervised_trainer INFO     Progress: 84%, Train Perplexity: 1.0002
2018-01-25 15:36:42,254 seq2seq.trainer.supervised_trainer INFO     Progress: 85%, Train Perplexity: 1.0002
2018-01-25 15:36:43,404 seq2seq.trainer.supervised_trainer INFO     Progress: 85%, Train Perplexity: 1.0000
2018-01-25 15:36:44,911 seq2seq.trainer.supervised_trainer INFO     Progress: 85%, Train Perplexity: 1.0001
2018-01-25 15:36:46,395 seq2seq.trainer.supervised_trainer INFO     Progress: 85%, Train Perplexity: 1.0006
2018-01-25 15:36:47,726 seq2seq.trainer.supervised_trainer INFO     Progress: 85%, Train Perplexity: 1.0002
2018-01-25 15:36:51,420 seq2seq.trainer.supervised_trainer INFO     Progress: 85%, Train Perplexity: 1.0000
2018-01-25 15:36:52,623 seq2seq.trainer.supervised_trainer INFO     Progress: 85%, Train Perplexity: 1.0000
2018-01-25 15:36:56,014 seq2seq.trainer.supervised_trainer INFO     Finished epoch 43: Train Perplexity: 1.0002, Dev Perplexity: 10.9546, Accuracy: 0.7456, Sequence Accuracy: 0.1594
2018-01-25 15:36:56,242 seq2seq.trainer.supervised_trainer INFO     Progress: 86%, Train Perplexity: 1.0000
2018-01-25 15:36:57,706 seq2seq.trainer.supervised_trainer INFO     Progress: 86%, Train Perplexity: 1.0002
2018-01-25 15:36:58,861 seq2seq.trainer.supervised_trainer INFO     Progress: 86%, Train Perplexity: 1.0001
2018-01-25 15:37:00,100 seq2seq.trainer.supervised_trainer INFO     Progress: 86%, Train Perplexity: 1.0001
2018-01-25 15:37:03,843 seq2seq.trainer.supervised_trainer INFO     Progress: 86%, Train Perplexity: 1.0002
2018-01-25 15:37:05,452 seq2seq.trainer.supervised_trainer INFO     Progress: 86%, Train Perplexity: 1.0000
2018-01-25 15:37:06,849 seq2seq.trainer.supervised_trainer INFO     Progress: 86%, Train Perplexity: 1.0000
2018-01-25 15:37:08,225 seq2seq.trainer.supervised_trainer INFO     Progress: 86%, Train Perplexity: 1.0000
2018-01-25 15:37:09,779 seq2seq.trainer.supervised_trainer INFO     Progress: 87%, Train Perplexity: 1.0000
2018-01-25 15:37:11,030 seq2seq.trainer.supervised_trainer INFO     Progress: 87%, Train Perplexity: 1.0000
2018-01-25 15:37:12,407 seq2seq.trainer.supervised_trainer INFO     Progress: 87%, Train Perplexity: 1.0000
2018-01-25 15:37:16,040 seq2seq.trainer.supervised_trainer INFO     Progress: 87%, Train Perplexity: 1.0000
2018-01-25 15:37:17,372 seq2seq.trainer.supervised_trainer INFO     Progress: 87%, Train Perplexity: 1.0000
2018-01-25 15:37:18,721 seq2seq.trainer.supervised_trainer INFO     Progress: 87%, Train Perplexity: 1.0000
2018-01-25 15:37:20,096 seq2seq.trainer.supervised_trainer INFO     Progress: 87%, Train Perplexity: 1.0000
2018-01-25 15:37:23,130 seq2seq.trainer.supervised_trainer INFO     Finished epoch 44: Train Perplexity: 1.0000, Dev Perplexity: 12.1021, Accuracy: 0.7447, Sequence Accuracy: 0.1605
2018-01-25 15:37:24,154 seq2seq.trainer.supervised_trainer INFO     Progress: 88%, Train Perplexity: 1.0000
2018-01-25 15:37:25,571 seq2seq.trainer.supervised_trainer INFO     Progress: 88%, Train Perplexity: 1.0000
2018-01-25 15:37:26,894 seq2seq.trainer.supervised_trainer INFO     Progress: 88%, Train Perplexity: 1.0000
2018-01-25 15:37:30,669 seq2seq.trainer.supervised_trainer INFO     Progress: 88%, Train Perplexity: 1.0000
2018-01-25 15:37:31,787 seq2seq.trainer.supervised_trainer INFO     Progress: 88%, Train Perplexity: 1.0000
2018-01-25 15:37:33,149 seq2seq.trainer.supervised_trainer INFO     Progress: 88%, Train Perplexity: 1.0000
2018-01-25 15:37:34,392 seq2seq.trainer.supervised_trainer INFO     Progress: 88%, Train Perplexity: 1.0000
2018-01-25 15:37:35,841 seq2seq.trainer.supervised_trainer INFO     Progress: 89%, Train Perplexity: 1.0000
2018-01-25 15:37:36,895 seq2seq.trainer.supervised_trainer INFO     Progress: 89%, Train Perplexity: 1.0000
2018-01-25 15:37:40,472 seq2seq.trainer.supervised_trainer INFO     Progress: 89%, Train Perplexity: 1.0000
2018-01-25 15:37:41,855 seq2seq.trainer.supervised_trainer INFO     Progress: 89%, Train Perplexity: 1.0000
2018-01-25 15:37:43,276 seq2seq.trainer.supervised_trainer INFO     Progress: 89%, Train Perplexity: 1.0000
2018-01-25 15:37:44,469 seq2seq.trainer.supervised_trainer INFO     Progress: 89%, Train Perplexity: 1.0000
2018-01-25 15:37:45,503 seq2seq.trainer.supervised_trainer INFO     Progress: 89%, Train Perplexity: 1.0000
2018-01-25 15:37:46,879 seq2seq.trainer.supervised_trainer INFO     Progress: 90%, Train Perplexity: 1.0000
2018-01-25 15:37:49,368 seq2seq.trainer.supervised_trainer INFO     Finished epoch 45: Train Perplexity: 1.0000, Dev Perplexity: 12.6695, Accuracy: 0.7444, Sequence Accuracy: 0.1597
2018-01-25 15:37:50,716 seq2seq.trainer.supervised_trainer INFO     Progress: 90%, Train Perplexity: 1.0001
2018-01-25 15:37:54,518 seq2seq.trainer.supervised_trainer INFO     Progress: 90%, Train Perplexity: 1.0020
2018-01-25 15:37:55,764 seq2seq.trainer.supervised_trainer INFO     Progress: 90%, Train Perplexity: 1.0014
2018-01-25 15:37:57,016 seq2seq.trainer.supervised_trainer INFO     Progress: 90%, Train Perplexity: 1.0006
2018-01-25 15:37:58,388 seq2seq.trainer.supervised_trainer INFO     Progress: 90%, Train Perplexity: 1.0156
2018-01-25 15:37:59,486 seq2seq.trainer.supervised_trainer INFO     Progress: 90%, Train Perplexity: 1.0003
2018-01-25 15:38:00,869 seq2seq.trainer.supervised_trainer INFO     Progress: 90%, Train Perplexity: 1.0001
2018-01-25 15:38:02,430 seq2seq.trainer.supervised_trainer INFO     Progress: 91%, Train Perplexity: 1.0000
2018-01-25 15:38:06,245 seq2seq.trainer.supervised_trainer INFO     Progress: 91%, Train Perplexity: 1.0000
2018-01-25 15:38:07,682 seq2seq.trainer.supervised_trainer INFO     Progress: 91%, Train Perplexity: 1.0000
2018-01-25 15:38:08,994 seq2seq.trainer.supervised_trainer INFO     Progress: 91%, Train Perplexity: 1.0000
2018-01-25 15:38:10,184 seq2seq.trainer.supervised_trainer INFO     Progress: 91%, Train Perplexity: 1.0000
2018-01-25 15:38:11,442 seq2seq.trainer.supervised_trainer INFO     Progress: 91%, Train Perplexity: 1.0000
2018-01-25 15:38:12,604 seq2seq.trainer.supervised_trainer INFO     Progress: 91%, Train Perplexity: 1.0000
2018-01-25 15:38:15,896 seq2seq.trainer.supervised_trainer INFO     Finished epoch 46: Train Perplexity: 1.0014, Dev Perplexity: 13.1626, Accuracy: 0.7325, Sequence Accuracy: 0.1548
2018-01-25 15:38:19,080 seq2seq.trainer.supervised_trainer INFO     Progress: 92%, Train Perplexity: 1.0000
2018-01-25 15:38:20,519 seq2seq.trainer.supervised_trainer INFO     Progress: 92%, Train Perplexity: 1.0000
2018-01-25 15:38:21,550 seq2seq.trainer.supervised_trainer INFO     Progress: 92%, Train Perplexity: 1.0000
2018-01-25 15:38:22,859 seq2seq.trainer.supervised_trainer INFO     Progress: 92%, Train Perplexity: 1.0000
2018-01-25 15:38:24,032 seq2seq.trainer.supervised_trainer INFO     Progress: 92%, Train Perplexity: 1.0000
2018-01-25 15:38:25,264 seq2seq.trainer.supervised_trainer INFO     Progress: 92%, Train Perplexity: 1.0000
2018-01-25 15:38:26,543 seq2seq.trainer.supervised_trainer INFO     Progress: 92%, Train Perplexity: 1.0000
2018-01-25 15:38:30,390 seq2seq.trainer.supervised_trainer INFO     Progress: 93%, Train Perplexity: 1.0000
2018-01-25 15:38:31,424 seq2seq.trainer.supervised_trainer INFO     Progress: 93%, Train Perplexity: 1.0000
2018-01-25 15:38:32,782 seq2seq.trainer.supervised_trainer INFO     Progress: 93%, Train Perplexity: 1.0000
2018-01-25 15:38:34,195 seq2seq.trainer.supervised_trainer INFO     Progress: 93%, Train Perplexity: 1.0000
2018-01-25 15:38:35,378 seq2seq.trainer.supervised_trainer INFO     Progress: 93%, Train Perplexity: 1.0000
2018-01-25 15:38:36,736 seq2seq.trainer.supervised_trainer INFO     Progress: 93%, Train Perplexity: 1.0000
2018-01-25 15:38:40,457 seq2seq.trainer.supervised_trainer INFO     Progress: 93%, Train Perplexity: 1.0000
2018-01-25 15:38:41,785 seq2seq.trainer.supervised_trainer INFO     Progress: 93%, Train Perplexity: 1.0000
2018-01-25 15:38:44,443 seq2seq.trainer.supervised_trainer INFO     Finished epoch 47: Train Perplexity: 1.0000, Dev Perplexity: 13.4245, Accuracy: 0.7321, Sequence Accuracy: 0.1548
2018-01-25 15:38:45,708 seq2seq.trainer.supervised_trainer INFO     Progress: 94%, Train Perplexity: 1.0002
2018-01-25 15:38:47,167 seq2seq.trainer.supervised_trainer INFO     Progress: 94%, Train Perplexity: 1.0007
2018-01-25 15:38:48,487 seq2seq.trainer.supervised_trainer INFO     Progress: 94%, Train Perplexity: 1.0019
2018-01-25 15:38:49,693 seq2seq.trainer.supervised_trainer INFO     Progress: 94%, Train Perplexity: 1.0166
2018-01-25 15:38:50,729 seq2seq.trainer.supervised_trainer INFO     Progress: 94%, Train Perplexity: 1.0013
2018-01-25 15:38:54,575 seq2seq.trainer.supervised_trainer INFO     Progress: 94%, Train Perplexity: 1.0007
2018-01-25 15:38:55,660 seq2seq.trainer.supervised_trainer INFO     Progress: 94%, Train Perplexity: 1.0014
2018-01-25 15:38:56,928 seq2seq.trainer.supervised_trainer INFO     Progress: 95%, Train Perplexity: 1.0002
2018-01-25 15:38:58,228 seq2seq.trainer.supervised_trainer INFO     Progress: 95%, Train Perplexity: 1.0002
2018-01-25 15:38:59,501 seq2seq.trainer.supervised_trainer INFO     Progress: 95%, Train Perplexity: 1.0020
2018-01-25 15:39:00,966 seq2seq.trainer.supervised_trainer INFO     Progress: 95%, Train Perplexity: 1.0000
2018-01-25 15:39:02,291 seq2seq.trainer.supervised_trainer INFO     Progress: 95%, Train Perplexity: 1.0003
2018-01-25 15:39:05,961 seq2seq.trainer.supervised_trainer INFO     Progress: 95%, Train Perplexity: 1.0000
2018-01-25 15:39:07,168 seq2seq.trainer.supervised_trainer INFO     Progress: 95%, Train Perplexity: 1.0000
2018-01-25 15:39:10,631 seq2seq.trainer.supervised_trainer INFO     Finished epoch 48: Train Perplexity: 1.0018, Dev Perplexity: 15.4366, Accuracy: 0.7035, Sequence Accuracy: 0.1441
2018-01-25 15:39:10,940 seq2seq.trainer.supervised_trainer INFO     Progress: 96%, Train Perplexity: 1.0000
2018-01-25 15:39:12,042 seq2seq.trainer.supervised_trainer INFO     Progress: 96%, Train Perplexity: 1.0001
2018-01-25 15:39:13,474 seq2seq.trainer.supervised_trainer INFO     Progress: 96%, Train Perplexity: 1.0009
2018-01-25 15:39:14,853 seq2seq.trainer.supervised_trainer INFO     Progress: 96%, Train Perplexity: 1.0000
2018-01-25 15:39:18,681 seq2seq.trainer.supervised_trainer INFO     Progress: 96%, Train Perplexity: 1.0000
2018-01-25 15:39:20,055 seq2seq.trainer.supervised_trainer INFO     Progress: 96%, Train Perplexity: 1.0004
2018-01-25 15:39:21,621 seq2seq.trainer.supervised_trainer INFO     Progress: 96%, Train Perplexity: 1.0006
2018-01-25 15:39:23,109 seq2seq.trainer.supervised_trainer INFO     Progress: 96%, Train Perplexity: 1.0004
2018-01-25 15:39:24,396 seq2seq.trainer.supervised_trainer INFO     Progress: 97%, Train Perplexity: 1.0000
2018-01-25 15:39:25,640 seq2seq.trainer.supervised_trainer INFO     Progress: 97%, Train Perplexity: 1.0000
2018-01-25 15:39:26,950 seq2seq.trainer.supervised_trainer INFO     Progress: 97%, Train Perplexity: 1.0000
2018-01-25 15:39:30,786 seq2seq.trainer.supervised_trainer INFO     Progress: 97%, Train Perplexity: 1.0000
2018-01-25 15:39:32,301 seq2seq.trainer.supervised_trainer INFO     Progress: 97%, Train Perplexity: 1.0000
2018-01-25 15:39:33,555 seq2seq.trainer.supervised_trainer INFO     Progress: 97%, Train Perplexity: 1.0000
2018-01-25 15:39:35,100 seq2seq.trainer.supervised_trainer INFO     Progress: 97%, Train Perplexity: 1.0000
2018-01-25 15:39:38,206 seq2seq.trainer.supervised_trainer INFO     Finished epoch 49: Train Perplexity: 1.0002, Dev Perplexity: 14.8657, Accuracy: 0.7182, Sequence Accuracy: 0.1469
2018-01-25 15:39:39,153 seq2seq.trainer.supervised_trainer INFO     Progress: 98%, Train Perplexity: 1.0000
2018-01-25 15:39:40,490 seq2seq.trainer.supervised_trainer INFO     Progress: 98%, Train Perplexity: 1.0040
2018-01-25 15:39:41,950 seq2seq.trainer.supervised_trainer INFO     Progress: 98%, Train Perplexity: 1.0000
2018-01-25 15:39:45,953 seq2seq.trainer.supervised_trainer INFO     Progress: 98%, Train Perplexity: 1.0000
2018-01-25 15:39:47,234 seq2seq.trainer.supervised_trainer INFO     Progress: 98%, Train Perplexity: 1.0000
2018-01-25 15:39:48,565 seq2seq.trainer.supervised_trainer INFO     Progress: 98%, Train Perplexity: 1.0000
2018-01-25 15:39:49,555 seq2seq.trainer.supervised_trainer INFO     Progress: 98%, Train Perplexity: 1.0000
2018-01-25 15:39:50,760 seq2seq.trainer.supervised_trainer INFO     Progress: 99%, Train Perplexity: 1.0000
2018-01-25 15:39:52,174 seq2seq.trainer.supervised_trainer INFO     Progress: 99%, Train Perplexity: 1.0000
2018-01-25 15:39:55,777 seq2seq.trainer.supervised_trainer INFO     Progress: 99%, Train Perplexity: 1.0000
2018-01-25 15:39:57,105 seq2seq.trainer.supervised_trainer INFO     Progress: 99%, Train Perplexity: 1.0000
2018-01-25 15:39:58,392 seq2seq.trainer.supervised_trainer INFO     Progress: 99%, Train Perplexity: 1.0000
2018-01-25 15:39:59,914 seq2seq.trainer.supervised_trainer INFO     Progress: 99%, Train Perplexity: 1.0000
2018-01-25 15:40:01,362 seq2seq.trainer.supervised_trainer INFO     Progress: 99%, Train Perplexity: 1.0000
2018-01-25 15:40:02,620 seq2seq.trainer.supervised_trainer INFO     Progress: 100%, Train Perplexity: 1.0000
2018-01-25 15:40:07,579 seq2seq.trainer.supervised_trainer INFO     Finished epoch 50: Train Perplexity: 1.0003, Dev Perplexity: 15.6626, Accuracy: 0.7154, Sequence Accuracy: 0.1411
end of job
