start of job
Train model on example data
2018-01-25 11:51:32,547 root         INFO     Namespace(attention=False, batch_size=128, bidirectional=False, cuda_device=0, dev='data/CLEANED-SCAN/length_split/experiment4a_output_short_to_long_equally_distributed/tasks_test.txt', dropout_p_decoder=0.5, dropout_p_encoder=0.5, embedding_size=200, epochs=50, hidden_size=200, load_checkpoint=None, log_level='info', lr=0.001, max_len=50, n_layers=2, optim='adam', output_dir='checkpoints_experiment_4a', print_every=20, resume=False, rnn_cell='lstm', save_every=133, src_vocab=50000, teacher_forcing_ratio=0.5, tgt_vocab=50000, train='data/CLEANED-SCAN/length_split/experiment4a_output_short_to_long_equally_distributed/output.txt')
2018-01-25 11:51:37,977 seq2seq.trainer.supervised_trainer INFO     Optimizer: <torch.optim.adam.Adam object at 0x2b0b3ae6e7d0>, Scheduler: None
Cuda device set to 0
2018-01-25 11:51:43,761 seq2seq.trainer.supervised_trainer INFO     Progress: 0%, Train Perplexity: 13.9208
2018-01-25 11:51:45,223 seq2seq.trainer.supervised_trainer INFO     Progress: 0%, Train Perplexity: 5.7599
2018-01-25 11:51:46,492 seq2seq.trainer.supervised_trainer INFO     Progress: 1%, Train Perplexity: 5.1430
2018-01-25 11:51:47,821 seq2seq.trainer.supervised_trainer INFO     Progress: 1%, Train Perplexity: 4.7123
2018-01-25 11:51:49,165 seq2seq.trainer.supervised_trainer INFO     Progress: 1%, Train Perplexity: 4.4311
2018-01-25 11:51:55,419 seq2seq.trainer.supervised_trainer INFO     Finished epoch 1: Train Perplexity: 5.5432, Dev Perplexity: 6.5884, Accuracy: 0.3289, Sequence Accuracy: 0.0000
2018-01-25 11:51:55,834 seq2seq.trainer.supervised_trainer INFO     Progress: 2%, Train Perplexity: 4.2620
2018-01-25 11:51:57,228 seq2seq.trainer.supervised_trainer INFO     Progress: 2%, Train Perplexity: 4.1848
2018-01-25 11:51:58,442 seq2seq.trainer.supervised_trainer INFO     Progress: 2%, Train Perplexity: 3.6330
2018-01-25 11:52:00,091 seq2seq.trainer.supervised_trainer INFO     Progress: 3%, Train Perplexity: 3.6953
2018-01-25 11:52:01,342 seq2seq.trainer.supervised_trainer INFO     Progress: 3%, Train Perplexity: 3.2372
2018-01-25 11:52:02,411 seq2seq.trainer.supervised_trainer INFO     Progress: 3%, Train Perplexity: 2.9899
2018-01-25 11:52:03,948 seq2seq.trainer.supervised_trainer INFO     Progress: 3%, Train Perplexity: 2.9440
2018-01-25 11:52:09,596 seq2seq.trainer.supervised_trainer INFO     Finished epoch 2: Train Perplexity: 3.4404, Dev Perplexity: 3.5524, Accuracy: 0.5546, Sequence Accuracy: 0.0071
2018-01-25 11:52:10,478 seq2seq.trainer.supervised_trainer INFO     Progress: 4%, Train Perplexity: 2.5375
2018-01-25 11:52:12,016 seq2seq.trainer.supervised_trainer INFO     Progress: 4%, Train Perplexity: 2.4995
2018-01-25 11:52:13,572 seq2seq.trainer.supervised_trainer INFO     Progress: 4%, Train Perplexity: 2.3369
2018-01-25 11:52:14,837 seq2seq.trainer.supervised_trainer INFO     Progress: 5%, Train Perplexity: 2.1721
2018-01-25 11:52:16,574 seq2seq.trainer.supervised_trainer INFO     Progress: 5%, Train Perplexity: 2.2272
2018-01-25 11:52:17,750 seq2seq.trainer.supervised_trainer INFO     Progress: 5%, Train Perplexity: 1.9674
2018-01-25 11:52:24,282 seq2seq.trainer.supervised_trainer INFO     Finished epoch 3: Train Perplexity: 2.2353, Dev Perplexity: 3.0572, Accuracy: 0.5951, Sequence Accuracy: 0.0074
2018-01-25 11:52:24,440 seq2seq.trainer.supervised_trainer INFO     Progress: 6%, Train Perplexity: 2.0536
2018-01-25 11:52:25,806 seq2seq.trainer.supervised_trainer INFO     Progress: 6%, Train Perplexity: 1.9131
2018-01-25 11:52:27,064 seq2seq.trainer.supervised_trainer INFO     Progress: 6%, Train Perplexity: 1.7946
2018-01-25 11:52:28,371 seq2seq.trainer.supervised_trainer INFO     Progress: 6%, Train Perplexity: 1.8972
2018-01-25 11:52:29,796 seq2seq.trainer.supervised_trainer INFO     Progress: 7%, Train Perplexity: 1.8998
2018-01-25 11:52:31,077 seq2seq.trainer.supervised_trainer INFO     Progress: 7%, Train Perplexity: 1.6987
2018-01-25 11:52:32,623 seq2seq.trainer.supervised_trainer INFO     Progress: 7%, Train Perplexity: 1.7314
2018-01-25 11:52:38,832 seq2seq.trainer.supervised_trainer INFO     Finished epoch 4: Train Perplexity: 1.8226, Dev Perplexity: 4.4878, Accuracy: 0.6050, Sequence Accuracy: 0.0038
2018-01-25 11:52:39,348 seq2seq.trainer.supervised_trainer INFO     Progress: 8%, Train Perplexity: 1.7075
2018-01-25 11:52:40,780 seq2seq.trainer.supervised_trainer INFO     Progress: 8%, Train Perplexity: 1.5957
2018-01-25 11:52:42,102 seq2seq.trainer.supervised_trainer INFO     Progress: 8%, Train Perplexity: 1.5511
2018-01-25 11:52:43,551 seq2seq.trainer.supervised_trainer INFO     Progress: 9%, Train Perplexity: 1.5802
2018-01-25 11:52:44,887 seq2seq.trainer.supervised_trainer INFO     Progress: 9%, Train Perplexity: 1.4392
2018-01-25 11:52:46,234 seq2seq.trainer.supervised_trainer INFO     Progress: 9%, Train Perplexity: 1.4145
2018-01-25 11:52:47,748 seq2seq.trainer.supervised_trainer INFO     Progress: 9%, Train Perplexity: 1.5115
2018-01-25 11:52:53,347 seq2seq.trainer.supervised_trainer INFO     Finished epoch 5: Train Perplexity: 1.5152, Dev Perplexity: 3.8248, Accuracy: 0.6655, Sequence Accuracy: 0.0242
2018-01-25 11:52:54,542 seq2seq.trainer.supervised_trainer INFO     Progress: 10%, Train Perplexity: 1.3954
2018-01-25 11:52:55,816 seq2seq.trainer.supervised_trainer INFO     Progress: 10%, Train Perplexity: 1.3046
2018-01-25 11:52:57,161 seq2seq.trainer.supervised_trainer INFO     Progress: 10%, Train Perplexity: 1.2499
2018-01-25 11:52:58,585 seq2seq.trainer.supervised_trainer INFO     Progress: 11%, Train Perplexity: 1.3445
2018-01-25 11:52:59,967 seq2seq.trainer.supervised_trainer INFO     Progress: 11%, Train Perplexity: 1.2868
2018-01-25 11:53:01,316 seq2seq.trainer.supervised_trainer INFO     Progress: 11%, Train Perplexity: 1.3814
2018-01-25 11:53:07,898 seq2seq.trainer.supervised_trainer INFO     Finished epoch 6: Train Perplexity: 1.3244, Dev Perplexity: 4.2033, Accuracy: 0.6770, Sequence Accuracy: 0.0235
2018-01-25 11:53:08,092 seq2seq.trainer.supervised_trainer INFO     Progress: 12%, Train Perplexity: 1.3311
2018-01-25 11:53:09,420 seq2seq.trainer.supervised_trainer INFO     Progress: 12%, Train Perplexity: 1.2633
2018-01-25 11:53:10,849 seq2seq.trainer.supervised_trainer INFO     Progress: 12%, Train Perplexity: 1.3071
2018-01-25 11:53:12,247 seq2seq.trainer.supervised_trainer INFO     Progress: 12%, Train Perplexity: 1.2123
2018-01-25 11:53:13,496 seq2seq.trainer.supervised_trainer INFO     Progress: 13%, Train Perplexity: 1.2191
2018-01-25 11:53:14,804 seq2seq.trainer.supervised_trainer INFO     Progress: 13%, Train Perplexity: 1.2379
2018-01-25 11:53:15,966 seq2seq.trainer.supervised_trainer INFO     Progress: 13%, Train Perplexity: 1.1771
2018-01-25 11:53:21,920 seq2seq.trainer.supervised_trainer INFO     Finished epoch 7: Train Perplexity: 1.2384, Dev Perplexity: 8.8946, Accuracy: 0.6661, Sequence Accuracy: 0.0171
2018-01-25 11:53:22,690 seq2seq.trainer.supervised_trainer INFO     Progress: 14%, Train Perplexity: 1.2607
2018-01-25 11:53:24,101 seq2seq.trainer.supervised_trainer INFO     Progress: 14%, Train Perplexity: 1.2803
2018-01-25 11:53:25,519 seq2seq.trainer.supervised_trainer INFO     Progress: 14%, Train Perplexity: 1.2506
2018-01-25 11:53:27,054 seq2seq.trainer.supervised_trainer INFO     Progress: 15%, Train Perplexity: 1.2037
2018-01-25 11:53:28,677 seq2seq.trainer.supervised_trainer INFO     Progress: 15%, Train Perplexity: 1.2193
2018-01-25 11:53:30,011 seq2seq.trainer.supervised_trainer INFO     Progress: 15%, Train Perplexity: 1.1544
2018-01-25 11:53:31,458 seq2seq.trainer.supervised_trainer INFO     Progress: 15%, Train Perplexity: 1.2153
2018-01-25 11:53:36,769 seq2seq.trainer.supervised_trainer INFO     Finished epoch 8: Train Perplexity: 1.2211, Dev Perplexity: 6.5275, Accuracy: 0.6887, Sequence Accuracy: 0.0487
2018-01-25 11:53:38,000 seq2seq.trainer.supervised_trainer INFO     Progress: 16%, Train Perplexity: 1.1609
2018-01-25 11:53:39,550 seq2seq.trainer.supervised_trainer INFO     Progress: 16%, Train Perplexity: 1.1517
2018-01-25 11:53:40,966 seq2seq.trainer.supervised_trainer INFO     Progress: 16%, Train Perplexity: 1.1733
2018-01-25 11:53:42,295 seq2seq.trainer.supervised_trainer INFO     Progress: 17%, Train Perplexity: 1.1446
2018-01-25 11:53:43,436 seq2seq.trainer.supervised_trainer INFO     Progress: 17%, Train Perplexity: 1.1230
2018-01-25 11:53:44,867 seq2seq.trainer.supervised_trainer INFO     Progress: 17%, Train Perplexity: 1.1472
2018-01-25 11:53:51,192 seq2seq.trainer.supervised_trainer INFO     Finished epoch 9: Train Perplexity: 1.1549, Dev Perplexity: 8.8206, Accuracy: 0.6532, Sequence Accuracy: 0.0023
2018-01-25 11:53:51,523 seq2seq.trainer.supervised_trainer INFO     Progress: 18%, Train Perplexity: 1.1847
2018-01-25 11:53:53,098 seq2seq.trainer.supervised_trainer INFO     Progress: 18%, Train Perplexity: 1.1551
2018-01-25 11:53:54,409 seq2seq.trainer.supervised_trainer INFO     Progress: 18%, Train Perplexity: 1.0998
2018-01-25 11:53:55,993 seq2seq.trainer.supervised_trainer INFO     Progress: 18%, Train Perplexity: 1.1489
2018-01-25 11:53:57,318 seq2seq.trainer.supervised_trainer INFO     Progress: 19%, Train Perplexity: 1.1289
2018-01-25 11:53:58,741 seq2seq.trainer.supervised_trainer INFO     Progress: 19%, Train Perplexity: 1.1131
2018-01-25 11:54:00,101 seq2seq.trainer.supervised_trainer INFO     Progress: 19%, Train Perplexity: 1.1020
2018-01-25 11:54:05,817 seq2seq.trainer.supervised_trainer INFO     Finished epoch 10: Train Perplexity: 1.1220, Dev Perplexity: 8.3190, Accuracy: 0.7027, Sequence Accuracy: 0.0758
2018-01-25 11:54:06,578 seq2seq.trainer.supervised_trainer INFO     Progress: 20%, Train Perplexity: 1.0843
2018-01-25 11:54:08,122 seq2seq.trainer.supervised_trainer INFO     Progress: 20%, Train Perplexity: 1.1119
2018-01-25 11:54:09,441 seq2seq.trainer.supervised_trainer INFO     Progress: 20%, Train Perplexity: 1.0876
2018-01-25 11:54:10,872 seq2seq.trainer.supervised_trainer INFO     Progress: 21%, Train Perplexity: 1.1224
2018-01-25 11:54:12,390 seq2seq.trainer.supervised_trainer INFO     Progress: 21%, Train Perplexity: 1.0840
2018-01-25 11:54:13,429 seq2seq.trainer.supervised_trainer INFO     Progress: 21%, Train Perplexity: 1.0421
2018-01-25 11:54:14,841 seq2seq.trainer.supervised_trainer INFO     Progress: 21%, Train Perplexity: 1.0989
2018-01-25 11:54:20,065 seq2seq.trainer.supervised_trainer INFO     Finished epoch 11: Train Perplexity: 1.0901, Dev Perplexity: 10.0375, Accuracy: 0.7025, Sequence Accuracy: 0.0531
2018-01-25 11:54:21,346 seq2seq.trainer.supervised_trainer INFO     Progress: 22%, Train Perplexity: 1.0754
2018-01-25 11:54:22,609 seq2seq.trainer.supervised_trainer INFO     Progress: 22%, Train Perplexity: 1.0379
2018-01-25 11:54:23,888 seq2seq.trainer.supervised_trainer INFO     Progress: 22%, Train Perplexity: 1.0995
2018-01-25 11:54:25,354 seq2seq.trainer.supervised_trainer INFO     Progress: 23%, Train Perplexity: 1.0818
2018-01-25 11:54:26,631 seq2seq.trainer.supervised_trainer INFO     Progress: 23%, Train Perplexity: 1.0722
2018-01-25 11:54:27,775 seq2seq.trainer.supervised_trainer INFO     Progress: 23%, Train Perplexity: 1.0489
2018-01-25 11:54:34,012 seq2seq.trainer.supervised_trainer INFO     Finished epoch 12: Train Perplexity: 1.0690, Dev Perplexity: 10.8144, Accuracy: 0.7040, Sequence Accuracy: 0.0837
2018-01-25 11:54:34,364 seq2seq.trainer.supervised_trainer INFO     Progress: 24%, Train Perplexity: 1.0601
2018-01-25 11:54:35,775 seq2seq.trainer.supervised_trainer INFO     Progress: 24%, Train Perplexity: 1.0824
2018-01-25 11:54:37,154 seq2seq.trainer.supervised_trainer INFO     Progress: 24%, Train Perplexity: 1.0613
2018-01-25 11:54:38,458 seq2seq.trainer.supervised_trainer INFO     Progress: 24%, Train Perplexity: 1.0643
2018-01-25 11:54:39,723 seq2seq.trainer.supervised_trainer INFO     Progress: 25%, Train Perplexity: 1.0682
2018-01-25 11:54:41,167 seq2seq.trainer.supervised_trainer INFO     Progress: 25%, Train Perplexity: 1.0616
2018-01-25 11:54:42,428 seq2seq.trainer.supervised_trainer INFO     Progress: 25%, Train Perplexity: 1.0727
2018-01-25 11:54:47,983 seq2seq.trainer.supervised_trainer INFO     Finished epoch 13: Train Perplexity: 1.0669, Dev Perplexity: 10.0803, Accuracy: 0.7319, Sequence Accuracy: 0.1199
2018-01-25 11:54:48,781 seq2seq.trainer.supervised_trainer INFO     Progress: 26%, Train Perplexity: 1.0454
2018-01-25 11:54:49,897 seq2seq.trainer.supervised_trainer INFO     Progress: 26%, Train Perplexity: 1.0444
2018-01-25 11:54:51,193 seq2seq.trainer.supervised_trainer INFO     Progress: 26%, Train Perplexity: 1.0344
2018-01-25 11:54:52,428 seq2seq.trainer.supervised_trainer INFO     Progress: 27%, Train Perplexity: 1.0633
2018-01-25 11:54:54,050 seq2seq.trainer.supervised_trainer INFO     Progress: 27%, Train Perplexity: 1.0620
2018-01-25 11:54:55,464 seq2seq.trainer.supervised_trainer INFO     Progress: 27%, Train Perplexity: 1.0646
2018-01-25 11:54:56,843 seq2seq.trainer.supervised_trainer INFO     Progress: 27%, Train Perplexity: 1.0477
2018-01-25 11:55:02,115 seq2seq.trainer.supervised_trainer INFO     Finished epoch 14: Train Perplexity: 1.0521, Dev Perplexity: 7.7615, Accuracy: 0.7485, Sequence Accuracy: 0.1008
2018-01-25 11:55:03,400 seq2seq.trainer.supervised_trainer INFO     Progress: 28%, Train Perplexity: 1.0715
2018-01-25 11:55:04,792 seq2seq.trainer.supervised_trainer INFO     Progress: 28%, Train Perplexity: 1.0471
2018-01-25 11:55:06,306 seq2seq.trainer.supervised_trainer INFO     Progress: 28%, Train Perplexity: 1.0448
2018-01-25 11:55:07,739 seq2seq.trainer.supervised_trainer INFO     Progress: 29%, Train Perplexity: 1.0568
2018-01-25 11:55:09,158 seq2seq.trainer.supervised_trainer INFO     Progress: 29%, Train Perplexity: 1.0499
2018-01-25 11:55:10,496 seq2seq.trainer.supervised_trainer INFO     Progress: 29%, Train Perplexity: 1.0344
2018-01-25 11:55:16,587 seq2seq.trainer.supervised_trainer INFO     Finished epoch 15: Train Perplexity: 1.0516, Dev Perplexity: 12.3483, Accuracy: 0.7174, Sequence Accuracy: 0.1232
2018-01-25 11:55:16,939 seq2seq.trainer.supervised_trainer INFO     Progress: 30%, Train Perplexity: 1.0513
2018-01-25 11:55:18,403 seq2seq.trainer.supervised_trainer INFO     Progress: 30%, Train Perplexity: 1.1039
2018-01-25 11:55:19,967 seq2seq.trainer.supervised_trainer INFO     Progress: 30%, Train Perplexity: 1.0986
2018-01-25 11:55:21,527 seq2seq.trainer.supervised_trainer INFO     Progress: 30%, Train Perplexity: 1.0571
2018-01-25 11:55:22,998 seq2seq.trainer.supervised_trainer INFO     Progress: 31%, Train Perplexity: 1.0398
2018-01-25 11:55:24,322 seq2seq.trainer.supervised_trainer INFO     Progress: 31%, Train Perplexity: 1.0431
2018-01-25 11:55:25,678 seq2seq.trainer.supervised_trainer INFO     Progress: 31%, Train Perplexity: 1.0157
2018-01-25 11:55:31,214 seq2seq.trainer.supervised_trainer INFO     Finished epoch 16: Train Perplexity: 1.0577, Dev Perplexity: 10.8924, Accuracy: 0.7296, Sequence Accuracy: 0.1191
2018-01-25 11:55:32,254 seq2seq.trainer.supervised_trainer INFO     Progress: 32%, Train Perplexity: 1.0422
2018-01-25 11:55:33,674 seq2seq.trainer.supervised_trainer INFO     Progress: 32%, Train Perplexity: 1.0266
2018-01-25 11:55:35,173 seq2seq.trainer.supervised_trainer INFO     Progress: 32%, Train Perplexity: 1.0423
2018-01-25 11:55:36,422 seq2seq.trainer.supervised_trainer INFO     Progress: 33%, Train Perplexity: 1.0221
2018-01-25 11:55:37,767 seq2seq.trainer.supervised_trainer INFO     Progress: 33%, Train Perplexity: 1.0295
2018-01-25 11:55:39,294 seq2seq.trainer.supervised_trainer INFO     Progress: 33%, Train Perplexity: 1.0212
2018-01-25 11:55:40,573 seq2seq.trainer.supervised_trainer INFO     Progress: 33%, Train Perplexity: 1.0291
2018-01-25 11:55:45,746 seq2seq.trainer.supervised_trainer INFO     Finished epoch 17: Train Perplexity: 1.0294, Dev Perplexity: 11.9649, Accuracy: 0.7426, Sequence Accuracy: 0.1306
2018-01-25 11:55:46,973 seq2seq.trainer.supervised_trainer INFO     Progress: 34%, Train Perplexity: 1.0194
2018-01-25 11:55:48,381 seq2seq.trainer.supervised_trainer INFO     Progress: 34%, Train Perplexity: 1.0240
2018-01-25 11:55:49,624 seq2seq.trainer.supervised_trainer INFO     Progress: 34%, Train Perplexity: 1.0135
2018-01-25 11:55:50,992 seq2seq.trainer.supervised_trainer INFO     Progress: 35%, Train Perplexity: 1.0311
2018-01-25 11:55:52,314 seq2seq.trainer.supervised_trainer INFO     Progress: 35%, Train Perplexity: 1.0488
2018-01-25 11:55:53,910 seq2seq.trainer.supervised_trainer INFO     Progress: 35%, Train Perplexity: 1.0249
2018-01-25 11:55:59,967 seq2seq.trainer.supervised_trainer INFO     Finished epoch 18: Train Perplexity: 1.0281, Dev Perplexity: 12.6149, Accuracy: 0.7340, Sequence Accuracy: 0.1357
2018-01-25 11:56:00,467 seq2seq.trainer.supervised_trainer INFO     Progress: 36%, Train Perplexity: 1.0395
2018-01-25 11:56:01,934 seq2seq.trainer.supervised_trainer INFO     Progress: 36%, Train Perplexity: 1.0333
2018-01-25 11:56:03,166 seq2seq.trainer.supervised_trainer INFO     Progress: 36%, Train Perplexity: 1.0325
2018-01-25 11:56:04,399 seq2seq.trainer.supervised_trainer INFO     Progress: 36%, Train Perplexity: 1.0109
2018-01-25 11:56:05,746 seq2seq.trainer.supervised_trainer INFO     Progress: 37%, Train Perplexity: 1.0253
2018-01-25 11:56:06,994 seq2seq.trainer.supervised_trainer INFO     Progress: 37%, Train Perplexity: 1.0321
2018-01-25 11:56:08,293 seq2seq.trainer.supervised_trainer INFO     Progress: 37%, Train Perplexity: 1.0199
2018-01-25 11:56:13,953 seq2seq.trainer.supervised_trainer INFO     Finished epoch 19: Train Perplexity: 1.0270, Dev Perplexity: 15.2575, Accuracy: 0.7112, Sequence Accuracy: 0.1184
2018-01-25 11:56:14,867 seq2seq.trainer.supervised_trainer INFO     Progress: 38%, Train Perplexity: 1.0244
2018-01-25 11:56:16,282 seq2seq.trainer.supervised_trainer INFO     Progress: 38%, Train Perplexity: 1.0151
2018-01-25 11:56:17,500 seq2seq.trainer.supervised_trainer INFO     Progress: 38%, Train Perplexity: 1.0150
2018-01-25 11:56:18,857 seq2seq.trainer.supervised_trainer INFO     Progress: 39%, Train Perplexity: 1.0279
2018-01-25 11:56:20,416 seq2seq.trainer.supervised_trainer INFO     Progress: 39%, Train Perplexity: 1.0244
2018-01-25 11:56:21,948 seq2seq.trainer.supervised_trainer INFO     Progress: 39%, Train Perplexity: 1.0224
2018-01-25 11:56:23,322 seq2seq.trainer.supervised_trainer INFO     Progress: 40%, Train Perplexity: 1.0295
2018-01-25 11:56:28,375 seq2seq.trainer.supervised_trainer INFO     Finished epoch 20: Train Perplexity: 1.0218, Dev Perplexity: 12.4109, Accuracy: 0.7344, Sequence Accuracy: 0.1365
2018-01-25 11:56:29,910 seq2seq.trainer.supervised_trainer INFO     Progress: 40%, Train Perplexity: 1.0184
2018-01-25 11:56:31,365 seq2seq.trainer.supervised_trainer INFO     Progress: 40%, Train Perplexity: 1.0142
2018-01-25 11:56:32,718 seq2seq.trainer.supervised_trainer INFO     Progress: 40%, Train Perplexity: 1.0183
2018-01-25 11:56:34,134 seq2seq.trainer.supervised_trainer INFO     Progress: 41%, Train Perplexity: 1.0208
2018-01-25 11:56:35,520 seq2seq.trainer.supervised_trainer INFO     Progress: 41%, Train Perplexity: 1.0235
2018-01-25 11:56:36,887 seq2seq.trainer.supervised_trainer INFO     Progress: 41%, Train Perplexity: 1.0231
2018-01-25 11:56:42,959 seq2seq.trainer.supervised_trainer INFO     Finished epoch 21: Train Perplexity: 1.0190, Dev Perplexity: 13.7256, Accuracy: 0.7297, Sequence Accuracy: 0.1370
2018-01-25 11:56:43,570 seq2seq.trainer.supervised_trainer INFO     Progress: 42%, Train Perplexity: 1.0108
2018-01-25 11:56:44,746 seq2seq.trainer.supervised_trainer INFO     Progress: 42%, Train Perplexity: 1.0070
2018-01-25 11:56:46,014 seq2seq.trainer.supervised_trainer INFO     Progress: 42%, Train Perplexity: 1.0060
2018-01-25 11:56:47,562 seq2seq.trainer.supervised_trainer INFO     Progress: 43%, Train Perplexity: 1.0136
2018-01-25 11:56:48,934 seq2seq.trainer.supervised_trainer INFO     Progress: 43%, Train Perplexity: 1.0079
2018-01-25 11:56:50,623 seq2seq.trainer.supervised_trainer INFO     Progress: 43%, Train Perplexity: 1.0185
2018-01-25 11:56:52,219 seq2seq.trainer.supervised_trainer INFO     Progress: 43%, Train Perplexity: 1.0210
2018-01-25 11:56:57,731 seq2seq.trainer.supervised_trainer INFO     Finished epoch 22: Train Perplexity: 1.0124, Dev Perplexity: 14.0020, Accuracy: 0.7271, Sequence Accuracy: 0.1434
2018-01-25 11:56:58,646 seq2seq.trainer.supervised_trainer INFO     Progress: 44%, Train Perplexity: 1.0173
2018-01-25 11:57:00,147 seq2seq.trainer.supervised_trainer INFO     Progress: 44%, Train Perplexity: 1.0307
2018-01-25 11:57:01,602 seq2seq.trainer.supervised_trainer INFO     Progress: 44%, Train Perplexity: 1.0157
2018-01-25 11:57:02,987 seq2seq.trainer.supervised_trainer INFO     Progress: 45%, Train Perplexity: 1.0056
2018-01-25 11:57:04,521 seq2seq.trainer.supervised_trainer INFO     Progress: 45%, Train Perplexity: 1.0161
2018-01-25 11:57:05,745 seq2seq.trainer.supervised_trainer INFO     Progress: 45%, Train Perplexity: 1.0101
2018-01-25 11:57:12,210 seq2seq.trainer.supervised_trainer INFO     Finished epoch 23: Train Perplexity: 1.0145, Dev Perplexity: 14.5644, Accuracy: 0.7297, Sequence Accuracy: 0.1278
2018-01-25 11:57:12,367 seq2seq.trainer.supervised_trainer INFO     Progress: 46%, Train Perplexity: 1.0082
2018-01-25 11:57:13,816 seq2seq.trainer.supervised_trainer INFO     Progress: 46%, Train Perplexity: 1.0132
2018-01-25 11:57:15,075 seq2seq.trainer.supervised_trainer INFO     Progress: 46%, Train Perplexity: 1.0192
2018-01-25 11:57:16,578 seq2seq.trainer.supervised_trainer INFO     Progress: 46%, Train Perplexity: 1.0089
2018-01-25 11:57:17,876 seq2seq.trainer.supervised_trainer INFO     Progress: 47%, Train Perplexity: 1.0084
2018-01-25 11:57:19,374 seq2seq.trainer.supervised_trainer INFO     Progress: 47%, Train Perplexity: 1.0050
2018-01-25 11:57:20,905 seq2seq.trainer.supervised_trainer INFO     Progress: 47%, Train Perplexity: 1.0096
2018-01-25 11:57:26,808 seq2seq.trainer.supervised_trainer INFO     Finished epoch 24: Train Perplexity: 1.0113, Dev Perplexity: 14.4776, Accuracy: 0.7311, Sequence Accuracy: 0.1497
2018-01-25 11:57:27,359 seq2seq.trainer.supervised_trainer INFO     Progress: 48%, Train Perplexity: 1.0136
2018-01-25 11:57:28,801 seq2seq.trainer.supervised_trainer INFO     Progress: 48%, Train Perplexity: 1.0054
2018-01-25 11:57:29,975 seq2seq.trainer.supervised_trainer INFO     Progress: 48%, Train Perplexity: 1.0057
2018-01-25 11:57:31,349 seq2seq.trainer.supervised_trainer INFO     Progress: 49%, Train Perplexity: 1.0038
2018-01-25 11:57:32,726 seq2seq.trainer.supervised_trainer INFO     Progress: 49%, Train Perplexity: 1.0040
2018-01-25 11:57:34,087 seq2seq.trainer.supervised_trainer INFO     Progress: 49%, Train Perplexity: 1.0071
2018-01-25 11:57:35,643 seq2seq.trainer.supervised_trainer INFO     Progress: 49%, Train Perplexity: 1.0073
2018-01-25 11:57:41,036 seq2seq.trainer.supervised_trainer INFO     Finished epoch 25: Train Perplexity: 1.0057, Dev Perplexity: 14.0499, Accuracy: 0.7264, Sequence Accuracy: 0.1372
2018-01-25 11:57:42,050 seq2seq.trainer.supervised_trainer INFO     Progress: 50%, Train Perplexity: 1.0042
2018-01-25 11:57:43,639 seq2seq.trainer.supervised_trainer INFO     Progress: 50%, Train Perplexity: 1.0045
2018-01-25 11:57:45,028 seq2seq.trainer.supervised_trainer INFO     Progress: 50%, Train Perplexity: 1.0124
2018-01-25 11:57:46,264 seq2seq.trainer.supervised_trainer INFO     Progress: 51%, Train Perplexity: 1.0104
2018-01-25 11:57:47,600 seq2seq.trainer.supervised_trainer INFO     Progress: 51%, Train Perplexity: 1.0030
2018-01-25 11:57:49,112 seq2seq.trainer.supervised_trainer INFO     Progress: 51%, Train Perplexity: 1.0044
2018-01-25 11:57:55,528 seq2seq.trainer.supervised_trainer INFO     Finished epoch 26: Train Perplexity: 1.0065, Dev Perplexity: 14.0229, Accuracy: 0.7324, Sequence Accuracy: 0.1480
2018-01-25 11:57:55,647 seq2seq.trainer.supervised_trainer INFO     Progress: 52%, Train Perplexity: 1.0047
2018-01-25 11:57:56,940 seq2seq.trainer.supervised_trainer INFO     Progress: 52%, Train Perplexity: 1.0034
2018-01-25 11:57:58,409 seq2seq.trainer.supervised_trainer INFO     Progress: 52%, Train Perplexity: 1.0052
2018-01-25 11:57:59,763 seq2seq.trainer.supervised_trainer INFO     Progress: 52%, Train Perplexity: 1.0073
2018-01-25 11:58:01,144 seq2seq.trainer.supervised_trainer INFO     Progress: 53%, Train Perplexity: 1.0028
2018-01-25 11:58:02,529 seq2seq.trainer.supervised_trainer INFO     Progress: 53%, Train Perplexity: 1.0048
2018-01-25 11:58:03,873 seq2seq.trainer.supervised_trainer INFO     Progress: 53%, Train Perplexity: 1.0041
2018-01-25 11:58:09,753 seq2seq.trainer.supervised_trainer INFO     Finished epoch 27: Train Perplexity: 1.0056, Dev Perplexity: 18.2743, Accuracy: 0.7105, Sequence Accuracy: 0.1255
2018-01-25 11:58:10,527 seq2seq.trainer.supervised_trainer INFO     Progress: 54%, Train Perplexity: 1.0101
2018-01-25 11:58:11,887 seq2seq.trainer.supervised_trainer INFO     Progress: 54%, Train Perplexity: 1.0033
2018-01-25 11:58:13,113 seq2seq.trainer.supervised_trainer INFO     Progress: 54%, Train Perplexity: 1.0025
2018-01-25 11:58:14,454 seq2seq.trainer.supervised_trainer INFO     Progress: 55%, Train Perplexity: 1.0047
2018-01-25 11:58:16,016 seq2seq.trainer.supervised_trainer INFO     Progress: 55%, Train Perplexity: 1.0067
2018-01-25 11:58:17,414 seq2seq.trainer.supervised_trainer INFO     Progress: 55%, Train Perplexity: 1.0013
2018-01-25 11:58:18,677 seq2seq.trainer.supervised_trainer INFO     Progress: 55%, Train Perplexity: 1.0042
2018-01-25 11:58:24,027 seq2seq.trainer.supervised_trainer INFO     Finished epoch 28: Train Perplexity: 1.0036, Dev Perplexity: 12.4808, Accuracy: 0.7434, Sequence Accuracy: 0.1564
2018-01-25 11:58:25,053 seq2seq.trainer.supervised_trainer INFO     Progress: 56%, Train Perplexity: 1.0078
2018-01-25 11:58:26,582 seq2seq.trainer.supervised_trainer INFO     Progress: 56%, Train Perplexity: 1.0075
2018-01-25 11:58:28,223 seq2seq.trainer.supervised_trainer INFO     Progress: 56%, Train Perplexity: 1.0009
2018-01-25 11:58:29,455 seq2seq.trainer.supervised_trainer INFO     Progress: 57%, Train Perplexity: 1.0041
2018-01-25 11:58:30,671 seq2seq.trainer.supervised_trainer INFO     Progress: 57%, Train Perplexity: 1.0145
2018-01-25 11:58:31,798 seq2seq.trainer.supervised_trainer INFO     Progress: 57%, Train Perplexity: 1.0019
2018-01-25 11:58:37,922 seq2seq.trainer.supervised_trainer INFO     Finished epoch 29: Train Perplexity: 1.0066, Dev Perplexity: 13.7926, Accuracy: 0.7265, Sequence Accuracy: 0.1482
2018-01-25 11:58:38,104 seq2seq.trainer.supervised_trainer INFO     Progress: 58%, Train Perplexity: 1.0091
2018-01-25 11:58:39,300 seq2seq.trainer.supervised_trainer INFO     Progress: 58%, Train Perplexity: 1.0018
2018-01-25 11:58:40,558 seq2seq.trainer.supervised_trainer INFO     Progress: 58%, Train Perplexity: 1.0045
2018-01-25 11:58:41,836 seq2seq.trainer.supervised_trainer INFO     Progress: 58%, Train Perplexity: 1.0044
2018-01-25 11:58:42,948 seq2seq.trainer.supervised_trainer INFO     Progress: 59%, Train Perplexity: 1.0021
2018-01-25 11:58:44,371 seq2seq.trainer.supervised_trainer INFO     Progress: 59%, Train Perplexity: 1.0010
2018-01-25 11:58:45,929 seq2seq.trainer.supervised_trainer INFO     Progress: 59%, Train Perplexity: 1.0038
2018-01-25 11:58:51,704 seq2seq.trainer.supervised_trainer INFO     Finished epoch 30: Train Perplexity: 1.0033, Dev Perplexity: 14.2285, Accuracy: 0.7289, Sequence Accuracy: 0.1500
2018-01-25 11:58:52,410 seq2seq.trainer.supervised_trainer INFO     Progress: 60%, Train Perplexity: 1.0043
2018-01-25 11:58:53,659 seq2seq.trainer.supervised_trainer INFO     Progress: 60%, Train Perplexity: 1.0155
2018-01-25 11:58:55,291 seq2seq.trainer.supervised_trainer INFO     Progress: 60%, Train Perplexity: 1.0359
2018-01-25 11:58:56,752 seq2seq.trainer.supervised_trainer INFO     Progress: 61%, Train Perplexity: 1.0034
2018-01-25 11:58:58,112 seq2seq.trainer.supervised_trainer INFO     Progress: 61%, Train Perplexity: 1.0014
2018-01-25 11:58:59,382 seq2seq.trainer.supervised_trainer INFO     Progress: 61%, Train Perplexity: 1.0013
2018-01-25 11:59:00,954 seq2seq.trainer.supervised_trainer INFO     Progress: 61%, Train Perplexity: 1.0028
2018-01-25 11:59:06,127 seq2seq.trainer.supervised_trainer INFO     Finished epoch 31: Train Perplexity: 1.0093, Dev Perplexity: 14.7869, Accuracy: 0.7293, Sequence Accuracy: 0.1523
2018-01-25 11:59:07,398 seq2seq.trainer.supervised_trainer INFO     Progress: 62%, Train Perplexity: 1.0007
2018-01-25 11:59:08,500 seq2seq.trainer.supervised_trainer INFO     Progress: 62%, Train Perplexity: 1.0005
2018-01-25 11:59:09,939 seq2seq.trainer.supervised_trainer INFO     Progress: 62%, Train Perplexity: 1.0053
2018-01-25 11:59:11,120 seq2seq.trainer.supervised_trainer INFO     Progress: 63%, Train Perplexity: 1.0008
2018-01-25 11:59:12,382 seq2seq.trainer.supervised_trainer INFO     Progress: 63%, Train Perplexity: 1.0017
2018-01-25 11:59:13,711 seq2seq.trainer.supervised_trainer INFO     Progress: 63%, Train Perplexity: 1.0004
2018-01-25 11:59:20,142 seq2seq.trainer.supervised_trainer INFO     Finished epoch 32: Train Perplexity: 1.0015, Dev Perplexity: 17.4138, Accuracy: 0.7336, Sequence Accuracy: 0.1538
2018-01-25 11:59:20,486 seq2seq.trainer.supervised_trainer INFO     Progress: 64%, Train Perplexity: 1.0014
2018-01-25 11:59:21,855 seq2seq.trainer.supervised_trainer INFO     Progress: 64%, Train Perplexity: 1.0008
2018-01-25 11:59:22,902 seq2seq.trainer.supervised_trainer INFO     Progress: 64%, Train Perplexity: 1.0004
2018-01-25 11:59:24,203 seq2seq.trainer.supervised_trainer INFO     Progress: 64%, Train Perplexity: 1.0006
2018-01-25 11:59:25,661 seq2seq.trainer.supervised_trainer INFO     Progress: 65%, Train Perplexity: 1.0047
2018-01-25 11:59:26,870 seq2seq.trainer.supervised_trainer INFO     Progress: 65%, Train Perplexity: 1.0054
2018-01-25 11:59:28,334 seq2seq.trainer.supervised_trainer INFO     Progress: 65%, Train Perplexity: 1.0013
2018-01-25 11:59:34,153 seq2seq.trainer.supervised_trainer INFO     Finished epoch 33: Train Perplexity: 1.0026, Dev Perplexity: 20.0426, Accuracy: 0.7259, Sequence Accuracy: 0.1482
2018-01-25 11:59:34,848 seq2seq.trainer.supervised_trainer INFO     Progress: 66%, Train Perplexity: 1.0053
2018-01-25 11:59:36,078 seq2seq.trainer.supervised_trainer INFO     Progress: 66%, Train Perplexity: 1.0003
2018-01-25 11:59:37,510 seq2seq.trainer.supervised_trainer INFO     Progress: 66%, Train Perplexity: 1.0043
2018-01-25 11:59:38,888 seq2seq.trainer.supervised_trainer INFO     Progress: 67%, Train Perplexity: 1.0005
2018-01-25 11:59:40,050 seq2seq.trainer.supervised_trainer INFO     Progress: 67%, Train Perplexity: 1.0083
2018-01-25 11:59:41,601 seq2seq.trainer.supervised_trainer INFO     Progress: 67%, Train Perplexity: 1.0102
2018-01-25 11:59:42,805 seq2seq.trainer.supervised_trainer INFO     Progress: 67%, Train Perplexity: 1.0032
2018-01-25 11:59:47,951 seq2seq.trainer.supervised_trainer INFO     Finished epoch 34: Train Perplexity: 1.0043, Dev Perplexity: 15.8311, Accuracy: 0.7325, Sequence Accuracy: 0.1495
2018-01-25 11:59:49,023 seq2seq.trainer.supervised_trainer INFO     Progress: 68%, Train Perplexity: 1.0011
2018-01-25 11:59:50,442 seq2seq.trainer.supervised_trainer INFO     Progress: 68%, Train Perplexity: 1.0035
2018-01-25 11:59:51,887 seq2seq.trainer.supervised_trainer INFO     Progress: 68%, Train Perplexity: 1.0080
2018-01-25 11:59:53,265 seq2seq.trainer.supervised_trainer INFO     Progress: 69%, Train Perplexity: 1.0008
2018-01-25 11:59:54,786 seq2seq.trainer.supervised_trainer INFO     Progress: 69%, Train Perplexity: 1.0008
2018-01-25 11:59:56,315 seq2seq.trainer.supervised_trainer INFO     Progress: 69%, Train Perplexity: 1.0122
2018-01-25 12:00:02,477 seq2seq.trainer.supervised_trainer INFO     Finished epoch 35: Train Perplexity: 1.0041, Dev Perplexity: 19.5980, Accuracy: 0.7190, Sequence Accuracy: 0.1332
2018-01-25 12:00:02,924 seq2seq.trainer.supervised_trainer INFO     Progress: 70%, Train Perplexity: 1.0010
2018-01-25 12:00:04,216 seq2seq.trainer.supervised_trainer INFO     Progress: 70%, Train Perplexity: 1.0022
2018-01-25 12:00:05,417 seq2seq.trainer.supervised_trainer INFO     Progress: 70%, Train Perplexity: 1.0003
2018-01-25 12:00:06,682 seq2seq.trainer.supervised_trainer INFO     Progress: 70%, Train Perplexity: 1.0001
2018-01-25 12:00:08,112 seq2seq.trainer.supervised_trainer INFO     Progress: 71%, Train Perplexity: 1.0012
2018-01-25 12:00:09,346 seq2seq.trainer.supervised_trainer INFO     Progress: 71%, Train Perplexity: 1.0004
2018-01-25 12:00:10,918 seq2seq.trainer.supervised_trainer INFO     Progress: 71%, Train Perplexity: 1.0008
2018-01-25 12:00:16,484 seq2seq.trainer.supervised_trainer INFO     Finished epoch 36: Train Perplexity: 1.0008, Dev Perplexity: 16.5288, Accuracy: 0.7330, Sequence Accuracy: 0.1554
2018-01-25 12:00:17,398 seq2seq.trainer.supervised_trainer INFO     Progress: 72%, Train Perplexity: 1.0035
2018-01-25 12:00:18,723 seq2seq.trainer.supervised_trainer INFO     Progress: 72%, Train Perplexity: 1.0036
2018-01-25 12:00:19,833 seq2seq.trainer.supervised_trainer INFO     Progress: 72%, Train Perplexity: 1.0012
2018-01-25 12:00:21,422 seq2seq.trainer.supervised_trainer INFO     Progress: 73%, Train Perplexity: 1.0006
2018-01-25 12:00:22,774 seq2seq.trainer.supervised_trainer INFO     Progress: 73%, Train Perplexity: 1.0003
2018-01-25 12:00:24,431 seq2seq.trainer.supervised_trainer INFO     Progress: 73%, Train Perplexity: 1.0001
2018-01-25 12:00:25,809 seq2seq.trainer.supervised_trainer INFO     Progress: 73%, Train Perplexity: 1.0002
2018-01-25 12:00:30,883 seq2seq.trainer.supervised_trainer INFO     Finished epoch 37: Train Perplexity: 1.0014, Dev Perplexity: 21.3417, Accuracy: 0.7280, Sequence Accuracy: 0.1571
2018-01-25 12:00:32,444 seq2seq.trainer.supervised_trainer INFO     Progress: 74%, Train Perplexity: 1.0002
2018-01-25 12:00:33,603 seq2seq.trainer.supervised_trainer INFO     Progress: 74%, Train Perplexity: 1.0002
2018-01-25 12:00:34,863 seq2seq.trainer.supervised_trainer INFO     Progress: 74%, Train Perplexity: 1.0006
2018-01-25 12:00:36,228 seq2seq.trainer.supervised_trainer INFO     Progress: 75%, Train Perplexity: 1.0003
2018-01-25 12:00:37,499 seq2seq.trainer.supervised_trainer INFO     Progress: 75%, Train Perplexity: 1.0015
2018-01-25 12:00:38,877 seq2seq.trainer.supervised_trainer INFO     Progress: 75%, Train Perplexity: 1.0006
2018-01-25 12:00:44,817 seq2seq.trainer.supervised_trainer INFO     Finished epoch 38: Train Perplexity: 1.0005, Dev Perplexity: 20.2794, Accuracy: 0.7334, Sequence Accuracy: 0.1564
2018-01-25 12:00:45,307 seq2seq.trainer.supervised_trainer INFO     Progress: 76%, Train Perplexity: 1.0002
2018-01-25 12:00:46,698 seq2seq.trainer.supervised_trainer INFO     Progress: 76%, Train Perplexity: 1.0075
2018-01-25 12:00:47,987 seq2seq.trainer.supervised_trainer INFO     Progress: 76%, Train Perplexity: 1.0068
2018-01-25 12:00:49,243 seq2seq.trainer.supervised_trainer INFO     Progress: 76%, Train Perplexity: 1.0003
2018-01-25 12:00:50,576 seq2seq.trainer.supervised_trainer INFO     Progress: 77%, Train Perplexity: 1.0045
2018-01-25 12:00:51,736 seq2seq.trainer.supervised_trainer INFO     Progress: 77%, Train Perplexity: 1.0020
2018-01-25 12:00:53,011 seq2seq.trainer.supervised_trainer INFO     Progress: 77%, Train Perplexity: 1.0015
2018-01-25 12:00:58,558 seq2seq.trainer.supervised_trainer INFO     Finished epoch 39: Train Perplexity: 1.0035, Dev Perplexity: 26.4929, Accuracy: 0.7064, Sequence Accuracy: 0.1097
2018-01-25 12:00:59,585 seq2seq.trainer.supervised_trainer INFO     Progress: 78%, Train Perplexity: 1.0014
2018-01-25 12:01:01,131 seq2seq.trainer.supervised_trainer INFO     Progress: 78%, Train Perplexity: 1.0001
2018-01-25 12:01:02,565 seq2seq.trainer.supervised_trainer INFO     Progress: 78%, Train Perplexity: 1.0020
2018-01-25 12:01:03,845 seq2seq.trainer.supervised_trainer INFO     Progress: 79%, Train Perplexity: 1.0005
2018-01-25 12:01:05,166 seq2seq.trainer.supervised_trainer INFO     Progress: 79%, Train Perplexity: 1.0066
2018-01-25 12:01:06,409 seq2seq.trainer.supervised_trainer INFO     Progress: 79%, Train Perplexity: 1.0021
2018-01-25 12:01:07,814 seq2seq.trainer.supervised_trainer INFO     Progress: 80%, Train Perplexity: 1.0003
2018-01-25 12:01:12,849 seq2seq.trainer.supervised_trainer INFO     Finished epoch 40: Train Perplexity: 1.0019, Dev Perplexity: 31.0171, Accuracy: 0.7098, Sequence Accuracy: 0.1199
2018-01-25 12:01:14,561 seq2seq.trainer.supervised_trainer INFO     Progress: 80%, Train Perplexity: 1.0050
2018-01-25 12:01:15,972 seq2seq.trainer.supervised_trainer INFO     Progress: 80%, Train Perplexity: 1.0046
2018-01-25 12:01:17,423 seq2seq.trainer.supervised_trainer INFO     Progress: 80%, Train Perplexity: 1.0000
2018-01-25 12:01:18,705 seq2seq.trainer.supervised_trainer INFO     Progress: 81%, Train Perplexity: 1.0001
2018-01-25 12:01:20,071 seq2seq.trainer.supervised_trainer INFO     Progress: 81%, Train Perplexity: 1.0000
2018-01-25 12:01:21,608 seq2seq.trainer.supervised_trainer INFO     Progress: 81%, Train Perplexity: 1.0016
2018-01-25 12:01:27,522 seq2seq.trainer.supervised_trainer INFO     Finished epoch 41: Train Perplexity: 1.0020, Dev Perplexity: 17.9321, Accuracy: 0.7354, Sequence Accuracy: 0.1388
2018-01-25 12:01:28,006 seq2seq.trainer.supervised_trainer INFO     Progress: 82%, Train Perplexity: 1.0023
2018-01-25 12:01:29,328 seq2seq.trainer.supervised_trainer INFO     Progress: 82%, Train Perplexity: 1.0088
2018-01-25 12:01:30,581 seq2seq.trainer.supervised_trainer INFO     Progress: 82%, Train Perplexity: 1.0067
2018-01-25 12:01:31,939 seq2seq.trainer.supervised_trainer INFO     Progress: 83%, Train Perplexity: 1.0021
2018-01-25 12:01:33,524 seq2seq.trainer.supervised_trainer INFO     Progress: 83%, Train Perplexity: 1.0002
2018-01-25 12:01:34,882 seq2seq.trainer.supervised_trainer INFO     Progress: 83%, Train Perplexity: 1.0013
2018-01-25 12:01:36,265 seq2seq.trainer.supervised_trainer INFO     Progress: 83%, Train Perplexity: 1.0019
2018-01-25 12:01:41,691 seq2seq.trainer.supervised_trainer INFO     Finished epoch 42: Train Perplexity: 1.0032, Dev Perplexity: 23.3088, Accuracy: 0.7211, Sequence Accuracy: 0.1492
2018-01-25 12:01:42,729 seq2seq.trainer.supervised_trainer INFO     Progress: 84%, Train Perplexity: 1.0012
2018-01-25 12:01:44,089 seq2seq.trainer.supervised_trainer INFO     Progress: 84%, Train Perplexity: 1.0000
2018-01-25 12:01:45,549 seq2seq.trainer.supervised_trainer INFO     Progress: 84%, Train Perplexity: 1.0000
2018-01-25 12:01:46,913 seq2seq.trainer.supervised_trainer INFO     Progress: 85%, Train Perplexity: 1.0010
2018-01-25 12:01:48,256 seq2seq.trainer.supervised_trainer INFO     Progress: 85%, Train Perplexity: 1.0008
2018-01-25 12:01:49,652 seq2seq.trainer.supervised_trainer INFO     Progress: 85%, Train Perplexity: 1.0007
2018-01-25 12:01:56,041 seq2seq.trainer.supervised_trainer INFO     Finished epoch 43: Train Perplexity: 1.0007, Dev Perplexity: 33.0154, Accuracy: 0.7193, Sequence Accuracy: 0.1492
2018-01-25 12:01:56,175 seq2seq.trainer.supervised_trainer INFO     Progress: 86%, Train Perplexity: 1.0008
2018-01-25 12:01:57,673 seq2seq.trainer.supervised_trainer INFO     Progress: 86%, Train Perplexity: 1.0004
2018-01-25 12:01:59,235 seq2seq.trainer.supervised_trainer INFO     Progress: 86%, Train Perplexity: 1.0005
2018-01-25 12:02:00,774 seq2seq.trainer.supervised_trainer INFO     Progress: 86%, Train Perplexity: 1.0017
2018-01-25 12:02:02,009 seq2seq.trainer.supervised_trainer INFO     Progress: 87%, Train Perplexity: 1.0015
2018-01-25 12:02:03,053 seq2seq.trainer.supervised_trainer INFO     Progress: 87%, Train Perplexity: 1.0014
2018-01-25 12:02:04,282 seq2seq.trainer.supervised_trainer INFO     Progress: 87%, Train Perplexity: 1.0007
2018-01-25 12:02:10,141 seq2seq.trainer.supervised_trainer INFO     Finished epoch 44: Train Perplexity: 1.0010, Dev Perplexity: 32.0557, Accuracy: 0.7200, Sequence Accuracy: 0.1490
2018-01-25 12:02:10,899 seq2seq.trainer.supervised_trainer INFO     Progress: 88%, Train Perplexity: 1.0008
2018-01-25 12:02:12,301 seq2seq.trainer.supervised_trainer INFO     Progress: 88%, Train Perplexity: 1.0004
2018-01-25 12:02:13,652 seq2seq.trainer.supervised_trainer INFO     Progress: 88%, Train Perplexity: 1.0098
2018-01-25 12:02:15,083 seq2seq.trainer.supervised_trainer INFO     Progress: 89%, Train Perplexity: 1.0009
2018-01-25 12:02:16,730 seq2seq.trainer.supervised_trainer INFO     Progress: 89%, Train Perplexity: 1.0003
2018-01-25 12:02:17,911 seq2seq.trainer.supervised_trainer INFO     Progress: 89%, Train Perplexity: 1.0025
2018-01-25 12:02:19,128 seq2seq.trainer.supervised_trainer INFO     Progress: 89%, Train Perplexity: 1.0031
2018-01-25 12:02:24,549 seq2seq.trainer.supervised_trainer INFO     Finished epoch 45: Train Perplexity: 1.0026, Dev Perplexity: 29.8453, Accuracy: 0.7301, Sequence Accuracy: 0.1523
2018-01-25 12:02:25,855 seq2seq.trainer.supervised_trainer INFO     Progress: 90%, Train Perplexity: 1.0006
2018-01-25 12:02:26,985 seq2seq.trainer.supervised_trainer INFO     Progress: 90%, Train Perplexity: 1.0004
2018-01-25 12:02:28,558 seq2seq.trainer.supervised_trainer INFO     Progress: 90%, Train Perplexity: 1.0001
2018-01-25 12:02:29,951 seq2seq.trainer.supervised_trainer INFO     Progress: 91%, Train Perplexity: 1.0003
2018-01-25 12:02:31,113 seq2seq.trainer.supervised_trainer INFO     Progress: 91%, Train Perplexity: 1.0002
2018-01-25 12:02:32,416 seq2seq.trainer.supervised_trainer INFO     Progress: 91%, Train Perplexity: 1.0002
2018-01-25 12:02:38,721 seq2seq.trainer.supervised_trainer INFO     Finished epoch 46: Train Perplexity: 1.0003, Dev Perplexity: 37.0609, Accuracy: 0.7284, Sequence Accuracy: 0.1454
2018-01-25 12:02:38,859 seq2seq.trainer.supervised_trainer INFO     Progress: 92%, Train Perplexity: 1.0001
2018-01-25 12:02:40,391 seq2seq.trainer.supervised_trainer INFO     Progress: 92%, Train Perplexity: 1.0002
2018-01-25 12:02:41,728 seq2seq.trainer.supervised_trainer INFO     Progress: 92%, Train Perplexity: 1.0007
2018-01-25 12:02:43,348 seq2seq.trainer.supervised_trainer INFO     Progress: 92%, Train Perplexity: 1.0034
2018-01-25 12:02:44,715 seq2seq.trainer.supervised_trainer INFO     Progress: 93%, Train Perplexity: 1.0135
2018-01-25 12:02:46,145 seq2seq.trainer.supervised_trainer INFO     Progress: 93%, Train Perplexity: 1.0001
2018-01-25 12:02:47,491 seq2seq.trainer.supervised_trainer INFO     Progress: 93%, Train Perplexity: 1.0024
2018-01-25 12:02:53,368 seq2seq.trainer.supervised_trainer INFO     Finished epoch 47: Train Perplexity: 1.0031, Dev Perplexity: 31.2692, Accuracy: 0.7216, Sequence Accuracy: 0.1408
2018-01-25 12:02:54,041 seq2seq.trainer.supervised_trainer INFO     Progress: 94%, Train Perplexity: 1.0009
2018-01-25 12:02:55,517 seq2seq.trainer.supervised_trainer INFO     Progress: 94%, Train Perplexity: 1.0146
2018-01-25 12:02:56,835 seq2seq.trainer.supervised_trainer INFO     Progress: 94%, Train Perplexity: 1.0000
2018-01-25 12:02:58,077 seq2seq.trainer.supervised_trainer INFO     Progress: 95%, Train Perplexity: 1.0002
2018-01-25 12:02:59,395 seq2seq.trainer.supervised_trainer INFO     Progress: 95%, Train Perplexity: 1.0009
2018-01-25 12:03:00,746 seq2seq.trainer.supervised_trainer INFO     Progress: 95%, Train Perplexity: 1.0003
2018-01-25 12:03:02,179 seq2seq.trainer.supervised_trainer INFO     Progress: 95%, Train Perplexity: 1.0004
2018-01-25 12:03:07,518 seq2seq.trainer.supervised_trainer INFO     Finished epoch 48: Train Perplexity: 1.0026, Dev Perplexity: 36.2216, Accuracy: 0.7158, Sequence Accuracy: 0.1480
2018-01-25 12:03:08,691 seq2seq.trainer.supervised_trainer INFO     Progress: 96%, Train Perplexity: 1.0003
2018-01-25 12:03:10,168 seq2seq.trainer.supervised_trainer INFO     Progress: 96%, Train Perplexity: 1.0000
2018-01-25 12:03:11,193 seq2seq.trainer.supervised_trainer INFO     Progress: 96%, Train Perplexity: 1.0014
2018-01-25 12:03:12,330 seq2seq.trainer.supervised_trainer INFO     Progress: 97%, Train Perplexity: 1.0078
2018-01-25 12:03:13,676 seq2seq.trainer.supervised_trainer INFO     Progress: 97%, Train Perplexity: 1.0035
2018-01-25 12:03:15,243 seq2seq.trainer.supervised_trainer INFO     Progress: 97%, Train Perplexity: 1.0001
2018-01-25 12:03:21,519 seq2seq.trainer.supervised_trainer INFO     Finished epoch 49: Train Perplexity: 1.0020, Dev Perplexity: 28.2596, Accuracy: 0.7293, Sequence Accuracy: 0.1474
2018-01-25 12:03:21,814 seq2seq.trainer.supervised_trainer INFO     Progress: 98%, Train Perplexity: 1.0001
2018-01-25 12:03:23,295 seq2seq.trainer.supervised_trainer INFO     Progress: 98%, Train Perplexity: 1.0003
2018-01-25 12:03:24,413 seq2seq.trainer.supervised_trainer INFO     Progress: 98%, Train Perplexity: 1.0013
2018-01-25 12:03:25,821 seq2seq.trainer.supervised_trainer INFO     Progress: 98%, Train Perplexity: 1.0023
2018-01-25 12:03:27,094 seq2seq.trainer.supervised_trainer INFO     Progress: 99%, Train Perplexity: 1.0029
2018-01-25 12:03:28,345 seq2seq.trainer.supervised_trainer INFO     Progress: 99%, Train Perplexity: 1.0040
2018-01-25 12:03:29,979 seq2seq.trainer.supervised_trainer INFO     Progress: 99%, Train Perplexity: 1.0010
2018-01-25 12:03:35,605 seq2seq.trainer.supervised_trainer INFO     Finished epoch 50: Train Perplexity: 1.0018, Dev Perplexity: 38.6315, Accuracy: 0.7192, Sequence Accuracy: 0.1515
end of job
