start of job
Applications clocks set to "(MEM 3004, SM 875)" for GPU 00000000:02:00.0
All done.
Applications clocks set to "(MEM 3004, SM 875)" for GPU 00000000:82:00.0
All done.
Train model on example data
2018-02-27 22:52:20,795 root         INFO     Namespace(attention=True, batch_size=128, bidirectional=False, cuda_device=0, dev='data/CLEANED-SCAN/length_split/experiment5/dev.txt', dropout_p_decoder=0.5, dropout_p_encoder=0.5, embedding_size=200, epochs=70, hidden_size=200, load_checkpoint=None, log_level='debug', lr=0.001, max_len=50, n_layers=2, optim='adam', output_dir='variance_experiment_only_short_primitives', print_every=20, profile=False, reg_scale=1000, resume=False, rnn_cell='lstm', save_every=133, src_vocab=50000, teacher_forcing_ratio=0.5, tgt_vocab=50000, train='data/CLEANED-SCAN/length_split/experiment5/train.txt')
2018-02-27 22:52:24,651 root         DEBUG    Input vocab: ['<unk>', '<pad>', u'left', u'right', u'twice', u'opposite', u'thrice', u'around', u'after', u'and', u'turn', u'walk', u'look', u'run', u'jump']
2018-02-27 22:52:24,651 root         DEBUG    Output vocab: ['<unk>', '<pad>', u'I_TURN_RIGHT', u'I_TURN_LEFT', u'I_WALK', u'I_LOOK', u'I_RUN', '<eos>', '<sos>', u'I_JUMP']
2018-02-27 22:52:24,658 seq2seq.trainer.supervised_trainer INFO     Optimizer: <torch.optim.adam.Adam object at 0x2b09f9b7bd10>, Scheduler: None
Cuda device set to 0
2018-02-27 22:52:25,694 seq2seq.trainer.supervised_trainer DEBUG    Epoch: 1, Step: 0
2018-02-27 22:52:29,317 seq2seq.trainer.supervised_trainer INFO     Progress: 0%, Train Perplexity: 13.3253
2018-02-27 22:52:31,026 seq2seq.trainer.supervised_trainer INFO     Progress: 0%, Train Perplexity: 4.4977
2018-02-27 22:52:32,409 seq2seq.trainer.supervised_trainer INFO     Progress: 0%, Train Perplexity: 3.8294
2018-02-27 22:52:34,045 seq2seq.trainer.supervised_trainer INFO     Progress: 1%, Train Perplexity: 3.2190
2018-02-27 22:52:36,078 seq2seq.trainer.supervised_trainer INFO     Finished epoch 1: Train Perplexity: 4.7176, Dev Perplexity: 3.0843, Accuracy: 0.5003, Sequence Accuracy: 0.0349, Variance: 0.0004
2018-02-27 22:52:36,078 seq2seq.trainer.supervised_trainer DEBUG    Epoch: 2, Step: 116
2018-02-27 22:52:36,529 seq2seq.trainer.supervised_trainer INFO     Progress: 1%, Train Perplexity: 3.1283
2018-02-27 22:52:38,162 seq2seq.trainer.supervised_trainer DEBUG    Saved checkpoint var_0.00_acc_0.50_seq_acc_0.05_ppl_2.95_s133
2018-02-27 22:52:39,043 seq2seq.trainer.supervised_trainer INFO     Progress: 1%, Train Perplexity: 2.9325
2018-02-27 22:52:40,622 seq2seq.trainer.supervised_trainer INFO     Progress: 1%, Train Perplexity: 2.7638
2018-02-27 22:52:42,045 seq2seq.trainer.supervised_trainer INFO     Progress: 2%, Train Perplexity: 3.3980
2018-02-27 22:52:43,426 seq2seq.trainer.supervised_trainer INFO     Progress: 2%, Train Perplexity: 2.6136
2018-02-27 22:52:44,687 seq2seq.trainer.supervised_trainer INFO     Progress: 2%, Train Perplexity: 2.3409
2018-02-27 22:52:46,312 seq2seq.trainer.supervised_trainer INFO     Finished epoch 2: Train Perplexity: 2.7648, Dev Perplexity: 2.4801, Accuracy: 0.6120, Sequence Accuracy: 0.0875, Variance: 0.0021
2018-02-27 22:52:46,312 seq2seq.trainer.supervised_trainer DEBUG    Epoch: 3, Step: 232
2018-02-27 22:52:46,887 seq2seq.trainer.supervised_trainer INFO     Progress: 2%, Train Perplexity: 2.2525
2018-02-27 22:52:48,500 seq2seq.trainer.supervised_trainer INFO     Progress: 3%, Train Perplexity: 2.2701
2018-02-27 22:52:49,648 seq2seq.trainer.supervised_trainer DEBUG    Saved checkpoint var_0.01_acc_0.60_seq_acc_0.06_ppl_2.54_s266
2018-02-27 22:52:50,838 seq2seq.trainer.supervised_trainer INFO     Progress: 3%, Train Perplexity: 2.2435
2018-02-27 22:52:52,170 seq2seq.trainer.supervised_trainer INFO     Progress: 3%, Train Perplexity: 2.0092
2018-02-27 22:52:53,757 seq2seq.trainer.supervised_trainer INFO     Progress: 3%, Train Perplexity: 2.1210
2018-02-27 22:52:55,305 seq2seq.trainer.supervised_trainer INFO     Progress: 4%, Train Perplexity: 2.1251
2018-02-27 22:52:56,714 seq2seq.trainer.supervised_trainer INFO     Finished epoch 3: Train Perplexity: 2.1479, Dev Perplexity: 2.2657, Accuracy: 0.6486, Sequence Accuracy: 0.1095, Variance: 0.0133
2018-02-27 22:52:56,714 seq2seq.trainer.supervised_trainer DEBUG    Epoch: 4, Step: 348
2018-02-27 22:52:57,700 seq2seq.trainer.supervised_trainer INFO     Progress: 4%, Train Perplexity: 2.0506
2018-02-27 22:52:59,059 seq2seq.trainer.supervised_trainer INFO     Progress: 4%, Train Perplexity: 1.8084
2018-02-27 22:53:01,362 seq2seq.trainer.supervised_trainer DEBUG    Saved checkpoint var_0.01_acc_0.71_seq_acc_0.14_ppl_2.04_s399
2018-02-27 22:53:01,565 seq2seq.trainer.supervised_trainer INFO     Progress: 4%, Train Perplexity: 1.7457
2018-02-27 22:53:03,213 seq2seq.trainer.supervised_trainer INFO     Progress: 5%, Train Perplexity: 1.5994
2018-02-27 22:53:04,497 seq2seq.trainer.supervised_trainer INFO     Progress: 5%, Train Perplexity: 1.4901
2018-02-27 22:53:05,924 seq2seq.trainer.supervised_trainer INFO     Progress: 5%, Train Perplexity: 1.5021
2018-02-27 22:53:06,871 seq2seq.trainer.supervised_trainer INFO     Finished epoch 4: Train Perplexity: 1.6645, Dev Perplexity: 1.6223, Accuracy: 0.8336, Sequence Accuracy: 0.3327, Variance: 0.0094
2018-02-27 22:53:06,872 seq2seq.trainer.supervised_trainer DEBUG    Epoch: 5, Step: 464
2018-02-27 22:53:08,351 seq2seq.trainer.supervised_trainer INFO     Progress: 5%, Train Perplexity: 1.5102
2018-02-27 22:53:09,853 seq2seq.trainer.supervised_trainer INFO     Progress: 6%, Train Perplexity: 1.4470
2018-02-27 22:53:11,536 seq2seq.trainer.supervised_trainer INFO     Progress: 6%, Train Perplexity: 1.4351
2018-02-27 22:53:13,098 seq2seq.trainer.supervised_trainer DEBUG    Saved checkpoint var_0.02_acc_0.87_seq_acc_0.46_ppl_1.47_s532
2018-02-27 22:53:14,016 seq2seq.trainer.supervised_trainer INFO     Progress: 6%, Train Perplexity: 1.4097
2018-02-27 22:53:15,249 seq2seq.trainer.supervised_trainer INFO     Progress: 6%, Train Perplexity: 1.1139
2018-02-27 22:53:16,770 seq2seq.trainer.supervised_trainer INFO     Progress: 7%, Train Perplexity: 1.2551
2018-02-27 22:53:17,439 seq2seq.trainer.supervised_trainer INFO     Finished epoch 5: Train Perplexity: 1.3668, Dev Perplexity: 1.4205, Accuracy: 0.8889, Sequence Accuracy: 0.5902, Variance: 0.0218
2018-02-27 22:53:17,439 seq2seq.trainer.supervised_trainer DEBUG    Epoch: 6, Step: 580
2018-02-27 22:53:19,039 seq2seq.trainer.supervised_trainer INFO     Progress: 7%, Train Perplexity: 1.3284
2018-02-27 22:53:20,746 seq2seq.trainer.supervised_trainer INFO     Progress: 7%, Train Perplexity: 1.5372
2018-02-27 22:53:22,531 seq2seq.trainer.supervised_trainer INFO     Progress: 7%, Train Perplexity: 1.1997
2018-02-27 22:53:23,820 seq2seq.trainer.supervised_trainer INFO     Progress: 8%, Train Perplexity: 1.0536
2018-02-27 22:53:24,756 seq2seq.trainer.supervised_trainer DEBUG    Saved checkpoint var_0.02_acc_0.90_seq_acc_0.45_ppl_1.33_s665
2018-02-27 22:53:26,365 seq2seq.trainer.supervised_trainer INFO     Progress: 8%, Train Perplexity: 1.2146
2018-02-27 22:53:28,236 seq2seq.trainer.supervised_trainer INFO     Finished epoch 6: Train Perplexity: 1.2407, Dev Perplexity: 1.3317, Accuracy: 0.9095, Sequence Accuracy: 0.5939, Variance: 0.0359
2018-02-27 22:53:28,236 seq2seq.trainer.supervised_trainer DEBUG    Epoch: 7, Step: 696
2018-02-27 22:53:28,533 seq2seq.trainer.supervised_trainer INFO     Progress: 8%, Train Perplexity: 1.0912
2018-02-27 22:53:29,980 seq2seq.trainer.supervised_trainer INFO     Progress: 8%, Train Perplexity: 1.1066
2018-02-27 22:53:31,528 seq2seq.trainer.supervised_trainer INFO     Progress: 9%, Train Perplexity: 1.1699
2018-02-27 22:53:33,134 seq2seq.trainer.supervised_trainer INFO     Progress: 9%, Train Perplexity: 1.1127
2018-02-27 22:53:34,708 seq2seq.trainer.supervised_trainer INFO     Progress: 9%, Train Perplexity: 1.0175
2018-02-27 22:53:36,943 seq2seq.trainer.supervised_trainer DEBUG    Saved checkpoint var_0.31_acc_0.89_seq_acc_0.61_ppl_1.31_s798
2018-02-27 22:53:37,297 seq2seq.trainer.supervised_trainer INFO     Progress: 9%, Train Perplexity: 1.1268
2018-02-27 22:53:38,886 seq2seq.trainer.supervised_trainer INFO     Finished epoch 7: Train Perplexity: 1.0871, Dev Perplexity: 1.6355, Accuracy: 0.8421, Sequence Accuracy: 0.3902, Variance: 0.3488
2018-02-27 22:53:38,886 seq2seq.trainer.supervised_trainer DEBUG    Epoch: 8, Step: 812
2018-02-27 22:53:39,584 seq2seq.trainer.supervised_trainer INFO     Progress: 10%, Train Perplexity: 0.9576
2018-02-27 22:53:41,000 seq2seq.trainer.supervised_trainer INFO     Progress: 10%, Train Perplexity: 0.8883
2018-02-27 22:53:42,643 seq2seq.trainer.supervised_trainer INFO     Progress: 10%, Train Perplexity: 0.8944
2018-02-27 22:53:44,389 seq2seq.trainer.supervised_trainer INFO     Progress: 10%, Train Perplexity: 0.9655
2018-02-27 22:53:45,967 seq2seq.trainer.supervised_trainer INFO     Progress: 11%, Train Perplexity: 0.9626
2018-02-27 22:53:47,481 seq2seq.trainer.supervised_trainer INFO     Progress: 11%, Train Perplexity: 0.8581
2018-02-27 22:53:48,803 seq2seq.trainer.supervised_trainer INFO     Finished epoch 8: Train Perplexity: 0.9197, Dev Perplexity: 1.2264, Accuracy: 0.9197, Sequence Accuracy: 0.6985, Variance: 0.4121
2018-02-27 22:53:48,803 seq2seq.trainer.supervised_trainer DEBUG    Epoch: 9, Step: 928
2018-02-27 22:53:49,795 seq2seq.trainer.supervised_trainer DEBUG    Saved checkpoint var_0.42_acc_0.95_seq_acc_0.74_ppl_1.15_s931
2018-02-27 22:53:50,598 seq2seq.trainer.supervised_trainer INFO     Progress: 11%, Train Perplexity: 0.8446
2018-02-27 22:53:52,199 seq2seq.trainer.supervised_trainer INFO     Progress: 11%, Train Perplexity: 0.7685
2018-02-27 22:53:53,891 seq2seq.trainer.supervised_trainer INFO     Progress: 12%, Train Perplexity: 0.8227
2018-02-27 22:53:55,070 seq2seq.trainer.supervised_trainer INFO     Progress: 12%, Train Perplexity: 0.7991
2018-02-27 22:53:56,749 seq2seq.trainer.supervised_trainer INFO     Progress: 12%, Train Perplexity: 0.8910
2018-02-27 22:53:58,424 seq2seq.trainer.supervised_trainer INFO     Progress: 12%, Train Perplexity: 0.7892
2018-02-27 22:53:59,361 seq2seq.trainer.supervised_trainer INFO     Finished epoch 9: Train Perplexity: 0.8100, Dev Perplexity: 1.0952, Accuracy: 0.9587, Sequence Accuracy: 0.8416, Variance: 0.4503
2018-02-27 22:53:59,361 seq2seq.trainer.supervised_trainer DEBUG    Epoch: 10, Step: 1044
2018-02-27 22:54:00,533 seq2seq.trainer.supervised_trainer INFO     Progress: 13%, Train Perplexity: 0.7811
2018-02-27 22:54:01,553 seq2seq.trainer.supervised_trainer DEBUG    Saved checkpoint var_0.46_acc_0.95_seq_acc_0.78_ppl_1.13_s1064
2018-02-27 22:54:02,985 seq2seq.trainer.supervised_trainer INFO     Progress: 13%, Train Perplexity: 0.7932
2018-02-27 22:54:04,387 seq2seq.trainer.supervised_trainer INFO     Progress: 13%, Train Perplexity: 0.7554
2018-02-27 22:54:06,171 seq2seq.trainer.supervised_trainer INFO     Progress: 13%, Train Perplexity: 0.8618
2018-02-27 22:54:07,461 seq2seq.trainer.supervised_trainer INFO     Progress: 14%, Train Perplexity: 0.7669
2018-02-27 22:54:09,085 seq2seq.trainer.supervised_trainer INFO     Progress: 14%, Train Perplexity: 0.8038
2018-02-27 22:54:09,759 seq2seq.trainer.supervised_trainer INFO     Finished epoch 10: Train Perplexity: 0.7980, Dev Perplexity: 1.2833, Accuracy: 0.9205, Sequence Accuracy: 0.6544, Variance: 0.4605
2018-02-27 22:54:09,759 seq2seq.trainer.supervised_trainer DEBUG    Epoch: 11, Step: 1160
2018-02-27 22:54:11,202 seq2seq.trainer.supervised_trainer INFO     Progress: 14%, Train Perplexity: 0.7667
2018-02-27 22:54:13,454 seq2seq.trainer.supervised_trainer DEBUG    Saved checkpoint var_0.45_acc_0.96_seq_acc_0.81_ppl_1.09_s1197
2018-02-27 22:54:13,860 seq2seq.trainer.supervised_trainer INFO     Progress: 14%, Train Perplexity: 0.8444
2018-02-27 22:54:15,527 seq2seq.trainer.supervised_trainer INFO     Progress: 15%, Train Perplexity: 0.8243
2018-02-27 22:54:17,087 seq2seq.trainer.supervised_trainer INFO     Progress: 15%, Train Perplexity: 0.7193
2018-02-27 22:54:18,731 seq2seq.trainer.supervised_trainer INFO     Progress: 15%, Train Perplexity: 0.8186
2018-02-27 22:54:20,666 seq2seq.trainer.supervised_trainer INFO     Finished epoch 11: Train Perplexity: 0.7900, Dev Perplexity: 1.0571, Accuracy: 0.9756, Sequence Accuracy: 0.9064, Variance: 0.4605
2018-02-27 22:54:20,666 seq2seq.trainer.supervised_trainer DEBUG    Epoch: 12, Step: 1276
2018-02-27 22:54:21,043 seq2seq.trainer.supervised_trainer INFO     Progress: 15%, Train Perplexity: 0.7448
2018-02-27 22:54:22,816 seq2seq.trainer.supervised_trainer INFO     Progress: 16%, Train Perplexity: 0.7754
2018-02-27 22:54:24,311 seq2seq.trainer.supervised_trainer INFO     Progress: 16%, Train Perplexity: 0.7860
2018-02-27 22:54:25,798 seq2seq.trainer.supervised_trainer DEBUG    Saved checkpoint var_0.47_acc_0.97_seq_acc_0.85_ppl_1.07_s1330
2018-02-27 22:54:26,614 seq2seq.trainer.supervised_trainer INFO     Progress: 16%, Train Perplexity: 0.7445
2018-02-27 22:54:28,336 seq2seq.trainer.supervised_trainer INFO     Progress: 16%, Train Perplexity: 0.7430
2018-02-27 22:54:29,808 seq2seq.trainer.supervised_trainer INFO     Progress: 16%, Train Perplexity: 0.8101
2018-02-27 22:54:31,574 seq2seq.trainer.supervised_trainer INFO     Finished epoch 12: Train Perplexity: 0.7708, Dev Perplexity: 1.1631, Accuracy: 0.9554, Sequence Accuracy: 0.7817, Variance: 0.4778
2018-02-27 22:54:31,575 seq2seq.trainer.supervised_trainer DEBUG    Epoch: 13, Step: 1392
2018-02-27 22:54:32,045 seq2seq.trainer.supervised_trainer INFO     Progress: 17%, Train Perplexity: 0.7592
2018-02-27 22:54:33,608 seq2seq.trainer.supervised_trainer INFO     Progress: 17%, Train Perplexity: 0.7590
2018-02-27 22:54:34,963 seq2seq.trainer.supervised_trainer INFO     Progress: 17%, Train Perplexity: 0.7153
2018-02-27 22:54:36,921 seq2seq.trainer.supervised_trainer INFO     Progress: 17%, Train Perplexity: 0.8251
2018-02-27 22:54:37,898 seq2seq.trainer.supervised_trainer DEBUG    Saved checkpoint var_0.47_acc_0.99_seq_acc_0.96_ppl_1.02_s1463
2018-02-27 22:54:39,335 seq2seq.trainer.supervised_trainer INFO     Progress: 18%, Train Perplexity: 0.7614
2018-02-27 22:54:40,925 seq2seq.trainer.supervised_trainer INFO     Progress: 18%, Train Perplexity: 0.7148
2018-02-27 22:54:42,214 seq2seq.trainer.supervised_trainer INFO     Finished epoch 13: Train Perplexity: 0.7461, Dev Perplexity: 0.9957, Accuracy: 0.9941, Sequence Accuracy: 0.9737, Variance: 0.4800
2018-02-27 22:54:42,215 seq2seq.trainer.supervised_trainer DEBUG    Epoch: 14, Step: 1508
2018-02-27 22:54:43,145 seq2seq.trainer.supervised_trainer INFO     Progress: 18%, Train Perplexity: 0.7401
2018-02-27 22:54:44,792 seq2seq.trainer.supervised_trainer INFO     Progress: 18%, Train Perplexity: 0.7277
2018-02-27 22:54:46,496 seq2seq.trainer.supervised_trainer INFO     Progress: 19%, Train Perplexity: 0.7629
2018-02-27 22:54:48,094 seq2seq.trainer.supervised_trainer INFO     Progress: 19%, Train Perplexity: 0.7267
2018-02-27 22:54:50,491 seq2seq.trainer.supervised_trainer INFO     Progress: 19%, Train Perplexity: 0.7793
2018-02-27 22:54:51,831 seq2seq.trainer.supervised_trainer INFO     Progress: 19%, Train Perplexity: 0.7212
2018-02-27 22:54:52,810 seq2seq.trainer.supervised_trainer INFO     Finished epoch 14: Train Perplexity: 0.7409, Dev Perplexity: 1.0324, Accuracy: 0.9860, Sequence Accuracy: 0.9401, Variance: 0.4778
2018-02-27 22:54:52,810 seq2seq.trainer.supervised_trainer DEBUG    Epoch: 15, Step: 1624
2018-02-27 22:54:53,953 seq2seq.trainer.supervised_trainer INFO     Progress: 20%, Train Perplexity: 0.6502
2018-02-27 22:54:55,576 seq2seq.trainer.supervised_trainer INFO     Progress: 20%, Train Perplexity: 0.7312
2018-02-27 22:54:57,278 seq2seq.trainer.supervised_trainer INFO     Progress: 20%, Train Perplexity: 0.7736
2018-02-27 22:54:58,832 seq2seq.trainer.supervised_trainer INFO     Progress: 20%, Train Perplexity: 0.7560
2018-02-27 22:55:00,001 seq2seq.trainer.supervised_trainer INFO     Progress: 21%, Train Perplexity: 0.6857
2018-02-27 22:55:01,183 seq2seq.trainer.supervised_trainer DEBUG    Saved checkpoint var_0.48_acc_0.99_seq_acc_0.97_ppl_1.00_s1729
2018-02-27 22:55:02,245 seq2seq.trainer.supervised_trainer INFO     Progress: 21%, Train Perplexity: 0.7144
2018-02-27 22:55:02,922 seq2seq.trainer.supervised_trainer INFO     Finished epoch 15: Train Perplexity: 0.7247, Dev Perplexity: 1.0676, Accuracy: 0.9788, Sequence Accuracy: 0.8789, Variance: 0.4824
2018-02-27 22:55:02,922 seq2seq.trainer.supervised_trainer DEBUG    Epoch: 16, Step: 1740
2018-02-27 22:55:04,553 seq2seq.trainer.supervised_trainer INFO     Progress: 21%, Train Perplexity: 0.8184
2018-02-27 22:55:06,237 seq2seq.trainer.supervised_trainer INFO     Progress: 21%, Train Perplexity: 0.7611
2018-02-27 22:55:07,725 seq2seq.trainer.supervised_trainer INFO     Progress: 22%, Train Perplexity: 0.6637
2018-02-27 22:55:09,000 seq2seq.trainer.supervised_trainer INFO     Progress: 22%, Train Perplexity: 0.6485
2018-02-27 22:55:10,621 seq2seq.trainer.supervised_trainer INFO     Progress: 22%, Train Perplexity: 0.7250
2018-02-27 22:55:12,627 seq2seq.trainer.supervised_trainer INFO     Finished epoch 16: Train Perplexity: 0.7266, Dev Perplexity: 1.0363, Accuracy: 0.9815, Sequence Accuracy: 0.9217, Variance: 0.4755
2018-02-27 22:55:12,627 seq2seq.trainer.supervised_trainer DEBUG    Epoch: 17, Step: 1856
2018-02-27 22:55:12,927 seq2seq.trainer.supervised_trainer INFO     Progress: 22%, Train Perplexity: 0.7451
2018-02-27 22:55:15,015 seq2seq.trainer.supervised_trainer INFO     Progress: 23%, Train Perplexity: 0.6567
2018-02-27 22:55:16,695 seq2seq.trainer.supervised_trainer INFO     Progress: 23%, Train Perplexity: 0.7335
2018-02-27 22:55:18,048 seq2seq.trainer.supervised_trainer INFO     Progress: 23%, Train Perplexity: 0.6998
2018-02-27 22:55:19,598 seq2seq.trainer.supervised_trainer INFO     Progress: 23%, Train Perplexity: 0.6718
2018-02-27 22:55:21,316 seq2seq.trainer.supervised_trainer INFO     Progress: 24%, Train Perplexity: 0.7309
2018-02-27 22:55:22,891 seq2seq.trainer.supervised_trainer INFO     Finished epoch 17: Train Perplexity: 0.7016, Dev Perplexity: 0.9883, Accuracy: 0.9973, Sequence Accuracy: 0.9841, Variance: 0.4934
2018-02-27 22:55:22,891 seq2seq.trainer.supervised_trainer DEBUG    Epoch: 18, Step: 1972
2018-02-27 22:55:23,475 seq2seq.trainer.supervised_trainer INFO     Progress: 24%, Train Perplexity: 0.6713
2018-02-27 22:55:25,116 seq2seq.trainer.supervised_trainer DEBUG    Saved checkpoint var_0.49_acc_1.00_seq_acc_0.99_ppl_0.99_s1995
2018-02-27 22:55:25,573 seq2seq.trainer.supervised_trainer INFO     Progress: 24%, Train Perplexity: 0.6717
2018-02-27 22:55:27,312 seq2seq.trainer.supervised_trainer INFO     Progress: 24%, Train Perplexity: 0.7703
2018-02-27 22:55:28,705 seq2seq.trainer.supervised_trainer INFO     Progress: 25%, Train Perplexity: 0.6140
2018-02-27 22:55:30,412 seq2seq.trainer.supervised_trainer INFO     Progress: 25%, Train Perplexity: 0.7520
2018-02-27 22:55:32,022 seq2seq.trainer.supervised_trainer INFO     Progress: 25%, Train Perplexity: 0.7311
2018-02-27 22:55:33,349 seq2seq.trainer.supervised_trainer INFO     Finished epoch 18: Train Perplexity: 0.6984, Dev Perplexity: 0.9923, Accuracy: 0.9952, Sequence Accuracy: 0.9786, Variance: 0.5356
2018-02-27 22:55:33,349 seq2seq.trainer.supervised_trainer DEBUG    Epoch: 19, Step: 2088
2018-02-27 22:55:34,244 seq2seq.trainer.supervised_trainer INFO     Progress: 25%, Train Perplexity: 0.6883
2018-02-27 22:55:35,645 seq2seq.trainer.supervised_trainer INFO     Progress: 26%, Train Perplexity: 0.7055
2018-02-27 22:55:37,802 seq2seq.trainer.supervised_trainer INFO     Progress: 26%, Train Perplexity: 0.7080
2018-02-27 22:55:39,697 seq2seq.trainer.supervised_trainer INFO     Progress: 26%, Train Perplexity: 0.7516
2018-02-27 22:55:41,332 seq2seq.trainer.supervised_trainer INFO     Progress: 26%, Train Perplexity: 0.6551
2018-02-27 22:55:42,729 seq2seq.trainer.supervised_trainer INFO     Progress: 27%, Train Perplexity: 0.6492
2018-02-27 22:55:43,662 seq2seq.trainer.supervised_trainer INFO     Finished epoch 19: Train Perplexity: 0.6940, Dev Perplexity: 0.9852, Accuracy: 0.9973, Sequence Accuracy: 0.9829, Variance: 0.5341
2018-02-27 22:55:43,662 seq2seq.trainer.supervised_trainer DEBUG    Epoch: 20, Step: 2204
2018-02-27 22:55:44,887 seq2seq.trainer.supervised_trainer INFO     Progress: 27%, Train Perplexity: 0.7180
2018-02-27 22:55:46,513 seq2seq.trainer.supervised_trainer INFO     Progress: 27%, Train Perplexity: 0.7505
2018-02-27 22:55:47,973 seq2seq.trainer.supervised_trainer INFO     Progress: 27%, Train Perplexity: 0.6712
2018-02-27 22:55:50,178 seq2seq.trainer.supervised_trainer INFO     Progress: 28%, Train Perplexity: 0.7130
2018-02-27 22:55:51,458 seq2seq.trainer.supervised_trainer INFO     Progress: 28%, Train Perplexity: 0.6569
2018-02-27 22:55:52,970 seq2seq.trainer.supervised_trainer INFO     Progress: 28%, Train Perplexity: 0.6785
2018-02-27 22:55:53,641 seq2seq.trainer.supervised_trainer INFO     Finished epoch 20: Train Perplexity: 0.6984, Dev Perplexity: 0.9779, Accuracy: 0.9982, Sequence Accuracy: 0.9847, Variance: 0.5486
2018-02-27 22:55:53,641 seq2seq.trainer.supervised_trainer DEBUG    Epoch: 21, Step: 2320
2018-02-27 22:55:55,286 seq2seq.trainer.supervised_trainer INFO     Progress: 28%, Train Perplexity: 0.6732
2018-02-27 22:55:56,553 seq2seq.trainer.supervised_trainer INFO     Progress: 29%, Train Perplexity: 0.7055
2018-02-27 22:55:58,334 seq2seq.trainer.supervised_trainer INFO     Progress: 29%, Train Perplexity: 0.7249
2018-02-27 22:56:00,555 seq2seq.trainer.supervised_trainer INFO     Progress: 29%, Train Perplexity: 0.6924
2018-02-27 22:56:02,014 seq2seq.trainer.supervised_trainer INFO     Progress: 29%, Train Perplexity: 0.6944
2018-02-27 22:56:04,024 seq2seq.trainer.supervised_trainer INFO     Finished epoch 21: Train Perplexity: 0.6950, Dev Perplexity: 1.0024, Accuracy: 0.9919, Sequence Accuracy: 0.9156, Variance: 0.5525
2018-02-27 22:56:04,024 seq2seq.trainer.supervised_trainer DEBUG    Epoch: 22, Step: 2436
2018-02-27 22:56:04,394 seq2seq.trainer.supervised_trainer INFO     Progress: 30%, Train Perplexity: 0.6939
2018-02-27 22:56:06,062 seq2seq.trainer.supervised_trainer INFO     Progress: 30%, Train Perplexity: 0.7096
2018-02-27 22:56:07,722 seq2seq.trainer.supervised_trainer INFO     Progress: 30%, Train Perplexity: 0.7133
2018-02-27 22:56:09,146 seq2seq.trainer.supervised_trainer INFO     Progress: 30%, Train Perplexity: 0.6716
2018-02-27 22:56:10,804 seq2seq.trainer.supervised_trainer INFO     Progress: 31%, Train Perplexity: 0.7241
2018-02-27 22:56:13,187 seq2seq.trainer.supervised_trainer INFO     Progress: 31%, Train Perplexity: 0.7622
2018-02-27 22:56:14,627 seq2seq.trainer.supervised_trainer INFO     Finished epoch 22: Train Perplexity: 0.7232, Dev Perplexity: 0.9952, Accuracy: 0.9961, Sequence Accuracy: 0.9804, Variance: 0.5667
2018-02-27 22:56:14,627 seq2seq.trainer.supervised_trainer DEBUG    Epoch: 23, Step: 2552
2018-02-27 22:56:15,075 seq2seq.trainer.supervised_trainer INFO     Progress: 31%, Train Perplexity: 0.6871
2018-02-27 22:56:16,701 seq2seq.trainer.supervised_trainer INFO     Progress: 31%, Train Perplexity: 0.7056
2018-02-27 22:56:18,011 seq2seq.trainer.supervised_trainer INFO     Progress: 32%, Train Perplexity: 0.7442
2018-02-27 22:56:19,510 seq2seq.trainer.supervised_trainer INFO     Progress: 32%, Train Perplexity: 0.6751
2018-02-27 22:56:21,043 seq2seq.trainer.supervised_trainer INFO     Progress: 32%, Train Perplexity: 0.6683
2018-02-27 22:56:22,650 seq2seq.trainer.supervised_trainer INFO     Progress: 32%, Train Perplexity: 0.7096
2018-02-27 22:56:23,337 seq2seq.trainer.supervised_trainer DEBUG    Saved checkpoint var_0.56_acc_1.00_seq_acc_0.99_ppl_0.99_s2660
2018-02-27 22:56:25,047 seq2seq.trainer.supervised_trainer INFO     Finished epoch 23: Train Perplexity: 0.6934, Dev Perplexity: 0.9767, Accuracy: 0.9988, Sequence Accuracy: 0.9896, Variance: 0.5618
2018-02-27 22:56:25,047 seq2seq.trainer.supervised_trainer DEBUG    Epoch: 24, Step: 2668
2018-02-27 22:56:25,931 seq2seq.trainer.supervised_trainer INFO     Progress: 33%, Train Perplexity: 0.7065
2018-02-27 22:56:27,392 seq2seq.trainer.supervised_trainer INFO     Progress: 33%, Train Perplexity: 0.6547
2018-02-27 22:56:28,725 seq2seq.trainer.supervised_trainer INFO     Progress: 33%, Train Perplexity: 0.7220
2018-02-27 22:56:30,096 seq2seq.trainer.supervised_trainer INFO     Progress: 33%, Train Perplexity: 0.6558
2018-02-27 22:56:31,397 seq2seq.trainer.supervised_trainer INFO     Progress: 33%, Train Perplexity: 0.6968
2018-02-27 22:56:32,952 seq2seq.trainer.supervised_trainer INFO     Progress: 34%, Train Perplexity: 0.6870
2018-02-27 22:56:34,105 seq2seq.trainer.supervised_trainer INFO     Finished epoch 24: Train Perplexity: 0.6867, Dev Perplexity: 0.9776, Accuracy: 0.9991, Sequence Accuracy: 0.9951, Variance: 0.5630
2018-02-27 22:56:34,106 seq2seq.trainer.supervised_trainer DEBUG    Epoch: 25, Step: 2784
2018-02-27 22:56:35,647 seq2seq.trainer.supervised_trainer DEBUG    Saved checkpoint var_0.56_acc_1.00_seq_acc_0.99_ppl_0.98_s2793
2018-02-27 22:56:36,486 seq2seq.trainer.supervised_trainer INFO     Progress: 34%, Train Perplexity: 0.6941
2018-02-27 22:56:37,752 seq2seq.trainer.supervised_trainer INFO     Progress: 34%, Train Perplexity: 0.6566
2018-02-27 22:56:39,286 seq2seq.trainer.supervised_trainer INFO     Progress: 34%, Train Perplexity: 0.7385
2018-02-27 22:56:40,958 seq2seq.trainer.supervised_trainer INFO     Progress: 35%, Train Perplexity: 0.6348
2018-02-27 22:56:42,428 seq2seq.trainer.supervised_trainer INFO     Progress: 35%, Train Perplexity: 0.6935
2018-02-27 22:56:43,719 seq2seq.trainer.supervised_trainer INFO     Progress: 35%, Train Perplexity: 0.6758
2018-02-27 22:56:44,389 seq2seq.trainer.supervised_trainer INFO     Finished epoch 25: Train Perplexity: 0.6794, Dev Perplexity: 1.0147, Accuracy: 0.9946, Sequence Accuracy: 0.9902, Variance: 0.5704
2018-02-27 22:56:44,389 seq2seq.trainer.supervised_trainer DEBUG    Epoch: 26, Step: 2900
2018-02-27 22:56:45,782 seq2seq.trainer.supervised_trainer INFO     Progress: 35%, Train Perplexity: 0.6931
2018-02-27 22:56:47,741 seq2seq.trainer.supervised_trainer INFO     Progress: 36%, Train Perplexity: 0.6909
2018-02-27 22:56:49,045 seq2seq.trainer.supervised_trainer INFO     Progress: 36%, Train Perplexity: 0.6275
2018-02-27 22:56:50,672 seq2seq.trainer.supervised_trainer INFO     Progress: 36%, Train Perplexity: 0.7332
2018-02-27 22:56:52,073 seq2seq.trainer.supervised_trainer INFO     Progress: 36%, Train Perplexity: 0.6998
2018-02-27 22:56:53,745 seq2seq.trainer.supervised_trainer INFO     Finished epoch 26: Train Perplexity: 0.6859, Dev Perplexity: 0.9914, Accuracy: 0.9971, Sequence Accuracy: 0.9878, Variance: 0.5719
2018-02-27 22:56:53,745 seq2seq.trainer.supervised_trainer DEBUG    Epoch: 27, Step: 3016
2018-02-27 22:56:54,249 seq2seq.trainer.supervised_trainer INFO     Progress: 37%, Train Perplexity: 0.6845
2018-02-27 22:56:55,838 seq2seq.trainer.supervised_trainer INFO     Progress: 37%, Train Perplexity: 0.7024
2018-02-27 22:56:57,983 seq2seq.trainer.supervised_trainer INFO     Progress: 37%, Train Perplexity: 0.6687
2018-02-27 22:56:59,758 seq2seq.trainer.supervised_trainer INFO     Progress: 37%, Train Perplexity: 0.7400
2018-02-27 22:57:01,281 seq2seq.trainer.supervised_trainer INFO     Progress: 38%, Train Perplexity: 0.6823
2018-02-27 22:57:03,010 seq2seq.trainer.supervised_trainer INFO     Progress: 38%, Train Perplexity: 0.6411
2018-02-27 22:57:04,705 seq2seq.trainer.supervised_trainer INFO     Finished epoch 27: Train Perplexity: 0.6882, Dev Perplexity: 1.0704, Accuracy: 0.9852, Sequence Accuracy: 0.9235, Variance: 0.5786
2018-02-27 22:57:04,705 seq2seq.trainer.supervised_trainer DEBUG    Epoch: 28, Step: 3132
2018-02-27 22:57:05,440 seq2seq.trainer.supervised_trainer INFO     Progress: 38%, Train Perplexity: 0.8042
2018-02-27 22:57:06,957 seq2seq.trainer.supervised_trainer INFO     Progress: 38%, Train Perplexity: 0.6843
2018-02-27 22:57:08,486 seq2seq.trainer.supervised_trainer INFO     Progress: 39%, Train Perplexity: 0.6714
2018-02-27 22:57:09,994 seq2seq.trainer.supervised_trainer DEBUG    Saved checkpoint var_0.57_acc_1.00_seq_acc_1.00_ppl_0.97_s3192
2018-02-27 22:57:10,806 seq2seq.trainer.supervised_trainer INFO     Progress: 39%, Train Perplexity: 0.7120
2018-02-27 22:57:12,463 seq2seq.trainer.supervised_trainer INFO     Progress: 39%, Train Perplexity: 0.7334
2018-02-27 22:57:13,755 seq2seq.trainer.supervised_trainer INFO     Progress: 39%, Train Perplexity: 0.6258
2018-02-27 22:57:15,133 seq2seq.trainer.supervised_trainer INFO     Finished epoch 28: Train Perplexity: 0.7102, Dev Perplexity: 1.0234, Accuracy: 0.9939, Sequence Accuracy: 0.9859, Variance: 0.5707
2018-02-27 22:57:15,134 seq2seq.trainer.supervised_trainer DEBUG    Epoch: 29, Step: 3248
2018-02-27 22:57:15,850 seq2seq.trainer.supervised_trainer INFO     Progress: 40%, Train Perplexity: 0.6817
2018-02-27 22:57:17,469 seq2seq.trainer.supervised_trainer INFO     Progress: 40%, Train Perplexity: 0.6857
2018-02-27 22:57:19,030 seq2seq.trainer.supervised_trainer INFO     Progress: 40%, Train Perplexity: 0.7131
2018-02-27 22:57:20,564 seq2seq.trainer.supervised_trainer INFO     Progress: 40%, Train Perplexity: 0.6969
2018-02-27 22:57:22,857 seq2seq.trainer.supervised_trainer INFO     Progress: 41%, Train Perplexity: 0.6961
2018-02-27 22:57:24,410 seq2seq.trainer.supervised_trainer INFO     Progress: 41%, Train Perplexity: 0.6585
2018-02-27 22:57:25,471 seq2seq.trainer.supervised_trainer INFO     Finished epoch 29: Train Perplexity: 0.6874, Dev Perplexity: 0.9833, Accuracy: 0.9978, Sequence Accuracy: 0.9878, Variance: 0.5818
2018-02-27 22:57:25,471 seq2seq.trainer.supervised_trainer DEBUG    Epoch: 30, Step: 3364
2018-02-27 22:57:26,712 seq2seq.trainer.supervised_trainer INFO     Progress: 41%, Train Perplexity: 0.6619
2018-02-27 22:57:28,151 seq2seq.trainer.supervised_trainer INFO     Progress: 41%, Train Perplexity: 0.6620
2018-02-27 22:57:29,794 seq2seq.trainer.supervised_trainer INFO     Progress: 42%, Train Perplexity: 0.6734
2018-02-27 22:57:31,361 seq2seq.trainer.supervised_trainer INFO     Progress: 42%, Train Perplexity: 0.7031
2018-02-27 22:57:33,514 seq2seq.trainer.supervised_trainer INFO     Progress: 42%, Train Perplexity: 0.7302
2018-02-27 22:57:35,276 seq2seq.trainer.supervised_trainer INFO     Progress: 42%, Train Perplexity: 0.6652
2018-02-27 22:57:35,956 seq2seq.trainer.supervised_trainer INFO     Finished epoch 30: Train Perplexity: 0.6804, Dev Perplexity: 0.9741, Accuracy: 0.9982, Sequence Accuracy: 0.9792, Variance: 0.6055
2018-02-27 22:57:35,956 seq2seq.trainer.supervised_trainer DEBUG    Epoch: 31, Step: 3480
2018-02-27 22:57:37,404 seq2seq.trainer.supervised_trainer INFO     Progress: 43%, Train Perplexity: 0.6635
2018-02-27 22:57:38,760 seq2seq.trainer.supervised_trainer INFO     Progress: 43%, Train Perplexity: 0.6839
2018-02-27 22:57:40,154 seq2seq.trainer.supervised_trainer INFO     Progress: 43%, Train Perplexity: 0.7047
2018-02-27 22:57:41,634 seq2seq.trainer.supervised_trainer INFO     Progress: 43%, Train Perplexity: 0.6794
2018-02-27 22:57:43,176 seq2seq.trainer.supervised_trainer INFO     Progress: 44%, Train Perplexity: 0.6683
2018-02-27 22:57:45,738 seq2seq.trainer.supervised_trainer INFO     Finished epoch 31: Train Perplexity: 0.6790, Dev Perplexity: 0.9694, Accuracy: 0.9999, Sequence Accuracy: 0.9994, Variance: 0.6068
2018-02-27 22:57:45,739 seq2seq.trainer.supervised_trainer DEBUG    Epoch: 32, Step: 3596
2018-02-27 22:57:46,093 seq2seq.trainer.supervised_trainer INFO     Progress: 44%, Train Perplexity: 0.6630
2018-02-27 22:57:47,465 seq2seq.trainer.supervised_trainer INFO     Progress: 44%, Train Perplexity: 0.7151
2018-02-27 22:57:49,250 seq2seq.trainer.supervised_trainer INFO     Progress: 44%, Train Perplexity: 0.7311
2018-02-27 22:57:50,698 seq2seq.trainer.supervised_trainer INFO     Progress: 45%, Train Perplexity: 0.6954
2018-02-27 22:57:52,132 seq2seq.trainer.supervised_trainer INFO     Progress: 45%, Train Perplexity: 0.6137
2018-02-27 22:57:53,688 seq2seq.trainer.supervised_trainer INFO     Progress: 45%, Train Perplexity: 0.6198
2018-02-27 22:57:55,452 seq2seq.trainer.supervised_trainer INFO     Finished epoch 32: Train Perplexity: 0.6773, Dev Perplexity: 0.9713, Accuracy: 0.9994, Sequence Accuracy: 0.9945, Variance: 0.6068
2018-02-27 22:57:55,452 seq2seq.trainer.supervised_trainer DEBUG    Epoch: 33, Step: 3712
2018-02-27 22:57:56,118 seq2seq.trainer.supervised_trainer INFO     Progress: 45%, Train Perplexity: 0.6970
2018-02-27 22:57:58,303 seq2seq.trainer.supervised_trainer INFO     Progress: 46%, Train Perplexity: 0.6463
2018-02-27 22:58:00,031 seq2seq.trainer.supervised_trainer INFO     Progress: 46%, Train Perplexity: 0.7073
2018-02-27 22:58:01,557 seq2seq.trainer.supervised_trainer INFO     Progress: 46%, Train Perplexity: 0.7074
2018-02-27 22:58:03,007 seq2seq.trainer.supervised_trainer INFO     Progress: 46%, Train Perplexity: 0.6615
2018-02-27 22:58:04,583 seq2seq.trainer.supervised_trainer INFO     Progress: 47%, Train Perplexity: 0.6618
2018-02-27 22:58:05,999 seq2seq.trainer.supervised_trainer INFO     Finished epoch 33: Train Perplexity: 0.6739, Dev Perplexity: 0.9692, Accuracy: 1.0000, Sequence Accuracy: 1.0000, Variance: 0.6070
2018-02-27 22:58:05,999 seq2seq.trainer.supervised_trainer DEBUG    Epoch: 34, Step: 3828
2018-02-27 22:58:06,928 seq2seq.trainer.supervised_trainer INFO     Progress: 47%, Train Perplexity: 0.6271
2018-02-27 22:58:09,244 seq2seq.trainer.supervised_trainer INFO     Progress: 47%, Train Perplexity: 0.6465
2018-02-27 22:58:10,821 seq2seq.trainer.supervised_trainer INFO     Progress: 47%, Train Perplexity: 0.6740
2018-02-27 22:58:12,463 seq2seq.trainer.supervised_trainer INFO     Progress: 48%, Train Perplexity: 0.6757
2018-02-27 22:58:14,110 seq2seq.trainer.supervised_trainer INFO     Progress: 48%, Train Perplexity: 0.7256
2018-02-27 22:58:15,424 seq2seq.trainer.supervised_trainer INFO     Progress: 48%, Train Perplexity: 0.7143
2018-02-27 22:58:16,411 seq2seq.trainer.supervised_trainer INFO     Finished epoch 34: Train Perplexity: 0.6768, Dev Perplexity: 0.9723, Accuracy: 0.9993, Sequence Accuracy: 0.9939, Variance: 0.6069
2018-02-27 22:58:16,411 seq2seq.trainer.supervised_trainer DEBUG    Epoch: 35, Step: 3944
2018-02-27 22:58:17,918 seq2seq.trainer.supervised_trainer INFO     Progress: 48%, Train Perplexity: 0.7099
2018-02-27 22:58:19,739 seq2seq.trainer.supervised_trainer INFO     Progress: 49%, Train Perplexity: 0.7141
2018-02-27 22:58:21,593 seq2seq.trainer.supervised_trainer INFO     Progress: 49%, Train Perplexity: 0.6404
2018-02-27 22:58:23,415 seq2seq.trainer.supervised_trainer INFO     Progress: 49%, Train Perplexity: 0.7113
2018-02-27 22:58:24,803 seq2seq.trainer.supervised_trainer INFO     Progress: 49%, Train Perplexity: 0.6786
2018-02-27 22:58:25,987 seq2seq.trainer.supervised_trainer INFO     Progress: 50%, Train Perplexity: 0.5989
2018-02-27 22:58:26,659 seq2seq.trainer.supervised_trainer INFO     Finished epoch 35: Train Perplexity: 0.6784, Dev Perplexity: 0.9695, Accuracy: 0.9998, Sequence Accuracy: 0.9982, Variance: 0.6109
2018-02-27 22:58:26,659 seq2seq.trainer.supervised_trainer DEBUG    Epoch: 36, Step: 4060
2018-02-27 22:58:28,550 seq2seq.trainer.supervised_trainer INFO     Progress: 50%, Train Perplexity: 0.6972
2018-02-27 22:58:29,971 seq2seq.trainer.supervised_trainer INFO     Progress: 50%, Train Perplexity: 0.6936
2018-02-27 22:58:31,334 seq2seq.trainer.supervised_trainer INFO     Progress: 50%, Train Perplexity: 0.6403
2018-02-27 22:58:32,248 seq2seq.trainer.supervised_trainer DEBUG    Saved checkpoint var_0.61_acc_1.00_seq_acc_1.00_ppl_0.97_s4123
2018-02-27 22:58:33,813 seq2seq.trainer.supervised_trainer INFO     Progress: 50%, Train Perplexity: 0.7063
2018-02-27 22:58:35,179 seq2seq.trainer.supervised_trainer INFO     Progress: 51%, Train Perplexity: 0.6528
2018-02-27 22:58:37,003 seq2seq.trainer.supervised_trainer INFO     Finished epoch 36: Train Perplexity: 0.6764, Dev Perplexity: 0.9696, Accuracy: 0.9999, Sequence Accuracy: 0.9988, Variance: 0.6070
2018-02-27 22:58:37,003 seq2seq.trainer.supervised_trainer DEBUG    Epoch: 37, Step: 4176
2018-02-27 22:58:37,459 seq2seq.trainer.supervised_trainer INFO     Progress: 51%, Train Perplexity: 0.6855
2018-02-27 22:58:39,124 seq2seq.trainer.supervised_trainer INFO     Progress: 51%, Train Perplexity: 0.6819
2018-02-27 22:58:40,661 seq2seq.trainer.supervised_trainer INFO     Progress: 51%, Train Perplexity: 0.6792
2018-02-27 22:58:42,273 seq2seq.trainer.supervised_trainer INFO     Progress: 52%, Train Perplexity: 0.7452
2018-02-27 22:58:44,286 seq2seq.trainer.supervised_trainer INFO     Progress: 52%, Train Perplexity: 0.6332
2018-02-27 22:58:45,734 seq2seq.trainer.supervised_trainer INFO     Progress: 52%, Train Perplexity: 0.6422
2018-02-27 22:58:47,295 seq2seq.trainer.supervised_trainer INFO     Finished epoch 37: Train Perplexity: 0.6769, Dev Perplexity: 0.9824, Accuracy: 0.9987, Sequence Accuracy: 0.9945, Variance: 0.6070
2018-02-27 22:58:47,296 seq2seq.trainer.supervised_trainer DEBUG    Epoch: 38, Step: 4292
2018-02-27 22:58:47,990 seq2seq.trainer.supervised_trainer INFO     Progress: 52%, Train Perplexity: 0.6659
2018-02-27 22:58:49,440 seq2seq.trainer.supervised_trainer INFO     Progress: 53%, Train Perplexity: 0.6616
2018-02-27 22:58:51,274 seq2seq.trainer.supervised_trainer INFO     Progress: 53%, Train Perplexity: 0.6607
2018-02-27 22:58:52,997 seq2seq.trainer.supervised_trainer INFO     Progress: 53%, Train Perplexity: 0.7226
2018-02-27 22:58:54,566 seq2seq.trainer.supervised_trainer INFO     Progress: 53%, Train Perplexity: 0.6930
2018-02-27 22:58:56,601 seq2seq.trainer.supervised_trainer INFO     Progress: 54%, Train Perplexity: 0.6860
2018-02-27 22:58:57,854 seq2seq.trainer.supervised_trainer INFO     Finished epoch 38: Train Perplexity: 0.6800, Dev Perplexity: 0.9703, Accuracy: 0.9997, Sequence Accuracy: 0.9969, Variance: 0.6067
2018-02-27 22:58:57,854 seq2seq.trainer.supervised_trainer DEBUG    Epoch: 39, Step: 4408
2018-02-27 22:58:58,913 seq2seq.trainer.supervised_trainer INFO     Progress: 54%, Train Perplexity: 0.6733
2018-02-27 22:59:00,301 seq2seq.trainer.supervised_trainer INFO     Progress: 54%, Train Perplexity: 0.7258
2018-02-27 22:59:01,753 seq2seq.trainer.supervised_trainer INFO     Progress: 54%, Train Perplexity: 0.6574
2018-02-27 22:59:03,355 seq2seq.trainer.supervised_trainer INFO     Progress: 55%, Train Perplexity: 0.6406
2018-02-27 22:59:05,003 seq2seq.trainer.supervised_trainer INFO     Progress: 55%, Train Perplexity: 0.6608
2018-02-27 22:59:06,756 seq2seq.trainer.supervised_trainer INFO     Progress: 55%, Train Perplexity: 0.6814
2018-02-27 22:59:08,470 seq2seq.trainer.supervised_trainer INFO     Finished epoch 39: Train Perplexity: 0.6748, Dev Perplexity: 0.9699, Accuracy: 0.9998, Sequence Accuracy: 0.9976, Variance: 0.6070
2018-02-27 22:59:08,470 seq2seq.trainer.supervised_trainer DEBUG    Epoch: 40, Step: 4524
2018-02-27 22:59:09,840 seq2seq.trainer.supervised_trainer INFO     Progress: 55%, Train Perplexity: 0.6642
2018-02-27 22:59:11,447 seq2seq.trainer.supervised_trainer INFO     Progress: 56%, Train Perplexity: 0.6233
2018-02-27 22:59:13,015 seq2seq.trainer.supervised_trainer INFO     Progress: 56%, Train Perplexity: 0.6793
2018-02-27 22:59:14,304 seq2seq.trainer.supervised_trainer INFO     Progress: 56%, Train Perplexity: 0.6984
2018-02-27 22:59:15,640 seq2seq.trainer.supervised_trainer INFO     Progress: 56%, Train Perplexity: 0.6772
2018-02-27 22:59:17,026 seq2seq.trainer.supervised_trainer INFO     Progress: 57%, Train Perplexity: 0.6850
2018-02-27 22:59:17,700 seq2seq.trainer.supervised_trainer INFO     Finished epoch 40: Train Perplexity: 0.6736, Dev Perplexity: 0.9719, Accuracy: 0.9997, Sequence Accuracy: 0.9994, Variance: 0.6069
2018-02-27 22:59:17,700 seq2seq.trainer.supervised_trainer DEBUG    Epoch: 41, Step: 4640
2018-02-27 22:59:20,100 seq2seq.trainer.supervised_trainer INFO     Progress: 57%, Train Perplexity: 0.7376
2018-02-27 22:59:21,523 seq2seq.trainer.supervised_trainer INFO     Progress: 57%, Train Perplexity: 0.6098
2018-02-27 22:59:22,969 seq2seq.trainer.supervised_trainer INFO     Progress: 57%, Train Perplexity: 0.6830
2018-02-27 22:59:24,558 seq2seq.trainer.supervised_trainer INFO     Progress: 58%, Train Perplexity: 0.6489
2018-02-27 22:59:25,943 seq2seq.trainer.supervised_trainer INFO     Progress: 58%, Train Perplexity: 0.6987
2018-02-27 22:59:27,914 seq2seq.trainer.supervised_trainer INFO     Finished epoch 41: Train Perplexity: 0.6728, Dev Perplexity: 0.9700, Accuracy: 0.9997, Sequence Accuracy: 0.9969, Variance: 0.6070
2018-02-27 22:59:27,914 seq2seq.trainer.supervised_trainer DEBUG    Epoch: 42, Step: 4756
2018-02-27 22:59:28,306 seq2seq.trainer.supervised_trainer INFO     Progress: 58%, Train Perplexity: 0.6797
2018-02-27 22:59:30,074 seq2seq.trainer.supervised_trainer INFO     Progress: 58%, Train Perplexity: 0.6992
2018-02-27 22:59:31,254 seq2seq.trainer.supervised_trainer DEBUG    Saved checkpoint var_0.61_acc_1.00_seq_acc_1.00_ppl_0.97_s4788
2018-02-27 22:59:32,301 seq2seq.trainer.supervised_trainer INFO     Progress: 59%, Train Perplexity: 0.6606
2018-02-27 22:59:33,697 seq2seq.trainer.supervised_trainer INFO     Progress: 59%, Train Perplexity: 0.6676
2018-02-27 22:59:35,118 seq2seq.trainer.supervised_trainer INFO     Progress: 59%, Train Perplexity: 0.6849
2018-02-27 22:59:36,542 seq2seq.trainer.supervised_trainer INFO     Progress: 59%, Train Perplexity: 0.6317
2018-02-27 22:59:38,067 seq2seq.trainer.supervised_trainer INFO     Finished epoch 42: Train Perplexity: 0.6740, Dev Perplexity: 0.9692, Accuracy: 1.0000, Sequence Accuracy: 1.0000, Variance: 0.6070
2018-02-27 22:59:38,067 seq2seq.trainer.supervised_trainer DEBUG    Epoch: 43, Step: 4872
2018-02-27 22:59:38,616 seq2seq.trainer.supervised_trainer INFO     Progress: 60%, Train Perplexity: 0.6249
2018-02-27 22:59:40,145 seq2seq.trainer.supervised_trainer INFO     Progress: 60%, Train Perplexity: 0.6859
2018-02-27 22:59:41,836 seq2seq.trainer.supervised_trainer INFO     Progress: 60%, Train Perplexity: 0.6950
2018-02-27 22:59:44,059 seq2seq.trainer.supervised_trainer INFO     Progress: 60%, Train Perplexity: 0.7066
2018-02-27 22:59:45,731 seq2seq.trainer.supervised_trainer INFO     Progress: 61%, Train Perplexity: 0.6779
2018-02-27 22:59:47,156 seq2seq.trainer.supervised_trainer INFO     Progress: 61%, Train Perplexity: 0.6848
2018-02-27 22:59:48,249 seq2seq.trainer.supervised_trainer INFO     Finished epoch 43: Train Perplexity: 0.6755, Dev Perplexity: 0.9771, Accuracy: 0.9987, Sequence Accuracy: 0.9902, Variance: 0.6077
2018-02-27 22:59:48,249 seq2seq.trainer.supervised_trainer DEBUG    Epoch: 44, Step: 4988
2018-02-27 22:59:49,267 seq2seq.trainer.supervised_trainer INFO     Progress: 61%, Train Perplexity: 0.6604
2018-02-27 22:59:50,667 seq2seq.trainer.supervised_trainer INFO     Progress: 61%, Train Perplexity: 0.6790
2018-02-27 22:59:51,956 seq2seq.trainer.supervised_trainer INFO     Progress: 62%, Train Perplexity: 0.6504
2018-02-27 22:59:54,177 seq2seq.trainer.supervised_trainer INFO     Progress: 62%, Train Perplexity: 0.6736
2018-02-27 22:59:55,593 seq2seq.trainer.supervised_trainer INFO     Progress: 62%, Train Perplexity: 0.6769
2018-02-27 22:59:57,344 seq2seq.trainer.supervised_trainer INFO     Progress: 62%, Train Perplexity: 0.7418
2018-02-27 22:59:58,294 seq2seq.trainer.supervised_trainer INFO     Finished epoch 44: Train Perplexity: 0.6773, Dev Perplexity: 0.9840, Accuracy: 0.9985, Sequence Accuracy: 0.9951, Variance: 0.6105
2018-02-27 22:59:58,294 seq2seq.trainer.supervised_trainer DEBUG    Epoch: 45, Step: 5104
2018-02-27 22:59:59,429 seq2seq.trainer.supervised_trainer INFO     Progress: 63%, Train Perplexity: 0.6183
2018-02-27 23:00:00,841 seq2seq.trainer.supervised_trainer INFO     Progress: 63%, Train Perplexity: 0.6570
2018-02-27 23:00:02,155 seq2seq.trainer.supervised_trainer INFO     Progress: 63%, Train Perplexity: 0.6721
2018-02-27 23:00:03,682 seq2seq.trainer.supervised_trainer INFO     Progress: 63%, Train Perplexity: 0.6735
2018-02-27 23:00:05,977 seq2seq.trainer.supervised_trainer INFO     Progress: 64%, Train Perplexity: 0.7316
2018-02-27 23:00:07,532 seq2seq.trainer.supervised_trainer INFO     Progress: 64%, Train Perplexity: 0.6577
2018-02-27 23:00:08,208 seq2seq.trainer.supervised_trainer INFO     Finished epoch 45: Train Perplexity: 0.6743, Dev Perplexity: 0.9702, Accuracy: 0.9998, Sequence Accuracy: 0.9982, Variance: 0.6103
2018-02-27 23:00:08,208 seq2seq.trainer.supervised_trainer DEBUG    Epoch: 46, Step: 5220
2018-02-27 23:00:10,111 seq2seq.trainer.supervised_trainer INFO     Progress: 64%, Train Perplexity: 0.6959
2018-02-27 23:00:11,787 seq2seq.trainer.supervised_trainer INFO     Progress: 64%, Train Perplexity: 0.6888
2018-02-27 23:00:13,339 seq2seq.trainer.supervised_trainer INFO     Progress: 65%, Train Perplexity: 0.6548
2018-02-27 23:00:14,664 seq2seq.trainer.supervised_trainer INFO     Progress: 65%, Train Perplexity: 0.6208
2018-02-27 23:00:16,089 seq2seq.trainer.supervised_trainer INFO     Progress: 65%, Train Perplexity: 0.7294
2018-02-27 23:00:18,610 seq2seq.trainer.supervised_trainer INFO     Finished epoch 46: Train Perplexity: 0.6757, Dev Perplexity: 0.9697, Accuracy: 0.9998, Sequence Accuracy: 0.9982, Variance: 0.6093
2018-02-27 23:00:18,610 seq2seq.trainer.supervised_trainer DEBUG    Epoch: 47, Step: 5336
2018-02-27 23:00:18,955 seq2seq.trainer.supervised_trainer INFO     Progress: 65%, Train Perplexity: 0.6395
2018-02-27 23:00:20,836 seq2seq.trainer.supervised_trainer INFO     Progress: 66%, Train Perplexity: 0.7108
2018-02-27 23:00:22,538 seq2seq.trainer.supervised_trainer INFO     Progress: 66%, Train Perplexity: 0.7293
2018-02-27 23:00:24,013 seq2seq.trainer.supervised_trainer INFO     Progress: 66%, Train Perplexity: 0.6666
2018-02-27 23:00:25,370 seq2seq.trainer.supervised_trainer INFO     Progress: 66%, Train Perplexity: 0.6371
2018-02-27 23:00:26,706 seq2seq.trainer.supervised_trainer INFO     Progress: 66%, Train Perplexity: 0.6518
2018-02-27 23:00:28,504 seq2seq.trainer.supervised_trainer INFO     Finished epoch 47: Train Perplexity: 0.6786, Dev Perplexity: 0.9691, Accuracy: 1.0000, Sequence Accuracy: 1.0000, Variance: 0.6104
2018-02-27 23:00:28,505 seq2seq.trainer.supervised_trainer DEBUG    Epoch: 48, Step: 5452
2018-02-27 23:00:29,281 seq2seq.trainer.supervised_trainer DEBUG    Saved checkpoint var_0.61_acc_1.00_seq_acc_1.00_ppl_0.97_s5453
2018-02-27 23:00:29,909 seq2seq.trainer.supervised_trainer INFO     Progress: 67%, Train Perplexity: 0.6798
2018-02-27 23:00:31,233 seq2seq.trainer.supervised_trainer INFO     Progress: 67%, Train Perplexity: 0.6642
2018-02-27 23:00:32,583 seq2seq.trainer.supervised_trainer INFO     Progress: 67%, Train Perplexity: 0.6737
2018-02-27 23:00:34,273 seq2seq.trainer.supervised_trainer INFO     Progress: 67%, Train Perplexity: 0.7035
2018-02-27 23:00:35,996 seq2seq.trainer.supervised_trainer INFO     Progress: 68%, Train Perplexity: 0.6942
2018-02-27 23:00:37,593 seq2seq.trainer.supervised_trainer INFO     Progress: 68%, Train Perplexity: 0.6444
2018-02-27 23:00:38,969 seq2seq.trainer.supervised_trainer INFO     Finished epoch 48: Train Perplexity: 0.6722, Dev Perplexity: 0.9713, Accuracy: 0.9996, Sequence Accuracy: 0.9969, Variance: 0.6103
2018-02-27 23:00:38,969 seq2seq.trainer.supervised_trainer DEBUG    Epoch: 49, Step: 5568
2018-02-27 23:00:39,996 seq2seq.trainer.supervised_trainer INFO     Progress: 68%, Train Perplexity: 0.7020
2018-02-27 23:00:42,124 seq2seq.trainer.supervised_trainer INFO     Progress: 68%, Train Perplexity: 0.6800
2018-02-27 23:00:43,608 seq2seq.trainer.supervised_trainer INFO     Progress: 69%, Train Perplexity: 0.6844
2018-02-27 23:00:45,534 seq2seq.trainer.supervised_trainer INFO     Progress: 69%, Train Perplexity: 0.7634
2018-02-27 23:00:46,799 seq2seq.trainer.supervised_trainer INFO     Progress: 69%, Train Perplexity: 0.5733
2018-02-27 23:00:48,179 seq2seq.trainer.supervised_trainer INFO     Progress: 69%, Train Perplexity: 0.6369
2018-02-27 23:00:49,239 seq2seq.trainer.supervised_trainer INFO     Finished epoch 49: Train Perplexity: 0.6734, Dev Perplexity: 0.9698, Accuracy: 0.9999, Sequence Accuracy: 0.9994, Variance: 0.6070
2018-02-27 23:00:49,239 seq2seq.trainer.supervised_trainer DEBUG    Epoch: 50, Step: 5684
2018-02-27 23:00:50,455 seq2seq.trainer.supervised_trainer INFO     Progress: 70%, Train Perplexity: 0.6390
2018-02-27 23:00:52,786 seq2seq.trainer.supervised_trainer INFO     Progress: 70%, Train Perplexity: 0.7069
2018-02-27 23:00:54,142 seq2seq.trainer.supervised_trainer INFO     Progress: 70%, Train Perplexity: 0.6512
2018-02-27 23:00:55,601 seq2seq.trainer.supervised_trainer INFO     Progress: 70%, Train Perplexity: 0.6824
2018-02-27 23:00:57,063 seq2seq.trainer.supervised_trainer INFO     Progress: 71%, Train Perplexity: 0.6812
2018-02-27 23:00:58,642 seq2seq.trainer.supervised_trainer INFO     Progress: 71%, Train Perplexity: 0.6764
2018-02-27 23:00:59,314 seq2seq.trainer.supervised_trainer INFO     Finished epoch 50: Train Perplexity: 0.6729, Dev Perplexity: 0.9692, Accuracy: 1.0000, Sequence Accuracy: 1.0000, Variance: 0.6070
2018-02-27 23:00:59,314 seq2seq.trainer.supervised_trainer DEBUG    Epoch: 51, Step: 5800
2018-02-27 23:01:01,239 seq2seq.trainer.supervised_trainer INFO     Progress: 71%, Train Perplexity: 0.7377
2018-02-27 23:01:02,687 seq2seq.trainer.supervised_trainer INFO     Progress: 71%, Train Perplexity: 0.6501
2018-02-27 23:01:04,998 seq2seq.trainer.supervised_trainer INFO     Progress: 72%, Train Perplexity: 0.6658
2018-02-27 23:01:06,467 seq2seq.trainer.supervised_trainer INFO     Progress: 72%, Train Perplexity: 0.6450
2018-02-27 23:01:07,697 seq2seq.trainer.supervised_trainer INFO     Progress: 72%, Train Perplexity: 0.6738
2018-02-27 23:01:09,845 seq2seq.trainer.supervised_trainer INFO     Finished epoch 51: Train Perplexity: 0.6727, Dev Perplexity: 0.9692, Accuracy: 1.0000, Sequence Accuracy: 1.0000, Variance: 0.6070
2018-02-27 23:01:09,845 seq2seq.trainer.supervised_trainer DEBUG    Epoch: 52, Step: 5916
2018-02-27 23:01:10,199 seq2seq.trainer.supervised_trainer INFO     Progress: 72%, Train Perplexity: 0.6545
2018-02-27 23:01:11,842 seq2seq.trainer.supervised_trainer INFO     Progress: 73%, Train Perplexity: 0.6691
2018-02-27 23:01:13,241 seq2seq.trainer.supervised_trainer INFO     Progress: 73%, Train Perplexity: 0.6735
2018-02-27 23:01:14,855 seq2seq.trainer.supervised_trainer INFO     Progress: 73%, Train Perplexity: 0.7077
2018-02-27 23:01:17,202 seq2seq.trainer.supervised_trainer INFO     Progress: 73%, Train Perplexity: 0.7001
2018-02-27 23:01:18,621 seq2seq.trainer.supervised_trainer INFO     Progress: 74%, Train Perplexity: 0.6480
2018-02-27 23:01:20,254 seq2seq.trainer.supervised_trainer INFO     Finished epoch 52: Train Perplexity: 0.6731, Dev Perplexity: 0.9693, Accuracy: 1.0000, Sequence Accuracy: 1.0000, Variance: 0.6070
2018-02-27 23:01:20,254 seq2seq.trainer.supervised_trainer DEBUG    Epoch: 53, Step: 6032
2018-02-27 23:01:20,815 seq2seq.trainer.supervised_trainer INFO     Progress: 74%, Train Perplexity: 0.6617
2018-02-27 23:01:22,504 seq2seq.trainer.supervised_trainer INFO     Progress: 74%, Train Perplexity: 0.7005
2018-02-27 23:01:24,012 seq2seq.trainer.supervised_trainer INFO     Progress: 74%, Train Perplexity: 0.6123
2018-02-27 23:01:25,452 seq2seq.trainer.supervised_trainer INFO     Progress: 75%, Train Perplexity: 0.6765
2018-02-27 23:01:27,777 seq2seq.trainer.supervised_trainer INFO     Progress: 75%, Train Perplexity: 0.7192
2018-02-27 23:01:29,123 seq2seq.trainer.supervised_trainer INFO     Progress: 75%, Train Perplexity: 0.6721
2018-02-27 23:01:30,393 seq2seq.trainer.supervised_trainer INFO     Finished epoch 53: Train Perplexity: 0.6742, Dev Perplexity: 0.9710, Accuracy: 0.9998, Sequence Accuracy: 0.9988, Variance: 0.6072
2018-02-27 23:01:30,393 seq2seq.trainer.supervised_trainer DEBUG    Epoch: 54, Step: 6148
2018-02-27 23:01:31,532 seq2seq.trainer.supervised_trainer INFO     Progress: 75%, Train Perplexity: 0.6801
2018-02-27 23:01:32,905 seq2seq.trainer.supervised_trainer INFO     Progress: 76%, Train Perplexity: 0.6649
2018-02-27 23:01:34,656 seq2seq.trainer.supervised_trainer INFO     Progress: 76%, Train Perplexity: 0.6759
2018-02-27 23:01:36,328 seq2seq.trainer.supervised_trainer INFO     Progress: 76%, Train Perplexity: 0.6396
2018-02-27 23:01:38,081 seq2seq.trainer.supervised_trainer INFO     Progress: 76%, Train Perplexity: 0.7056
2018-02-27 23:01:40,201 seq2seq.trainer.supervised_trainer INFO     Progress: 77%, Train Perplexity: 0.6488
2018-02-27 23:01:41,255 seq2seq.trainer.supervised_trainer INFO     Finished epoch 54: Train Perplexity: 0.6729, Dev Perplexity: 0.9694, Accuracy: 0.9999, Sequence Accuracy: 0.9994, Variance: 0.6067
2018-02-27 23:01:41,255 seq2seq.trainer.supervised_trainer DEBUG    Epoch: 55, Step: 6264
2018-02-27 23:01:42,499 seq2seq.trainer.supervised_trainer INFO     Progress: 77%, Train Perplexity: 0.7207
2018-02-27 23:01:43,992 seq2seq.trainer.supervised_trainer INFO     Progress: 77%, Train Perplexity: 0.6930
2018-02-27 23:01:45,352 seq2seq.trainer.supervised_trainer INFO     Progress: 77%, Train Perplexity: 0.6587
2018-02-27 23:01:46,820 seq2seq.trainer.supervised_trainer INFO     Progress: 78%, Train Perplexity: 0.6131
2018-02-27 23:01:48,171 seq2seq.trainer.supervised_trainer INFO     Progress: 78%, Train Perplexity: 0.6553
2018-02-27 23:01:49,648 seq2seq.trainer.supervised_trainer INFO     Progress: 78%, Train Perplexity: 0.6953
2018-02-27 23:01:50,329 seq2seq.trainer.supervised_trainer INFO     Finished epoch 55: Train Perplexity: 0.6725, Dev Perplexity: 0.9692, Accuracy: 1.0000, Sequence Accuracy: 1.0000, Variance: 0.6070
2018-02-27 23:01:50,329 seq2seq.trainer.supervised_trainer DEBUG    Epoch: 56, Step: 6380
2018-02-27 23:01:52,550 seq2seq.trainer.supervised_trainer INFO     Progress: 78%, Train Perplexity: 0.6999
2018-02-27 23:01:53,893 seq2seq.trainer.supervised_trainer INFO     Progress: 79%, Train Perplexity: 0.6759
2018-02-27 23:01:55,309 seq2seq.trainer.supervised_trainer INFO     Progress: 79%, Train Perplexity: 0.6792
2018-02-27 23:01:56,718 seq2seq.trainer.supervised_trainer INFO     Progress: 79%, Train Perplexity: 0.6826
2018-02-27 23:01:58,116 seq2seq.trainer.supervised_trainer INFO     Progress: 79%, Train Perplexity: 0.6374
2018-02-27 23:01:59,816 seq2seq.trainer.supervised_trainer INFO     Finished epoch 56: Train Perplexity: 0.6733, Dev Perplexity: 0.9692, Accuracy: 1.0000, Sequence Accuracy: 1.0000, Variance: 0.6070
2018-02-27 23:01:59,816 seq2seq.trainer.supervised_trainer DEBUG    Epoch: 57, Step: 6496
2018-02-27 23:02:00,126 seq2seq.trainer.supervised_trainer INFO     Progress: 80%, Train Perplexity: 0.6689
2018-02-27 23:02:02,445 seq2seq.trainer.supervised_trainer INFO     Progress: 80%, Train Perplexity: 0.7336
2018-02-27 23:02:03,995 seq2seq.trainer.supervised_trainer INFO     Progress: 80%, Train Perplexity: 0.6310
2018-02-27 23:02:05,352 seq2seq.trainer.supervised_trainer INFO     Progress: 80%, Train Perplexity: 0.6714
2018-02-27 23:02:06,618 seq2seq.trainer.supervised_trainer INFO     Progress: 81%, Train Perplexity: 0.6241
2018-02-27 23:02:08,320 seq2seq.trainer.supervised_trainer INFO     Progress: 81%, Train Perplexity: 0.6914
2018-02-27 23:02:09,805 seq2seq.trainer.supervised_trainer INFO     Finished epoch 57: Train Perplexity: 0.6725, Dev Perplexity: 0.9692, Accuracy: 1.0000, Sequence Accuracy: 1.0000, Variance: 0.6070
2018-02-27 23:02:09,805 seq2seq.trainer.supervised_trainer DEBUG    Epoch: 58, Step: 6612
2018-02-27 23:02:10,578 seq2seq.trainer.supervised_trainer INFO     Progress: 81%, Train Perplexity: 0.6825
2018-02-27 23:02:12,127 seq2seq.trainer.supervised_trainer INFO     Progress: 81%, Train Perplexity: 0.6536
2018-02-27 23:02:14,168 seq2seq.trainer.supervised_trainer INFO     Progress: 82%, Train Perplexity: 0.6347
2018-02-27 23:02:15,891 seq2seq.trainer.supervised_trainer INFO     Progress: 82%, Train Perplexity: 0.7301
2018-02-27 23:02:17,202 seq2seq.trainer.supervised_trainer INFO     Progress: 82%, Train Perplexity: 0.6576
2018-02-27 23:02:18,626 seq2seq.trainer.supervised_trainer INFO     Progress: 82%, Train Perplexity: 0.7241
2018-02-27 23:02:19,963 seq2seq.trainer.supervised_trainer INFO     Finished epoch 58: Train Perplexity: 0.6722, Dev Perplexity: 0.9692, Accuracy: 1.0000, Sequence Accuracy: 1.0000, Variance: 0.6070
2018-02-27 23:02:19,963 seq2seq.trainer.supervised_trainer DEBUG    Epoch: 59, Step: 6728
2018-02-27 23:02:21,150 seq2seq.trainer.supervised_trainer INFO     Progress: 83%, Train Perplexity: 0.6714
2018-02-27 23:02:22,542 seq2seq.trainer.supervised_trainer INFO     Progress: 83%, Train Perplexity: 0.7240
2018-02-27 23:02:24,456 seq2seq.trainer.supervised_trainer INFO     Progress: 83%, Train Perplexity: 0.6910
2018-02-27 23:02:26,495 seq2seq.trainer.supervised_trainer INFO     Progress: 83%, Train Perplexity: 0.7206
2018-02-27 23:02:27,817 seq2seq.trainer.supervised_trainer INFO     Progress: 83%, Train Perplexity: 0.5618
2018-02-27 23:02:29,347 seq2seq.trainer.supervised_trainer INFO     Progress: 84%, Train Perplexity: 0.6306
2018-02-27 23:02:30,271 seq2seq.trainer.supervised_trainer INFO     Finished epoch 59: Train Perplexity: 0.6736, Dev Perplexity: 0.9692, Accuracy: 1.0000, Sequence Accuracy: 1.0000, Variance: 0.6070
2018-02-27 23:02:30,271 seq2seq.trainer.supervised_trainer DEBUG    Epoch: 60, Step: 6844
2018-02-27 23:02:31,517 seq2seq.trainer.supervised_trainer INFO     Progress: 84%, Train Perplexity: 0.6634
2018-02-27 23:02:33,149 seq2seq.trainer.supervised_trainer INFO     Progress: 84%, Train Perplexity: 0.7172
2018-02-27 23:02:34,485 seq2seq.trainer.supervised_trainer INFO     Progress: 84%, Train Perplexity: 0.6882
2018-02-27 23:02:36,506 seq2seq.trainer.supervised_trainer INFO     Progress: 85%, Train Perplexity: 0.6746
2018-02-27 23:02:38,111 seq2seq.trainer.supervised_trainer INFO     Progress: 85%, Train Perplexity: 0.6713
2018-02-27 23:02:39,322 seq2seq.trainer.supervised_trainer INFO     Progress: 85%, Train Perplexity: 0.6204
2018-02-27 23:02:39,998 seq2seq.trainer.supervised_trainer INFO     Finished epoch 60: Train Perplexity: 0.6727, Dev Perplexity: 0.9692, Accuracy: 1.0000, Sequence Accuracy: 1.0000, Variance: 0.6070
2018-02-27 23:02:39,998 seq2seq.trainer.supervised_trainer DEBUG    Epoch: 61, Step: 6960
2018-02-27 23:02:41,487 seq2seq.trainer.supervised_trainer INFO     Progress: 85%, Train Perplexity: 0.6366
2018-02-27 23:02:42,728 seq2seq.trainer.supervised_trainer INFO     Progress: 86%, Train Perplexity: 0.6766
2018-02-27 23:02:44,095 seq2seq.trainer.supervised_trainer INFO     Progress: 86%, Train Perplexity: 0.6724
2018-02-27 23:02:45,555 seq2seq.trainer.supervised_trainer INFO     Progress: 86%, Train Perplexity: 0.7322
2018-02-27 23:02:47,722 seq2seq.trainer.supervised_trainer INFO     Progress: 86%, Train Perplexity: 0.6604
2018-02-27 23:02:49,784 seq2seq.trainer.supervised_trainer INFO     Finished epoch 61: Train Perplexity: 0.6735, Dev Perplexity: 0.9950, Accuracy: 0.9977, Sequence Accuracy: 0.9872, Variance: 0.6065
2018-02-27 23:02:49,784 seq2seq.trainer.supervised_trainer DEBUG    Epoch: 62, Step: 7076
2018-02-27 23:02:50,172 seq2seq.trainer.supervised_trainer INFO     Progress: 87%, Train Perplexity: 0.6686
2018-02-27 23:02:51,890 seq2seq.trainer.supervised_trainer INFO     Progress: 87%, Train Perplexity: 0.6943
2018-02-27 23:02:53,222 seq2seq.trainer.supervised_trainer INFO     Progress: 87%, Train Perplexity: 0.6477
2018-02-27 23:02:54,672 seq2seq.trainer.supervised_trainer INFO     Progress: 87%, Train Perplexity: 0.6786
2018-02-27 23:02:56,172 seq2seq.trainer.supervised_trainer INFO     Progress: 88%, Train Perplexity: 0.6631
2018-02-27 23:02:57,613 seq2seq.trainer.supervised_trainer INFO     Progress: 88%, Train Perplexity: 0.6868
2018-02-27 23:03:00,001 seq2seq.trainer.supervised_trainer INFO     Finished epoch 62: Train Perplexity: 0.6755, Dev Perplexity: 0.9701, Accuracy: 0.9996, Sequence Accuracy: 0.9963, Variance: 0.6133
2018-02-27 23:03:00,001 seq2seq.trainer.supervised_trainer DEBUG    Epoch: 63, Step: 7192
2018-02-27 23:03:00,486 seq2seq.trainer.supervised_trainer INFO     Progress: 88%, Train Perplexity: 0.6746
2018-02-27 23:03:02,200 seq2seq.trainer.supervised_trainer INFO     Progress: 88%, Train Perplexity: 0.7224
2018-02-27 23:03:03,759 seq2seq.trainer.supervised_trainer INFO     Progress: 89%, Train Perplexity: 0.6396
2018-02-27 23:03:05,566 seq2seq.trainer.supervised_trainer INFO     Progress: 89%, Train Perplexity: 0.6835
2018-02-27 23:03:07,137 seq2seq.trainer.supervised_trainer INFO     Progress: 89%, Train Perplexity: 0.6812
2018-02-27 23:03:08,759 seq2seq.trainer.supervised_trainer INFO     Progress: 89%, Train Perplexity: 0.6963
2018-02-27 23:03:10,060 seq2seq.trainer.supervised_trainer INFO     Finished epoch 63: Train Perplexity: 0.6752, Dev Perplexity: 0.9693, Accuracy: 1.0000, Sequence Accuracy: 1.0000, Variance: 0.6070
2018-02-27 23:03:10,060 seq2seq.trainer.supervised_trainer DEBUG    Epoch: 64, Step: 7308
2018-02-27 23:03:11,474 seq2seq.trainer.supervised_trainer INFO     Progress: 90%, Train Perplexity: 0.5983
2018-02-27 23:03:12,832 seq2seq.trainer.supervised_trainer INFO     Progress: 90%, Train Perplexity: 0.6564
2018-02-27 23:03:14,282 seq2seq.trainer.supervised_trainer INFO     Progress: 90%, Train Perplexity: 0.6751
2018-02-27 23:03:15,761 seq2seq.trainer.supervised_trainer INFO     Progress: 90%, Train Perplexity: 0.6624
2018-02-27 23:03:17,289 seq2seq.trainer.supervised_trainer INFO     Progress: 91%, Train Perplexity: 0.6990
2018-02-27 23:03:18,610 seq2seq.trainer.supervised_trainer INFO     Progress: 91%, Train Perplexity: 0.6816
2018-02-27 23:03:19,626 seq2seq.trainer.supervised_trainer INFO     Finished epoch 64: Train Perplexity: 0.6724, Dev Perplexity: 0.9692, Accuracy: 1.0000, Sequence Accuracy: 1.0000, Variance: 0.6070
2018-02-27 23:03:19,627 seq2seq.trainer.supervised_trainer DEBUG    Epoch: 65, Step: 7424
2018-02-27 23:03:20,832 seq2seq.trainer.supervised_trainer INFO     Progress: 91%, Train Perplexity: 0.6521
2018-02-27 23:03:22,971 seq2seq.trainer.supervised_trainer INFO     Progress: 91%, Train Perplexity: 0.6718
2018-02-27 23:03:24,317 seq2seq.trainer.supervised_trainer INFO     Progress: 92%, Train Perplexity: 0.6883
2018-02-27 23:03:25,384 seq2seq.trainer.supervised_trainer INFO     Progress: 92%, Train Perplexity: 0.6992
2018-02-27 23:03:26,820 seq2seq.trainer.supervised_trainer INFO     Progress: 92%, Train Perplexity: 0.6693
2018-02-27 23:03:28,404 seq2seq.trainer.supervised_trainer INFO     Progress: 92%, Train Perplexity: 0.6718
2018-02-27 23:03:29,076 seq2seq.trainer.supervised_trainer INFO     Finished epoch 65: Train Perplexity: 0.6723, Dev Perplexity: 0.9692, Accuracy: 1.0000, Sequence Accuracy: 1.0000, Variance: 0.6070
2018-02-27 23:03:29,076 seq2seq.trainer.supervised_trainer DEBUG    Epoch: 66, Step: 7540
2018-02-27 23:03:30,854 seq2seq.trainer.supervised_trainer INFO     Progress: 93%, Train Perplexity: 0.6762
2018-02-27 23:03:32,572 seq2seq.trainer.supervised_trainer INFO     Progress: 93%, Train Perplexity: 0.7231
2018-02-27 23:03:34,785 seq2seq.trainer.supervised_trainer INFO     Progress: 93%, Train Perplexity: 0.6673
2018-02-27 23:03:36,173 seq2seq.trainer.supervised_trainer INFO     Progress: 93%, Train Perplexity: 0.6020
2018-02-27 23:03:37,554 seq2seq.trainer.supervised_trainer INFO     Progress: 94%, Train Perplexity: 0.6957
2018-02-27 23:03:39,570 seq2seq.trainer.supervised_trainer INFO     Finished epoch 66: Train Perplexity: 0.6720, Dev Perplexity: 0.9692, Accuracy: 1.0000, Sequence Accuracy: 1.0000, Variance: 0.6070
2018-02-27 23:03:39,571 seq2seq.trainer.supervised_trainer DEBUG    Epoch: 67, Step: 7656
2018-02-27 23:03:39,848 seq2seq.trainer.supervised_trainer INFO     Progress: 94%, Train Perplexity: 0.6621
2018-02-27 23:03:41,191 seq2seq.trainer.supervised_trainer INFO     Progress: 94%, Train Perplexity: 0.6960
2018-02-27 23:03:42,664 seq2seq.trainer.supervised_trainer INFO     Progress: 94%, Train Perplexity: 0.6246
2018-02-27 23:03:45,040 seq2seq.trainer.supervised_trainer INFO     Progress: 95%, Train Perplexity: 0.7032
2018-02-27 23:03:46,569 seq2seq.trainer.supervised_trainer INFO     Progress: 95%, Train Perplexity: 0.6672
2018-02-27 23:03:48,049 seq2seq.trainer.supervised_trainer INFO     Progress: 95%, Train Perplexity: 0.6586
2018-02-27 23:03:49,601 seq2seq.trainer.supervised_trainer INFO     Finished epoch 67: Train Perplexity: 0.6725, Dev Perplexity: 0.9692, Accuracy: 1.0000, Sequence Accuracy: 1.0000, Variance: 0.6070
2018-02-27 23:03:49,601 seq2seq.trainer.supervised_trainer DEBUG    Epoch: 68, Step: 7772
2018-02-27 23:03:50,316 seq2seq.trainer.supervised_trainer INFO     Progress: 95%, Train Perplexity: 0.6509
2018-02-27 23:03:51,975 seq2seq.trainer.supervised_trainer INFO     Progress: 96%, Train Perplexity: 0.6893
2018-02-27 23:03:53,546 seq2seq.trainer.supervised_trainer INFO     Progress: 96%, Train Perplexity: 0.7058
2018-02-27 23:03:55,093 seq2seq.trainer.supervised_trainer INFO     Progress: 96%, Train Perplexity: 0.6848
2018-02-27 23:03:57,357 seq2seq.trainer.supervised_trainer INFO     Progress: 96%, Train Perplexity: 0.6489
2018-02-27 23:03:58,919 seq2seq.trainer.supervised_trainer INFO     Progress: 97%, Train Perplexity: 0.7007
2018-02-27 23:04:00,237 seq2seq.trainer.supervised_trainer INFO     Finished epoch 68: Train Perplexity: 0.6726, Dev Perplexity: 0.9692, Accuracy: 1.0000, Sequence Accuracy: 1.0000, Variance: 0.6070
2018-02-27 23:04:00,237 seq2seq.trainer.supervised_trainer DEBUG    Epoch: 69, Step: 7888
2018-02-27 23:04:01,233 seq2seq.trainer.supervised_trainer INFO     Progress: 97%, Train Perplexity: 0.6927
2018-02-27 23:04:02,802 seq2seq.trainer.supervised_trainer INFO     Progress: 97%, Train Perplexity: 0.6890
2018-02-27 23:04:04,114 seq2seq.trainer.supervised_trainer INFO     Progress: 97%, Train Perplexity: 0.6148
2018-02-27 23:04:05,740 seq2seq.trainer.supervised_trainer INFO     Progress: 98%, Train Perplexity: 0.6612
2018-02-27 23:04:07,152 seq2seq.trainer.supervised_trainer INFO     Progress: 98%, Train Perplexity: 0.6963
2018-02-27 23:04:09,112 seq2seq.trainer.supervised_trainer INFO     Progress: 98%, Train Perplexity: 0.6780
2018-02-27 23:04:10,018 seq2seq.trainer.supervised_trainer INFO     Finished epoch 69: Train Perplexity: 0.6740, Dev Perplexity: 0.9696, Accuracy: 0.9999, Sequence Accuracy: 0.9994, Variance: 0.6070
2018-02-27 23:04:10,018 seq2seq.trainer.supervised_trainer DEBUG    Epoch: 70, Step: 8004
2018-02-27 23:04:11,104 seq2seq.trainer.supervised_trainer INFO     Progress: 98%, Train Perplexity: 0.6155
2018-02-27 23:04:12,686 seq2seq.trainer.supervised_trainer INFO     Progress: 99%, Train Perplexity: 0.6573
2018-02-27 23:04:14,205 seq2seq.trainer.supervised_trainer INFO     Progress: 99%, Train Perplexity: 0.6531
2018-02-27 23:04:15,950 seq2seq.trainer.supervised_trainer INFO     Progress: 99%, Train Perplexity: 0.7090
2018-02-27 23:04:17,854 seq2seq.trainer.supervised_trainer INFO     Progress: 99%, Train Perplexity: 0.7078
2018-02-27 23:04:20,062 seq2seq.trainer.supervised_trainer INFO     Progress: 100%, Train Perplexity: 0.6829
2018-02-27 23:04:21,407 seq2seq.trainer.supervised_trainer INFO     Finished epoch 70: Train Perplexity: 0.6733, Dev Perplexity: 0.9692, Accuracy: 1.0000, Sequence Accuracy: 1.0000, Variance: 0.6070
end of job
