start of job
Applications clocks set to "(MEM 3004, SM 875)" for GPU 00000000:02:00.0
All done.
Applications clocks set to "(MEM 3004, SM 875)" for GPU 00000000:82:00.0
All done.
Train model on example data
2018-02-27 23:13:02,789 root         INFO     Namespace(attention=True, batch_size=128, bidirectional=False, cuda_device=0, dev='data/CLEANED-SCAN/length_split/experiment5/dev.txt', dropout_p_decoder=0.5, dropout_p_encoder=0.5, embedding_size=200, epochs=70, hidden_size=200, load_checkpoint=None, log_level='debug', lr=0.001, max_len=50, n_layers=2, optim='adam', output_dir='variance_experiment_only_short_primitives_left_right_turn', print_every=20, profile=False, reg_scale=1000, resume=False, rnn_cell='lstm', save_every=133, src_vocab=50000, teacher_forcing_ratio=0.5, tgt_vocab=50000, train='data/CLEANED-SCAN/length_split/experiment5/train.txt')
2018-02-27 23:13:06,594 root         DEBUG    Input vocab: ['<unk>', '<pad>', u'left', u'right', u'twice', u'opposite', u'thrice', u'around', u'after', u'and', u'turn', u'walk', u'look', u'run', u'jump']
2018-02-27 23:13:06,595 root         DEBUG    Output vocab: ['<unk>', '<pad>', u'I_TURN_RIGHT', u'I_TURN_LEFT', u'I_WALK', u'I_LOOK', u'I_RUN', '<eos>', '<sos>', u'I_JUMP']
2018-02-27 23:13:06,604 seq2seq.trainer.supervised_trainer INFO     Optimizer: <torch.optim.adam.Adam object at 0x2ba31d191d10>, Scheduler: None
Cuda device set to 0
2018-02-27 23:13:07,639 seq2seq.trainer.supervised_trainer DEBUG    Epoch: 1, Step: 0
2018-02-27 23:13:10,895 seq2seq.trainer.supervised_trainer INFO     Progress: 0%, Train Perplexity: 12.8996
2018-02-27 23:13:12,360 seq2seq.trainer.supervised_trainer INFO     Progress: 0%, Train Perplexity: 5.0111
2018-02-27 23:13:13,875 seq2seq.trainer.supervised_trainer INFO     Progress: 0%, Train Perplexity: 4.5615
2018-02-27 23:13:15,314 seq2seq.trainer.supervised_trainer INFO     Progress: 1%, Train Perplexity: 4.1943
2018-02-27 23:13:17,381 seq2seq.trainer.supervised_trainer INFO     Finished epoch 1: Train Perplexity: 5.0824, Dev Perplexity: 3.4586, Accuracy: 0.4913, Sequence Accuracy: 0.0232, Variance: 0.0873
2018-02-27 23:13:17,381 seq2seq.trainer.supervised_trainer DEBUG    Epoch: 2, Step: 116
2018-02-27 23:13:17,783 seq2seq.trainer.supervised_trainer INFO     Progress: 1%, Train Perplexity: 3.4888
2018-02-27 23:13:19,269 seq2seq.trainer.supervised_trainer DEBUG    Saved checkpoint var_0.23_acc_0.52_seq_acc_0.02_ppl_3.15_s133
2018-02-27 23:13:20,038 seq2seq.trainer.supervised_trainer INFO     Progress: 1%, Train Perplexity: 2.6654
2018-02-27 23:13:21,551 seq2seq.trainer.supervised_trainer INFO     Progress: 1%, Train Perplexity: 2.5369
2018-02-27 23:13:23,019 seq2seq.trainer.supervised_trainer INFO     Progress: 2%, Train Perplexity: 2.4566
2018-02-27 23:13:24,437 seq2seq.trainer.supervised_trainer INFO     Progress: 2%, Train Perplexity: 2.4961
2018-02-27 23:13:25,865 seq2seq.trainer.supervised_trainer INFO     Progress: 2%, Train Perplexity: 2.2151
2018-02-27 23:13:27,592 seq2seq.trainer.supervised_trainer INFO     Finished epoch 2: Train Perplexity: 2.4863, Dev Perplexity: 2.6972, Accuracy: 0.5785, Sequence Accuracy: 0.0593, Variance: 0.1658
2018-02-27 23:13:27,592 seq2seq.trainer.supervised_trainer DEBUG    Epoch: 3, Step: 232
2018-02-27 23:13:28,406 seq2seq.trainer.supervised_trainer INFO     Progress: 2%, Train Perplexity: 2.3407
2018-02-27 23:13:29,765 seq2seq.trainer.supervised_trainer INFO     Progress: 3%, Train Perplexity: 2.0066
2018-02-27 23:13:31,845 seq2seq.trainer.supervised_trainer INFO     Progress: 3%, Train Perplexity: 1.8107
2018-02-27 23:13:33,269 seq2seq.trainer.supervised_trainer INFO     Progress: 3%, Train Perplexity: 1.8531
2018-02-27 23:13:34,799 seq2seq.trainer.supervised_trainer INFO     Progress: 3%, Train Perplexity: 1.7601
2018-02-27 23:13:36,381 seq2seq.trainer.supervised_trainer INFO     Progress: 4%, Train Perplexity: 1.8542
2018-02-27 23:13:37,639 seq2seq.trainer.supervised_trainer INFO     Finished epoch 3: Train Perplexity: 1.8736, Dev Perplexity: 2.4384, Accuracy: 0.6436, Sequence Accuracy: 0.1394, Variance: 0.2664
2018-02-27 23:13:37,640 seq2seq.trainer.supervised_trainer DEBUG    Epoch: 4, Step: 348
2018-02-27 23:13:38,632 seq2seq.trainer.supervised_trainer INFO     Progress: 4%, Train Perplexity: 1.7716
2018-02-27 23:13:40,341 seq2seq.trainer.supervised_trainer INFO     Progress: 4%, Train Perplexity: 1.8323
2018-02-27 23:13:42,678 seq2seq.trainer.supervised_trainer DEBUG    Saved checkpoint var_0.26_acc_0.71_seq_acc_0.17_ppl_2.03_s399
2018-02-27 23:13:42,886 seq2seq.trainer.supervised_trainer INFO     Progress: 4%, Train Perplexity: 1.6871
2018-02-27 23:13:44,473 seq2seq.trainer.supervised_trainer INFO     Progress: 5%, Train Perplexity: 1.4957
2018-02-27 23:13:45,746 seq2seq.trainer.supervised_trainer INFO     Progress: 5%, Train Perplexity: 1.0986
2018-02-27 23:13:47,388 seq2seq.trainer.supervised_trainer INFO     Progress: 5%, Train Perplexity: 1.4445
2018-02-27 23:13:48,443 seq2seq.trainer.supervised_trainer INFO     Finished epoch 4: Train Perplexity: 1.5564, Dev Perplexity: 1.8841, Accuracy: 0.7425, Sequence Accuracy: 0.2159, Variance: 0.2587
2018-02-27 23:13:48,443 seq2seq.trainer.supervised_trainer DEBUG    Epoch: 5, Step: 464
2018-02-27 23:13:49,541 seq2seq.trainer.supervised_trainer INFO     Progress: 5%, Train Perplexity: 1.4086
2018-02-27 23:13:51,051 seq2seq.trainer.supervised_trainer INFO     Progress: 6%, Train Perplexity: 1.3404
2018-02-27 23:13:52,382 seq2seq.trainer.supervised_trainer INFO     Progress: 6%, Train Perplexity: 1.1412
2018-02-27 23:13:54,054 seq2seq.trainer.supervised_trainer DEBUG    Saved checkpoint var_0.25_acc_0.83_seq_acc_0.40_ppl_1.57_s532
2018-02-27 23:13:55,645 seq2seq.trainer.supervised_trainer INFO     Progress: 6%, Train Perplexity: 1.2975
2018-02-27 23:13:57,414 seq2seq.trainer.supervised_trainer INFO     Progress: 6%, Train Perplexity: 1.1565
2018-02-27 23:13:58,957 seq2seq.trainer.supervised_trainer INFO     Progress: 7%, Train Perplexity: 0.8247
2018-02-27 23:13:59,636 seq2seq.trainer.supervised_trainer INFO     Finished epoch 5: Train Perplexity: 1.1822, Dev Perplexity: 1.5807, Accuracy: 0.8406, Sequence Accuracy: 0.5144, Variance: 0.5767
2018-02-27 23:13:59,636 seq2seq.trainer.supervised_trainer DEBUG    Epoch: 6, Step: 580
2018-02-27 23:14:01,399 seq2seq.trainer.supervised_trainer INFO     Progress: 7%, Train Perplexity: 1.0484
2018-02-27 23:14:03,020 seq2seq.trainer.supervised_trainer INFO     Progress: 7%, Train Perplexity: 0.9164
2018-02-27 23:14:04,537 seq2seq.trainer.supervised_trainer INFO     Progress: 7%, Train Perplexity: 0.8608
2018-02-27 23:14:06,026 seq2seq.trainer.supervised_trainer INFO     Progress: 8%, Train Perplexity: 0.8713
2018-02-27 23:14:07,079 seq2seq.trainer.supervised_trainer DEBUG    Saved checkpoint var_0.64_acc_0.88_seq_acc_0.54_ppl_1.37_s665
2018-02-27 23:14:08,129 seq2seq.trainer.supervised_trainer INFO     Progress: 8%, Train Perplexity: 0.7613
2018-02-27 23:14:10,011 seq2seq.trainer.supervised_trainer INFO     Finished epoch 6: Train Perplexity: 0.8740, Dev Perplexity: 1.4170, Accuracy: 0.8695, Sequence Accuracy: 0.4954, Variance: 0.6419
2018-02-27 23:14:10,012 seq2seq.trainer.supervised_trainer DEBUG    Epoch: 7, Step: 696
2018-02-27 23:14:10,390 seq2seq.trainer.supervised_trainer INFO     Progress: 8%, Train Perplexity: 0.7570
2018-02-27 23:14:11,969 seq2seq.trainer.supervised_trainer INFO     Progress: 8%, Train Perplexity: 0.7874
2018-02-27 23:14:13,311 seq2seq.trainer.supervised_trainer INFO     Progress: 9%, Train Perplexity: 0.7244
2018-02-27 23:14:14,594 seq2seq.trainer.supervised_trainer INFO     Progress: 9%, Train Perplexity: 0.6481
2018-02-27 23:14:16,067 seq2seq.trainer.supervised_trainer INFO     Progress: 9%, Train Perplexity: 0.7416
2018-02-27 23:14:18,339 seq2seq.trainer.supervised_trainer DEBUG    Saved checkpoint var_0.69_acc_0.93_seq_acc_0.75_ppl_1.23_s798
2018-02-27 23:14:18,586 seq2seq.trainer.supervised_trainer INFO     Progress: 9%, Train Perplexity: 0.7845
2018-02-27 23:14:20,077 seq2seq.trainer.supervised_trainer INFO     Finished epoch 7: Train Perplexity: 0.7317, Dev Perplexity: 1.3073, Accuracy: 0.9087, Sequence Accuracy: 0.6924, Variance: 0.7144
2018-02-27 23:14:20,077 seq2seq.trainer.supervised_trainer DEBUG    Epoch: 8, Step: 812
2018-02-27 23:14:20,791 seq2seq.trainer.supervised_trainer INFO     Progress: 10%, Train Perplexity: 0.6708
2018-02-27 23:14:22,336 seq2seq.trainer.supervised_trainer INFO     Progress: 10%, Train Perplexity: 0.7713
2018-02-27 23:14:24,041 seq2seq.trainer.supervised_trainer INFO     Progress: 10%, Train Perplexity: 0.8020
2018-02-27 23:14:25,513 seq2seq.trainer.supervised_trainer INFO     Progress: 10%, Train Perplexity: 0.7280
2018-02-27 23:14:26,931 seq2seq.trainer.supervised_trainer INFO     Progress: 11%, Train Perplexity: 0.6346
2018-02-27 23:14:28,460 seq2seq.trainer.supervised_trainer INFO     Progress: 11%, Train Perplexity: 0.6748
2018-02-27 23:14:29,728 seq2seq.trainer.supervised_trainer INFO     Finished epoch 8: Train Perplexity: 0.7150, Dev Perplexity: 1.0752, Accuracy: 0.9651, Sequence Accuracy: 0.8538, Variance: 0.7188
2018-02-27 23:14:29,728 seq2seq.trainer.supervised_trainer DEBUG    Epoch: 9, Step: 928
2018-02-27 23:14:30,677 seq2seq.trainer.supervised_trainer DEBUG    Saved checkpoint var_0.72_acc_0.95_seq_acc_0.72_ppl_1.14_s931
2018-02-27 23:14:31,467 seq2seq.trainer.supervised_trainer INFO     Progress: 11%, Train Perplexity: 0.6390
2018-02-27 23:14:33,007 seq2seq.trainer.supervised_trainer INFO     Progress: 11%, Train Perplexity: 0.7051
2018-02-27 23:14:34,595 seq2seq.trainer.supervised_trainer INFO     Progress: 12%, Train Perplexity: 0.6357
2018-02-27 23:14:35,976 seq2seq.trainer.supervised_trainer INFO     Progress: 12%, Train Perplexity: 0.6143
2018-02-27 23:14:37,896 seq2seq.trainer.supervised_trainer INFO     Progress: 12%, Train Perplexity: 0.6907
2018-02-27 23:14:39,723 seq2seq.trainer.supervised_trainer INFO     Progress: 12%, Train Perplexity: 0.6778
2018-02-27 23:14:40,648 seq2seq.trainer.supervised_trainer INFO     Finished epoch 9: Train Perplexity: 0.6491, Dev Perplexity: 1.0761, Accuracy: 0.9635, Sequence Accuracy: 0.8336, Variance: 0.7217
2018-02-27 23:14:40,648 seq2seq.trainer.supervised_trainer DEBUG    Epoch: 10, Step: 1044
2018-02-27 23:14:41,999 seq2seq.trainer.supervised_trainer INFO     Progress: 13%, Train Perplexity: 0.5922
2018-02-27 23:14:43,985 seq2seq.trainer.supervised_trainer INFO     Progress: 13%, Train Perplexity: 0.6752
2018-02-27 23:14:45,308 seq2seq.trainer.supervised_trainer INFO     Progress: 13%, Train Perplexity: 0.6450
2018-02-27 23:14:46,766 seq2seq.trainer.supervised_trainer INFO     Progress: 13%, Train Perplexity: 0.5528
2018-02-27 23:14:48,445 seq2seq.trainer.supervised_trainer INFO     Progress: 14%, Train Perplexity: 0.6974
2018-02-27 23:14:50,002 seq2seq.trainer.supervised_trainer INFO     Progress: 14%, Train Perplexity: 0.6359
2018-02-27 23:14:50,676 seq2seq.trainer.supervised_trainer INFO     Finished epoch 10: Train Perplexity: 0.6411, Dev Perplexity: 1.0924, Accuracy: 0.9581, Sequence Accuracy: 0.7572, Variance: 0.7337
2018-02-27 23:14:50,676 seq2seq.trainer.supervised_trainer DEBUG    Epoch: 11, Step: 1160
2018-02-27 23:14:52,491 seq2seq.trainer.supervised_trainer INFO     Progress: 14%, Train Perplexity: 0.7338
2018-02-27 23:14:54,620 seq2seq.trainer.supervised_trainer INFO     Progress: 14%, Train Perplexity: 0.5753
2018-02-27 23:14:55,853 seq2seq.trainer.supervised_trainer INFO     Progress: 15%, Train Perplexity: 0.6156
2018-02-27 23:14:57,614 seq2seq.trainer.supervised_trainer INFO     Progress: 15%, Train Perplexity: 0.6338
2018-02-27 23:14:59,560 seq2seq.trainer.supervised_trainer INFO     Progress: 15%, Train Perplexity: 0.6584
2018-02-27 23:15:01,405 seq2seq.trainer.supervised_trainer INFO     Finished epoch 11: Train Perplexity: 0.6397, Dev Perplexity: 1.0999, Accuracy: 0.9571, Sequence Accuracy: 0.7841, Variance: 0.7355
2018-02-27 23:15:01,406 seq2seq.trainer.supervised_trainer DEBUG    Epoch: 12, Step: 1276
2018-02-27 23:15:01,855 seq2seq.trainer.supervised_trainer INFO     Progress: 15%, Train Perplexity: 0.6653
2018-02-27 23:15:03,507 seq2seq.trainer.supervised_trainer INFO     Progress: 16%, Train Perplexity: 0.7627
2018-02-27 23:15:04,918 seq2seq.trainer.supervised_trainer INFO     Progress: 16%, Train Perplexity: 0.6829
2018-02-27 23:15:06,329 seq2seq.trainer.supervised_trainer DEBUG    Saved checkpoint var_0.74_acc_0.96_seq_acc_0.84_ppl_1.12_s1330
2018-02-27 23:15:07,182 seq2seq.trainer.supervised_trainer INFO     Progress: 16%, Train Perplexity: 0.6060
2018-02-27 23:15:08,562 seq2seq.trainer.supervised_trainer INFO     Progress: 16%, Train Perplexity: 0.6023
2018-02-27 23:15:10,269 seq2seq.trainer.supervised_trainer INFO     Progress: 16%, Train Perplexity: 0.6432
2018-02-27 23:15:11,769 seq2seq.trainer.supervised_trainer INFO     Finished epoch 12: Train Perplexity: 0.6527, Dev Perplexity: 1.0515, Accuracy: 0.9743, Sequence Accuracy: 0.9021, Variance: 0.7578
2018-02-27 23:15:11,769 seq2seq.trainer.supervised_trainer DEBUG    Epoch: 13, Step: 1392
2018-02-27 23:15:12,602 seq2seq.trainer.supervised_trainer INFO     Progress: 17%, Train Perplexity: 0.5587
2018-02-27 23:15:14,257 seq2seq.trainer.supervised_trainer INFO     Progress: 17%, Train Perplexity: 0.6035
2018-02-27 23:15:15,736 seq2seq.trainer.supervised_trainer INFO     Progress: 17%, Train Perplexity: 0.6007
2018-02-27 23:15:17,326 seq2seq.trainer.supervised_trainer INFO     Progress: 17%, Train Perplexity: 0.6290
2018-02-27 23:15:18,216 seq2seq.trainer.supervised_trainer DEBUG    Saved checkpoint var_0.75_acc_0.96_seq_acc_0.85_ppl_1.08_s1463
2018-02-27 23:15:19,490 seq2seq.trainer.supervised_trainer INFO     Progress: 18%, Train Perplexity: 0.5705
2018-02-27 23:15:21,162 seq2seq.trainer.supervised_trainer INFO     Progress: 18%, Train Perplexity: 0.6940
2018-02-27 23:15:22,499 seq2seq.trainer.supervised_trainer INFO     Finished epoch 13: Train Perplexity: 0.6176, Dev Perplexity: 1.1145, Accuracy: 0.9511, Sequence Accuracy: 0.6850, Variance: 0.7436
2018-02-27 23:15:22,499 seq2seq.trainer.supervised_trainer DEBUG    Epoch: 14, Step: 1508
2018-02-27 23:15:23,658 seq2seq.trainer.supervised_trainer INFO     Progress: 18%, Train Perplexity: 0.6685
2018-02-27 23:15:24,756 seq2seq.trainer.supervised_trainer INFO     Progress: 18%, Train Perplexity: 0.5360
2018-02-27 23:15:26,297 seq2seq.trainer.supervised_trainer INFO     Progress: 19%, Train Perplexity: 0.6826
2018-02-27 23:15:28,040 seq2seq.trainer.supervised_trainer INFO     Progress: 19%, Train Perplexity: 0.6417
2018-02-27 23:15:29,971 seq2seq.trainer.supervised_trainer DEBUG    Saved checkpoint var_0.77_acc_0.97_seq_acc_0.90_ppl_1.05_s1596
2018-02-27 23:15:30,434 seq2seq.trainer.supervised_trainer INFO     Progress: 19%, Train Perplexity: 0.5892
2018-02-27 23:15:32,104 seq2seq.trainer.supervised_trainer INFO     Progress: 19%, Train Perplexity: 0.6367
2018-02-27 23:15:33,099 seq2seq.trainer.supervised_trainer INFO     Finished epoch 14: Train Perplexity: 0.6258, Dev Perplexity: 1.0245, Accuracy: 0.9807, Sequence Accuracy: 0.9083, Variance: 0.7624
2018-02-27 23:15:33,099 seq2seq.trainer.supervised_trainer DEBUG    Epoch: 15, Step: 1624
2018-02-27 23:15:34,315 seq2seq.trainer.supervised_trainer INFO     Progress: 20%, Train Perplexity: 0.5626
2018-02-27 23:15:35,637 seq2seq.trainer.supervised_trainer INFO     Progress: 20%, Train Perplexity: 0.5559
2018-02-27 23:15:36,967 seq2seq.trainer.supervised_trainer INFO     Progress: 20%, Train Perplexity: 0.6177
2018-02-27 23:15:38,345 seq2seq.trainer.supervised_trainer INFO     Progress: 20%, Train Perplexity: 0.6469
2018-02-27 23:15:39,784 seq2seq.trainer.supervised_trainer INFO     Progress: 21%, Train Perplexity: 0.6419
2018-02-27 23:15:41,208 seq2seq.trainer.supervised_trainer DEBUG    Saved checkpoint var_0.75_acc_0.98_seq_acc_0.88_ppl_1.03_s1729
2018-02-27 23:15:42,521 seq2seq.trainer.supervised_trainer INFO     Progress: 21%, Train Perplexity: 0.5806
2018-02-27 23:15:43,198 seq2seq.trainer.supervised_trainer INFO     Finished epoch 15: Train Perplexity: 0.6014, Dev Perplexity: 1.0505, Accuracy: 0.9730, Sequence Accuracy: 0.9003, Variance: 0.7603
2018-02-27 23:15:43,198 seq2seq.trainer.supervised_trainer DEBUG    Epoch: 16, Step: 1740
2018-02-27 23:15:44,734 seq2seq.trainer.supervised_trainer INFO     Progress: 21%, Train Perplexity: 0.6014
2018-02-27 23:15:46,483 seq2seq.trainer.supervised_trainer INFO     Progress: 21%, Train Perplexity: 0.5806
2018-02-27 23:15:47,869 seq2seq.trainer.supervised_trainer INFO     Progress: 22%, Train Perplexity: 0.6040
2018-02-27 23:15:49,679 seq2seq.trainer.supervised_trainer INFO     Progress: 22%, Train Perplexity: 0.6030
2018-02-27 23:15:51,208 seq2seq.trainer.supervised_trainer INFO     Progress: 22%, Train Perplexity: 0.5818
2018-02-27 23:15:53,392 seq2seq.trainer.supervised_trainer INFO     Finished epoch 16: Train Perplexity: 0.5920, Dev Perplexity: 0.9825, Accuracy: 0.9951, Sequence Accuracy: 0.9743, Variance: 0.7715
2018-02-27 23:15:53,392 seq2seq.trainer.supervised_trainer DEBUG    Epoch: 17, Step: 1856
2018-02-27 23:15:53,783 seq2seq.trainer.supervised_trainer INFO     Progress: 22%, Train Perplexity: 0.6070
2018-02-27 23:15:54,635 seq2seq.trainer.supervised_trainer DEBUG    Saved checkpoint var_0.77_acc_1.00_seq_acc_0.98_ppl_0.98_s1862
2018-02-27 23:15:56,200 seq2seq.trainer.supervised_trainer INFO     Progress: 23%, Train Perplexity: 0.5441
2018-02-27 23:15:57,646 seq2seq.trainer.supervised_trainer INFO     Progress: 23%, Train Perplexity: 0.6007
2018-02-27 23:15:58,974 seq2seq.trainer.supervised_trainer INFO     Progress: 23%, Train Perplexity: 0.5955
2018-02-27 23:16:00,256 seq2seq.trainer.supervised_trainer INFO     Progress: 23%, Train Perplexity: 0.5430
2018-02-27 23:16:01,659 seq2seq.trainer.supervised_trainer INFO     Progress: 24%, Train Perplexity: 0.5880
2018-02-27 23:16:03,052 seq2seq.trainer.supervised_trainer INFO     Finished epoch 17: Train Perplexity: 0.5791, Dev Perplexity: 0.9911, Accuracy: 0.9929, Sequence Accuracy: 0.9700, Variance: 0.7662
2018-02-27 23:16:03,052 seq2seq.trainer.supervised_trainer DEBUG    Epoch: 18, Step: 1972
2018-02-27 23:16:03,539 seq2seq.trainer.supervised_trainer INFO     Progress: 24%, Train Perplexity: 0.5854
2018-02-27 23:16:05,771 seq2seq.trainer.supervised_trainer INFO     Progress: 24%, Train Perplexity: 0.6270
2018-02-27 23:16:07,039 seq2seq.trainer.supervised_trainer INFO     Progress: 24%, Train Perplexity: 0.4915
2018-02-27 23:16:08,218 seq2seq.trainer.supervised_trainer INFO     Progress: 25%, Train Perplexity: 0.5581
2018-02-27 23:16:09,727 seq2seq.trainer.supervised_trainer INFO     Progress: 25%, Train Perplexity: 0.6099
2018-02-27 23:16:10,999 seq2seq.trainer.supervised_trainer INFO     Progress: 25%, Train Perplexity: 0.5865
2018-02-27 23:16:12,430 seq2seq.trainer.supervised_trainer INFO     Finished epoch 18: Train Perplexity: 0.5766, Dev Perplexity: 1.0019, Accuracy: 0.9913, Sequence Accuracy: 0.9468, Variance: 0.7778
2018-02-27 23:16:12,430 seq2seq.trainer.supervised_trainer DEBUG    Epoch: 19, Step: 2088
2018-02-27 23:16:13,269 seq2seq.trainer.supervised_trainer INFO     Progress: 25%, Train Perplexity: 0.6282
2018-02-27 23:16:15,032 seq2seq.trainer.supervised_trainer INFO     Progress: 26%, Train Perplexity: 0.6287
2018-02-27 23:16:16,858 seq2seq.trainer.supervised_trainer INFO     Progress: 26%, Train Perplexity: 0.5079
2018-02-27 23:16:18,279 seq2seq.trainer.supervised_trainer INFO     Progress: 26%, Train Perplexity: 0.5873
2018-02-27 23:16:19,566 seq2seq.trainer.supervised_trainer INFO     Progress: 26%, Train Perplexity: 0.5242
2018-02-27 23:16:21,199 seq2seq.trainer.supervised_trainer INFO     Progress: 27%, Train Perplexity: 0.5620
2018-02-27 23:16:22,211 seq2seq.trainer.supervised_trainer INFO     Finished epoch 19: Train Perplexity: 0.5773, Dev Perplexity: 0.9771, Accuracy: 0.9969, Sequence Accuracy: 0.9872, Variance: 0.7783
2018-02-27 23:16:22,211 seq2seq.trainer.supervised_trainer DEBUG    Epoch: 20, Step: 2204
2018-02-27 23:16:23,463 seq2seq.trainer.supervised_trainer INFO     Progress: 27%, Train Perplexity: 0.5501
2018-02-27 23:16:24,787 seq2seq.trainer.supervised_trainer INFO     Progress: 27%, Train Perplexity: 0.5674
2018-02-27 23:16:26,508 seq2seq.trainer.supervised_trainer INFO     Progress: 27%, Train Perplexity: 0.6385
2018-02-27 23:16:28,500 seq2seq.trainer.supervised_trainer INFO     Progress: 28%, Train Perplexity: 0.5502
2018-02-27 23:16:30,061 seq2seq.trainer.supervised_trainer INFO     Progress: 28%, Train Perplexity: 0.6551
2018-02-27 23:16:31,508 seq2seq.trainer.supervised_trainer INFO     Progress: 28%, Train Perplexity: 0.5445
2018-02-27 23:16:32,184 seq2seq.trainer.supervised_trainer INFO     Finished epoch 20: Train Perplexity: 0.5805, Dev Perplexity: 1.0042, Accuracy: 0.9918, Sequence Accuracy: 0.9529, Variance: 0.7734
2018-02-27 23:16:32,185 seq2seq.trainer.supervised_trainer DEBUG    Epoch: 21, Step: 2320
2018-02-27 23:16:33,929 seq2seq.trainer.supervised_trainer INFO     Progress: 28%, Train Perplexity: 0.6434
2018-02-27 23:16:35,610 seq2seq.trainer.supervised_trainer INFO     Progress: 29%, Train Perplexity: 0.6224
2018-02-27 23:16:36,948 seq2seq.trainer.supervised_trainer INFO     Progress: 29%, Train Perplexity: 0.4670
2018-02-27 23:16:38,680 seq2seq.trainer.supervised_trainer DEBUG    Saved checkpoint var_0.78_acc_1.00_seq_acc_0.99_ppl_0.97_s2394
2018-02-27 23:16:39,261 seq2seq.trainer.supervised_trainer INFO     Progress: 29%, Train Perplexity: 0.5401
2018-02-27 23:16:40,618 seq2seq.trainer.supervised_trainer INFO     Progress: 29%, Train Perplexity: 0.6269
2018-02-27 23:16:42,349 seq2seq.trainer.supervised_trainer INFO     Finished epoch 21: Train Perplexity: 0.5765, Dev Perplexity: 0.9647, Accuracy: 0.9993, Sequence Accuracy: 0.9945, Variance: 0.7775
2018-02-27 23:16:42,349 seq2seq.trainer.supervised_trainer DEBUG    Epoch: 22, Step: 2436
2018-02-27 23:16:42,726 seq2seq.trainer.supervised_trainer INFO     Progress: 30%, Train Perplexity: 0.5682
2018-02-27 23:16:44,296 seq2seq.trainer.supervised_trainer INFO     Progress: 30%, Train Perplexity: 0.5455
2018-02-27 23:16:45,844 seq2seq.trainer.supervised_trainer INFO     Progress: 30%, Train Perplexity: 0.6038
2018-02-27 23:16:47,354 seq2seq.trainer.supervised_trainer INFO     Progress: 30%, Train Perplexity: 0.6154
2018-02-27 23:16:48,675 seq2seq.trainer.supervised_trainer INFO     Progress: 31%, Train Perplexity: 0.5390
2018-02-27 23:16:49,932 seq2seq.trainer.supervised_trainer DEBUG    Saved checkpoint var_0.78_acc_1.00_seq_acc_0.99_ppl_0.97_s2527
2018-02-27 23:16:51,167 seq2seq.trainer.supervised_trainer INFO     Progress: 31%, Train Perplexity: 0.5277
2018-02-27 23:16:52,800 seq2seq.trainer.supervised_trainer INFO     Finished epoch 22: Train Perplexity: 0.5715, Dev Perplexity: 0.9668, Accuracy: 0.9989, Sequence Accuracy: 0.9945, Variance: 0.7788
2018-02-27 23:16:52,800 seq2seq.trainer.supervised_trainer DEBUG    Epoch: 23, Step: 2552
2018-02-27 23:16:53,493 seq2seq.trainer.supervised_trainer INFO     Progress: 31%, Train Perplexity: 0.5790
2018-02-27 23:16:55,045 seq2seq.trainer.supervised_trainer INFO     Progress: 31%, Train Perplexity: 0.6004
2018-02-27 23:16:56,715 seq2seq.trainer.supervised_trainer INFO     Progress: 32%, Train Perplexity: 0.6364
2018-02-27 23:16:58,088 seq2seq.trainer.supervised_trainer INFO     Progress: 32%, Train Perplexity: 0.5526
2018-02-27 23:16:59,706 seq2seq.trainer.supervised_trainer INFO     Progress: 32%, Train Perplexity: 0.6120
2018-02-27 23:17:01,034 seq2seq.trainer.supervised_trainer INFO     Progress: 32%, Train Perplexity: 0.5544
2018-02-27 23:17:02,920 seq2seq.trainer.supervised_trainer INFO     Finished epoch 23: Train Perplexity: 0.5814, Dev Perplexity: 0.9654, Accuracy: 0.9986, Sequence Accuracy: 0.9835, Variance: 0.7773
2018-02-27 23:17:02,920 seq2seq.trainer.supervised_trainer DEBUG    Epoch: 24, Step: 2668
2018-02-27 23:17:03,711 seq2seq.trainer.supervised_trainer INFO     Progress: 33%, Train Perplexity: 0.5043
2018-02-27 23:17:05,422 seq2seq.trainer.supervised_trainer INFO     Progress: 33%, Train Perplexity: 0.6341
2018-02-27 23:17:06,950 seq2seq.trainer.supervised_trainer INFO     Progress: 33%, Train Perplexity: 0.5670
2018-02-27 23:17:08,449 seq2seq.trainer.supervised_trainer INFO     Progress: 33%, Train Perplexity: 0.6257
2018-02-27 23:17:09,593 seq2seq.trainer.supervised_trainer INFO     Progress: 33%, Train Perplexity: 0.4966
2018-02-27 23:17:10,993 seq2seq.trainer.supervised_trainer INFO     Progress: 34%, Train Perplexity: 0.5652
2018-02-27 23:17:11,994 seq2seq.trainer.supervised_trainer INFO     Finished epoch 24: Train Perplexity: 0.5728, Dev Perplexity: 0.9644, Accuracy: 0.9993, Sequence Accuracy: 0.9951, Variance: 0.7788
2018-02-27 23:17:11,995 seq2seq.trainer.supervised_trainer DEBUG    Epoch: 25, Step: 2784
2018-02-27 23:17:13,712 seq2seq.trainer.supervised_trainer INFO     Progress: 34%, Train Perplexity: 0.5645
2018-02-27 23:17:15,244 seq2seq.trainer.supervised_trainer INFO     Progress: 34%, Train Perplexity: 0.5483
2018-02-27 23:17:16,727 seq2seq.trainer.supervised_trainer INFO     Progress: 34%, Train Perplexity: 0.5744
2018-02-27 23:17:18,572 seq2seq.trainer.supervised_trainer INFO     Progress: 35%, Train Perplexity: 0.6359
2018-02-27 23:17:19,923 seq2seq.trainer.supervised_trainer INFO     Progress: 35%, Train Perplexity: 0.5370
2018-02-27 23:17:21,593 seq2seq.trainer.supervised_trainer INFO     Progress: 35%, Train Perplexity: 0.5555
2018-02-27 23:17:22,271 seq2seq.trainer.supervised_trainer INFO     Finished epoch 25: Train Perplexity: 0.5673, Dev Perplexity: 0.9854, Accuracy: 0.9963, Sequence Accuracy: 0.9908, Variance: 0.7790
2018-02-27 23:17:22,271 seq2seq.trainer.supervised_trainer DEBUG    Epoch: 26, Step: 2900
2018-02-27 23:17:24,092 seq2seq.trainer.supervised_trainer INFO     Progress: 35%, Train Perplexity: 0.6550
2018-02-27 23:17:25,145 seq2seq.trainer.supervised_trainer DEBUG    Saved checkpoint var_0.78_acc_1.00_seq_acc_1.00_ppl_0.96_s2926
2018-02-27 23:17:26,407 seq2seq.trainer.supervised_trainer INFO     Progress: 36%, Train Perplexity: 0.5784
2018-02-27 23:17:27,826 seq2seq.trainer.supervised_trainer INFO     Progress: 36%, Train Perplexity: 0.5953
2018-02-27 23:17:29,033 seq2seq.trainer.supervised_trainer INFO     Progress: 36%, Train Perplexity: 0.4720
2018-02-27 23:17:30,478 seq2seq.trainer.supervised_trainer INFO     Progress: 36%, Train Perplexity: 0.5343
2018-02-27 23:17:32,209 seq2seq.trainer.supervised_trainer INFO     Finished epoch 26: Train Perplexity: 0.5657, Dev Perplexity: 0.9627, Accuracy: 0.9995, Sequence Accuracy: 0.9951, Variance: 0.7780
2018-02-27 23:17:32,209 seq2seq.trainer.supervised_trainer DEBUG    Epoch: 27, Step: 3016
2018-02-27 23:17:32,602 seq2seq.trainer.supervised_trainer INFO     Progress: 37%, Train Perplexity: 0.5639
2018-02-27 23:17:34,025 seq2seq.trainer.supervised_trainer INFO     Progress: 37%, Train Perplexity: 0.5366
2018-02-27 23:17:36,162 seq2seq.trainer.supervised_trainer INFO     Progress: 37%, Train Perplexity: 0.5800
2018-02-27 23:17:37,660 seq2seq.trainer.supervised_trainer INFO     Progress: 37%, Train Perplexity: 0.5914
2018-02-27 23:17:39,319 seq2seq.trainer.supervised_trainer INFO     Progress: 38%, Train Perplexity: 0.5458
2018-02-27 23:17:40,700 seq2seq.trainer.supervised_trainer INFO     Progress: 38%, Train Perplexity: 0.5600
2018-02-27 23:17:42,370 seq2seq.trainer.supervised_trainer INFO     Finished epoch 27: Train Perplexity: 0.5669, Dev Perplexity: 0.9607, Accuracy: 1.0000, Sequence Accuracy: 1.0000, Variance: 0.7795
2018-02-27 23:17:42,370 seq2seq.trainer.supervised_trainer DEBUG    Epoch: 28, Step: 3132
2018-02-27 23:17:43,061 seq2seq.trainer.supervised_trainer INFO     Progress: 38%, Train Perplexity: 0.5612
2018-02-27 23:17:44,768 seq2seq.trainer.supervised_trainer INFO     Progress: 38%, Train Perplexity: 0.5976
2018-02-27 23:17:46,299 seq2seq.trainer.supervised_trainer INFO     Progress: 39%, Train Perplexity: 0.5287
2018-02-27 23:17:48,250 seq2seq.trainer.supervised_trainer INFO     Progress: 39%, Train Perplexity: 0.5518
2018-02-27 23:17:49,594 seq2seq.trainer.supervised_trainer INFO     Progress: 39%, Train Perplexity: 0.6310
2018-02-27 23:17:51,099 seq2seq.trainer.supervised_trainer INFO     Progress: 39%, Train Perplexity: 0.5918
2018-02-27 23:17:52,466 seq2seq.trainer.supervised_trainer INFO     Finished epoch 28: Train Perplexity: 0.5673, Dev Perplexity: 0.9650, Accuracy: 0.9992, Sequence Accuracy: 0.9945, Variance: 0.7799
2018-02-27 23:17:52,466 seq2seq.trainer.supervised_trainer DEBUG    Epoch: 29, Step: 3248
2018-02-27 23:17:53,347 seq2seq.trainer.supervised_trainer INFO     Progress: 40%, Train Perplexity: 0.5220
2018-02-27 23:17:54,970 seq2seq.trainer.supervised_trainer INFO     Progress: 40%, Train Perplexity: 0.5883
2018-02-27 23:17:56,316 seq2seq.trainer.supervised_trainer INFO     Progress: 40%, Train Perplexity: 0.5813
2018-02-27 23:17:57,856 seq2seq.trainer.supervised_trainer INFO     Progress: 40%, Train Perplexity: 0.6638
2018-02-27 23:17:59,924 seq2seq.trainer.supervised_trainer INFO     Progress: 41%, Train Perplexity: 0.4892
2018-02-27 23:18:01,368 seq2seq.trainer.supervised_trainer INFO     Progress: 41%, Train Perplexity: 0.5428
2018-02-27 23:18:02,356 seq2seq.trainer.supervised_trainer INFO     Finished epoch 29: Train Perplexity: 0.5703, Dev Perplexity: 0.9646, Accuracy: 0.9994, Sequence Accuracy: 0.9969, Variance: 0.7792
2018-02-27 23:18:02,356 seq2seq.trainer.supervised_trainer DEBUG    Epoch: 30, Step: 3364
2018-02-27 23:18:03,593 seq2seq.trainer.supervised_trainer INFO     Progress: 41%, Train Perplexity: 0.6019
2018-02-27 23:18:05,202 seq2seq.trainer.supervised_trainer INFO     Progress: 41%, Train Perplexity: 0.5704
2018-02-27 23:18:06,780 seq2seq.trainer.supervised_trainer INFO     Progress: 42%, Train Perplexity: 0.5285
2018-02-27 23:18:08,568 seq2seq.trainer.supervised_trainer INFO     Progress: 42%, Train Perplexity: 0.5891
2018-02-27 23:18:10,885 seq2seq.trainer.supervised_trainer INFO     Progress: 42%, Train Perplexity: 0.5419
2018-02-27 23:18:12,425 seq2seq.trainer.supervised_trainer INFO     Progress: 42%, Train Perplexity: 0.5552
2018-02-27 23:18:13,099 seq2seq.trainer.supervised_trainer INFO     Finished epoch 30: Train Perplexity: 0.5658, Dev Perplexity: 0.9618, Accuracy: 0.9998, Sequence Accuracy: 0.9982, Variance: 0.7797
2018-02-27 23:18:13,099 seq2seq.trainer.supervised_trainer DEBUG    Epoch: 31, Step: 3480
2018-02-27 23:18:14,715 seq2seq.trainer.supervised_trainer INFO     Progress: 43%, Train Perplexity: 0.5197
2018-02-27 23:18:16,110 seq2seq.trainer.supervised_trainer INFO     Progress: 43%, Train Perplexity: 0.6251
2018-02-27 23:18:17,417 seq2seq.trainer.supervised_trainer INFO     Progress: 43%, Train Perplexity: 0.5553
2018-02-27 23:18:18,799 seq2seq.trainer.supervised_trainer INFO     Progress: 43%, Train Perplexity: 0.6067
2018-02-27 23:18:20,443 seq2seq.trainer.supervised_trainer INFO     Progress: 44%, Train Perplexity: 0.5378
2018-02-27 23:18:22,899 seq2seq.trainer.supervised_trainer INFO     Finished epoch 31: Train Perplexity: 0.5668, Dev Perplexity: 0.9611, Accuracy: 0.9998, Sequence Accuracy: 0.9976, Variance: 0.7798
2018-02-27 23:18:22,899 seq2seq.trainer.supervised_trainer DEBUG    Epoch: 32, Step: 3596
2018-02-27 23:18:23,264 seq2seq.trainer.supervised_trainer INFO     Progress: 44%, Train Perplexity: 0.5524
2018-02-27 23:18:24,658 seq2seq.trainer.supervised_trainer INFO     Progress: 44%, Train Perplexity: 0.5656
2018-02-27 23:18:26,133 seq2seq.trainer.supervised_trainer INFO     Progress: 44%, Train Perplexity: 0.5683
2018-02-27 23:18:27,887 seq2seq.trainer.supervised_trainer INFO     Progress: 45%, Train Perplexity: 0.6163
2018-02-27 23:18:29,686 seq2seq.trainer.supervised_trainer INFO     Progress: 45%, Train Perplexity: 0.5246
2018-02-27 23:18:31,146 seq2seq.trainer.supervised_trainer INFO     Progress: 45%, Train Perplexity: 0.5463
2018-02-27 23:18:32,865 seq2seq.trainer.supervised_trainer INFO     Finished epoch 32: Train Perplexity: 0.5658, Dev Perplexity: 0.9636, Accuracy: 0.9996, Sequence Accuracy: 0.9951, Variance: 0.7795
2018-02-27 23:18:32,865 seq2seq.trainer.supervised_trainer DEBUG    Epoch: 33, Step: 3712
2018-02-27 23:18:33,526 seq2seq.trainer.supervised_trainer INFO     Progress: 45%, Train Perplexity: 0.5511
2018-02-27 23:18:34,467 seq2seq.trainer.supervised_trainer DEBUG    Saved checkpoint var_0.78_acc_1.00_seq_acc_1.00_ppl_0.96_s3724
2018-02-27 23:18:35,715 seq2seq.trainer.supervised_trainer INFO     Progress: 46%, Train Perplexity: 0.5721
2018-02-27 23:18:37,279 seq2seq.trainer.supervised_trainer INFO     Progress: 46%, Train Perplexity: 0.5800
2018-02-27 23:18:38,868 seq2seq.trainer.supervised_trainer INFO     Progress: 46%, Train Perplexity: 0.5399
2018-02-27 23:18:40,372 seq2seq.trainer.supervised_trainer INFO     Progress: 46%, Train Perplexity: 0.5333
2018-02-27 23:18:41,855 seq2seq.trainer.supervised_trainer INFO     Progress: 47%, Train Perplexity: 0.6307
2018-02-27 23:18:43,205 seq2seq.trainer.supervised_trainer INFO     Finished epoch 33: Train Perplexity: 0.5631, Dev Perplexity: 0.9607, Accuracy: 1.0000, Sequence Accuracy: 1.0000, Variance: 0.7800
2018-02-27 23:18:43,205 seq2seq.trainer.supervised_trainer DEBUG    Epoch: 34, Step: 3828
2018-02-27 23:18:44,299 seq2seq.trainer.supervised_trainer INFO     Progress: 47%, Train Perplexity: 0.5601
2018-02-27 23:18:46,595 seq2seq.trainer.supervised_trainer INFO     Progress: 47%, Train Perplexity: 0.5461
2018-02-27 23:18:48,265 seq2seq.trainer.supervised_trainer INFO     Progress: 47%, Train Perplexity: 0.5613
2018-02-27 23:18:49,635 seq2seq.trainer.supervised_trainer INFO     Progress: 48%, Train Perplexity: 0.5674
2018-02-27 23:18:51,090 seq2seq.trainer.supervised_trainer INFO     Progress: 48%, Train Perplexity: 0.5654
2018-02-27 23:18:52,559 seq2seq.trainer.supervised_trainer INFO     Progress: 48%, Train Perplexity: 0.5630
2018-02-27 23:18:53,544 seq2seq.trainer.supervised_trainer INFO     Finished epoch 34: Train Perplexity: 0.5628, Dev Perplexity: 0.9617, Accuracy: 0.9996, Sequence Accuracy: 0.9957, Variance: 0.7796
2018-02-27 23:18:53,544 seq2seq.trainer.supervised_trainer DEBUG    Epoch: 35, Step: 3944
2018-02-27 23:18:54,740 seq2seq.trainer.supervised_trainer INFO     Progress: 48%, Train Perplexity: 0.5676
2018-02-27 23:18:56,180 seq2seq.trainer.supervised_trainer INFO     Progress: 49%, Train Perplexity: 0.5639
2018-02-27 23:18:58,037 seq2seq.trainer.supervised_trainer INFO     Progress: 49%, Train Perplexity: 0.5648
2018-02-27 23:18:59,415 seq2seq.trainer.supervised_trainer INFO     Progress: 49%, Train Perplexity: 0.5164
2018-02-27 23:19:01,040 seq2seq.trainer.supervised_trainer INFO     Progress: 49%, Train Perplexity: 0.5977
2018-02-27 23:19:02,278 seq2seq.trainer.supervised_trainer INFO     Progress: 50%, Train Perplexity: 0.5685
2018-02-27 23:19:02,954 seq2seq.trainer.supervised_trainer INFO     Finished epoch 35: Train Perplexity: 0.5633, Dev Perplexity: 0.9606, Accuracy: 1.0000, Sequence Accuracy: 1.0000, Variance: 0.7799
2018-02-27 23:19:02,954 seq2seq.trainer.supervised_trainer DEBUG    Epoch: 36, Step: 4060
2018-02-27 23:19:04,454 seq2seq.trainer.supervised_trainer INFO     Progress: 50%, Train Perplexity: 0.5513
2018-02-27 23:19:06,037 seq2seq.trainer.supervised_trainer INFO     Progress: 50%, Train Perplexity: 0.5228
2018-02-27 23:19:07,690 seq2seq.trainer.supervised_trainer INFO     Progress: 50%, Train Perplexity: 0.5946
2018-02-27 23:19:09,877 seq2seq.trainer.supervised_trainer INFO     Progress: 50%, Train Perplexity: 0.5855
2018-02-27 23:19:11,437 seq2seq.trainer.supervised_trainer INFO     Progress: 51%, Train Perplexity: 0.5670
2018-02-27 23:19:13,284 seq2seq.trainer.supervised_trainer INFO     Finished epoch 36: Train Perplexity: 0.5613, Dev Perplexity: 0.9606, Accuracy: 1.0000, Sequence Accuracy: 1.0000, Variance: 0.7800
2018-02-27 23:19:13,284 seq2seq.trainer.supervised_trainer DEBUG    Epoch: 37, Step: 4176
2018-02-27 23:19:13,589 seq2seq.trainer.supervised_trainer INFO     Progress: 51%, Train Perplexity: 0.5427
2018-02-27 23:19:15,098 seq2seq.trainer.supervised_trainer INFO     Progress: 51%, Train Perplexity: 0.5269
2018-02-27 23:19:16,745 seq2seq.trainer.supervised_trainer INFO     Progress: 51%, Train Perplexity: 0.6157
2018-02-27 23:19:18,248 seq2seq.trainer.supervised_trainer INFO     Progress: 52%, Train Perplexity: 0.5779
2018-02-27 23:19:20,546 seq2seq.trainer.supervised_trainer INFO     Progress: 52%, Train Perplexity: 0.5546
2018-02-27 23:19:21,964 seq2seq.trainer.supervised_trainer INFO     Progress: 52%, Train Perplexity: 0.5756
2018-02-27 23:19:23,420 seq2seq.trainer.supervised_trainer INFO     Finished epoch 37: Train Perplexity: 0.5644, Dev Perplexity: 0.9617, Accuracy: 0.9997, Sequence Accuracy: 0.9969, Variance: 0.7797
2018-02-27 23:19:23,420 seq2seq.trainer.supervised_trainer DEBUG    Epoch: 38, Step: 4292
2018-02-27 23:19:24,047 seq2seq.trainer.supervised_trainer INFO     Progress: 52%, Train Perplexity: 0.5545
2018-02-27 23:19:25,652 seq2seq.trainer.supervised_trainer INFO     Progress: 53%, Train Perplexity: 0.6108
2018-02-27 23:19:27,398 seq2seq.trainer.supervised_trainer INFO     Progress: 53%, Train Perplexity: 0.5910
2018-02-27 23:19:28,686 seq2seq.trainer.supervised_trainer INFO     Progress: 53%, Train Perplexity: 0.5342
2018-02-27 23:19:30,098 seq2seq.trainer.supervised_trainer INFO     Progress: 53%, Train Perplexity: 0.5048
2018-02-27 23:19:32,276 seq2seq.trainer.supervised_trainer INFO     Progress: 54%, Train Perplexity: 0.5725
2018-02-27 23:19:33,295 seq2seq.trainer.supervised_trainer INFO     Finished epoch 38: Train Perplexity: 0.5622, Dev Perplexity: 0.9638, Accuracy: 0.9997, Sequence Accuracy: 0.9994, Variance: 0.7800
2018-02-27 23:19:33,296 seq2seq.trainer.supervised_trainer DEBUG    Epoch: 39, Step: 4408
2018-02-27 23:19:34,284 seq2seq.trainer.supervised_trainer INFO     Progress: 54%, Train Perplexity: 0.5784
2018-02-27 23:19:35,774 seq2seq.trainer.supervised_trainer INFO     Progress: 54%, Train Perplexity: 0.5791
2018-02-27 23:19:37,528 seq2seq.trainer.supervised_trainer INFO     Progress: 54%, Train Perplexity: 0.5448
2018-02-27 23:19:39,030 seq2seq.trainer.supervised_trainer INFO     Progress: 55%, Train Perplexity: 0.6014
2018-02-27 23:19:40,361 seq2seq.trainer.supervised_trainer INFO     Progress: 55%, Train Perplexity: 0.5134
2018-02-27 23:19:41,800 seq2seq.trainer.supervised_trainer INFO     Progress: 55%, Train Perplexity: 0.5401
2018-02-27 23:19:43,416 seq2seq.trainer.supervised_trainer INFO     Finished epoch 39: Train Perplexity: 0.5632, Dev Perplexity: 1.0032, Accuracy: 0.9960, Sequence Accuracy: 0.9957, Variance: 0.7794
2018-02-27 23:19:43,416 seq2seq.trainer.supervised_trainer DEBUG    Epoch: 40, Step: 4524
2018-02-27 23:19:44,555 seq2seq.trainer.supervised_trainer INFO     Progress: 55%, Train Perplexity: 0.5690
2018-02-27 23:19:46,032 seq2seq.trainer.supervised_trainer INFO     Progress: 56%, Train Perplexity: 0.5770
2018-02-27 23:19:47,605 seq2seq.trainer.supervised_trainer INFO     Progress: 56%, Train Perplexity: 0.5525
2018-02-27 23:19:48,873 seq2seq.trainer.supervised_trainer INFO     Progress: 56%, Train Perplexity: 0.5398
2018-02-27 23:19:50,473 seq2seq.trainer.supervised_trainer INFO     Progress: 56%, Train Perplexity: 0.6122
2018-02-27 23:19:51,946 seq2seq.trainer.supervised_trainer INFO     Progress: 57%, Train Perplexity: 0.5418
2018-02-27 23:19:52,624 seq2seq.trainer.supervised_trainer INFO     Finished epoch 40: Train Perplexity: 0.5647, Dev Perplexity: 0.9757, Accuracy: 0.9974, Sequence Accuracy: 0.9700, Variance: 0.7800
2018-02-27 23:19:52,624 seq2seq.trainer.supervised_trainer DEBUG    Epoch: 41, Step: 4640
2018-02-27 23:19:54,733 seq2seq.trainer.supervised_trainer INFO     Progress: 57%, Train Perplexity: 0.5572
2018-02-27 23:19:56,143 seq2seq.trainer.supervised_trainer INFO     Progress: 57%, Train Perplexity: 0.5625
2018-02-27 23:19:57,749 seq2seq.trainer.supervised_trainer INFO     Progress: 57%, Train Perplexity: 0.5664
2018-02-27 23:19:58,961 seq2seq.trainer.supervised_trainer INFO     Progress: 58%, Train Perplexity: 0.5388
2018-02-27 23:20:00,551 seq2seq.trainer.supervised_trainer INFO     Progress: 58%, Train Perplexity: 0.6057
2018-02-27 23:20:02,430 seq2seq.trainer.supervised_trainer INFO     Finished epoch 41: Train Perplexity: 0.5639, Dev Perplexity: 0.9602, Accuracy: 0.9999, Sequence Accuracy: 0.9988, Variance: 0.7977
2018-02-27 23:20:02,430 seq2seq.trainer.supervised_trainer DEBUG    Epoch: 42, Step: 4756
2018-02-27 23:20:02,869 seq2seq.trainer.supervised_trainer INFO     Progress: 58%, Train Perplexity: 0.5632
2018-02-27 23:20:04,290 seq2seq.trainer.supervised_trainer INFO     Progress: 58%, Train Perplexity: 0.5083
2018-02-27 23:20:05,695 seq2seq.trainer.supervised_trainer DEBUG    Saved checkpoint var_0.80_acc_1.00_seq_acc_1.00_ppl_0.96_s4788
2018-02-27 23:20:06,842 seq2seq.trainer.supervised_trainer INFO     Progress: 59%, Train Perplexity: 0.5616
2018-02-27 23:20:08,365 seq2seq.trainer.supervised_trainer INFO     Progress: 59%, Train Perplexity: 0.5867
2018-02-27 23:20:09,722 seq2seq.trainer.supervised_trainer INFO     Progress: 59%, Train Perplexity: 0.5687
2018-02-27 23:20:11,145 seq2seq.trainer.supervised_trainer INFO     Progress: 59%, Train Perplexity: 0.5376
2018-02-27 23:20:12,582 seq2seq.trainer.supervised_trainer INFO     Finished epoch 42: Train Perplexity: 0.5589, Dev Perplexity: 0.9607, Accuracy: 0.9997, Sequence Accuracy: 0.9963, Variance: 0.7976
2018-02-27 23:20:12,582 seq2seq.trainer.supervised_trainer DEBUG    Epoch: 43, Step: 4872
2018-02-27 23:20:13,399 seq2seq.trainer.supervised_trainer INFO     Progress: 60%, Train Perplexity: 0.5803
2018-02-27 23:20:15,076 seq2seq.trainer.supervised_trainer INFO     Progress: 60%, Train Perplexity: 0.5991
2018-02-27 23:20:16,756 seq2seq.trainer.supervised_trainer INFO     Progress: 60%, Train Perplexity: 0.5208
2018-02-27 23:20:17,497 seq2seq.trainer.supervised_trainer DEBUG    Saved checkpoint var_0.80_acc_1.00_seq_acc_1.00_ppl_0.96_s4921
2018-02-27 23:20:18,980 seq2seq.trainer.supervised_trainer INFO     Progress: 60%, Train Perplexity: 0.5082
2018-02-27 23:20:20,426 seq2seq.trainer.supervised_trainer INFO     Progress: 61%, Train Perplexity: 0.6049
2018-02-27 23:20:21,835 seq2seq.trainer.supervised_trainer INFO     Progress: 61%, Train Perplexity: 0.5965
2018-02-27 23:20:23,093 seq2seq.trainer.supervised_trainer INFO     Finished epoch 43: Train Perplexity: 0.5588, Dev Perplexity: 0.9619, Accuracy: 0.9997, Sequence Accuracy: 0.9963, Variance: 0.7994
2018-02-27 23:20:23,093 seq2seq.trainer.supervised_trainer DEBUG    Epoch: 44, Step: 4988
2018-02-27 23:20:24,009 seq2seq.trainer.supervised_trainer INFO     Progress: 61%, Train Perplexity: 0.5628
2018-02-27 23:20:25,691 seq2seq.trainer.supervised_trainer INFO     Progress: 61%, Train Perplexity: 0.5828
2018-02-27 23:20:27,324 seq2seq.trainer.supervised_trainer INFO     Progress: 62%, Train Perplexity: 0.5175
2018-02-27 23:20:29,569 seq2seq.trainer.supervised_trainer INFO     Progress: 62%, Train Perplexity: 0.5565
2018-02-27 23:20:30,914 seq2seq.trainer.supervised_trainer INFO     Progress: 62%, Train Perplexity: 0.5501
2018-02-27 23:20:32,657 seq2seq.trainer.supervised_trainer INFO     Progress: 62%, Train Perplexity: 0.5352
2018-02-27 23:20:33,659 seq2seq.trainer.supervised_trainer INFO     Finished epoch 44: Train Perplexity: 0.5597, Dev Perplexity: 0.9597, Accuracy: 1.0000, Sequence Accuracy: 1.0000, Variance: 0.7990
2018-02-27 23:20:33,659 seq2seq.trainer.supervised_trainer DEBUG    Epoch: 45, Step: 5104
2018-02-27 23:20:34,762 seq2seq.trainer.supervised_trainer INFO     Progress: 63%, Train Perplexity: 0.5542
2018-02-27 23:20:36,369 seq2seq.trainer.supervised_trainer INFO     Progress: 63%, Train Perplexity: 0.5874
2018-02-27 23:20:37,865 seq2seq.trainer.supervised_trainer INFO     Progress: 63%, Train Perplexity: 0.5510
2018-02-27 23:20:39,175 seq2seq.trainer.supervised_trainer INFO     Progress: 63%, Train Perplexity: 0.5442
2018-02-27 23:20:41,370 seq2seq.trainer.supervised_trainer INFO     Progress: 64%, Train Perplexity: 0.5798
2018-02-27 23:20:43,087 seq2seq.trainer.supervised_trainer INFO     Progress: 64%, Train Perplexity: 0.5564
2018-02-27 23:20:43,762 seq2seq.trainer.supervised_trainer INFO     Finished epoch 45: Train Perplexity: 0.5594, Dev Perplexity: 0.9597, Accuracy: 1.0000, Sequence Accuracy: 1.0000, Variance: 0.7989
2018-02-27 23:20:43,762 seq2seq.trainer.supervised_trainer DEBUG    Epoch: 46, Step: 5220
2018-02-27 23:20:45,246 seq2seq.trainer.supervised_trainer INFO     Progress: 64%, Train Perplexity: 0.5037
2018-02-27 23:20:46,731 seq2seq.trainer.supervised_trainer INFO     Progress: 64%, Train Perplexity: 0.5787
2018-02-27 23:20:48,074 seq2seq.trainer.supervised_trainer INFO     Progress: 65%, Train Perplexity: 0.5912
2018-02-27 23:20:49,488 seq2seq.trainer.supervised_trainer INFO     Progress: 65%, Train Perplexity: 0.5297
2018-02-27 23:20:51,025 seq2seq.trainer.supervised_trainer INFO     Progress: 65%, Train Perplexity: 0.6041
2018-02-27 23:20:53,731 seq2seq.trainer.supervised_trainer INFO     Finished epoch 46: Train Perplexity: 0.5593, Dev Perplexity: 0.9597, Accuracy: 1.0000, Sequence Accuracy: 1.0000, Variance: 0.7990
2018-02-27 23:20:53,731 seq2seq.trainer.supervised_trainer DEBUG    Epoch: 47, Step: 5336
2018-02-27 23:20:54,153 seq2seq.trainer.supervised_trainer INFO     Progress: 65%, Train Perplexity: 0.5715
2018-02-27 23:20:55,613 seq2seq.trainer.supervised_trainer INFO     Progress: 66%, Train Perplexity: 0.4878
2018-02-27 23:20:57,025 seq2seq.trainer.supervised_trainer INFO     Progress: 66%, Train Perplexity: 0.5897
2018-02-27 23:20:58,591 seq2seq.trainer.supervised_trainer INFO     Progress: 66%, Train Perplexity: 0.5866
2018-02-27 23:21:00,033 seq2seq.trainer.supervised_trainer INFO     Progress: 66%, Train Perplexity: 0.5442
2018-02-27 23:21:01,587 seq2seq.trainer.supervised_trainer INFO     Progress: 66%, Train Perplexity: 0.5772
2018-02-27 23:21:03,442 seq2seq.trainer.supervised_trainer INFO     Finished epoch 47: Train Perplexity: 0.5599, Dev Perplexity: 0.9598, Accuracy: 1.0000, Sequence Accuracy: 1.0000, Variance: 0.7968
2018-02-27 23:21:03,442 seq2seq.trainer.supervised_trainer DEBUG    Epoch: 48, Step: 5452
2018-02-27 23:21:04,863 seq2seq.trainer.supervised_trainer INFO     Progress: 67%, Train Perplexity: 0.5788
2018-02-27 23:21:06,502 seq2seq.trainer.supervised_trainer INFO     Progress: 67%, Train Perplexity: 0.5943
2018-02-27 23:21:07,968 seq2seq.trainer.supervised_trainer INFO     Progress: 67%, Train Perplexity: 0.5420
2018-02-27 23:21:09,333 seq2seq.trainer.supervised_trainer INFO     Progress: 67%, Train Perplexity: 0.5079
2018-02-27 23:21:10,704 seq2seq.trainer.supervised_trainer INFO     Progress: 68%, Train Perplexity: 0.5747
2018-02-27 23:21:12,136 seq2seq.trainer.supervised_trainer INFO     Progress: 68%, Train Perplexity: 0.5469
2018-02-27 23:21:13,399 seq2seq.trainer.supervised_trainer INFO     Finished epoch 48: Train Perplexity: 0.5582, Dev Perplexity: 0.9601, Accuracy: 0.9999, Sequence Accuracy: 0.9994, Variance: 0.7983
2018-02-27 23:21:13,399 seq2seq.trainer.supervised_trainer DEBUG    Epoch: 49, Step: 5568
2018-02-27 23:21:14,317 seq2seq.trainer.supervised_trainer INFO     Progress: 68%, Train Perplexity: 0.5299
2018-02-27 23:21:16,634 seq2seq.trainer.supervised_trainer INFO     Progress: 68%, Train Perplexity: 0.5617
2018-02-27 23:21:18,105 seq2seq.trainer.supervised_trainer INFO     Progress: 69%, Train Perplexity: 0.5349
2018-02-27 23:21:19,482 seq2seq.trainer.supervised_trainer INFO     Progress: 69%, Train Perplexity: 0.6066
2018-02-27 23:21:20,804 seq2seq.trainer.supervised_trainer INFO     Progress: 69%, Train Perplexity: 0.5343
2018-02-27 23:21:22,262 seq2seq.trainer.supervised_trainer INFO     Progress: 69%, Train Perplexity: 0.5693
2018-02-27 23:21:23,244 seq2seq.trainer.supervised_trainer INFO     Finished epoch 49: Train Perplexity: 0.5581, Dev Perplexity: 0.9597, Accuracy: 1.0000, Sequence Accuracy: 1.0000, Variance: 0.7980
2018-02-27 23:21:23,245 seq2seq.trainer.supervised_trainer DEBUG    Epoch: 50, Step: 5684
2018-02-27 23:21:24,796 seq2seq.trainer.supervised_trainer INFO     Progress: 70%, Train Perplexity: 0.5862
2018-02-27 23:21:27,459 seq2seq.trainer.supervised_trainer INFO     Progress: 70%, Train Perplexity: 0.5839
2018-02-27 23:21:28,781 seq2seq.trainer.supervised_trainer INFO     Progress: 70%, Train Perplexity: 0.5033
2018-02-27 23:21:30,304 seq2seq.trainer.supervised_trainer INFO     Progress: 70%, Train Perplexity: 0.5309
2018-02-27 23:21:31,596 seq2seq.trainer.supervised_trainer INFO     Progress: 71%, Train Perplexity: 0.6162
2018-02-27 23:21:32,976 seq2seq.trainer.supervised_trainer INFO     Progress: 71%, Train Perplexity: 0.5360
2018-02-27 23:21:33,651 seq2seq.trainer.supervised_trainer INFO     Finished epoch 50: Train Perplexity: 0.5581, Dev Perplexity: 0.9598, Accuracy: 1.0000, Sequence Accuracy: 1.0000, Variance: 0.7971
2018-02-27 23:21:33,651 seq2seq.trainer.supervised_trainer DEBUG    Epoch: 51, Step: 5800
2018-02-27 23:21:35,355 seq2seq.trainer.supervised_trainer INFO     Progress: 71%, Train Perplexity: 0.5809
2018-02-27 23:21:36,680 seq2seq.trainer.supervised_trainer INFO     Progress: 71%, Train Perplexity: 0.4988
2018-02-27 23:21:38,899 seq2seq.trainer.supervised_trainer INFO     Progress: 72%, Train Perplexity: 0.5602
2018-02-27 23:21:40,305 seq2seq.trainer.supervised_trainer INFO     Progress: 72%, Train Perplexity: 0.6368
2018-02-27 23:21:41,875 seq2seq.trainer.supervised_trainer INFO     Progress: 72%, Train Perplexity: 0.5239
2018-02-27 23:21:43,558 seq2seq.trainer.supervised_trainer INFO     Finished epoch 51: Train Perplexity: 0.5585, Dev Perplexity: 0.9597, Accuracy: 1.0000, Sequence Accuracy: 1.0000, Variance: 0.7980
2018-02-27 23:21:43,559 seq2seq.trainer.supervised_trainer DEBUG    Epoch: 52, Step: 5916
2018-02-27 23:21:43,839 seq2seq.trainer.supervised_trainer INFO     Progress: 72%, Train Perplexity: 0.5304
2018-02-27 23:21:45,440 seq2seq.trainer.supervised_trainer INFO     Progress: 73%, Train Perplexity: 0.6183
2018-02-27 23:21:47,177 seq2seq.trainer.supervised_trainer INFO     Progress: 73%, Train Perplexity: 0.5672
2018-02-27 23:21:48,414 seq2seq.trainer.supervised_trainer INFO     Progress: 73%, Train Perplexity: 0.5032
2018-02-27 23:21:50,671 seq2seq.trainer.supervised_trainer INFO     Progress: 73%, Train Perplexity: 0.5610
2018-02-27 23:21:52,377 seq2seq.trainer.supervised_trainer INFO     Progress: 74%, Train Perplexity: 0.5669
2018-02-27 23:21:53,925 seq2seq.trainer.supervised_trainer INFO     Finished epoch 52: Train Perplexity: 0.5589, Dev Perplexity: 0.9597, Accuracy: 1.0000, Sequence Accuracy: 1.0000, Variance: 0.7991
2018-02-27 23:21:53,926 seq2seq.trainer.supervised_trainer DEBUG    Epoch: 53, Step: 6032
2018-02-27 23:21:54,395 seq2seq.trainer.supervised_trainer INFO     Progress: 74%, Train Perplexity: 0.5599
2018-02-27 23:21:55,888 seq2seq.trainer.supervised_trainer INFO     Progress: 74%, Train Perplexity: 0.5307
2018-02-27 23:21:57,549 seq2seq.trainer.supervised_trainer INFO     Progress: 74%, Train Perplexity: 0.5713
2018-02-27 23:21:59,009 seq2seq.trainer.supervised_trainer INFO     Progress: 75%, Train Perplexity: 0.5914
2018-02-27 23:22:01,066 seq2seq.trainer.supervised_trainer INFO     Progress: 75%, Train Perplexity: 0.5753
2018-02-27 23:22:02,520 seq2seq.trainer.supervised_trainer INFO     Progress: 75%, Train Perplexity: 0.5332
2018-02-27 23:22:03,974 seq2seq.trainer.supervised_trainer INFO     Finished epoch 53: Train Perplexity: 0.5599, Dev Perplexity: 0.9598, Accuracy: 1.0000, Sequence Accuracy: 1.0000, Variance: 0.7967
2018-02-27 23:22:03,974 seq2seq.trainer.supervised_trainer DEBUG    Epoch: 54, Step: 6148
2018-02-27 23:22:05,118 seq2seq.trainer.supervised_trainer INFO     Progress: 75%, Train Perplexity: 0.5740
2018-02-27 23:22:06,934 seq2seq.trainer.supervised_trainer INFO     Progress: 76%, Train Perplexity: 0.6350
2018-02-27 23:22:08,121 seq2seq.trainer.supervised_trainer INFO     Progress: 76%, Train Perplexity: 0.4750
2018-02-27 23:22:09,493 seq2seq.trainer.supervised_trainer INFO     Progress: 76%, Train Perplexity: 0.4683
2018-02-27 23:22:11,102 seq2seq.trainer.supervised_trainer INFO     Progress: 76%, Train Perplexity: 0.6315
2018-02-27 23:22:13,279 seq2seq.trainer.supervised_trainer INFO     Progress: 77%, Train Perplexity: 0.5684
2018-02-27 23:22:14,251 seq2seq.trainer.supervised_trainer INFO     Finished epoch 54: Train Perplexity: 0.5595, Dev Perplexity: 0.9614, Accuracy: 0.9998, Sequence Accuracy: 0.9988, Variance: 0.7992
2018-02-27 23:22:14,251 seq2seq.trainer.supervised_trainer DEBUG    Epoch: 55, Step: 6264
2018-02-27 23:22:15,639 seq2seq.trainer.supervised_trainer INFO     Progress: 77%, Train Perplexity: 0.5546
2018-02-27 23:22:16,886 seq2seq.trainer.supervised_trainer INFO     Progress: 77%, Train Perplexity: 0.5577
2018-02-27 23:22:18,348 seq2seq.trainer.supervised_trainer INFO     Progress: 77%, Train Perplexity: 0.5385
2018-02-27 23:22:19,763 seq2seq.trainer.supervised_trainer INFO     Progress: 78%, Train Perplexity: 0.5554
2018-02-27 23:22:21,437 seq2seq.trainer.supervised_trainer INFO     Progress: 78%, Train Perplexity: 0.5879
2018-02-27 23:22:22,924 seq2seq.trainer.supervised_trainer INFO     Progress: 78%, Train Perplexity: 0.5638
2018-02-27 23:22:23,595 seq2seq.trainer.supervised_trainer INFO     Finished epoch 55: Train Perplexity: 0.5597, Dev Perplexity: 0.9598, Accuracy: 1.0000, Sequence Accuracy: 1.0000, Variance: 0.7969
2018-02-27 23:22:23,595 seq2seq.trainer.supervised_trainer DEBUG    Epoch: 56, Step: 6380
2018-02-27 23:22:25,852 seq2seq.trainer.supervised_trainer INFO     Progress: 78%, Train Perplexity: 0.6235
2018-02-27 23:22:27,356 seq2seq.trainer.supervised_trainer INFO     Progress: 79%, Train Perplexity: 0.5177
2018-02-27 23:22:28,655 seq2seq.trainer.supervised_trainer INFO     Progress: 79%, Train Perplexity: 0.5148
2018-02-27 23:22:30,105 seq2seq.trainer.supervised_trainer INFO     Progress: 79%, Train Perplexity: 0.5767
2018-02-27 23:22:31,500 seq2seq.trainer.supervised_trainer INFO     Progress: 79%, Train Perplexity: 0.5698
2018-02-27 23:22:33,338 seq2seq.trainer.supervised_trainer INFO     Finished epoch 56: Train Perplexity: 0.5588, Dev Perplexity: 0.9598, Accuracy: 1.0000, Sequence Accuracy: 1.0000, Variance: 0.7977
2018-02-27 23:22:33,339 seq2seq.trainer.supervised_trainer DEBUG    Epoch: 57, Step: 6496
2018-02-27 23:22:33,575 seq2seq.trainer.supervised_trainer INFO     Progress: 80%, Train Perplexity: 0.5353
2018-02-27 23:22:36,203 seq2seq.trainer.supervised_trainer INFO     Progress: 80%, Train Perplexity: 0.6064
2018-02-27 23:22:37,604 seq2seq.trainer.supervised_trainer INFO     Progress: 80%, Train Perplexity: 0.5888
2018-02-27 23:22:38,855 seq2seq.trainer.supervised_trainer INFO     Progress: 80%, Train Perplexity: 0.5327
2018-02-27 23:22:40,382 seq2seq.trainer.supervised_trainer INFO     Progress: 81%, Train Perplexity: 0.5852
2018-02-27 23:22:41,784 seq2seq.trainer.supervised_trainer INFO     Progress: 81%, Train Perplexity: 0.5219
2018-02-27 23:22:43,325 seq2seq.trainer.supervised_trainer INFO     Finished epoch 57: Train Perplexity: 0.5584, Dev Perplexity: 0.9597, Accuracy: 1.0000, Sequence Accuracy: 1.0000, Variance: 0.7988
2018-02-27 23:22:43,325 seq2seq.trainer.supervised_trainer DEBUG    Epoch: 58, Step: 6612
2018-02-27 23:22:44,102 seq2seq.trainer.supervised_trainer INFO     Progress: 81%, Train Perplexity: 0.5592
2018-02-27 23:22:45,461 seq2seq.trainer.supervised_trainer INFO     Progress: 81%, Train Perplexity: 0.5114
2018-02-27 23:22:47,578 seq2seq.trainer.supervised_trainer INFO     Progress: 82%, Train Perplexity: 0.6060
2018-02-27 23:22:49,100 seq2seq.trainer.supervised_trainer INFO     Progress: 82%, Train Perplexity: 0.5714
2018-02-27 23:22:50,663 seq2seq.trainer.supervised_trainer INFO     Progress: 82%, Train Perplexity: 0.5452
2018-02-27 23:22:52,134 seq2seq.trainer.supervised_trainer INFO     Progress: 82%, Train Perplexity: 0.5322
2018-02-27 23:22:53,271 seq2seq.trainer.supervised_trainer INFO     Finished epoch 58: Train Perplexity: 0.5580, Dev Perplexity: 0.9597, Accuracy: 1.0000, Sequence Accuracy: 1.0000, Variance: 0.7982
2018-02-27 23:22:53,272 seq2seq.trainer.supervised_trainer DEBUG    Epoch: 59, Step: 6728
2018-02-27 23:22:54,126 seq2seq.trainer.supervised_trainer INFO     Progress: 83%, Train Perplexity: 0.5217
2018-02-27 23:22:55,603 seq2seq.trainer.supervised_trainer INFO     Progress: 83%, Train Perplexity: 0.5690
2018-02-27 23:22:57,113 seq2seq.trainer.supervised_trainer INFO     Progress: 83%, Train Perplexity: 0.4867
2018-02-27 23:22:59,290 seq2seq.trainer.supervised_trainer INFO     Progress: 83%, Train Perplexity: 0.5808
2018-02-27 23:23:00,784 seq2seq.trainer.supervised_trainer INFO     Progress: 83%, Train Perplexity: 0.6154
2018-02-27 23:23:02,450 seq2seq.trainer.supervised_trainer INFO     Progress: 84%, Train Perplexity: 0.5632
2018-02-27 23:23:03,450 seq2seq.trainer.supervised_trainer INFO     Finished epoch 59: Train Perplexity: 0.5585, Dev Perplexity: 0.9600, Accuracy: 1.0000, Sequence Accuracy: 1.0000, Variance: 0.7917
2018-02-27 23:23:03,450 seq2seq.trainer.supervised_trainer DEBUG    Epoch: 60, Step: 6844
2018-02-27 23:23:04,768 seq2seq.trainer.supervised_trainer INFO     Progress: 84%, Train Perplexity: 0.6322
2018-02-27 23:23:06,393 seq2seq.trainer.supervised_trainer INFO     Progress: 84%, Train Perplexity: 0.5841
2018-02-27 23:23:07,756 seq2seq.trainer.supervised_trainer INFO     Progress: 84%, Train Perplexity: 0.4465
2018-02-27 23:23:09,915 seq2seq.trainer.supervised_trainer INFO     Progress: 85%, Train Perplexity: 0.5571
2018-02-27 23:23:11,358 seq2seq.trainer.supervised_trainer INFO     Progress: 85%, Train Perplexity: 0.6022
2018-02-27 23:23:12,744 seq2seq.trainer.supervised_trainer INFO     Progress: 85%, Train Perplexity: 0.5536
2018-02-27 23:23:13,421 seq2seq.trainer.supervised_trainer INFO     Finished epoch 60: Train Perplexity: 0.5612, Dev Perplexity: 0.9613, Accuracy: 0.9999, Sequence Accuracy: 0.9994, Variance: 0.7801
2018-02-27 23:23:13,421 seq2seq.trainer.supervised_trainer DEBUG    Epoch: 61, Step: 6960
2018-02-27 23:23:14,931 seq2seq.trainer.supervised_trainer INFO     Progress: 85%, Train Perplexity: 0.5619
2018-02-27 23:23:16,361 seq2seq.trainer.supervised_trainer INFO     Progress: 86%, Train Perplexity: 0.5174
2018-02-27 23:23:17,786 seq2seq.trainer.supervised_trainer INFO     Progress: 86%, Train Perplexity: 0.5996
2018-02-27 23:23:19,672 seq2seq.trainer.supervised_trainer INFO     Progress: 86%, Train Perplexity: 0.5557
2018-02-27 23:23:22,012 seq2seq.trainer.supervised_trainer INFO     Progress: 86%, Train Perplexity: 0.5864
2018-02-27 23:23:23,656 seq2seq.trainer.supervised_trainer INFO     Finished epoch 61: Train Perplexity: 0.5623, Dev Perplexity: 0.9606, Accuracy: 1.0000, Sequence Accuracy: 1.0000, Variance: 0.7800
2018-02-27 23:23:23,657 seq2seq.trainer.supervised_trainer DEBUG    Epoch: 62, Step: 7076
2018-02-27 23:23:24,034 seq2seq.trainer.supervised_trainer INFO     Progress: 87%, Train Perplexity: 0.5572
2018-02-27 23:23:25,496 seq2seq.trainer.supervised_trainer INFO     Progress: 87%, Train Perplexity: 0.5732
2018-02-27 23:23:26,974 seq2seq.trainer.supervised_trainer INFO     Progress: 87%, Train Perplexity: 0.5726
2018-02-27 23:23:28,811 seq2seq.trainer.supervised_trainer INFO     Progress: 87%, Train Perplexity: 0.5948
2018-02-27 23:23:30,131 seq2seq.trainer.supervised_trainer INFO     Progress: 88%, Train Perplexity: 0.5197
2018-02-27 23:23:31,504 seq2seq.trainer.supervised_trainer INFO     Progress: 88%, Train Perplexity: 0.5456
2018-02-27 23:23:33,827 seq2seq.trainer.supervised_trainer INFO     Finished epoch 62: Train Perplexity: 0.5611, Dev Perplexity: 0.9606, Accuracy: 1.0000, Sequence Accuracy: 1.0000, Variance: 0.7801
2018-02-27 23:23:33,827 seq2seq.trainer.supervised_trainer DEBUG    Epoch: 63, Step: 7192
2018-02-27 23:23:34,563 seq2seq.trainer.supervised_trainer INFO     Progress: 88%, Train Perplexity: 0.5641
2018-02-27 23:23:35,713 seq2seq.trainer.supervised_trainer INFO     Progress: 88%, Train Perplexity: 0.5424
2018-02-27 23:23:37,348 seq2seq.trainer.supervised_trainer INFO     Progress: 89%, Train Perplexity: 0.5788
2018-02-27 23:23:39,060 seq2seq.trainer.supervised_trainer INFO     Progress: 89%, Train Perplexity: 0.5533
2018-02-27 23:23:40,731 seq2seq.trainer.supervised_trainer INFO     Progress: 89%, Train Perplexity: 0.5893
2018-02-27 23:23:42,347 seq2seq.trainer.supervised_trainer INFO     Progress: 89%, Train Perplexity: 0.5537
2018-02-27 23:23:43,594 seq2seq.trainer.supervised_trainer INFO     Finished epoch 63: Train Perplexity: 0.5611, Dev Perplexity: 0.9606, Accuracy: 1.0000, Sequence Accuracy: 1.0000, Variance: 0.7801
2018-02-27 23:23:43,594 seq2seq.trainer.supervised_trainer DEBUG    Epoch: 64, Step: 7308
2018-02-27 23:23:45,325 seq2seq.trainer.supervised_trainer INFO     Progress: 90%, Train Perplexity: 0.5484
2018-02-27 23:23:47,064 seq2seq.trainer.supervised_trainer INFO     Progress: 90%, Train Perplexity: 0.5943
2018-02-27 23:23:48,458 seq2seq.trainer.supervised_trainer INFO     Progress: 90%, Train Perplexity: 0.4989
2018-02-27 23:23:49,906 seq2seq.trainer.supervised_trainer INFO     Progress: 90%, Train Perplexity: 0.5556
2018-02-27 23:23:51,425 seq2seq.trainer.supervised_trainer INFO     Progress: 91%, Train Perplexity: 0.5739
2018-02-27 23:23:52,877 seq2seq.trainer.supervised_trainer INFO     Progress: 91%, Train Perplexity: 0.5722
2018-02-27 23:23:53,738 seq2seq.trainer.supervised_trainer INFO     Finished epoch 64: Train Perplexity: 0.5609, Dev Perplexity: 0.9606, Accuracy: 1.0000, Sequence Accuracy: 1.0000, Variance: 0.7800
2018-02-27 23:23:53,738 seq2seq.trainer.supervised_trainer DEBUG    Epoch: 65, Step: 7424
2018-02-27 23:23:55,004 seq2seq.trainer.supervised_trainer INFO     Progress: 91%, Train Perplexity: 0.5778
2018-02-27 23:23:56,968 seq2seq.trainer.supervised_trainer INFO     Progress: 91%, Train Perplexity: 0.4954
2018-02-27 23:23:58,643 seq2seq.trainer.supervised_trainer INFO     Progress: 92%, Train Perplexity: 0.5908
2018-02-27 23:24:00,326 seq2seq.trainer.supervised_trainer INFO     Progress: 92%, Train Perplexity: 0.5506
2018-02-27 23:24:01,764 seq2seq.trainer.supervised_trainer INFO     Progress: 92%, Train Perplexity: 0.5924
2018-02-27 23:24:03,431 seq2seq.trainer.supervised_trainer INFO     Progress: 92%, Train Perplexity: 0.5596
2018-02-27 23:24:04,103 seq2seq.trainer.supervised_trainer INFO     Finished epoch 65: Train Perplexity: 0.5609, Dev Perplexity: 0.9606, Accuracy: 1.0000, Sequence Accuracy: 1.0000, Variance: 0.7801
2018-02-27 23:24:04,103 seq2seq.trainer.supervised_trainer DEBUG    Epoch: 66, Step: 7540
2018-02-27 23:24:05,619 seq2seq.trainer.supervised_trainer INFO     Progress: 93%, Train Perplexity: 0.5680
2018-02-27 23:24:07,168 seq2seq.trainer.supervised_trainer INFO     Progress: 93%, Train Perplexity: 0.5754
2018-02-27 23:24:09,050 seq2seq.trainer.supervised_trainer INFO     Progress: 93%, Train Perplexity: 0.5563
2018-02-27 23:24:10,583 seq2seq.trainer.supervised_trainer INFO     Progress: 93%, Train Perplexity: 0.5556
2018-02-27 23:24:12,227 seq2seq.trainer.supervised_trainer INFO     Progress: 94%, Train Perplexity: 0.5603
2018-02-27 23:24:14,263 seq2seq.trainer.supervised_trainer INFO     Finished epoch 66: Train Perplexity: 0.5607, Dev Perplexity: 0.9606, Accuracy: 1.0000, Sequence Accuracy: 1.0000, Variance: 0.7801
2018-02-27 23:24:14,263 seq2seq.trainer.supervised_trainer DEBUG    Epoch: 67, Step: 7656
2018-02-27 23:24:14,641 seq2seq.trainer.supervised_trainer INFO     Progress: 94%, Train Perplexity: 0.5547
2018-02-27 23:24:16,175 seq2seq.trainer.supervised_trainer INFO     Progress: 94%, Train Perplexity: 0.5472
2018-02-27 23:24:17,523 seq2seq.trainer.supervised_trainer INFO     Progress: 94%, Train Perplexity: 0.5869
2018-02-27 23:24:19,842 seq2seq.trainer.supervised_trainer INFO     Progress: 95%, Train Perplexity: 0.5953
2018-02-27 23:24:21,375 seq2seq.trainer.supervised_trainer INFO     Progress: 95%, Train Perplexity: 0.5808
2018-02-27 23:24:22,805 seq2seq.trainer.supervised_trainer INFO     Progress: 95%, Train Perplexity: 0.5064
2018-02-27 23:24:24,516 seq2seq.trainer.supervised_trainer INFO     Finished epoch 67: Train Perplexity: 0.5609, Dev Perplexity: 0.9618, Accuracy: 0.9999, Sequence Accuracy: 0.9994, Variance: 0.7801
2018-02-27 23:24:24,517 seq2seq.trainer.supervised_trainer DEBUG    Epoch: 68, Step: 7772
2018-02-27 23:24:25,112 seq2seq.trainer.supervised_trainer INFO     Progress: 95%, Train Perplexity: 0.5066
2018-02-27 23:24:26,664 seq2seq.trainer.supervised_trainer INFO     Progress: 96%, Train Perplexity: 0.5879
2018-02-27 23:24:28,141 seq2seq.trainer.supervised_trainer INFO     Progress: 96%, Train Perplexity: 0.5612
2018-02-27 23:24:29,579 seq2seq.trainer.supervised_trainer INFO     Progress: 96%, Train Perplexity: 0.5680
2018-02-27 23:24:31,888 seq2seq.trainer.supervised_trainer INFO     Progress: 96%, Train Perplexity: 0.5801
2018-02-27 23:24:33,459 seq2seq.trainer.supervised_trainer INFO     Progress: 97%, Train Perplexity: 0.5259
2018-02-27 23:24:34,852 seq2seq.trainer.supervised_trainer INFO     Finished epoch 68: Train Perplexity: 0.5611, Dev Perplexity: 0.9617, Accuracy: 0.9999, Sequence Accuracy: 0.9994, Variance: 0.7801
2018-02-27 23:24:34,852 seq2seq.trainer.supervised_trainer DEBUG    Epoch: 69, Step: 7888
2018-02-27 23:24:35,825 seq2seq.trainer.supervised_trainer INFO     Progress: 97%, Train Perplexity: 0.5562
2018-02-27 23:24:37,360 seq2seq.trainer.supervised_trainer INFO     Progress: 97%, Train Perplexity: 0.5674
2018-02-27 23:24:38,861 seq2seq.trainer.supervised_trainer INFO     Progress: 97%, Train Perplexity: 0.5271
2018-02-27 23:24:40,464 seq2seq.trainer.supervised_trainer INFO     Progress: 98%, Train Perplexity: 0.5852
2018-02-27 23:24:41,801 seq2seq.trainer.supervised_trainer INFO     Progress: 98%, Train Perplexity: 0.5572
2018-02-27 23:24:43,752 seq2seq.trainer.supervised_trainer INFO     Progress: 98%, Train Perplexity: 0.5853
2018-02-27 23:24:44,802 seq2seq.trainer.supervised_trainer INFO     Finished epoch 69: Train Perplexity: 0.5615, Dev Perplexity: 0.9611, Accuracy: 0.9999, Sequence Accuracy: 0.9994, Variance: 0.7801
2018-02-27 23:24:44,802 seq2seq.trainer.supervised_trainer DEBUG    Epoch: 70, Step: 8004
2018-02-27 23:24:46,209 seq2seq.trainer.supervised_trainer INFO     Progress: 98%, Train Perplexity: 0.5972
2018-02-27 23:24:47,709 seq2seq.trainer.supervised_trainer INFO     Progress: 99%, Train Perplexity: 0.5557
2018-02-27 23:24:49,223 seq2seq.trainer.supervised_trainer INFO     Progress: 99%, Train Perplexity: 0.6445
2018-02-27 23:24:50,640 seq2seq.trainer.supervised_trainer INFO     Progress: 99%, Train Perplexity: 0.5234
2018-02-27 23:24:52,307 seq2seq.trainer.supervised_trainer INFO     Progress: 99%, Train Perplexity: 0.5084
2018-02-27 23:24:54,668 seq2seq.trainer.supervised_trainer INFO     Progress: 100%, Train Perplexity: 0.5534
2018-02-27 23:24:56,026 seq2seq.trainer.supervised_trainer INFO     Finished epoch 70: Train Perplexity: 0.5623, Dev Perplexity: 0.9608, Accuracy: 0.9999, Sequence Accuracy: 0.9994, Variance: 0.7800
end of job
