2018-01-31 02:37:59,661 root         INFO     Namespace(attention=True, batch_size=128, bidirectional=False, cuda_device=0, dev='data/CLEANED-SCAN/length_split/experiment2c_output_interleaved_short_to_long/tasks_test.txt', dropout_p_decoder=0.5, dropout_p_encoder=0.5, embedding_size=200, epochs=50, hidden_size=200, load_checkpoint=None, log_level='debug', lr=0.001, max_len=50, n_layers=2, optim='adam', output_dir='checkpoints_experiment_2c_3', print_every=20, resume=False, rnn_cell='lstm', save_every=133, src_vocab=50000, teacher_forcing_ratio=0.5, tgt_vocab=50000, train='data/CLEANED-SCAN/length_split/experiment2c_output_interleaved_short_to_long/tasks_train.txt')
2018-01-31 02:38:00,288 seq2seq.trainer.supervised_trainer INFO     Optimizer: <torch.optim.adam.Adam object at 0x7fa6118823d0>, Scheduler: None
2018-01-31 02:38:16,503 seq2seq.trainer.supervised_trainer DEBUG    Epoch: 1, Step: 0
2018-01-31 02:38:45,741 seq2seq.trainer.supervised_trainer INFO     Progress: 0%, Train Perplexity: 12.8745
2018-01-31 02:39:00,283 seq2seq.trainer.supervised_trainer INFO     Progress: 1%, Train Perplexity: 5.0272
2018-01-31 02:39:14,132 seq2seq.trainer.supervised_trainer INFO     Progress: 1%, Train Perplexity: 4.9349
2018-01-31 02:39:28,193 seq2seq.trainer.supervised_trainer INFO     Progress: 1%, Train Perplexity: 4.1521
2018-01-31 02:39:42,154 seq2seq.trainer.supervised_trainer INFO     Progress: 2%, Train Perplexity: 3.3181
2018-01-31 02:39:59,764 seq2seq.trainer.supervised_trainer INFO     Finished epoch 1: Train Perplexity: 5.0511, Dev Perplexity: 3.4992, Accuracy: 0.4442, Sequence Accuracy: 0.0016
2018-01-31 02:39:59,765 seq2seq.trainer.supervised_trainer DEBUG    Epoch: 2, Step: 120
2018-01-31 02:40:32,389 seq2seq.trainer.supervised_trainer INFO     Progress: 2%, Train Perplexity: 2.9860
2018-01-31 02:40:46,308 seq2seq.trainer.supervised_trainer INFO     Progress: 2%, Train Perplexity: 2.8325
2018-01-31 02:40:59,885 seq2seq.trainer.supervised_trainer INFO     Progress: 3%, Train Perplexity: 2.7246
2018-01-31 02:41:14,106 seq2seq.trainer.supervised_trainer INFO     Progress: 3%, Train Perplexity: 2.5042
2018-01-31 02:41:27,834 seq2seq.trainer.supervised_trainer INFO     Progress: 3%, Train Perplexity: 2.4436
2018-01-31 02:41:41,671 seq2seq.trainer.supervised_trainer INFO     Progress: 4%, Train Perplexity: 2.2837
2018-01-31 02:41:59,532 seq2seq.trainer.supervised_trainer INFO     Finished epoch 2: Train Perplexity: 2.6291, Dev Perplexity: 2.5394, Accuracy: 0.6178, Sequence Accuracy: 0.0166
2018-01-31 02:41:59,532 seq2seq.trainer.supervised_trainer DEBUG    Epoch: 3, Step: 240
2018-01-31 02:42:13,847 seq2seq.trainer.supervised_trainer INFO     Progress: 4%, Train Perplexity: 2.3289
2018-01-31 02:42:45,730 seq2seq.trainer.supervised_trainer INFO     Progress: 4%, Train Perplexity: 2.1234
2018-01-31 02:43:00,599 seq2seq.trainer.supervised_trainer INFO     Progress: 5%, Train Perplexity: 2.2343
2018-01-31 02:43:14,663 seq2seq.trainer.supervised_trainer INFO     Progress: 5%, Train Perplexity: 2.0552
2018-01-31 02:43:28,410 seq2seq.trainer.supervised_trainer INFO     Progress: 5%, Train Perplexity: 1.7983
2018-01-31 02:43:42,285 seq2seq.trainer.supervised_trainer INFO     Progress: 6%, Train Perplexity: 1.6024
2018-01-31 02:44:00,323 seq2seq.trainer.supervised_trainer INFO     Finished epoch 3: Train Perplexity: 2.0237, Dev Perplexity: 2.0444, Accuracy: 0.7471, Sequence Accuracy: 0.1454
2018-01-31 02:44:00,323 seq2seq.trainer.supervised_trainer DEBUG    Epoch: 4, Step: 360
2018-01-31 02:44:15,826 seq2seq.trainer.supervised_trainer INFO     Progress: 6%, Train Perplexity: 1.8569
2018-01-31 02:44:47,833 seq2seq.trainer.supervised_trainer INFO     Progress: 6%, Train Perplexity: 1.6819
2018-01-31 02:45:02,613 seq2seq.trainer.supervised_trainer INFO     Progress: 7%, Train Perplexity: 1.5789
2018-01-31 02:45:16,581 seq2seq.trainer.supervised_trainer INFO     Progress: 7%, Train Perplexity: 1.3543
2018-01-31 02:45:29,717 seq2seq.trainer.supervised_trainer INFO     Progress: 7%, Train Perplexity: 1.3980
2018-01-31 02:45:43,889 seq2seq.trainer.supervised_trainer INFO     Progress: 8%, Train Perplexity: 1.3662
2018-01-31 02:46:01,791 seq2seq.trainer.supervised_trainer INFO     Finished epoch 4: Train Perplexity: 1.5394, Dev Perplexity: 1.6756, Accuracy: 0.8397, Sequence Accuracy: 0.4210
2018-01-31 02:46:01,791 seq2seq.trainer.supervised_trainer DEBUG    Epoch: 5, Step: 480
2018-01-31 02:46:16,806 seq2seq.trainer.supervised_trainer INFO     Progress: 8%, Train Perplexity: 1.4749
2018-01-31 02:46:31,013 seq2seq.trainer.supervised_trainer INFO     Progress: 8%, Train Perplexity: 1.4120
2018-01-31 02:47:02,993 seq2seq.trainer.supervised_trainer INFO     Progress: 9%, Train Perplexity: 1.4535
2018-01-31 02:47:17,257 seq2seq.trainer.supervised_trainer INFO     Progress: 9%, Train Perplexity: 1.2384
2018-01-31 02:47:31,213 seq2seq.trainer.supervised_trainer INFO     Progress: 9%, Train Perplexity: 1.2246
2018-01-31 02:47:45,507 seq2seq.trainer.supervised_trainer INFO     Progress: 10%, Train Perplexity: 1.2510
2018-01-31 02:48:03,515 seq2seq.trainer.supervised_trainer INFO     Finished epoch 5: Train Perplexity: 1.3424, Dev Perplexity: 1.7137, Accuracy: 0.8567, Sequence Accuracy: 0.2348
2018-01-31 02:48:03,515 seq2seq.trainer.supervised_trainer DEBUG    Epoch: 6, Step: 600
2018-01-31 02:48:16,961 seq2seq.trainer.supervised_trainer INFO     Progress: 10%, Train Perplexity: 1.4181
2018-01-31 02:48:31,612 seq2seq.trainer.supervised_trainer INFO     Progress: 10%, Train Perplexity: 1.4420
2018-01-31 02:48:46,794 seq2seq.trainer.supervised_trainer INFO     Progress: 11%, Train Perplexity: 1.2692
2018-01-31 02:49:19,590 seq2seq.trainer.supervised_trainer INFO     Progress: 11%, Train Perplexity: 1.1667
2018-01-31 02:49:33,297 seq2seq.trainer.supervised_trainer INFO     Progress: 11%, Train Perplexity: 1.1280
2018-01-31 02:49:47,125 seq2seq.trainer.supervised_trainer INFO     Progress: 12%, Train Perplexity: 1.1159
2018-01-31 02:50:05,089 seq2seq.trainer.supervised_trainer INFO     Finished epoch 6: Train Perplexity: 1.2566, Dev Perplexity: 1.4745, Accuracy: 0.8915, Sequence Accuracy: 0.5443
2018-01-31 02:50:05,090 seq2seq.trainer.supervised_trainer DEBUG    Epoch: 7, Step: 720
2018-01-31 02:50:19,727 seq2seq.trainer.supervised_trainer INFO     Progress: 12%, Train Perplexity: 1.2124
2018-01-31 02:50:34,423 seq2seq.trainer.supervised_trainer INFO     Progress: 12%, Train Perplexity: 1.1875
2018-01-31 02:50:49,372 seq2seq.trainer.supervised_trainer INFO     Progress: 13%, Train Perplexity: 1.2722
2018-01-31 02:51:21,382 seq2seq.trainer.supervised_trainer INFO     Progress: 13%, Train Perplexity: 1.1739
2018-01-31 02:51:35,680 seq2seq.trainer.supervised_trainer INFO     Progress: 13%, Train Perplexity: 1.1736
2018-01-31 02:51:49,834 seq2seq.trainer.supervised_trainer INFO     Progress: 14%, Train Perplexity: 1.1202
2018-01-31 02:52:07,864 seq2seq.trainer.supervised_trainer INFO     Finished epoch 7: Train Perplexity: 1.1899, Dev Perplexity: 1.3527, Accuracy: 0.9127, Sequence Accuracy: 0.6356
2018-01-31 02:52:07,864 seq2seq.trainer.supervised_trainer DEBUG    Epoch: 8, Step: 840
2018-01-31 02:52:22,598 seq2seq.trainer.supervised_trainer INFO     Progress: 14%, Train Perplexity: 1.1805
2018-01-31 02:52:36,474 seq2seq.trainer.supervised_trainer INFO     Progress: 14%, Train Perplexity: 1.1784
2018-01-31 02:52:51,432 seq2seq.trainer.supervised_trainer INFO     Progress: 15%, Train Perplexity: 1.2347
2018-01-31 02:53:06,810 seq2seq.trainer.supervised_trainer INFO     Progress: 15%, Train Perplexity: 1.2203
2018-01-31 02:53:38,380 seq2seq.trainer.supervised_trainer INFO     Progress: 15%, Train Perplexity: 1.1581
2018-01-31 02:53:52,612 seq2seq.trainer.supervised_trainer INFO     Progress: 16%, Train Perplexity: 1.1954
2018-01-31 02:54:10,606 seq2seq.trainer.supervised_trainer INFO     Finished epoch 8: Train Perplexity: 1.1946, Dev Perplexity: 1.3818, Accuracy: 0.9083, Sequence Accuracy: 0.5960
2018-01-31 02:54:10,606 seq2seq.trainer.supervised_trainer DEBUG    Epoch: 9, Step: 960
2018-01-31 02:54:25,909 seq2seq.trainer.supervised_trainer INFO     Progress: 16%, Train Perplexity: 1.1539
2018-01-31 02:54:39,756 seq2seq.trainer.supervised_trainer INFO     Progress: 16%, Train Perplexity: 1.1011
2018-01-31 02:54:55,265 seq2seq.trainer.supervised_trainer INFO     Progress: 17%, Train Perplexity: 1.1321
2018-01-31 02:55:09,533 seq2seq.trainer.supervised_trainer INFO     Progress: 17%, Train Perplexity: 1.1307
2018-01-31 02:55:23,296 seq2seq.trainer.supervised_trainer INFO     Progress: 17%, Train Perplexity: 1.1744
2018-01-31 02:55:55,499 seq2seq.trainer.supervised_trainer INFO     Progress: 18%, Train Perplexity: 1.1834
2018-01-31 02:56:13,520 seq2seq.trainer.supervised_trainer INFO     Finished epoch 9: Train Perplexity: 1.1459, Dev Perplexity: 1.8278, Accuracy: 0.8248, Sequence Accuracy: 0.4142
2018-01-31 02:56:13,520 seq2seq.trainer.supervised_trainer DEBUG    Epoch: 10, Step: 1080
2018-01-31 02:56:28,517 seq2seq.trainer.supervised_trainer INFO     Progress: 18%, Train Perplexity: 1.2066
2018-01-31 02:56:41,713 seq2seq.trainer.supervised_trainer INFO     Progress: 18%, Train Perplexity: 1.1317
2018-01-31 02:56:55,609 seq2seq.trainer.supervised_trainer INFO     Progress: 19%, Train Perplexity: 1.1862
2018-01-31 02:57:10,743 seq2seq.trainer.supervised_trainer INFO     Progress: 19%, Train Perplexity: 1.1312
2018-01-31 02:57:26,254 seq2seq.trainer.supervised_trainer INFO     Progress: 19%, Train Perplexity: 1.1029
2018-01-31 02:57:58,759 seq2seq.trainer.supervised_trainer INFO     Progress: 20%, Train Perplexity: 1.0905
2018-01-31 02:58:16,911 seq2seq.trainer.supervised_trainer INFO     Finished epoch 10: Train Perplexity: 1.1415, Dev Perplexity: 1.3714, Accuracy: 0.9156, Sequence Accuracy: 0.6679
2018-01-31 02:58:16,912 seq2seq.trainer.supervised_trainer DEBUG    Epoch: 11, Step: 1200
2018-01-31 02:58:31,676 seq2seq.trainer.supervised_trainer INFO     Progress: 20%, Train Perplexity: 1.2766
2018-01-31 02:58:46,486 seq2seq.trainer.supervised_trainer INFO     Progress: 20%, Train Perplexity: 1.1030
2018-01-31 02:59:01,377 seq2seq.trainer.supervised_trainer INFO     Progress: 21%, Train Perplexity: 1.1144
2018-01-31 02:59:16,189 seq2seq.trainer.supervised_trainer INFO     Progress: 21%, Train Perplexity: 1.1190
2018-01-31 02:59:29,781 seq2seq.trainer.supervised_trainer INFO     Progress: 21%, Train Perplexity: 1.2673
2018-01-31 02:59:44,378 seq2seq.trainer.supervised_trainer INFO     Progress: 22%, Train Perplexity: 1.1271
2018-01-31 03:00:02,487 seq2seq.trainer.supervised_trainer INFO     Finished epoch 11: Train Perplexity: 1.1679, Dev Perplexity: 1.1920, Accuracy: 0.9459, Sequence Accuracy: 0.7260
2018-01-31 03:00:02,488 seq2seq.trainer.supervised_trainer DEBUG    Epoch: 12, Step: 1320
2018-01-31 03:00:34,912 seq2seq.trainer.supervised_trainer INFO     Progress: 22%, Train Perplexity: 1.0748
2018-01-31 03:00:48,880 seq2seq.trainer.supervised_trainer INFO     Progress: 22%, Train Perplexity: 1.1185
2018-01-31 03:01:03,009 seq2seq.trainer.supervised_trainer INFO     Progress: 23%, Train Perplexity: 1.0865
2018-01-31 03:01:17,883 seq2seq.trainer.supervised_trainer INFO     Progress: 23%, Train Perplexity: 1.0434
2018-01-31 03:01:31,704 seq2seq.trainer.supervised_trainer INFO     Progress: 23%, Train Perplexity: 1.0277
2018-01-31 03:01:45,903 seq2seq.trainer.supervised_trainer INFO     Progress: 24%, Train Perplexity: 1.0444
2018-01-31 03:02:04,129 seq2seq.trainer.supervised_trainer INFO     Finished epoch 12: Train Perplexity: 1.0659, Dev Perplexity: 1.5127, Accuracy: 0.9105, Sequence Accuracy: 0.6482
2018-01-31 03:02:04,129 seq2seq.trainer.supervised_trainer DEBUG    Epoch: 13, Step: 1440
2018-01-31 03:02:18,928 seq2seq.trainer.supervised_trainer INFO     Progress: 24%, Train Perplexity: 1.1525
2018-01-31 03:02:51,466 seq2seq.trainer.supervised_trainer INFO     Progress: 24%, Train Perplexity: 1.1183
2018-01-31 03:03:06,612 seq2seq.trainer.supervised_trainer INFO     Progress: 25%, Train Perplexity: 1.0694
2018-01-31 03:03:20,825 seq2seq.trainer.supervised_trainer INFO     Progress: 25%, Train Perplexity: 1.0926
2018-01-31 03:03:34,464 seq2seq.trainer.supervised_trainer INFO     Progress: 25%, Train Perplexity: 1.0957
2018-01-31 03:03:48,753 seq2seq.trainer.supervised_trainer INFO     Progress: 26%, Train Perplexity: 1.0576
2018-01-31 03:04:06,856 seq2seq.trainer.supervised_trainer INFO     Finished epoch 13: Train Perplexity: 1.0977, Dev Perplexity: 1.5206, Accuracy: 0.9103, Sequence Accuracy: 0.6280
2018-01-31 03:04:06,856 seq2seq.trainer.supervised_trainer DEBUG    Epoch: 14, Step: 1560
2018-01-31 03:04:20,535 seq2seq.trainer.supervised_trainer INFO     Progress: 26%, Train Perplexity: 1.0628
2018-01-31 03:04:53,950 seq2seq.trainer.supervised_trainer INFO     Progress: 26%, Train Perplexity: 1.2587
2018-01-31 03:05:08,768 seq2seq.trainer.supervised_trainer INFO     Progress: 27%, Train Perplexity: 1.0468
2018-01-31 03:05:22,572 seq2seq.trainer.supervised_trainer INFO     Progress: 27%, Train Perplexity: 1.0441
2018-01-31 03:05:36,730 seq2seq.trainer.supervised_trainer INFO     Progress: 27%, Train Perplexity: 1.0915
2018-01-31 03:05:51,109 seq2seq.trainer.supervised_trainer INFO     Progress: 28%, Train Perplexity: 1.0269
2018-01-31 03:06:09,252 seq2seq.trainer.supervised_trainer INFO     Finished epoch 14: Train Perplexity: 1.0885, Dev Perplexity: 1.3991, Accuracy: 0.9325, Sequence Accuracy: 0.7033
2018-01-31 03:06:09,252 seq2seq.trainer.supervised_trainer DEBUG    Epoch: 15, Step: 1680
2018-01-31 03:06:23,305 seq2seq.trainer.supervised_trainer INFO     Progress: 28%, Train Perplexity: 1.0863
2018-01-31 03:06:37,658 seq2seq.trainer.supervised_trainer INFO     Progress: 28%, Train Perplexity: 1.1084
2018-01-31 03:07:10,142 seq2seq.trainer.supervised_trainer INFO     Progress: 28%, Train Perplexity: 1.0985
2018-01-31 03:07:24,148 seq2seq.trainer.supervised_trainer INFO     Progress: 29%, Train Perplexity: 1.0405
2018-01-31 03:07:39,199 seq2seq.trainer.supervised_trainer INFO     Progress: 29%, Train Perplexity: 1.0560
2018-01-31 03:07:53,640 seq2seq.trainer.supervised_trainer INFO     Progress: 30%, Train Perplexity: 1.1474
2018-01-31 03:08:11,842 seq2seq.trainer.supervised_trainer INFO     Finished epoch 15: Train Perplexity: 1.0895, Dev Perplexity: 1.5661, Accuracy: 0.9014, Sequence Accuracy: 0.5381
2018-01-31 03:08:11,843 seq2seq.trainer.supervised_trainer DEBUG    Epoch: 16, Step: 1800
2018-01-31 03:08:26,821 seq2seq.trainer.supervised_trainer INFO     Progress: 30%, Train Perplexity: 1.1060
2018-01-31 03:08:41,933 seq2seq.trainer.supervised_trainer INFO     Progress: 30%, Train Perplexity: 1.0494
2018-01-31 03:08:56,454 seq2seq.trainer.supervised_trainer INFO     Progress: 31%, Train Perplexity: 1.0714
2018-01-31 03:09:28,591 seq2seq.trainer.supervised_trainer INFO     Progress: 31%, Train Perplexity: 1.0494
2018-01-31 03:09:42,367 seq2seq.trainer.supervised_trainer INFO     Progress: 31%, Train Perplexity: 1.0788
2018-01-31 03:09:56,761 seq2seq.trainer.supervised_trainer INFO     Progress: 32%, Train Perplexity: 1.0234
2018-01-31 03:10:14,890 seq2seq.trainer.supervised_trainer INFO     Finished epoch 16: Train Perplexity: 1.0631, Dev Perplexity: 1.4105, Accuracy: 0.9305, Sequence Accuracy: 0.7082
2018-01-31 03:10:14,890 seq2seq.trainer.supervised_trainer DEBUG    Epoch: 17, Step: 1920
2018-01-31 03:10:28,545 seq2seq.trainer.supervised_trainer INFO     Progress: 32%, Train Perplexity: 1.0532
2018-01-31 03:10:43,221 seq2seq.trainer.supervised_trainer INFO     Progress: 32%, Train Perplexity: 1.0740
2018-01-31 03:10:57,887 seq2seq.trainer.supervised_trainer INFO     Progress: 33%, Train Perplexity: 1.0721
2018-01-31 03:11:30,865 seq2seq.trainer.supervised_trainer INFO     Progress: 33%, Train Perplexity: 1.0471
2018-01-31 03:11:45,834 seq2seq.trainer.supervised_trainer INFO     Progress: 33%, Train Perplexity: 1.0304
2018-01-31 03:12:00,290 seq2seq.trainer.supervised_trainer INFO     Progress: 34%, Train Perplexity: 1.0417
2018-01-31 03:12:18,452 seq2seq.trainer.supervised_trainer INFO     Finished epoch 17: Train Perplexity: 1.0531, Dev Perplexity: 1.3082, Accuracy: 0.9460, Sequence Accuracy: 0.7834
2018-01-31 03:12:18,453 seq2seq.trainer.supervised_trainer DEBUG    Epoch: 18, Step: 2040
2018-01-31 03:12:32,240 seq2seq.trainer.supervised_trainer INFO     Progress: 34%, Train Perplexity: 1.0402
2018-01-31 03:12:47,633 seq2seq.trainer.supervised_trainer INFO     Progress: 34%, Train Perplexity: 1.0574
2018-01-31 03:13:01,711 seq2seq.trainer.supervised_trainer INFO     Progress: 35%, Train Perplexity: 1.0406
2018-01-31 03:13:16,794 seq2seq.trainer.supervised_trainer INFO     Progress: 35%, Train Perplexity: 1.1190
2018-01-31 03:13:49,623 seq2seq.trainer.supervised_trainer INFO     Progress: 35%, Train Perplexity: 1.0414
2018-01-31 03:14:03,801 seq2seq.trainer.supervised_trainer INFO     Progress: 36%, Train Perplexity: 1.0493
2018-01-31 03:14:21,947 seq2seq.trainer.supervised_trainer INFO     Finished epoch 18: Train Perplexity: 1.0580, Dev Perplexity: 1.6760, Accuracy: 0.8991, Sequence Accuracy: 0.6118
2018-01-31 03:14:21,947 seq2seq.trainer.supervised_trainer DEBUG    Epoch: 19, Step: 2160
2018-01-31 03:14:37,116 seq2seq.trainer.supervised_trainer INFO     Progress: 36%, Train Perplexity: 1.0858
2018-01-31 03:14:52,360 seq2seq.trainer.supervised_trainer INFO     Progress: 36%, Train Perplexity: 1.0816
2018-01-31 03:15:06,268 seq2seq.trainer.supervised_trainer INFO     Progress: 37%, Train Perplexity: 1.0257
2018-01-31 03:15:20,728 seq2seq.trainer.supervised_trainer INFO     Progress: 37%, Train Perplexity: 1.0447
2018-01-31 03:15:35,122 seq2seq.trainer.supervised_trainer INFO     Progress: 37%, Train Perplexity: 1.0779
2018-01-31 03:16:07,342 seq2seq.trainer.supervised_trainer INFO     Progress: 38%, Train Perplexity: 1.0963
2018-01-31 03:16:25,465 seq2seq.trainer.supervised_trainer INFO     Finished epoch 19: Train Perplexity: 1.0687, Dev Perplexity: 1.4093, Accuracy: 0.9305, Sequence Accuracy: 0.6631
2018-01-31 03:16:25,465 seq2seq.trainer.supervised_trainer DEBUG    Epoch: 20, Step: 2280
2018-01-31 03:16:39,509 seq2seq.trainer.supervised_trainer INFO     Progress: 38%, Train Perplexity: 1.0472
2018-01-31 03:16:54,252 seq2seq.trainer.supervised_trainer INFO     Progress: 38%, Train Perplexity: 1.0465
2018-01-31 03:17:09,380 seq2seq.trainer.supervised_trainer INFO     Progress: 39%, Train Perplexity: 1.0670
2018-01-31 03:17:24,544 seq2seq.trainer.supervised_trainer INFO     Progress: 39%, Train Perplexity: 1.0498
2018-01-31 03:17:38,652 seq2seq.trainer.supervised_trainer INFO     Progress: 39%, Train Perplexity: 1.0198
2018-01-31 03:18:11,066 seq2seq.trainer.supervised_trainer INFO     Progress: 40%, Train Perplexity: 1.0494
2018-01-31 03:18:29,263 seq2seq.trainer.supervised_trainer INFO     Finished epoch 20: Train Perplexity: 1.0466, Dev Perplexity: 1.4383, Accuracy: 0.9264, Sequence Accuracy: 0.7205
2018-01-31 03:18:29,263 seq2seq.trainer.supervised_trainer DEBUG    Epoch: 21, Step: 2400
2018-01-31 03:18:44,074 seq2seq.trainer.supervised_trainer INFO     Progress: 40%, Train Perplexity: 1.0275
2018-01-31 03:18:59,535 seq2seq.trainer.supervised_trainer INFO     Progress: 40%, Train Perplexity: 1.0647
2018-01-31 03:19:13,917 seq2seq.trainer.supervised_trainer INFO     Progress: 41%, Train Perplexity: 1.0580
2018-01-31 03:19:27,845 seq2seq.trainer.supervised_trainer INFO     Progress: 41%, Train Perplexity: 1.0526
2018-01-31 03:19:42,153 seq2seq.trainer.supervised_trainer INFO     Progress: 41%, Train Perplexity: 1.0462
2018-01-31 03:19:56,799 seq2seq.trainer.supervised_trainer INFO     Progress: 42%, Train Perplexity: 1.0562
2018-01-31 03:20:14,966 seq2seq.trainer.supervised_trainer INFO     Finished epoch 21: Train Perplexity: 1.0509, Dev Perplexity: 1.3290, Accuracy: 0.9375, Sequence Accuracy: 0.7171
2018-01-31 03:20:14,966 seq2seq.trainer.supervised_trainer DEBUG    Epoch: 22, Step: 2520
2018-01-31 03:20:48,169 seq2seq.trainer.supervised_trainer INFO     Progress: 42%, Train Perplexity: 1.0302
2018-01-31 03:21:02,461 seq2seq.trainer.supervised_trainer INFO     Progress: 42%, Train Perplexity: 1.0252
2018-01-31 03:21:16,417 seq2seq.trainer.supervised_trainer INFO     Progress: 43%, Train Perplexity: 1.0237
2018-01-31 03:21:30,188 seq2seq.trainer.supervised_trainer INFO     Progress: 43%, Train Perplexity: 1.0259
2018-01-31 03:21:44,846 seq2seq.trainer.supervised_trainer INFO     Progress: 43%, Train Perplexity: 1.0196
2018-01-31 03:21:59,188 seq2seq.trainer.supervised_trainer INFO     Progress: 44%, Train Perplexity: 1.0236
2018-01-31 03:22:17,328 seq2seq.trainer.supervised_trainer INFO     Finished epoch 22: Train Perplexity: 1.0247, Dev Perplexity: 1.2935, Accuracy: 0.9606, Sequence Accuracy: 0.7908
2018-01-31 03:22:17,328 seq2seq.trainer.supervised_trainer DEBUG    Epoch: 23, Step: 2640
2018-01-31 03:22:31,754 seq2seq.trainer.supervised_trainer INFO     Progress: 44%, Train Perplexity: 1.0266
2018-01-31 03:23:04,399 seq2seq.trainer.supervised_trainer INFO     Progress: 44%, Train Perplexity: 1.0203
2018-01-31 03:23:18,963 seq2seq.trainer.supervised_trainer INFO     Progress: 45%, Train Perplexity: 1.1177
2018-01-31 03:23:32,551 seq2seq.trainer.supervised_trainer INFO     Progress: 45%, Train Perplexity: 1.0254
2018-01-31 03:23:46,801 seq2seq.trainer.supervised_trainer INFO     Progress: 45%, Train Perplexity: 1.0473
2018-01-31 03:24:01,124 seq2seq.trainer.supervised_trainer INFO     Progress: 46%, Train Perplexity: 1.0402
2018-01-31 03:24:19,347 seq2seq.trainer.supervised_trainer INFO     Finished epoch 23: Train Perplexity: 1.0463, Dev Perplexity: 1.4924, Accuracy: 0.9311, Sequence Accuracy: 0.6946
2018-01-31 03:24:19,347 seq2seq.trainer.supervised_trainer DEBUG    Epoch: 24, Step: 2760
2018-01-31 03:24:33,473 seq2seq.trainer.supervised_trainer INFO     Progress: 46%, Train Perplexity: 1.0594
2018-01-31 03:25:06,471 seq2seq.trainer.supervised_trainer INFO     Progress: 46%, Train Perplexity: 1.0279
2018-01-31 03:25:20,812 seq2seq.trainer.supervised_trainer INFO     Progress: 47%, Train Perplexity: 1.0250
2018-01-31 03:25:35,902 seq2seq.trainer.supervised_trainer INFO     Progress: 47%, Train Perplexity: 1.0194
2018-01-31 03:25:49,124 seq2seq.trainer.supervised_trainer INFO     Progress: 47%, Train Perplexity: 1.0034
2018-01-31 03:26:03,417 seq2seq.trainer.supervised_trainer INFO     Progress: 48%, Train Perplexity: 1.0448
2018-01-31 03:26:21,626 seq2seq.trainer.supervised_trainer INFO     Finished epoch 24: Train Perplexity: 1.0300, Dev Perplexity: 1.4507, Accuracy: 0.9341, Sequence Accuracy: 0.6742
2018-01-31 03:26:21,627 seq2seq.trainer.supervised_trainer DEBUG    Epoch: 25, Step: 2880
2018-01-31 03:26:36,005 seq2seq.trainer.supervised_trainer INFO     Progress: 48%, Train Perplexity: 1.0443
2018-01-31 03:26:51,130 seq2seq.trainer.supervised_trainer INFO     Progress: 48%, Train Perplexity: 1.0206
2018-01-31 03:27:23,699 seq2seq.trainer.supervised_trainer INFO     Progress: 49%, Train Perplexity: 1.0451
2018-01-31 03:27:38,395 seq2seq.trainer.supervised_trainer INFO     Progress: 49%, Train Perplexity: 1.0584
2018-01-31 03:27:51,873 seq2seq.trainer.supervised_trainer INFO     Progress: 49%, Train Perplexity: 1.0389
2018-01-31 03:28:06,056 seq2seq.trainer.supervised_trainer INFO     Progress: 50%, Train Perplexity: 1.0288
2018-01-31 03:28:24,418 seq2seq.trainer.supervised_trainer INFO     Finished epoch 25: Train Perplexity: 1.0394, Dev Perplexity: 1.3664, Accuracy: 0.9438, Sequence Accuracy: 0.7380
2018-01-31 03:28:24,418 seq2seq.trainer.supervised_trainer DEBUG    Epoch: 26, Step: 3000
2018-01-31 03:28:39,070 seq2seq.trainer.supervised_trainer INFO     Progress: 50%, Train Perplexity: 1.0357
2018-01-31 03:28:53,267 seq2seq.trainer.supervised_trainer INFO     Progress: 50%, Train Perplexity: 1.0175
2018-01-31 03:29:26,221 seq2seq.trainer.supervised_trainer INFO     Progress: 51%, Train Perplexity: 1.0163
2018-01-31 03:29:40,946 seq2seq.trainer.supervised_trainer INFO     Progress: 51%, Train Perplexity: 1.0357
2018-01-31 03:29:55,494 seq2seq.trainer.supervised_trainer INFO     Progress: 51%, Train Perplexity: 1.0404
2018-01-31 03:30:09,487 seq2seq.trainer.supervised_trainer INFO     Progress: 52%, Train Perplexity: 1.0225
2018-01-31 03:30:27,758 seq2seq.trainer.supervised_trainer INFO     Finished epoch 26: Train Perplexity: 1.0280, Dev Perplexity: 1.4199, Accuracy: 0.9452, Sequence Accuracy: 0.7328
2018-01-31 03:30:27,758 seq2seq.trainer.supervised_trainer DEBUG    Epoch: 27, Step: 3120
2018-01-31 03:30:42,559 seq2seq.trainer.supervised_trainer INFO     Progress: 52%, Train Perplexity: 1.0402
2018-01-31 03:30:56,592 seq2seq.trainer.supervised_trainer INFO     Progress: 52%, Train Perplexity: 1.0298
2018-01-31 03:31:11,317 seq2seq.trainer.supervised_trainer INFO     Progress: 53%, Train Perplexity: 1.0258
2018-01-31 03:31:44,747 seq2seq.trainer.supervised_trainer INFO     Progress: 53%, Train Perplexity: 1.0126
2018-01-31 03:31:58,670 seq2seq.trainer.supervised_trainer INFO     Progress: 53%, Train Perplexity: 1.0101
2018-01-31 03:32:12,853 seq2seq.trainer.supervised_trainer INFO     Progress: 54%, Train Perplexity: 1.0160
2018-01-31 03:32:31,151 seq2seq.trainer.supervised_trainer INFO     Finished epoch 27: Train Perplexity: 1.0224, Dev Perplexity: 1.3234, Accuracy: 0.9576, Sequence Accuracy: 0.7983
2018-01-31 03:32:31,151 seq2seq.trainer.supervised_trainer DEBUG    Epoch: 28, Step: 3240
2018-01-31 03:32:46,078 seq2seq.trainer.supervised_trainer INFO     Progress: 54%, Train Perplexity: 1.0295
2018-01-31 03:33:00,462 seq2seq.trainer.supervised_trainer INFO     Progress: 54%, Train Perplexity: 1.0285
2018-01-31 03:33:15,146 seq2seq.trainer.supervised_trainer INFO     Progress: 55%, Train Perplexity: 1.0223
2018-01-31 03:33:29,427 seq2seq.trainer.supervised_trainer INFO     Progress: 55%, Train Perplexity: 1.0121
2018-01-31 03:34:01,962 seq2seq.trainer.supervised_trainer INFO     Progress: 55%, Train Perplexity: 1.0184
2018-01-31 03:34:16,058 seq2seq.trainer.supervised_trainer INFO     Progress: 56%, Train Perplexity: 1.0156
2018-01-31 03:34:34,204 seq2seq.trainer.supervised_trainer INFO     Finished epoch 28: Train Perplexity: 1.0211, Dev Perplexity: 1.7862, Accuracy: 0.9108, Sequence Accuracy: 0.6204
2018-01-31 03:34:34,204 seq2seq.trainer.supervised_trainer DEBUG    Epoch: 29, Step: 3360
2018-01-31 03:34:49,841 seq2seq.trainer.supervised_trainer INFO     Progress: 56%, Train Perplexity: 1.0551
2018-01-31 03:35:03,670 seq2seq.trainer.supervised_trainer INFO     Progress: 56%, Train Perplexity: 1.0305
2018-01-31 03:35:18,786 seq2seq.trainer.supervised_trainer INFO     Progress: 56%, Train Perplexity: 1.0332
2018-01-31 03:35:33,725 seq2seq.trainer.supervised_trainer INFO     Progress: 57%, Train Perplexity: 1.0263
2018-01-31 03:36:05,631 seq2seq.trainer.supervised_trainer INFO     Progress: 57%, Train Perplexity: 1.0149
2018-01-31 03:36:19,782 seq2seq.trainer.supervised_trainer INFO     Progress: 57%, Train Perplexity: 1.0075
2018-01-31 03:36:37,946 seq2seq.trainer.supervised_trainer INFO     Finished epoch 29: Train Perplexity: 1.0279, Dev Perplexity: 1.3056, Accuracy: 0.9570, Sequence Accuracy: 0.7961
2018-01-31 03:36:37,946 seq2seq.trainer.supervised_trainer DEBUG    Epoch: 30, Step: 3480
2018-01-31 03:36:51,631 seq2seq.trainer.supervised_trainer INFO     Progress: 58%, Train Perplexity: 1.0135
2018-01-31 03:37:06,430 seq2seq.trainer.supervised_trainer INFO     Progress: 58%, Train Perplexity: 1.0338
2018-01-31 03:37:21,196 seq2seq.trainer.supervised_trainer INFO     Progress: 59%, Train Perplexity: 1.0283
2018-01-31 03:37:35,433 seq2seq.trainer.supervised_trainer INFO     Progress: 59%, Train Perplexity: 1.0135
2018-01-31 03:37:51,076 seq2seq.trainer.supervised_trainer INFO     Progress: 59%, Train Perplexity: 1.0264
2018-01-31 03:38:23,761 seq2seq.trainer.supervised_trainer INFO     Progress: 60%, Train Perplexity: 1.0186
2018-01-31 03:38:42,096 seq2seq.trainer.supervised_trainer INFO     Finished epoch 30: Train Perplexity: 1.0223, Dev Perplexity: 1.4426, Accuracy: 0.9372, Sequence Accuracy: 0.7427
2018-01-31 03:38:42,096 seq2seq.trainer.supervised_trainer DEBUG    Epoch: 31, Step: 3600
2018-01-31 03:38:56,536 seq2seq.trainer.supervised_trainer INFO     Progress: 60%, Train Perplexity: 1.0467
2018-01-31 03:39:11,420 seq2seq.trainer.supervised_trainer INFO     Progress: 60%, Train Perplexity: 1.0521
2018-01-31 03:39:26,315 seq2seq.trainer.supervised_trainer INFO     Progress: 61%, Train Perplexity: 1.0103
2018-01-31 03:39:41,014 seq2seq.trainer.supervised_trainer INFO     Progress: 61%, Train Perplexity: 1.0195
2018-01-31 03:39:55,279 seq2seq.trainer.supervised_trainer INFO     Progress: 61%, Train Perplexity: 1.0104
2018-01-31 03:40:09,853 seq2seq.trainer.supervised_trainer INFO     Progress: 62%, Train Perplexity: 1.0309
2018-01-31 03:40:28,098 seq2seq.trainer.supervised_trainer INFO     Finished epoch 31: Train Perplexity: 1.0283, Dev Perplexity: 1.3030, Accuracy: 0.9469, Sequence Accuracy: 0.8326
2018-01-31 03:40:28,098 seq2seq.trainer.supervised_trainer DEBUG    Epoch: 32, Step: 3720
2018-01-31 03:41:01,078 seq2seq.trainer.supervised_trainer INFO     Progress: 62%, Train Perplexity: 1.0151
2018-01-31 03:41:15,835 seq2seq.trainer.supervised_trainer INFO     Progress: 62%, Train Perplexity: 1.0096
2018-01-31 03:41:30,390 seq2seq.trainer.supervised_trainer INFO     Progress: 63%, Train Perplexity: 1.0170
2018-01-31 03:41:43,968 seq2seq.trainer.supervised_trainer INFO     Progress: 63%, Train Perplexity: 1.0100
2018-01-31 03:41:58,120 seq2seq.trainer.supervised_trainer INFO     Progress: 63%, Train Perplexity: 1.0030
2018-01-31 03:42:12,462 seq2seq.trainer.supervised_trainer INFO     Progress: 64%, Train Perplexity: 1.0047
2018-01-31 03:42:30,699 seq2seq.trainer.supervised_trainer INFO     Finished epoch 32: Train Perplexity: 1.0099, Dev Perplexity: 1.4640, Accuracy: 0.9539, Sequence Accuracy: 0.7779
2018-01-31 03:42:30,700 seq2seq.trainer.supervised_trainer DEBUG    Epoch: 33, Step: 3840
2018-01-31 03:43:03,730 seq2seq.trainer.supervised_trainer INFO     Progress: 64%, Train Perplexity: 1.0162
2018-01-31 03:43:16,337 seq2seq.trainer.supervised_trainer INFO     Progress: 64%, Train Perplexity: 1.0075
2018-01-31 03:43:31,319 seq2seq.trainer.supervised_trainer INFO     Progress: 65%, Train Perplexity: 1.0050
2018-01-31 03:43:46,135 seq2seq.trainer.supervised_trainer INFO     Progress: 65%, Train Perplexity: 1.0440
2018-01-31 03:44:00,674 seq2seq.trainer.supervised_trainer INFO     Progress: 65%, Train Perplexity: 1.0384
2018-01-31 03:44:14,632 seq2seq.trainer.supervised_trainer INFO     Progress: 66%, Train Perplexity: 1.0070
2018-01-31 03:44:32,995 seq2seq.trainer.supervised_trainer INFO     Finished epoch 33: Train Perplexity: 1.0197, Dev Perplexity: 1.3852, Accuracy: 0.9571, Sequence Accuracy: 0.8283
2018-01-31 03:44:32,995 seq2seq.trainer.supervised_trainer DEBUG    Epoch: 34, Step: 3960
2018-01-31 03:44:47,522 seq2seq.trainer.supervised_trainer INFO     Progress: 66%, Train Perplexity: 1.0077
2018-01-31 03:45:19,689 seq2seq.trainer.supervised_trainer INFO     Progress: 66%, Train Perplexity: 1.0087
2018-01-31 03:45:33,793 seq2seq.trainer.supervised_trainer INFO     Progress: 67%, Train Perplexity: 1.0028
2018-01-31 03:45:48,665 seq2seq.trainer.supervised_trainer INFO     Progress: 67%, Train Perplexity: 1.0059
2018-01-31 03:46:03,050 seq2seq.trainer.supervised_trainer INFO     Progress: 67%, Train Perplexity: 1.0125
2018-01-31 03:46:17,313 seq2seq.trainer.supervised_trainer INFO     Progress: 68%, Train Perplexity: 1.0089
2018-01-31 03:46:35,504 seq2seq.trainer.supervised_trainer INFO     Finished epoch 34: Train Perplexity: 1.0078, Dev Perplexity: 1.5110, Accuracy: 0.9484, Sequence Accuracy: 0.7977
2018-01-31 03:46:35,505 seq2seq.trainer.supervised_trainer DEBUG    Epoch: 35, Step: 4080
2018-01-31 03:46:53,508 seq2seq.trainer.supervised_trainer INFO     Progress: 68%, Train Perplexity: 1.0448
2018-01-31 03:47:08,200 seq2seq.trainer.supervised_trainer INFO     Progress: 68%, Train Perplexity: 1.0132
2018-01-31 03:47:40,033 seq2seq.trainer.supervised_trainer INFO     Progress: 69%, Train Perplexity: 1.0096
2018-01-31 03:47:54,492 seq2seq.trainer.supervised_trainer INFO     Progress: 69%, Train Perplexity: 1.0041
2018-01-31 03:48:08,519 seq2seq.trainer.supervised_trainer INFO     Progress: 69%, Train Perplexity: 1.0010
2018-01-31 03:48:23,240 seq2seq.trainer.supervised_trainer INFO     Progress: 70%, Train Perplexity: 1.0107
2018-01-31 03:48:41,435 seq2seq.trainer.supervised_trainer INFO     Finished epoch 35: Train Perplexity: 1.0139, Dev Perplexity: 1.5949, Accuracy: 0.9401, Sequence Accuracy: 0.7738
2018-01-31 03:48:41,435 seq2seq.trainer.supervised_trainer DEBUG    Epoch: 36, Step: 4200
2018-01-31 03:48:56,306 seq2seq.trainer.supervised_trainer INFO     Progress: 70%, Train Perplexity: 1.0466
2018-01-31 03:49:09,841 seq2seq.trainer.supervised_trainer INFO     Progress: 70%, Train Perplexity: 1.0530
2018-01-31 03:49:43,047 seq2seq.trainer.supervised_trainer INFO     Progress: 71%, Train Perplexity: 1.0197
2018-01-31 03:49:57,858 seq2seq.trainer.supervised_trainer INFO     Progress: 71%, Train Perplexity: 1.0038
2018-01-31 03:50:11,863 seq2seq.trainer.supervised_trainer INFO     Progress: 71%, Train Perplexity: 1.0250
2018-01-31 03:50:26,205 seq2seq.trainer.supervised_trainer INFO     Progress: 72%, Train Perplexity: 1.0049
2018-01-31 03:50:44,558 seq2seq.trainer.supervised_trainer INFO     Finished epoch 36: Train Perplexity: 1.0255, Dev Perplexity: 1.5502, Accuracy: 0.9369, Sequence Accuracy: 0.7312
2018-01-31 03:50:44,559 seq2seq.trainer.supervised_trainer DEBUG    Epoch: 37, Step: 4320
2018-01-31 03:50:59,963 seq2seq.trainer.supervised_trainer INFO     Progress: 72%, Train Perplexity: 1.0190
2018-01-31 03:51:14,116 seq2seq.trainer.supervised_trainer INFO     Progress: 72%, Train Perplexity: 1.0140
2018-01-31 03:51:28,588 seq2seq.trainer.supervised_trainer INFO     Progress: 73%, Train Perplexity: 1.0127
2018-01-31 03:52:00,713 seq2seq.trainer.supervised_trainer INFO     Progress: 73%, Train Perplexity: 1.0027
2018-01-31 03:52:14,901 seq2seq.trainer.supervised_trainer INFO     Progress: 73%, Train Perplexity: 1.0064
2018-01-31 03:52:28,765 seq2seq.trainer.supervised_trainer INFO     Progress: 74%, Train Perplexity: 1.0035
2018-01-31 03:52:47,080 seq2seq.trainer.supervised_trainer INFO     Finished epoch 37: Train Perplexity: 1.0097, Dev Perplexity: 1.3656, Accuracy: 0.9584, Sequence Accuracy: 0.8451
2018-01-31 03:52:47,081 seq2seq.trainer.supervised_trainer DEBUG    Epoch: 38, Step: 4440
2018-01-31 03:53:02,346 seq2seq.trainer.supervised_trainer INFO     Progress: 74%, Train Perplexity: 1.0111
2018-01-31 03:53:16,504 seq2seq.trainer.supervised_trainer INFO     Progress: 74%, Train Perplexity: 1.0168
2018-01-31 03:53:31,730 seq2seq.trainer.supervised_trainer INFO     Progress: 75%, Train Perplexity: 1.0070
2018-01-31 03:53:46,763 seq2seq.trainer.supervised_trainer INFO     Progress: 75%, Train Perplexity: 1.0226
2018-01-31 03:54:18,629 seq2seq.trainer.supervised_trainer INFO     Progress: 75%, Train Perplexity: 1.0108
2018-01-31 03:54:32,907 seq2seq.trainer.supervised_trainer INFO     Progress: 76%, Train Perplexity: 1.0192
2018-01-31 03:54:51,264 seq2seq.trainer.supervised_trainer INFO     Finished epoch 38: Train Perplexity: 1.0146, Dev Perplexity: 1.2912, Accuracy: 0.9570, Sequence Accuracy: 0.8255
2018-01-31 03:54:51,264 seq2seq.trainer.supervised_trainer DEBUG    Epoch: 39, Step: 4560
2018-01-31 03:55:05,545 seq2seq.trainer.supervised_trainer INFO     Progress: 76%, Train Perplexity: 1.0064
2018-01-31 03:55:20,726 seq2seq.trainer.supervised_trainer INFO     Progress: 76%, Train Perplexity: 1.0018
2018-01-31 03:55:35,292 seq2seq.trainer.supervised_trainer INFO     Progress: 77%, Train Perplexity: 1.0129
2018-01-31 03:55:49,893 seq2seq.trainer.supervised_trainer INFO     Progress: 77%, Train Perplexity: 1.0136
2018-01-31 03:56:22,608 seq2seq.trainer.supervised_trainer INFO     Progress: 77%, Train Perplexity: 1.0149
2018-01-31 03:56:36,643 seq2seq.trainer.supervised_trainer INFO     Progress: 78%, Train Perplexity: 1.0040
2018-01-31 03:56:54,960 seq2seq.trainer.supervised_trainer INFO     Finished epoch 39: Train Perplexity: 1.0089, Dev Perplexity: 1.4570, Accuracy: 0.9420, Sequence Accuracy: 0.7520
2018-01-31 03:56:54,960 seq2seq.trainer.supervised_trainer DEBUG    Epoch: 40, Step: 4680
2018-01-31 03:57:09,686 seq2seq.trainer.supervised_trainer INFO     Progress: 78%, Train Perplexity: 1.0050
2018-01-31 03:57:24,223 seq2seq.trainer.supervised_trainer INFO     Progress: 78%, Train Perplexity: 1.0066
2018-01-31 03:57:39,205 seq2seq.trainer.supervised_trainer INFO     Progress: 79%, Train Perplexity: 1.0087
2018-01-31 03:57:52,948 seq2seq.trainer.supervised_trainer INFO     Progress: 79%, Train Perplexity: 1.0020
2018-01-31 03:58:07,911 seq2seq.trainer.supervised_trainer INFO     Progress: 79%, Train Perplexity: 1.0118
2018-01-31 03:58:40,325 seq2seq.trainer.supervised_trainer INFO     Progress: 80%, Train Perplexity: 1.0149
2018-01-31 03:58:58,861 seq2seq.trainer.supervised_trainer INFO     Finished epoch 40: Train Perplexity: 1.0082, Dev Perplexity: 1.3736, Accuracy: 0.9515, Sequence Accuracy: 0.8324
2018-01-31 03:58:58,862 seq2seq.trainer.supervised_trainer DEBUG    Epoch: 41, Step: 4800
2018-01-31 03:59:13,520 seq2seq.trainer.supervised_trainer INFO     Progress: 80%, Train Perplexity: 1.0027
2018-01-31 03:59:29,133 seq2seq.trainer.supervised_trainer INFO     Progress: 80%, Train Perplexity: 1.0242
2018-01-31 03:59:41,675 seq2seq.trainer.supervised_trainer INFO     Progress: 81%, Train Perplexity: 1.0066
2018-01-31 03:59:56,648 seq2seq.trainer.supervised_trainer INFO     Progress: 81%, Train Perplexity: 1.0165
2018-01-31 04:00:11,884 seq2seq.trainer.supervised_trainer INFO     Progress: 81%, Train Perplexity: 1.0047
2018-01-31 04:00:26,657 seq2seq.trainer.supervised_trainer INFO     Progress: 82%, Train Perplexity: 1.0067
2018-01-31 04:00:45,011 seq2seq.trainer.supervised_trainer INFO     Finished epoch 41: Train Perplexity: 1.0102, Dev Perplexity: 1.5020, Accuracy: 0.9438, Sequence Accuracy: 0.8094
2018-01-31 04:00:45,011 seq2seq.trainer.supervised_trainer DEBUG    Epoch: 42, Step: 4920
2018-01-31 04:01:18,095 seq2seq.trainer.supervised_trainer INFO     Progress: 82%, Train Perplexity: 1.0124
2018-01-31 04:01:31,335 seq2seq.trainer.supervised_trainer INFO     Progress: 82%, Train Perplexity: 1.0024
2018-01-31 04:01:45,086 seq2seq.trainer.supervised_trainer INFO     Progress: 83%, Train Perplexity: 1.0047
2018-01-31 04:02:00,055 seq2seq.trainer.supervised_trainer INFO     Progress: 83%, Train Perplexity: 1.0036
2018-01-31 04:02:14,517 seq2seq.trainer.supervised_trainer INFO     Progress: 83%, Train Perplexity: 1.0038
2018-01-31 04:02:28,749 seq2seq.trainer.supervised_trainer INFO     Progress: 84%, Train Perplexity: 1.0011
2018-01-31 04:02:47,095 seq2seq.trainer.supervised_trainer INFO     Finished epoch 42: Train Perplexity: 1.0047, Dev Perplexity: 1.4966, Accuracy: 0.9464, Sequence Accuracy: 0.7902
2018-01-31 04:02:47,095 seq2seq.trainer.supervised_trainer DEBUG    Epoch: 43, Step: 5040
2018-01-31 04:03:19,901 seq2seq.trainer.supervised_trainer INFO     Progress: 84%, Train Perplexity: 1.0035
2018-01-31 04:03:34,740 seq2seq.trainer.supervised_trainer INFO     Progress: 84%, Train Perplexity: 1.0138
2018-01-31 04:03:48,595 seq2seq.trainer.supervised_trainer INFO     Progress: 85%, Train Perplexity: 1.0073
2018-01-31 04:04:02,548 seq2seq.trainer.supervised_trainer INFO     Progress: 85%, Train Perplexity: 1.0006
2018-01-31 04:04:16,868 seq2seq.trainer.supervised_trainer INFO     Progress: 85%, Train Perplexity: 1.0009
2018-01-31 04:04:31,194 seq2seq.trainer.supervised_trainer INFO     Progress: 86%, Train Perplexity: 1.0084
2018-01-31 04:04:49,434 seq2seq.trainer.supervised_trainer INFO     Finished epoch 43: Train Perplexity: 1.0057, Dev Perplexity: 1.4099, Accuracy: 0.9598, Sequence Accuracy: 0.8196
2018-01-31 04:04:49,435 seq2seq.trainer.supervised_trainer DEBUG    Epoch: 44, Step: 5160
2018-01-31 04:05:04,228 seq2seq.trainer.supervised_trainer INFO     Progress: 86%, Train Perplexity: 1.0140
2018-01-31 04:05:36,589 seq2seq.trainer.supervised_trainer INFO     Progress: 86%, Train Perplexity: 1.0075
2018-01-31 04:05:50,588 seq2seq.trainer.supervised_trainer INFO     Progress: 87%, Train Perplexity: 1.0016
2018-01-31 04:06:04,937 seq2seq.trainer.supervised_trainer INFO     Progress: 87%, Train Perplexity: 1.0034
2018-01-31 04:06:19,167 seq2seq.trainer.supervised_trainer INFO     Progress: 87%, Train Perplexity: 1.0002
2018-01-31 04:06:33,401 seq2seq.trainer.supervised_trainer INFO     Progress: 88%, Train Perplexity: 1.0039
2018-01-31 04:06:51,704 seq2seq.trainer.supervised_trainer INFO     Finished epoch 44: Train Perplexity: 1.0051, Dev Perplexity: 1.6440, Accuracy: 0.9442, Sequence Accuracy: 0.7525
2018-01-31 04:06:51,704 seq2seq.trainer.supervised_trainer DEBUG    Epoch: 45, Step: 5280
2018-01-31 04:07:06,135 seq2seq.trainer.supervised_trainer INFO     Progress: 88%, Train Perplexity: 1.0112
2018-01-31 04:07:20,320 seq2seq.trainer.supervised_trainer INFO     Progress: 88%, Train Perplexity: 1.0136
2018-01-31 04:07:52,748 seq2seq.trainer.supervised_trainer INFO     Progress: 89%, Train Perplexity: 1.0021
2018-01-31 04:08:07,344 seq2seq.trainer.supervised_trainer INFO     Progress: 89%, Train Perplexity: 1.0011
2018-01-31 04:08:21,859 seq2seq.trainer.supervised_trainer INFO     Progress: 89%, Train Perplexity: 1.0016
2018-01-31 04:08:36,079 seq2seq.trainer.supervised_trainer INFO     Progress: 90%, Train Perplexity: 1.0001
2018-01-31 04:08:54,345 seq2seq.trainer.supervised_trainer INFO     Finished epoch 45: Train Perplexity: 1.0050, Dev Perplexity: 1.4853, Accuracy: 0.9555, Sequence Accuracy: 0.8285
2018-01-31 04:08:54,345 seq2seq.trainer.supervised_trainer DEBUG    Epoch: 46, Step: 5400
2018-01-31 04:09:09,482 seq2seq.trainer.supervised_trainer INFO     Progress: 90%, Train Perplexity: 1.0035
2018-01-31 04:09:24,302 seq2seq.trainer.supervised_trainer INFO     Progress: 90%, Train Perplexity: 1.0148
2018-01-31 04:09:56,198 seq2seq.trainer.supervised_trainer INFO     Progress: 91%, Train Perplexity: 1.0082
2018-01-31 04:10:10,402 seq2seq.trainer.supervised_trainer INFO     Progress: 91%, Train Perplexity: 1.0037
2018-01-31 04:10:25,286 seq2seq.trainer.supervised_trainer INFO     Progress: 91%, Train Perplexity: 1.0015
2018-01-31 04:10:39,485 seq2seq.trainer.supervised_trainer INFO     Progress: 92%, Train Perplexity: 1.0011
2018-01-31 04:10:57,746 seq2seq.trainer.supervised_trainer INFO     Finished epoch 46: Train Perplexity: 1.0055, Dev Perplexity: 1.6402, Accuracy: 0.9481, Sequence Accuracy: 0.8083
2018-01-31 04:10:57,746 seq2seq.trainer.supervised_trainer DEBUG    Epoch: 47, Step: 5520
2018-01-31 04:11:12,861 seq2seq.trainer.supervised_trainer INFO     Progress: 92%, Train Perplexity: 1.0139
2018-01-31 04:11:27,162 seq2seq.trainer.supervised_trainer INFO     Progress: 92%, Train Perplexity: 1.0061
2018-01-31 04:11:41,743 seq2seq.trainer.supervised_trainer INFO     Progress: 93%, Train Perplexity: 1.0056
2018-01-31 04:12:14,240 seq2seq.trainer.supervised_trainer INFO     Progress: 93%, Train Perplexity: 1.0030
2018-01-31 04:12:28,390 seq2seq.trainer.supervised_trainer INFO     Progress: 93%, Train Perplexity: 1.0033
2018-01-31 04:12:42,575 seq2seq.trainer.supervised_trainer INFO     Progress: 94%, Train Perplexity: 1.0034
2018-01-31 04:13:00,906 seq2seq.trainer.supervised_trainer INFO     Finished epoch 47: Train Perplexity: 1.0059, Dev Perplexity: 1.6330, Accuracy: 0.9374, Sequence Accuracy: 0.7877
2018-01-31 04:13:00,906 seq2seq.trainer.supervised_trainer DEBUG    Epoch: 48, Step: 5640
2018-01-31 04:13:15,737 seq2seq.trainer.supervised_trainer INFO     Progress: 94%, Train Perplexity: 1.0192
2018-01-31 04:13:31,052 seq2seq.trainer.supervised_trainer INFO     Progress: 94%, Train Perplexity: 1.0100
2018-01-31 04:13:45,109 seq2seq.trainer.supervised_trainer INFO     Progress: 95%, Train Perplexity: 1.0024
2018-01-31 04:14:17,122 seq2seq.trainer.supervised_trainer INFO     Progress: 95%, Train Perplexity: 1.0039
2018-01-31 04:14:31,511 seq2seq.trainer.supervised_trainer INFO     Progress: 95%, Train Perplexity: 1.0020
2018-01-31 04:14:45,728 seq2seq.trainer.supervised_trainer INFO     Progress: 96%, Train Perplexity: 1.0038
2018-01-31 04:15:03,936 seq2seq.trainer.supervised_trainer INFO     Finished epoch 48: Train Perplexity: 1.0069, Dev Perplexity: 1.5111, Accuracy: 0.9505, Sequence Accuracy: 0.8210
2018-01-31 04:15:03,936 seq2seq.trainer.supervised_trainer DEBUG    Epoch: 49, Step: 5760
2018-01-31 04:15:18,834 seq2seq.trainer.supervised_trainer INFO     Progress: 96%, Train Perplexity: 1.0040
2018-01-31 04:15:33,288 seq2seq.trainer.supervised_trainer INFO     Progress: 96%, Train Perplexity: 1.0023
2018-01-31 04:15:47,301 seq2seq.trainer.supervised_trainer INFO     Progress: 97%, Train Perplexity: 1.0027
2018-01-31 04:16:02,271 seq2seq.trainer.supervised_trainer INFO     Progress: 97%, Train Perplexity: 1.0083
2018-01-31 04:16:35,407 seq2seq.trainer.supervised_trainer INFO     Progress: 97%, Train Perplexity: 1.0064
2018-01-31 04:16:49,878 seq2seq.trainer.supervised_trainer INFO     Progress: 98%, Train Perplexity: 1.0088
2018-01-31 04:17:08,139 seq2seq.trainer.supervised_trainer INFO     Finished epoch 49: Train Perplexity: 1.0054, Dev Perplexity: 1.5583, Accuracy: 0.9429, Sequence Accuracy: 0.7625
2018-01-31 04:17:08,139 seq2seq.trainer.supervised_trainer DEBUG    Epoch: 50, Step: 5880
2018-01-31 04:17:23,733 seq2seq.trainer.supervised_trainer INFO     Progress: 98%, Train Perplexity: 1.0586
2018-01-31 04:17:38,565 seq2seq.trainer.supervised_trainer INFO     Progress: 98%, Train Perplexity: 1.0053
2018-01-31 04:17:51,869 seq2seq.trainer.supervised_trainer INFO     Progress: 99%, Train Perplexity: 1.0061
2018-01-31 04:18:07,058 seq2seq.trainer.supervised_trainer INFO     Progress: 99%, Train Perplexity: 1.0176
2018-01-31 04:18:21,409 seq2seq.trainer.supervised_trainer INFO     Progress: 99%, Train Perplexity: 1.0089
2018-01-31 04:18:54,452 seq2seq.trainer.supervised_trainer INFO     Progress: 100%, Train Perplexity: 1.0011
2018-01-31 04:19:30,966 seq2seq.trainer.supervised_trainer INFO     Finished epoch 50: Train Perplexity: 1.0163, Dev Perplexity: 1.5198, Accuracy: 0.9444, Sequence Accuracy: 0.7411
