2018-01-31 06:01:04,907 root         INFO     Namespace(attention=True, batch_size=128, bidirectional=False, cuda_device=0, dev='data/CLEANED-SCAN/length_split/experiment2c_output_interleaved_short_to_long/tasks_test.txt', dropout_p_decoder=0.5, dropout_p_encoder=0.5, embedding_size=200, epochs=50, hidden_size=200, load_checkpoint=None, log_level='debug', lr=0.001, max_len=50, n_layers=2, optim='adam', output_dir='checkpoints_experiment_2c_5', print_every=20, resume=False, rnn_cell='lstm', save_every=133, src_vocab=50000, teacher_forcing_ratio=0.5, tgt_vocab=50000, train='data/CLEANED-SCAN/length_split/experiment2c_output_interleaved_short_to_long/tasks_train.txt')
2018-01-31 06:01:05,528 seq2seq.trainer.supervised_trainer INFO     Optimizer: <torch.optim.adam.Adam object at 0x7f1977f243d0>, Scheduler: None
2018-01-31 06:01:21,801 seq2seq.trainer.supervised_trainer DEBUG    Epoch: 1, Step: 0
2018-01-31 06:01:50,749 seq2seq.trainer.supervised_trainer INFO     Progress: 0%, Train Perplexity: 12.9821
2018-01-31 06:02:04,192 seq2seq.trainer.supervised_trainer INFO     Progress: 1%, Train Perplexity: 5.1494
2018-01-31 06:02:18,221 seq2seq.trainer.supervised_trainer INFO     Progress: 1%, Train Perplexity: 4.4886
2018-01-31 06:02:33,239 seq2seq.trainer.supervised_trainer INFO     Progress: 1%, Train Perplexity: 3.6667
2018-01-31 06:02:47,641 seq2seq.trainer.supervised_trainer INFO     Progress: 2%, Train Perplexity: 3.1571
2018-01-31 06:03:05,467 seq2seq.trainer.supervised_trainer INFO     Finished epoch 1: Train Perplexity: 4.9073, Dev Perplexity: 3.2270, Accuracy: 0.4467, Sequence Accuracy: 0.0000
2018-01-31 06:03:05,467 seq2seq.trainer.supervised_trainer DEBUG    Epoch: 2, Step: 120
2018-01-31 06:03:38,352 seq2seq.trainer.supervised_trainer INFO     Progress: 2%, Train Perplexity: 2.8647
2018-01-31 06:03:52,650 seq2seq.trainer.supervised_trainer INFO     Progress: 2%, Train Perplexity: 2.7704
2018-01-31 06:04:05,115 seq2seq.trainer.supervised_trainer INFO     Progress: 3%, Train Perplexity: 2.4724
2018-01-31 06:04:18,938 seq2seq.trainer.supervised_trainer INFO     Progress: 3%, Train Perplexity: 2.2104
2018-01-31 06:04:33,525 seq2seq.trainer.supervised_trainer INFO     Progress: 3%, Train Perplexity: 2.3120
2018-01-31 06:04:48,544 seq2seq.trainer.supervised_trainer INFO     Progress: 4%, Train Perplexity: 2.1535
2018-01-31 06:05:10,052 seq2seq.trainer.supervised_trainer INFO     Finished epoch 2: Train Perplexity: 2.4639, Dev Perplexity: 2.4927, Accuracy: 0.6575, Sequence Accuracy: 0.0175
2018-01-31 06:05:10,053 seq2seq.trainer.supervised_trainer DEBUG    Epoch: 3, Step: 240
2018-01-31 06:05:24,280 seq2seq.trainer.supervised_trainer INFO     Progress: 4%, Train Perplexity: 2.1464
2018-01-31 06:05:58,836 seq2seq.trainer.supervised_trainer INFO     Progress: 4%, Train Perplexity: 2.3214
2018-01-31 06:06:12,407 seq2seq.trainer.supervised_trainer INFO     Progress: 5%, Train Perplexity: 2.1173
2018-01-31 06:06:27,203 seq2seq.trainer.supervised_trainer INFO     Progress: 5%, Train Perplexity: 2.0089
2018-01-31 06:06:41,920 seq2seq.trainer.supervised_trainer INFO     Progress: 5%, Train Perplexity: 1.9600
2018-01-31 06:06:55,841 seq2seq.trainer.supervised_trainer INFO     Progress: 6%, Train Perplexity: 1.6674
2018-01-31 06:07:14,499 seq2seq.trainer.supervised_trainer INFO     Finished epoch 3: Train Perplexity: 2.0369, Dev Perplexity: 2.2047, Accuracy: 0.7329, Sequence Accuracy: 0.1538
2018-01-31 06:07:14,499 seq2seq.trainer.supervised_trainer DEBUG    Epoch: 4, Step: 360
2018-01-31 06:07:29,621 seq2seq.trainer.supervised_trainer INFO     Progress: 6%, Train Perplexity: 1.8268
2018-01-31 06:08:02,492 seq2seq.trainer.supervised_trainer INFO     Progress: 6%, Train Perplexity: 1.6262
2018-01-31 06:08:16,267 seq2seq.trainer.supervised_trainer INFO     Progress: 7%, Train Perplexity: 1.5073
2018-01-31 06:08:30,601 seq2seq.trainer.supervised_trainer INFO     Progress: 7%, Train Perplexity: 1.4844
2018-01-31 06:08:43,927 seq2seq.trainer.supervised_trainer INFO     Progress: 7%, Train Perplexity: 1.3150
2018-01-31 06:08:58,010 seq2seq.trainer.supervised_trainer INFO     Progress: 8%, Train Perplexity: 1.2828
2018-01-31 06:09:16,431 seq2seq.trainer.supervised_trainer INFO     Finished epoch 4: Train Perplexity: 1.5071, Dev Perplexity: 1.8331, Accuracy: 0.8250, Sequence Accuracy: 0.3591
2018-01-31 06:09:16,432 seq2seq.trainer.supervised_trainer DEBUG    Epoch: 5, Step: 480
2018-01-31 06:09:30,807 seq2seq.trainer.supervised_trainer INFO     Progress: 8%, Train Perplexity: 1.4216
2018-01-31 06:09:45,207 seq2seq.trainer.supervised_trainer INFO     Progress: 8%, Train Perplexity: 1.3814
2018-01-31 06:10:18,260 seq2seq.trainer.supervised_trainer INFO     Progress: 9%, Train Perplexity: 1.3647
2018-01-31 06:10:32,810 seq2seq.trainer.supervised_trainer INFO     Progress: 9%, Train Perplexity: 1.2414
2018-01-31 06:10:46,607 seq2seq.trainer.supervised_trainer INFO     Progress: 9%, Train Perplexity: 1.2078
2018-01-31 06:11:00,767 seq2seq.trainer.supervised_trainer INFO     Progress: 10%, Train Perplexity: 1.1634
2018-01-31 06:11:18,896 seq2seq.trainer.supervised_trainer INFO     Finished epoch 5: Train Perplexity: 1.2967, Dev Perplexity: 1.4572, Accuracy: 0.8809, Sequence Accuracy: 0.5152
2018-01-31 06:11:18,896 seq2seq.trainer.supervised_trainer DEBUG    Epoch: 6, Step: 600
2018-01-31 06:11:32,797 seq2seq.trainer.supervised_trainer INFO     Progress: 10%, Train Perplexity: 1.2479
2018-01-31 06:11:47,362 seq2seq.trainer.supervised_trainer INFO     Progress: 10%, Train Perplexity: 1.3319
2018-01-31 06:12:02,263 seq2seq.trainer.supervised_trainer INFO     Progress: 11%, Train Perplexity: 1.2576
2018-01-31 06:12:34,921 seq2seq.trainer.supervised_trainer INFO     Progress: 11%, Train Perplexity: 1.1608
2018-01-31 06:12:49,213 seq2seq.trainer.supervised_trainer INFO     Progress: 11%, Train Perplexity: 1.1419
2018-01-31 06:13:03,231 seq2seq.trainer.supervised_trainer INFO     Progress: 12%, Train Perplexity: 1.2386
2018-01-31 06:13:21,508 seq2seq.trainer.supervised_trainer INFO     Finished epoch 6: Train Perplexity: 1.2298, Dev Perplexity: 1.4785, Accuracy: 0.8861, Sequence Accuracy: 0.5000
2018-01-31 06:13:21,508 seq2seq.trainer.supervised_trainer DEBUG    Epoch: 7, Step: 720
2018-01-31 06:13:36,119 seq2seq.trainer.supervised_trainer INFO     Progress: 12%, Train Perplexity: 1.1714
2018-01-31 06:13:50,745 seq2seq.trainer.supervised_trainer INFO     Progress: 12%, Train Perplexity: 1.2315
2018-01-31 06:14:05,038 seq2seq.trainer.supervised_trainer INFO     Progress: 13%, Train Perplexity: 1.2172
2018-01-31 06:14:37,247 seq2seq.trainer.supervised_trainer INFO     Progress: 13%, Train Perplexity: 1.1864
2018-01-31 06:14:51,615 seq2seq.trainer.supervised_trainer INFO     Progress: 13%, Train Perplexity: 1.1502
2018-01-31 06:15:05,914 seq2seq.trainer.supervised_trainer INFO     Progress: 14%, Train Perplexity: 1.1699
2018-01-31 06:15:24,164 seq2seq.trainer.supervised_trainer INFO     Finished epoch 7: Train Perplexity: 1.1878, Dev Perplexity: 1.3943, Accuracy: 0.9024, Sequence Accuracy: 0.5579
2018-01-31 06:15:24,164 seq2seq.trainer.supervised_trainer DEBUG    Epoch: 8, Step: 840
2018-01-31 06:15:38,843 seq2seq.trainer.supervised_trainer INFO     Progress: 14%, Train Perplexity: 1.1850
2018-01-31 06:15:52,459 seq2seq.trainer.supervised_trainer INFO     Progress: 14%, Train Perplexity: 1.2785
2018-01-31 06:16:07,048 seq2seq.trainer.supervised_trainer INFO     Progress: 15%, Train Perplexity: 1.1401
2018-01-31 06:16:21,427 seq2seq.trainer.supervised_trainer INFO     Progress: 15%, Train Perplexity: 1.1859
2018-01-31 06:16:54,992 seq2seq.trainer.supervised_trainer INFO     Progress: 15%, Train Perplexity: 1.0987
2018-01-31 06:17:09,244 seq2seq.trainer.supervised_trainer INFO     Progress: 16%, Train Perplexity: 1.0980
2018-01-31 06:17:27,510 seq2seq.trainer.supervised_trainer INFO     Finished epoch 8: Train Perplexity: 1.1643, Dev Perplexity: 1.3617, Accuracy: 0.9159, Sequence Accuracy: 0.6377
2018-01-31 06:17:27,510 seq2seq.trainer.supervised_trainer DEBUG    Epoch: 9, Step: 960
2018-01-31 06:17:42,513 seq2seq.trainer.supervised_trainer INFO     Progress: 16%, Train Perplexity: 1.1175
2018-01-31 06:17:57,599 seq2seq.trainer.supervised_trainer INFO     Progress: 16%, Train Perplexity: 1.1546
2018-01-31 06:18:11,484 seq2seq.trainer.supervised_trainer INFO     Progress: 17%, Train Perplexity: 1.1107
2018-01-31 06:18:26,870 seq2seq.trainer.supervised_trainer INFO     Progress: 17%, Train Perplexity: 1.1786
2018-01-31 06:18:40,460 seq2seq.trainer.supervised_trainer INFO     Progress: 17%, Train Perplexity: 1.1055
2018-01-31 06:19:13,067 seq2seq.trainer.supervised_trainer INFO     Progress: 18%, Train Perplexity: 1.0558
2018-01-31 06:19:31,367 seq2seq.trainer.supervised_trainer INFO     Finished epoch 9: Train Perplexity: 1.1204, Dev Perplexity: 1.6016, Accuracy: 0.8958, Sequence Accuracy: 0.6434
2018-01-31 06:19:31,367 seq2seq.trainer.supervised_trainer DEBUG    Epoch: 10, Step: 1080
2018-01-31 06:19:45,936 seq2seq.trainer.supervised_trainer INFO     Progress: 18%, Train Perplexity: 1.1477
2018-01-31 06:20:00,866 seq2seq.trainer.supervised_trainer INFO     Progress: 18%, Train Perplexity: 1.1120
2018-01-31 06:20:15,146 seq2seq.trainer.supervised_trainer INFO     Progress: 19%, Train Perplexity: 1.1012
2018-01-31 06:20:29,708 seq2seq.trainer.supervised_trainer INFO     Progress: 19%, Train Perplexity: 1.1114
2018-01-31 06:20:44,499 seq2seq.trainer.supervised_trainer INFO     Progress: 19%, Train Perplexity: 1.0797
2018-01-31 06:21:17,158 seq2seq.trainer.supervised_trainer INFO     Progress: 20%, Train Perplexity: 1.1100
2018-01-31 06:21:35,364 seq2seq.trainer.supervised_trainer INFO     Finished epoch 10: Train Perplexity: 1.1103, Dev Perplexity: 1.4283, Accuracy: 0.9062, Sequence Accuracy: 0.6575
2018-01-31 06:21:35,365 seq2seq.trainer.supervised_trainer DEBUG    Epoch: 11, Step: 1200
2018-01-31 06:21:49,992 seq2seq.trainer.supervised_trainer INFO     Progress: 20%, Train Perplexity: 1.0988
2018-01-31 06:22:04,068 seq2seq.trainer.supervised_trainer INFO     Progress: 20%, Train Perplexity: 1.0618
2018-01-31 06:22:18,345 seq2seq.trainer.supervised_trainer INFO     Progress: 21%, Train Perplexity: 1.0506
2018-01-31 06:22:33,682 seq2seq.trainer.supervised_trainer INFO     Progress: 21%, Train Perplexity: 1.0854
2018-01-31 06:22:47,832 seq2seq.trainer.supervised_trainer INFO     Progress: 21%, Train Perplexity: 1.0957
2018-01-31 06:23:02,519 seq2seq.trainer.supervised_trainer INFO     Progress: 22%, Train Perplexity: 1.1494
2018-01-31 06:23:20,852 seq2seq.trainer.supervised_trainer INFO     Finished epoch 11: Train Perplexity: 1.0903, Dev Perplexity: 1.3084, Accuracy: 0.9194, Sequence Accuracy: 0.7289
2018-01-31 06:23:20,852 seq2seq.trainer.supervised_trainer DEBUG    Epoch: 12, Step: 1320
2018-01-31 06:23:52,854 seq2seq.trainer.supervised_trainer INFO     Progress: 22%, Train Perplexity: 1.0905
2018-01-31 06:24:06,894 seq2seq.trainer.supervised_trainer INFO     Progress: 22%, Train Perplexity: 1.0377
2018-01-31 06:24:20,951 seq2seq.trainer.supervised_trainer INFO     Progress: 23%, Train Perplexity: 1.0707
2018-01-31 06:24:35,903 seq2seq.trainer.supervised_trainer INFO     Progress: 23%, Train Perplexity: 1.0629
2018-01-31 06:24:50,085 seq2seq.trainer.supervised_trainer INFO     Progress: 23%, Train Perplexity: 1.0369
2018-01-31 06:25:04,246 seq2seq.trainer.supervised_trainer INFO     Progress: 24%, Train Perplexity: 1.2232
2018-01-31 06:25:22,607 seq2seq.trainer.supervised_trainer INFO     Finished epoch 12: Train Perplexity: 1.0870, Dev Perplexity: 1.5460, Accuracy: 0.9092, Sequence Accuracy: 0.4124
2018-01-31 06:25:22,607 seq2seq.trainer.supervised_trainer DEBUG    Epoch: 13, Step: 1440
2018-01-31 06:25:38,336 seq2seq.trainer.supervised_trainer INFO     Progress: 24%, Train Perplexity: 1.1909
2018-01-31 06:26:11,104 seq2seq.trainer.supervised_trainer INFO     Progress: 24%, Train Perplexity: 1.0409
2018-01-31 06:26:24,484 seq2seq.trainer.supervised_trainer INFO     Progress: 25%, Train Perplexity: 1.0282
2018-01-31 06:26:37,948 seq2seq.trainer.supervised_trainer INFO     Progress: 25%, Train Perplexity: 1.0302
2018-01-31 06:26:51,787 seq2seq.trainer.supervised_trainer INFO     Progress: 25%, Train Perplexity: 1.0390
2018-01-31 06:27:05,923 seq2seq.trainer.supervised_trainer INFO     Progress: 26%, Train Perplexity: 1.0610
2018-01-31 06:27:24,167 seq2seq.trainer.supervised_trainer INFO     Finished epoch 13: Train Perplexity: 1.0650, Dev Perplexity: 1.4668, Accuracy: 0.9242, Sequence Accuracy: 0.6697
2018-01-31 06:27:24,167 seq2seq.trainer.supervised_trainer DEBUG    Epoch: 14, Step: 1560
2018-01-31 06:27:38,869 seq2seq.trainer.supervised_trainer INFO     Progress: 26%, Train Perplexity: 1.1041
2018-01-31 06:28:11,206 seq2seq.trainer.supervised_trainer INFO     Progress: 26%, Train Perplexity: 1.0960
2018-01-31 06:28:25,186 seq2seq.trainer.supervised_trainer INFO     Progress: 27%, Train Perplexity: 1.0299
2018-01-31 06:28:39,246 seq2seq.trainer.supervised_trainer INFO     Progress: 27%, Train Perplexity: 1.0269
2018-01-31 06:28:54,274 seq2seq.trainer.supervised_trainer INFO     Progress: 27%, Train Perplexity: 1.0192
2018-01-31 06:29:08,410 seq2seq.trainer.supervised_trainer INFO     Progress: 28%, Train Perplexity: 1.0332
2018-01-31 06:29:26,765 seq2seq.trainer.supervised_trainer INFO     Finished epoch 14: Train Perplexity: 1.0515, Dev Perplexity: 1.5321, Accuracy: 0.9230, Sequence Accuracy: 0.7725
2018-01-31 06:29:26,765 seq2seq.trainer.supervised_trainer DEBUG    Epoch: 15, Step: 1680
2018-01-31 06:29:41,070 seq2seq.trainer.supervised_trainer INFO     Progress: 28%, Train Perplexity: 1.0765
2018-01-31 06:29:55,298 seq2seq.trainer.supervised_trainer INFO     Progress: 28%, Train Perplexity: 1.1325
2018-01-31 06:30:27,355 seq2seq.trainer.supervised_trainer INFO     Progress: 28%, Train Perplexity: 1.0770
2018-01-31 06:30:42,403 seq2seq.trainer.supervised_trainer INFO     Progress: 29%, Train Perplexity: 1.1789
2018-01-31 06:30:56,845 seq2seq.trainer.supervised_trainer INFO     Progress: 29%, Train Perplexity: 1.0523
2018-01-31 06:31:11,284 seq2seq.trainer.supervised_trainer INFO     Progress: 30%, Train Perplexity: 1.0609
2018-01-31 06:31:29,741 seq2seq.trainer.supervised_trainer INFO     Finished epoch 15: Train Perplexity: 1.0963, Dev Perplexity: 1.5443, Accuracy: 0.9051, Sequence Accuracy: 0.6871
2018-01-31 06:31:29,741 seq2seq.trainer.supervised_trainer DEBUG    Epoch: 16, Step: 1800
2018-01-31 06:31:43,666 seq2seq.trainer.supervised_trainer INFO     Progress: 30%, Train Perplexity: 1.0423
2018-01-31 06:31:57,691 seq2seq.trainer.supervised_trainer INFO     Progress: 30%, Train Perplexity: 1.0780
2018-01-31 06:32:12,978 seq2seq.trainer.supervised_trainer INFO     Progress: 31%, Train Perplexity: 1.0501
2018-01-31 06:32:46,191 seq2seq.trainer.supervised_trainer INFO     Progress: 31%, Train Perplexity: 1.0532
2018-01-31 06:33:00,422 seq2seq.trainer.supervised_trainer INFO     Progress: 31%, Train Perplexity: 1.0135
2018-01-31 06:33:14,705 seq2seq.trainer.supervised_trainer INFO     Progress: 32%, Train Perplexity: 1.0444
2018-01-31 06:33:32,931 seq2seq.trainer.supervised_trainer INFO     Finished epoch 16: Train Perplexity: 1.0469, Dev Perplexity: 1.5936, Accuracy: 0.8994, Sequence Accuracy: 0.5731
2018-01-31 06:33:32,932 seq2seq.trainer.supervised_trainer DEBUG    Epoch: 17, Step: 1920
2018-01-31 06:33:47,153 seq2seq.trainer.supervised_trainer INFO     Progress: 32%, Train Perplexity: 1.1403
2018-01-31 06:34:02,309 seq2seq.trainer.supervised_trainer INFO     Progress: 32%, Train Perplexity: 1.0629
2018-01-31 06:34:17,755 seq2seq.trainer.supervised_trainer INFO     Progress: 33%, Train Perplexity: 1.0800
2018-01-31 06:34:49,622 seq2seq.trainer.supervised_trainer INFO     Progress: 33%, Train Perplexity: 1.0718
2018-01-31 06:35:03,924 seq2seq.trainer.supervised_trainer INFO     Progress: 33%, Train Perplexity: 1.0219
2018-01-31 06:35:18,234 seq2seq.trainer.supervised_trainer INFO     Progress: 34%, Train Perplexity: 1.0193
2018-01-31 06:35:36,494 seq2seq.trainer.supervised_trainer INFO     Finished epoch 17: Train Perplexity: 1.0660, Dev Perplexity: 1.5062, Accuracy: 0.9286, Sequence Accuracy: 0.7436
2018-01-31 06:35:36,495 seq2seq.trainer.supervised_trainer DEBUG    Epoch: 18, Step: 2040
2018-01-31 06:35:51,870 seq2seq.trainer.supervised_trainer INFO     Progress: 34%, Train Perplexity: 1.0755
2018-01-31 06:36:06,010 seq2seq.trainer.supervised_trainer INFO     Progress: 34%, Train Perplexity: 1.0524
2018-01-31 06:36:20,332 seq2seq.trainer.supervised_trainer INFO     Progress: 35%, Train Perplexity: 1.0244
2018-01-31 06:36:34,279 seq2seq.trainer.supervised_trainer INFO     Progress: 35%, Train Perplexity: 1.0382
2018-01-31 06:37:07,701 seq2seq.trainer.supervised_trainer INFO     Progress: 35%, Train Perplexity: 1.0570
2018-01-31 06:37:21,927 seq2seq.trainer.supervised_trainer INFO     Progress: 36%, Train Perplexity: 1.0190
2018-01-31 06:37:40,198 seq2seq.trainer.supervised_trainer INFO     Finished epoch 18: Train Perplexity: 1.0444, Dev Perplexity: 1.5335, Accuracy: 0.9260, Sequence Accuracy: 0.7768
2018-01-31 06:37:40,198 seq2seq.trainer.supervised_trainer DEBUG    Epoch: 19, Step: 2160
2018-01-31 06:37:54,540 seq2seq.trainer.supervised_trainer INFO     Progress: 36%, Train Perplexity: 1.0372
2018-01-31 06:38:09,170 seq2seq.trainer.supervised_trainer INFO     Progress: 36%, Train Perplexity: 1.0225
2018-01-31 06:38:24,512 seq2seq.trainer.supervised_trainer INFO     Progress: 37%, Train Perplexity: 1.0260
2018-01-31 06:38:39,644 seq2seq.trainer.supervised_trainer INFO     Progress: 37%, Train Perplexity: 1.0289
2018-01-31 06:38:53,469 seq2seq.trainer.supervised_trainer INFO     Progress: 37%, Train Perplexity: 1.0405
2018-01-31 06:39:25,897 seq2seq.trainer.supervised_trainer INFO     Progress: 38%, Train Perplexity: 1.0196
2018-01-31 06:39:44,227 seq2seq.trainer.supervised_trainer INFO     Finished epoch 19: Train Perplexity: 1.0291, Dev Perplexity: 1.4119, Accuracy: 0.9341, Sequence Accuracy: 0.7902
2018-01-31 06:39:44,227 seq2seq.trainer.supervised_trainer DEBUG    Epoch: 20, Step: 2280
2018-01-31 06:39:58,395 seq2seq.trainer.supervised_trainer INFO     Progress: 38%, Train Perplexity: 1.0675
2018-01-31 06:40:12,274 seq2seq.trainer.supervised_trainer INFO     Progress: 38%, Train Perplexity: 1.0159
2018-01-31 06:40:26,554 seq2seq.trainer.supervised_trainer INFO     Progress: 39%, Train Perplexity: 1.0665
2018-01-31 06:40:41,644 seq2seq.trainer.supervised_trainer INFO     Progress: 39%, Train Perplexity: 1.0633
2018-01-31 06:40:57,507 seq2seq.trainer.supervised_trainer INFO     Progress: 39%, Train Perplexity: 1.0608
2018-01-31 06:41:30,470 seq2seq.trainer.supervised_trainer INFO     Progress: 40%, Train Perplexity: 1.0353
2018-01-31 06:41:48,894 seq2seq.trainer.supervised_trainer INFO     Finished epoch 20: Train Perplexity: 1.0516, Dev Perplexity: 1.5023, Accuracy: 0.9132, Sequence Accuracy: 0.7371
2018-01-31 06:41:48,894 seq2seq.trainer.supervised_trainer DEBUG    Epoch: 21, Step: 2400
2018-01-31 06:42:04,119 seq2seq.trainer.supervised_trainer INFO     Progress: 40%, Train Perplexity: 1.0439
2018-01-31 06:42:19,466 seq2seq.trainer.supervised_trainer INFO     Progress: 40%, Train Perplexity: 1.0692
2018-01-31 06:42:33,100 seq2seq.trainer.supervised_trainer INFO     Progress: 41%, Train Perplexity: 1.0227
2018-01-31 06:42:47,690 seq2seq.trainer.supervised_trainer INFO     Progress: 41%, Train Perplexity: 1.0266
2018-01-31 06:43:02,195 seq2seq.trainer.supervised_trainer INFO     Progress: 41%, Train Perplexity: 1.0997
2018-01-31 06:43:16,682 seq2seq.trainer.supervised_trainer INFO     Progress: 42%, Train Perplexity: 1.0574
2018-01-31 06:43:35,083 seq2seq.trainer.supervised_trainer INFO     Finished epoch 21: Train Perplexity: 1.0532, Dev Perplexity: 1.4226, Accuracy: 0.9218, Sequence Accuracy: 0.7672
2018-01-31 06:43:35,083 seq2seq.trainer.supervised_trainer DEBUG    Epoch: 22, Step: 2520
2018-01-31 06:44:15,180 seq2seq.trainer.supervised_trainer INFO     Progress: 42%, Train Perplexity: 1.0150
2018-01-31 06:44:34,998 seq2seq.trainer.supervised_trainer INFO     Progress: 42%, Train Perplexity: 1.0067
2018-01-31 06:44:55,277 seq2seq.trainer.supervised_trainer INFO     Progress: 43%, Train Perplexity: 1.0163
2018-01-31 06:45:14,369 seq2seq.trainer.supervised_trainer INFO     Progress: 43%, Train Perplexity: 1.0110
2018-01-31 06:45:32,992 seq2seq.trainer.supervised_trainer INFO     Progress: 43%, Train Perplexity: 1.0117
2018-01-31 06:45:48,573 seq2seq.trainer.supervised_trainer INFO     Progress: 44%, Train Perplexity: 1.0409
2018-01-31 06:46:08,813 seq2seq.trainer.supervised_trainer INFO     Finished epoch 22: Train Perplexity: 1.0169, Dev Perplexity: 1.5091, Accuracy: 0.9260, Sequence Accuracy: 0.7829
2018-01-31 06:46:08,814 seq2seq.trainer.supervised_trainer DEBUG    Epoch: 23, Step: 2640
2018-01-31 06:46:25,455 seq2seq.trainer.supervised_trainer INFO     Progress: 44%, Train Perplexity: 1.0182
2018-01-31 06:47:04,691 seq2seq.trainer.supervised_trainer INFO     Progress: 44%, Train Perplexity: 1.0253
2018-01-31 06:47:20,772 seq2seq.trainer.supervised_trainer INFO     Progress: 45%, Train Perplexity: 1.0439
2018-01-31 06:47:39,550 seq2seq.trainer.supervised_trainer INFO     Progress: 45%, Train Perplexity: 1.0124
2018-01-31 06:47:56,074 seq2seq.trainer.supervised_trainer INFO     Progress: 45%, Train Perplexity: 1.0125
2018-01-31 06:48:14,638 seq2seq.trainer.supervised_trainer INFO     Progress: 46%, Train Perplexity: 1.0156
2018-01-31 06:48:38,163 seq2seq.trainer.supervised_trainer INFO     Finished epoch 23: Train Perplexity: 1.0213, Dev Perplexity: 1.7099, Accuracy: 0.9174, Sequence Accuracy: 0.7825
2018-01-31 06:48:38,163 seq2seq.trainer.supervised_trainer DEBUG    Epoch: 24, Step: 2760
2018-01-31 06:48:54,659 seq2seq.trainer.supervised_trainer INFO     Progress: 46%, Train Perplexity: 1.0375
2018-01-31 06:49:28,263 seq2seq.trainer.supervised_trainer INFO     Progress: 46%, Train Perplexity: 1.0267
2018-01-31 06:49:43,071 seq2seq.trainer.supervised_trainer INFO     Progress: 47%, Train Perplexity: 1.0266
2018-01-31 06:49:57,345 seq2seq.trainer.supervised_trainer INFO     Progress: 47%, Train Perplexity: 1.0098
2018-01-31 06:50:10,457 seq2seq.trainer.supervised_trainer INFO     Progress: 47%, Train Perplexity: 1.0326
2018-01-31 06:50:24,705 seq2seq.trainer.supervised_trainer INFO     Progress: 48%, Train Perplexity: 1.0209
2018-01-31 06:50:43,107 seq2seq.trainer.supervised_trainer INFO     Finished epoch 24: Train Perplexity: 1.0257, Dev Perplexity: 1.5382, Accuracy: 0.9315, Sequence Accuracy: 0.7772
2018-01-31 06:50:43,107 seq2seq.trainer.supervised_trainer DEBUG    Epoch: 25, Step: 2880
2018-01-31 06:50:57,033 seq2seq.trainer.supervised_trainer INFO     Progress: 48%, Train Perplexity: 1.0126
2018-01-31 06:51:10,909 seq2seq.trainer.supervised_trainer INFO     Progress: 48%, Train Perplexity: 1.0218
2018-01-31 06:51:44,001 seq2seq.trainer.supervised_trainer INFO     Progress: 49%, Train Perplexity: 1.0180
2018-01-31 06:51:58,548 seq2seq.trainer.supervised_trainer INFO     Progress: 49%, Train Perplexity: 1.0133
2018-01-31 06:52:13,421 seq2seq.trainer.supervised_trainer INFO     Progress: 49%, Train Perplexity: 1.0211
2018-01-31 06:52:28,112 seq2seq.trainer.supervised_trainer INFO     Progress: 50%, Train Perplexity: 1.0095
2018-01-31 06:52:46,426 seq2seq.trainer.supervised_trainer INFO     Finished epoch 25: Train Perplexity: 1.0160, Dev Perplexity: 1.6068, Accuracy: 0.9245, Sequence Accuracy: 0.7568
2018-01-31 06:52:46,427 seq2seq.trainer.supervised_trainer DEBUG    Epoch: 26, Step: 3000
2018-01-31 06:53:01,167 seq2seq.trainer.supervised_trainer INFO     Progress: 50%, Train Perplexity: 1.0210
2018-01-31 06:53:14,923 seq2seq.trainer.supervised_trainer INFO     Progress: 50%, Train Perplexity: 1.0232
2018-01-31 06:53:47,675 seq2seq.trainer.supervised_trainer INFO     Progress: 51%, Train Perplexity: 1.0204
2018-01-31 06:54:02,575 seq2seq.trainer.supervised_trainer INFO     Progress: 51%, Train Perplexity: 1.0074
2018-01-31 06:54:17,193 seq2seq.trainer.supervised_trainer INFO     Progress: 51%, Train Perplexity: 1.0177
2018-01-31 06:54:31,788 seq2seq.trainer.supervised_trainer INFO     Progress: 52%, Train Perplexity: 1.0093
2018-01-31 06:54:50,121 seq2seq.trainer.supervised_trainer INFO     Finished epoch 26: Train Perplexity: 1.0165, Dev Perplexity: 1.3621, Accuracy: 0.9452, Sequence Accuracy: 0.8226
2018-01-31 06:54:50,121 seq2seq.trainer.supervised_trainer DEBUG    Epoch: 27, Step: 3120
2018-01-31 06:55:05,474 seq2seq.trainer.supervised_trainer INFO     Progress: 52%, Train Perplexity: 1.0442
2018-01-31 06:55:19,468 seq2seq.trainer.supervised_trainer INFO     Progress: 52%, Train Perplexity: 1.0192
2018-01-31 06:55:33,798 seq2seq.trainer.supervised_trainer INFO     Progress: 53%, Train Perplexity: 1.0167
2018-01-31 06:56:06,585 seq2seq.trainer.supervised_trainer INFO     Progress: 53%, Train Perplexity: 1.0334
2018-01-31 06:56:21,345 seq2seq.trainer.supervised_trainer INFO     Progress: 53%, Train Perplexity: 1.0214
2018-01-31 06:56:35,732 seq2seq.trainer.supervised_trainer INFO     Progress: 54%, Train Perplexity: 1.0140
2018-01-31 06:56:54,155 seq2seq.trainer.supervised_trainer INFO     Finished epoch 27: Train Perplexity: 1.0248, Dev Perplexity: 1.4883, Accuracy: 0.9367, Sequence Accuracy: 0.8163
2018-01-31 06:56:54,155 seq2seq.trainer.supervised_trainer DEBUG    Epoch: 28, Step: 3240
2018-01-31 06:57:08,592 seq2seq.trainer.supervised_trainer INFO     Progress: 54%, Train Perplexity: 1.0111
2018-01-31 06:57:23,104 seq2seq.trainer.supervised_trainer INFO     Progress: 54%, Train Perplexity: 1.0070
2018-01-31 06:57:37,742 seq2seq.trainer.supervised_trainer INFO     Progress: 55%, Train Perplexity: 1.0211
2018-01-31 06:57:52,516 seq2seq.trainer.supervised_trainer INFO     Progress: 55%, Train Perplexity: 1.0242
2018-01-31 06:58:25,700 seq2seq.trainer.supervised_trainer INFO     Progress: 55%, Train Perplexity: 1.0046
2018-01-31 06:58:39,877 seq2seq.trainer.supervised_trainer INFO     Progress: 56%, Train Perplexity: 1.0229
2018-01-31 06:58:58,303 seq2seq.trainer.supervised_trainer INFO     Finished epoch 28: Train Perplexity: 1.0151, Dev Perplexity: 1.4877, Accuracy: 0.9369, Sequence Accuracy: 0.7661
2018-01-31 06:58:58,304 seq2seq.trainer.supervised_trainer DEBUG    Epoch: 29, Step: 3360
2018-01-31 06:59:12,622 seq2seq.trainer.supervised_trainer INFO     Progress: 56%, Train Perplexity: 1.0158
2018-01-31 06:59:27,095 seq2seq.trainer.supervised_trainer INFO     Progress: 56%, Train Perplexity: 1.0109
2018-01-31 06:59:42,308 seq2seq.trainer.supervised_trainer INFO     Progress: 56%, Train Perplexity: 1.0151
2018-01-31 06:59:56,284 seq2seq.trainer.supervised_trainer INFO     Progress: 57%, Train Perplexity: 1.0230
2018-01-31 07:00:29,978 seq2seq.trainer.supervised_trainer INFO     Progress: 57%, Train Perplexity: 1.0217
2018-01-31 07:00:44,474 seq2seq.trainer.supervised_trainer INFO     Progress: 57%, Train Perplexity: 1.0039
2018-01-31 07:01:02,781 seq2seq.trainer.supervised_trainer INFO     Finished epoch 29: Train Perplexity: 1.0151, Dev Perplexity: 1.7052, Accuracy: 0.9301, Sequence Accuracy: 0.7838
2018-01-31 07:01:02,781 seq2seq.trainer.supervised_trainer DEBUG    Epoch: 30, Step: 3480
2018-01-31 07:01:17,203 seq2seq.trainer.supervised_trainer INFO     Progress: 58%, Train Perplexity: 1.0108
2018-01-31 07:01:32,503 seq2seq.trainer.supervised_trainer INFO     Progress: 58%, Train Perplexity: 1.0125
2018-01-31 07:01:47,278 seq2seq.trainer.supervised_trainer INFO     Progress: 59%, Train Perplexity: 1.0089
2018-01-31 07:02:01,976 seq2seq.trainer.supervised_trainer INFO     Progress: 59%, Train Perplexity: 1.0254
2018-01-31 07:02:15,839 seq2seq.trainer.supervised_trainer INFO     Progress: 59%, Train Perplexity: 1.0123
2018-01-31 07:02:49,211 seq2seq.trainer.supervised_trainer INFO     Progress: 60%, Train Perplexity: 1.0098
2018-01-31 07:03:07,655 seq2seq.trainer.supervised_trainer INFO     Finished epoch 30: Train Perplexity: 1.0133, Dev Perplexity: 1.5861, Accuracy: 0.9341, Sequence Accuracy: 0.7799
2018-01-31 07:03:07,655 seq2seq.trainer.supervised_trainer DEBUG    Epoch: 31, Step: 3600
2018-01-31 07:03:21,266 seq2seq.trainer.supervised_trainer INFO     Progress: 60%, Train Perplexity: 1.0086
2018-01-31 07:03:36,314 seq2seq.trainer.supervised_trainer INFO     Progress: 60%, Train Perplexity: 1.0246
2018-01-31 07:03:50,422 seq2seq.trainer.supervised_trainer INFO     Progress: 61%, Train Perplexity: 1.0055
2018-01-31 07:04:05,759 seq2seq.trainer.supervised_trainer INFO     Progress: 61%, Train Perplexity: 1.0134
2018-01-31 07:04:20,742 seq2seq.trainer.supervised_trainer INFO     Progress: 61%, Train Perplexity: 1.0090
2018-01-31 07:04:35,444 seq2seq.trainer.supervised_trainer INFO     Progress: 62%, Train Perplexity: 1.0099
2018-01-31 07:04:53,836 seq2seq.trainer.supervised_trainer INFO     Finished epoch 31: Train Perplexity: 1.0118, Dev Perplexity: 1.9167, Accuracy: 0.9181, Sequence Accuracy: 0.7597
2018-01-31 07:04:53,836 seq2seq.trainer.supervised_trainer DEBUG    Epoch: 32, Step: 3720
2018-01-31 07:05:26,973 seq2seq.trainer.supervised_trainer INFO     Progress: 62%, Train Perplexity: 1.0140
2018-01-31 07:05:41,805 seq2seq.trainer.supervised_trainer INFO     Progress: 62%, Train Perplexity: 1.0076
2018-01-31 07:05:56,172 seq2seq.trainer.supervised_trainer INFO     Progress: 63%, Train Perplexity: 1.0035
2018-01-31 07:06:09,138 seq2seq.trainer.supervised_trainer INFO     Progress: 63%, Train Perplexity: 1.0068
2018-01-31 07:06:23,071 seq2seq.trainer.supervised_trainer INFO     Progress: 63%, Train Perplexity: 1.0022
2018-01-31 07:06:37,541 seq2seq.trainer.supervised_trainer INFO     Progress: 64%, Train Perplexity: 1.0022
2018-01-31 07:06:55,917 seq2seq.trainer.supervised_trainer INFO     Finished epoch 32: Train Perplexity: 1.0060, Dev Perplexity: 2.0598, Accuracy: 0.9129, Sequence Accuracy: 0.6881
2018-01-31 07:06:55,917 seq2seq.trainer.supervised_trainer DEBUG    Epoch: 33, Step: 3840
2018-01-31 07:07:29,076 seq2seq.trainer.supervised_trainer INFO     Progress: 64%, Train Perplexity: 1.0114
2018-01-31 07:07:42,187 seq2seq.trainer.supervised_trainer INFO     Progress: 64%, Train Perplexity: 1.0305
2018-01-31 07:07:56,529 seq2seq.trainer.supervised_trainer INFO     Progress: 65%, Train Perplexity: 1.0055
2018-01-31 07:08:11,013 seq2seq.trainer.supervised_trainer INFO     Progress: 65%, Train Perplexity: 1.0131
2018-01-31 07:08:25,571 seq2seq.trainer.supervised_trainer INFO     Progress: 65%, Train Perplexity: 1.0019
2018-01-31 07:08:39,746 seq2seq.trainer.supervised_trainer INFO     Progress: 66%, Train Perplexity: 1.0005
2018-01-31 07:08:58,251 seq2seq.trainer.supervised_trainer INFO     Finished epoch 33: Train Perplexity: 1.0105, Dev Perplexity: 1.6352, Accuracy: 0.9376, Sequence Accuracy: 0.8053
2018-01-31 07:08:58,252 seq2seq.trainer.supervised_trainer DEBUG    Epoch: 34, Step: 3960
2018-01-31 07:09:12,727 seq2seq.trainer.supervised_trainer INFO     Progress: 66%, Train Perplexity: 1.0044
2018-01-31 07:09:45,135 seq2seq.trainer.supervised_trainer INFO     Progress: 66%, Train Perplexity: 1.0203
2018-01-31 07:09:59,747 seq2seq.trainer.supervised_trainer INFO     Progress: 67%, Train Perplexity: 1.0089
2018-01-31 07:10:14,933 seq2seq.trainer.supervised_trainer INFO     Progress: 67%, Train Perplexity: 1.0006
2018-01-31 07:10:28,516 seq2seq.trainer.supervised_trainer INFO     Progress: 67%, Train Perplexity: 1.0018
2018-01-31 07:10:43,166 seq2seq.trainer.supervised_trainer INFO     Progress: 68%, Train Perplexity: 1.0038
2018-01-31 07:11:01,618 seq2seq.trainer.supervised_trainer INFO     Finished epoch 34: Train Perplexity: 1.0066, Dev Perplexity: 1.5150, Accuracy: 0.9474, Sequence Accuracy: 0.8058
2018-01-31 07:11:01,618 seq2seq.trainer.supervised_trainer DEBUG    Epoch: 35, Step: 4080
2018-01-31 07:11:16,151 seq2seq.trainer.supervised_trainer INFO     Progress: 68%, Train Perplexity: 1.0135
2018-01-31 07:11:31,864 seq2seq.trainer.supervised_trainer INFO     Progress: 68%, Train Perplexity: 1.0117
2018-01-31 07:12:04,329 seq2seq.trainer.supervised_trainer INFO     Progress: 69%, Train Perplexity: 1.0013
2018-01-31 07:12:18,813 seq2seq.trainer.supervised_trainer INFO     Progress: 69%, Train Perplexity: 1.0084
2018-01-31 07:12:32,372 seq2seq.trainer.supervised_trainer INFO     Progress: 69%, Train Perplexity: 1.0153
2018-01-31 07:12:46,642 seq2seq.trainer.supervised_trainer INFO     Progress: 70%, Train Perplexity: 1.0040
2018-01-31 07:13:05,003 seq2seq.trainer.supervised_trainer INFO     Finished epoch 35: Train Perplexity: 1.0090, Dev Perplexity: 1.6577, Accuracy: 0.9350, Sequence Accuracy: 0.8013
2018-01-31 07:13:05,003 seq2seq.trainer.supervised_trainer DEBUG    Epoch: 36, Step: 4200
2018-01-31 07:13:20,650 seq2seq.trainer.supervised_trainer INFO     Progress: 70%, Train Perplexity: 1.0025
2018-01-31 07:13:35,166 seq2seq.trainer.supervised_trainer INFO     Progress: 70%, Train Perplexity: 1.0224
2018-01-31 07:14:06,516 seq2seq.trainer.supervised_trainer INFO     Progress: 71%, Train Perplexity: 1.0038
2018-01-31 07:14:21,384 seq2seq.trainer.supervised_trainer INFO     Progress: 71%, Train Perplexity: 1.0059
2018-01-31 07:14:35,628 seq2seq.trainer.supervised_trainer INFO     Progress: 71%, Train Perplexity: 1.0012
2018-01-31 07:14:49,855 seq2seq.trainer.supervised_trainer INFO     Progress: 72%, Train Perplexity: 1.0031
2018-01-31 07:15:08,238 seq2seq.trainer.supervised_trainer INFO     Finished epoch 36: Train Perplexity: 1.0065, Dev Perplexity: 1.7549, Accuracy: 0.9325, Sequence Accuracy: 0.7867
2018-01-31 07:15:08,238 seq2seq.trainer.supervised_trainer DEBUG    Epoch: 37, Step: 4320
2018-01-31 07:15:22,879 seq2seq.trainer.supervised_trainer INFO     Progress: 72%, Train Perplexity: 1.0043
2018-01-31 07:15:37,829 seq2seq.trainer.supervised_trainer INFO     Progress: 72%, Train Perplexity: 1.0098
2018-01-31 07:15:52,535 seq2seq.trainer.supervised_trainer INFO     Progress: 73%, Train Perplexity: 1.0039
2018-01-31 07:16:24,664 seq2seq.trainer.supervised_trainer INFO     Progress: 73%, Train Perplexity: 1.0038
2018-01-31 07:16:39,291 seq2seq.trainer.supervised_trainer INFO     Progress: 73%, Train Perplexity: 1.0014
2018-01-31 07:16:53,597 seq2seq.trainer.supervised_trainer INFO     Progress: 74%, Train Perplexity: 1.0064
2018-01-31 07:17:12,041 seq2seq.trainer.supervised_trainer INFO     Finished epoch 37: Train Perplexity: 1.0049, Dev Perplexity: 1.9276, Accuracy: 0.9215, Sequence Accuracy: 0.7389
2018-01-31 07:17:12,041 seq2seq.trainer.supervised_trainer DEBUG    Epoch: 38, Step: 4440
2018-01-31 07:17:27,017 seq2seq.trainer.supervised_trainer INFO     Progress: 74%, Train Perplexity: 1.0064
2018-01-31 07:17:42,223 seq2seq.trainer.supervised_trainer INFO     Progress: 74%, Train Perplexity: 1.0138
2018-01-31 07:17:57,159 seq2seq.trainer.supervised_trainer INFO     Progress: 75%, Train Perplexity: 1.0084
2018-01-31 07:18:10,183 seq2seq.trainer.supervised_trainer INFO     Progress: 75%, Train Perplexity: 1.0006
2018-01-31 07:18:43,378 seq2seq.trainer.supervised_trainer INFO     Progress: 75%, Train Perplexity: 1.0007
2018-01-31 07:18:57,213 seq2seq.trainer.supervised_trainer INFO     Progress: 76%, Train Perplexity: 1.0031
2018-01-31 07:19:15,551 seq2seq.trainer.supervised_trainer INFO     Finished epoch 38: Train Perplexity: 1.0055, Dev Perplexity: 1.6333, Accuracy: 0.9389, Sequence Accuracy: 0.7859
2018-01-31 07:19:15,551 seq2seq.trainer.supervised_trainer DEBUG    Epoch: 39, Step: 4560
2018-01-31 07:19:30,540 seq2seq.trainer.supervised_trainer INFO     Progress: 76%, Train Perplexity: 1.0071
2018-01-31 07:19:44,698 seq2seq.trainer.supervised_trainer INFO     Progress: 76%, Train Perplexity: 1.0113
2018-01-31 07:19:59,221 seq2seq.trainer.supervised_trainer INFO     Progress: 77%, Train Perplexity: 1.0179
2018-01-31 07:20:14,197 seq2seq.trainer.supervised_trainer INFO     Progress: 77%, Train Perplexity: 1.0047
2018-01-31 07:20:47,025 seq2seq.trainer.supervised_trainer INFO     Progress: 77%, Train Perplexity: 1.0014
2018-01-31 07:21:01,436 seq2seq.trainer.supervised_trainer INFO     Progress: 78%, Train Perplexity: 1.0008
2018-01-31 07:21:19,864 seq2seq.trainer.supervised_trainer INFO     Finished epoch 39: Train Perplexity: 1.0072, Dev Perplexity: 1.9401, Accuracy: 0.9269, Sequence Accuracy: 0.7777
2018-01-31 07:21:19,864 seq2seq.trainer.supervised_trainer DEBUG    Epoch: 40, Step: 4680
2018-01-31 07:21:35,019 seq2seq.trainer.supervised_trainer INFO     Progress: 78%, Train Perplexity: 1.0026
2018-01-31 07:21:49,929 seq2seq.trainer.supervised_trainer INFO     Progress: 78%, Train Perplexity: 1.0187
2018-01-31 07:22:03,097 seq2seq.trainer.supervised_trainer INFO     Progress: 79%, Train Perplexity: 1.0034
2018-01-31 07:22:17,629 seq2seq.trainer.supervised_trainer INFO     Progress: 79%, Train Perplexity: 1.0146
2018-01-31 07:22:33,004 seq2seq.trainer.supervised_trainer INFO     Progress: 79%, Train Perplexity: 1.0107
2018-01-31 07:23:05,506 seq2seq.trainer.supervised_trainer INFO     Progress: 80%, Train Perplexity: 1.0074
2018-01-31 07:23:23,840 seq2seq.trainer.supervised_trainer INFO     Finished epoch 40: Train Perplexity: 1.0096, Dev Perplexity: 1.5452, Accuracy: 0.9394, Sequence Accuracy: 0.7829
2018-01-31 07:23:23,840 seq2seq.trainer.supervised_trainer DEBUG    Epoch: 41, Step: 4800
2018-01-31 07:23:37,857 seq2seq.trainer.supervised_trainer INFO     Progress: 80%, Train Perplexity: 1.0028
2018-01-31 07:23:53,061 seq2seq.trainer.supervised_trainer INFO     Progress: 80%, Train Perplexity: 1.0191
2018-01-31 07:24:07,874 seq2seq.trainer.supervised_trainer INFO     Progress: 81%, Train Perplexity: 1.0016
2018-01-31 07:24:22,650 seq2seq.trainer.supervised_trainer INFO     Progress: 81%, Train Perplexity: 1.0007
2018-01-31 07:24:36,482 seq2seq.trainer.supervised_trainer INFO     Progress: 81%, Train Perplexity: 1.0018
2018-01-31 07:24:51,069 seq2seq.trainer.supervised_trainer INFO     Progress: 82%, Train Perplexity: 1.0009
2018-01-31 07:25:11,791 seq2seq.trainer.supervised_trainer INFO     Finished epoch 41: Train Perplexity: 1.0045, Dev Perplexity: 1.7466, Accuracy: 0.9303, Sequence Accuracy: 0.7788
2018-01-31 07:25:11,791 seq2seq.trainer.supervised_trainer DEBUG    Epoch: 42, Step: 4920
2018-01-31 07:25:49,008 seq2seq.trainer.supervised_trainer INFO     Progress: 82%, Train Perplexity: 1.0051
2018-01-31 07:26:05,062 seq2seq.trainer.supervised_trainer INFO     Progress: 82%, Train Perplexity: 1.0056
2018-01-31 07:26:21,877 seq2seq.trainer.supervised_trainer INFO     Progress: 83%, Train Perplexity: 1.0025
2018-01-31 07:26:36,489 seq2seq.trainer.supervised_trainer INFO     Progress: 83%, Train Perplexity: 1.0007
2018-01-31 07:26:50,762 seq2seq.trainer.supervised_trainer INFO     Progress: 83%, Train Perplexity: 1.0009
2018-01-31 07:27:05,222 seq2seq.trainer.supervised_trainer INFO     Progress: 84%, Train Perplexity: 1.0004
2018-01-31 07:27:23,659 seq2seq.trainer.supervised_trainer INFO     Finished epoch 42: Train Perplexity: 1.0025, Dev Perplexity: 1.5241, Accuracy: 0.9493, Sequence Accuracy: 0.8049
2018-01-31 07:27:23,659 seq2seq.trainer.supervised_trainer DEBUG    Epoch: 43, Step: 5040
2018-01-31 07:27:57,030 seq2seq.trainer.supervised_trainer INFO     Progress: 84%, Train Perplexity: 1.0120
2018-01-31 07:28:11,195 seq2seq.trainer.supervised_trainer INFO     Progress: 84%, Train Perplexity: 1.0210
2018-01-31 07:28:24,323 seq2seq.trainer.supervised_trainer INFO     Progress: 85%, Train Perplexity: 1.0008
2018-01-31 07:28:39,026 seq2seq.trainer.supervised_trainer INFO     Progress: 85%, Train Perplexity: 1.0002
2018-01-31 07:28:53,482 seq2seq.trainer.supervised_trainer INFO     Progress: 85%, Train Perplexity: 1.0005
2018-01-31 07:29:07,715 seq2seq.trainer.supervised_trainer INFO     Progress: 86%, Train Perplexity: 1.0091
2018-01-31 07:29:26,137 seq2seq.trainer.supervised_trainer INFO     Finished epoch 43: Train Perplexity: 1.0073, Dev Perplexity: 1.7763, Accuracy: 0.9341, Sequence Accuracy: 0.8097
2018-01-31 07:29:26,138 seq2seq.trainer.supervised_trainer DEBUG    Epoch: 44, Step: 5160
2018-01-31 07:29:41,027 seq2seq.trainer.supervised_trainer INFO     Progress: 86%, Train Perplexity: 1.0084
2018-01-31 07:30:13,605 seq2seq.trainer.supervised_trainer INFO     Progress: 86%, Train Perplexity: 1.0030
2018-01-31 07:30:27,525 seq2seq.trainer.supervised_trainer INFO     Progress: 87%, Train Perplexity: 1.0004
2018-01-31 07:30:42,029 seq2seq.trainer.supervised_trainer INFO     Progress: 87%, Train Perplexity: 1.0039
2018-01-31 07:30:55,627 seq2seq.trainer.supervised_trainer INFO     Progress: 87%, Train Perplexity: 1.0015
2018-01-31 07:31:09,899 seq2seq.trainer.supervised_trainer INFO     Progress: 88%, Train Perplexity: 1.0008
2018-01-31 07:31:28,388 seq2seq.trainer.supervised_trainer INFO     Finished epoch 44: Train Perplexity: 1.0030, Dev Perplexity: 1.6312, Accuracy: 0.9472, Sequence Accuracy: 0.7804
2018-01-31 07:31:28,388 seq2seq.trainer.supervised_trainer DEBUG    Epoch: 45, Step: 5280
2018-01-31 07:31:42,724 seq2seq.trainer.supervised_trainer INFO     Progress: 88%, Train Perplexity: 1.0013
2018-01-31 07:31:57,747 seq2seq.trainer.supervised_trainer INFO     Progress: 88%, Train Perplexity: 1.0016
2018-01-31 07:32:30,785 seq2seq.trainer.supervised_trainer INFO     Progress: 89%, Train Perplexity: 1.0210
2018-01-31 07:32:45,170 seq2seq.trainer.supervised_trainer INFO     Progress: 89%, Train Perplexity: 1.0013
2018-01-31 07:32:59,255 seq2seq.trainer.supervised_trainer INFO     Progress: 89%, Train Perplexity: 1.0002
2018-01-31 07:33:13,210 seq2seq.trainer.supervised_trainer INFO     Progress: 90%, Train Perplexity: 1.0005
2018-01-31 07:33:31,757 seq2seq.trainer.supervised_trainer INFO     Finished epoch 45: Train Perplexity: 1.0043, Dev Perplexity: 1.9223, Accuracy: 0.9325, Sequence Accuracy: 0.7802
2018-01-31 07:33:31,758 seq2seq.trainer.supervised_trainer DEBUG    Epoch: 46, Step: 5400
2018-01-31 07:33:46,293 seq2seq.trainer.supervised_trainer INFO     Progress: 90%, Train Perplexity: 1.0022
2018-01-31 07:34:00,713 seq2seq.trainer.supervised_trainer INFO     Progress: 90%, Train Perplexity: 1.0011
2018-01-31 07:34:33,789 seq2seq.trainer.supervised_trainer INFO     Progress: 91%, Train Perplexity: 1.0005
2018-01-31 07:34:48,931 seq2seq.trainer.supervised_trainer INFO     Progress: 91%, Train Perplexity: 1.0032
2018-01-31 07:35:03,356 seq2seq.trainer.supervised_trainer INFO     Progress: 91%, Train Perplexity: 1.0015
2018-01-31 07:35:18,251 seq2seq.trainer.supervised_trainer INFO     Progress: 92%, Train Perplexity: 1.0001
2018-01-31 07:35:37,303 seq2seq.trainer.supervised_trainer INFO     Finished epoch 46: Train Perplexity: 1.0014, Dev Perplexity: 2.1303, Accuracy: 0.9279, Sequence Accuracy: 0.7910
2018-01-31 07:35:37,303 seq2seq.trainer.supervised_trainer DEBUG    Epoch: 47, Step: 5520
2018-01-31 07:35:52,521 seq2seq.trainer.supervised_trainer INFO     Progress: 92%, Train Perplexity: 1.0090
2018-01-31 07:36:08,117 seq2seq.trainer.supervised_trainer INFO     Progress: 92%, Train Perplexity: 1.0059
2018-01-31 07:36:23,512 seq2seq.trainer.supervised_trainer INFO     Progress: 93%, Train Perplexity: 1.0114
2018-01-31 07:36:57,614 seq2seq.trainer.supervised_trainer INFO     Progress: 93%, Train Perplexity: 1.0022
2018-01-31 07:37:10,769 seq2seq.trainer.supervised_trainer INFO     Progress: 93%, Train Perplexity: 1.0020
2018-01-31 07:37:25,132 seq2seq.trainer.supervised_trainer INFO     Progress: 94%, Train Perplexity: 1.0009
2018-01-31 07:37:43,958 seq2seq.trainer.supervised_trainer INFO     Finished epoch 47: Train Perplexity: 1.0052, Dev Perplexity: 1.6100, Accuracy: 0.9447, Sequence Accuracy: 0.8149
2018-01-31 07:37:43,958 seq2seq.trainer.supervised_trainer DEBUG    Epoch: 48, Step: 5640
2018-01-31 07:37:58,683 seq2seq.trainer.supervised_trainer INFO     Progress: 94%, Train Perplexity: 1.0022
2018-01-31 07:38:13,707 seq2seq.trainer.supervised_trainer INFO     Progress: 94%, Train Perplexity: 1.0014
2018-01-31 07:38:28,434 seq2seq.trainer.supervised_trainer INFO     Progress: 95%, Train Perplexity: 1.0102
2018-01-31 07:39:01,299 seq2seq.trainer.supervised_trainer INFO     Progress: 95%, Train Perplexity: 1.0085
2018-01-31 07:39:14,888 seq2seq.trainer.supervised_trainer INFO     Progress: 95%, Train Perplexity: 1.0039
2018-01-31 07:39:29,172 seq2seq.trainer.supervised_trainer INFO     Progress: 96%, Train Perplexity: 1.0012
2018-01-31 07:39:47,539 seq2seq.trainer.supervised_trainer INFO     Finished epoch 48: Train Perplexity: 1.0046, Dev Perplexity: 1.6197, Accuracy: 0.9404, Sequence Accuracy: 0.8273
2018-01-31 07:39:47,539 seq2seq.trainer.supervised_trainer DEBUG    Epoch: 49, Step: 5760
2018-01-31 07:40:03,037 seq2seq.trainer.supervised_trainer INFO     Progress: 96%, Train Perplexity: 1.0012
2018-01-31 07:40:17,209 seq2seq.trainer.supervised_trainer INFO     Progress: 96%, Train Perplexity: 1.0025
2018-01-31 07:40:31,179 seq2seq.trainer.supervised_trainer INFO     Progress: 97%, Train Perplexity: 1.0109
2018-01-31 07:40:46,606 seq2seq.trainer.supervised_trainer INFO     Progress: 97%, Train Perplexity: 1.0314
2018-01-31 07:41:19,219 seq2seq.trainer.supervised_trainer INFO     Progress: 97%, Train Perplexity: 1.0055
2018-01-31 07:41:33,508 seq2seq.trainer.supervised_trainer INFO     Progress: 98%, Train Perplexity: 1.0225
2018-01-31 07:41:51,864 seq2seq.trainer.supervised_trainer INFO     Finished epoch 49: Train Perplexity: 1.0123, Dev Perplexity: 1.4426, Accuracy: 0.9495, Sequence Accuracy: 0.7951
2018-01-31 07:41:51,865 seq2seq.trainer.supervised_trainer DEBUG    Epoch: 50, Step: 5880
2018-01-31 07:42:06,338 seq2seq.trainer.supervised_trainer INFO     Progress: 98%, Train Perplexity: 1.0007
2018-01-31 07:42:21,196 seq2seq.trainer.supervised_trainer INFO     Progress: 98%, Train Perplexity: 1.0005
2018-01-31 07:42:35,923 seq2seq.trainer.supervised_trainer INFO     Progress: 99%, Train Perplexity: 1.0003
2018-01-31 07:42:50,739 seq2seq.trainer.supervised_trainer INFO     Progress: 99%, Train Perplexity: 1.0079
2018-01-31 07:43:04,835 seq2seq.trainer.supervised_trainer INFO     Progress: 99%, Train Perplexity: 1.0015
2018-01-31 07:43:37,647 seq2seq.trainer.supervised_trainer INFO     Progress: 100%, Train Perplexity: 1.0007
2018-01-31 07:44:14,305 seq2seq.trainer.supervised_trainer INFO     Finished epoch 50: Train Perplexity: 1.0019, Dev Perplexity: 1.6659, Accuracy: 0.9411, Sequence Accuracy: 0.7988
