2018-01-30 23:08:53,857 root         INFO     Namespace(attention=True, batch_size=128, bidirectional=False, cuda_device=0, dev='data/CLEANED-SCAN/length_split/experiment2c_output_interleaved_short_to_long/tasks_test.txt', dropout_p_decoder=0.5, dropout_p_encoder=0.5, embedding_size=200, epochs=50, hidden_size=200, load_checkpoint=None, log_level='debug', lr=0.001, max_len=50, n_layers=2, optim='adam', output_dir='checkpoints_experiment_2c_1', print_every=20, resume=False, rnn_cell='lstm', save_every=133, src_vocab=50000, teacher_forcing_ratio=0.5, tgt_vocab=50000, train='data/CLEANED-SCAN/length_split/experiment2c_output_interleaved_short_to_long/tasks_train.txt')
2018-01-30 23:08:54,537 seq2seq.trainer.supervised_trainer INFO     Optimizer: <torch.optim.adam.Adam object at 0x7fd80c98c3d0>, Scheduler: None
2018-01-30 23:09:12,482 seq2seq.trainer.supervised_trainer DEBUG    Epoch: 1, Step: 0
2018-01-30 23:09:40,844 seq2seq.trainer.supervised_trainer INFO     Progress: 0%, Train Perplexity: 13.6781
2018-01-30 23:09:55,058 seq2seq.trainer.supervised_trainer INFO     Progress: 1%, Train Perplexity: 5.1864
2018-01-30 23:10:09,128 seq2seq.trainer.supervised_trainer INFO     Progress: 1%, Train Perplexity: 4.5503
2018-01-30 23:10:24,444 seq2seq.trainer.supervised_trainer INFO     Progress: 1%, Train Perplexity: 3.6110
2018-01-30 23:10:38,833 seq2seq.trainer.supervised_trainer INFO     Progress: 2%, Train Perplexity: 3.3369
2018-01-30 23:10:56,906 seq2seq.trainer.supervised_trainer INFO     Finished epoch 1: Train Perplexity: 5.0605, Dev Perplexity: 3.3330, Accuracy: 0.4475, Sequence Accuracy: 0.0000
2018-01-30 23:10:56,906 seq2seq.trainer.supervised_trainer DEBUG    Epoch: 2, Step: 120
2018-01-30 23:11:29,366 seq2seq.trainer.supervised_trainer INFO     Progress: 2%, Train Perplexity: 3.0655
2018-01-30 23:11:43,149 seq2seq.trainer.supervised_trainer INFO     Progress: 2%, Train Perplexity: 2.8987
2018-01-30 23:11:57,785 seq2seq.trainer.supervised_trainer INFO     Progress: 3%, Train Perplexity: 2.6834
2018-01-30 23:12:12,210 seq2seq.trainer.supervised_trainer INFO     Progress: 3%, Train Perplexity: 2.3598
2018-01-30 23:12:26,120 seq2seq.trainer.supervised_trainer INFO     Progress: 3%, Train Perplexity: 2.4879
2018-01-30 23:12:40,340 seq2seq.trainer.supervised_trainer INFO     Progress: 4%, Train Perplexity: 2.3280
2018-01-30 23:12:58,978 seq2seq.trainer.supervised_trainer INFO     Finished epoch 2: Train Perplexity: 2.6372, Dev Perplexity: 2.5847, Accuracy: 0.6323, Sequence Accuracy: 0.0086
2018-01-30 23:12:58,978 seq2seq.trainer.supervised_trainer DEBUG    Epoch: 3, Step: 240
2018-01-30 23:13:13,978 seq2seq.trainer.supervised_trainer INFO     Progress: 4%, Train Perplexity: 2.3707
2018-01-30 23:13:46,794 seq2seq.trainer.supervised_trainer INFO     Progress: 4%, Train Perplexity: 2.0102
2018-01-30 23:14:00,549 seq2seq.trainer.supervised_trainer INFO     Progress: 5%, Train Perplexity: 2.0639
2018-01-30 23:14:14,285 seq2seq.trainer.supervised_trainer INFO     Progress: 5%, Train Perplexity: 1.8328
2018-01-30 23:14:28,879 seq2seq.trainer.supervised_trainer INFO     Progress: 5%, Train Perplexity: 1.6187
2018-01-30 23:14:43,088 seq2seq.trainer.supervised_trainer INFO     Progress: 6%, Train Perplexity: 1.7598
2018-01-30 23:15:01,263 seq2seq.trainer.supervised_trainer INFO     Finished epoch 3: Train Perplexity: 1.9427, Dev Perplexity: 1.9924, Accuracy: 0.7645, Sequence Accuracy: 0.2053
2018-01-30 23:15:01,263 seq2seq.trainer.supervised_trainer DEBUG    Epoch: 4, Step: 360
2018-01-30 23:15:15,613 seq2seq.trainer.supervised_trainer INFO     Progress: 6%, Train Perplexity: 1.7138
2018-01-30 23:15:48,956 seq2seq.trainer.supervised_trainer INFO     Progress: 6%, Train Perplexity: 1.5726
2018-01-30 23:16:03,051 seq2seq.trainer.supervised_trainer INFO     Progress: 7%, Train Perplexity: 1.3569
2018-01-30 23:16:17,436 seq2seq.trainer.supervised_trainer INFO     Progress: 7%, Train Perplexity: 1.3526
2018-01-30 23:16:32,125 seq2seq.trainer.supervised_trainer INFO     Progress: 7%, Train Perplexity: 1.4578
2018-01-30 23:16:46,376 seq2seq.trainer.supervised_trainer INFO     Progress: 8%, Train Perplexity: 1.3687
2018-01-30 23:17:04,899 seq2seq.trainer.supervised_trainer INFO     Finished epoch 4: Train Perplexity: 1.4704, Dev Perplexity: 1.6285, Accuracy: 0.8510, Sequence Accuracy: 0.4335
2018-01-30 23:17:04,899 seq2seq.trainer.supervised_trainer DEBUG    Epoch: 5, Step: 480
2018-01-30 23:17:19,348 seq2seq.trainer.supervised_trainer INFO     Progress: 8%, Train Perplexity: 1.3813
2018-01-30 23:17:33,209 seq2seq.trainer.supervised_trainer INFO     Progress: 8%, Train Perplexity: 1.2851
2018-01-30 23:18:07,062 seq2seq.trainer.supervised_trainer INFO     Progress: 9%, Train Perplexity: 1.3708
2018-01-30 23:18:23,071 seq2seq.trainer.supervised_trainer INFO     Progress: 9%, Train Perplexity: 1.2351
2018-01-30 23:18:37,649 seq2seq.trainer.supervised_trainer INFO     Progress: 9%, Train Perplexity: 1.1428
2018-01-30 23:18:52,041 seq2seq.trainer.supervised_trainer INFO     Progress: 10%, Train Perplexity: 1.1581
2018-01-30 23:19:10,373 seq2seq.trainer.supervised_trainer INFO     Finished epoch 5: Train Perplexity: 1.2622, Dev Perplexity: 1.4608, Accuracy: 0.8973, Sequence Accuracy: 0.5299
2018-01-30 23:19:10,373 seq2seq.trainer.supervised_trainer DEBUG    Epoch: 6, Step: 600
2018-01-30 23:19:24,580 seq2seq.trainer.supervised_trainer INFO     Progress: 10%, Train Perplexity: 1.2405
2018-01-30 23:19:39,671 seq2seq.trainer.supervised_trainer INFO     Progress: 10%, Train Perplexity: 1.2298
2018-01-30 23:19:54,303 seq2seq.trainer.supervised_trainer INFO     Progress: 11%, Train Perplexity: 1.2301
2018-01-30 23:20:34,422 seq2seq.trainer.supervised_trainer INFO     Progress: 11%, Train Perplexity: 1.1410
2018-01-30 23:20:49,835 seq2seq.trainer.supervised_trainer INFO     Progress: 11%, Train Perplexity: 1.1095
2018-01-30 23:21:05,926 seq2seq.trainer.supervised_trainer INFO     Progress: 12%, Train Perplexity: 1.1323
2018-01-30 23:21:25,749 seq2seq.trainer.supervised_trainer INFO     Finished epoch 6: Train Perplexity: 1.1805, Dev Perplexity: 1.4454, Accuracy: 0.8989, Sequence Accuracy: 0.3705
2018-01-30 23:21:25,749 seq2seq.trainer.supervised_trainer DEBUG    Epoch: 7, Step: 720
2018-01-30 23:21:41,619 seq2seq.trainer.supervised_trainer INFO     Progress: 12%, Train Perplexity: 1.2204
2018-01-30 23:21:55,831 seq2seq.trainer.supervised_trainer INFO     Progress: 12%, Train Perplexity: 1.1781
2018-01-30 23:22:10,393 seq2seq.trainer.supervised_trainer INFO     Progress: 13%, Train Perplexity: 1.1700
2018-01-30 23:22:42,827 seq2seq.trainer.supervised_trainer INFO     Progress: 13%, Train Perplexity: 1.1293
2018-01-30 23:22:56,880 seq2seq.trainer.supervised_trainer INFO     Progress: 13%, Train Perplexity: 1.0701
2018-01-30 23:23:11,160 seq2seq.trainer.supervised_trainer INFO     Progress: 14%, Train Perplexity: 1.1027
2018-01-30 23:23:29,660 seq2seq.trainer.supervised_trainer INFO     Finished epoch 7: Train Perplexity: 1.1451, Dev Perplexity: 1.4618, Accuracy: 0.9109, Sequence Accuracy: 0.5569
2018-01-30 23:23:29,661 seq2seq.trainer.supervised_trainer DEBUG    Epoch: 8, Step: 840
2018-01-30 23:23:44,666 seq2seq.trainer.supervised_trainer INFO     Progress: 14%, Train Perplexity: 1.1188
2018-01-30 23:23:59,355 seq2seq.trainer.supervised_trainer INFO     Progress: 14%, Train Perplexity: 1.1566
2018-01-30 23:24:14,292 seq2seq.trainer.supervised_trainer INFO     Progress: 15%, Train Perplexity: 1.1753
2018-01-30 23:24:27,823 seq2seq.trainer.supervised_trainer INFO     Progress: 15%, Train Perplexity: 1.1504
2018-01-30 23:25:01,705 seq2seq.trainer.supervised_trainer INFO     Progress: 15%, Train Perplexity: 1.1776
2018-01-30 23:25:15,882 seq2seq.trainer.supervised_trainer INFO     Progress: 16%, Train Perplexity: 1.1886
2018-01-30 23:25:34,307 seq2seq.trainer.supervised_trainer INFO     Finished epoch 8: Train Perplexity: 1.1612, Dev Perplexity: 1.2637, Accuracy: 0.9290, Sequence Accuracy: 0.6293
2018-01-30 23:25:34,307 seq2seq.trainer.supervised_trainer DEBUG    Epoch: 9, Step: 960
2018-01-30 23:25:47,500 seq2seq.trainer.supervised_trainer INFO     Progress: 16%, Train Perplexity: 1.1062
2018-01-30 23:26:03,286 seq2seq.trainer.supervised_trainer INFO     Progress: 16%, Train Perplexity: 1.1364
2018-01-30 23:26:17,920 seq2seq.trainer.supervised_trainer INFO     Progress: 17%, Train Perplexity: 1.2316
2018-01-30 23:26:33,086 seq2seq.trainer.supervised_trainer INFO     Progress: 17%, Train Perplexity: 1.1296
2018-01-30 23:26:48,038 seq2seq.trainer.supervised_trainer INFO     Progress: 17%, Train Perplexity: 1.1478
2018-01-30 23:27:20,726 seq2seq.trainer.supervised_trainer INFO     Progress: 18%, Train Perplexity: 1.1430
2018-01-30 23:27:39,032 seq2seq.trainer.supervised_trainer INFO     Finished epoch 9: Train Perplexity: 1.1491, Dev Perplexity: 1.3304, Accuracy: 0.9146, Sequence Accuracy: 0.3700
2018-01-30 23:27:39,032 seq2seq.trainer.supervised_trainer DEBUG    Epoch: 10, Step: 1080
2018-01-30 23:27:53,874 seq2seq.trainer.supervised_trainer INFO     Progress: 18%, Train Perplexity: 1.1523
2018-01-30 23:28:08,650 seq2seq.trainer.supervised_trainer INFO     Progress: 18%, Train Perplexity: 1.1414
2018-01-30 23:28:23,074 seq2seq.trainer.supervised_trainer INFO     Progress: 19%, Train Perplexity: 1.1373
2018-01-30 23:28:38,557 seq2seq.trainer.supervised_trainer INFO     Progress: 19%, Train Perplexity: 1.1125
2018-01-30 23:28:52,723 seq2seq.trainer.supervised_trainer INFO     Progress: 19%, Train Perplexity: 1.1224
2018-01-30 23:29:25,879 seq2seq.trainer.supervised_trainer INFO     Progress: 20%, Train Perplexity: 1.0970
2018-01-30 23:29:44,337 seq2seq.trainer.supervised_trainer INFO     Finished epoch 10: Train Perplexity: 1.1272, Dev Perplexity: 1.4011, Accuracy: 0.9060, Sequence Accuracy: 0.6286
2018-01-30 23:29:44,337 seq2seq.trainer.supervised_trainer DEBUG    Epoch: 11, Step: 1200
2018-01-30 23:30:00,177 seq2seq.trainer.supervised_trainer INFO     Progress: 20%, Train Perplexity: 1.1301
2018-01-30 23:30:15,136 seq2seq.trainer.supervised_trainer INFO     Progress: 20%, Train Perplexity: 1.1200
2018-01-30 23:30:29,815 seq2seq.trainer.supervised_trainer INFO     Progress: 21%, Train Perplexity: 1.0693
2018-01-30 23:30:46,139 seq2seq.trainer.supervised_trainer INFO     Progress: 21%, Train Perplexity: 1.1706
2018-01-30 23:31:01,296 seq2seq.trainer.supervised_trainer INFO     Progress: 21%, Train Perplexity: 1.0848
2018-01-30 23:31:18,111 seq2seq.trainer.supervised_trainer INFO     Progress: 22%, Train Perplexity: 1.1094
2018-01-30 23:31:37,432 seq2seq.trainer.supervised_trainer INFO     Finished epoch 11: Train Perplexity: 1.1140, Dev Perplexity: 1.2645, Accuracy: 0.9325, Sequence Accuracy: 0.6697
2018-01-30 23:31:37,432 seq2seq.trainer.supervised_trainer DEBUG    Epoch: 12, Step: 1320
2018-01-30 23:32:14,565 seq2seq.trainer.supervised_trainer INFO     Progress: 22%, Train Perplexity: 1.0632
2018-01-30 23:32:29,230 seq2seq.trainer.supervised_trainer INFO     Progress: 22%, Train Perplexity: 1.0445
2018-01-30 23:32:43,165 seq2seq.trainer.supervised_trainer INFO     Progress: 23%, Train Perplexity: 1.0567
2018-01-30 23:32:57,571 seq2seq.trainer.supervised_trainer INFO     Progress: 23%, Train Perplexity: 1.0598
2018-01-30 23:33:12,732 seq2seq.trainer.supervised_trainer INFO     Progress: 23%, Train Perplexity: 1.0580
2018-01-30 23:33:28,874 seq2seq.trainer.supervised_trainer INFO     Progress: 24%, Train Perplexity: 1.0907
2018-01-30 23:33:47,460 seq2seq.trainer.supervised_trainer INFO     Finished epoch 12: Train Perplexity: 1.0621, Dev Perplexity: 1.3551, Accuracy: 0.9187, Sequence Accuracy: 0.5601
2018-01-30 23:33:47,460 seq2seq.trainer.supervised_trainer DEBUG    Epoch: 13, Step: 1440
2018-01-30 23:34:02,659 seq2seq.trainer.supervised_trainer INFO     Progress: 24%, Train Perplexity: 1.0974
2018-01-30 23:34:40,018 seq2seq.trainer.supervised_trainer INFO     Progress: 24%, Train Perplexity: 1.0687
2018-01-30 23:34:54,613 seq2seq.trainer.supervised_trainer INFO     Progress: 25%, Train Perplexity: 1.0586
2018-01-30 23:35:08,593 seq2seq.trainer.supervised_trainer INFO     Progress: 25%, Train Perplexity: 1.0418
2018-01-30 23:35:22,426 seq2seq.trainer.supervised_trainer INFO     Progress: 25%, Train Perplexity: 1.0340
2018-01-30 23:35:37,283 seq2seq.trainer.supervised_trainer INFO     Progress: 26%, Train Perplexity: 1.0267
2018-01-30 23:35:55,899 seq2seq.trainer.supervised_trainer INFO     Finished epoch 13: Train Perplexity: 1.0545, Dev Perplexity: 1.4776, Accuracy: 0.9214, Sequence Accuracy: 0.7214
2018-01-30 23:35:55,899 seq2seq.trainer.supervised_trainer DEBUG    Epoch: 14, Step: 1560
2018-01-30 23:36:11,611 seq2seq.trainer.supervised_trainer INFO     Progress: 26%, Train Perplexity: 1.0648
2018-01-30 23:36:44,816 seq2seq.trainer.supervised_trainer INFO     Progress: 26%, Train Perplexity: 1.0526
2018-01-30 23:36:58,267 seq2seq.trainer.supervised_trainer INFO     Progress: 27%, Train Perplexity: 1.0377
2018-01-30 23:37:12,990 seq2seq.trainer.supervised_trainer INFO     Progress: 27%, Train Perplexity: 1.0371
2018-01-30 23:37:27,912 seq2seq.trainer.supervised_trainer INFO     Progress: 27%, Train Perplexity: 1.0674
2018-01-30 23:37:44,416 seq2seq.trainer.supervised_trainer INFO     Progress: 28%, Train Perplexity: 1.0259
2018-01-30 23:38:03,717 seq2seq.trainer.supervised_trainer INFO     Finished epoch 14: Train Perplexity: 1.0476, Dev Perplexity: 1.3608, Accuracy: 0.9325, Sequence Accuracy: 0.7888
2018-01-30 23:38:03,717 seq2seq.trainer.supervised_trainer DEBUG    Epoch: 15, Step: 1680
2018-01-30 23:38:17,631 seq2seq.trainer.supervised_trainer INFO     Progress: 28%, Train Perplexity: 1.1159
2018-01-30 23:38:32,416 seq2seq.trainer.supervised_trainer INFO     Progress: 28%, Train Perplexity: 1.0412
2018-01-30 23:39:09,631 seq2seq.trainer.supervised_trainer INFO     Progress: 28%, Train Perplexity: 1.0360
2018-01-30 23:39:24,258 seq2seq.trainer.supervised_trainer INFO     Progress: 29%, Train Perplexity: 1.0533
2018-01-30 23:39:40,030 seq2seq.trainer.supervised_trainer INFO     Progress: 29%, Train Perplexity: 1.0903
2018-01-30 23:39:54,656 seq2seq.trainer.supervised_trainer INFO     Progress: 30%, Train Perplexity: 1.0267
2018-01-30 23:40:13,305 seq2seq.trainer.supervised_trainer INFO     Finished epoch 15: Train Perplexity: 1.0606, Dev Perplexity: 1.3574, Accuracy: 0.9386, Sequence Accuracy: 0.7983
2018-01-30 23:40:13,305 seq2seq.trainer.supervised_trainer DEBUG    Epoch: 16, Step: 1800
2018-01-30 23:40:27,743 seq2seq.trainer.supervised_trainer INFO     Progress: 30%, Train Perplexity: 1.1085
2018-01-30 23:40:46,090 seq2seq.trainer.supervised_trainer INFO     Progress: 30%, Train Perplexity: 1.1065
2018-01-30 23:41:03,424 seq2seq.trainer.supervised_trainer INFO     Progress: 31%, Train Perplexity: 1.0690
2018-01-30 23:41:36,450 seq2seq.trainer.supervised_trainer INFO     Progress: 31%, Train Perplexity: 1.0259
2018-01-30 23:41:52,330 seq2seq.trainer.supervised_trainer INFO     Progress: 31%, Train Perplexity: 1.0199
2018-01-30 23:42:08,896 seq2seq.trainer.supervised_trainer INFO     Progress: 32%, Train Perplexity: 1.0245
2018-01-30 23:42:27,858 seq2seq.trainer.supervised_trainer INFO     Finished epoch 16: Train Perplexity: 1.0590, Dev Perplexity: 1.4926, Accuracy: 0.9218, Sequence Accuracy: 0.6524
2018-01-30 23:42:27,858 seq2seq.trainer.supervised_trainer DEBUG    Epoch: 17, Step: 1920
2018-01-30 23:42:43,597 seq2seq.trainer.supervised_trainer INFO     Progress: 32%, Train Perplexity: 1.0732
2018-01-30 23:43:00,223 seq2seq.trainer.supervised_trainer INFO     Progress: 32%, Train Perplexity: 1.0762
2018-01-30 23:43:15,141 seq2seq.trainer.supervised_trainer INFO     Progress: 33%, Train Perplexity: 1.0567
2018-01-30 23:43:47,687 seq2seq.trainer.supervised_trainer INFO     Progress: 33%, Train Perplexity: 1.0732
2018-01-30 23:44:02,334 seq2seq.trainer.supervised_trainer INFO     Progress: 33%, Train Perplexity: 1.0083
2018-01-30 23:44:18,348 seq2seq.trainer.supervised_trainer INFO     Progress: 34%, Train Perplexity: 1.0187
2018-01-30 23:44:38,040 seq2seq.trainer.supervised_trainer INFO     Finished epoch 17: Train Perplexity: 1.0510, Dev Perplexity: 1.7723, Accuracy: 0.9059, Sequence Accuracy: 0.6611
2018-01-30 23:44:38,040 seq2seq.trainer.supervised_trainer DEBUG    Epoch: 18, Step: 2040
2018-01-30 23:44:53,233 seq2seq.trainer.supervised_trainer INFO     Progress: 34%, Train Perplexity: 1.0846
2018-01-30 23:45:08,946 seq2seq.trainer.supervised_trainer INFO     Progress: 34%, Train Perplexity: 1.0425
2018-01-30 23:45:23,517 seq2seq.trainer.supervised_trainer INFO     Progress: 35%, Train Perplexity: 1.0557
2018-01-30 23:45:38,654 seq2seq.trainer.supervised_trainer INFO     Progress: 35%, Train Perplexity: 1.0791
2018-01-30 23:46:12,879 seq2seq.trainer.supervised_trainer INFO     Progress: 35%, Train Perplexity: 1.0263
2018-01-30 23:46:27,336 seq2seq.trainer.supervised_trainer INFO     Progress: 36%, Train Perplexity: 1.0178
2018-01-30 23:46:47,681 seq2seq.trainer.supervised_trainer INFO     Finished epoch 18: Train Perplexity: 1.0510, Dev Perplexity: 1.6949, Accuracy: 0.9159, Sequence Accuracy: 0.6837
2018-01-30 23:46:47,682 seq2seq.trainer.supervised_trainer DEBUG    Epoch: 19, Step: 2160
2018-01-30 23:47:07,047 seq2seq.trainer.supervised_trainer INFO     Progress: 36%, Train Perplexity: 1.0668
2018-01-30 23:47:22,850 seq2seq.trainer.supervised_trainer INFO     Progress: 36%, Train Perplexity: 1.0589
2018-01-30 23:47:38,435 seq2seq.trainer.supervised_trainer INFO     Progress: 37%, Train Perplexity: 1.0283
2018-01-30 23:47:54,261 seq2seq.trainer.supervised_trainer INFO     Progress: 37%, Train Perplexity: 1.0449
2018-01-30 23:48:09,143 seq2seq.trainer.supervised_trainer INFO     Progress: 37%, Train Perplexity: 1.0565
2018-01-30 23:48:45,540 seq2seq.trainer.supervised_trainer INFO     Progress: 38%, Train Perplexity: 1.0168
2018-01-30 23:49:05,942 seq2seq.trainer.supervised_trainer INFO     Finished epoch 19: Train Perplexity: 1.0454, Dev Perplexity: 1.4913, Accuracy: 0.9263, Sequence Accuracy: 0.7843
2018-01-30 23:49:05,942 seq2seq.trainer.supervised_trainer DEBUG    Epoch: 20, Step: 2280
2018-01-30 23:49:21,485 seq2seq.trainer.supervised_trainer INFO     Progress: 38%, Train Perplexity: 1.1888
2018-01-30 23:49:37,084 seq2seq.trainer.supervised_trainer INFO     Progress: 38%, Train Perplexity: 1.0238
2018-01-30 23:49:56,423 seq2seq.trainer.supervised_trainer INFO     Progress: 39%, Train Perplexity: 1.0265
2018-01-30 23:50:11,724 seq2seq.trainer.supervised_trainer INFO     Progress: 39%, Train Perplexity: 1.0478
2018-01-30 23:50:26,393 seq2seq.trainer.supervised_trainer INFO     Progress: 39%, Train Perplexity: 1.0390
2018-01-30 23:51:00,310 seq2seq.trainer.supervised_trainer INFO     Progress: 40%, Train Perplexity: 1.0433
2018-01-30 23:51:19,130 seq2seq.trainer.supervised_trainer INFO     Finished epoch 20: Train Perplexity: 1.0615, Dev Perplexity: 1.4954, Accuracy: 0.9219, Sequence Accuracy: 0.7468
2018-01-30 23:51:19,130 seq2seq.trainer.supervised_trainer DEBUG    Epoch: 21, Step: 2400
2018-01-30 23:51:33,258 seq2seq.trainer.supervised_trainer INFO     Progress: 40%, Train Perplexity: 1.0467
2018-01-30 23:51:48,660 seq2seq.trainer.supervised_trainer INFO     Progress: 40%, Train Perplexity: 1.0224
2018-01-30 23:52:04,335 seq2seq.trainer.supervised_trainer INFO     Progress: 41%, Train Perplexity: 1.0324
2018-01-30 23:52:19,653 seq2seq.trainer.supervised_trainer INFO     Progress: 41%, Train Perplexity: 1.0291
2018-01-30 23:52:35,142 seq2seq.trainer.supervised_trainer INFO     Progress: 41%, Train Perplexity: 1.0443
2018-01-30 23:52:50,485 seq2seq.trainer.supervised_trainer INFO     Progress: 42%, Train Perplexity: 1.0347
2018-01-30 23:53:10,034 seq2seq.trainer.supervised_trainer INFO     Finished epoch 21: Train Perplexity: 1.0349, Dev Perplexity: 1.4727, Accuracy: 0.9243, Sequence Accuracy: 0.6853
2018-01-30 23:53:10,034 seq2seq.trainer.supervised_trainer DEBUG    Epoch: 22, Step: 2520
2018-01-30 23:53:44,219 seq2seq.trainer.supervised_trainer INFO     Progress: 42%, Train Perplexity: 1.0201
2018-01-30 23:53:59,058 seq2seq.trainer.supervised_trainer INFO     Progress: 42%, Train Perplexity: 1.0263
2018-01-30 23:54:14,436 seq2seq.trainer.supervised_trainer INFO     Progress: 43%, Train Perplexity: 1.0260
2018-01-30 23:54:27,719 seq2seq.trainer.supervised_trainer INFO     Progress: 43%, Train Perplexity: 1.0119
2018-01-30 23:54:43,670 seq2seq.trainer.supervised_trainer INFO     Progress: 43%, Train Perplexity: 1.0277
2018-01-30 23:54:58,280 seq2seq.trainer.supervised_trainer INFO     Progress: 44%, Train Perplexity: 1.0170
2018-01-30 23:55:17,362 seq2seq.trainer.supervised_trainer INFO     Finished epoch 22: Train Perplexity: 1.0215, Dev Perplexity: 1.4682, Accuracy: 0.9303, Sequence Accuracy: 0.8056
2018-01-30 23:55:17,363 seq2seq.trainer.supervised_trainer DEBUG    Epoch: 23, Step: 2640
2018-01-30 23:55:31,970 seq2seq.trainer.supervised_trainer INFO     Progress: 44%, Train Perplexity: 1.0269
2018-01-30 23:56:06,963 seq2seq.trainer.supervised_trainer INFO     Progress: 44%, Train Perplexity: 1.0139
2018-01-30 23:56:21,319 seq2seq.trainer.supervised_trainer INFO     Progress: 45%, Train Perplexity: 1.0178
2018-01-30 23:56:36,433 seq2seq.trainer.supervised_trainer INFO     Progress: 45%, Train Perplexity: 1.0077
2018-01-30 23:56:51,259 seq2seq.trainer.supervised_trainer INFO     Progress: 45%, Train Perplexity: 1.0383
2018-01-30 23:57:06,748 seq2seq.trainer.supervised_trainer INFO     Progress: 46%, Train Perplexity: 1.0097
2018-01-30 23:57:29,501 seq2seq.trainer.supervised_trainer INFO     Finished epoch 23: Train Perplexity: 1.0191, Dev Perplexity: 1.5919, Accuracy: 0.9209, Sequence Accuracy: 0.7688
2018-01-30 23:57:29,501 seq2seq.trainer.supervised_trainer DEBUG    Epoch: 24, Step: 2760
2018-01-30 23:57:46,553 seq2seq.trainer.supervised_trainer INFO     Progress: 46%, Train Perplexity: 1.0360
2018-01-30 23:58:23,385 seq2seq.trainer.supervised_trainer INFO     Progress: 46%, Train Perplexity: 1.0316
2018-01-30 23:58:39,479 seq2seq.trainer.supervised_trainer INFO     Progress: 47%, Train Perplexity: 1.0200
2018-01-30 23:58:56,846 seq2seq.trainer.supervised_trainer INFO     Progress: 47%, Train Perplexity: 1.0061
2018-01-30 23:59:13,300 seq2seq.trainer.supervised_trainer INFO     Progress: 47%, Train Perplexity: 1.0158
2018-01-30 23:59:28,954 seq2seq.trainer.supervised_trainer INFO     Progress: 48%, Train Perplexity: 1.0076
2018-01-30 23:59:51,568 seq2seq.trainer.supervised_trainer INFO     Finished epoch 24: Train Perplexity: 1.0195, Dev Perplexity: 1.6928, Accuracy: 0.9192, Sequence Accuracy: 0.7827
2018-01-30 23:59:51,568 seq2seq.trainer.supervised_trainer DEBUG    Epoch: 25, Step: 2880
2018-01-31 00:00:09,447 seq2seq.trainer.supervised_trainer INFO     Progress: 48%, Train Perplexity: 1.0132
2018-01-31 00:00:28,128 seq2seq.trainer.supervised_trainer INFO     Progress: 48%, Train Perplexity: 1.0514
2018-01-31 00:01:01,564 seq2seq.trainer.supervised_trainer INFO     Progress: 49%, Train Perplexity: 1.0510
2018-01-31 00:01:16,018 seq2seq.trainer.supervised_trainer INFO     Progress: 49%, Train Perplexity: 1.0178
2018-01-31 00:01:30,365 seq2seq.trainer.supervised_trainer INFO     Progress: 49%, Train Perplexity: 1.0075
2018-01-31 00:01:45,050 seq2seq.trainer.supervised_trainer INFO     Progress: 50%, Train Perplexity: 1.0044
2018-01-31 00:02:05,818 seq2seq.trainer.supervised_trainer INFO     Finished epoch 25: Train Perplexity: 1.0242, Dev Perplexity: 1.5034, Accuracy: 0.9355, Sequence Accuracy: 0.7772
2018-01-31 00:02:05,818 seq2seq.trainer.supervised_trainer DEBUG    Epoch: 26, Step: 3000
2018-01-31 00:02:21,421 seq2seq.trainer.supervised_trainer INFO     Progress: 50%, Train Perplexity: 1.0340
2018-01-31 00:02:38,136 seq2seq.trainer.supervised_trainer INFO     Progress: 50%, Train Perplexity: 1.0098
2018-01-31 00:03:13,810 seq2seq.trainer.supervised_trainer INFO     Progress: 51%, Train Perplexity: 1.0485
2018-01-31 00:03:28,362 seq2seq.trainer.supervised_trainer INFO     Progress: 51%, Train Perplexity: 1.0083
2018-01-31 00:03:43,340 seq2seq.trainer.supervised_trainer INFO     Progress: 51%, Train Perplexity: 1.0103
2018-01-31 00:03:59,218 seq2seq.trainer.supervised_trainer INFO     Progress: 52%, Train Perplexity: 1.0118
2018-01-31 00:04:20,945 seq2seq.trainer.supervised_trainer INFO     Finished epoch 26: Train Perplexity: 1.0205, Dev Perplexity: 1.5941, Accuracy: 0.9272, Sequence Accuracy: 0.7799
2018-01-31 00:04:20,945 seq2seq.trainer.supervised_trainer DEBUG    Epoch: 27, Step: 3120
2018-01-31 00:04:37,520 seq2seq.trainer.supervised_trainer INFO     Progress: 52%, Train Perplexity: 1.0242
2018-01-31 00:04:53,798 seq2seq.trainer.supervised_trainer INFO     Progress: 52%, Train Perplexity: 1.0186
2018-01-31 00:05:07,749 seq2seq.trainer.supervised_trainer INFO     Progress: 53%, Train Perplexity: 1.0353
2018-01-31 00:05:42,658 seq2seq.trainer.supervised_trainer INFO     Progress: 53%, Train Perplexity: 1.0274
2018-01-31 00:05:58,529 seq2seq.trainer.supervised_trainer INFO     Progress: 53%, Train Perplexity: 1.0056
2018-01-31 00:06:13,540 seq2seq.trainer.supervised_trainer INFO     Progress: 54%, Train Perplexity: 1.0043
2018-01-31 00:06:32,650 seq2seq.trainer.supervised_trainer INFO     Finished epoch 27: Train Perplexity: 1.0193, Dev Perplexity: 1.5040, Accuracy: 0.9395, Sequence Accuracy: 0.7952
2018-01-31 00:06:32,650 seq2seq.trainer.supervised_trainer DEBUG    Epoch: 28, Step: 3240
2018-01-31 00:06:48,249 seq2seq.trainer.supervised_trainer INFO     Progress: 54%, Train Perplexity: 1.0100
2018-01-31 00:07:02,058 seq2seq.trainer.supervised_trainer INFO     Progress: 54%, Train Perplexity: 1.0209
2018-01-31 00:07:17,716 seq2seq.trainer.supervised_trainer INFO     Progress: 55%, Train Perplexity: 1.0279
2018-01-31 00:07:32,976 seq2seq.trainer.supervised_trainer INFO     Progress: 55%, Train Perplexity: 1.0130
2018-01-31 00:08:06,624 seq2seq.trainer.supervised_trainer INFO     Progress: 55%, Train Perplexity: 1.0035
2018-01-31 00:08:22,315 seq2seq.trainer.supervised_trainer INFO     Progress: 56%, Train Perplexity: 1.0033
2018-01-31 00:08:43,597 seq2seq.trainer.supervised_trainer INFO     Finished epoch 28: Train Perplexity: 1.0131, Dev Perplexity: 1.5795, Accuracy: 0.9330, Sequence Accuracy: 0.7761
2018-01-31 00:08:43,597 seq2seq.trainer.supervised_trainer DEBUG    Epoch: 29, Step: 3360
2018-01-31 00:09:00,930 seq2seq.trainer.supervised_trainer INFO     Progress: 56%, Train Perplexity: 1.0113
2018-01-31 00:09:16,515 seq2seq.trainer.supervised_trainer INFO     Progress: 56%, Train Perplexity: 1.0083
2018-01-31 00:09:31,741 seq2seq.trainer.supervised_trainer INFO     Progress: 56%, Train Perplexity: 1.0148
2018-01-31 00:09:46,890 seq2seq.trainer.supervised_trainer INFO     Progress: 57%, Train Perplexity: 1.0287
2018-01-31 00:10:22,968 seq2seq.trainer.supervised_trainer INFO     Progress: 57%, Train Perplexity: 1.0172
2018-01-31 00:10:37,808 seq2seq.trainer.supervised_trainer INFO     Progress: 57%, Train Perplexity: 1.0113
2018-01-31 00:10:56,730 seq2seq.trainer.supervised_trainer INFO     Finished epoch 29: Train Perplexity: 1.0152, Dev Perplexity: 1.6465, Accuracy: 0.9264, Sequence Accuracy: 0.7117
2018-01-31 00:10:56,730 seq2seq.trainer.supervised_trainer DEBUG    Epoch: 30, Step: 3480
2018-01-31 00:11:11,422 seq2seq.trainer.supervised_trainer INFO     Progress: 58%, Train Perplexity: 1.0302
2018-01-31 00:11:26,144 seq2seq.trainer.supervised_trainer INFO     Progress: 58%, Train Perplexity: 1.0111
2018-01-31 00:11:41,549 seq2seq.trainer.supervised_trainer INFO     Progress: 59%, Train Perplexity: 1.0160
2018-01-31 00:11:56,716 seq2seq.trainer.supervised_trainer INFO     Progress: 59%, Train Perplexity: 1.0201
2018-01-31 00:12:11,825 seq2seq.trainer.supervised_trainer INFO     Progress: 59%, Train Perplexity: 1.0247
2018-01-31 00:12:44,729 seq2seq.trainer.supervised_trainer INFO     Progress: 60%, Train Perplexity: 1.0075
2018-01-31 00:13:02,981 seq2seq.trainer.supervised_trainer INFO     Finished epoch 30: Train Perplexity: 1.0183, Dev Perplexity: 1.5116, Accuracy: 0.9326, Sequence Accuracy: 0.7672
2018-01-31 00:13:02,981 seq2seq.trainer.supervised_trainer DEBUG    Epoch: 31, Step: 3600
2018-01-31 00:13:17,644 seq2seq.trainer.supervised_trainer INFO     Progress: 60%, Train Perplexity: 1.0114
2018-01-31 00:13:32,006 seq2seq.trainer.supervised_trainer INFO     Progress: 60%, Train Perplexity: 1.0240
2018-01-31 00:13:47,556 seq2seq.trainer.supervised_trainer INFO     Progress: 61%, Train Perplexity: 1.0173
2018-01-31 00:14:01,756 seq2seq.trainer.supervised_trainer INFO     Progress: 61%, Train Perplexity: 1.0299
2018-01-31 00:14:16,096 seq2seq.trainer.supervised_trainer INFO     Progress: 61%, Train Perplexity: 1.0100
2018-01-31 00:14:30,574 seq2seq.trainer.supervised_trainer INFO     Progress: 62%, Train Perplexity: 1.0081
2018-01-31 00:14:48,936 seq2seq.trainer.supervised_trainer INFO     Finished epoch 31: Train Perplexity: 1.0168, Dev Perplexity: 1.5818, Accuracy: 0.9298, Sequence Accuracy: 0.7892
2018-01-31 00:14:48,936 seq2seq.trainer.supervised_trainer DEBUG    Epoch: 32, Step: 3720
2018-01-31 00:15:21,187 seq2seq.trainer.supervised_trainer INFO     Progress: 62%, Train Perplexity: 1.0042
2018-01-31 00:15:36,085 seq2seq.trainer.supervised_trainer INFO     Progress: 62%, Train Perplexity: 1.0042
2018-01-31 00:15:50,210 seq2seq.trainer.supervised_trainer INFO     Progress: 63%, Train Perplexity: 1.0037
2018-01-31 00:16:04,794 seq2seq.trainer.supervised_trainer INFO     Progress: 63%, Train Perplexity: 1.0019
2018-01-31 00:16:18,874 seq2seq.trainer.supervised_trainer INFO     Progress: 63%, Train Perplexity: 1.0210
2018-01-31 00:16:33,037 seq2seq.trainer.supervised_trainer INFO     Progress: 64%, Train Perplexity: 1.0116
2018-01-31 00:16:52,396 seq2seq.trainer.supervised_trainer INFO     Finished epoch 32: Train Perplexity: 1.0078, Dev Perplexity: 1.6064, Accuracy: 0.9426, Sequence Accuracy: 0.7992
2018-01-31 00:16:52,397 seq2seq.trainer.supervised_trainer DEBUG    Epoch: 33, Step: 3840
2018-01-31 00:17:28,304 seq2seq.trainer.supervised_trainer INFO     Progress: 64%, Train Perplexity: 1.0093
2018-01-31 00:17:46,190 seq2seq.trainer.supervised_trainer INFO     Progress: 64%, Train Perplexity: 1.0171
2018-01-31 00:18:01,614 seq2seq.trainer.supervised_trainer INFO     Progress: 65%, Train Perplexity: 1.0090
2018-01-31 00:18:21,497 seq2seq.trainer.supervised_trainer INFO     Progress: 65%, Train Perplexity: 1.0011
2018-01-31 00:18:38,545 seq2seq.trainer.supervised_trainer INFO     Progress: 65%, Train Perplexity: 1.0041
2018-01-31 00:18:55,846 seq2seq.trainer.supervised_trainer INFO     Progress: 66%, Train Perplexity: 1.0030
2018-01-31 00:19:16,139 seq2seq.trainer.supervised_trainer INFO     Finished epoch 33: Train Perplexity: 1.0072, Dev Perplexity: 1.5302, Accuracy: 0.9504, Sequence Accuracy: 0.8110
2018-01-31 00:19:16,140 seq2seq.trainer.supervised_trainer DEBUG    Epoch: 34, Step: 3960
2018-01-31 00:19:33,724 seq2seq.trainer.supervised_trainer INFO     Progress: 66%, Train Perplexity: 1.0198
2018-01-31 00:20:11,549 seq2seq.trainer.supervised_trainer INFO     Progress: 66%, Train Perplexity: 1.0098
2018-01-31 00:20:28,139 seq2seq.trainer.supervised_trainer INFO     Progress: 67%, Train Perplexity: 1.0025
2018-01-31 00:20:42,834 seq2seq.trainer.supervised_trainer INFO     Progress: 67%, Train Perplexity: 1.0082
2018-01-31 00:20:59,063 seq2seq.trainer.supervised_trainer INFO     Progress: 67%, Train Perplexity: 1.0110
2018-01-31 00:21:14,578 seq2seq.trainer.supervised_trainer INFO     Progress: 68%, Train Perplexity: 1.0090
2018-01-31 00:21:33,912 seq2seq.trainer.supervised_trainer INFO     Finished epoch 34: Train Perplexity: 1.0100, Dev Perplexity: 1.7106, Accuracy: 0.9331, Sequence Accuracy: 0.7048
2018-01-31 00:21:33,912 seq2seq.trainer.supervised_trainer DEBUG    Epoch: 35, Step: 4080
2018-01-31 00:21:48,864 seq2seq.trainer.supervised_trainer INFO     Progress: 68%, Train Perplexity: 1.0478
2018-01-31 00:22:05,640 seq2seq.trainer.supervised_trainer INFO     Progress: 68%, Train Perplexity: 1.0061
2018-01-31 00:22:38,768 seq2seq.trainer.supervised_trainer INFO     Progress: 69%, Train Perplexity: 1.0151
2018-01-31 00:22:54,689 seq2seq.trainer.supervised_trainer INFO     Progress: 69%, Train Perplexity: 1.0027
2018-01-31 00:23:10,389 seq2seq.trainer.supervised_trainer INFO     Progress: 69%, Train Perplexity: 1.0011
2018-01-31 00:23:25,247 seq2seq.trainer.supervised_trainer INFO     Progress: 70%, Train Perplexity: 1.0041
2018-01-31 00:23:45,997 seq2seq.trainer.supervised_trainer INFO     Finished epoch 35: Train Perplexity: 1.0128, Dev Perplexity: 1.9871, Accuracy: 0.9252, Sequence Accuracy: 0.7740
2018-01-31 00:23:45,998 seq2seq.trainer.supervised_trainer DEBUG    Epoch: 36, Step: 4200
2018-01-31 00:24:03,509 seq2seq.trainer.supervised_trainer INFO     Progress: 70%, Train Perplexity: 1.0042
2018-01-31 00:24:19,713 seq2seq.trainer.supervised_trainer INFO     Progress: 70%, Train Perplexity: 1.0124
2018-01-31 00:24:56,158 seq2seq.trainer.supervised_trainer INFO     Progress: 71%, Train Perplexity: 1.0085
2018-01-31 00:25:10,798 seq2seq.trainer.supervised_trainer INFO     Progress: 71%, Train Perplexity: 1.0059
2018-01-31 00:25:26,339 seq2seq.trainer.supervised_trainer INFO     Progress: 71%, Train Perplexity: 1.0038
2018-01-31 00:25:42,210 seq2seq.trainer.supervised_trainer INFO     Progress: 72%, Train Perplexity: 1.0055
2018-01-31 00:26:01,626 seq2seq.trainer.supervised_trainer INFO     Finished epoch 36: Train Perplexity: 1.0067, Dev Perplexity: 1.7335, Accuracy: 0.9274, Sequence Accuracy: 0.7999
2018-01-31 00:26:01,626 seq2seq.trainer.supervised_trainer DEBUG    Epoch: 37, Step: 4320
2018-01-31 00:26:17,137 seq2seq.trainer.supervised_trainer INFO     Progress: 72%, Train Perplexity: 1.0122
2018-01-31 00:26:33,058 seq2seq.trainer.supervised_trainer INFO     Progress: 72%, Train Perplexity: 1.0096
2018-01-31 00:26:50,388 seq2seq.trainer.supervised_trainer INFO     Progress: 73%, Train Perplexity: 1.0152
2018-01-31 00:27:23,656 seq2seq.trainer.supervised_trainer INFO     Progress: 73%, Train Perplexity: 1.0042
2018-01-31 00:27:38,824 seq2seq.trainer.supervised_trainer INFO     Progress: 73%, Train Perplexity: 1.0007
2018-01-31 00:27:54,526 seq2seq.trainer.supervised_trainer INFO     Progress: 74%, Train Perplexity: 1.0012
2018-01-31 00:28:13,755 seq2seq.trainer.supervised_trainer INFO     Finished epoch 37: Train Perplexity: 1.0072, Dev Perplexity: 1.4655, Accuracy: 0.9474, Sequence Accuracy: 0.8058
2018-01-31 00:28:13,756 seq2seq.trainer.supervised_trainer DEBUG    Epoch: 38, Step: 4440
2018-01-31 00:28:28,371 seq2seq.trainer.supervised_trainer INFO     Progress: 74%, Train Perplexity: 1.0022
2018-01-31 00:28:43,600 seq2seq.trainer.supervised_trainer INFO     Progress: 74%, Train Perplexity: 1.0221
2018-01-31 00:29:00,181 seq2seq.trainer.supervised_trainer INFO     Progress: 75%, Train Perplexity: 1.0083
2018-01-31 00:29:15,563 seq2seq.trainer.supervised_trainer INFO     Progress: 75%, Train Perplexity: 1.0165
2018-01-31 00:29:49,939 seq2seq.trainer.supervised_trainer INFO     Progress: 75%, Train Perplexity: 1.0007
2018-01-31 00:30:04,840 seq2seq.trainer.supervised_trainer INFO     Progress: 76%, Train Perplexity: 1.0017
2018-01-31 00:30:23,969 seq2seq.trainer.supervised_trainer INFO     Finished epoch 38: Train Perplexity: 1.0086, Dev Perplexity: 1.8866, Accuracy: 0.9205, Sequence Accuracy: 0.7656
2018-01-31 00:30:23,969 seq2seq.trainer.supervised_trainer DEBUG    Epoch: 39, Step: 4560
2018-01-31 00:30:39,191 seq2seq.trainer.supervised_trainer INFO     Progress: 76%, Train Perplexity: 1.0203
2018-01-31 00:30:55,075 seq2seq.trainer.supervised_trainer INFO     Progress: 76%, Train Perplexity: 1.0075
2018-01-31 00:31:10,500 seq2seq.trainer.supervised_trainer INFO     Progress: 77%, Train Perplexity: 1.0028
2018-01-31 00:31:25,589 seq2seq.trainer.supervised_trainer INFO     Progress: 77%, Train Perplexity: 1.0017
2018-01-31 00:31:59,949 seq2seq.trainer.supervised_trainer INFO     Progress: 77%, Train Perplexity: 1.0061
2018-01-31 00:32:14,837 seq2seq.trainer.supervised_trainer INFO     Progress: 78%, Train Perplexity: 1.0038
2018-01-31 00:32:33,775 seq2seq.trainer.supervised_trainer INFO     Finished epoch 39: Train Perplexity: 1.0070, Dev Perplexity: 1.7754, Accuracy: 0.9390, Sequence Accuracy: 0.7851
2018-01-31 00:32:33,776 seq2seq.trainer.supervised_trainer DEBUG    Epoch: 40, Step: 4680
2018-01-31 00:32:48,896 seq2seq.trainer.supervised_trainer INFO     Progress: 78%, Train Perplexity: 1.0078
2018-01-31 00:33:05,011 seq2seq.trainer.supervised_trainer INFO     Progress: 78%, Train Perplexity: 1.0073
2018-01-31 00:33:20,120 seq2seq.trainer.supervised_trainer INFO     Progress: 79%, Train Perplexity: 1.0138
2018-01-31 00:33:34,472 seq2seq.trainer.supervised_trainer INFO     Progress: 79%, Train Perplexity: 1.0037
2018-01-31 00:33:48,788 seq2seq.trainer.supervised_trainer INFO     Progress: 79%, Train Perplexity: 1.0037
2018-01-31 00:34:22,576 seq2seq.trainer.supervised_trainer INFO     Progress: 80%, Train Perplexity: 1.0048
2018-01-31 00:34:41,663 seq2seq.trainer.supervised_trainer INFO     Finished epoch 40: Train Perplexity: 1.0068, Dev Perplexity: 1.7003, Accuracy: 0.9308, Sequence Accuracy: 0.7545
2018-01-31 00:34:41,663 seq2seq.trainer.supervised_trainer DEBUG    Epoch: 41, Step: 4800
2018-01-31 00:34:55,925 seq2seq.trainer.supervised_trainer INFO     Progress: 80%, Train Perplexity: 1.0111
2018-01-31 00:35:11,835 seq2seq.trainer.supervised_trainer INFO     Progress: 80%, Train Perplexity: 1.0173
2018-01-31 00:35:29,796 seq2seq.trainer.supervised_trainer INFO     Progress: 81%, Train Perplexity: 1.0007
2018-01-31 00:35:46,522 seq2seq.trainer.supervised_trainer INFO     Progress: 81%, Train Perplexity: 1.0085
2018-01-31 00:36:01,362 seq2seq.trainer.supervised_trainer INFO     Progress: 81%, Train Perplexity: 1.0024
2018-01-31 00:36:16,490 seq2seq.trainer.supervised_trainer INFO     Progress: 82%, Train Perplexity: 1.0188
2018-01-31 00:36:37,298 seq2seq.trainer.supervised_trainer INFO     Finished epoch 41: Train Perplexity: 1.0098, Dev Perplexity: 1.8838, Accuracy: 0.9097, Sequence Accuracy: 0.7922
2018-01-31 00:36:37,298 seq2seq.trainer.supervised_trainer DEBUG    Epoch: 42, Step: 4920
2018-01-31 00:37:13,626 seq2seq.trainer.supervised_trainer INFO     Progress: 82%, Train Perplexity: 1.0013
2018-01-31 00:37:27,834 seq2seq.trainer.supervised_trainer INFO     Progress: 82%, Train Perplexity: 1.0004
2018-01-31 00:37:43,143 seq2seq.trainer.supervised_trainer INFO     Progress: 83%, Train Perplexity: 1.0009
2018-01-31 00:37:58,167 seq2seq.trainer.supervised_trainer INFO     Progress: 83%, Train Perplexity: 1.0006
2018-01-31 00:38:12,534 seq2seq.trainer.supervised_trainer INFO     Progress: 83%, Train Perplexity: 1.0015
2018-01-31 00:38:27,052 seq2seq.trainer.supervised_trainer INFO     Progress: 84%, Train Perplexity: 1.0004
2018-01-31 00:38:47,118 seq2seq.trainer.supervised_trainer INFO     Finished epoch 42: Train Perplexity: 1.0009, Dev Perplexity: 1.8683, Accuracy: 0.9355, Sequence Accuracy: 0.7639
2018-01-31 00:38:47,118 seq2seq.trainer.supervised_trainer DEBUG    Epoch: 43, Step: 5040
2018-01-31 00:39:23,983 seq2seq.trainer.supervised_trainer INFO     Progress: 84%, Train Perplexity: 1.0028
2018-01-31 00:39:39,236 seq2seq.trainer.supervised_trainer INFO     Progress: 84%, Train Perplexity: 1.0028
2018-01-31 00:39:53,244 seq2seq.trainer.supervised_trainer INFO     Progress: 85%, Train Perplexity: 1.0075
2018-01-31 00:40:08,746 seq2seq.trainer.supervised_trainer INFO     Progress: 85%, Train Perplexity: 1.0017
2018-01-31 00:40:24,773 seq2seq.trainer.supervised_trainer INFO     Progress: 85%, Train Perplexity: 1.0015
2018-01-31 00:40:42,487 seq2seq.trainer.supervised_trainer INFO     Progress: 86%, Train Perplexity: 1.0187
2018-01-31 00:41:02,840 seq2seq.trainer.supervised_trainer INFO     Finished epoch 43: Train Perplexity: 1.0058, Dev Perplexity: 1.9832, Accuracy: 0.9232, Sequence Accuracy: 0.7740
2018-01-31 00:41:02,840 seq2seq.trainer.supervised_trainer DEBUG    Epoch: 44, Step: 5160
2018-01-31 00:41:17,445 seq2seq.trainer.supervised_trainer INFO     Progress: 86%, Train Perplexity: 1.0091
2018-01-31 00:41:51,796 seq2seq.trainer.supervised_trainer INFO     Progress: 86%, Train Perplexity: 1.0027
2018-01-31 00:42:06,794 seq2seq.trainer.supervised_trainer INFO     Progress: 87%, Train Perplexity: 1.0022
2018-01-31 00:42:22,003 seq2seq.trainer.supervised_trainer INFO     Progress: 87%, Train Perplexity: 1.0017
2018-01-31 00:42:36,898 seq2seq.trainer.supervised_trainer INFO     Progress: 87%, Train Perplexity: 1.0021
2018-01-31 00:42:51,367 seq2seq.trainer.supervised_trainer INFO     Progress: 88%, Train Perplexity: 1.0027
2018-01-31 00:43:11,841 seq2seq.trainer.supervised_trainer INFO     Finished epoch 44: Train Perplexity: 1.0034, Dev Perplexity: 2.0713, Accuracy: 0.9222, Sequence Accuracy: 0.7777
2018-01-31 00:43:11,841 seq2seq.trainer.supervised_trainer DEBUG    Epoch: 45, Step: 5280
2018-01-31 00:43:30,668 seq2seq.trainer.supervised_trainer INFO     Progress: 88%, Train Perplexity: 1.0026
2018-01-31 00:43:46,484 seq2seq.trainer.supervised_trainer INFO     Progress: 88%, Train Perplexity: 1.0084
2018-01-31 00:44:23,351 seq2seq.trainer.supervised_trainer INFO     Progress: 89%, Train Perplexity: 1.0020
2018-01-31 00:44:38,092 seq2seq.trainer.supervised_trainer INFO     Progress: 89%, Train Perplexity: 1.0007
2018-01-31 00:44:52,651 seq2seq.trainer.supervised_trainer INFO     Progress: 89%, Train Perplexity: 1.0019
2018-01-31 00:45:07,519 seq2seq.trainer.supervised_trainer INFO     Progress: 90%, Train Perplexity: 1.0030
2018-01-31 00:45:26,255 seq2seq.trainer.supervised_trainer INFO     Finished epoch 45: Train Perplexity: 1.0031, Dev Perplexity: 2.3851, Accuracy: 0.9158, Sequence Accuracy: 0.7468
2018-01-31 00:45:26,255 seq2seq.trainer.supervised_trainer DEBUG    Epoch: 46, Step: 5400
2018-01-31 00:45:41,346 seq2seq.trainer.supervised_trainer INFO     Progress: 90%, Train Perplexity: 1.0017
2018-01-31 00:45:56,715 seq2seq.trainer.supervised_trainer INFO     Progress: 90%, Train Perplexity: 1.0068
2018-01-31 00:46:31,056 seq2seq.trainer.supervised_trainer INFO     Progress: 91%, Train Perplexity: 1.0024
2018-01-31 00:46:44,771 seq2seq.trainer.supervised_trainer INFO     Progress: 91%, Train Perplexity: 1.0000
2018-01-31 00:46:59,312 seq2seq.trainer.supervised_trainer INFO     Progress: 91%, Train Perplexity: 1.0032
2018-01-31 00:47:13,686 seq2seq.trainer.supervised_trainer INFO     Progress: 92%, Train Perplexity: 1.0131
2018-01-31 00:47:37,236 seq2seq.trainer.supervised_trainer INFO     Finished epoch 46: Train Perplexity: 1.0045, Dev Perplexity: 1.7639, Accuracy: 0.9347, Sequence Accuracy: 0.7943
2018-01-31 00:47:37,237 seq2seq.trainer.supervised_trainer DEBUG    Epoch: 47, Step: 5520
2018-01-31 00:47:53,370 seq2seq.trainer.supervised_trainer INFO     Progress: 92%, Train Perplexity: 1.0015
2018-01-31 00:48:09,163 seq2seq.trainer.supervised_trainer INFO     Progress: 92%, Train Perplexity: 1.0029
2018-01-31 00:48:24,798 seq2seq.trainer.supervised_trainer INFO     Progress: 93%, Train Perplexity: 1.0040
2018-01-31 00:48:58,585 seq2seq.trainer.supervised_trainer INFO     Progress: 93%, Train Perplexity: 1.0054
2018-01-31 00:49:13,317 seq2seq.trainer.supervised_trainer INFO     Progress: 93%, Train Perplexity: 1.0047
2018-01-31 00:49:28,270 seq2seq.trainer.supervised_trainer INFO     Progress: 94%, Train Perplexity: 1.0010
2018-01-31 00:49:47,621 seq2seq.trainer.supervised_trainer INFO     Finished epoch 47: Train Perplexity: 1.0033, Dev Perplexity: 2.2505, Accuracy: 0.9137, Sequence Accuracy: 0.7852
2018-01-31 00:49:47,621 seq2seq.trainer.supervised_trainer DEBUG    Epoch: 48, Step: 5640
2018-01-31 00:50:02,459 seq2seq.trainer.supervised_trainer INFO     Progress: 94%, Train Perplexity: 1.0004
2018-01-31 00:50:17,512 seq2seq.trainer.supervised_trainer INFO     Progress: 94%, Train Perplexity: 1.0007
2018-01-31 00:50:32,473 seq2seq.trainer.supervised_trainer INFO     Progress: 95%, Train Perplexity: 1.0135
2018-01-31 00:51:06,716 seq2seq.trainer.supervised_trainer INFO     Progress: 95%, Train Perplexity: 1.0030
2018-01-31 00:51:22,232 seq2seq.trainer.supervised_trainer INFO     Progress: 95%, Train Perplexity: 1.0010
2018-01-31 00:51:36,825 seq2seq.trainer.supervised_trainer INFO     Progress: 96%, Train Perplexity: 1.0022
2018-01-31 00:51:55,555 seq2seq.trainer.supervised_trainer INFO     Finished epoch 48: Train Perplexity: 1.0035, Dev Perplexity: 2.1476, Accuracy: 0.9202, Sequence Accuracy: 0.7620
2018-01-31 00:51:55,556 seq2seq.trainer.supervised_trainer DEBUG    Epoch: 49, Step: 5760
2018-01-31 00:52:09,931 seq2seq.trainer.supervised_trainer INFO     Progress: 96%, Train Perplexity: 1.0057
2018-01-31 00:52:24,975 seq2seq.trainer.supervised_trainer INFO     Progress: 96%, Train Perplexity: 1.0027
2018-01-31 00:52:39,178 seq2seq.trainer.supervised_trainer INFO     Progress: 97%, Train Perplexity: 1.0209
2018-01-31 00:52:55,098 seq2seq.trainer.supervised_trainer INFO     Progress: 97%, Train Perplexity: 1.0017
2018-01-31 00:53:28,993 seq2seq.trainer.supervised_trainer INFO     Progress: 97%, Train Perplexity: 1.0010
2018-01-31 00:53:43,558 seq2seq.trainer.supervised_trainer INFO     Progress: 98%, Train Perplexity: 1.0002
2018-01-31 00:54:02,282 seq2seq.trainer.supervised_trainer INFO     Finished epoch 49: Train Perplexity: 1.0054, Dev Perplexity: 1.6377, Accuracy: 0.9402, Sequence Accuracy: 0.7870
2018-01-31 00:54:02,282 seq2seq.trainer.supervised_trainer DEBUG    Epoch: 50, Step: 5880
2018-01-31 00:54:17,237 seq2seq.trainer.supervised_trainer INFO     Progress: 98%, Train Perplexity: 1.0021
2018-01-31 00:54:31,877 seq2seq.trainer.supervised_trainer INFO     Progress: 98%, Train Perplexity: 1.0009
2018-01-31 00:54:47,614 seq2seq.trainer.supervised_trainer INFO     Progress: 99%, Train Perplexity: 1.0028
2018-01-31 00:55:01,681 seq2seq.trainer.supervised_trainer INFO     Progress: 99%, Train Perplexity: 1.0119
2018-01-31 00:55:16,863 seq2seq.trainer.supervised_trainer INFO     Progress: 99%, Train Perplexity: 1.0016
2018-01-31 00:55:50,411 seq2seq.trainer.supervised_trainer INFO     Progress: 100%, Train Perplexity: 1.0003
2018-01-31 00:56:29,254 seq2seq.trainer.supervised_trainer INFO     Finished epoch 50: Train Perplexity: 1.0033, Dev Perplexity: 2.0587, Accuracy: 0.9238, Sequence Accuracy: 0.7951
