2018-01-31 04:19:31,415 root         INFO     Namespace(attention=True, batch_size=128, bidirectional=False, cuda_device=0, dev='data/CLEANED-SCAN/length_split/experiment2c_output_interleaved_short_to_long/tasks_test.txt', dropout_p_decoder=0.5, dropout_p_encoder=0.5, embedding_size=200, epochs=50, hidden_size=200, load_checkpoint=None, log_level='debug', lr=0.001, max_len=50, n_layers=2, optim='adam', output_dir='checkpoints_experiment_2c_4', print_every=20, resume=False, rnn_cell='lstm', save_every=133, src_vocab=50000, teacher_forcing_ratio=0.5, tgt_vocab=50000, train='data/CLEANED-SCAN/length_split/experiment2c_output_interleaved_short_to_long/tasks_train.txt')
2018-01-31 04:19:32,046 seq2seq.trainer.supervised_trainer INFO     Optimizer: <torch.optim.adam.Adam object at 0x7fc6d35083d0>, Scheduler: None
2018-01-31 04:19:48,158 seq2seq.trainer.supervised_trainer DEBUG    Epoch: 1, Step: 0
2018-01-31 04:20:16,605 seq2seq.trainer.supervised_trainer INFO     Progress: 0%, Train Perplexity: 12.8150
2018-01-31 04:20:30,100 seq2seq.trainer.supervised_trainer INFO     Progress: 1%, Train Perplexity: 4.9763
2018-01-31 04:20:44,717 seq2seq.trainer.supervised_trainer INFO     Progress: 1%, Train Perplexity: 4.3111
2018-01-31 04:20:59,079 seq2seq.trainer.supervised_trainer INFO     Progress: 1%, Train Perplexity: 3.7842
2018-01-31 04:21:13,403 seq2seq.trainer.supervised_trainer INFO     Progress: 2%, Train Perplexity: 3.2754
2018-01-31 04:21:31,100 seq2seq.trainer.supervised_trainer INFO     Finished epoch 1: Train Perplexity: 4.8603, Dev Perplexity: 3.3720, Accuracy: 0.4400, Sequence Accuracy: 0.0023
2018-01-31 04:21:31,100 seq2seq.trainer.supervised_trainer DEBUG    Epoch: 2, Step: 120
2018-01-31 04:22:03,404 seq2seq.trainer.supervised_trainer INFO     Progress: 2%, Train Perplexity: 2.9948
2018-01-31 04:22:17,064 seq2seq.trainer.supervised_trainer INFO     Progress: 2%, Train Perplexity: 2.8718
2018-01-31 04:22:30,502 seq2seq.trainer.supervised_trainer INFO     Progress: 3%, Train Perplexity: 2.6758
2018-01-31 04:22:45,253 seq2seq.trainer.supervised_trainer INFO     Progress: 3%, Train Perplexity: 2.6106
2018-01-31 04:22:58,921 seq2seq.trainer.supervised_trainer INFO     Progress: 3%, Train Perplexity: 2.3810
2018-01-31 04:23:12,853 seq2seq.trainer.supervised_trainer INFO     Progress: 4%, Train Perplexity: 2.4517
2018-01-31 04:23:30,867 seq2seq.trainer.supervised_trainer INFO     Finished epoch 2: Train Perplexity: 2.6643, Dev Perplexity: 2.4311, Accuracy: 0.6433, Sequence Accuracy: 0.0088
2018-01-31 04:23:30,867 seq2seq.trainer.supervised_trainer DEBUG    Epoch: 3, Step: 240
2018-01-31 04:23:44,408 seq2seq.trainer.supervised_trainer INFO     Progress: 4%, Train Perplexity: 2.2915
2018-01-31 04:24:17,845 seq2seq.trainer.supervised_trainer INFO     Progress: 4%, Train Perplexity: 2.1216
2018-01-31 04:24:32,232 seq2seq.trainer.supervised_trainer INFO     Progress: 5%, Train Perplexity: 2.2391
2018-01-31 04:24:46,678 seq2seq.trainer.supervised_trainer INFO     Progress: 5%, Train Perplexity: 2.1670
2018-01-31 04:24:59,822 seq2seq.trainer.supervised_trainer INFO     Progress: 5%, Train Perplexity: 2.0896
2018-01-31 04:25:14,253 seq2seq.trainer.supervised_trainer INFO     Progress: 6%, Train Perplexity: 2.0102
2018-01-31 04:25:32,377 seq2seq.trainer.supervised_trainer INFO     Finished epoch 3: Train Perplexity: 2.1532, Dev Perplexity: 2.3612, Accuracy: 0.6612, Sequence Accuracy: 0.0315
2018-01-31 04:25:32,377 seq2seq.trainer.supervised_trainer DEBUG    Epoch: 4, Step: 360
2018-01-31 04:25:46,593 seq2seq.trainer.supervised_trainer INFO     Progress: 6%, Train Perplexity: 2.1904
2018-01-31 04:26:19,726 seq2seq.trainer.supervised_trainer INFO     Progress: 6%, Train Perplexity: 1.9693
2018-01-31 04:26:34,340 seq2seq.trainer.supervised_trainer INFO     Progress: 7%, Train Perplexity: 1.9873
2018-01-31 04:26:48,444 seq2seq.trainer.supervised_trainer INFO     Progress: 7%, Train Perplexity: 1.9108
2018-01-31 04:27:02,142 seq2seq.trainer.supervised_trainer INFO     Progress: 7%, Train Perplexity: 1.7300
2018-01-31 04:27:16,338 seq2seq.trainer.supervised_trainer INFO     Progress: 8%, Train Perplexity: 1.6190
2018-01-31 04:27:34,336 seq2seq.trainer.supervised_trainer INFO     Finished epoch 4: Train Perplexity: 1.9011, Dev Perplexity: 2.1771, Accuracy: 0.7334, Sequence Accuracy: 0.1726
2018-01-31 04:27:34,336 seq2seq.trainer.supervised_trainer DEBUG    Epoch: 5, Step: 480
2018-01-31 04:27:48,468 seq2seq.trainer.supervised_trainer INFO     Progress: 8%, Train Perplexity: 1.6303
2018-01-31 04:28:02,210 seq2seq.trainer.supervised_trainer INFO     Progress: 8%, Train Perplexity: 1.5991
2018-01-31 04:28:34,893 seq2seq.trainer.supervised_trainer INFO     Progress: 9%, Train Perplexity: 1.5616
2018-01-31 04:28:49,474 seq2seq.trainer.supervised_trainer INFO     Progress: 9%, Train Perplexity: 1.3527
2018-01-31 04:29:04,052 seq2seq.trainer.supervised_trainer INFO     Progress: 9%, Train Perplexity: 1.5589
2018-01-31 04:29:18,245 seq2seq.trainer.supervised_trainer INFO     Progress: 10%, Train Perplexity: 1.3991
2018-01-31 04:29:36,333 seq2seq.trainer.supervised_trainer INFO     Finished epoch 5: Train Perplexity: 1.5169, Dev Perplexity: 1.7055, Accuracy: 0.8157, Sequence Accuracy: 0.4229
2018-01-31 04:29:36,334 seq2seq.trainer.supervised_trainer DEBUG    Epoch: 6, Step: 600
2018-01-31 04:29:51,029 seq2seq.trainer.supervised_trainer INFO     Progress: 10%, Train Perplexity: 1.3286
2018-01-31 04:30:06,431 seq2seq.trainer.supervised_trainer INFO     Progress: 10%, Train Perplexity: 1.4540
2018-01-31 04:30:21,250 seq2seq.trainer.supervised_trainer INFO     Progress: 11%, Train Perplexity: 1.4130
2018-01-31 04:30:52,419 seq2seq.trainer.supervised_trainer INFO     Progress: 11%, Train Perplexity: 1.2342
2018-01-31 04:31:06,249 seq2seq.trainer.supervised_trainer INFO     Progress: 11%, Train Perplexity: 1.1940
2018-01-31 04:31:20,337 seq2seq.trainer.supervised_trainer INFO     Progress: 12%, Train Perplexity: 1.2277
2018-01-31 04:31:38,563 seq2seq.trainer.supervised_trainer INFO     Finished epoch 6: Train Perplexity: 1.3086, Dev Perplexity: 1.4811, Accuracy: 0.8898, Sequence Accuracy: 0.4626
2018-01-31 04:31:38,563 seq2seq.trainer.supervised_trainer DEBUG    Epoch: 7, Step: 720
2018-01-31 04:31:54,237 seq2seq.trainer.supervised_trainer INFO     Progress: 12%, Train Perplexity: 1.3426
2018-01-31 04:32:08,138 seq2seq.trainer.supervised_trainer INFO     Progress: 12%, Train Perplexity: 1.1931
2018-01-31 04:32:23,231 seq2seq.trainer.supervised_trainer INFO     Progress: 13%, Train Perplexity: 1.2351
2018-01-31 04:32:55,294 seq2seq.trainer.supervised_trainer INFO     Progress: 13%, Train Perplexity: 1.2076
2018-01-31 04:33:08,894 seq2seq.trainer.supervised_trainer INFO     Progress: 13%, Train Perplexity: 1.1275
2018-01-31 04:33:23,405 seq2seq.trainer.supervised_trainer INFO     Progress: 14%, Train Perplexity: 1.1388
2018-01-31 04:33:41,532 seq2seq.trainer.supervised_trainer INFO     Finished epoch 7: Train Perplexity: 1.2074, Dev Perplexity: 1.4063, Accuracy: 0.8903, Sequence Accuracy: 0.5803
2018-01-31 04:33:41,532 seq2seq.trainer.supervised_trainer DEBUG    Epoch: 8, Step: 840
2018-01-31 04:33:56,661 seq2seq.trainer.supervised_trainer INFO     Progress: 14%, Train Perplexity: 1.2078
2018-01-31 04:34:10,613 seq2seq.trainer.supervised_trainer INFO     Progress: 14%, Train Perplexity: 1.1951
2018-01-31 04:34:25,530 seq2seq.trainer.supervised_trainer INFO     Progress: 15%, Train Perplexity: 1.2091
2018-01-31 04:34:40,310 seq2seq.trainer.supervised_trainer INFO     Progress: 15%, Train Perplexity: 1.1648
2018-01-31 04:35:11,757 seq2seq.trainer.supervised_trainer INFO     Progress: 15%, Train Perplexity: 1.1469
2018-01-31 04:35:25,736 seq2seq.trainer.supervised_trainer INFO     Progress: 16%, Train Perplexity: 1.1381
2018-01-31 04:35:43,885 seq2seq.trainer.supervised_trainer INFO     Finished epoch 8: Train Perplexity: 1.1769, Dev Perplexity: 1.4047, Accuracy: 0.8990, Sequence Accuracy: 0.5097
2018-01-31 04:35:43,885 seq2seq.trainer.supervised_trainer DEBUG    Epoch: 9, Step: 960
2018-01-31 04:35:58,072 seq2seq.trainer.supervised_trainer INFO     Progress: 16%, Train Perplexity: 1.2446
2018-01-31 04:36:12,956 seq2seq.trainer.supervised_trainer INFO     Progress: 16%, Train Perplexity: 1.1526
2018-01-31 04:36:27,531 seq2seq.trainer.supervised_trainer INFO     Progress: 17%, Train Perplexity: 1.1595
2018-01-31 04:36:41,982 seq2seq.trainer.supervised_trainer INFO     Progress: 17%, Train Perplexity: 1.0807
2018-01-31 04:36:56,520 seq2seq.trainer.supervised_trainer INFO     Progress: 17%, Train Perplexity: 1.2042
2018-01-31 04:37:28,823 seq2seq.trainer.supervised_trainer INFO     Progress: 18%, Train Perplexity: 1.1061
2018-01-31 04:37:46,919 seq2seq.trainer.supervised_trainer INFO     Finished epoch 9: Train Perplexity: 1.1579, Dev Perplexity: 1.6598, Accuracy: 0.8733, Sequence Accuracy: 0.5889
2018-01-31 04:37:46,919 seq2seq.trainer.supervised_trainer DEBUG    Epoch: 10, Step: 1080
2018-01-31 04:38:02,350 seq2seq.trainer.supervised_trainer INFO     Progress: 18%, Train Perplexity: 1.1605
2018-01-31 04:38:16,828 seq2seq.trainer.supervised_trainer INFO     Progress: 18%, Train Perplexity: 1.1724
2018-01-31 04:38:30,874 seq2seq.trainer.supervised_trainer INFO     Progress: 19%, Train Perplexity: 1.1037
2018-01-31 04:38:45,518 seq2seq.trainer.supervised_trainer INFO     Progress: 19%, Train Perplexity: 1.1180
2018-01-31 04:38:59,553 seq2seq.trainer.supervised_trainer INFO     Progress: 19%, Train Perplexity: 1.0888
2018-01-31 04:39:32,237 seq2seq.trainer.supervised_trainer INFO     Progress: 20%, Train Perplexity: 1.0784
2018-01-31 04:39:50,448 seq2seq.trainer.supervised_trainer INFO     Finished epoch 10: Train Perplexity: 1.1203, Dev Perplexity: 1.2676, Accuracy: 0.9273, Sequence Accuracy: 0.6395
2018-01-31 04:39:50,448 seq2seq.trainer.supervised_trainer DEBUG    Epoch: 11, Step: 1200
2018-01-31 04:40:05,998 seq2seq.trainer.supervised_trainer INFO     Progress: 20%, Train Perplexity: 1.1388
2018-01-31 04:40:20,058 seq2seq.trainer.supervised_trainer INFO     Progress: 20%, Train Perplexity: 1.1113
2018-01-31 04:40:35,058 seq2seq.trainer.supervised_trainer INFO     Progress: 21%, Train Perplexity: 1.1028
2018-01-31 04:40:48,644 seq2seq.trainer.supervised_trainer INFO     Progress: 21%, Train Perplexity: 1.0807
2018-01-31 04:41:02,798 seq2seq.trainer.supervised_trainer INFO     Progress: 21%, Train Perplexity: 1.0914
2018-01-31 04:41:17,470 seq2seq.trainer.supervised_trainer INFO     Progress: 22%, Train Perplexity: 1.0928
2018-01-31 04:41:35,602 seq2seq.trainer.supervised_trainer INFO     Finished epoch 11: Train Perplexity: 1.1030, Dev Perplexity: 1.3309, Accuracy: 0.9223, Sequence Accuracy: 0.5837
2018-01-31 04:41:35,602 seq2seq.trainer.supervised_trainer DEBUG    Epoch: 12, Step: 1320
2018-01-31 04:42:07,323 seq2seq.trainer.supervised_trainer INFO     Progress: 22%, Train Perplexity: 1.0922
2018-01-31 04:42:22,266 seq2seq.trainer.supervised_trainer INFO     Progress: 22%, Train Perplexity: 1.0414
2018-01-31 04:42:36,968 seq2seq.trainer.supervised_trainer INFO     Progress: 23%, Train Perplexity: 1.0352
2018-01-31 04:42:51,018 seq2seq.trainer.supervised_trainer INFO     Progress: 23%, Train Perplexity: 1.0542
2018-01-31 04:43:04,258 seq2seq.trainer.supervised_trainer INFO     Progress: 23%, Train Perplexity: 1.1168
2018-01-31 04:43:18,146 seq2seq.trainer.supervised_trainer INFO     Progress: 24%, Train Perplexity: 1.0340
2018-01-31 04:43:36,319 seq2seq.trainer.supervised_trainer INFO     Finished epoch 12: Train Perplexity: 1.0623, Dev Perplexity: 1.3731, Accuracy: 0.9257, Sequence Accuracy: 0.7180
2018-01-31 04:43:36,319 seq2seq.trainer.supervised_trainer DEBUG    Epoch: 13, Step: 1440
2018-01-31 04:43:50,684 seq2seq.trainer.supervised_trainer INFO     Progress: 24%, Train Perplexity: 1.0913
2018-01-31 04:44:23,189 seq2seq.trainer.supervised_trainer INFO     Progress: 24%, Train Perplexity: 1.0789
2018-01-31 04:44:36,513 seq2seq.trainer.supervised_trainer INFO     Progress: 25%, Train Perplexity: 1.0578
2018-01-31 04:44:50,485 seq2seq.trainer.supervised_trainer INFO     Progress: 25%, Train Perplexity: 1.0432
2018-01-31 04:45:05,357 seq2seq.trainer.supervised_trainer INFO     Progress: 25%, Train Perplexity: 1.0438
2018-01-31 04:45:19,612 seq2seq.trainer.supervised_trainer INFO     Progress: 26%, Train Perplexity: 1.0862
2018-01-31 04:45:37,727 seq2seq.trainer.supervised_trainer INFO     Finished epoch 13: Train Perplexity: 1.0669, Dev Perplexity: 1.9636, Accuracy: 0.8519, Sequence Accuracy: 0.5227
2018-01-31 04:45:37,728 seq2seq.trainer.supervised_trainer DEBUG    Epoch: 14, Step: 1560
2018-01-31 04:45:52,817 seq2seq.trainer.supervised_trainer INFO     Progress: 26%, Train Perplexity: 1.1800
2018-01-31 04:46:25,884 seq2seq.trainer.supervised_trainer INFO     Progress: 26%, Train Perplexity: 1.1621
2018-01-31 04:46:38,718 seq2seq.trainer.supervised_trainer INFO     Progress: 27%, Train Perplexity: 1.0376
2018-01-31 04:46:52,785 seq2seq.trainer.supervised_trainer INFO     Progress: 27%, Train Perplexity: 1.0962
2018-01-31 04:47:06,941 seq2seq.trainer.supervised_trainer INFO     Progress: 27%, Train Perplexity: 1.0533
2018-01-31 04:47:21,093 seq2seq.trainer.supervised_trainer INFO     Progress: 28%, Train Perplexity: 1.0501
2018-01-31 04:47:39,151 seq2seq.trainer.supervised_trainer INFO     Finished epoch 14: Train Perplexity: 1.0965, Dev Perplexity: 1.4434, Accuracy: 0.9169, Sequence Accuracy: 0.6871
2018-01-31 04:47:39,151 seq2seq.trainer.supervised_trainer DEBUG    Epoch: 15, Step: 1680
2018-01-31 04:47:53,739 seq2seq.trainer.supervised_trainer INFO     Progress: 28%, Train Perplexity: 1.0754
2018-01-31 04:48:07,532 seq2seq.trainer.supervised_trainer INFO     Progress: 28%, Train Perplexity: 1.1005
2018-01-31 04:48:39,915 seq2seq.trainer.supervised_trainer INFO     Progress: 28%, Train Perplexity: 1.0634
2018-01-31 04:48:53,699 seq2seq.trainer.supervised_trainer INFO     Progress: 29%, Train Perplexity: 1.0621
2018-01-31 04:49:08,018 seq2seq.trainer.supervised_trainer INFO     Progress: 29%, Train Perplexity: 1.0716
2018-01-31 04:49:22,223 seq2seq.trainer.supervised_trainer INFO     Progress: 30%, Train Perplexity: 1.0590
2018-01-31 04:49:40,260 seq2seq.trainer.supervised_trainer INFO     Finished epoch 15: Train Perplexity: 1.0720, Dev Perplexity: 1.2397, Accuracy: 0.9455, Sequence Accuracy: 0.7743
2018-01-31 04:49:40,260 seq2seq.trainer.supervised_trainer DEBUG    Epoch: 16, Step: 1800
2018-01-31 04:49:55,321 seq2seq.trainer.supervised_trainer INFO     Progress: 30%, Train Perplexity: 1.0668
2018-01-31 04:50:09,731 seq2seq.trainer.supervised_trainer INFO     Progress: 30%, Train Perplexity: 1.0614
2018-01-31 04:50:23,522 seq2seq.trainer.supervised_trainer INFO     Progress: 31%, Train Perplexity: 1.0776
2018-01-31 04:50:55,838 seq2seq.trainer.supervised_trainer INFO     Progress: 31%, Train Perplexity: 1.1414
2018-01-31 04:51:10,312 seq2seq.trainer.supervised_trainer INFO     Progress: 31%, Train Perplexity: 1.1185
2018-01-31 04:51:24,473 seq2seq.trainer.supervised_trainer INFO     Progress: 32%, Train Perplexity: 1.0324
2018-01-31 04:51:42,675 seq2seq.trainer.supervised_trainer INFO     Finished epoch 16: Train Perplexity: 1.0830, Dev Perplexity: 1.2626, Accuracy: 0.9425, Sequence Accuracy: 0.7892
2018-01-31 04:51:42,675 seq2seq.trainer.supervised_trainer DEBUG    Epoch: 17, Step: 1920
2018-01-31 04:51:56,844 seq2seq.trainer.supervised_trainer INFO     Progress: 32%, Train Perplexity: 1.0775
2018-01-31 04:52:11,314 seq2seq.trainer.supervised_trainer INFO     Progress: 32%, Train Perplexity: 1.1092
2018-01-31 04:52:25,238 seq2seq.trainer.supervised_trainer INFO     Progress: 33%, Train Perplexity: 1.0486
2018-01-31 04:52:58,919 seq2seq.trainer.supervised_trainer INFO     Progress: 33%, Train Perplexity: 1.0563
2018-01-31 04:53:12,684 seq2seq.trainer.supervised_trainer INFO     Progress: 33%, Train Perplexity: 1.0303
2018-01-31 04:53:26,672 seq2seq.trainer.supervised_trainer INFO     Progress: 34%, Train Perplexity: 1.0610
2018-01-31 04:53:44,990 seq2seq.trainer.supervised_trainer INFO     Finished epoch 17: Train Perplexity: 1.0638, Dev Perplexity: 1.3403, Accuracy: 0.9346, Sequence Accuracy: 0.7745
2018-01-31 04:53:44,990 seq2seq.trainer.supervised_trainer DEBUG    Epoch: 18, Step: 2040
2018-01-31 04:53:59,258 seq2seq.trainer.supervised_trainer INFO     Progress: 34%, Train Perplexity: 1.0796
2018-01-31 04:54:13,796 seq2seq.trainer.supervised_trainer INFO     Progress: 34%, Train Perplexity: 1.0659
2018-01-31 04:54:28,116 seq2seq.trainer.supervised_trainer INFO     Progress: 35%, Train Perplexity: 1.0912
2018-01-31 04:54:43,261 seq2seq.trainer.supervised_trainer INFO     Progress: 35%, Train Perplexity: 1.0367
2018-01-31 04:55:15,720 seq2seq.trainer.supervised_trainer INFO     Progress: 35%, Train Perplexity: 1.0564
2018-01-31 04:55:29,898 seq2seq.trainer.supervised_trainer INFO     Progress: 36%, Train Perplexity: 1.1008
2018-01-31 04:55:48,088 seq2seq.trainer.supervised_trainer INFO     Finished epoch 18: Train Perplexity: 1.0718, Dev Perplexity: 1.5298, Accuracy: 0.9162, Sequence Accuracy: 0.5755
2018-01-31 04:55:48,088 seq2seq.trainer.supervised_trainer DEBUG    Epoch: 19, Step: 2160
2018-01-31 04:56:03,805 seq2seq.trainer.supervised_trainer INFO     Progress: 36%, Train Perplexity: 1.0950
2018-01-31 04:56:18,114 seq2seq.trainer.supervised_trainer INFO     Progress: 36%, Train Perplexity: 1.0375
2018-01-31 04:56:31,399 seq2seq.trainer.supervised_trainer INFO     Progress: 37%, Train Perplexity: 1.0664
2018-01-31 04:56:45,395 seq2seq.trainer.supervised_trainer INFO     Progress: 37%, Train Perplexity: 1.0718
2018-01-31 04:57:00,496 seq2seq.trainer.supervised_trainer INFO     Progress: 37%, Train Perplexity: 1.0671
2018-01-31 04:57:32,973 seq2seq.trainer.supervised_trainer INFO     Progress: 38%, Train Perplexity: 1.0329
2018-01-31 04:57:51,129 seq2seq.trainer.supervised_trainer INFO     Finished epoch 19: Train Perplexity: 1.0618, Dev Perplexity: 1.2902, Accuracy: 0.9441, Sequence Accuracy: 0.8113
2018-01-31 04:57:51,129 seq2seq.trainer.supervised_trainer DEBUG    Epoch: 20, Step: 2280
2018-01-31 04:58:06,198 seq2seq.trainer.supervised_trainer INFO     Progress: 38%, Train Perplexity: 1.0547
2018-01-31 04:58:19,867 seq2seq.trainer.supervised_trainer INFO     Progress: 38%, Train Perplexity: 1.0475
2018-01-31 04:58:34,190 seq2seq.trainer.supervised_trainer INFO     Progress: 39%, Train Perplexity: 1.0283
2018-01-31 04:58:49,473 seq2seq.trainer.supervised_trainer INFO     Progress: 39%, Train Perplexity: 1.0374
2018-01-31 04:59:03,572 seq2seq.trainer.supervised_trainer INFO     Progress: 39%, Train Perplexity: 1.0362
2018-01-31 04:59:36,489 seq2seq.trainer.supervised_trainer INFO     Progress: 40%, Train Perplexity: 1.0229
2018-01-31 04:59:54,615 seq2seq.trainer.supervised_trainer INFO     Finished epoch 20: Train Perplexity: 1.0378, Dev Perplexity: 1.2758, Accuracy: 0.9454, Sequence Accuracy: 0.8332
2018-01-31 04:59:54,615 seq2seq.trainer.supervised_trainer DEBUG    Epoch: 21, Step: 2400
2018-01-31 05:00:08,198 seq2seq.trainer.supervised_trainer INFO     Progress: 40%, Train Perplexity: 1.0460
2018-01-31 05:00:23,021 seq2seq.trainer.supervised_trainer INFO     Progress: 40%, Train Perplexity: 1.0469
2018-01-31 05:00:37,004 seq2seq.trainer.supervised_trainer INFO     Progress: 41%, Train Perplexity: 1.0258
2018-01-31 05:00:52,206 seq2seq.trainer.supervised_trainer INFO     Progress: 41%, Train Perplexity: 1.0820
2018-01-31 05:01:06,830 seq2seq.trainer.supervised_trainer INFO     Progress: 41%, Train Perplexity: 1.0133
2018-01-31 05:01:21,452 seq2seq.trainer.supervised_trainer INFO     Progress: 42%, Train Perplexity: 1.0405
2018-01-31 05:01:39,568 seq2seq.trainer.supervised_trainer INFO     Finished epoch 21: Train Perplexity: 1.0424, Dev Perplexity: 1.3008, Accuracy: 0.9435, Sequence Accuracy: 0.8040
2018-01-31 05:01:39,568 seq2seq.trainer.supervised_trainer DEBUG    Epoch: 22, Step: 2520
2018-01-31 05:02:12,137 seq2seq.trainer.supervised_trainer INFO     Progress: 42%, Train Perplexity: 1.0295
2018-01-31 05:02:26,864 seq2seq.trainer.supervised_trainer INFO     Progress: 42%, Train Perplexity: 1.0489
2018-01-31 05:02:41,039 seq2seq.trainer.supervised_trainer INFO     Progress: 43%, Train Perplexity: 1.0461
2018-01-31 05:02:54,765 seq2seq.trainer.supervised_trainer INFO     Progress: 43%, Train Perplexity: 1.0525
2018-01-31 05:03:08,990 seq2seq.trainer.supervised_trainer INFO     Progress: 43%, Train Perplexity: 1.0407
2018-01-31 05:03:23,398 seq2seq.trainer.supervised_trainer INFO     Progress: 44%, Train Perplexity: 1.0288
2018-01-31 05:03:41,564 seq2seq.trainer.supervised_trainer INFO     Finished epoch 22: Train Perplexity: 1.0411, Dev Perplexity: 1.1876, Accuracy: 0.9635, Sequence Accuracy: 0.7949
2018-01-31 05:03:41,565 seq2seq.trainer.supervised_trainer DEBUG    Epoch: 23, Step: 2640
2018-01-31 05:03:56,079 seq2seq.trainer.supervised_trainer INFO     Progress: 44%, Train Perplexity: 1.0336
2018-01-31 05:04:28,309 seq2seq.trainer.supervised_trainer INFO     Progress: 44%, Train Perplexity: 1.0377
2018-01-31 05:04:42,289 seq2seq.trainer.supervised_trainer INFO     Progress: 45%, Train Perplexity: 1.0289
2018-01-31 05:04:56,690 seq2seq.trainer.supervised_trainer INFO     Progress: 45%, Train Perplexity: 1.0093
2018-01-31 05:05:10,552 seq2seq.trainer.supervised_trainer INFO     Progress: 45%, Train Perplexity: 1.0090
2018-01-31 05:05:24,688 seq2seq.trainer.supervised_trainer INFO     Progress: 46%, Train Perplexity: 1.0204
2018-01-31 05:05:42,956 seq2seq.trainer.supervised_trainer INFO     Finished epoch 23: Train Perplexity: 1.0232, Dev Perplexity: 1.3266, Accuracy: 0.9527, Sequence Accuracy: 0.8033
2018-01-31 05:05:42,957 seq2seq.trainer.supervised_trainer DEBUG    Epoch: 24, Step: 2760
2018-01-31 05:05:57,633 seq2seq.trainer.supervised_trainer INFO     Progress: 46%, Train Perplexity: 1.0374
2018-01-31 05:06:30,892 seq2seq.trainer.supervised_trainer INFO     Progress: 46%, Train Perplexity: 1.0825
2018-01-31 05:06:45,035 seq2seq.trainer.supervised_trainer INFO     Progress: 47%, Train Perplexity: 1.0204
2018-01-31 05:06:58,465 seq2seq.trainer.supervised_trainer INFO     Progress: 47%, Train Perplexity: 1.0118
2018-01-31 05:07:12,214 seq2seq.trainer.supervised_trainer INFO     Progress: 47%, Train Perplexity: 1.0107
2018-01-31 05:07:26,303 seq2seq.trainer.supervised_trainer INFO     Progress: 48%, Train Perplexity: 1.0123
2018-01-31 05:07:44,584 seq2seq.trainer.supervised_trainer INFO     Finished epoch 24: Train Perplexity: 1.0292, Dev Perplexity: 1.2465, Accuracy: 0.9633, Sequence Accuracy: 0.8518
2018-01-31 05:07:44,585 seq2seq.trainer.supervised_trainer DEBUG    Epoch: 25, Step: 2880
2018-01-31 05:07:59,669 seq2seq.trainer.supervised_trainer INFO     Progress: 48%, Train Perplexity: 1.0210
2018-01-31 05:08:14,127 seq2seq.trainer.supervised_trainer INFO     Progress: 48%, Train Perplexity: 1.0197
2018-01-31 05:08:46,405 seq2seq.trainer.supervised_trainer INFO     Progress: 49%, Train Perplexity: 1.0262
2018-01-31 05:08:59,202 seq2seq.trainer.supervised_trainer INFO     Progress: 49%, Train Perplexity: 1.0196
2018-01-31 05:09:14,032 seq2seq.trainer.supervised_trainer INFO     Progress: 49%, Train Perplexity: 1.0213
2018-01-31 05:09:28,131 seq2seq.trainer.supervised_trainer INFO     Progress: 50%, Train Perplexity: 1.0542
2018-01-31 05:09:46,410 seq2seq.trainer.supervised_trainer INFO     Finished epoch 25: Train Perplexity: 1.0270, Dev Perplexity: 1.3680, Accuracy: 0.9392, Sequence Accuracy: 0.7591
2018-01-31 05:09:46,411 seq2seq.trainer.supervised_trainer DEBUG    Epoch: 26, Step: 3000
2018-01-31 05:10:01,701 seq2seq.trainer.supervised_trainer INFO     Progress: 50%, Train Perplexity: 1.0462
2018-01-31 05:10:16,895 seq2seq.trainer.supervised_trainer INFO     Progress: 50%, Train Perplexity: 1.0210
2018-01-31 05:10:48,449 seq2seq.trainer.supervised_trainer INFO     Progress: 51%, Train Perplexity: 1.0151
2018-01-31 05:11:02,852 seq2seq.trainer.supervised_trainer INFO     Progress: 51%, Train Perplexity: 1.0143
2018-01-31 05:11:16,051 seq2seq.trainer.supervised_trainer INFO     Progress: 51%, Train Perplexity: 1.0133
2018-01-31 05:11:30,426 seq2seq.trainer.supervised_trainer INFO     Progress: 52%, Train Perplexity: 1.0149
2018-01-31 05:11:48,641 seq2seq.trainer.supervised_trainer INFO     Finished epoch 26: Train Perplexity: 1.0208, Dev Perplexity: 1.3674, Accuracy: 0.9539, Sequence Accuracy: 0.8045
2018-01-31 05:11:48,641 seq2seq.trainer.supervised_trainer DEBUG    Epoch: 27, Step: 3120
2018-01-31 05:12:03,503 seq2seq.trainer.supervised_trainer INFO     Progress: 52%, Train Perplexity: 1.0206
2018-01-31 05:12:18,052 seq2seq.trainer.supervised_trainer INFO     Progress: 52%, Train Perplexity: 1.0489
2018-01-31 05:12:32,946 seq2seq.trainer.supervised_trainer INFO     Progress: 53%, Train Perplexity: 1.0215
2018-01-31 05:13:04,914 seq2seq.trainer.supervised_trainer INFO     Progress: 53%, Train Perplexity: 1.0351
2018-01-31 05:13:19,068 seq2seq.trainer.supervised_trainer INFO     Progress: 53%, Train Perplexity: 1.0044
2018-01-31 05:13:32,890 seq2seq.trainer.supervised_trainer INFO     Progress: 54%, Train Perplexity: 1.0122
2018-01-31 05:13:51,210 seq2seq.trainer.supervised_trainer INFO     Finished epoch 27: Train Perplexity: 1.0238, Dev Perplexity: 1.4239, Accuracy: 0.9544, Sequence Accuracy: 0.7813
2018-01-31 05:13:51,210 seq2seq.trainer.supervised_trainer DEBUG    Epoch: 28, Step: 3240
2018-01-31 05:14:05,744 seq2seq.trainer.supervised_trainer INFO     Progress: 54%, Train Perplexity: 1.0232
2018-01-31 05:14:20,429 seq2seq.trainer.supervised_trainer INFO     Progress: 54%, Train Perplexity: 1.0792
2018-01-31 05:14:34,833 seq2seq.trainer.supervised_trainer INFO     Progress: 55%, Train Perplexity: 1.0310
2018-01-31 05:14:50,116 seq2seq.trainer.supervised_trainer INFO     Progress: 55%, Train Perplexity: 1.0308
2018-01-31 05:15:21,932 seq2seq.trainer.supervised_trainer INFO     Progress: 55%, Train Perplexity: 1.0246
2018-01-31 05:15:36,035 seq2seq.trainer.supervised_trainer INFO     Progress: 56%, Train Perplexity: 1.0298
2018-01-31 05:15:54,256 seq2seq.trainer.supervised_trainer INFO     Finished epoch 28: Train Perplexity: 1.0364, Dev Perplexity: 1.3583, Accuracy: 0.9478, Sequence Accuracy: 0.6778
2018-01-31 05:15:54,256 seq2seq.trainer.supervised_trainer DEBUG    Epoch: 29, Step: 3360
2018-01-31 05:16:08,427 seq2seq.trainer.supervised_trainer INFO     Progress: 56%, Train Perplexity: 1.0582
2018-01-31 05:16:23,816 seq2seq.trainer.supervised_trainer INFO     Progress: 56%, Train Perplexity: 1.0353
2018-01-31 05:16:38,071 seq2seq.trainer.supervised_trainer INFO     Progress: 56%, Train Perplexity: 1.0194
2018-01-31 05:16:52,482 seq2seq.trainer.supervised_trainer INFO     Progress: 57%, Train Perplexity: 1.0477
2018-01-31 05:17:25,091 seq2seq.trainer.supervised_trainer INFO     Progress: 57%, Train Perplexity: 1.0179
2018-01-31 05:17:39,453 seq2seq.trainer.supervised_trainer INFO     Progress: 57%, Train Perplexity: 1.0357
2018-01-31 05:17:57,833 seq2seq.trainer.supervised_trainer INFO     Finished epoch 29: Train Perplexity: 1.0357, Dev Perplexity: 1.5503, Accuracy: 0.9232, Sequence Accuracy: 0.7711
2018-01-31 05:17:57,833 seq2seq.trainer.supervised_trainer DEBUG    Epoch: 30, Step: 3480
2018-01-31 05:18:11,785 seq2seq.trainer.supervised_trainer INFO     Progress: 58%, Train Perplexity: 1.0249
2018-01-31 05:18:25,942 seq2seq.trainer.supervised_trainer INFO     Progress: 58%, Train Perplexity: 1.0130
2018-01-31 05:18:39,948 seq2seq.trainer.supervised_trainer INFO     Progress: 59%, Train Perplexity: 1.0082
2018-01-31 05:18:54,397 seq2seq.trainer.supervised_trainer INFO     Progress: 59%, Train Perplexity: 1.0217
2018-01-31 05:19:10,077 seq2seq.trainer.supervised_trainer INFO     Progress: 59%, Train Perplexity: 1.0154
2018-01-31 05:19:42,711 seq2seq.trainer.supervised_trainer INFO     Progress: 60%, Train Perplexity: 1.0075
2018-01-31 05:20:01,010 seq2seq.trainer.supervised_trainer INFO     Finished epoch 30: Train Perplexity: 1.0151, Dev Perplexity: 1.2748, Accuracy: 0.9514, Sequence Accuracy: 0.8371
2018-01-31 05:20:01,010 seq2seq.trainer.supervised_trainer DEBUG    Epoch: 31, Step: 3600
2018-01-31 05:20:15,510 seq2seq.trainer.supervised_trainer INFO     Progress: 60%, Train Perplexity: 1.0167
2018-01-31 05:20:30,550 seq2seq.trainer.supervised_trainer INFO     Progress: 60%, Train Perplexity: 1.0160
2018-01-31 05:20:44,654 seq2seq.trainer.supervised_trainer INFO     Progress: 61%, Train Perplexity: 1.0212
2018-01-31 05:20:58,245 seq2seq.trainer.supervised_trainer INFO     Progress: 61%, Train Perplexity: 1.0079
2018-01-31 05:21:13,388 seq2seq.trainer.supervised_trainer INFO     Progress: 61%, Train Perplexity: 1.0073
2018-01-31 05:21:28,145 seq2seq.trainer.supervised_trainer INFO     Progress: 62%, Train Perplexity: 1.0357
2018-01-31 05:21:46,448 seq2seq.trainer.supervised_trainer INFO     Finished epoch 31: Train Perplexity: 1.0175, Dev Perplexity: 1.3243, Accuracy: 0.9520, Sequence Accuracy: 0.7808
2018-01-31 05:21:46,449 seq2seq.trainer.supervised_trainer DEBUG    Epoch: 32, Step: 3720
2018-01-31 05:22:19,007 seq2seq.trainer.supervised_trainer INFO     Progress: 62%, Train Perplexity: 1.0487
2018-01-31 05:22:33,278 seq2seq.trainer.supervised_trainer INFO     Progress: 62%, Train Perplexity: 1.0270
2018-01-31 05:22:46,745 seq2seq.trainer.supervised_trainer INFO     Progress: 63%, Train Perplexity: 1.0075
2018-01-31 05:23:01,358 seq2seq.trainer.supervised_trainer INFO     Progress: 63%, Train Perplexity: 1.0036
2018-01-31 05:23:15,459 seq2seq.trainer.supervised_trainer INFO     Progress: 63%, Train Perplexity: 1.0151
2018-01-31 05:23:29,526 seq2seq.trainer.supervised_trainer INFO     Progress: 64%, Train Perplexity: 1.0108
2018-01-31 05:23:47,805 seq2seq.trainer.supervised_trainer INFO     Finished epoch 32: Train Perplexity: 1.0188, Dev Perplexity: 1.4093, Accuracy: 0.9552, Sequence Accuracy: 0.7879
2018-01-31 05:23:47,805 seq2seq.trainer.supervised_trainer DEBUG    Epoch: 33, Step: 3840
2018-01-31 05:24:19,790 seq2seq.trainer.supervised_trainer INFO     Progress: 64%, Train Perplexity: 1.0282
2018-01-31 05:24:34,433 seq2seq.trainer.supervised_trainer INFO     Progress: 64%, Train Perplexity: 1.0172
2018-01-31 05:24:48,557 seq2seq.trainer.supervised_trainer INFO     Progress: 65%, Train Perplexity: 1.0076
2018-01-31 05:25:02,795 seq2seq.trainer.supervised_trainer INFO     Progress: 65%, Train Perplexity: 1.0070
2018-01-31 05:25:16,999 seq2seq.trainer.supervised_trainer INFO     Progress: 65%, Train Perplexity: 1.0076
2018-01-31 05:25:31,238 seq2seq.trainer.supervised_trainer INFO     Progress: 66%, Train Perplexity: 1.0078
2018-01-31 05:25:49,535 seq2seq.trainer.supervised_trainer INFO     Finished epoch 33: Train Perplexity: 1.0126, Dev Perplexity: 1.4746, Accuracy: 0.9441, Sequence Accuracy: 0.7471
2018-01-31 05:25:49,536 seq2seq.trainer.supervised_trainer DEBUG    Epoch: 34, Step: 3960
2018-01-31 05:26:03,911 seq2seq.trainer.supervised_trainer INFO     Progress: 66%, Train Perplexity: 1.0289
2018-01-31 05:26:36,458 seq2seq.trainer.supervised_trainer INFO     Progress: 66%, Train Perplexity: 1.0133
2018-01-31 05:26:51,515 seq2seq.trainer.supervised_trainer INFO     Progress: 67%, Train Perplexity: 1.0029
2018-01-31 05:27:05,475 seq2seq.trainer.supervised_trainer INFO     Progress: 67%, Train Perplexity: 1.0033
2018-01-31 05:27:19,443 seq2seq.trainer.supervised_trainer INFO     Progress: 67%, Train Perplexity: 1.0028
2018-01-31 05:27:33,593 seq2seq.trainer.supervised_trainer INFO     Progress: 68%, Train Perplexity: 1.0029
2018-01-31 05:27:51,899 seq2seq.trainer.supervised_trainer INFO     Finished epoch 34: Train Perplexity: 1.0090, Dev Perplexity: 1.3229, Accuracy: 0.9650, Sequence Accuracy: 0.8627
2018-01-31 05:27:51,899 seq2seq.trainer.supervised_trainer DEBUG    Epoch: 35, Step: 4080
2018-01-31 05:28:06,218 seq2seq.trainer.supervised_trainer INFO     Progress: 68%, Train Perplexity: 1.0148
2018-01-31 05:28:19,774 seq2seq.trainer.supervised_trainer INFO     Progress: 68%, Train Perplexity: 1.0262
2018-01-31 05:28:52,926 seq2seq.trainer.supervised_trainer INFO     Progress: 69%, Train Perplexity: 1.0133
2018-01-31 05:29:06,982 seq2seq.trainer.supervised_trainer INFO     Progress: 69%, Train Perplexity: 1.0180
2018-01-31 05:29:21,705 seq2seq.trainer.supervised_trainer INFO     Progress: 69%, Train Perplexity: 1.0224
2018-01-31 05:29:35,713 seq2seq.trainer.supervised_trainer INFO     Progress: 70%, Train Perplexity: 1.0039
2018-01-31 05:29:54,031 seq2seq.trainer.supervised_trainer INFO     Finished epoch 35: Train Perplexity: 1.0164, Dev Perplexity: 1.3330, Accuracy: 0.9595, Sequence Accuracy: 0.8573
2018-01-31 05:29:54,031 seq2seq.trainer.supervised_trainer DEBUG    Epoch: 36, Step: 4200
2018-01-31 05:30:08,659 seq2seq.trainer.supervised_trainer INFO     Progress: 70%, Train Perplexity: 1.0085
2018-01-31 05:30:22,973 seq2seq.trainer.supervised_trainer INFO     Progress: 70%, Train Perplexity: 1.0112
2018-01-31 05:30:56,051 seq2seq.trainer.supervised_trainer INFO     Progress: 71%, Train Perplexity: 1.0102
2018-01-31 05:31:09,479 seq2seq.trainer.supervised_trainer INFO     Progress: 71%, Train Perplexity: 1.0154
2018-01-31 05:31:24,039 seq2seq.trainer.supervised_trainer INFO     Progress: 71%, Train Perplexity: 1.0227
2018-01-31 05:31:38,276 seq2seq.trainer.supervised_trainer INFO     Progress: 72%, Train Perplexity: 1.0075
2018-01-31 05:31:58,472 seq2seq.trainer.supervised_trainer INFO     Finished epoch 36: Train Perplexity: 1.0126, Dev Perplexity: 1.4475, Accuracy: 0.9511, Sequence Accuracy: 0.8410
2018-01-31 05:31:58,473 seq2seq.trainer.supervised_trainer DEBUG    Epoch: 37, Step: 4320
2018-01-31 05:32:19,755 seq2seq.trainer.supervised_trainer INFO     Progress: 72%, Train Perplexity: 1.0105
2018-01-31 05:32:39,725 seq2seq.trainer.supervised_trainer INFO     Progress: 72%, Train Perplexity: 1.0131
2018-01-31 05:32:58,866 seq2seq.trainer.supervised_trainer INFO     Progress: 73%, Train Perplexity: 1.0132
2018-01-31 05:33:37,070 seq2seq.trainer.supervised_trainer INFO     Progress: 73%, Train Perplexity: 1.0059
2018-01-31 05:33:51,483 seq2seq.trainer.supervised_trainer INFO     Progress: 73%, Train Perplexity: 1.0137
2018-01-31 05:34:05,697 seq2seq.trainer.supervised_trainer INFO     Progress: 74%, Train Perplexity: 1.0107
2018-01-31 05:34:24,608 seq2seq.trainer.supervised_trainer INFO     Finished epoch 37: Train Perplexity: 1.0112, Dev Perplexity: 1.3012, Accuracy: 0.9621, Sequence Accuracy: 0.8450
2018-01-31 05:34:24,608 seq2seq.trainer.supervised_trainer DEBUG    Epoch: 38, Step: 4440
2018-01-31 05:34:39,329 seq2seq.trainer.supervised_trainer INFO     Progress: 74%, Train Perplexity: 1.0291
2018-01-31 05:34:53,416 seq2seq.trainer.supervised_trainer INFO     Progress: 74%, Train Perplexity: 1.0247
2018-01-31 05:35:08,084 seq2seq.trainer.supervised_trainer INFO     Progress: 75%, Train Perplexity: 1.0110
2018-01-31 05:35:22,778 seq2seq.trainer.supervised_trainer INFO     Progress: 75%, Train Perplexity: 1.0292
2018-01-31 05:35:55,630 seq2seq.trainer.supervised_trainer INFO     Progress: 75%, Train Perplexity: 1.0145
2018-01-31 05:36:09,789 seq2seq.trainer.supervised_trainer INFO     Progress: 76%, Train Perplexity: 1.0037
2018-01-31 05:36:28,075 seq2seq.trainer.supervised_trainer INFO     Finished epoch 38: Train Perplexity: 1.0187, Dev Perplexity: 1.2957, Accuracy: 0.9665, Sequence Accuracy: 0.8611
2018-01-31 05:36:28,075 seq2seq.trainer.supervised_trainer DEBUG    Epoch: 39, Step: 4560
2018-01-31 05:36:42,517 seq2seq.trainer.supervised_trainer INFO     Progress: 76%, Train Perplexity: 1.0143
2018-01-31 05:36:57,025 seq2seq.trainer.supervised_trainer INFO     Progress: 76%, Train Perplexity: 1.0218
2018-01-31 05:37:12,283 seq2seq.trainer.supervised_trainer INFO     Progress: 77%, Train Perplexity: 1.0505
2018-01-31 05:37:26,271 seq2seq.trainer.supervised_trainer INFO     Progress: 77%, Train Perplexity: 1.0299
2018-01-31 05:37:59,451 seq2seq.trainer.supervised_trainer INFO     Progress: 77%, Train Perplexity: 1.0151
2018-01-31 05:38:13,625 seq2seq.trainer.supervised_trainer INFO     Progress: 78%, Train Perplexity: 1.0007
2018-01-31 05:38:31,849 seq2seq.trainer.supervised_trainer INFO     Finished epoch 39: Train Perplexity: 1.0221, Dev Perplexity: 1.3874, Accuracy: 0.9585, Sequence Accuracy: 0.8369
2018-01-31 05:38:31,849 seq2seq.trainer.supervised_trainer DEBUG    Epoch: 40, Step: 4680
2018-01-31 05:38:47,158 seq2seq.trainer.supervised_trainer INFO     Progress: 78%, Train Perplexity: 1.0039
2018-01-31 05:39:01,343 seq2seq.trainer.supervised_trainer INFO     Progress: 78%, Train Perplexity: 1.0143
2018-01-31 05:39:16,120 seq2seq.trainer.supervised_trainer INFO     Progress: 79%, Train Perplexity: 1.0079
2018-01-31 05:39:30,724 seq2seq.trainer.supervised_trainer INFO     Progress: 79%, Train Perplexity: 1.0083
2018-01-31 05:39:44,859 seq2seq.trainer.supervised_trainer INFO     Progress: 79%, Train Perplexity: 1.0103
2018-01-31 05:40:17,288 seq2seq.trainer.supervised_trainer INFO     Progress: 80%, Train Perplexity: 1.0057
2018-01-31 05:40:35,682 seq2seq.trainer.supervised_trainer INFO     Finished epoch 40: Train Perplexity: 1.0084, Dev Perplexity: 1.3469, Accuracy: 0.9546, Sequence Accuracy: 0.8205
2018-01-31 05:40:35,682 seq2seq.trainer.supervised_trainer DEBUG    Epoch: 41, Step: 4800
2018-01-31 05:40:50,580 seq2seq.trainer.supervised_trainer INFO     Progress: 80%, Train Perplexity: 1.0115
2018-01-31 05:41:04,520 seq2seq.trainer.supervised_trainer INFO     Progress: 80%, Train Perplexity: 1.0092
2018-01-31 05:41:18,937 seq2seq.trainer.supervised_trainer INFO     Progress: 81%, Train Perplexity: 1.0175
2018-01-31 05:41:33,932 seq2seq.trainer.supervised_trainer INFO     Progress: 81%, Train Perplexity: 1.0136
2018-01-31 05:41:48,762 seq2seq.trainer.supervised_trainer INFO     Progress: 81%, Train Perplexity: 1.0071
2018-01-31 05:42:03,329 seq2seq.trainer.supervised_trainer INFO     Progress: 82%, Train Perplexity: 1.0134
2018-01-31 05:42:21,661 seq2seq.trainer.supervised_trainer INFO     Finished epoch 41: Train Perplexity: 1.0120, Dev Perplexity: 1.5364, Accuracy: 0.9376, Sequence Accuracy: 0.7196
2018-01-31 05:42:21,662 seq2seq.trainer.supervised_trainer DEBUG    Epoch: 42, Step: 4920
2018-01-31 05:42:54,556 seq2seq.trainer.supervised_trainer INFO     Progress: 82%, Train Perplexity: 1.0168
2018-01-31 05:43:09,522 seq2seq.trainer.supervised_trainer INFO     Progress: 82%, Train Perplexity: 1.0620
2018-01-31 05:43:23,885 seq2seq.trainer.supervised_trainer INFO     Progress: 83%, Train Perplexity: 1.0013
2018-01-31 05:43:37,040 seq2seq.trainer.supervised_trainer INFO     Progress: 83%, Train Perplexity: 1.0022
2018-01-31 05:43:50,750 seq2seq.trainer.supervised_trainer INFO     Progress: 83%, Train Perplexity: 1.0051
2018-01-31 05:44:04,940 seq2seq.trainer.supervised_trainer INFO     Progress: 84%, Train Perplexity: 1.0008
2018-01-31 05:44:23,191 seq2seq.trainer.supervised_trainer INFO     Finished epoch 42: Train Perplexity: 1.0147, Dev Perplexity: 1.5476, Accuracy: 0.9513, Sequence Accuracy: 0.7920
2018-01-31 05:44:23,192 seq2seq.trainer.supervised_trainer DEBUG    Epoch: 43, Step: 5040
2018-01-31 05:44:55,480 seq2seq.trainer.supervised_trainer INFO     Progress: 84%, Train Perplexity: 1.0085
2018-01-31 05:45:09,168 seq2seq.trainer.supervised_trainer INFO     Progress: 84%, Train Perplexity: 1.0088
2018-01-31 05:45:24,028 seq2seq.trainer.supervised_trainer INFO     Progress: 85%, Train Perplexity: 1.0009
2018-01-31 05:45:38,366 seq2seq.trainer.supervised_trainer INFO     Progress: 85%, Train Perplexity: 1.0043
2018-01-31 05:45:53,165 seq2seq.trainer.supervised_trainer INFO     Progress: 85%, Train Perplexity: 1.0043
2018-01-31 05:46:07,246 seq2seq.trainer.supervised_trainer INFO     Progress: 86%, Train Perplexity: 1.0009
2018-01-31 05:46:25,507 seq2seq.trainer.supervised_trainer INFO     Finished epoch 43: Train Perplexity: 1.0046, Dev Perplexity: 1.4020, Accuracy: 0.9640, Sequence Accuracy: 0.8476
2018-01-31 05:46:25,507 seq2seq.trainer.supervised_trainer DEBUG    Epoch: 44, Step: 5160
2018-01-31 05:46:40,597 seq2seq.trainer.supervised_trainer INFO     Progress: 86%, Train Perplexity: 1.0040
2018-01-31 05:47:12,837 seq2seq.trainer.supervised_trainer INFO     Progress: 86%, Train Perplexity: 1.0006
2018-01-31 05:47:27,215 seq2seq.trainer.supervised_trainer INFO     Progress: 87%, Train Perplexity: 1.0010
2018-01-31 05:47:41,326 seq2seq.trainer.supervised_trainer INFO     Progress: 87%, Train Perplexity: 1.0010
2018-01-31 05:47:55,113 seq2seq.trainer.supervised_trainer INFO     Progress: 87%, Train Perplexity: 1.0002
2018-01-31 05:48:09,338 seq2seq.trainer.supervised_trainer INFO     Progress: 88%, Train Perplexity: 1.0339
2018-01-31 05:48:27,596 seq2seq.trainer.supervised_trainer INFO     Finished epoch 44: Train Perplexity: 1.0068, Dev Perplexity: 1.3965, Accuracy: 0.9696, Sequence Accuracy: 0.8510
2018-01-31 05:48:27,596 seq2seq.trainer.supervised_trainer DEBUG    Epoch: 45, Step: 5280
2018-01-31 05:48:42,434 seq2seq.trainer.supervised_trainer INFO     Progress: 88%, Train Perplexity: 1.0114
2018-01-31 05:48:56,491 seq2seq.trainer.supervised_trainer INFO     Progress: 88%, Train Perplexity: 1.0169
2018-01-31 05:49:29,314 seq2seq.trainer.supervised_trainer INFO     Progress: 89%, Train Perplexity: 1.0014
2018-01-31 05:49:43,061 seq2seq.trainer.supervised_trainer INFO     Progress: 89%, Train Perplexity: 1.0024
2018-01-31 05:49:57,005 seq2seq.trainer.supervised_trainer INFO     Progress: 89%, Train Perplexity: 1.0134
2018-01-31 05:50:11,332 seq2seq.trainer.supervised_trainer INFO     Progress: 90%, Train Perplexity: 1.0004
2018-01-31 05:50:29,565 seq2seq.trainer.supervised_trainer INFO     Finished epoch 45: Train Perplexity: 1.0076, Dev Perplexity: 1.4935, Accuracy: 0.9558, Sequence Accuracy: 0.8428
2018-01-31 05:50:29,565 seq2seq.trainer.supervised_trainer DEBUG    Epoch: 46, Step: 5400
2018-01-31 05:50:44,911 seq2seq.trainer.supervised_trainer INFO     Progress: 90%, Train Perplexity: 1.0189
2018-01-31 05:50:59,275 seq2seq.trainer.supervised_trainer INFO     Progress: 90%, Train Perplexity: 1.0083
2018-01-31 05:51:32,260 seq2seq.trainer.supervised_trainer INFO     Progress: 91%, Train Perplexity: 1.0044
2018-01-31 05:51:46,100 seq2seq.trainer.supervised_trainer INFO     Progress: 91%, Train Perplexity: 1.0001
2018-01-31 05:51:59,949 seq2seq.trainer.supervised_trainer INFO     Progress: 91%, Train Perplexity: 1.0005
2018-01-31 05:52:14,134 seq2seq.trainer.supervised_trainer INFO     Progress: 92%, Train Perplexity: 1.0008
2018-01-31 05:52:32,433 seq2seq.trainer.supervised_trainer INFO     Finished epoch 46: Train Perplexity: 1.0055, Dev Perplexity: 1.4398, Accuracy: 0.9613, Sequence Accuracy: 0.8492
2018-01-31 05:52:32,433 seq2seq.trainer.supervised_trainer DEBUG    Epoch: 47, Step: 5520
2018-01-31 05:52:48,242 seq2seq.trainer.supervised_trainer INFO     Progress: 92%, Train Perplexity: 1.0059
2018-01-31 05:53:02,159 seq2seq.trainer.supervised_trainer INFO     Progress: 92%, Train Perplexity: 1.0034
2018-01-31 05:53:16,489 seq2seq.trainer.supervised_trainer INFO     Progress: 93%, Train Perplexity: 1.0027
2018-01-31 05:53:49,497 seq2seq.trainer.supervised_trainer INFO     Progress: 93%, Train Perplexity: 1.0064
2018-01-31 05:54:02,681 seq2seq.trainer.supervised_trainer INFO     Progress: 93%, Train Perplexity: 1.0033
2018-01-31 05:54:16,954 seq2seq.trainer.supervised_trainer INFO     Progress: 94%, Train Perplexity: 1.0130
2018-01-31 05:54:35,247 seq2seq.trainer.supervised_trainer INFO     Finished epoch 47: Train Perplexity: 1.0058, Dev Perplexity: 1.4602, Accuracy: 0.9612, Sequence Accuracy: 0.8607
2018-01-31 05:54:35,247 seq2seq.trainer.supervised_trainer DEBUG    Epoch: 48, Step: 5640
2018-01-31 05:54:49,152 seq2seq.trainer.supervised_trainer INFO     Progress: 94%, Train Perplexity: 1.0103
2018-01-31 05:55:04,518 seq2seq.trainer.supervised_trainer INFO     Progress: 94%, Train Perplexity: 1.0043
2018-01-31 05:55:18,637 seq2seq.trainer.supervised_trainer INFO     Progress: 95%, Train Perplexity: 1.0204
2018-01-31 05:55:51,249 seq2seq.trainer.supervised_trainer INFO     Progress: 95%, Train Perplexity: 1.0384
2018-01-31 05:56:06,190 seq2seq.trainer.supervised_trainer INFO     Progress: 95%, Train Perplexity: 1.0189
2018-01-31 05:56:20,369 seq2seq.trainer.supervised_trainer INFO     Progress: 96%, Train Perplexity: 1.0039
2018-01-31 05:56:38,617 seq2seq.trainer.supervised_trainer INFO     Finished epoch 48: Train Perplexity: 1.0160, Dev Perplexity: 1.3870, Accuracy: 0.9613, Sequence Accuracy: 0.8448
2018-01-31 05:56:38,617 seq2seq.trainer.supervised_trainer DEBUG    Epoch: 49, Step: 5760
2018-01-31 05:56:52,890 seq2seq.trainer.supervised_trainer INFO     Progress: 96%, Train Perplexity: 1.0057
2018-01-31 05:57:07,436 seq2seq.trainer.supervised_trainer INFO     Progress: 96%, Train Perplexity: 1.0035
2018-01-31 05:57:22,300 seq2seq.trainer.supervised_trainer INFO     Progress: 97%, Train Perplexity: 1.0066
2018-01-31 05:57:36,896 seq2seq.trainer.supervised_trainer INFO     Progress: 97%, Train Perplexity: 1.0067
2018-01-31 05:58:09,700 seq2seq.trainer.supervised_trainer INFO     Progress: 97%, Train Perplexity: 1.0073
2018-01-31 05:58:23,853 seq2seq.trainer.supervised_trainer INFO     Progress: 98%, Train Perplexity: 1.0002
2018-01-31 05:58:42,318 seq2seq.trainer.supervised_trainer INFO     Finished epoch 49: Train Perplexity: 1.0050, Dev Perplexity: 1.4730, Accuracy: 0.9560, Sequence Accuracy: 0.8131
2018-01-31 05:58:42,318 seq2seq.trainer.supervised_trainer DEBUG    Epoch: 50, Step: 5880
2018-01-31 05:58:57,315 seq2seq.trainer.supervised_trainer INFO     Progress: 98%, Train Perplexity: 1.0042
2018-01-31 05:59:11,564 seq2seq.trainer.supervised_trainer INFO     Progress: 98%, Train Perplexity: 1.0009
2018-01-31 05:59:26,484 seq2seq.trainer.supervised_trainer INFO     Progress: 99%, Train Perplexity: 1.0059
2018-01-31 05:59:41,976 seq2seq.trainer.supervised_trainer INFO     Progress: 99%, Train Perplexity: 1.0029
2018-01-31 05:59:55,040 seq2seq.trainer.supervised_trainer INFO     Progress: 99%, Train Perplexity: 1.0019
2018-01-31 06:00:27,821 seq2seq.trainer.supervised_trainer INFO     Progress: 100%, Train Perplexity: 1.0037
2018-01-31 06:01:04,453 seq2seq.trainer.supervised_trainer INFO     Finished epoch 50: Train Perplexity: 1.0033, Dev Perplexity: 1.5376, Accuracy: 0.9500, Sequence Accuracy: 0.8371
