2018-01-31 00:56:30,768 root         INFO     Namespace(attention=True, batch_size=128, bidirectional=False, cuda_device=0, dev='data/CLEANED-SCAN/length_split/experiment2c_output_interleaved_short_to_long/tasks_test.txt', dropout_p_decoder=0.5, dropout_p_encoder=0.5, embedding_size=200, epochs=50, hidden_size=200, load_checkpoint=None, log_level='debug', lr=0.001, max_len=50, n_layers=2, optim='adam', output_dir='checkpoints_experiment_2c_2', print_every=20, resume=False, rnn_cell='lstm', save_every=133, src_vocab=50000, teacher_forcing_ratio=0.5, tgt_vocab=50000, train='data/CLEANED-SCAN/length_split/experiment2c_output_interleaved_short_to_long/tasks_train.txt')
2018-01-31 00:56:31,417 seq2seq.trainer.supervised_trainer INFO     Optimizer: <torch.optim.adam.Adam object at 0x7f0c703e63d0>, Scheduler: None
2018-01-31 00:56:49,136 seq2seq.trainer.supervised_trainer DEBUG    Epoch: 1, Step: 0
2018-01-31 00:57:17,698 seq2seq.trainer.supervised_trainer INFO     Progress: 0%, Train Perplexity: 13.3478
2018-01-31 00:57:30,773 seq2seq.trainer.supervised_trainer INFO     Progress: 1%, Train Perplexity: 5.5164
2018-01-31 00:57:45,357 seq2seq.trainer.supervised_trainer INFO     Progress: 1%, Train Perplexity: 4.8968
2018-01-31 00:57:59,796 seq2seq.trainer.supervised_trainer INFO     Progress: 1%, Train Perplexity: 3.8340
2018-01-31 00:58:13,970 seq2seq.trainer.supervised_trainer INFO     Progress: 2%, Train Perplexity: 3.2293
2018-01-31 00:58:31,801 seq2seq.trainer.supervised_trainer INFO     Finished epoch 1: Train Perplexity: 5.1374, Dev Perplexity: 3.5216, Accuracy: 0.4541, Sequence Accuracy: 0.0000
2018-01-31 00:58:31,802 seq2seq.trainer.supervised_trainer DEBUG    Epoch: 2, Step: 120
2018-01-31 00:59:03,917 seq2seq.trainer.supervised_trainer INFO     Progress: 2%, Train Perplexity: 2.9594
2018-01-31 00:59:18,339 seq2seq.trainer.supervised_trainer INFO     Progress: 2%, Train Perplexity: 2.7243
2018-01-31 00:59:31,859 seq2seq.trainer.supervised_trainer INFO     Progress: 3%, Train Perplexity: 2.5711
2018-01-31 00:59:45,728 seq2seq.trainer.supervised_trainer INFO     Progress: 3%, Train Perplexity: 2.2951
2018-01-31 00:59:59,226 seq2seq.trainer.supervised_trainer INFO     Progress: 3%, Train Perplexity: 2.3340
2018-01-31 01:00:12,987 seq2seq.trainer.supervised_trainer INFO     Progress: 4%, Train Perplexity: 2.2685
2018-01-31 01:00:31,057 seq2seq.trainer.supervised_trainer INFO     Finished epoch 2: Train Perplexity: 2.5254, Dev Perplexity: 2.5880, Accuracy: 0.6419, Sequence Accuracy: 0.0043
2018-01-31 01:00:31,058 seq2seq.trainer.supervised_trainer DEBUG    Epoch: 3, Step: 240
2018-01-31 01:00:45,568 seq2seq.trainer.supervised_trainer INFO     Progress: 4%, Train Perplexity: 2.1752
2018-01-31 01:01:17,925 seq2seq.trainer.supervised_trainer INFO     Progress: 4%, Train Perplexity: 2.0960
2018-01-31 01:01:31,266 seq2seq.trainer.supervised_trainer INFO     Progress: 5%, Train Perplexity: 2.2172
2018-01-31 01:01:45,096 seq2seq.trainer.supervised_trainer INFO     Progress: 5%, Train Perplexity: 2.2619
2018-01-31 01:01:58,875 seq2seq.trainer.supervised_trainer INFO     Progress: 5%, Train Perplexity: 2.1350
2018-01-31 01:02:12,774 seq2seq.trainer.supervised_trainer INFO     Progress: 6%, Train Perplexity: 1.7564
2018-01-31 01:02:30,738 seq2seq.trainer.supervised_trainer INFO     Finished epoch 3: Train Perplexity: 2.1070, Dev Perplexity: 1.9777, Accuracy: 0.7511, Sequence Accuracy: 0.1581
2018-01-31 01:02:30,738 seq2seq.trainer.supervised_trainer DEBUG    Epoch: 4, Step: 360
2018-01-31 01:02:45,113 seq2seq.trainer.supervised_trainer INFO     Progress: 6%, Train Perplexity: 1.8693
2018-01-31 01:03:17,610 seq2seq.trainer.supervised_trainer INFO     Progress: 6%, Train Perplexity: 1.6133
2018-01-31 01:03:30,929 seq2seq.trainer.supervised_trainer INFO     Progress: 7%, Train Perplexity: 1.4864
2018-01-31 01:03:44,678 seq2seq.trainer.supervised_trainer INFO     Progress: 7%, Train Perplexity: 1.3692
2018-01-31 01:03:59,234 seq2seq.trainer.supervised_trainer INFO     Progress: 7%, Train Perplexity: 1.4366
2018-01-31 01:04:13,606 seq2seq.trainer.supervised_trainer INFO     Progress: 8%, Train Perplexity: 1.3828
2018-01-31 01:04:31,628 seq2seq.trainer.supervised_trainer INFO     Finished epoch 4: Train Perplexity: 1.5262, Dev Perplexity: 2.1841, Accuracy: 0.7518, Sequence Accuracy: 0.1887
2018-01-31 01:04:31,629 seq2seq.trainer.supervised_trainer DEBUG    Epoch: 5, Step: 480
2018-01-31 01:04:44,207 seq2seq.trainer.supervised_trainer INFO     Progress: 8%, Train Perplexity: 1.4236
2018-01-31 01:04:59,280 seq2seq.trainer.supervised_trainer INFO     Progress: 8%, Train Perplexity: 1.4103
2018-01-31 01:05:32,773 seq2seq.trainer.supervised_trainer INFO     Progress: 9%, Train Perplexity: 1.3808
2018-01-31 01:05:46,937 seq2seq.trainer.supervised_trainer INFO     Progress: 9%, Train Perplexity: 1.1646
2018-01-31 01:06:00,739 seq2seq.trainer.supervised_trainer INFO     Progress: 9%, Train Perplexity: 1.2217
2018-01-31 01:06:14,952 seq2seq.trainer.supervised_trainer INFO     Progress: 10%, Train Perplexity: 1.1723
2018-01-31 01:06:33,120 seq2seq.trainer.supervised_trainer INFO     Finished epoch 5: Train Perplexity: 1.2955, Dev Perplexity: 1.5572, Accuracy: 0.8656, Sequence Accuracy: 0.4980
2018-01-31 01:06:33,121 seq2seq.trainer.supervised_trainer DEBUG    Epoch: 6, Step: 600
2018-01-31 01:06:48,419 seq2seq.trainer.supervised_trainer INFO     Progress: 10%, Train Perplexity: 1.3729
2018-01-31 01:07:01,587 seq2seq.trainer.supervised_trainer INFO     Progress: 10%, Train Perplexity: 1.2521
2018-01-31 01:07:21,914 seq2seq.trainer.supervised_trainer INFO     Progress: 11%, Train Perplexity: 1.2576
2018-01-31 01:08:02,121 seq2seq.trainer.supervised_trainer INFO     Progress: 11%, Train Perplexity: 1.1210
2018-01-31 01:08:15,874 seq2seq.trainer.supervised_trainer INFO     Progress: 11%, Train Perplexity: 1.1489
2018-01-31 01:08:29,986 seq2seq.trainer.supervised_trainer INFO     Progress: 12%, Train Perplexity: 1.1071
2018-01-31 01:08:48,282 seq2seq.trainer.supervised_trainer INFO     Finished epoch 6: Train Perplexity: 1.2099, Dev Perplexity: 1.4634, Accuracy: 0.8906, Sequence Accuracy: 0.5281
2018-01-31 01:08:48,282 seq2seq.trainer.supervised_trainer DEBUG    Epoch: 7, Step: 720
2018-01-31 01:09:02,112 seq2seq.trainer.supervised_trainer INFO     Progress: 12%, Train Perplexity: 1.2652
2018-01-31 01:09:16,487 seq2seq.trainer.supervised_trainer INFO     Progress: 12%, Train Perplexity: 1.3333
2018-01-31 01:09:30,974 seq2seq.trainer.supervised_trainer INFO     Progress: 13%, Train Perplexity: 1.2330
2018-01-31 01:10:04,088 seq2seq.trainer.supervised_trainer INFO     Progress: 13%, Train Perplexity: 1.2112
2018-01-31 01:10:18,514 seq2seq.trainer.supervised_trainer INFO     Progress: 13%, Train Perplexity: 1.1125
2018-01-31 01:10:32,441 seq2seq.trainer.supervised_trainer INFO     Progress: 14%, Train Perplexity: 1.0940
2018-01-31 01:10:50,762 seq2seq.trainer.supervised_trainer INFO     Finished epoch 7: Train Perplexity: 1.2082, Dev Perplexity: 1.3972, Accuracy: 0.9036, Sequence Accuracy: 0.6028
2018-01-31 01:10:50,762 seq2seq.trainer.supervised_trainer DEBUG    Epoch: 8, Step: 840
2018-01-31 01:11:05,498 seq2seq.trainer.supervised_trainer INFO     Progress: 14%, Train Perplexity: 1.2337
2018-01-31 01:11:19,450 seq2seq.trainer.supervised_trainer INFO     Progress: 14%, Train Perplexity: 1.1436
2018-01-31 01:11:33,805 seq2seq.trainer.supervised_trainer INFO     Progress: 15%, Train Perplexity: 1.1705
2018-01-31 01:11:48,807 seq2seq.trainer.supervised_trainer INFO     Progress: 15%, Train Perplexity: 1.1516
2018-01-31 01:12:21,317 seq2seq.trainer.supervised_trainer INFO     Progress: 15%, Train Perplexity: 1.1818
2018-01-31 01:12:35,478 seq2seq.trainer.supervised_trainer INFO     Progress: 16%, Train Perplexity: 1.1310
2018-01-31 01:12:53,714 seq2seq.trainer.supervised_trainer INFO     Finished epoch 8: Train Perplexity: 1.1687, Dev Perplexity: 1.2847, Accuracy: 0.9258, Sequence Accuracy: 0.5898
2018-01-31 01:12:53,714 seq2seq.trainer.supervised_trainer DEBUG    Epoch: 9, Step: 960
2018-01-31 01:13:07,531 seq2seq.trainer.supervised_trainer INFO     Progress: 16%, Train Perplexity: 1.1455
2018-01-31 01:13:22,230 seq2seq.trainer.supervised_trainer INFO     Progress: 16%, Train Perplexity: 1.1614
2018-01-31 01:13:36,297 seq2seq.trainer.supervised_trainer INFO     Progress: 17%, Train Perplexity: 1.1315
2018-01-31 01:13:50,679 seq2seq.trainer.supervised_trainer INFO     Progress: 17%, Train Perplexity: 1.1380
2018-01-31 01:14:06,063 seq2seq.trainer.supervised_trainer INFO     Progress: 17%, Train Perplexity: 1.1463
2018-01-31 01:14:38,256 seq2seq.trainer.supervised_trainer INFO     Progress: 18%, Train Perplexity: 1.0988
2018-01-31 01:14:56,457 seq2seq.trainer.supervised_trainer INFO     Finished epoch 9: Train Perplexity: 1.1369, Dev Perplexity: 1.3583, Accuracy: 0.9010, Sequence Accuracy: 0.6395
2018-01-31 01:14:56,457 seq2seq.trainer.supervised_trainer DEBUG    Epoch: 10, Step: 1080
2018-01-31 01:15:11,352 seq2seq.trainer.supervised_trainer INFO     Progress: 18%, Train Perplexity: 1.1312
2018-01-31 01:15:26,438 seq2seq.trainer.supervised_trainer INFO     Progress: 18%, Train Perplexity: 1.0956
2018-01-31 01:15:41,182 seq2seq.trainer.supervised_trainer INFO     Progress: 19%, Train Perplexity: 1.0747
2018-01-31 01:15:55,339 seq2seq.trainer.supervised_trainer INFO     Progress: 19%, Train Perplexity: 1.1298
2018-01-31 01:16:09,056 seq2seq.trainer.supervised_trainer INFO     Progress: 19%, Train Perplexity: 1.1363
2018-01-31 01:16:41,567 seq2seq.trainer.supervised_trainer INFO     Progress: 20%, Train Perplexity: 1.0830
2018-01-31 01:16:59,874 seq2seq.trainer.supervised_trainer INFO     Finished epoch 10: Train Perplexity: 1.1085, Dev Perplexity: 1.2860, Accuracy: 0.9304, Sequence Accuracy: 0.6640
2018-01-31 01:16:59,874 seq2seq.trainer.supervised_trainer DEBUG    Epoch: 11, Step: 1200
2018-01-31 01:17:14,939 seq2seq.trainer.supervised_trainer INFO     Progress: 20%, Train Perplexity: 1.0975
2018-01-31 01:17:29,334 seq2seq.trainer.supervised_trainer INFO     Progress: 20%, Train Perplexity: 1.1373
2018-01-31 01:17:42,958 seq2seq.trainer.supervised_trainer INFO     Progress: 21%, Train Perplexity: 1.1053
2018-01-31 01:17:58,007 seq2seq.trainer.supervised_trainer INFO     Progress: 21%, Train Perplexity: 1.1076
2018-01-31 01:18:12,629 seq2seq.trainer.supervised_trainer INFO     Progress: 21%, Train Perplexity: 1.1024
2018-01-31 01:18:27,219 seq2seq.trainer.supervised_trainer INFO     Progress: 22%, Train Perplexity: 1.1733
2018-01-31 01:18:45,611 seq2seq.trainer.supervised_trainer INFO     Finished epoch 11: Train Perplexity: 1.1206, Dev Perplexity: 1.2793, Accuracy: 0.9265, Sequence Accuracy: 0.6584
2018-01-31 01:18:45,611 seq2seq.trainer.supervised_trainer DEBUG    Epoch: 12, Step: 1320
2018-01-31 01:19:18,585 seq2seq.trainer.supervised_trainer INFO     Progress: 22%, Train Perplexity: 1.0969
2018-01-31 01:19:32,535 seq2seq.trainer.supervised_trainer INFO     Progress: 22%, Train Perplexity: 1.0319
2018-01-31 01:19:45,743 seq2seq.trainer.supervised_trainer INFO     Progress: 23%, Train Perplexity: 1.0491
2018-01-31 01:19:59,579 seq2seq.trainer.supervised_trainer INFO     Progress: 23%, Train Perplexity: 1.0609
2018-01-31 01:20:13,997 seq2seq.trainer.supervised_trainer INFO     Progress: 23%, Train Perplexity: 1.1377
2018-01-31 01:20:27,977 seq2seq.trainer.supervised_trainer INFO     Progress: 24%, Train Perplexity: 1.1258
2018-01-31 01:20:46,295 seq2seq.trainer.supervised_trainer INFO     Finished epoch 12: Train Perplexity: 1.0837, Dev Perplexity: 1.2212, Accuracy: 0.9368, Sequence Accuracy: 0.5515
2018-01-31 01:20:46,296 seq2seq.trainer.supervised_trainer DEBUG    Epoch: 13, Step: 1440
2018-01-31 01:21:00,735 seq2seq.trainer.supervised_trainer INFO     Progress: 24%, Train Perplexity: 1.1083
2018-01-31 01:21:32,595 seq2seq.trainer.supervised_trainer INFO     Progress: 24%, Train Perplexity: 1.0748
2018-01-31 01:21:46,964 seq2seq.trainer.supervised_trainer INFO     Progress: 25%, Train Perplexity: 1.1125
2018-01-31 01:22:01,026 seq2seq.trainer.supervised_trainer INFO     Progress: 25%, Train Perplexity: 1.1045
2018-01-31 01:22:15,202 seq2seq.trainer.supervised_trainer INFO     Progress: 25%, Train Perplexity: 1.0488
2018-01-31 01:22:29,078 seq2seq.trainer.supervised_trainer INFO     Progress: 26%, Train Perplexity: 1.0573
2018-01-31 01:22:47,252 seq2seq.trainer.supervised_trainer INFO     Finished epoch 13: Train Perplexity: 1.0844, Dev Perplexity: 1.3808, Accuracy: 0.9254, Sequence Accuracy: 0.7289
2018-01-31 01:22:47,253 seq2seq.trainer.supervised_trainer DEBUG    Epoch: 14, Step: 1560
2018-01-31 01:23:02,043 seq2seq.trainer.supervised_trainer INFO     Progress: 26%, Train Perplexity: 1.1002
2018-01-31 01:23:34,382 seq2seq.trainer.supervised_trainer INFO     Progress: 26%, Train Perplexity: 1.0709
2018-01-31 01:23:48,736 seq2seq.trainer.supervised_trainer INFO     Progress: 27%, Train Perplexity: 1.0663
2018-01-31 01:24:03,237 seq2seq.trainer.supervised_trainer INFO     Progress: 27%, Train Perplexity: 1.0558
2018-01-31 01:24:16,386 seq2seq.trainer.supervised_trainer INFO     Progress: 27%, Train Perplexity: 1.0236
2018-01-31 01:24:30,231 seq2seq.trainer.supervised_trainer INFO     Progress: 28%, Train Perplexity: 1.0637
2018-01-31 01:24:48,599 seq2seq.trainer.supervised_trainer INFO     Finished epoch 14: Train Perplexity: 1.0634, Dev Perplexity: 1.3418, Accuracy: 0.9254, Sequence Accuracy: 0.6862
2018-01-31 01:24:48,599 seq2seq.trainer.supervised_trainer DEBUG    Epoch: 15, Step: 1680
2018-01-31 01:25:03,275 seq2seq.trainer.supervised_trainer INFO     Progress: 28%, Train Perplexity: 1.0976
2018-01-31 01:25:17,773 seq2seq.trainer.supervised_trainer INFO     Progress: 28%, Train Perplexity: 1.0738
2018-01-31 01:25:50,463 seq2seq.trainer.supervised_trainer INFO     Progress: 28%, Train Perplexity: 1.0634
2018-01-31 01:26:04,836 seq2seq.trainer.supervised_trainer INFO     Progress: 29%, Train Perplexity: 1.0366
2018-01-31 01:26:18,581 seq2seq.trainer.supervised_trainer INFO     Progress: 29%, Train Perplexity: 1.0395
2018-01-31 01:26:32,698 seq2seq.trainer.supervised_trainer INFO     Progress: 30%, Train Perplexity: 1.0139
2018-01-31 01:26:50,990 seq2seq.trainer.supervised_trainer INFO     Finished epoch 15: Train Perplexity: 1.0541, Dev Perplexity: 1.9276, Accuracy: 0.8779, Sequence Accuracy: 0.6241
2018-01-31 01:26:50,991 seq2seq.trainer.supervised_trainer DEBUG    Epoch: 16, Step: 1800
2018-01-31 01:27:05,092 seq2seq.trainer.supervised_trainer INFO     Progress: 30%, Train Perplexity: 1.0556
2018-01-31 01:27:19,545 seq2seq.trainer.supervised_trainer INFO     Progress: 30%, Train Perplexity: 1.0490
2018-01-31 01:27:34,493 seq2seq.trainer.supervised_trainer INFO     Progress: 31%, Train Perplexity: 1.1045
2018-01-31 01:28:07,466 seq2seq.trainer.supervised_trainer INFO     Progress: 31%, Train Perplexity: 1.0639
2018-01-31 01:28:21,061 seq2seq.trainer.supervised_trainer INFO     Progress: 31%, Train Perplexity: 1.0419
2018-01-31 01:28:35,242 seq2seq.trainer.supervised_trainer INFO     Progress: 32%, Train Perplexity: 1.0249
2018-01-31 01:28:53,482 seq2seq.trainer.supervised_trainer INFO     Finished epoch 16: Train Perplexity: 1.0566, Dev Perplexity: 1.4749, Accuracy: 0.9140, Sequence Accuracy: 0.7650
2018-01-31 01:28:53,483 seq2seq.trainer.supervised_trainer DEBUG    Epoch: 17, Step: 1920
2018-01-31 01:29:07,865 seq2seq.trainer.supervised_trainer INFO     Progress: 32%, Train Perplexity: 1.0614
2018-01-31 01:29:21,768 seq2seq.trainer.supervised_trainer INFO     Progress: 32%, Train Perplexity: 1.1020
2018-01-31 01:29:36,020 seq2seq.trainer.supervised_trainer INFO     Progress: 33%, Train Perplexity: 1.0470
2018-01-31 01:30:08,689 seq2seq.trainer.supervised_trainer INFO     Progress: 33%, Train Perplexity: 1.0461
2018-01-31 01:30:23,708 seq2seq.trainer.supervised_trainer INFO     Progress: 33%, Train Perplexity: 1.0425
2018-01-31 01:30:37,716 seq2seq.trainer.supervised_trainer INFO     Progress: 34%, Train Perplexity: 1.0438
2018-01-31 01:30:56,070 seq2seq.trainer.supervised_trainer INFO     Finished epoch 17: Train Perplexity: 1.0571, Dev Perplexity: 1.3854, Accuracy: 0.9358, Sequence Accuracy: 0.7572
2018-01-31 01:30:56,070 seq2seq.trainer.supervised_trainer DEBUG    Epoch: 18, Step: 2040
2018-01-31 01:31:10,192 seq2seq.trainer.supervised_trainer INFO     Progress: 34%, Train Perplexity: 1.0496
2018-01-31 01:31:25,037 seq2seq.trainer.supervised_trainer INFO     Progress: 34%, Train Perplexity: 1.0446
2018-01-31 01:31:39,281 seq2seq.trainer.supervised_trainer INFO     Progress: 35%, Train Perplexity: 1.0420
2018-01-31 01:31:53,775 seq2seq.trainer.supervised_trainer INFO     Progress: 35%, Train Perplexity: 1.0437
2018-01-31 01:32:26,744 seq2seq.trainer.supervised_trainer INFO     Progress: 35%, Train Perplexity: 1.0301
2018-01-31 01:32:40,810 seq2seq.trainer.supervised_trainer INFO     Progress: 36%, Train Perplexity: 1.0284
2018-01-31 01:32:59,079 seq2seq.trainer.supervised_trainer INFO     Finished epoch 18: Train Perplexity: 1.0397, Dev Perplexity: 1.6442, Accuracy: 0.8984, Sequence Accuracy: 0.6547
2018-01-31 01:32:59,079 seq2seq.trainer.supervised_trainer DEBUG    Epoch: 19, Step: 2160
2018-01-31 01:33:13,698 seq2seq.trainer.supervised_trainer INFO     Progress: 36%, Train Perplexity: 1.0666
2018-01-31 01:33:28,163 seq2seq.trainer.supervised_trainer INFO     Progress: 36%, Train Perplexity: 1.0451
2018-01-31 01:33:43,295 seq2seq.trainer.supervised_trainer INFO     Progress: 37%, Train Perplexity: 1.0539
2018-01-31 01:33:57,925 seq2seq.trainer.supervised_trainer INFO     Progress: 37%, Train Perplexity: 1.0915
2018-01-31 01:34:11,723 seq2seq.trainer.supervised_trainer INFO     Progress: 37%, Train Perplexity: 1.0593
2018-01-31 01:34:44,253 seq2seq.trainer.supervised_trainer INFO     Progress: 38%, Train Perplexity: 1.0195
2018-01-31 01:35:02,486 seq2seq.trainer.supervised_trainer INFO     Finished epoch 19: Train Perplexity: 1.0560, Dev Perplexity: 1.4996, Accuracy: 0.9237, Sequence Accuracy: 0.6994
2018-01-31 01:35:02,486 seq2seq.trainer.supervised_trainer DEBUG    Epoch: 20, Step: 2280
2018-01-31 01:35:16,965 seq2seq.trainer.supervised_trainer INFO     Progress: 38%, Train Perplexity: 1.0290
2018-01-31 01:35:31,944 seq2seq.trainer.supervised_trainer INFO     Progress: 38%, Train Perplexity: 1.0508
2018-01-31 01:35:46,957 seq2seq.trainer.supervised_trainer INFO     Progress: 39%, Train Perplexity: 1.0224
2018-01-31 01:36:00,320 seq2seq.trainer.supervised_trainer INFO     Progress: 39%, Train Perplexity: 1.0209
2018-01-31 01:36:14,840 seq2seq.trainer.supervised_trainer INFO     Progress: 39%, Train Perplexity: 1.0355
2018-01-31 01:36:47,607 seq2seq.trainer.supervised_trainer INFO     Progress: 40%, Train Perplexity: 1.0432
2018-01-31 01:37:05,923 seq2seq.trainer.supervised_trainer INFO     Finished epoch 20: Train Perplexity: 1.0336, Dev Perplexity: 1.5138, Accuracy: 0.9198, Sequence Accuracy: 0.6835
2018-01-31 01:37:05,923 seq2seq.trainer.supervised_trainer DEBUG    Epoch: 21, Step: 2400
2018-01-31 01:37:20,885 seq2seq.trainer.supervised_trainer INFO     Progress: 40%, Train Perplexity: 1.0437
2018-01-31 01:37:34,531 seq2seq.trainer.supervised_trainer INFO     Progress: 40%, Train Perplexity: 1.0232
2018-01-31 01:37:49,685 seq2seq.trainer.supervised_trainer INFO     Progress: 41%, Train Perplexity: 1.0298
2018-01-31 01:38:04,248 seq2seq.trainer.supervised_trainer INFO     Progress: 41%, Train Perplexity: 1.0313
2018-01-31 01:38:18,419 seq2seq.trainer.supervised_trainer INFO     Progress: 41%, Train Perplexity: 1.0556
2018-01-31 01:38:32,927 seq2seq.trainer.supervised_trainer INFO     Progress: 42%, Train Perplexity: 1.0579
2018-01-31 01:38:51,370 seq2seq.trainer.supervised_trainer INFO     Finished epoch 21: Train Perplexity: 1.0402, Dev Perplexity: 1.3230, Accuracy: 0.9310, Sequence Accuracy: 0.6710
2018-01-31 01:38:51,370 seq2seq.trainer.supervised_trainer DEBUG    Epoch: 22, Step: 2520
2018-01-31 01:39:24,029 seq2seq.trainer.supervised_trainer INFO     Progress: 42%, Train Perplexity: 1.0275
2018-01-31 01:39:37,877 seq2seq.trainer.supervised_trainer INFO     Progress: 42%, Train Perplexity: 1.0166
2018-01-31 01:39:52,045 seq2seq.trainer.supervised_trainer INFO     Progress: 43%, Train Perplexity: 1.0209
2018-01-31 01:40:06,572 seq2seq.trainer.supervised_trainer INFO     Progress: 43%, Train Perplexity: 1.0239
2018-01-31 01:40:20,070 seq2seq.trainer.supervised_trainer INFO     Progress: 43%, Train Perplexity: 1.0119
2018-01-31 01:40:34,179 seq2seq.trainer.supervised_trainer INFO     Progress: 44%, Train Perplexity: 1.0186
2018-01-31 01:40:52,626 seq2seq.trainer.supervised_trainer INFO     Finished epoch 22: Train Perplexity: 1.0199, Dev Perplexity: 1.4465, Accuracy: 0.9432, Sequence Accuracy: 0.8090
2018-01-31 01:40:52,627 seq2seq.trainer.supervised_trainer DEBUG    Epoch: 23, Step: 2640
2018-01-31 01:41:06,220 seq2seq.trainer.supervised_trainer INFO     Progress: 44%, Train Perplexity: 1.0326
2018-01-31 01:41:39,490 seq2seq.trainer.supervised_trainer INFO     Progress: 44%, Train Perplexity: 1.0298
2018-01-31 01:41:53,409 seq2seq.trainer.supervised_trainer INFO     Progress: 45%, Train Perplexity: 1.0182
2018-01-31 01:42:07,354 seq2seq.trainer.supervised_trainer INFO     Progress: 45%, Train Perplexity: 1.0204
2018-01-31 01:42:22,013 seq2seq.trainer.supervised_trainer INFO     Progress: 45%, Train Perplexity: 1.0095
2018-01-31 01:42:36,288 seq2seq.trainer.supervised_trainer INFO     Progress: 46%, Train Perplexity: 1.0167
2018-01-31 01:42:54,677 seq2seq.trainer.supervised_trainer INFO     Finished epoch 23: Train Perplexity: 1.0212, Dev Perplexity: 1.4155, Accuracy: 0.9545, Sequence Accuracy: 0.8174
2018-01-31 01:42:54,678 seq2seq.trainer.supervised_trainer DEBUG    Epoch: 24, Step: 2760
2018-01-31 01:43:08,722 seq2seq.trainer.supervised_trainer INFO     Progress: 46%, Train Perplexity: 1.0441
2018-01-31 01:43:41,080 seq2seq.trainer.supervised_trainer INFO     Progress: 46%, Train Perplexity: 1.0637
2018-01-31 01:43:55,100 seq2seq.trainer.supervised_trainer INFO     Progress: 47%, Train Perplexity: 1.0105
2018-01-31 01:44:10,345 seq2seq.trainer.supervised_trainer INFO     Progress: 47%, Train Perplexity: 1.0430
2018-01-31 01:44:24,530 seq2seq.trainer.supervised_trainer INFO     Progress: 47%, Train Perplexity: 1.0046
2018-01-31 01:44:38,651 seq2seq.trainer.supervised_trainer INFO     Progress: 48%, Train Perplexity: 1.0093
2018-01-31 01:44:57,128 seq2seq.trainer.supervised_trainer INFO     Finished epoch 24: Train Perplexity: 1.0292, Dev Perplexity: 1.6546, Accuracy: 0.9344, Sequence Accuracy: 0.7893
2018-01-31 01:44:57,128 seq2seq.trainer.supervised_trainer DEBUG    Epoch: 25, Step: 2880
2018-01-31 01:45:12,235 seq2seq.trainer.supervised_trainer INFO     Progress: 48%, Train Perplexity: 1.0322
2018-01-31 01:45:26,460 seq2seq.trainer.supervised_trainer INFO     Progress: 48%, Train Perplexity: 1.0149
2018-01-31 01:45:59,908 seq2seq.trainer.supervised_trainer INFO     Progress: 49%, Train Perplexity: 1.0161
2018-01-31 01:46:14,093 seq2seq.trainer.supervised_trainer INFO     Progress: 49%, Train Perplexity: 1.0162
2018-01-31 01:46:27,093 seq2seq.trainer.supervised_trainer INFO     Progress: 49%, Train Perplexity: 1.0417
2018-01-31 01:46:41,150 seq2seq.trainer.supervised_trainer INFO     Progress: 50%, Train Perplexity: 1.0143
2018-01-31 01:46:59,536 seq2seq.trainer.supervised_trainer INFO     Finished epoch 25: Train Perplexity: 1.0226, Dev Perplexity: 1.4068, Accuracy: 0.9474, Sequence Accuracy: 0.7822
2018-01-31 01:46:59,536 seq2seq.trainer.supervised_trainer DEBUG    Epoch: 26, Step: 3000
2018-01-31 01:47:14,445 seq2seq.trainer.supervised_trainer INFO     Progress: 50%, Train Perplexity: 1.0203
2018-01-31 01:47:29,193 seq2seq.trainer.supervised_trainer INFO     Progress: 50%, Train Perplexity: 1.0233
2018-01-31 01:48:02,092 seq2seq.trainer.supervised_trainer INFO     Progress: 51%, Train Perplexity: 1.0274
2018-01-31 01:48:15,991 seq2seq.trainer.supervised_trainer INFO     Progress: 51%, Train Perplexity: 1.0057
2018-01-31 01:48:29,786 seq2seq.trainer.supervised_trainer INFO     Progress: 51%, Train Perplexity: 1.0040
2018-01-31 01:48:44,064 seq2seq.trainer.supervised_trainer INFO     Progress: 52%, Train Perplexity: 1.0059
2018-01-31 01:49:02,446 seq2seq.trainer.supervised_trainer INFO     Finished epoch 26: Train Perplexity: 1.0144, Dev Perplexity: 1.5345, Accuracy: 0.9518, Sequence Accuracy: 0.8172
2018-01-31 01:49:02,446 seq2seq.trainer.supervised_trainer DEBUG    Epoch: 27, Step: 3120
2018-01-31 01:49:17,231 seq2seq.trainer.supervised_trainer INFO     Progress: 52%, Train Perplexity: 1.0289
2018-01-31 01:49:31,083 seq2seq.trainer.supervised_trainer INFO     Progress: 52%, Train Perplexity: 1.0226
2018-01-31 01:49:46,145 seq2seq.trainer.supervised_trainer INFO     Progress: 53%, Train Perplexity: 1.0292
2018-01-31 01:50:19,251 seq2seq.trainer.supervised_trainer INFO     Progress: 53%, Train Perplexity: 1.0238
2018-01-31 01:50:33,661 seq2seq.trainer.supervised_trainer INFO     Progress: 53%, Train Perplexity: 1.0106
2018-01-31 01:50:47,815 seq2seq.trainer.supervised_trainer INFO     Progress: 54%, Train Perplexity: 1.0113
2018-01-31 01:51:06,182 seq2seq.trainer.supervised_trainer INFO     Finished epoch 27: Train Perplexity: 1.0211, Dev Perplexity: 1.5376, Accuracy: 0.9474, Sequence Accuracy: 0.8056
2018-01-31 01:51:06,182 seq2seq.trainer.supervised_trainer DEBUG    Epoch: 28, Step: 3240
2018-01-31 01:51:20,179 seq2seq.trainer.supervised_trainer INFO     Progress: 54%, Train Perplexity: 1.0125
2018-01-31 01:51:35,208 seq2seq.trainer.supervised_trainer INFO     Progress: 54%, Train Perplexity: 1.0175
2018-01-31 01:51:48,604 seq2seq.trainer.supervised_trainer INFO     Progress: 55%, Train Perplexity: 1.0244
2018-01-31 01:52:03,463 seq2seq.trainer.supervised_trainer INFO     Progress: 55%, Train Perplexity: 1.0218
2018-01-31 01:52:36,523 seq2seq.trainer.supervised_trainer INFO     Progress: 55%, Train Perplexity: 1.0438
2018-01-31 01:52:50,390 seq2seq.trainer.supervised_trainer INFO     Progress: 56%, Train Perplexity: 1.0105
2018-01-31 01:53:08,857 seq2seq.trainer.supervised_trainer INFO     Finished epoch 28: Train Perplexity: 1.0218, Dev Perplexity: 1.3264, Accuracy: 0.9491, Sequence Accuracy: 0.8278
2018-01-31 01:53:08,857 seq2seq.trainer.supervised_trainer DEBUG    Epoch: 29, Step: 3360
2018-01-31 01:53:23,990 seq2seq.trainer.supervised_trainer INFO     Progress: 56%, Train Perplexity: 1.0449
2018-01-31 01:53:38,320 seq2seq.trainer.supervised_trainer INFO     Progress: 56%, Train Perplexity: 1.0328
2018-01-31 01:53:51,377 seq2seq.trainer.supervised_trainer INFO     Progress: 56%, Train Perplexity: 1.0285
2018-01-31 01:54:06,062 seq2seq.trainer.supervised_trainer INFO     Progress: 57%, Train Perplexity: 1.0240
2018-01-31 01:54:39,447 seq2seq.trainer.supervised_trainer INFO     Progress: 57%, Train Perplexity: 1.0188
2018-01-31 01:54:53,677 seq2seq.trainer.supervised_trainer INFO     Progress: 57%, Train Perplexity: 1.0061
2018-01-31 01:55:12,202 seq2seq.trainer.supervised_trainer INFO     Finished epoch 29: Train Perplexity: 1.0258, Dev Perplexity: 1.4763, Accuracy: 0.9490, Sequence Accuracy: 0.8033
2018-01-31 01:55:12,202 seq2seq.trainer.supervised_trainer DEBUG    Epoch: 30, Step: 3480
2018-01-31 01:55:26,926 seq2seq.trainer.supervised_trainer INFO     Progress: 58%, Train Perplexity: 1.0100
2018-01-31 01:55:41,393 seq2seq.trainer.supervised_trainer INFO     Progress: 58%, Train Perplexity: 1.0216
2018-01-31 01:55:56,160 seq2seq.trainer.supervised_trainer INFO     Progress: 59%, Train Perplexity: 1.0151
2018-01-31 01:56:10,572 seq2seq.trainer.supervised_trainer INFO     Progress: 59%, Train Perplexity: 1.0186
2018-01-31 01:56:24,760 seq2seq.trainer.supervised_trainer INFO     Progress: 59%, Train Perplexity: 1.0290
2018-01-31 01:56:57,473 seq2seq.trainer.supervised_trainer INFO     Progress: 60%, Train Perplexity: 1.0226
2018-01-31 01:57:15,897 seq2seq.trainer.supervised_trainer INFO     Finished epoch 30: Train Perplexity: 1.0195, Dev Perplexity: 1.8468, Accuracy: 0.8987, Sequence Accuracy: 0.7067
2018-01-31 01:57:15,898 seq2seq.trainer.supervised_trainer DEBUG    Epoch: 31, Step: 3600
2018-01-31 01:57:29,647 seq2seq.trainer.supervised_trainer INFO     Progress: 60%, Train Perplexity: 1.0206
2018-01-31 01:57:44,678 seq2seq.trainer.supervised_trainer INFO     Progress: 60%, Train Perplexity: 1.0326
2018-01-31 01:57:59,280 seq2seq.trainer.supervised_trainer INFO     Progress: 61%, Train Perplexity: 1.0071
2018-01-31 01:58:13,963 seq2seq.trainer.supervised_trainer INFO     Progress: 61%, Train Perplexity: 1.0237
2018-01-31 01:58:28,077 seq2seq.trainer.supervised_trainer INFO     Progress: 61%, Train Perplexity: 1.0084
2018-01-31 01:58:42,578 seq2seq.trainer.supervised_trainer INFO     Progress: 62%, Train Perplexity: 1.0525
2018-01-31 01:59:00,916 seq2seq.trainer.supervised_trainer INFO     Finished epoch 31: Train Perplexity: 1.0242, Dev Perplexity: 1.4439, Accuracy: 0.9355, Sequence Accuracy: 0.8044
2018-01-31 01:59:00,916 seq2seq.trainer.supervised_trainer DEBUG    Epoch: 32, Step: 3720
2018-01-31 01:59:34,564 seq2seq.trainer.supervised_trainer INFO     Progress: 62%, Train Perplexity: 1.0136
2018-01-31 01:59:48,478 seq2seq.trainer.supervised_trainer INFO     Progress: 62%, Train Perplexity: 1.0080
2018-01-31 02:00:02,514 seq2seq.trainer.supervised_trainer INFO     Progress: 63%, Train Perplexity: 1.0439
2018-01-31 02:00:16,363 seq2seq.trainer.supervised_trainer INFO     Progress: 63%, Train Perplexity: 1.0045
2018-01-31 02:00:30,093 seq2seq.trainer.supervised_trainer INFO     Progress: 63%, Train Perplexity: 1.0084
2018-01-31 02:00:44,654 seq2seq.trainer.supervised_trainer INFO     Progress: 64%, Train Perplexity: 1.0066
2018-01-31 02:01:03,068 seq2seq.trainer.supervised_trainer INFO     Finished epoch 32: Train Perplexity: 1.0142, Dev Perplexity: 1.6906, Accuracy: 0.9411, Sequence Accuracy: 0.7817
2018-01-31 02:01:03,068 seq2seq.trainer.supervised_trainer DEBUG    Epoch: 33, Step: 3840
2018-01-31 02:01:36,242 seq2seq.trainer.supervised_trainer INFO     Progress: 64%, Train Perplexity: 1.0046
2018-01-31 02:01:50,399 seq2seq.trainer.supervised_trainer INFO     Progress: 64%, Train Perplexity: 1.0019
2018-01-31 02:02:04,825 seq2seq.trainer.supervised_trainer INFO     Progress: 65%, Train Perplexity: 1.0024
2018-01-31 02:02:19,073 seq2seq.trainer.supervised_trainer INFO     Progress: 65%, Train Perplexity: 1.0070
2018-01-31 02:02:32,032 seq2seq.trainer.supervised_trainer INFO     Progress: 65%, Train Perplexity: 1.0241
2018-01-31 02:02:46,561 seq2seq.trainer.supervised_trainer INFO     Progress: 66%, Train Perplexity: 1.0048
2018-01-31 02:03:04,901 seq2seq.trainer.supervised_trainer INFO     Finished epoch 33: Train Perplexity: 1.0075, Dev Perplexity: 1.5729, Accuracy: 0.9480, Sequence Accuracy: 0.8206
2018-01-31 02:03:04,901 seq2seq.trainer.supervised_trainer DEBUG    Epoch: 34, Step: 3960
2018-01-31 02:03:18,597 seq2seq.trainer.supervised_trainer INFO     Progress: 66%, Train Perplexity: 1.0202
2018-01-31 02:03:51,247 seq2seq.trainer.supervised_trainer INFO     Progress: 66%, Train Perplexity: 1.0093
2018-01-31 02:04:05,934 seq2seq.trainer.supervised_trainer INFO     Progress: 67%, Train Perplexity: 1.0070
2018-01-31 02:04:20,427 seq2seq.trainer.supervised_trainer INFO     Progress: 67%, Train Perplexity: 1.0025
2018-01-31 02:04:34,820 seq2seq.trainer.supervised_trainer INFO     Progress: 67%, Train Perplexity: 1.0003
2018-01-31 02:04:49,070 seq2seq.trainer.supervised_trainer INFO     Progress: 68%, Train Perplexity: 1.0096
2018-01-31 02:05:07,441 seq2seq.trainer.supervised_trainer INFO     Finished epoch 34: Train Perplexity: 1.0082, Dev Perplexity: 1.8391, Accuracy: 0.9202, Sequence Accuracy: 0.7636
2018-01-31 02:05:07,441 seq2seq.trainer.supervised_trainer DEBUG    Epoch: 35, Step: 4080
2018-01-31 02:05:22,119 seq2seq.trainer.supervised_trainer INFO     Progress: 68%, Train Perplexity: 1.0109
2018-01-31 02:05:36,930 seq2seq.trainer.supervised_trainer INFO     Progress: 68%, Train Perplexity: 1.0241
2018-01-31 02:06:09,139 seq2seq.trainer.supervised_trainer INFO     Progress: 69%, Train Perplexity: 1.0014
2018-01-31 02:06:22,923 seq2seq.trainer.supervised_trainer INFO     Progress: 69%, Train Perplexity: 1.0192
2018-01-31 02:06:37,515 seq2seq.trainer.supervised_trainer INFO     Progress: 69%, Train Perplexity: 1.0019
2018-01-31 02:06:51,802 seq2seq.trainer.supervised_trainer INFO     Progress: 70%, Train Perplexity: 1.0094
2018-01-31 02:07:10,311 seq2seq.trainer.supervised_trainer INFO     Finished epoch 35: Train Perplexity: 1.0112, Dev Perplexity: 1.8967, Accuracy: 0.9347, Sequence Accuracy: 0.8011
2018-01-31 02:07:10,311 seq2seq.trainer.supervised_trainer DEBUG    Epoch: 36, Step: 4200
2018-01-31 02:07:23,297 seq2seq.trainer.supervised_trainer INFO     Progress: 70%, Train Perplexity: 1.0097
2018-01-31 02:07:38,820 seq2seq.trainer.supervised_trainer INFO     Progress: 70%, Train Perplexity: 1.0141
2018-01-31 02:08:11,996 seq2seq.trainer.supervised_trainer INFO     Progress: 71%, Train Perplexity: 1.0172
2018-01-31 02:08:26,774 seq2seq.trainer.supervised_trainer INFO     Progress: 71%, Train Perplexity: 1.0055
2018-01-31 02:08:40,799 seq2seq.trainer.supervised_trainer INFO     Progress: 71%, Train Perplexity: 1.0098
2018-01-31 02:08:54,992 seq2seq.trainer.supervised_trainer INFO     Progress: 72%, Train Perplexity: 1.0474
2018-01-31 02:09:13,618 seq2seq.trainer.supervised_trainer INFO     Finished epoch 36: Train Perplexity: 1.0173, Dev Perplexity: 1.7924, Accuracy: 0.9423, Sequence Accuracy: 0.7784
2018-01-31 02:09:13,618 seq2seq.trainer.supervised_trainer DEBUG    Epoch: 37, Step: 4320
2018-01-31 02:09:27,195 seq2seq.trainer.supervised_trainer INFO     Progress: 72%, Train Perplexity: 1.0163
2018-01-31 02:09:41,947 seq2seq.trainer.supervised_trainer INFO     Progress: 72%, Train Perplexity: 1.0213
2018-01-31 02:09:56,832 seq2seq.trainer.supervised_trainer INFO     Progress: 73%, Train Perplexity: 1.0773
2018-01-31 02:10:29,509 seq2seq.trainer.supervised_trainer INFO     Progress: 73%, Train Perplexity: 1.0202
2018-01-31 02:10:44,376 seq2seq.trainer.supervised_trainer INFO     Progress: 73%, Train Perplexity: 1.0029
2018-01-31 02:10:58,452 seq2seq.trainer.supervised_trainer INFO     Progress: 74%, Train Perplexity: 1.0032
2018-01-31 02:11:16,909 seq2seq.trainer.supervised_trainer INFO     Finished epoch 37: Train Perplexity: 1.0235, Dev Perplexity: 1.9311, Accuracy: 0.9258, Sequence Accuracy: 0.7141
2018-01-31 02:11:16,909 seq2seq.trainer.supervised_trainer DEBUG    Epoch: 38, Step: 4440
2018-01-31 02:11:31,718 seq2seq.trainer.supervised_trainer INFO     Progress: 74%, Train Perplexity: 1.0161
2018-01-31 02:11:46,741 seq2seq.trainer.supervised_trainer INFO     Progress: 74%, Train Perplexity: 1.0092
2018-01-31 02:12:01,848 seq2seq.trainer.supervised_trainer INFO     Progress: 75%, Train Perplexity: 1.0074
2018-01-31 02:12:16,043 seq2seq.trainer.supervised_trainer INFO     Progress: 75%, Train Perplexity: 1.0244
2018-01-31 02:12:47,793 seq2seq.trainer.supervised_trainer INFO     Progress: 75%, Train Perplexity: 1.0215
2018-01-31 02:13:02,192 seq2seq.trainer.supervised_trainer INFO     Progress: 76%, Train Perplexity: 1.0085
2018-01-31 02:13:20,574 seq2seq.trainer.supervised_trainer INFO     Finished epoch 38: Train Perplexity: 1.0145, Dev Perplexity: 1.4714, Accuracy: 0.9448, Sequence Accuracy: 0.8315
2018-01-31 02:13:20,574 seq2seq.trainer.supervised_trainer DEBUG    Epoch: 39, Step: 4560
2018-01-31 02:13:35,481 seq2seq.trainer.supervised_trainer INFO     Progress: 76%, Train Perplexity: 1.0168
2018-01-31 02:13:49,449 seq2seq.trainer.supervised_trainer INFO     Progress: 76%, Train Perplexity: 1.0067
2018-01-31 02:14:04,247 seq2seq.trainer.supervised_trainer INFO     Progress: 77%, Train Perplexity: 1.0054
2018-01-31 02:14:18,745 seq2seq.trainer.supervised_trainer INFO     Progress: 77%, Train Perplexity: 1.0123
2018-01-31 02:14:51,877 seq2seq.trainer.supervised_trainer INFO     Progress: 77%, Train Perplexity: 1.0145
2018-01-31 02:15:06,177 seq2seq.trainer.supervised_trainer INFO     Progress: 78%, Train Perplexity: 1.0032
2018-01-31 02:15:24,734 seq2seq.trainer.supervised_trainer INFO     Finished epoch 39: Train Perplexity: 1.0098, Dev Perplexity: 1.6522, Accuracy: 0.9323, Sequence Accuracy: 0.7861
2018-01-31 02:15:24,734 seq2seq.trainer.supervised_trainer DEBUG    Epoch: 40, Step: 4680
2018-01-31 02:15:39,417 seq2seq.trainer.supervised_trainer INFO     Progress: 78%, Train Perplexity: 1.0211
2018-01-31 02:15:53,507 seq2seq.trainer.supervised_trainer INFO     Progress: 78%, Train Perplexity: 1.0209
2018-01-31 02:16:08,238 seq2seq.trainer.supervised_trainer INFO     Progress: 79%, Train Perplexity: 1.0038
2018-01-31 02:16:21,931 seq2seq.trainer.supervised_trainer INFO     Progress: 79%, Train Perplexity: 1.0133
2018-01-31 02:16:37,273 seq2seq.trainer.supervised_trainer INFO     Progress: 79%, Train Perplexity: 1.0100
2018-01-31 02:17:10,106 seq2seq.trainer.supervised_trainer INFO     Progress: 80%, Train Perplexity: 1.0021
2018-01-31 02:17:28,420 seq2seq.trainer.supervised_trainer INFO     Finished epoch 40: Train Perplexity: 1.0119, Dev Perplexity: 1.6776, Accuracy: 0.9334, Sequence Accuracy: 0.8265
2018-01-31 02:17:28,420 seq2seq.trainer.supervised_trainer DEBUG    Epoch: 41, Step: 4800
2018-01-31 02:17:43,376 seq2seq.trainer.supervised_trainer INFO     Progress: 80%, Train Perplexity: 1.0152
2018-01-31 02:17:58,065 seq2seq.trainer.supervised_trainer INFO     Progress: 80%, Train Perplexity: 1.0040
2018-01-31 02:18:11,458 seq2seq.trainer.supervised_trainer INFO     Progress: 81%, Train Perplexity: 1.0273
2018-01-31 02:18:26,228 seq2seq.trainer.supervised_trainer INFO     Progress: 81%, Train Perplexity: 1.0064
2018-01-31 02:18:41,514 seq2seq.trainer.supervised_trainer INFO     Progress: 81%, Train Perplexity: 1.0071
2018-01-31 02:18:56,096 seq2seq.trainer.supervised_trainer INFO     Progress: 82%, Train Perplexity: 1.0028
2018-01-31 02:19:14,657 seq2seq.trainer.supervised_trainer INFO     Finished epoch 41: Train Perplexity: 1.0105, Dev Perplexity: 1.5685, Accuracy: 0.9517, Sequence Accuracy: 0.8287
2018-01-31 02:19:14,658 seq2seq.trainer.supervised_trainer DEBUG    Epoch: 42, Step: 4920
2018-01-31 02:19:47,278 seq2seq.trainer.supervised_trainer INFO     Progress: 82%, Train Perplexity: 1.0006
2018-01-31 02:20:01,683 seq2seq.trainer.supervised_trainer INFO     Progress: 82%, Train Perplexity: 1.0001
2018-01-31 02:20:15,956 seq2seq.trainer.supervised_trainer INFO     Progress: 83%, Train Perplexity: 1.0002
2018-01-31 02:20:30,174 seq2seq.trainer.supervised_trainer INFO     Progress: 83%, Train Perplexity: 1.0006
2018-01-31 02:20:43,817 seq2seq.trainer.supervised_trainer INFO     Progress: 83%, Train Perplexity: 1.0026
2018-01-31 02:20:58,168 seq2seq.trainer.supervised_trainer INFO     Progress: 84%, Train Perplexity: 1.0029
2018-01-31 02:21:16,847 seq2seq.trainer.supervised_trainer INFO     Finished epoch 42: Train Perplexity: 1.0012, Dev Perplexity: 1.6259, Accuracy: 0.9595, Sequence Accuracy: 0.8512
2018-01-31 02:21:16,847 seq2seq.trainer.supervised_trainer DEBUG    Epoch: 43, Step: 5040
2018-01-31 02:21:50,427 seq2seq.trainer.supervised_trainer INFO     Progress: 84%, Train Perplexity: 1.0216
2018-01-31 02:22:04,437 seq2seq.trainer.supervised_trainer INFO     Progress: 84%, Train Perplexity: 1.0125
2018-01-31 02:22:17,508 seq2seq.trainer.supervised_trainer INFO     Progress: 85%, Train Perplexity: 1.0020
2018-01-31 02:22:31,632 seq2seq.trainer.supervised_trainer INFO     Progress: 85%, Train Perplexity: 1.0010
2018-01-31 02:22:46,060 seq2seq.trainer.supervised_trainer INFO     Progress: 85%, Train Perplexity: 1.0014
2018-01-31 02:23:00,171 seq2seq.trainer.supervised_trainer INFO     Progress: 86%, Train Perplexity: 1.0113
2018-01-31 02:23:18,593 seq2seq.trainer.supervised_trainer INFO     Finished epoch 43: Train Perplexity: 1.0083, Dev Perplexity: 1.9274, Accuracy: 0.9434, Sequence Accuracy: 0.7402
2018-01-31 02:23:18,594 seq2seq.trainer.supervised_trainer DEBUG    Epoch: 44, Step: 5160
2018-01-31 02:23:32,956 seq2seq.trainer.supervised_trainer INFO     Progress: 86%, Train Perplexity: 1.0030
2018-01-31 02:24:05,032 seq2seq.trainer.supervised_trainer INFO     Progress: 86%, Train Perplexity: 1.0041
2018-01-31 02:24:19,916 seq2seq.trainer.supervised_trainer INFO     Progress: 87%, Train Perplexity: 1.0044
2018-01-31 02:24:33,580 seq2seq.trainer.supervised_trainer INFO     Progress: 87%, Train Perplexity: 1.0005
2018-01-31 02:24:47,880 seq2seq.trainer.supervised_trainer INFO     Progress: 87%, Train Perplexity: 1.0030
2018-01-31 02:25:02,035 seq2seq.trainer.supervised_trainer INFO     Progress: 88%, Train Perplexity: 1.0007
2018-01-31 02:25:20,452 seq2seq.trainer.supervised_trainer INFO     Finished epoch 44: Train Perplexity: 1.0026, Dev Perplexity: 2.4325, Accuracy: 0.9238, Sequence Accuracy: 0.7639
2018-01-31 02:25:20,452 seq2seq.trainer.supervised_trainer DEBUG    Epoch: 45, Step: 5280
2018-01-31 02:25:35,316 seq2seq.trainer.supervised_trainer INFO     Progress: 88%, Train Perplexity: 1.0170
2018-01-31 02:25:48,967 seq2seq.trainer.supervised_trainer INFO     Progress: 88%, Train Perplexity: 1.0077
2018-01-31 02:26:21,614 seq2seq.trainer.supervised_trainer INFO     Progress: 89%, Train Perplexity: 1.0027
2018-01-31 02:26:35,882 seq2seq.trainer.supervised_trainer INFO     Progress: 89%, Train Perplexity: 1.0019
2018-01-31 02:26:50,402 seq2seq.trainer.supervised_trainer INFO     Progress: 89%, Train Perplexity: 1.0023
2018-01-31 02:27:04,835 seq2seq.trainer.supervised_trainer INFO     Progress: 90%, Train Perplexity: 1.0002
2018-01-31 02:27:23,171 seq2seq.trainer.supervised_trainer INFO     Finished epoch 45: Train Perplexity: 1.0053, Dev Perplexity: 2.4455, Accuracy: 0.9200, Sequence Accuracy: 0.7906
2018-01-31 02:27:23,171 seq2seq.trainer.supervised_trainer DEBUG    Epoch: 46, Step: 5400
2018-01-31 02:27:36,937 seq2seq.trainer.supervised_trainer INFO     Progress: 90%, Train Perplexity: 1.0039
2018-01-31 02:27:51,691 seq2seq.trainer.supervised_trainer INFO     Progress: 90%, Train Perplexity: 1.0080
2018-01-31 02:28:24,571 seq2seq.trainer.supervised_trainer INFO     Progress: 91%, Train Perplexity: 1.0027
2018-01-31 02:28:39,124 seq2seq.trainer.supervised_trainer INFO     Progress: 91%, Train Perplexity: 1.0003
2018-01-31 02:28:53,274 seq2seq.trainer.supervised_trainer INFO     Progress: 91%, Train Perplexity: 1.0004
2018-01-31 02:29:07,446 seq2seq.trainer.supervised_trainer INFO     Progress: 92%, Train Perplexity: 1.0017
2018-01-31 02:29:25,838 seq2seq.trainer.supervised_trainer INFO     Finished epoch 46: Train Perplexity: 1.0028, Dev Perplexity: 2.1460, Accuracy: 0.9237, Sequence Accuracy: 0.7872
2018-01-31 02:29:25,838 seq2seq.trainer.supervised_trainer DEBUG    Epoch: 47, Step: 5520
2018-01-31 02:29:40,863 seq2seq.trainer.supervised_trainer INFO     Progress: 92%, Train Perplexity: 1.0065
2018-01-31 02:29:55,570 seq2seq.trainer.supervised_trainer INFO     Progress: 92%, Train Perplexity: 1.0226
2018-01-31 02:30:09,073 seq2seq.trainer.supervised_trainer INFO     Progress: 93%, Train Perplexity: 1.0032
2018-01-31 02:30:41,181 seq2seq.trainer.supervised_trainer INFO     Progress: 93%, Train Perplexity: 1.0015
2018-01-31 02:30:56,161 seq2seq.trainer.supervised_trainer INFO     Progress: 93%, Train Perplexity: 1.0003
2018-01-31 02:31:10,453 seq2seq.trainer.supervised_trainer INFO     Progress: 94%, Train Perplexity: 1.0070
2018-01-31 02:31:28,910 seq2seq.trainer.supervised_trainer INFO     Finished epoch 47: Train Perplexity: 1.0069, Dev Perplexity: 2.0765, Accuracy: 0.9350, Sequence Accuracy: 0.8262
2018-01-31 02:31:28,910 seq2seq.trainer.supervised_trainer DEBUG    Epoch: 48, Step: 5640
2018-01-31 02:31:43,251 seq2seq.trainer.supervised_trainer INFO     Progress: 94%, Train Perplexity: 1.0028
2018-01-31 02:31:58,317 seq2seq.trainer.supervised_trainer INFO     Progress: 94%, Train Perplexity: 1.0188
2018-01-31 02:32:12,139 seq2seq.trainer.supervised_trainer INFO     Progress: 95%, Train Perplexity: 1.0050
2018-01-31 02:32:45,265 seq2seq.trainer.supervised_trainer INFO     Progress: 95%, Train Perplexity: 1.0012
2018-01-31 02:32:59,939 seq2seq.trainer.supervised_trainer INFO     Progress: 95%, Train Perplexity: 1.0009
2018-01-31 02:33:14,339 seq2seq.trainer.supervised_trainer INFO     Progress: 96%, Train Perplexity: 1.0022
2018-01-31 02:33:32,756 seq2seq.trainer.supervised_trainer INFO     Finished epoch 48: Train Perplexity: 1.0052, Dev Perplexity: 2.2116, Accuracy: 0.9355, Sequence Accuracy: 0.8008
2018-01-31 02:33:32,756 seq2seq.trainer.supervised_trainer DEBUG    Epoch: 49, Step: 5760
2018-01-31 02:33:47,515 seq2seq.trainer.supervised_trainer INFO     Progress: 96%, Train Perplexity: 1.0137
2018-01-31 02:34:01,442 seq2seq.trainer.supervised_trainer INFO     Progress: 96%, Train Perplexity: 1.0016
2018-01-31 02:34:15,648 seq2seq.trainer.supervised_trainer INFO     Progress: 97%, Train Perplexity: 1.0142
2018-01-31 02:34:30,269 seq2seq.trainer.supervised_trainer INFO     Progress: 97%, Train Perplexity: 1.0260
2018-01-31 02:35:04,162 seq2seq.trainer.supervised_trainer INFO     Progress: 97%, Train Perplexity: 1.0064
2018-01-31 02:35:18,408 seq2seq.trainer.supervised_trainer INFO     Progress: 98%, Train Perplexity: 1.0022
2018-01-31 02:35:36,767 seq2seq.trainer.supervised_trainer INFO     Finished epoch 49: Train Perplexity: 1.0107, Dev Perplexity: 2.0794, Accuracy: 0.9377, Sequence Accuracy: 0.7886
2018-01-31 02:35:36,768 seq2seq.trainer.supervised_trainer DEBUG    Epoch: 50, Step: 5880
2018-01-31 02:35:51,656 seq2seq.trainer.supervised_trainer INFO     Progress: 98%, Train Perplexity: 1.0048
2018-01-31 02:36:05,297 seq2seq.trainer.supervised_trainer INFO     Progress: 98%, Train Perplexity: 1.0030
2018-01-31 02:36:19,603 seq2seq.trainer.supervised_trainer INFO     Progress: 99%, Train Perplexity: 1.0207
2018-01-31 02:36:34,385 seq2seq.trainer.supervised_trainer INFO     Progress: 99%, Train Perplexity: 1.0009
2018-01-31 02:36:49,521 seq2seq.trainer.supervised_trainer INFO     Progress: 99%, Train Perplexity: 1.0012
2018-01-31 02:37:22,424 seq2seq.trainer.supervised_trainer INFO     Progress: 100%, Train Perplexity: 1.0044
2018-01-31 02:37:59,206 seq2seq.trainer.supervised_trainer INFO     Finished epoch 50: Train Perplexity: 1.0058, Dev Perplexity: 2.0086, Accuracy: 0.9254, Sequence Accuracy: 0.8174
