2018-01-31 07:44:14,868 root         INFO     Namespace(attention=True, batch_size=128, bidirectional=False, cuda_device=0, dev='data/CLEANED-SCAN/length_split/experiment2c_output_interleaved_short_to_long/tasks_test.txt', dropout_p_decoder=0.5, dropout_p_encoder=0.5, embedding_size=200, epochs=50, hidden_size=200, load_checkpoint=None, log_level='debug', lr=0.001, max_len=50, n_layers=2, optim='adam', output_dir='checkpoints_experiment_2c_6', print_every=20, resume=False, rnn_cell='lstm', save_every=133, src_vocab=50000, teacher_forcing_ratio=0.5, tgt_vocab=50000, train='data/CLEANED-SCAN/length_split/experiment2c_output_interleaved_short_to_long/tasks_train.txt')
2018-01-31 07:44:15,489 seq2seq.trainer.supervised_trainer INFO     Optimizer: <torch.optim.adam.Adam object at 0x7f958aabe3d0>, Scheduler: None
2018-01-31 07:44:31,715 seq2seq.trainer.supervised_trainer DEBUG    Epoch: 1, Step: 0
2018-01-31 07:44:59,681 seq2seq.trainer.supervised_trainer INFO     Progress: 0%, Train Perplexity: 13.5289
2018-01-31 07:45:13,954 seq2seq.trainer.supervised_trainer INFO     Progress: 1%, Train Perplexity: 5.3506
2018-01-31 07:45:29,236 seq2seq.trainer.supervised_trainer INFO     Progress: 1%, Train Perplexity: 4.6643
2018-01-31 07:45:42,682 seq2seq.trainer.supervised_trainer INFO     Progress: 1%, Train Perplexity: 4.1876
2018-01-31 07:45:57,421 seq2seq.trainer.supervised_trainer INFO     Progress: 2%, Train Perplexity: 3.3989
2018-01-31 07:46:15,263 seq2seq.trainer.supervised_trainer INFO     Finished epoch 1: Train Perplexity: 5.1884, Dev Perplexity: 3.3764, Accuracy: 0.4487, Sequence Accuracy: 0.0002
2018-01-31 07:46:15,263 seq2seq.trainer.supervised_trainer DEBUG    Epoch: 2, Step: 120
2018-01-31 07:46:47,509 seq2seq.trainer.supervised_trainer INFO     Progress: 2%, Train Perplexity: 2.9987
2018-01-31 07:47:01,168 seq2seq.trainer.supervised_trainer INFO     Progress: 2%, Train Perplexity: 2.6876
2018-01-31 07:47:14,905 seq2seq.trainer.supervised_trainer INFO     Progress: 3%, Train Perplexity: 2.4962
2018-01-31 07:47:29,187 seq2seq.trainer.supervised_trainer INFO     Progress: 3%, Train Perplexity: 2.5649
2018-01-31 07:47:43,546 seq2seq.trainer.supervised_trainer INFO     Progress: 3%, Train Perplexity: 2.3613
2018-01-31 07:47:57,686 seq2seq.trainer.supervised_trainer INFO     Progress: 4%, Train Perplexity: 2.2437
2018-01-31 07:48:15,663 seq2seq.trainer.supervised_trainer INFO     Finished epoch 2: Train Perplexity: 2.5587, Dev Perplexity: 2.4171, Accuracy: 0.6549, Sequence Accuracy: 0.0150
2018-01-31 07:48:15,663 seq2seq.trainer.supervised_trainer DEBUG    Epoch: 3, Step: 240
2018-01-31 07:48:30,282 seq2seq.trainer.supervised_trainer INFO     Progress: 4%, Train Perplexity: 2.1780
2018-01-31 07:49:02,950 seq2seq.trainer.supervised_trainer INFO     Progress: 4%, Train Perplexity: 2.2240
2018-01-31 07:49:16,195 seq2seq.trainer.supervised_trainer INFO     Progress: 5%, Train Perplexity: 2.0982
2018-01-31 07:49:31,002 seq2seq.trainer.supervised_trainer INFO     Progress: 5%, Train Perplexity: 1.8438
2018-01-31 07:49:44,542 seq2seq.trainer.supervised_trainer INFO     Progress: 5%, Train Perplexity: 1.7657
2018-01-31 07:49:58,626 seq2seq.trainer.supervised_trainer INFO     Progress: 6%, Train Perplexity: 1.9672
2018-01-31 07:50:16,640 seq2seq.trainer.supervised_trainer INFO     Finished epoch 3: Train Perplexity: 2.0128, Dev Perplexity: 2.4913, Accuracy: 0.6592, Sequence Accuracy: 0.0565
2018-01-31 07:50:16,640 seq2seq.trainer.supervised_trainer DEBUG    Epoch: 4, Step: 360
2018-01-31 07:50:31,722 seq2seq.trainer.supervised_trainer INFO     Progress: 6%, Train Perplexity: 1.7505
2018-01-31 07:51:02,561 seq2seq.trainer.supervised_trainer INFO     Progress: 6%, Train Perplexity: 1.6124
2018-01-31 07:51:16,372 seq2seq.trainer.supervised_trainer INFO     Progress: 7%, Train Perplexity: 1.5226
2018-01-31 07:51:30,464 seq2seq.trainer.supervised_trainer INFO     Progress: 7%, Train Perplexity: 1.4241
2018-01-31 07:51:45,654 seq2seq.trainer.supervised_trainer INFO     Progress: 7%, Train Perplexity: 1.4489
2018-01-31 07:52:00,063 seq2seq.trainer.supervised_trainer INFO     Progress: 8%, Train Perplexity: 1.2756
2018-01-31 07:52:18,097 seq2seq.trainer.supervised_trainer INFO     Finished epoch 4: Train Perplexity: 1.5057, Dev Perplexity: 1.5692, Accuracy: 0.8623, Sequence Accuracy: 0.4297
2018-01-31 07:52:18,097 seq2seq.trainer.supervised_trainer DEBUG    Epoch: 5, Step: 480
2018-01-31 07:52:32,468 seq2seq.trainer.supervised_trainer INFO     Progress: 8%, Train Perplexity: 1.3220
2018-01-31 07:52:47,434 seq2seq.trainer.supervised_trainer INFO     Progress: 8%, Train Perplexity: 1.4769
2018-01-31 07:53:18,974 seq2seq.trainer.supervised_trainer INFO     Progress: 9%, Train Perplexity: 1.4371
2018-01-31 07:53:33,070 seq2seq.trainer.supervised_trainer INFO     Progress: 9%, Train Perplexity: 1.2692
2018-01-31 07:53:47,922 seq2seq.trainer.supervised_trainer INFO     Progress: 9%, Train Perplexity: 1.1497
2018-01-31 07:54:02,554 seq2seq.trainer.supervised_trainer INFO     Progress: 10%, Train Perplexity: 1.1778
2018-01-31 07:54:20,611 seq2seq.trainer.supervised_trainer INFO     Finished epoch 5: Train Perplexity: 1.3054, Dev Perplexity: 1.6264, Accuracy: 0.8511, Sequence Accuracy: 0.5379
2018-01-31 07:54:20,611 seq2seq.trainer.supervised_trainer DEBUG    Epoch: 6, Step: 600
2018-01-31 07:54:35,390 seq2seq.trainer.supervised_trainer INFO     Progress: 10%, Train Perplexity: 1.2973
2018-01-31 07:54:50,306 seq2seq.trainer.supervised_trainer INFO     Progress: 10%, Train Perplexity: 1.2873
2018-01-31 07:55:04,389 seq2seq.trainer.supervised_trainer INFO     Progress: 11%, Train Perplexity: 1.2950
2018-01-31 07:55:37,099 seq2seq.trainer.supervised_trainer INFO     Progress: 11%, Train Perplexity: 1.2200
2018-01-31 07:55:50,998 seq2seq.trainer.supervised_trainer INFO     Progress: 11%, Train Perplexity: 1.1638
2018-01-31 07:56:05,247 seq2seq.trainer.supervised_trainer INFO     Progress: 12%, Train Perplexity: 1.2109
2018-01-31 07:56:23,299 seq2seq.trainer.supervised_trainer INFO     Finished epoch 6: Train Perplexity: 1.2457, Dev Perplexity: 1.4113, Accuracy: 0.8983, Sequence Accuracy: 0.2643
2018-01-31 07:56:23,299 seq2seq.trainer.supervised_trainer DEBUG    Epoch: 7, Step: 720
2018-01-31 07:56:37,423 seq2seq.trainer.supervised_trainer INFO     Progress: 12%, Train Perplexity: 1.2145
2018-01-31 07:56:52,084 seq2seq.trainer.supervised_trainer INFO     Progress: 12%, Train Perplexity: 1.2837
2018-01-31 07:57:07,502 seq2seq.trainer.supervised_trainer INFO     Progress: 13%, Train Perplexity: 1.3096
2018-01-31 07:57:39,450 seq2seq.trainer.supervised_trainer INFO     Progress: 13%, Train Perplexity: 1.2218
2018-01-31 07:57:53,849 seq2seq.trainer.supervised_trainer INFO     Progress: 13%, Train Perplexity: 1.1057
2018-01-31 07:58:08,108 seq2seq.trainer.supervised_trainer INFO     Progress: 14%, Train Perplexity: 1.0912
2018-01-31 07:58:26,203 seq2seq.trainer.supervised_trainer INFO     Finished epoch 7: Train Perplexity: 1.2044, Dev Perplexity: 1.4862, Accuracy: 0.8881, Sequence Accuracy: 0.5621
2018-01-31 07:58:26,203 seq2seq.trainer.supervised_trainer DEBUG    Epoch: 8, Step: 840
2018-01-31 07:58:41,084 seq2seq.trainer.supervised_trainer INFO     Progress: 14%, Train Perplexity: 1.1714
2018-01-31 07:58:55,635 seq2seq.trainer.supervised_trainer INFO     Progress: 14%, Train Perplexity: 1.1885
2018-01-31 07:59:09,974 seq2seq.trainer.supervised_trainer INFO     Progress: 15%, Train Perplexity: 1.1426
2018-01-31 07:59:23,342 seq2seq.trainer.supervised_trainer INFO     Progress: 15%, Train Perplexity: 1.1943
2018-01-31 07:59:56,261 seq2seq.trainer.supervised_trainer INFO     Progress: 15%, Train Perplexity: 1.1378
2018-01-31 08:00:10,490 seq2seq.trainer.supervised_trainer INFO     Progress: 16%, Train Perplexity: 1.0789
2018-01-31 08:00:28,624 seq2seq.trainer.supervised_trainer INFO     Finished epoch 8: Train Perplexity: 1.1522, Dev Perplexity: 1.4746, Accuracy: 0.9018, Sequence Accuracy: 0.5663
2018-01-31 08:00:28,624 seq2seq.trainer.supervised_trainer DEBUG    Epoch: 9, Step: 960
2018-01-31 08:00:42,887 seq2seq.trainer.supervised_trainer INFO     Progress: 16%, Train Perplexity: 1.1511
2018-01-31 08:00:56,369 seq2seq.trainer.supervised_trainer INFO     Progress: 16%, Train Perplexity: 1.1910
2018-01-31 08:01:11,321 seq2seq.trainer.supervised_trainer INFO     Progress: 17%, Train Perplexity: 1.1720
2018-01-31 08:01:26,567 seq2seq.trainer.supervised_trainer INFO     Progress: 17%, Train Perplexity: 1.1893
2018-01-31 08:01:41,240 seq2seq.trainer.supervised_trainer INFO     Progress: 17%, Train Perplexity: 1.0915
2018-01-31 08:02:13,620 seq2seq.trainer.supervised_trainer INFO     Progress: 18%, Train Perplexity: 1.0624
2018-01-31 08:02:31,687 seq2seq.trainer.supervised_trainer INFO     Finished epoch 9: Train Perplexity: 1.1429, Dev Perplexity: 1.5781, Accuracy: 0.8931, Sequence Accuracy: 0.6288
2018-01-31 08:02:31,687 seq2seq.trainer.supervised_trainer DEBUG    Epoch: 10, Step: 1080
2018-01-31 08:02:46,817 seq2seq.trainer.supervised_trainer INFO     Progress: 18%, Train Perplexity: 1.1400
2018-01-31 08:03:00,225 seq2seq.trainer.supervised_trainer INFO     Progress: 18%, Train Perplexity: 1.0840
2018-01-31 08:03:14,387 seq2seq.trainer.supervised_trainer INFO     Progress: 19%, Train Perplexity: 1.2179
2018-01-31 08:03:29,618 seq2seq.trainer.supervised_trainer INFO     Progress: 19%, Train Perplexity: 1.1763
2018-01-31 08:03:44,396 seq2seq.trainer.supervised_trainer INFO     Progress: 19%, Train Perplexity: 1.0726
2018-01-31 08:04:17,248 seq2seq.trainer.supervised_trainer INFO     Progress: 20%, Train Perplexity: 1.0596
2018-01-31 08:04:35,491 seq2seq.trainer.supervised_trainer INFO     Finished epoch 10: Train Perplexity: 1.1251, Dev Perplexity: 1.4165, Accuracy: 0.9167, Sequence Accuracy: 0.6781
2018-01-31 08:04:35,491 seq2seq.trainer.supervised_trainer DEBUG    Epoch: 11, Step: 1200
2018-01-31 08:04:50,077 seq2seq.trainer.supervised_trainer INFO     Progress: 20%, Train Perplexity: 1.1122
2018-01-31 08:05:04,850 seq2seq.trainer.supervised_trainer INFO     Progress: 20%, Train Perplexity: 1.0882
2018-01-31 08:05:19,228 seq2seq.trainer.supervised_trainer INFO     Progress: 21%, Train Perplexity: 1.1016
2018-01-31 08:05:34,240 seq2seq.trainer.supervised_trainer INFO     Progress: 21%, Train Perplexity: 1.1096
2018-01-31 08:05:48,140 seq2seq.trainer.supervised_trainer INFO     Progress: 21%, Train Perplexity: 1.1032
2018-01-31 08:06:02,742 seq2seq.trainer.supervised_trainer INFO     Progress: 22%, Train Perplexity: 1.1675
2018-01-31 08:06:20,943 seq2seq.trainer.supervised_trainer INFO     Finished epoch 11: Train Perplexity: 1.1137, Dev Perplexity: 1.2996, Accuracy: 0.9153, Sequence Accuracy: 0.4782
2018-01-31 08:06:20,943 seq2seq.trainer.supervised_trainer DEBUG    Epoch: 12, Step: 1320
2018-01-31 08:06:54,212 seq2seq.trainer.supervised_trainer INFO     Progress: 22%, Train Perplexity: 1.0660
2018-01-31 08:07:07,713 seq2seq.trainer.supervised_trainer INFO     Progress: 22%, Train Perplexity: 1.0711
2018-01-31 08:07:22,208 seq2seq.trainer.supervised_trainer INFO     Progress: 23%, Train Perplexity: 1.0846
2018-01-31 08:07:37,180 seq2seq.trainer.supervised_trainer INFO     Progress: 23%, Train Perplexity: 1.0698
2018-01-31 08:07:50,141 seq2seq.trainer.supervised_trainer INFO     Progress: 23%, Train Perplexity: 1.0811
2018-01-31 08:08:04,614 seq2seq.trainer.supervised_trainer INFO     Progress: 24%, Train Perplexity: 1.0696
2018-01-31 08:08:22,790 seq2seq.trainer.supervised_trainer INFO     Finished epoch 12: Train Perplexity: 1.0737, Dev Perplexity: 1.3346, Accuracy: 0.9258, Sequence Accuracy: 0.7552
2018-01-31 08:08:22,790 seq2seq.trainer.supervised_trainer DEBUG    Epoch: 13, Step: 1440
2018-01-31 08:08:37,139 seq2seq.trainer.supervised_trainer INFO     Progress: 24%, Train Perplexity: 1.1029
2018-01-31 08:09:08,903 seq2seq.trainer.supervised_trainer INFO     Progress: 24%, Train Perplexity: 1.0670
2018-01-31 08:09:23,569 seq2seq.trainer.supervised_trainer INFO     Progress: 25%, Train Perplexity: 1.0508
2018-01-31 08:09:38,164 seq2seq.trainer.supervised_trainer INFO     Progress: 25%, Train Perplexity: 1.0522
2018-01-31 08:09:52,497 seq2seq.trainer.supervised_trainer INFO     Progress: 25%, Train Perplexity: 1.1344
2018-01-31 08:10:06,845 seq2seq.trainer.supervised_trainer INFO     Progress: 26%, Train Perplexity: 1.0913
2018-01-31 08:10:25,076 seq2seq.trainer.supervised_trainer INFO     Finished epoch 13: Train Perplexity: 1.0831, Dev Perplexity: 1.3644, Accuracy: 0.9218, Sequence Accuracy: 0.7766
2018-01-31 08:10:25,076 seq2seq.trainer.supervised_trainer DEBUG    Epoch: 14, Step: 1560
2018-01-31 08:10:38,894 seq2seq.trainer.supervised_trainer INFO     Progress: 26%, Train Perplexity: 1.0600
2018-01-31 08:11:11,753 seq2seq.trainer.supervised_trainer INFO     Progress: 26%, Train Perplexity: 1.0520
2018-01-31 08:11:26,903 seq2seq.trainer.supervised_trainer INFO     Progress: 27%, Train Perplexity: 1.0663
2018-01-31 08:11:40,718 seq2seq.trainer.supervised_trainer INFO     Progress: 27%, Train Perplexity: 1.0490
2018-01-31 08:11:55,118 seq2seq.trainer.supervised_trainer INFO     Progress: 27%, Train Perplexity: 1.0645
2018-01-31 08:12:09,421 seq2seq.trainer.supervised_trainer INFO     Progress: 28%, Train Perplexity: 1.0532
2018-01-31 08:12:27,727 seq2seq.trainer.supervised_trainer INFO     Finished epoch 14: Train Perplexity: 1.0575, Dev Perplexity: 1.2631, Accuracy: 0.9436, Sequence Accuracy: 0.7101
2018-01-31 08:12:27,728 seq2seq.trainer.supervised_trainer DEBUG    Epoch: 15, Step: 1680
2018-01-31 08:12:42,954 seq2seq.trainer.supervised_trainer INFO     Progress: 28%, Train Perplexity: 1.1078
2018-01-31 08:12:58,094 seq2seq.trainer.supervised_trainer INFO     Progress: 28%, Train Perplexity: 1.0663
2018-01-31 08:13:30,464 seq2seq.trainer.supervised_trainer INFO     Progress: 28%, Train Perplexity: 1.0427
2018-01-31 08:13:44,527 seq2seq.trainer.supervised_trainer INFO     Progress: 29%, Train Perplexity: 1.0475
2018-01-31 08:13:57,982 seq2seq.trainer.supervised_trainer INFO     Progress: 29%, Train Perplexity: 1.0289
2018-01-31 08:14:12,134 seq2seq.trainer.supervised_trainer INFO     Progress: 30%, Train Perplexity: 1.0286
2018-01-31 08:14:30,324 seq2seq.trainer.supervised_trainer INFO     Finished epoch 15: Train Perplexity: 1.0536, Dev Perplexity: 1.3662, Accuracy: 0.9341, Sequence Accuracy: 0.7734
2018-01-31 08:14:30,324 seq2seq.trainer.supervised_trainer DEBUG    Epoch: 16, Step: 1800
2018-01-31 08:14:45,359 seq2seq.trainer.supervised_trainer INFO     Progress: 30%, Train Perplexity: 1.1083
2018-01-31 08:14:59,852 seq2seq.trainer.supervised_trainer INFO     Progress: 30%, Train Perplexity: 1.0516
2018-01-31 08:15:14,413 seq2seq.trainer.supervised_trainer INFO     Progress: 31%, Train Perplexity: 1.1020
2018-01-31 08:15:47,641 seq2seq.trainer.supervised_trainer INFO     Progress: 31%, Train Perplexity: 1.0353
2018-01-31 08:16:01,181 seq2seq.trainer.supervised_trainer INFO     Progress: 31%, Train Perplexity: 1.0324
2018-01-31 08:16:15,073 seq2seq.trainer.supervised_trainer INFO     Progress: 32%, Train Perplexity: 1.0335
2018-01-31 08:16:33,298 seq2seq.trainer.supervised_trainer INFO     Finished epoch 16: Train Perplexity: 1.0605, Dev Perplexity: 1.3970, Accuracy: 0.9325, Sequence Accuracy: 0.7777
2018-01-31 08:16:33,298 seq2seq.trainer.supervised_trainer DEBUG    Epoch: 17, Step: 1920
2018-01-31 08:16:48,252 seq2seq.trainer.supervised_trainer INFO     Progress: 32%, Train Perplexity: 1.0631
2018-01-31 08:17:03,258 seq2seq.trainer.supervised_trainer INFO     Progress: 32%, Train Perplexity: 1.0813
2018-01-31 08:17:17,424 seq2seq.trainer.supervised_trainer INFO     Progress: 33%, Train Perplexity: 1.0509
2018-01-31 08:17:50,590 seq2seq.trainer.supervised_trainer INFO     Progress: 33%, Train Perplexity: 1.0459
2018-01-31 08:18:04,062 seq2seq.trainer.supervised_trainer INFO     Progress: 33%, Train Perplexity: 1.0427
2018-01-31 08:18:18,146 seq2seq.trainer.supervised_trainer INFO     Progress: 34%, Train Perplexity: 1.0288
2018-01-31 08:18:36,405 seq2seq.trainer.supervised_trainer INFO     Finished epoch 17: Train Perplexity: 1.0521, Dev Perplexity: 1.5226, Accuracy: 0.9164, Sequence Accuracy: 0.7386
2018-01-31 08:18:36,406 seq2seq.trainer.supervised_trainer DEBUG    Epoch: 18, Step: 2040
2018-01-31 08:18:50,975 seq2seq.trainer.supervised_trainer INFO     Progress: 34%, Train Perplexity: 1.0319
2018-01-31 08:19:05,501 seq2seq.trainer.supervised_trainer INFO     Progress: 34%, Train Perplexity: 1.0682
2018-01-31 08:19:20,547 seq2seq.trainer.supervised_trainer INFO     Progress: 35%, Train Perplexity: 1.0282
2018-01-31 08:19:35,455 seq2seq.trainer.supervised_trainer INFO     Progress: 35%, Train Perplexity: 1.0912
2018-01-31 08:20:07,567 seq2seq.trainer.supervised_trainer INFO     Progress: 35%, Train Perplexity: 1.0678
2018-01-31 08:20:21,971 seq2seq.trainer.supervised_trainer INFO     Progress: 36%, Train Perplexity: 1.0409
2018-01-31 08:20:40,175 seq2seq.trainer.supervised_trainer INFO     Finished epoch 18: Train Perplexity: 1.0547, Dev Perplexity: 1.5477, Accuracy: 0.9085, Sequence Accuracy: 0.7099
2018-01-31 08:20:40,176 seq2seq.trainer.supervised_trainer DEBUG    Epoch: 19, Step: 2160
2018-01-31 08:20:54,230 seq2seq.trainer.supervised_trainer INFO     Progress: 36%, Train Perplexity: 1.0362
2018-01-31 08:21:09,290 seq2seq.trainer.supervised_trainer INFO     Progress: 36%, Train Perplexity: 1.0457
2018-01-31 08:21:23,146 seq2seq.trainer.supervised_trainer INFO     Progress: 37%, Train Perplexity: 1.0550
2018-01-31 08:21:38,186 seq2seq.trainer.supervised_trainer INFO     Progress: 37%, Train Perplexity: 1.0677
2018-01-31 08:21:53,161 seq2seq.trainer.supervised_trainer INFO     Progress: 37%, Train Perplexity: 1.0534
2018-01-31 08:22:25,905 seq2seq.trainer.supervised_trainer INFO     Progress: 38%, Train Perplexity: 1.0291
2018-01-31 08:22:44,204 seq2seq.trainer.supervised_trainer INFO     Finished epoch 19: Train Perplexity: 1.0478, Dev Perplexity: 1.3804, Accuracy: 0.9337, Sequence Accuracy: 0.7963
2018-01-31 08:22:44,204 seq2seq.trainer.supervised_trainer DEBUG    Epoch: 20, Step: 2280
2018-01-31 08:22:59,273 seq2seq.trainer.supervised_trainer INFO     Progress: 38%, Train Perplexity: 1.0319
2018-01-31 08:23:14,533 seq2seq.trainer.supervised_trainer INFO     Progress: 38%, Train Perplexity: 1.0254
2018-01-31 08:23:28,578 seq2seq.trainer.supervised_trainer INFO     Progress: 39%, Train Perplexity: 1.0477
2018-01-31 08:23:42,174 seq2seq.trainer.supervised_trainer INFO     Progress: 39%, Train Perplexity: 1.0568
2018-01-31 08:23:57,054 seq2seq.trainer.supervised_trainer INFO     Progress: 39%, Train Perplexity: 1.0762
2018-01-31 08:24:29,750 seq2seq.trainer.supervised_trainer INFO     Progress: 40%, Train Perplexity: 1.0681
2018-01-31 08:24:47,962 seq2seq.trainer.supervised_trainer INFO     Finished epoch 20: Train Perplexity: 1.0510, Dev Perplexity: 1.3598, Accuracy: 0.9277, Sequence Accuracy: 0.7806
2018-01-31 08:24:47,962 seq2seq.trainer.supervised_trainer DEBUG    Epoch: 21, Step: 2400
2018-01-31 08:25:02,530 seq2seq.trainer.supervised_trainer INFO     Progress: 40%, Train Perplexity: 1.1096
2018-01-31 08:25:17,812 seq2seq.trainer.supervised_trainer INFO     Progress: 40%, Train Perplexity: 1.0828
2018-01-31 08:25:32,132 seq2seq.trainer.supervised_trainer INFO     Progress: 41%, Train Perplexity: 1.0184
2018-01-31 08:25:46,429 seq2seq.trainer.supervised_trainer INFO     Progress: 41%, Train Perplexity: 1.0637
2018-01-31 08:26:00,986 seq2seq.trainer.supervised_trainer INFO     Progress: 41%, Train Perplexity: 1.0727
2018-01-31 08:26:15,882 seq2seq.trainer.supervised_trainer INFO     Progress: 42%, Train Perplexity: 1.0493
2018-01-31 08:26:34,179 seq2seq.trainer.supervised_trainer INFO     Finished epoch 21: Train Perplexity: 1.0661, Dev Perplexity: 1.3893, Accuracy: 0.9189, Sequence Accuracy: 0.7920
2018-01-31 08:26:34,179 seq2seq.trainer.supervised_trainer DEBUG    Epoch: 22, Step: 2520
2018-01-31 08:27:05,935 seq2seq.trainer.supervised_trainer INFO     Progress: 42%, Train Perplexity: 1.0418
2018-01-31 08:27:20,329 seq2seq.trainer.supervised_trainer INFO     Progress: 42%, Train Perplexity: 1.0340
2018-01-31 08:27:34,418 seq2seq.trainer.supervised_trainer INFO     Progress: 43%, Train Perplexity: 1.0123
2018-01-31 08:27:48,650 seq2seq.trainer.supervised_trainer INFO     Progress: 43%, Train Perplexity: 1.0127
2018-01-31 08:28:03,783 seq2seq.trainer.supervised_trainer INFO     Progress: 43%, Train Perplexity: 1.0178
2018-01-31 08:28:18,436 seq2seq.trainer.supervised_trainer INFO     Progress: 44%, Train Perplexity: 1.0289
2018-01-31 08:28:36,596 seq2seq.trainer.supervised_trainer INFO     Finished epoch 22: Train Perplexity: 1.0246, Dev Perplexity: 1.4807, Accuracy: 0.9281, Sequence Accuracy: 0.7813
2018-01-31 08:28:36,596 seq2seq.trainer.supervised_trainer DEBUG    Epoch: 23, Step: 2640
2018-01-31 08:28:50,744 seq2seq.trainer.supervised_trainer INFO     Progress: 44%, Train Perplexity: 1.0201
2018-01-31 08:29:24,113 seq2seq.trainer.supervised_trainer INFO     Progress: 44%, Train Perplexity: 1.0077
2018-01-31 08:29:38,168 seq2seq.trainer.supervised_trainer INFO     Progress: 45%, Train Perplexity: 1.0175
2018-01-31 08:29:53,077 seq2seq.trainer.supervised_trainer INFO     Progress: 45%, Train Perplexity: 1.0115
2018-01-31 08:30:06,577 seq2seq.trainer.supervised_trainer INFO     Progress: 45%, Train Perplexity: 1.0267
2018-01-31 08:30:20,352 seq2seq.trainer.supervised_trainer INFO     Progress: 46%, Train Perplexity: 1.0152
2018-01-31 08:30:38,564 seq2seq.trainer.supervised_trainer INFO     Finished epoch 23: Train Perplexity: 1.0164, Dev Perplexity: 1.4737, Accuracy: 0.9369, Sequence Accuracy: 0.7759
2018-01-31 08:30:38,564 seq2seq.trainer.supervised_trainer DEBUG    Epoch: 24, Step: 2760
2018-01-31 08:30:52,392 seq2seq.trainer.supervised_trainer INFO     Progress: 46%, Train Perplexity: 1.0228
2018-01-31 08:31:25,552 seq2seq.trainer.supervised_trainer INFO     Progress: 46%, Train Perplexity: 1.0466
2018-01-31 08:31:40,112 seq2seq.trainer.supervised_trainer INFO     Progress: 47%, Train Perplexity: 1.0250
2018-01-31 08:31:54,222 seq2seq.trainer.supervised_trainer INFO     Progress: 47%, Train Perplexity: 1.0179
2018-01-31 08:32:08,592 seq2seq.trainer.supervised_trainer INFO     Progress: 47%, Train Perplexity: 1.0359
2018-01-31 08:32:22,327 seq2seq.trainer.supervised_trainer INFO     Progress: 48%, Train Perplexity: 1.0091
2018-01-31 08:32:40,617 seq2seq.trainer.supervised_trainer INFO     Finished epoch 24: Train Perplexity: 1.0262, Dev Perplexity: 1.5150, Accuracy: 0.9334, Sequence Accuracy: 0.8201
2018-01-31 08:32:40,618 seq2seq.trainer.supervised_trainer DEBUG    Epoch: 25, Step: 2880
2018-01-31 08:32:54,778 seq2seq.trainer.supervised_trainer INFO     Progress: 48%, Train Perplexity: 1.0305
2018-01-31 08:33:08,988 seq2seq.trainer.supervised_trainer INFO     Progress: 48%, Train Perplexity: 1.0406
2018-01-31 08:33:40,934 seq2seq.trainer.supervised_trainer INFO     Progress: 49%, Train Perplexity: 1.0245
2018-01-31 08:33:56,124 seq2seq.trainer.supervised_trainer INFO     Progress: 49%, Train Perplexity: 1.0213
2018-01-31 08:34:10,622 seq2seq.trainer.supervised_trainer INFO     Progress: 49%, Train Perplexity: 1.0155
2018-01-31 08:34:25,228 seq2seq.trainer.supervised_trainer INFO     Progress: 50%, Train Perplexity: 1.0357
2018-01-31 08:34:43,600 seq2seq.trainer.supervised_trainer INFO     Finished epoch 25: Train Perplexity: 1.0280, Dev Perplexity: 1.4005, Accuracy: 0.9480, Sequence Accuracy: 0.7704
2018-01-31 08:34:43,600 seq2seq.trainer.supervised_trainer DEBUG    Epoch: 26, Step: 3000
2018-01-31 08:34:58,373 seq2seq.trainer.supervised_trainer INFO     Progress: 50%, Train Perplexity: 1.0905
2018-01-31 08:35:11,940 seq2seq.trainer.supervised_trainer INFO     Progress: 50%, Train Perplexity: 1.0277
2018-01-31 08:35:44,805 seq2seq.trainer.supervised_trainer INFO     Progress: 51%, Train Perplexity: 1.0318
2018-01-31 08:35:59,860 seq2seq.trainer.supervised_trainer INFO     Progress: 51%, Train Perplexity: 1.0156
2018-01-31 08:36:14,095 seq2seq.trainer.supervised_trainer INFO     Progress: 51%, Train Perplexity: 1.0123
2018-01-31 08:36:28,212 seq2seq.trainer.supervised_trainer INFO     Progress: 52%, Train Perplexity: 1.0131
2018-01-31 08:36:46,520 seq2seq.trainer.supervised_trainer INFO     Finished epoch 26: Train Perplexity: 1.0318, Dev Perplexity: 1.8492, Accuracy: 0.9020, Sequence Accuracy: 0.7064
2018-01-31 08:36:46,520 seq2seq.trainer.supervised_trainer DEBUG    Epoch: 27, Step: 3120
2018-01-31 08:37:02,163 seq2seq.trainer.supervised_trainer INFO     Progress: 52%, Train Perplexity: 1.0707
2018-01-31 08:37:17,211 seq2seq.trainer.supervised_trainer INFO     Progress: 52%, Train Perplexity: 1.0393
2018-01-31 08:37:32,608 seq2seq.trainer.supervised_trainer INFO     Progress: 53%, Train Perplexity: 1.0287
2018-01-31 08:38:04,277 seq2seq.trainer.supervised_trainer INFO     Progress: 53%, Train Perplexity: 1.0141
2018-01-31 08:38:17,200 seq2seq.trainer.supervised_trainer INFO     Progress: 53%, Train Perplexity: 1.0075
2018-01-31 08:38:31,593 seq2seq.trainer.supervised_trainer INFO     Progress: 54%, Train Perplexity: 1.0659
2018-01-31 08:38:49,978 seq2seq.trainer.supervised_trainer INFO     Finished epoch 27: Train Perplexity: 1.0377, Dev Perplexity: 1.6237, Accuracy: 0.9202, Sequence Accuracy: 0.5594
2018-01-31 08:38:49,978 seq2seq.trainer.supervised_trainer DEBUG    Epoch: 28, Step: 3240
2018-01-31 08:39:05,517 seq2seq.trainer.supervised_trainer INFO     Progress: 54%, Train Perplexity: 1.0296
2018-01-31 08:39:19,542 seq2seq.trainer.supervised_trainer INFO     Progress: 54%, Train Perplexity: 1.0559
2018-01-31 08:39:33,715 seq2seq.trainer.supervised_trainer INFO     Progress: 55%, Train Perplexity: 1.0278
2018-01-31 08:39:49,048 seq2seq.trainer.supervised_trainer INFO     Progress: 55%, Train Perplexity: 1.0290
2018-01-31 08:40:21,144 seq2seq.trainer.supervised_trainer INFO     Progress: 55%, Train Perplexity: 1.0026
2018-01-31 08:40:35,509 seq2seq.trainer.supervised_trainer INFO     Progress: 56%, Train Perplexity: 1.0341
2018-01-31 08:40:53,898 seq2seq.trainer.supervised_trainer INFO     Finished epoch 28: Train Perplexity: 1.0298, Dev Perplexity: 1.5379, Accuracy: 0.9352, Sequence Accuracy: 0.7947
2018-01-31 08:40:53,899 seq2seq.trainer.supervised_trainer DEBUG    Epoch: 29, Step: 3360
2018-01-31 08:41:08,804 seq2seq.trainer.supervised_trainer INFO     Progress: 56%, Train Perplexity: 1.0239
2018-01-31 08:41:23,638 seq2seq.trainer.supervised_trainer INFO     Progress: 56%, Train Perplexity: 1.0180
2018-01-31 08:41:38,202 seq2seq.trainer.supervised_trainer INFO     Progress: 56%, Train Perplexity: 1.0511
2018-01-31 08:41:52,953 seq2seq.trainer.supervised_trainer INFO     Progress: 57%, Train Perplexity: 1.0106
2018-01-31 08:42:25,161 seq2seq.trainer.supervised_trainer INFO     Progress: 57%, Train Perplexity: 1.0116
2018-01-31 08:42:39,495 seq2seq.trainer.supervised_trainer INFO     Progress: 57%, Train Perplexity: 1.0210
2018-01-31 08:42:57,781 seq2seq.trainer.supervised_trainer INFO     Finished epoch 29: Train Perplexity: 1.0227, Dev Perplexity: 1.7365, Accuracy: 0.9109, Sequence Accuracy: 0.6774
2018-01-31 08:42:57,781 seq2seq.trainer.supervised_trainer DEBUG    Epoch: 30, Step: 3480
2018-01-31 08:43:12,322 seq2seq.trainer.supervised_trainer INFO     Progress: 58%, Train Perplexity: 1.0309
2018-01-31 08:43:26,888 seq2seq.trainer.supervised_trainer INFO     Progress: 58%, Train Perplexity: 1.0224
2018-01-31 08:43:40,820 seq2seq.trainer.supervised_trainer INFO     Progress: 59%, Train Perplexity: 1.0065
2018-01-31 08:43:55,642 seq2seq.trainer.supervised_trainer INFO     Progress: 59%, Train Perplexity: 1.0148
2018-01-31 08:44:11,021 seq2seq.trainer.supervised_trainer INFO     Progress: 59%, Train Perplexity: 1.0198
2018-01-31 08:44:43,821 seq2seq.trainer.supervised_trainer INFO     Progress: 60%, Train Perplexity: 1.0058
2018-01-31 08:45:02,059 seq2seq.trainer.supervised_trainer INFO     Finished epoch 30: Train Perplexity: 1.0167, Dev Perplexity: 1.5570, Accuracy: 0.9353, Sequence Accuracy: 0.8178
2018-01-31 08:45:02,059 seq2seq.trainer.supervised_trainer DEBUG    Epoch: 31, Step: 3600
2018-01-31 08:45:16,554 seq2seq.trainer.supervised_trainer INFO     Progress: 60%, Train Perplexity: 1.0464
2018-01-31 08:45:31,812 seq2seq.trainer.supervised_trainer INFO     Progress: 60%, Train Perplexity: 1.0471
2018-01-31 08:45:46,236 seq2seq.trainer.supervised_trainer INFO     Progress: 61%, Train Perplexity: 1.0137
2018-01-31 08:46:00,199 seq2seq.trainer.supervised_trainer INFO     Progress: 61%, Train Perplexity: 1.0143
2018-01-31 08:46:15,162 seq2seq.trainer.supervised_trainer INFO     Progress: 61%, Train Perplexity: 1.0152
2018-01-31 08:46:29,781 seq2seq.trainer.supervised_trainer INFO     Progress: 62%, Train Perplexity: 1.0228
2018-01-31 08:46:48,145 seq2seq.trainer.supervised_trainer INFO     Finished epoch 31: Train Perplexity: 1.0266, Dev Perplexity: 1.5287, Accuracy: 0.9393, Sequence Accuracy: 0.8101
2018-01-31 08:46:48,146 seq2seq.trainer.supervised_trainer DEBUG    Epoch: 32, Step: 3720
2018-01-31 08:47:20,843 seq2seq.trainer.supervised_trainer INFO     Progress: 62%, Train Perplexity: 1.0019
2018-01-31 08:47:34,731 seq2seq.trainer.supervised_trainer INFO     Progress: 62%, Train Perplexity: 1.0139
2018-01-31 08:47:49,306 seq2seq.trainer.supervised_trainer INFO     Progress: 63%, Train Perplexity: 1.0096
2018-01-31 08:48:02,718 seq2seq.trainer.supervised_trainer INFO     Progress: 63%, Train Perplexity: 1.0012
2018-01-31 08:48:17,965 seq2seq.trainer.supervised_trainer INFO     Progress: 63%, Train Perplexity: 1.0052
2018-01-31 08:48:32,097 seq2seq.trainer.supervised_trainer INFO     Progress: 64%, Train Perplexity: 1.0049
2018-01-31 08:48:50,545 seq2seq.trainer.supervised_trainer INFO     Finished epoch 32: Train Perplexity: 1.0061, Dev Perplexity: 1.6437, Accuracy: 0.9409, Sequence Accuracy: 0.8035
2018-01-31 08:48:50,545 seq2seq.trainer.supervised_trainer DEBUG    Epoch: 33, Step: 3840
2018-01-31 08:49:23,904 seq2seq.trainer.supervised_trainer INFO     Progress: 64%, Train Perplexity: 1.0187
2018-01-31 08:49:38,108 seq2seq.trainer.supervised_trainer INFO     Progress: 64%, Train Perplexity: 1.0057
2018-01-31 08:49:52,255 seq2seq.trainer.supervised_trainer INFO     Progress: 65%, Train Perplexity: 1.0044
2018-01-31 08:50:06,377 seq2seq.trainer.supervised_trainer INFO     Progress: 65%, Train Perplexity: 1.0247
2018-01-31 08:50:20,840 seq2seq.trainer.supervised_trainer INFO     Progress: 65%, Train Perplexity: 1.0089
2018-01-31 08:50:35,314 seq2seq.trainer.supervised_trainer INFO     Progress: 66%, Train Perplexity: 1.0459
2018-01-31 08:50:53,694 seq2seq.trainer.supervised_trainer INFO     Finished epoch 33: Train Perplexity: 1.0180, Dev Perplexity: 1.8556, Accuracy: 0.9207, Sequence Accuracy: 0.8267
2018-01-31 08:50:53,694 seq2seq.trainer.supervised_trainer DEBUG    Epoch: 34, Step: 3960
2018-01-31 08:51:07,927 seq2seq.trainer.supervised_trainer INFO     Progress: 66%, Train Perplexity: 1.0102
2018-01-31 08:51:40,389 seq2seq.trainer.supervised_trainer INFO     Progress: 66%, Train Perplexity: 1.0324
2018-01-31 08:51:54,439 seq2seq.trainer.supervised_trainer INFO     Progress: 67%, Train Perplexity: 1.0031
2018-01-31 08:52:08,971 seq2seq.trainer.supervised_trainer INFO     Progress: 67%, Train Perplexity: 1.0022
2018-01-31 08:52:23,360 seq2seq.trainer.supervised_trainer INFO     Progress: 67%, Train Perplexity: 1.0080
2018-01-31 08:52:37,801 seq2seq.trainer.supervised_trainer INFO     Progress: 68%, Train Perplexity: 1.0043
2018-01-31 08:52:56,209 seq2seq.trainer.supervised_trainer INFO     Finished epoch 34: Train Perplexity: 1.0100, Dev Perplexity: 1.8939, Accuracy: 0.9207, Sequence Accuracy: 0.7037
2018-01-31 08:52:56,209 seq2seq.trainer.supervised_trainer DEBUG    Epoch: 35, Step: 4080
2018-01-31 08:53:11,645 seq2seq.trainer.supervised_trainer INFO     Progress: 68%, Train Perplexity: 1.0268
2018-01-31 08:53:25,550 seq2seq.trainer.supervised_trainer INFO     Progress: 68%, Train Perplexity: 1.0111
2018-01-31 08:53:58,685 seq2seq.trainer.supervised_trainer INFO     Progress: 69%, Train Perplexity: 1.0056
2018-01-31 08:54:12,750 seq2seq.trainer.supervised_trainer INFO     Progress: 69%, Train Perplexity: 1.0039
2018-01-31 08:54:26,686 seq2seq.trainer.supervised_trainer INFO     Progress: 69%, Train Perplexity: 1.0229
2018-01-31 08:54:40,907 seq2seq.trainer.supervised_trainer INFO     Progress: 70%, Train Perplexity: 1.0041
2018-01-31 08:54:59,273 seq2seq.trainer.supervised_trainer INFO     Finished epoch 35: Train Perplexity: 1.0124, Dev Perplexity: 1.7333, Accuracy: 0.9230, Sequence Accuracy: 0.7352
2018-01-31 08:54:59,273 seq2seq.trainer.supervised_trainer DEBUG    Epoch: 36, Step: 4200
2018-01-31 08:55:12,934 seq2seq.trainer.supervised_trainer INFO     Progress: 70%, Train Perplexity: 1.0172
2018-01-31 08:55:27,789 seq2seq.trainer.supervised_trainer INFO     Progress: 70%, Train Perplexity: 1.0074
2018-01-31 08:56:00,663 seq2seq.trainer.supervised_trainer INFO     Progress: 71%, Train Perplexity: 1.0127
2018-01-31 08:56:15,005 seq2seq.trainer.supervised_trainer INFO     Progress: 71%, Train Perplexity: 1.0228
2018-01-31 08:56:29,695 seq2seq.trainer.supervised_trainer INFO     Progress: 71%, Train Perplexity: 1.0021
2018-01-31 08:56:44,002 seq2seq.trainer.supervised_trainer INFO     Progress: 72%, Train Perplexity: 1.0042
2018-01-31 08:57:02,254 seq2seq.trainer.supervised_trainer INFO     Finished epoch 36: Train Perplexity: 1.0111, Dev Perplexity: 1.6063, Accuracy: 0.9378, Sequence Accuracy: 0.8199
2018-01-31 08:57:02,255 seq2seq.trainer.supervised_trainer DEBUG    Epoch: 37, Step: 4320
2018-01-31 08:57:17,321 seq2seq.trainer.supervised_trainer INFO     Progress: 72%, Train Perplexity: 1.0218
2018-01-31 08:57:32,635 seq2seq.trainer.supervised_trainer INFO     Progress: 72%, Train Perplexity: 1.0113
2018-01-31 08:57:46,349 seq2seq.trainer.supervised_trainer INFO     Progress: 73%, Train Perplexity: 1.0227
2018-01-31 08:58:18,937 seq2seq.trainer.supervised_trainer INFO     Progress: 73%, Train Perplexity: 1.0226
2018-01-31 08:58:32,878 seq2seq.trainer.supervised_trainer INFO     Progress: 73%, Train Perplexity: 1.0012
2018-01-31 08:58:47,148 seq2seq.trainer.supervised_trainer INFO     Progress: 74%, Train Perplexity: 1.0028
2018-01-31 08:59:05,519 seq2seq.trainer.supervised_trainer INFO     Finished epoch 37: Train Perplexity: 1.0137, Dev Perplexity: 1.7471, Accuracy: 0.9339, Sequence Accuracy: 0.8215
2018-01-31 08:59:05,519 seq2seq.trainer.supervised_trainer DEBUG    Epoch: 38, Step: 4440
2018-01-31 08:59:19,982 seq2seq.trainer.supervised_trainer INFO     Progress: 74%, Train Perplexity: 1.0135
2018-01-31 08:59:34,415 seq2seq.trainer.supervised_trainer INFO     Progress: 74%, Train Perplexity: 1.0061
2018-01-31 08:59:48,978 seq2seq.trainer.supervised_trainer INFO     Progress: 75%, Train Perplexity: 1.0120
2018-01-31 09:00:03,973 seq2seq.trainer.supervised_trainer INFO     Progress: 75%, Train Perplexity: 1.0164
2018-01-31 09:00:36,651 seq2seq.trainer.supervised_trainer INFO     Progress: 75%, Train Perplexity: 1.0026
2018-01-31 09:00:51,961 seq2seq.trainer.supervised_trainer INFO     Progress: 76%, Train Perplexity: 1.0039
2018-01-31 09:01:10,338 seq2seq.trainer.supervised_trainer INFO     Finished epoch 38: Train Perplexity: 1.0091, Dev Perplexity: 1.6488, Accuracy: 0.9338, Sequence Accuracy: 0.8315
2018-01-31 09:01:10,338 seq2seq.trainer.supervised_trainer DEBUG    Epoch: 39, Step: 4560
2018-01-31 09:01:25,392 seq2seq.trainer.supervised_trainer INFO     Progress: 76%, Train Perplexity: 1.0149
2018-01-31 09:01:40,776 seq2seq.trainer.supervised_trainer INFO     Progress: 76%, Train Perplexity: 1.0091
2018-01-31 09:01:56,783 seq2seq.trainer.supervised_trainer INFO     Progress: 77%, Train Perplexity: 1.0106
2018-01-31 09:02:11,638 seq2seq.trainer.supervised_trainer INFO     Progress: 77%, Train Perplexity: 1.0120
2018-01-31 09:02:46,264 seq2seq.trainer.supervised_trainer INFO     Progress: 77%, Train Perplexity: 1.0034
2018-01-31 09:03:00,852 seq2seq.trainer.supervised_trainer INFO     Progress: 78%, Train Perplexity: 1.0003
2018-01-31 09:03:23,664 seq2seq.trainer.supervised_trainer INFO     Finished epoch 39: Train Perplexity: 1.0084, Dev Perplexity: 1.9340, Accuracy: 0.9234, Sequence Accuracy: 0.8097
2018-01-31 09:03:23,664 seq2seq.trainer.supervised_trainer DEBUG    Epoch: 40, Step: 4680
2018-01-31 09:03:39,865 seq2seq.trainer.supervised_trainer INFO     Progress: 78%, Train Perplexity: 1.0103
2018-01-31 09:03:56,630 seq2seq.trainer.supervised_trainer INFO     Progress: 78%, Train Perplexity: 1.0031
2018-01-31 09:04:11,415 seq2seq.trainer.supervised_trainer INFO     Progress: 79%, Train Perplexity: 1.0055
2018-01-31 09:04:26,235 seq2seq.trainer.supervised_trainer INFO     Progress: 79%, Train Perplexity: 1.0243
2018-01-31 09:04:42,990 seq2seq.trainer.supervised_trainer INFO     Progress: 79%, Train Perplexity: 1.0097
2018-01-31 09:05:16,070 seq2seq.trainer.supervised_trainer INFO     Progress: 80%, Train Perplexity: 1.0225
2018-01-31 09:05:34,787 seq2seq.trainer.supervised_trainer INFO     Finished epoch 40: Train Perplexity: 1.0126, Dev Perplexity: 1.7068, Accuracy: 0.9318, Sequence Accuracy: 0.8026
2018-01-31 09:05:34,787 seq2seq.trainer.supervised_trainer DEBUG    Epoch: 41, Step: 4800
2018-01-31 09:05:49,614 seq2seq.trainer.supervised_trainer INFO     Progress: 80%, Train Perplexity: 1.0044
2018-01-31 09:06:04,487 seq2seq.trainer.supervised_trainer INFO     Progress: 80%, Train Perplexity: 1.0153
2018-01-31 09:06:18,470 seq2seq.trainer.supervised_trainer INFO     Progress: 81%, Train Perplexity: 1.0066
2018-01-31 09:06:33,089 seq2seq.trainer.supervised_trainer INFO     Progress: 81%, Train Perplexity: 1.0075
2018-01-31 09:06:47,690 seq2seq.trainer.supervised_trainer INFO     Progress: 81%, Train Perplexity: 1.0208
2018-01-31 09:07:02,354 seq2seq.trainer.supervised_trainer INFO     Progress: 82%, Train Perplexity: 1.0061
2018-01-31 09:07:20,783 seq2seq.trainer.supervised_trainer INFO     Finished epoch 41: Train Perplexity: 1.0101, Dev Perplexity: 1.6405, Accuracy: 0.9324, Sequence Accuracy: 0.7695
2018-01-31 09:07:20,783 seq2seq.trainer.supervised_trainer DEBUG    Epoch: 42, Step: 4920
2018-01-31 09:07:54,269 seq2seq.trainer.supervised_trainer INFO     Progress: 82%, Train Perplexity: 1.0030
2018-01-31 09:08:09,013 seq2seq.trainer.supervised_trainer INFO     Progress: 82%, Train Perplexity: 1.0012
2018-01-31 09:08:23,404 seq2seq.trainer.supervised_trainer INFO     Progress: 83%, Train Perplexity: 1.0017
2018-01-31 09:08:37,026 seq2seq.trainer.supervised_trainer INFO     Progress: 83%, Train Perplexity: 1.0043
2018-01-31 09:08:51,176 seq2seq.trainer.supervised_trainer INFO     Progress: 83%, Train Perplexity: 1.0069
2018-01-31 09:09:05,572 seq2seq.trainer.supervised_trainer INFO     Progress: 84%, Train Perplexity: 1.0005
2018-01-31 09:09:24,185 seq2seq.trainer.supervised_trainer INFO     Finished epoch 42: Train Perplexity: 1.0029, Dev Perplexity: 1.6810, Accuracy: 0.9474, Sequence Accuracy: 0.8294
2018-01-31 09:09:24,185 seq2seq.trainer.supervised_trainer DEBUG    Epoch: 43, Step: 5040
2018-01-31 09:09:57,878 seq2seq.trainer.supervised_trainer INFO     Progress: 84%, Train Perplexity: 1.0026
2018-01-31 09:10:11,593 seq2seq.trainer.supervised_trainer INFO     Progress: 84%, Train Perplexity: 1.0149
2018-01-31 09:10:25,830 seq2seq.trainer.supervised_trainer INFO     Progress: 85%, Train Perplexity: 1.0075
2018-01-31 09:10:41,046 seq2seq.trainer.supervised_trainer INFO     Progress: 85%, Train Perplexity: 1.0021
2018-01-31 09:10:55,556 seq2seq.trainer.supervised_trainer INFO     Progress: 85%, Train Perplexity: 1.0103
2018-01-31 09:11:09,735 seq2seq.trainer.supervised_trainer INFO     Progress: 86%, Train Perplexity: 1.0004
2018-01-31 09:11:28,166 seq2seq.trainer.supervised_trainer INFO     Finished epoch 43: Train Perplexity: 1.0063, Dev Perplexity: 1.8141, Accuracy: 0.9355, Sequence Accuracy: 0.8203
2018-01-31 09:11:28,166 seq2seq.trainer.supervised_trainer DEBUG    Epoch: 44, Step: 5160
2018-01-31 09:11:42,947 seq2seq.trainer.supervised_trainer INFO     Progress: 86%, Train Perplexity: 1.0070
2018-01-31 09:12:15,828 seq2seq.trainer.supervised_trainer INFO     Progress: 86%, Train Perplexity: 1.0065
2018-01-31 09:12:30,413 seq2seq.trainer.supervised_trainer INFO     Progress: 87%, Train Perplexity: 1.0161
2018-01-31 09:12:44,647 seq2seq.trainer.supervised_trainer INFO     Progress: 87%, Train Perplexity: 1.0009
2018-01-31 09:12:58,928 seq2seq.trainer.supervised_trainer INFO     Progress: 87%, Train Perplexity: 1.0028
2018-01-31 09:13:13,235 seq2seq.trainer.supervised_trainer INFO     Progress: 88%, Train Perplexity: 1.0003
2018-01-31 09:13:31,690 seq2seq.trainer.supervised_trainer INFO     Finished epoch 44: Train Perplexity: 1.0056, Dev Perplexity: 1.8747, Accuracy: 0.9328, Sequence Accuracy: 0.8036
2018-01-31 09:13:31,690 seq2seq.trainer.supervised_trainer DEBUG    Epoch: 45, Step: 5280
2018-01-31 09:13:46,194 seq2seq.trainer.supervised_trainer INFO     Progress: 88%, Train Perplexity: 1.0042
2018-01-31 09:14:01,428 seq2seq.trainer.supervised_trainer INFO     Progress: 88%, Train Perplexity: 1.0243
2018-01-31 09:14:34,079 seq2seq.trainer.supervised_trainer INFO     Progress: 89%, Train Perplexity: 1.0035
2018-01-31 09:14:48,235 seq2seq.trainer.supervised_trainer INFO     Progress: 89%, Train Perplexity: 1.0116
2018-01-31 09:15:02,996 seq2seq.trainer.supervised_trainer INFO     Progress: 89%, Train Perplexity: 1.0003
2018-01-31 09:15:17,380 seq2seq.trainer.supervised_trainer INFO     Progress: 90%, Train Perplexity: 1.0024
2018-01-31 09:15:35,907 seq2seq.trainer.supervised_trainer INFO     Finished epoch 45: Train Perplexity: 1.0077, Dev Perplexity: 1.7854, Accuracy: 0.9434, Sequence Accuracy: 0.8249
2018-01-31 09:15:35,907 seq2seq.trainer.supervised_trainer DEBUG    Epoch: 46, Step: 5400
2018-01-31 09:15:50,733 seq2seq.trainer.supervised_trainer INFO     Progress: 90%, Train Perplexity: 1.0021
2018-01-31 09:16:06,291 seq2seq.trainer.supervised_trainer INFO     Progress: 90%, Train Perplexity: 1.0233
2018-01-31 09:16:38,560 seq2seq.trainer.supervised_trainer INFO     Progress: 91%, Train Perplexity: 1.0207
2018-01-31 09:16:52,929 seq2seq.trainer.supervised_trainer INFO     Progress: 91%, Train Perplexity: 1.0020
2018-01-31 09:17:07,583 seq2seq.trainer.supervised_trainer INFO     Progress: 91%, Train Perplexity: 1.0001
2018-01-31 09:17:22,097 seq2seq.trainer.supervised_trainer INFO     Progress: 92%, Train Perplexity: 1.0019
2018-01-31 09:17:40,740 seq2seq.trainer.supervised_trainer INFO     Finished epoch 46: Train Perplexity: 1.0083, Dev Perplexity: 1.8032, Accuracy: 0.9380, Sequence Accuracy: 0.8117
2018-01-31 09:17:40,740 seq2seq.trainer.supervised_trainer DEBUG    Epoch: 47, Step: 5520
2018-01-31 09:17:54,780 seq2seq.trainer.supervised_trainer INFO     Progress: 92%, Train Perplexity: 1.0038
2018-01-31 09:18:09,454 seq2seq.trainer.supervised_trainer INFO     Progress: 92%, Train Perplexity: 1.0080
2018-01-31 09:18:23,769 seq2seq.trainer.supervised_trainer INFO     Progress: 93%, Train Perplexity: 1.0029
2018-01-31 09:18:57,990 seq2seq.trainer.supervised_trainer INFO     Progress: 93%, Train Perplexity: 1.0126
2018-01-31 09:19:12,640 seq2seq.trainer.supervised_trainer INFO     Progress: 93%, Train Perplexity: 1.0080
2018-01-31 09:19:26,899 seq2seq.trainer.supervised_trainer INFO     Progress: 94%, Train Perplexity: 1.0104
2018-01-31 09:19:45,401 seq2seq.trainer.supervised_trainer INFO     Finished epoch 47: Train Perplexity: 1.0076, Dev Perplexity: 2.0429, Accuracy: 0.9211, Sequence Accuracy: 0.7647
2018-01-31 09:19:45,401 seq2seq.trainer.supervised_trainer DEBUG    Epoch: 48, Step: 5640
2018-01-31 09:19:59,860 seq2seq.trainer.supervised_trainer INFO     Progress: 94%, Train Perplexity: 1.0049
2018-01-31 09:20:13,770 seq2seq.trainer.supervised_trainer INFO     Progress: 94%, Train Perplexity: 1.0046
2018-01-31 09:20:28,983 seq2seq.trainer.supervised_trainer INFO     Progress: 95%, Train Perplexity: 1.0101
2018-01-31 09:21:02,580 seq2seq.trainer.supervised_trainer INFO     Progress: 95%, Train Perplexity: 1.0087
2018-01-31 09:21:17,105 seq2seq.trainer.supervised_trainer INFO     Progress: 95%, Train Perplexity: 1.0034
2018-01-31 09:21:31,617 seq2seq.trainer.supervised_trainer INFO     Progress: 96%, Train Perplexity: 1.0016
2018-01-31 09:21:50,339 seq2seq.trainer.supervised_trainer INFO     Finished epoch 48: Train Perplexity: 1.0055, Dev Perplexity: 1.7391, Accuracy: 0.9339, Sequence Accuracy: 0.8104
2018-01-31 09:21:50,340 seq2seq.trainer.supervised_trainer DEBUG    Epoch: 49, Step: 5760
2018-01-31 09:22:04,510 seq2seq.trainer.supervised_trainer INFO     Progress: 96%, Train Perplexity: 1.0032
2018-01-31 09:22:20,591 seq2seq.trainer.supervised_trainer INFO     Progress: 96%, Train Perplexity: 1.0050
2018-01-31 09:22:35,694 seq2seq.trainer.supervised_trainer INFO     Progress: 97%, Train Perplexity: 1.0080
2018-01-31 09:22:50,953 seq2seq.trainer.supervised_trainer INFO     Progress: 97%, Train Perplexity: 1.0104
2018-01-31 09:23:23,403 seq2seq.trainer.supervised_trainer INFO     Progress: 97%, Train Perplexity: 1.0026
2018-01-31 09:23:37,665 seq2seq.trainer.supervised_trainer INFO     Progress: 98%, Train Perplexity: 1.0047
2018-01-31 09:23:56,126 seq2seq.trainer.supervised_trainer INFO     Finished epoch 49: Train Perplexity: 1.0056, Dev Perplexity: 1.7828, Accuracy: 0.9364, Sequence Accuracy: 0.8008
2018-01-31 09:23:56,126 seq2seq.trainer.supervised_trainer DEBUG    Epoch: 50, Step: 5880
2018-01-31 09:24:10,006 seq2seq.trainer.supervised_trainer INFO     Progress: 98%, Train Perplexity: 1.0014
2018-01-31 09:24:25,241 seq2seq.trainer.supervised_trainer INFO     Progress: 98%, Train Perplexity: 1.0075
2018-01-31 09:24:39,605 seq2seq.trainer.supervised_trainer INFO     Progress: 99%, Train Perplexity: 1.0123
2018-01-31 09:24:55,241 seq2seq.trainer.supervised_trainer INFO     Progress: 99%, Train Perplexity: 1.0026
2018-01-31 09:25:10,053 seq2seq.trainer.supervised_trainer INFO     Progress: 99%, Train Perplexity: 1.0079
2018-01-31 09:25:43,383 seq2seq.trainer.supervised_trainer INFO     Progress: 100%, Train Perplexity: 1.0020
2018-01-31 09:26:20,106 seq2seq.trainer.supervised_trainer INFO     Finished epoch 50: Train Perplexity: 1.0056, Dev Perplexity: 1.7350, Accuracy: 0.9400, Sequence Accuracy: 0.8051
