start of job
Train model on example data
2018-01-25 13:57:23,634 root         INFO     Namespace(attention=False, batch_size=128, bidirectional=False, cuda_device=0, dev='data/CLEANED-SCAN/length_split/experiment4a_output_short_to_long_equally_distributed/tasks_test.txt', dropout_p_decoder=0.5, dropout_p_encoder=0.5, embedding_size=200, epochs=50, hidden_size=200, load_checkpoint=None, log_level='info', lr=0.001, max_len=50, n_layers=2, optim='adam', output_dir='checkpoints_experiment_4a_all', print_every=20, resume=False, rnn_cell='lstm', save_every=133, src_vocab=50000, teacher_forcing_ratio=0.5, tgt_vocab=50000, train='data/CLEANED-SCAN/length_split/experiment4a_output_short_to_long_equally_distributed/output_all.txt')
2018-01-25 13:57:28,328 seq2seq.trainer.supervised_trainer INFO     Optimizer: <torch.optim.adam.Adam object at 0x2afd89cc1110>, Scheduler: None
Cuda device set to 0
2018-01-25 13:57:33,918 seq2seq.trainer.supervised_trainer INFO     Progress: 0%, Train Perplexity: 13.5981
2018-01-25 13:57:35,318 seq2seq.trainer.supervised_trainer INFO     Progress: 0%, Train Perplexity: 5.4105
2018-01-25 13:57:36,692 seq2seq.trainer.supervised_trainer INFO     Progress: 0%, Train Perplexity: 4.8798
2018-01-25 13:57:37,939 seq2seq.trainer.supervised_trainer INFO     Progress: 0%, Train Perplexity: 4.4801
2018-01-25 13:57:39,486 seq2seq.trainer.supervised_trainer INFO     Progress: 0%, Train Perplexity: 4.2618
2018-01-25 13:57:43,406 seq2seq.trainer.supervised_trainer INFO     Progress: 0%, Train Perplexity: 4.4497
2018-01-25 13:57:44,760 seq2seq.trainer.supervised_trainer INFO     Progress: 1%, Train Perplexity: 4.1979
2018-01-25 13:57:46,075 seq2seq.trainer.supervised_trainer INFO     Progress: 1%, Train Perplexity: 4.0268
2018-01-25 13:57:47,333 seq2seq.trainer.supervised_trainer INFO     Progress: 1%, Train Perplexity: 3.8042
2018-01-25 13:57:48,787 seq2seq.trainer.supervised_trainer INFO     Progress: 1%, Train Perplexity: 3.6933
2018-01-25 13:57:50,019 seq2seq.trainer.supervised_trainer INFO     Progress: 1%, Train Perplexity: 3.2450
2018-01-25 13:57:51,512 seq2seq.trainer.supervised_trainer INFO     Progress: 1%, Train Perplexity: 3.0283
2018-01-25 13:57:55,572 seq2seq.trainer.supervised_trainer INFO     Progress: 1%, Train Perplexity: 2.8588
2018-01-25 13:57:58,902 seq2seq.trainer.supervised_trainer INFO     Finished epoch 1: Train Perplexity: 4.3531, Dev Perplexity: 3.3829, Accuracy: 0.5680, Sequence Accuracy: 0.0059
2018-01-25 13:57:59,389 seq2seq.trainer.supervised_trainer INFO     Progress: 2%, Train Perplexity: 2.6763
2018-01-25 13:58:00,962 seq2seq.trainer.supervised_trainer INFO     Progress: 2%, Train Perplexity: 2.6478
2018-01-25 13:58:02,466 seq2seq.trainer.supervised_trainer INFO     Progress: 2%, Train Perplexity: 2.6308
2018-01-25 13:58:03,641 seq2seq.trainer.supervised_trainer INFO     Progress: 2%, Train Perplexity: 2.2855
2018-01-25 13:58:04,976 seq2seq.trainer.supervised_trainer INFO     Progress: 2%, Train Perplexity: 2.3055
2018-01-25 13:58:09,225 seq2seq.trainer.supervised_trainer INFO     Progress: 2%, Train Perplexity: 2.1461
2018-01-25 13:58:10,647 seq2seq.trainer.supervised_trainer INFO     Progress: 2%, Train Perplexity: 2.0510
2018-01-25 13:58:11,752 seq2seq.trainer.supervised_trainer INFO     Progress: 3%, Train Perplexity: 1.9592
2018-01-25 13:58:12,976 seq2seq.trainer.supervised_trainer INFO     Progress: 3%, Train Perplexity: 1.9010
2018-01-25 13:58:14,410 seq2seq.trainer.supervised_trainer INFO     Progress: 3%, Train Perplexity: 1.9383
2018-01-25 13:58:15,984 seq2seq.trainer.supervised_trainer INFO     Progress: 3%, Train Perplexity: 1.8287
2018-01-25 13:58:17,341 seq2seq.trainer.supervised_trainer INFO     Progress: 3%, Train Perplexity: 1.7103
2018-01-25 13:58:21,497 seq2seq.trainer.supervised_trainer INFO     Progress: 3%, Train Perplexity: 1.6902
2018-01-25 13:58:22,784 seq2seq.trainer.supervised_trainer INFO     Progress: 3%, Train Perplexity: 1.5928
2018-01-25 13:58:24,259 seq2seq.trainer.supervised_trainer INFO     Progress: 3%, Train Perplexity: 1.5587
2018-01-25 13:58:27,067 seq2seq.trainer.supervised_trainer INFO     Finished epoch 2: Train Perplexity: 2.0260, Dev Perplexity: 6.4194, Accuracy: 0.5918, Sequence Accuracy: 0.0000
2018-01-25 13:58:28,210 seq2seq.trainer.supervised_trainer INFO     Progress: 4%, Train Perplexity: 1.5450
2018-01-25 13:58:29,806 seq2seq.trainer.supervised_trainer INFO     Progress: 4%, Train Perplexity: 1.6954
2018-01-25 13:58:31,117 seq2seq.trainer.supervised_trainer INFO     Progress: 4%, Train Perplexity: 1.5140
2018-01-25 13:58:32,556 seq2seq.trainer.supervised_trainer INFO     Progress: 4%, Train Perplexity: 1.6177
2018-01-25 13:58:36,509 seq2seq.trainer.supervised_trainer INFO     Progress: 4%, Train Perplexity: 1.3620
2018-01-25 13:58:37,767 seq2seq.trainer.supervised_trainer INFO     Progress: 4%, Train Perplexity: 1.3612
2018-01-25 13:58:38,955 seq2seq.trainer.supervised_trainer INFO     Progress: 4%, Train Perplexity: 1.3124
2018-01-25 13:58:40,446 seq2seq.trainer.supervised_trainer INFO     Progress: 5%, Train Perplexity: 1.3345
2018-01-25 13:58:41,907 seq2seq.trainer.supervised_trainer INFO     Progress: 5%, Train Perplexity: 1.2918
2018-01-25 13:58:43,077 seq2seq.trainer.supervised_trainer INFO     Progress: 5%, Train Perplexity: 1.2974
2018-01-25 13:58:46,991 seq2seq.trainer.supervised_trainer INFO     Progress: 5%, Train Perplexity: 1.2594
2018-01-25 13:58:48,478 seq2seq.trainer.supervised_trainer INFO     Progress: 5%, Train Perplexity: 1.2958
2018-01-25 13:58:49,702 seq2seq.trainer.supervised_trainer INFO     Progress: 5%, Train Perplexity: 1.2252
2018-01-25 13:58:51,089 seq2seq.trainer.supervised_trainer INFO     Progress: 5%, Train Perplexity: 1.2444
2018-01-25 13:58:54,918 seq2seq.trainer.supervised_trainer INFO     Finished epoch 3: Train Perplexity: 1.3756, Dev Perplexity: 6.2019, Accuracy: 0.6409, Sequence Accuracy: 0.0056
2018-01-25 13:58:55,393 seq2seq.trainer.supervised_trainer INFO     Progress: 6%, Train Perplexity: 1.2782
2018-01-25 13:58:56,794 seq2seq.trainer.supervised_trainer INFO     Progress: 6%, Train Perplexity: 1.2773
2018-01-25 13:58:58,313 seq2seq.trainer.supervised_trainer INFO     Progress: 6%, Train Perplexity: 1.2693
2018-01-25 13:59:02,553 seq2seq.trainer.supervised_trainer INFO     Progress: 6%, Train Perplexity: 1.2678
2018-01-25 13:59:03,896 seq2seq.trainer.supervised_trainer INFO     Progress: 6%, Train Perplexity: 1.1906
2018-01-25 13:59:05,241 seq2seq.trainer.supervised_trainer INFO     Progress: 6%, Train Perplexity: 1.1558
2018-01-25 13:59:06,541 seq2seq.trainer.supervised_trainer INFO     Progress: 6%, Train Perplexity: 1.2022
2018-01-25 13:59:07,618 seq2seq.trainer.supervised_trainer INFO     Progress: 6%, Train Perplexity: 1.2680
2018-01-25 13:59:09,199 seq2seq.trainer.supervised_trainer INFO     Progress: 7%, Train Perplexity: 1.1791
2018-01-25 13:59:10,618 seq2seq.trainer.supervised_trainer INFO     Progress: 7%, Train Perplexity: 1.1371
2018-01-25 13:59:14,718 seq2seq.trainer.supervised_trainer INFO     Progress: 7%, Train Perplexity: 1.1803
2018-01-25 13:59:15,936 seq2seq.trainer.supervised_trainer INFO     Progress: 7%, Train Perplexity: 1.1298
2018-01-25 13:59:17,262 seq2seq.trainer.supervised_trainer INFO     Progress: 7%, Train Perplexity: 1.1450
2018-01-25 13:59:18,570 seq2seq.trainer.supervised_trainer INFO     Progress: 7%, Train Perplexity: 1.0839
2018-01-25 13:59:19,994 seq2seq.trainer.supervised_trainer INFO     Progress: 7%, Train Perplexity: 1.1840
2018-01-25 13:59:22,987 seq2seq.trainer.supervised_trainer INFO     Finished epoch 4: Train Perplexity: 1.1915, Dev Perplexity: 5.9472, Accuracy: 0.6733, Sequence Accuracy: 0.0056
2018-01-25 13:59:24,041 seq2seq.trainer.supervised_trainer INFO     Progress: 8%, Train Perplexity: 1.1880
2018-01-25 13:59:27,952 seq2seq.trainer.supervised_trainer INFO     Progress: 8%, Train Perplexity: 1.1471
2018-01-25 13:59:29,167 seq2seq.trainer.supervised_trainer INFO     Progress: 8%, Train Perplexity: 1.0803
2018-01-25 13:59:30,194 seq2seq.trainer.supervised_trainer INFO     Progress: 8%, Train Perplexity: 1.0444
2018-01-25 13:59:31,611 seq2seq.trainer.supervised_trainer INFO     Progress: 8%, Train Perplexity: 1.1293
2018-01-25 13:59:32,825 seq2seq.trainer.supervised_trainer INFO     Progress: 8%, Train Perplexity: 1.0631
2018-01-25 13:59:34,018 seq2seq.trainer.supervised_trainer INFO     Progress: 8%, Train Perplexity: 1.0766
2018-01-25 13:59:35,263 seq2seq.trainer.supervised_trainer INFO     Progress: 9%, Train Perplexity: 1.1647
2018-01-25 13:59:39,220 seq2seq.trainer.supervised_trainer INFO     Progress: 9%, Train Perplexity: 1.1314
2018-01-25 13:59:40,481 seq2seq.trainer.supervised_trainer INFO     Progress: 9%, Train Perplexity: 1.0495
2018-01-25 13:59:41,915 seq2seq.trainer.supervised_trainer INFO     Progress: 9%, Train Perplexity: 1.1523
2018-01-25 13:59:43,142 seq2seq.trainer.supervised_trainer INFO     Progress: 9%, Train Perplexity: 1.0585
2018-01-25 13:59:44,493 seq2seq.trainer.supervised_trainer INFO     Progress: 9%, Train Perplexity: 1.0672
2018-01-25 13:59:45,805 seq2seq.trainer.supervised_trainer INFO     Progress: 9%, Train Perplexity: 1.0479
2018-01-25 13:59:47,000 seq2seq.trainer.supervised_trainer INFO     Progress: 10%, Train Perplexity: 1.0420
2018-01-25 13:59:49,528 seq2seq.trainer.supervised_trainer INFO     Finished epoch 5: Train Perplexity: 1.0951, Dev Perplexity: 7.7787, Accuracy: 0.7144, Sequence Accuracy: 0.0625
2018-01-25 13:59:53,412 seq2seq.trainer.supervised_trainer INFO     Progress: 10%, Train Perplexity: 1.0560
2018-01-25 13:59:54,583 seq2seq.trainer.supervised_trainer INFO     Progress: 10%, Train Perplexity: 1.1248
2018-01-25 13:59:55,875 seq2seq.trainer.supervised_trainer INFO     Progress: 10%, Train Perplexity: 1.0206
2018-01-25 13:59:57,140 seq2seq.trainer.supervised_trainer INFO     Progress: 10%, Train Perplexity: 1.1214
2018-01-25 13:59:58,474 seq2seq.trainer.supervised_trainer INFO     Progress: 10%, Train Perplexity: 1.1506
2018-01-25 13:59:59,948 seq2seq.trainer.supervised_trainer INFO     Progress: 10%, Train Perplexity: 1.1005
2018-01-25 14:00:03,885 seq2seq.trainer.supervised_trainer INFO     Progress: 10%, Train Perplexity: 1.0431
2018-01-25 14:00:05,094 seq2seq.trainer.supervised_trainer INFO     Progress: 11%, Train Perplexity: 1.0343
2018-01-25 14:00:06,534 seq2seq.trainer.supervised_trainer INFO     Progress: 11%, Train Perplexity: 1.0710
2018-01-25 14:00:07,932 seq2seq.trainer.supervised_trainer INFO     Progress: 11%, Train Perplexity: 1.0401
2018-01-25 14:00:09,349 seq2seq.trainer.supervised_trainer INFO     Progress: 11%, Train Perplexity: 1.0495
2018-01-25 14:00:10,652 seq2seq.trainer.supervised_trainer INFO     Progress: 11%, Train Perplexity: 1.0275
2018-01-25 14:00:12,112 seq2seq.trainer.supervised_trainer INFO     Progress: 11%, Train Perplexity: 1.0441
2018-01-25 14:00:16,119 seq2seq.trainer.supervised_trainer INFO     Progress: 11%, Train Perplexity: 1.0859
2018-01-25 14:00:19,402 seq2seq.trainer.supervised_trainer INFO     Finished epoch 6: Train Perplexity: 1.0677, Dev Perplexity: 6.7615, Accuracy: 0.7487, Sequence Accuracy: 0.0995
2018-01-25 14:00:20,083 seq2seq.trainer.supervised_trainer INFO     Progress: 12%, Train Perplexity: 1.0719
2018-01-25 14:00:21,382 seq2seq.trainer.supervised_trainer INFO     Progress: 12%, Train Perplexity: 1.0994
2018-01-25 14:00:22,860 seq2seq.trainer.supervised_trainer INFO     Progress: 12%, Train Perplexity: 1.1007
2018-01-25 14:00:24,104 seq2seq.trainer.supervised_trainer INFO     Progress: 12%, Train Perplexity: 1.0990
2018-01-25 14:00:25,296 seq2seq.trainer.supervised_trainer INFO     Progress: 12%, Train Perplexity: 1.0606
2018-01-25 14:00:26,674 seq2seq.trainer.supervised_trainer INFO     Progress: 12%, Train Perplexity: 1.0639
2018-01-25 14:00:30,525 seq2seq.trainer.supervised_trainer INFO     Progress: 12%, Train Perplexity: 1.0650
2018-01-25 14:00:31,833 seq2seq.trainer.supervised_trainer INFO     Progress: 13%, Train Perplexity: 1.0420
2018-01-25 14:00:33,181 seq2seq.trainer.supervised_trainer INFO     Progress: 13%, Train Perplexity: 1.0250
2018-01-25 14:00:34,442 seq2seq.trainer.supervised_trainer INFO     Progress: 13%, Train Perplexity: 1.0277
2018-01-25 14:00:35,901 seq2seq.trainer.supervised_trainer INFO     Progress: 13%, Train Perplexity: 1.0462
2018-01-25 14:00:37,168 seq2seq.trainer.supervised_trainer INFO     Progress: 13%, Train Perplexity: 1.0281
2018-01-25 14:00:41,087 seq2seq.trainer.supervised_trainer INFO     Progress: 13%, Train Perplexity: 1.0396
2018-01-25 14:00:42,385 seq2seq.trainer.supervised_trainer INFO     Progress: 13%, Train Perplexity: 1.0260
2018-01-25 14:00:43,892 seq2seq.trainer.supervised_trainer INFO     Progress: 13%, Train Perplexity: 1.0425
2018-01-25 14:00:46,687 seq2seq.trainer.supervised_trainer INFO     Finished epoch 7: Train Perplexity: 1.0570, Dev Perplexity: 8.8769, Accuracy: 0.7318, Sequence Accuracy: 0.1117
2018-01-25 14:00:47,745 seq2seq.trainer.supervised_trainer INFO     Progress: 14%, Train Perplexity: 1.0495
2018-01-25 14:00:49,205 seq2seq.trainer.supervised_trainer INFO     Progress: 14%, Train Perplexity: 1.0727
2018-01-25 14:00:50,477 seq2seq.trainer.supervised_trainer INFO     Progress: 14%, Train Perplexity: 1.0615
2018-01-25 14:00:51,894 seq2seq.trainer.supervised_trainer INFO     Progress: 14%, Train Perplexity: 1.1047
2018-01-25 14:00:55,792 seq2seq.trainer.supervised_trainer INFO     Progress: 14%, Train Perplexity: 1.0481
2018-01-25 14:00:57,066 seq2seq.trainer.supervised_trainer INFO     Progress: 14%, Train Perplexity: 1.0314
2018-01-25 14:00:58,411 seq2seq.trainer.supervised_trainer INFO     Progress: 14%, Train Perplexity: 1.0263
2018-01-25 14:01:00,032 seq2seq.trainer.supervised_trainer INFO     Progress: 15%, Train Perplexity: 1.0297
2018-01-25 14:01:01,239 seq2seq.trainer.supervised_trainer INFO     Progress: 15%, Train Perplexity: 1.0151
2018-01-25 14:01:02,452 seq2seq.trainer.supervised_trainer INFO     Progress: 15%, Train Perplexity: 1.0235
2018-01-25 14:01:03,818 seq2seq.trainer.supervised_trainer INFO     Progress: 15%, Train Perplexity: 1.0317
2018-01-25 14:01:07,908 seq2seq.trainer.supervised_trainer INFO     Progress: 15%, Train Perplexity: 1.0171
2018-01-25 14:01:09,317 seq2seq.trainer.supervised_trainer INFO     Progress: 15%, Train Perplexity: 1.0306
2018-01-25 14:01:10,451 seq2seq.trainer.supervised_trainer INFO     Progress: 15%, Train Perplexity: 1.0212
2018-01-25 14:01:13,869 seq2seq.trainer.supervised_trainer INFO     Finished epoch 8: Train Perplexity: 1.0402, Dev Perplexity: 13.0582, Accuracy: 0.6950, Sequence Accuracy: 0.0158
2018-01-25 14:01:14,309 seq2seq.trainer.supervised_trainer INFO     Progress: 16%, Train Perplexity: 1.0603
2018-01-25 14:01:15,833 seq2seq.trainer.supervised_trainer INFO     Progress: 16%, Train Perplexity: 1.0821
2018-01-25 14:01:17,442 seq2seq.trainer.supervised_trainer INFO     Progress: 16%, Train Perplexity: 1.0675
2018-01-25 14:01:21,536 seq2seq.trainer.supervised_trainer INFO     Progress: 16%, Train Perplexity: 1.0424
2018-01-25 14:01:22,726 seq2seq.trainer.supervised_trainer INFO     Progress: 16%, Train Perplexity: 1.0240
2018-01-25 14:01:24,004 seq2seq.trainer.supervised_trainer INFO     Progress: 16%, Train Perplexity: 1.0373
2018-01-25 14:01:25,332 seq2seq.trainer.supervised_trainer INFO     Progress: 16%, Train Perplexity: 1.0228
2018-01-25 14:01:26,644 seq2seq.trainer.supervised_trainer INFO     Progress: 16%, Train Perplexity: 1.0226
2018-01-25 14:01:27,739 seq2seq.trainer.supervised_trainer INFO     Progress: 17%, Train Perplexity: 1.0503
2018-01-25 14:01:28,990 seq2seq.trainer.supervised_trainer INFO     Progress: 17%, Train Perplexity: 1.0681
2018-01-25 14:01:32,696 seq2seq.trainer.supervised_trainer INFO     Progress: 17%, Train Perplexity: 1.0103
2018-01-25 14:01:34,067 seq2seq.trainer.supervised_trainer INFO     Progress: 17%, Train Perplexity: 1.0122
2018-01-25 14:01:35,372 seq2seq.trainer.supervised_trainer INFO     Progress: 17%, Train Perplexity: 1.0395
2018-01-25 14:01:36,889 seq2seq.trainer.supervised_trainer INFO     Progress: 17%, Train Perplexity: 1.0132
2018-01-25 14:01:38,251 seq2seq.trainer.supervised_trainer INFO     Progress: 17%, Train Perplexity: 1.0140
2018-01-25 14:01:41,170 seq2seq.trainer.supervised_trainer INFO     Finished epoch 9: Train Perplexity: 1.0369, Dev Perplexity: 12.4566, Accuracy: 0.7251, Sequence Accuracy: 0.1036
2018-01-25 14:01:42,161 seq2seq.trainer.supervised_trainer INFO     Progress: 18%, Train Perplexity: 1.0369
2018-01-25 14:01:43,665 seq2seq.trainer.supervised_trainer INFO     Progress: 18%, Train Perplexity: 1.0385
2018-01-25 14:01:47,501 seq2seq.trainer.supervised_trainer INFO     Progress: 18%, Train Perplexity: 1.0226
2018-01-25 14:01:48,902 seq2seq.trainer.supervised_trainer INFO     Progress: 18%, Train Perplexity: 1.0262
2018-01-25 14:01:50,262 seq2seq.trainer.supervised_trainer INFO     Progress: 18%, Train Perplexity: 1.0257
2018-01-25 14:01:51,733 seq2seq.trainer.supervised_trainer INFO     Progress: 18%, Train Perplexity: 1.0364
2018-01-25 14:01:52,946 seq2seq.trainer.supervised_trainer INFO     Progress: 18%, Train Perplexity: 1.0094
2018-01-25 14:01:53,943 seq2seq.trainer.supervised_trainer INFO     Progress: 19%, Train Perplexity: 1.0202
2018-01-25 14:01:57,870 seq2seq.trainer.supervised_trainer INFO     Progress: 19%, Train Perplexity: 1.0288
2018-01-25 14:01:59,512 seq2seq.trainer.supervised_trainer INFO     Progress: 19%, Train Perplexity: 1.0205
2018-01-25 14:02:00,575 seq2seq.trainer.supervised_trainer INFO     Progress: 19%, Train Perplexity: 1.0117
2018-01-25 14:02:01,761 seq2seq.trainer.supervised_trainer INFO     Progress: 19%, Train Perplexity: 1.0311
2018-01-25 14:02:03,128 seq2seq.trainer.supervised_trainer INFO     Progress: 19%, Train Perplexity: 1.0148
2018-01-25 14:02:04,529 seq2seq.trainer.supervised_trainer INFO     Progress: 19%, Train Perplexity: 1.0170
2018-01-25 14:02:05,864 seq2seq.trainer.supervised_trainer INFO     Progress: 20%, Train Perplexity: 1.0162
2018-01-25 14:02:08,386 seq2seq.trainer.supervised_trainer INFO     Finished epoch 10: Train Perplexity: 1.0237, Dev Perplexity: 18.9030, Accuracy: 0.6980, Sequence Accuracy: 0.0827
2018-01-25 14:02:12,352 seq2seq.trainer.supervised_trainer INFO     Progress: 20%, Train Perplexity: 1.0225
2018-01-25 14:02:13,780 seq2seq.trainer.supervised_trainer INFO     Progress: 20%, Train Perplexity: 1.0266
2018-01-25 14:02:15,085 seq2seq.trainer.supervised_trainer INFO     Progress: 20%, Train Perplexity: 1.0106
2018-01-25 14:02:16,129 seq2seq.trainer.supervised_trainer INFO     Progress: 20%, Train Perplexity: 1.0176
2018-01-25 14:02:17,526 seq2seq.trainer.supervised_trainer INFO     Progress: 20%, Train Perplexity: 1.0491
2018-01-25 14:02:18,961 seq2seq.trainer.supervised_trainer INFO     Progress: 20%, Train Perplexity: 1.0188
2018-01-25 14:02:22,781 seq2seq.trainer.supervised_trainer INFO     Progress: 20%, Train Perplexity: 1.0255
2018-01-25 14:02:24,016 seq2seq.trainer.supervised_trainer INFO     Progress: 21%, Train Perplexity: 1.0073
2018-01-25 14:02:25,264 seq2seq.trainer.supervised_trainer INFO     Progress: 21%, Train Perplexity: 1.0052
2018-01-25 14:02:26,454 seq2seq.trainer.supervised_trainer INFO     Progress: 21%, Train Perplexity: 1.0296
2018-01-25 14:02:27,682 seq2seq.trainer.supervised_trainer INFO     Progress: 21%, Train Perplexity: 1.0210
2018-01-25 14:02:29,200 seq2seq.trainer.supervised_trainer INFO     Progress: 21%, Train Perplexity: 1.0146
2018-01-25 14:02:30,341 seq2seq.trainer.supervised_trainer INFO     Progress: 21%, Train Perplexity: 1.0221
2018-01-25 14:02:34,423 seq2seq.trainer.supervised_trainer INFO     Progress: 21%, Train Perplexity: 1.0319
2018-01-25 14:02:37,758 seq2seq.trainer.supervised_trainer INFO     Finished epoch 11: Train Perplexity: 1.0224, Dev Perplexity: 14.9210, Accuracy: 0.7109, Sequence Accuracy: 0.1186
2018-01-25 14:02:38,384 seq2seq.trainer.supervised_trainer INFO     Progress: 22%, Train Perplexity: 1.0411
2018-01-25 14:02:39,819 seq2seq.trainer.supervised_trainer INFO     Progress: 22%, Train Perplexity: 1.0260
2018-01-25 14:02:41,057 seq2seq.trainer.supervised_trainer INFO     Progress: 22%, Train Perplexity: 1.0351
2018-01-25 14:02:42,656 seq2seq.trainer.supervised_trainer INFO     Progress: 22%, Train Perplexity: 1.0366
2018-01-25 14:02:44,147 seq2seq.trainer.supervised_trainer INFO     Progress: 22%, Train Perplexity: 1.0407
2018-01-25 14:02:45,484 seq2seq.trainer.supervised_trainer INFO     Progress: 22%, Train Perplexity: 1.0223
2018-01-25 14:02:49,384 seq2seq.trainer.supervised_trainer INFO     Progress: 22%, Train Perplexity: 1.0160
2018-01-25 14:02:50,646 seq2seq.trainer.supervised_trainer INFO     Progress: 23%, Train Perplexity: 1.0197
2018-01-25 14:02:51,940 seq2seq.trainer.supervised_trainer INFO     Progress: 23%, Train Perplexity: 1.0086
2018-01-25 14:02:53,114 seq2seq.trainer.supervised_trainer INFO     Progress: 23%, Train Perplexity: 1.0758
2018-01-25 14:02:54,286 seq2seq.trainer.supervised_trainer INFO     Progress: 23%, Train Perplexity: 1.0084
2018-01-25 14:02:55,719 seq2seq.trainer.supervised_trainer INFO     Progress: 23%, Train Perplexity: 1.0415
2018-01-25 14:02:59,497 seq2seq.trainer.supervised_trainer INFO     Progress: 23%, Train Perplexity: 1.0353
2018-01-25 14:03:01,250 seq2seq.trainer.supervised_trainer INFO     Progress: 23%, Train Perplexity: 1.0228
2018-01-25 14:03:02,410 seq2seq.trainer.supervised_trainer INFO     Progress: 23%, Train Perplexity: 1.0245
2018-01-25 14:03:05,257 seq2seq.trainer.supervised_trainer INFO     Finished epoch 12: Train Perplexity: 1.0296, Dev Perplexity: 11.0973, Accuracy: 0.7263, Sequence Accuracy: 0.1066
2018-01-25 14:03:06,429 seq2seq.trainer.supervised_trainer INFO     Progress: 24%, Train Perplexity: 1.0233
2018-01-25 14:03:07,564 seq2seq.trainer.supervised_trainer INFO     Progress: 24%, Train Perplexity: 1.0096
2018-01-25 14:03:08,872 seq2seq.trainer.supervised_trainer INFO     Progress: 24%, Train Perplexity: 1.0153
2018-01-25 14:03:10,052 seq2seq.trainer.supervised_trainer INFO     Progress: 24%, Train Perplexity: 1.0108
2018-01-25 14:03:13,942 seq2seq.trainer.supervised_trainer INFO     Progress: 24%, Train Perplexity: 1.0257
2018-01-25 14:03:15,071 seq2seq.trainer.supervised_trainer INFO     Progress: 24%, Train Perplexity: 1.0953
2018-01-25 14:03:16,521 seq2seq.trainer.supervised_trainer INFO     Progress: 24%, Train Perplexity: 1.0127
2018-01-25 14:03:17,826 seq2seq.trainer.supervised_trainer INFO     Progress: 25%, Train Perplexity: 1.0023
2018-01-25 14:03:18,782 seq2seq.trainer.supervised_trainer INFO     Progress: 25%, Train Perplexity: 1.0067
2018-01-25 14:03:20,102 seq2seq.trainer.supervised_trainer INFO     Progress: 25%, Train Perplexity: 1.0131
2018-01-25 14:03:21,398 seq2seq.trainer.supervised_trainer INFO     Progress: 25%, Train Perplexity: 1.0117
2018-01-25 14:03:25,204 seq2seq.trainer.supervised_trainer INFO     Progress: 25%, Train Perplexity: 1.0169
2018-01-25 14:03:26,451 seq2seq.trainer.supervised_trainer INFO     Progress: 25%, Train Perplexity: 1.0037
2018-01-25 14:03:27,677 seq2seq.trainer.supervised_trainer INFO     Progress: 25%, Train Perplexity: 1.0258
2018-01-25 14:03:31,146 seq2seq.trainer.supervised_trainer INFO     Finished epoch 13: Train Perplexity: 1.0189, Dev Perplexity: 19.5360, Accuracy: 0.7062, Sequence Accuracy: 0.1202
2018-01-25 14:03:31,507 seq2seq.trainer.supervised_trainer INFO     Progress: 26%, Train Perplexity: 1.0070
2018-01-25 14:03:32,898 seq2seq.trainer.supervised_trainer INFO     Progress: 26%, Train Perplexity: 1.0172
2018-01-25 14:03:34,230 seq2seq.trainer.supervised_trainer INFO     Progress: 26%, Train Perplexity: 1.0258
2018-01-25 14:03:38,116 seq2seq.trainer.supervised_trainer INFO     Progress: 26%, Train Perplexity: 1.0217
2018-01-25 14:03:39,498 seq2seq.trainer.supervised_trainer INFO     Progress: 26%, Train Perplexity: 1.0069
2018-01-25 14:03:40,923 seq2seq.trainer.supervised_trainer INFO     Progress: 26%, Train Perplexity: 1.0233
2018-01-25 14:03:42,270 seq2seq.trainer.supervised_trainer INFO     Progress: 26%, Train Perplexity: 1.0110
2018-01-25 14:03:43,360 seq2seq.trainer.supervised_trainer INFO     Progress: 26%, Train Perplexity: 1.0010
2018-01-25 14:03:44,730 seq2seq.trainer.supervised_trainer INFO     Progress: 27%, Train Perplexity: 1.0320
2018-01-25 14:03:46,029 seq2seq.trainer.supervised_trainer INFO     Progress: 27%, Train Perplexity: 1.0273
2018-01-25 14:03:49,976 seq2seq.trainer.supervised_trainer INFO     Progress: 27%, Train Perplexity: 1.0069
2018-01-25 14:03:51,446 seq2seq.trainer.supervised_trainer INFO     Progress: 27%, Train Perplexity: 1.0156
2018-01-25 14:03:52,681 seq2seq.trainer.supervised_trainer INFO     Progress: 27%, Train Perplexity: 1.0082
2018-01-25 14:03:53,978 seq2seq.trainer.supervised_trainer INFO     Progress: 27%, Train Perplexity: 1.0074
2018-01-25 14:03:55,355 seq2seq.trainer.supervised_trainer INFO     Progress: 27%, Train Perplexity: 1.0020
2018-01-25 14:03:58,269 seq2seq.trainer.supervised_trainer INFO     Finished epoch 14: Train Perplexity: 1.0143, Dev Perplexity: 19.2195, Accuracy: 0.7193, Sequence Accuracy: 0.1301
2018-01-25 14:03:58,877 seq2seq.trainer.supervised_trainer INFO     Progress: 28%, Train Perplexity: 1.0053
2018-01-25 14:04:00,169 seq2seq.trainer.supervised_trainer INFO     Progress: 28%, Train Perplexity: 1.0060
2018-01-25 14:04:04,223 seq2seq.trainer.supervised_trainer INFO     Progress: 28%, Train Perplexity: 1.0069
2018-01-25 14:04:05,510 seq2seq.trainer.supervised_trainer INFO     Progress: 28%, Train Perplexity: 1.0022
2018-01-25 14:04:06,726 seq2seq.trainer.supervised_trainer INFO     Progress: 28%, Train Perplexity: 1.0097
2018-01-25 14:04:08,459 seq2seq.trainer.supervised_trainer INFO     Progress: 28%, Train Perplexity: 1.0057
2018-01-25 14:04:09,929 seq2seq.trainer.supervised_trainer INFO     Progress: 28%, Train Perplexity: 1.0065
2018-01-25 14:04:11,205 seq2seq.trainer.supervised_trainer INFO     Progress: 29%, Train Perplexity: 1.0026
2018-01-25 14:04:15,080 seq2seq.trainer.supervised_trainer INFO     Progress: 29%, Train Perplexity: 1.0010
2018-01-25 14:04:16,278 seq2seq.trainer.supervised_trainer INFO     Progress: 29%, Train Perplexity: 1.0007
2018-01-25 14:04:17,733 seq2seq.trainer.supervised_trainer INFO     Progress: 29%, Train Perplexity: 1.0075
2018-01-25 14:04:19,359 seq2seq.trainer.supervised_trainer INFO     Progress: 29%, Train Perplexity: 1.0066
2018-01-25 14:04:20,790 seq2seq.trainer.supervised_trainer INFO     Progress: 29%, Train Perplexity: 1.0057
2018-01-25 14:04:21,888 seq2seq.trainer.supervised_trainer INFO     Progress: 29%, Train Perplexity: 1.0044
2018-01-25 14:04:23,166 seq2seq.trainer.supervised_trainer INFO     Progress: 30%, Train Perplexity: 1.0085
2018-01-25 14:04:25,693 seq2seq.trainer.supervised_trainer INFO     Finished epoch 15: Train Perplexity: 1.0054, Dev Perplexity: 27.7444, Accuracy: 0.7147, Sequence Accuracy: 0.1403
2018-01-25 14:04:29,901 seq2seq.trainer.supervised_trainer INFO     Progress: 30%, Train Perplexity: 1.0224
2018-01-25 14:04:31,457 seq2seq.trainer.supervised_trainer INFO     Progress: 30%, Train Perplexity: 1.0019
2018-01-25 14:04:32,714 seq2seq.trainer.supervised_trainer INFO     Progress: 30%, Train Perplexity: 1.0025
2018-01-25 14:04:33,750 seq2seq.trainer.supervised_trainer INFO     Progress: 30%, Train Perplexity: 1.0038
2018-01-25 14:04:34,898 seq2seq.trainer.supervised_trainer INFO     Progress: 30%, Train Perplexity: 1.0038
2018-01-25 14:04:36,346 seq2seq.trainer.supervised_trainer INFO     Progress: 30%, Train Perplexity: 1.0171
2018-01-25 14:04:37,652 seq2seq.trainer.supervised_trainer INFO     Progress: 30%, Train Perplexity: 1.0005
2018-01-25 14:04:41,800 seq2seq.trainer.supervised_trainer INFO     Progress: 31%, Train Perplexity: 1.0244
2018-01-25 14:04:42,893 seq2seq.trainer.supervised_trainer INFO     Progress: 31%, Train Perplexity: 1.0034
2018-01-25 14:04:44,267 seq2seq.trainer.supervised_trainer INFO     Progress: 31%, Train Perplexity: 1.0024
2018-01-25 14:04:45,573 seq2seq.trainer.supervised_trainer INFO     Progress: 31%, Train Perplexity: 1.0078
2018-01-25 14:04:46,943 seq2seq.trainer.supervised_trainer INFO     Progress: 31%, Train Perplexity: 1.0014
2018-01-25 14:04:48,060 seq2seq.trainer.supervised_trainer INFO     Progress: 31%, Train Perplexity: 1.0046
2018-01-25 14:04:51,988 seq2seq.trainer.supervised_trainer INFO     Progress: 31%, Train Perplexity: 1.0010
2018-01-25 14:04:55,287 seq2seq.trainer.supervised_trainer INFO     Finished epoch 16: Train Perplexity: 1.0067, Dev Perplexity: 39.4598, Accuracy: 0.6915, Sequence Accuracy: 0.0987
2018-01-25 14:04:55,952 seq2seq.trainer.supervised_trainer INFO     Progress: 32%, Train Perplexity: 1.0116
2018-01-25 14:04:57,602 seq2seq.trainer.supervised_trainer INFO     Progress: 32%, Train Perplexity: 1.0091
2018-01-25 14:04:58,743 seq2seq.trainer.supervised_trainer INFO     Progress: 32%, Train Perplexity: 1.0151
2018-01-25 14:04:59,888 seq2seq.trainer.supervised_trainer INFO     Progress: 32%, Train Perplexity: 1.0103
2018-01-25 14:05:01,254 seq2seq.trainer.supervised_trainer INFO     Progress: 32%, Train Perplexity: 1.0104
2018-01-25 14:05:02,698 seq2seq.trainer.supervised_trainer INFO     Progress: 32%, Train Perplexity: 1.0030
2018-01-25 14:05:06,667 seq2seq.trainer.supervised_trainer INFO     Progress: 32%, Train Perplexity: 1.0044
2018-01-25 14:05:07,734 seq2seq.trainer.supervised_trainer INFO     Progress: 33%, Train Perplexity: 1.0088
2018-01-25 14:05:09,154 seq2seq.trainer.supervised_trainer INFO     Progress: 33%, Train Perplexity: 1.0037
2018-01-25 14:05:10,393 seq2seq.trainer.supervised_trainer INFO     Progress: 33%, Train Perplexity: 1.0003
2018-01-25 14:05:11,645 seq2seq.trainer.supervised_trainer INFO     Progress: 33%, Train Perplexity: 1.0027
2018-01-25 14:05:12,878 seq2seq.trainer.supervised_trainer INFO     Progress: 33%, Train Perplexity: 1.0071
2018-01-25 14:05:14,399 seq2seq.trainer.supervised_trainer INFO     Progress: 33%, Train Perplexity: 1.0024
2018-01-25 14:05:18,033 seq2seq.trainer.supervised_trainer INFO     Progress: 33%, Train Perplexity: 1.0018
2018-01-25 14:05:19,134 seq2seq.trainer.supervised_trainer INFO     Progress: 33%, Train Perplexity: 1.0036
2018-01-25 14:05:21,956 seq2seq.trainer.supervised_trainer INFO     Finished epoch 17: Train Perplexity: 1.0065, Dev Perplexity: 15.6212, Accuracy: 0.7142, Sequence Accuracy: 0.1255
2018-01-25 14:05:23,148 seq2seq.trainer.supervised_trainer INFO     Progress: 34%, Train Perplexity: 1.0119
2018-01-25 14:05:24,561 seq2seq.trainer.supervised_trainer INFO     Progress: 34%, Train Perplexity: 1.0227
2018-01-25 14:05:26,143 seq2seq.trainer.supervised_trainer INFO     Progress: 34%, Train Perplexity: 1.0115
2018-01-25 14:05:27,463 seq2seq.trainer.supervised_trainer INFO     Progress: 34%, Train Perplexity: 1.0087
2018-01-25 14:05:31,270 seq2seq.trainer.supervised_trainer INFO     Progress: 34%, Train Perplexity: 1.0041
2018-01-25 14:05:32,798 seq2seq.trainer.supervised_trainer INFO     Progress: 34%, Train Perplexity: 1.0005
2018-01-25 14:05:33,909 seq2seq.trainer.supervised_trainer INFO     Progress: 34%, Train Perplexity: 1.0019
2018-01-25 14:05:35,320 seq2seq.trainer.supervised_trainer INFO     Progress: 35%, Train Perplexity: 1.0008
2018-01-25 14:05:36,722 seq2seq.trainer.supervised_trainer INFO     Progress: 35%, Train Perplexity: 1.0004
2018-01-25 14:05:37,785 seq2seq.trainer.supervised_trainer INFO     Progress: 35%, Train Perplexity: 1.0009
2018-01-25 14:05:38,860 seq2seq.trainer.supervised_trainer INFO     Progress: 35%, Train Perplexity: 1.0030
2018-01-25 14:05:42,634 seq2seq.trainer.supervised_trainer INFO     Progress: 35%, Train Perplexity: 1.0153
2018-01-25 14:05:44,063 seq2seq.trainer.supervised_trainer INFO     Progress: 35%, Train Perplexity: 1.0016
2018-01-25 14:05:45,499 seq2seq.trainer.supervised_trainer INFO     Progress: 35%, Train Perplexity: 1.0068
2018-01-25 14:05:48,933 seq2seq.trainer.supervised_trainer INFO     Finished epoch 18: Train Perplexity: 1.0061, Dev Perplexity: 16.0686, Accuracy: 0.7153, Sequence Accuracy: 0.1074
2018-01-25 14:05:49,170 seq2seq.trainer.supervised_trainer INFO     Progress: 36%, Train Perplexity: 1.0012
2018-01-25 14:05:50,244 seq2seq.trainer.supervised_trainer INFO     Progress: 36%, Train Perplexity: 1.0083
2018-01-25 14:05:51,650 seq2seq.trainer.supervised_trainer INFO     Progress: 36%, Train Perplexity: 1.0106
2018-01-25 14:05:53,208 seq2seq.trainer.supervised_trainer INFO     Progress: 36%, Train Perplexity: 1.0118
2018-01-25 14:05:57,105 seq2seq.trainer.supervised_trainer INFO     Progress: 36%, Train Perplexity: 1.0021
2018-01-25 14:05:58,427 seq2seq.trainer.supervised_trainer INFO     Progress: 36%, Train Perplexity: 1.0003
2018-01-25 14:05:59,832 seq2seq.trainer.supervised_trainer INFO     Progress: 36%, Train Perplexity: 1.0040
2018-01-25 14:06:01,165 seq2seq.trainer.supervised_trainer INFO     Progress: 36%, Train Perplexity: 1.0044
2018-01-25 14:06:02,545 seq2seq.trainer.supervised_trainer INFO     Progress: 37%, Train Perplexity: 1.0018
2018-01-25 14:06:03,859 seq2seq.trainer.supervised_trainer INFO     Progress: 37%, Train Perplexity: 1.0006
2018-01-25 14:06:07,654 seq2seq.trainer.supervised_trainer INFO     Progress: 37%, Train Perplexity: 1.0031
2018-01-25 14:06:08,937 seq2seq.trainer.supervised_trainer INFO     Progress: 37%, Train Perplexity: 1.0012
2018-01-25 14:06:10,237 seq2seq.trainer.supervised_trainer INFO     Progress: 37%, Train Perplexity: 1.0012
2018-01-25 14:06:11,692 seq2seq.trainer.supervised_trainer INFO     Progress: 37%, Train Perplexity: 1.0001
2018-01-25 14:06:13,148 seq2seq.trainer.supervised_trainer INFO     Progress: 37%, Train Perplexity: 1.0001
2018-01-25 14:06:16,216 seq2seq.trainer.supervised_trainer INFO     Finished epoch 19: Train Perplexity: 1.0034, Dev Perplexity: 17.2557, Accuracy: 0.7187, Sequence Accuracy: 0.1344
2018-01-25 14:06:17,069 seq2seq.trainer.supervised_trainer INFO     Progress: 38%, Train Perplexity: 1.0002
2018-01-25 14:06:18,642 seq2seq.trainer.supervised_trainer INFO     Progress: 38%, Train Perplexity: 1.0053
2018-01-25 14:06:22,680 seq2seq.trainer.supervised_trainer INFO     Progress: 38%, Train Perplexity: 1.0023
2018-01-25 14:06:23,980 seq2seq.trainer.supervised_trainer INFO     Progress: 38%, Train Perplexity: 1.0004
2018-01-25 14:06:24,997 seq2seq.trainer.supervised_trainer INFO     Progress: 38%, Train Perplexity: 1.0000
2018-01-25 14:06:26,325 seq2seq.trainer.supervised_trainer INFO     Progress: 38%, Train Perplexity: 1.0004
2018-01-25 14:06:27,644 seq2seq.trainer.supervised_trainer INFO     Progress: 38%, Train Perplexity: 1.0002
2018-01-25 14:06:29,204 seq2seq.trainer.supervised_trainer INFO     Progress: 39%, Train Perplexity: 1.0000
2018-01-25 14:06:32,902 seq2seq.trainer.supervised_trainer INFO     Progress: 39%, Train Perplexity: 1.0004
2018-01-25 14:06:34,057 seq2seq.trainer.supervised_trainer INFO     Progress: 39%, Train Perplexity: 1.0007
2018-01-25 14:06:35,385 seq2seq.trainer.supervised_trainer INFO     Progress: 39%, Train Perplexity: 1.0000
2018-01-25 14:06:36,787 seq2seq.trainer.supervised_trainer INFO     Progress: 39%, Train Perplexity: 1.0000
2018-01-25 14:06:38,148 seq2seq.trainer.supervised_trainer INFO     Progress: 39%, Train Perplexity: 1.0005
2018-01-25 14:06:39,440 seq2seq.trainer.supervised_trainer INFO     Progress: 39%, Train Perplexity: 1.0018
2018-01-25 14:06:40,881 seq2seq.trainer.supervised_trainer INFO     Progress: 40%, Train Perplexity: 1.0009
2018-01-25 14:06:43,403 seq2seq.trainer.supervised_trainer INFO     Finished epoch 20: Train Perplexity: 1.0009, Dev Perplexity: 17.2872, Accuracy: 0.7147, Sequence Accuracy: 0.1357
2018-01-25 14:06:47,543 seq2seq.trainer.supervised_trainer INFO     Progress: 40%, Train Perplexity: 1.0014
2018-01-25 14:06:48,959 seq2seq.trainer.supervised_trainer INFO     Progress: 40%, Train Perplexity: 1.0005
2018-01-25 14:06:50,257 seq2seq.trainer.supervised_trainer INFO     Progress: 40%, Train Perplexity: 1.0002
2018-01-25 14:06:51,491 seq2seq.trainer.supervised_trainer INFO     Progress: 40%, Train Perplexity: 1.0008
2018-01-25 14:06:52,633 seq2seq.trainer.supervised_trainer INFO     Progress: 40%, Train Perplexity: 1.0016
2018-01-25 14:06:54,124 seq2seq.trainer.supervised_trainer INFO     Progress: 40%, Train Perplexity: 1.0005
2018-01-25 14:06:55,130 seq2seq.trainer.supervised_trainer INFO     Progress: 40%, Train Perplexity: 1.0000
2018-01-25 14:06:59,055 seq2seq.trainer.supervised_trainer INFO     Progress: 41%, Train Perplexity: 1.0007
2018-01-25 14:07:00,325 seq2seq.trainer.supervised_trainer INFO     Progress: 41%, Train Perplexity: 1.0005
2018-01-25 14:07:01,727 seq2seq.trainer.supervised_trainer INFO     Progress: 41%, Train Perplexity: 1.0084
2018-01-25 14:07:02,998 seq2seq.trainer.supervised_trainer INFO     Progress: 41%, Train Perplexity: 1.0000
2018-01-25 14:07:04,661 seq2seq.trainer.supervised_trainer INFO     Progress: 41%, Train Perplexity: 1.0047
2018-01-25 14:07:05,824 seq2seq.trainer.supervised_trainer INFO     Progress: 41%, Train Perplexity: 1.0000
2018-01-25 14:07:09,362 seq2seq.trainer.supervised_trainer INFO     Progress: 41%, Train Perplexity: 1.0000
2018-01-25 14:07:12,724 seq2seq.trainer.supervised_trainer INFO     Finished epoch 21: Train Perplexity: 1.0013, Dev Perplexity: 17.5619, Accuracy: 0.7037, Sequence Accuracy: 0.1337
2018-01-25 14:07:13,306 seq2seq.trainer.supervised_trainer INFO     Progress: 42%, Train Perplexity: 1.0006
2018-01-25 14:07:14,433 seq2seq.trainer.supervised_trainer INFO     Progress: 42%, Train Perplexity: 1.0080
2018-01-25 14:07:15,827 seq2seq.trainer.supervised_trainer INFO     Progress: 42%, Train Perplexity: 1.0083
2018-01-25 14:07:17,131 seq2seq.trainer.supervised_trainer INFO     Progress: 42%, Train Perplexity: 1.0057
2018-01-25 14:07:18,627 seq2seq.trainer.supervised_trainer INFO     Progress: 42%, Train Perplexity: 1.0052
2018-01-25 14:07:20,154 seq2seq.trainer.supervised_trainer INFO     Progress: 42%, Train Perplexity: 1.0147
2018-01-25 14:07:23,869 seq2seq.trainer.supervised_trainer INFO     Progress: 42%, Train Perplexity: 1.0100
2018-01-25 14:07:25,190 seq2seq.trainer.supervised_trainer INFO     Progress: 43%, Train Perplexity: 1.0019
2018-01-25 14:07:26,496 seq2seq.trainer.supervised_trainer INFO     Progress: 43%, Train Perplexity: 1.0066
2018-01-25 14:07:27,810 seq2seq.trainer.supervised_trainer INFO     Progress: 43%, Train Perplexity: 1.0018
2018-01-25 14:07:29,328 seq2seq.trainer.supervised_trainer INFO     Progress: 43%, Train Perplexity: 1.0001
2018-01-25 14:07:30,466 seq2seq.trainer.supervised_trainer INFO     Progress: 43%, Train Perplexity: 1.0004
2018-01-25 14:07:31,855 seq2seq.trainer.supervised_trainer INFO     Progress: 43%, Train Perplexity: 1.0006
2018-01-25 14:07:35,631 seq2seq.trainer.supervised_trainer INFO     Progress: 43%, Train Perplexity: 1.0005
2018-01-25 14:07:37,060 seq2seq.trainer.supervised_trainer INFO     Progress: 43%, Train Perplexity: 1.0004
2018-01-25 14:07:39,885 seq2seq.trainer.supervised_trainer INFO     Finished epoch 22: Train Perplexity: 1.0045, Dev Perplexity: 13.3434, Accuracy: 0.7113, Sequence Accuracy: 0.1352
2018-01-25 14:07:41,024 seq2seq.trainer.supervised_trainer INFO     Progress: 44%, Train Perplexity: 1.0026
2018-01-25 14:07:42,095 seq2seq.trainer.supervised_trainer INFO     Progress: 44%, Train Perplexity: 1.0017
2018-01-25 14:07:43,341 seq2seq.trainer.supervised_trainer INFO     Progress: 44%, Train Perplexity: 1.0029
2018-01-25 14:07:44,776 seq2seq.trainer.supervised_trainer INFO     Progress: 44%, Train Perplexity: 1.0008
2018-01-25 14:07:48,933 seq2seq.trainer.supervised_trainer INFO     Progress: 44%, Train Perplexity: 1.0078
2018-01-25 14:07:50,131 seq2seq.trainer.supervised_trainer INFO     Progress: 44%, Train Perplexity: 1.0005
2018-01-25 14:07:51,335 seq2seq.trainer.supervised_trainer INFO     Progress: 44%, Train Perplexity: 1.0034
2018-01-25 14:07:52,842 seq2seq.trainer.supervised_trainer INFO     Progress: 45%, Train Perplexity: 1.0000
2018-01-25 14:07:54,216 seq2seq.trainer.supervised_trainer INFO     Progress: 45%, Train Perplexity: 1.0000
2018-01-25 14:07:55,561 seq2seq.trainer.supervised_trainer INFO     Progress: 45%, Train Perplexity: 1.0000
2018-01-25 14:07:57,157 seq2seq.trainer.supervised_trainer INFO     Progress: 45%, Train Perplexity: 1.0000
2018-01-25 14:08:00,791 seq2seq.trainer.supervised_trainer INFO     Progress: 45%, Train Perplexity: 1.0000
2018-01-25 14:08:02,223 seq2seq.trainer.supervised_trainer INFO     Progress: 45%, Train Perplexity: 1.0009
2018-01-25 14:08:03,369 seq2seq.trainer.supervised_trainer INFO     Progress: 45%, Train Perplexity: 1.0007
2018-01-25 14:08:06,733 seq2seq.trainer.supervised_trainer INFO     Finished epoch 23: Train Perplexity: 1.0014, Dev Perplexity: 13.5686, Accuracy: 0.7149, Sequence Accuracy: 0.1418
2018-01-25 14:08:07,092 seq2seq.trainer.supervised_trainer INFO     Progress: 46%, Train Perplexity: 1.0002
2018-01-25 14:08:08,545 seq2seq.trainer.supervised_trainer INFO     Progress: 46%, Train Perplexity: 1.0003
2018-01-25 14:08:09,753 seq2seq.trainer.supervised_trainer INFO     Progress: 46%, Train Perplexity: 1.0012
2018-01-25 14:08:11,154 seq2seq.trainer.supervised_trainer INFO     Progress: 46%, Train Perplexity: 1.0010
2018-01-25 14:08:14,825 seq2seq.trainer.supervised_trainer INFO     Progress: 46%, Train Perplexity: 1.0188
2018-01-25 14:08:16,267 seq2seq.trainer.supervised_trainer INFO     Progress: 46%, Train Perplexity: 1.0001
2018-01-25 14:08:17,721 seq2seq.trainer.supervised_trainer INFO     Progress: 46%, Train Perplexity: 1.0004
2018-01-25 14:08:19,149 seq2seq.trainer.supervised_trainer INFO     Progress: 46%, Train Perplexity: 1.0018
2018-01-25 14:08:20,427 seq2seq.trainer.supervised_trainer INFO     Progress: 47%, Train Perplexity: 1.0032
2018-01-25 14:08:21,680 seq2seq.trainer.supervised_trainer INFO     Progress: 47%, Train Perplexity: 1.0029
2018-01-25 14:08:25,632 seq2seq.trainer.supervised_trainer INFO     Progress: 47%, Train Perplexity: 1.0002
2018-01-25 14:08:26,846 seq2seq.trainer.supervised_trainer INFO     Progress: 47%, Train Perplexity: 1.0000
2018-01-25 14:08:27,882 seq2seq.trainer.supervised_trainer INFO     Progress: 47%, Train Perplexity: 1.0000
2018-01-25 14:08:29,358 seq2seq.trainer.supervised_trainer INFO     Progress: 47%, Train Perplexity: 1.0000
2018-01-25 14:08:30,819 seq2seq.trainer.supervised_trainer INFO     Progress: 47%, Train Perplexity: 1.0000
2018-01-25 14:08:33,961 seq2seq.trainer.supervised_trainer INFO     Finished epoch 24: Train Perplexity: 1.0021, Dev Perplexity: 14.2105, Accuracy: 0.7091, Sequence Accuracy: 0.1449
2018-01-25 14:08:34,803 seq2seq.trainer.supervised_trainer INFO     Progress: 48%, Train Perplexity: 1.0000
2018-01-25 14:08:36,250 seq2seq.trainer.supervised_trainer INFO     Progress: 48%, Train Perplexity: 1.0004
2018-01-25 14:08:40,308 seq2seq.trainer.supervised_trainer INFO     Progress: 48%, Train Perplexity: 1.0069
2018-01-25 14:08:41,640 seq2seq.trainer.supervised_trainer INFO     Progress: 48%, Train Perplexity: 1.0001
2018-01-25 14:08:42,954 seq2seq.trainer.supervised_trainer INFO     Progress: 48%, Train Perplexity: 1.0002
2018-01-25 14:08:44,302 seq2seq.trainer.supervised_trainer INFO     Progress: 48%, Train Perplexity: 1.0003
2018-01-25 14:08:45,640 seq2seq.trainer.supervised_trainer INFO     Progress: 48%, Train Perplexity: 1.0006
2018-01-25 14:08:46,990 seq2seq.trainer.supervised_trainer INFO     Progress: 49%, Train Perplexity: 1.0003
2018-01-25 14:08:48,651 seq2seq.trainer.supervised_trainer INFO     Progress: 49%, Train Perplexity: 1.0037
2018-01-25 14:08:52,294 seq2seq.trainer.supervised_trainer INFO     Progress: 49%, Train Perplexity: 1.0003
2018-01-25 14:08:53,532 seq2seq.trainer.supervised_trainer INFO     Progress: 49%, Train Perplexity: 1.0000
2018-01-25 14:08:54,656 seq2seq.trainer.supervised_trainer INFO     Progress: 49%, Train Perplexity: 1.0001
2018-01-25 14:08:55,995 seq2seq.trainer.supervised_trainer INFO     Progress: 49%, Train Perplexity: 1.0000
2018-01-25 14:08:57,221 seq2seq.trainer.supervised_trainer INFO     Progress: 49%, Train Perplexity: 1.0000
2018-01-25 14:08:58,579 seq2seq.trainer.supervised_trainer INFO     Progress: 50%, Train Perplexity: 1.0000
2018-01-25 14:09:01,099 seq2seq.trainer.supervised_trainer INFO     Finished epoch 25: Train Perplexity: 1.0009, Dev Perplexity: 14.8189, Accuracy: 0.7066, Sequence Accuracy: 0.1411
2018-01-25 14:09:04,695 seq2seq.trainer.supervised_trainer INFO     Progress: 50%, Train Perplexity: 1.0006
2018-01-25 14:09:05,857 seq2seq.trainer.supervised_trainer INFO     Progress: 50%, Train Perplexity: 1.0002
2018-01-25 14:09:07,383 seq2seq.trainer.supervised_trainer INFO     Progress: 50%, Train Perplexity: 1.0000
2018-01-25 14:09:08,716 seq2seq.trainer.supervised_trainer INFO     Progress: 50%, Train Perplexity: 1.0019
2018-01-25 14:09:09,944 seq2seq.trainer.supervised_trainer INFO     Progress: 50%, Train Perplexity: 1.0009
2018-01-25 14:09:11,508 seq2seq.trainer.supervised_trainer INFO     Progress: 50%, Train Perplexity: 1.0000
2018-01-25 14:09:12,818 seq2seq.trainer.supervised_trainer INFO     Progress: 50%, Train Perplexity: 1.0001
2018-01-25 14:09:16,551 seq2seq.trainer.supervised_trainer INFO     Progress: 51%, Train Perplexity: 1.0002
2018-01-25 14:09:17,607 seq2seq.trainer.supervised_trainer INFO     Progress: 51%, Train Perplexity: 1.0004
2018-01-25 14:09:19,170 seq2seq.trainer.supervised_trainer INFO     Progress: 51%, Train Perplexity: 1.0002
2018-01-25 14:09:20,769 seq2seq.trainer.supervised_trainer INFO     Progress: 51%, Train Perplexity: 1.0103
2018-01-25 14:09:22,041 seq2seq.trainer.supervised_trainer INFO     Progress: 51%, Train Perplexity: 1.0046
2018-01-25 14:09:23,168 seq2seq.trainer.supervised_trainer INFO     Progress: 51%, Train Perplexity: 1.0009
2018-01-25 14:09:24,472 seq2seq.trainer.supervised_trainer INFO     Progress: 51%, Train Perplexity: 1.0002
2018-01-25 14:09:30,217 seq2seq.trainer.supervised_trainer INFO     Finished epoch 26: Train Perplexity: 1.0014, Dev Perplexity: 10.7483, Accuracy: 0.7159, Sequence Accuracy: 0.1214
2018-01-25 14:09:30,857 seq2seq.trainer.supervised_trainer INFO     Progress: 52%, Train Perplexity: 1.0004
2018-01-25 14:09:32,390 seq2seq.trainer.supervised_trainer INFO     Progress: 52%, Train Perplexity: 1.0079
2018-01-25 14:09:33,906 seq2seq.trainer.supervised_trainer INFO     Progress: 52%, Train Perplexity: 1.0021
2018-01-25 14:09:35,262 seq2seq.trainer.supervised_trainer INFO     Progress: 52%, Train Perplexity: 1.0014
2018-01-25 14:09:36,641 seq2seq.trainer.supervised_trainer INFO     Progress: 52%, Train Perplexity: 1.0019
2018-01-25 14:09:37,901 seq2seq.trainer.supervised_trainer INFO     Progress: 52%, Train Perplexity: 1.0019
2018-01-25 14:09:41,746 seq2seq.trainer.supervised_trainer INFO     Progress: 52%, Train Perplexity: 1.0033
2018-01-25 14:09:42,943 seq2seq.trainer.supervised_trainer INFO     Progress: 53%, Train Perplexity: 1.0005
2018-01-25 14:09:44,310 seq2seq.trainer.supervised_trainer INFO     Progress: 53%, Train Perplexity: 1.0005
2018-01-25 14:09:45,668 seq2seq.trainer.supervised_trainer INFO     Progress: 53%, Train Perplexity: 1.0000
2018-01-25 14:09:47,038 seq2seq.trainer.supervised_trainer INFO     Progress: 53%, Train Perplexity: 1.0001
2018-01-25 14:09:48,202 seq2seq.trainer.supervised_trainer INFO     Progress: 53%, Train Perplexity: 1.0001
2018-01-25 14:09:49,584 seq2seq.trainer.supervised_trainer INFO     Progress: 53%, Train Perplexity: 1.0000
2018-01-25 14:09:53,320 seq2seq.trainer.supervised_trainer INFO     Progress: 53%, Train Perplexity: 1.0000
2018-01-25 14:09:54,624 seq2seq.trainer.supervised_trainer INFO     Progress: 53%, Train Perplexity: 1.0000
2018-01-25 14:09:57,578 seq2seq.trainer.supervised_trainer INFO     Finished epoch 27: Train Perplexity: 1.0014, Dev Perplexity: 12.9160, Accuracy: 0.7130, Sequence Accuracy: 0.1411
2018-01-25 14:09:58,704 seq2seq.trainer.supervised_trainer INFO     Progress: 54%, Train Perplexity: 1.0006
2018-01-25 14:10:00,059 seq2seq.trainer.supervised_trainer INFO     Progress: 54%, Train Perplexity: 1.0008
2018-01-25 14:10:01,286 seq2seq.trainer.supervised_trainer INFO     Progress: 54%, Train Perplexity: 1.0008
2018-01-25 14:10:02,408 seq2seq.trainer.supervised_trainer INFO     Progress: 54%, Train Perplexity: 1.0019
2018-01-25 14:10:03,674 seq2seq.trainer.supervised_trainer INFO     Progress: 54%, Train Perplexity: 1.0028
2018-01-25 14:10:07,320 seq2seq.trainer.supervised_trainer INFO     Progress: 54%, Train Perplexity: 1.0004
2018-01-25 14:10:08,707 seq2seq.trainer.supervised_trainer INFO     Progress: 54%, Train Perplexity: 1.0000
2018-01-25 14:10:10,288 seq2seq.trainer.supervised_trainer INFO     Progress: 55%, Train Perplexity: 1.0001
2018-01-25 14:10:11,645 seq2seq.trainer.supervised_trainer INFO     Progress: 55%, Train Perplexity: 1.0005
2018-01-25 14:10:12,780 seq2seq.trainer.supervised_trainer INFO     Progress: 55%, Train Perplexity: 1.0000
2018-01-25 14:10:13,991 seq2seq.trainer.supervised_trainer INFO     Progress: 55%, Train Perplexity: 1.0002
2018-01-25 14:10:17,810 seq2seq.trainer.supervised_trainer INFO     Progress: 55%, Train Perplexity: 1.0000
2018-01-25 14:10:18,886 seq2seq.trainer.supervised_trainer INFO     Progress: 55%, Train Perplexity: 1.0000
2018-01-25 14:10:20,246 seq2seq.trainer.supervised_trainer INFO     Progress: 55%, Train Perplexity: 1.0011
2018-01-25 14:10:23,652 seq2seq.trainer.supervised_trainer INFO     Finished epoch 28: Train Perplexity: 1.0006, Dev Perplexity: 11.5496, Accuracy: 0.7185, Sequence Accuracy: 0.1423
2018-01-25 14:10:24,050 seq2seq.trainer.supervised_trainer INFO     Progress: 56%, Train Perplexity: 1.0000
2018-01-25 14:10:25,277 seq2seq.trainer.supervised_trainer INFO     Progress: 56%, Train Perplexity: 1.0066
2018-01-25 14:10:26,684 seq2seq.trainer.supervised_trainer INFO     Progress: 56%, Train Perplexity: 1.0006
2018-01-25 14:10:28,135 seq2seq.trainer.supervised_trainer INFO     Progress: 56%, Train Perplexity: 1.0009
2018-01-25 14:10:31,941 seq2seq.trainer.supervised_trainer INFO     Progress: 56%, Train Perplexity: 1.0000
2018-01-25 14:10:33,294 seq2seq.trainer.supervised_trainer INFO     Progress: 56%, Train Perplexity: 1.0002
2018-01-25 14:10:34,685 seq2seq.trainer.supervised_trainer INFO     Progress: 56%, Train Perplexity: 1.0000
2018-01-25 14:10:35,950 seq2seq.trainer.supervised_trainer INFO     Progress: 56%, Train Perplexity: 1.0006
2018-01-25 14:10:37,242 seq2seq.trainer.supervised_trainer INFO     Progress: 57%, Train Perplexity: 1.0000
2018-01-25 14:10:38,621 seq2seq.trainer.supervised_trainer INFO     Progress: 57%, Train Perplexity: 1.0000
2018-01-25 14:10:42,559 seq2seq.trainer.supervised_trainer INFO     Progress: 57%, Train Perplexity: 1.0000
2018-01-25 14:10:43,819 seq2seq.trainer.supervised_trainer INFO     Progress: 57%, Train Perplexity: 1.0000
2018-01-25 14:10:45,331 seq2seq.trainer.supervised_trainer INFO     Progress: 57%, Train Perplexity: 1.0000
2018-01-25 14:10:46,447 seq2seq.trainer.supervised_trainer INFO     Progress: 57%, Train Perplexity: 1.0000
2018-01-25 14:10:47,960 seq2seq.trainer.supervised_trainer INFO     Progress: 57%, Train Perplexity: 1.0000
2018-01-25 14:10:51,009 seq2seq.trainer.supervised_trainer INFO     Finished epoch 29: Train Perplexity: 1.0006, Dev Perplexity: 10.4673, Accuracy: 0.7261, Sequence Accuracy: 0.1429
2018-01-25 14:10:52,038 seq2seq.trainer.supervised_trainer INFO     Progress: 58%, Train Perplexity: 1.0000
2018-01-25 14:10:53,474 seq2seq.trainer.supervised_trainer INFO     Progress: 58%, Train Perplexity: 1.0014
2018-01-25 14:10:57,298 seq2seq.trainer.supervised_trainer INFO     Progress: 58%, Train Perplexity: 1.0004
2018-01-25 14:10:58,604 seq2seq.trainer.supervised_trainer INFO     Progress: 58%, Train Perplexity: 1.0005
2018-01-25 14:11:00,100 seq2seq.trainer.supervised_trainer INFO     Progress: 58%, Train Perplexity: 1.0002
2018-01-25 14:11:01,235 seq2seq.trainer.supervised_trainer INFO     Progress: 58%, Train Perplexity: 1.0002
2018-01-25 14:11:02,434 seq2seq.trainer.supervised_trainer INFO     Progress: 58%, Train Perplexity: 1.0000
2018-01-25 14:11:03,681 seq2seq.trainer.supervised_trainer INFO     Progress: 59%, Train Perplexity: 1.0003
2018-01-25 14:11:04,986 seq2seq.trainer.supervised_trainer INFO     Progress: 59%, Train Perplexity: 1.0000
2018-01-25 14:11:08,815 seq2seq.trainer.supervised_trainer INFO     Progress: 59%, Train Perplexity: 1.0007
2018-01-25 14:11:10,053 seq2seq.trainer.supervised_trainer INFO     Progress: 59%, Train Perplexity: 1.0000
2018-01-25 14:11:11,493 seq2seq.trainer.supervised_trainer INFO     Progress: 59%, Train Perplexity: 1.0002
2018-01-25 14:11:12,815 seq2seq.trainer.supervised_trainer INFO     Progress: 59%, Train Perplexity: 1.0000
2018-01-25 14:11:13,972 seq2seq.trainer.supervised_trainer INFO     Progress: 59%, Train Perplexity: 1.0000
2018-01-25 14:11:15,326 seq2seq.trainer.supervised_trainer INFO     Progress: 60%, Train Perplexity: 1.0000
2018-01-25 14:11:17,843 seq2seq.trainer.supervised_trainer INFO     Finished epoch 30: Train Perplexity: 1.0003, Dev Perplexity: 12.2847, Accuracy: 0.7122, Sequence Accuracy: 0.1293
2018-01-25 14:11:22,016 seq2seq.trainer.supervised_trainer INFO     Progress: 60%, Train Perplexity: 1.0015
2018-01-25 14:11:23,160 seq2seq.trainer.supervised_trainer INFO     Progress: 60%, Train Perplexity: 1.0008
2018-01-25 14:11:24,493 seq2seq.trainer.supervised_trainer INFO     Progress: 60%, Train Perplexity: 1.0001
2018-01-25 14:11:25,684 seq2seq.trainer.supervised_trainer INFO     Progress: 60%, Train Perplexity: 1.0005
2018-01-25 14:11:27,068 seq2seq.trainer.supervised_trainer INFO     Progress: 60%, Train Perplexity: 1.0002
2018-01-25 14:11:28,136 seq2seq.trainer.supervised_trainer INFO     Progress: 60%, Train Perplexity: 1.0001
2018-01-25 14:11:29,295 seq2seq.trainer.supervised_trainer INFO     Progress: 60%, Train Perplexity: 1.0001
2018-01-25 14:11:33,352 seq2seq.trainer.supervised_trainer INFO     Progress: 61%, Train Perplexity: 1.0003
2018-01-25 14:11:34,577 seq2seq.trainer.supervised_trainer INFO     Progress: 61%, Train Perplexity: 1.0000
2018-01-25 14:11:36,108 seq2seq.trainer.supervised_trainer INFO     Progress: 61%, Train Perplexity: 1.0000
2018-01-25 14:11:37,358 seq2seq.trainer.supervised_trainer INFO     Progress: 61%, Train Perplexity: 1.0000
2018-01-25 14:11:38,752 seq2seq.trainer.supervised_trainer INFO     Progress: 61%, Train Perplexity: 1.0000
2018-01-25 14:11:40,008 seq2seq.trainer.supervised_trainer INFO     Progress: 61%, Train Perplexity: 1.0000
2018-01-25 14:11:41,059 seq2seq.trainer.supervised_trainer INFO     Progress: 61%, Train Perplexity: 1.0000
2018-01-25 14:11:46,815 seq2seq.trainer.supervised_trainer INFO     Finished epoch 31: Train Perplexity: 1.0002, Dev Perplexity: 11.9300, Accuracy: 0.7077, Sequence Accuracy: 0.1418
2018-01-25 14:11:47,568 seq2seq.trainer.supervised_trainer INFO     Progress: 62%, Train Perplexity: 1.0000
2018-01-25 14:11:49,018 seq2seq.trainer.supervised_trainer INFO     Progress: 62%, Train Perplexity: 1.0003
2018-01-25 14:11:50,379 seq2seq.trainer.supervised_trainer INFO     Progress: 62%, Train Perplexity: 1.0014
2018-01-25 14:11:51,597 seq2seq.trainer.supervised_trainer INFO     Progress: 62%, Train Perplexity: 1.0024
2018-01-25 14:11:52,932 seq2seq.trainer.supervised_trainer INFO     Progress: 62%, Train Perplexity: 1.0007
2018-01-25 14:11:54,205 seq2seq.trainer.supervised_trainer INFO     Progress: 62%, Train Perplexity: 1.0019
2018-01-25 14:11:58,137 seq2seq.trainer.supervised_trainer INFO     Progress: 62%, Train Perplexity: 1.0072
2018-01-25 14:11:59,312 seq2seq.trainer.supervised_trainer INFO     Progress: 63%, Train Perplexity: 1.0003
2018-01-25 14:12:00,563 seq2seq.trainer.supervised_trainer INFO     Progress: 63%, Train Perplexity: 1.0001
2018-01-25 14:12:01,831 seq2seq.trainer.supervised_trainer INFO     Progress: 63%, Train Perplexity: 1.0001
2018-01-25 14:12:03,059 seq2seq.trainer.supervised_trainer INFO     Progress: 63%, Train Perplexity: 1.0001
2018-01-25 14:12:04,203 seq2seq.trainer.supervised_trainer INFO     Progress: 63%, Train Perplexity: 1.0001
2018-01-25 14:12:05,782 seq2seq.trainer.supervised_trainer INFO     Progress: 63%, Train Perplexity: 1.0000
2018-01-25 14:12:09,627 seq2seq.trainer.supervised_trainer INFO     Progress: 63%, Train Perplexity: 1.0000
2018-01-25 14:12:10,786 seq2seq.trainer.supervised_trainer INFO     Progress: 63%, Train Perplexity: 1.0000
2018-01-25 14:12:13,509 seq2seq.trainer.supervised_trainer INFO     Finished epoch 32: Train Perplexity: 1.0010, Dev Perplexity: 15.4016, Accuracy: 0.6953, Sequence Accuracy: 0.1457
2018-01-25 14:12:14,693 seq2seq.trainer.supervised_trainer INFO     Progress: 64%, Train Perplexity: 1.0004
2018-01-25 14:12:15,968 seq2seq.trainer.supervised_trainer INFO     Progress: 64%, Train Perplexity: 1.0012
2018-01-25 14:12:17,286 seq2seq.trainer.supervised_trainer INFO     Progress: 64%, Train Perplexity: 1.0019
2018-01-25 14:12:18,467 seq2seq.trainer.supervised_trainer INFO     Progress: 64%, Train Perplexity: 1.0026
2018-01-25 14:12:19,822 seq2seq.trainer.supervised_trainer INFO     Progress: 64%, Train Perplexity: 1.0045
2018-01-25 14:12:23,545 seq2seq.trainer.supervised_trainer INFO     Progress: 64%, Train Perplexity: 1.0000
2018-01-25 14:12:24,845 seq2seq.trainer.supervised_trainer INFO     Progress: 64%, Train Perplexity: 1.0001
2018-01-25 14:12:26,205 seq2seq.trainer.supervised_trainer INFO     Progress: 65%, Train Perplexity: 1.0000
2018-01-25 14:12:27,802 seq2seq.trainer.supervised_trainer INFO     Progress: 65%, Train Perplexity: 1.0000
2018-01-25 14:12:29,292 seq2seq.trainer.supervised_trainer INFO     Progress: 65%, Train Perplexity: 1.0000
2018-01-25 14:12:30,609 seq2seq.trainer.supervised_trainer INFO     Progress: 65%, Train Perplexity: 1.0000
2018-01-25 14:12:34,108 seq2seq.trainer.supervised_trainer INFO     Progress: 65%, Train Perplexity: 1.0000
2018-01-25 14:12:35,323 seq2seq.trainer.supervised_trainer INFO     Progress: 65%, Train Perplexity: 1.0000
2018-01-25 14:12:36,732 seq2seq.trainer.supervised_trainer INFO     Progress: 65%, Train Perplexity: 1.0000
2018-01-25 14:12:40,315 seq2seq.trainer.supervised_trainer INFO     Finished epoch 33: Train Perplexity: 1.0007, Dev Perplexity: 13.8401, Accuracy: 0.7077, Sequence Accuracy: 0.1403
2018-01-25 14:12:40,570 seq2seq.trainer.supervised_trainer INFO     Progress: 66%, Train Perplexity: 1.0000
2018-01-25 14:12:41,950 seq2seq.trainer.supervised_trainer INFO     Progress: 66%, Train Perplexity: 1.0000
2018-01-25 14:12:43,308 seq2seq.trainer.supervised_trainer INFO     Progress: 66%, Train Perplexity: 1.0000
2018-01-25 14:12:44,935 seq2seq.trainer.supervised_trainer INFO     Progress: 66%, Train Perplexity: 1.0000
2018-01-25 14:12:48,615 seq2seq.trainer.supervised_trainer INFO     Progress: 66%, Train Perplexity: 1.0000
2018-01-25 14:12:49,960 seq2seq.trainer.supervised_trainer INFO     Progress: 66%, Train Perplexity: 1.0000
2018-01-25 14:12:51,424 seq2seq.trainer.supervised_trainer INFO     Progress: 66%, Train Perplexity: 1.0038
2018-01-25 14:12:52,642 seq2seq.trainer.supervised_trainer INFO     Progress: 66%, Train Perplexity: 1.0056
2018-01-25 14:12:54,217 seq2seq.trainer.supervised_trainer INFO     Progress: 67%, Train Perplexity: 1.0000
2018-01-25 14:12:55,311 seq2seq.trainer.supervised_trainer INFO     Progress: 67%, Train Perplexity: 1.0008
2018-01-25 14:12:56,644 seq2seq.trainer.supervised_trainer INFO     Progress: 67%, Train Perplexity: 1.0002
2018-01-25 14:13:00,385 seq2seq.trainer.supervised_trainer INFO     Progress: 67%, Train Perplexity: 1.0004
2018-01-25 14:13:01,858 seq2seq.trainer.supervised_trainer INFO     Progress: 67%, Train Perplexity: 1.0005
2018-01-25 14:13:03,307 seq2seq.trainer.supervised_trainer INFO     Progress: 67%, Train Perplexity: 1.0000
2018-01-25 14:13:04,610 seq2seq.trainer.supervised_trainer INFO     Progress: 67%, Train Perplexity: 1.0000
2018-01-25 14:13:07,678 seq2seq.trainer.supervised_trainer INFO     Finished epoch 34: Train Perplexity: 1.0008, Dev Perplexity: 13.3103, Accuracy: 0.7091, Sequence Accuracy: 0.1319
2018-01-25 14:13:08,491 seq2seq.trainer.supervised_trainer INFO     Progress: 68%, Train Perplexity: 1.0045
2018-01-25 14:13:09,848 seq2seq.trainer.supervised_trainer INFO     Progress: 68%, Train Perplexity: 1.0017
2018-01-25 14:13:13,822 seq2seq.trainer.supervised_trainer INFO     Progress: 68%, Train Perplexity: 1.0003
2018-01-25 14:13:15,161 seq2seq.trainer.supervised_trainer INFO     Progress: 68%, Train Perplexity: 1.0025
2018-01-25 14:13:16,597 seq2seq.trainer.supervised_trainer INFO     Progress: 68%, Train Perplexity: 1.0010
2018-01-25 14:13:17,967 seq2seq.trainer.supervised_trainer INFO     Progress: 68%, Train Perplexity: 1.0005
2018-01-25 14:13:19,284 seq2seq.trainer.supervised_trainer INFO     Progress: 68%, Train Perplexity: 1.0021
2018-01-25 14:13:20,595 seq2seq.trainer.supervised_trainer INFO     Progress: 69%, Train Perplexity: 1.0069
2018-01-25 14:13:21,849 seq2seq.trainer.supervised_trainer INFO     Progress: 69%, Train Perplexity: 1.0000
2018-01-25 14:13:25,749 seq2seq.trainer.supervised_trainer INFO     Progress: 69%, Train Perplexity: 1.0004
2018-01-25 14:13:26,842 seq2seq.trainer.supervised_trainer INFO     Progress: 69%, Train Perplexity: 1.0000
2018-01-25 14:13:28,404 seq2seq.trainer.supervised_trainer INFO     Progress: 69%, Train Perplexity: 1.0077
2018-01-25 14:13:29,597 seq2seq.trainer.supervised_trainer INFO     Progress: 69%, Train Perplexity: 1.0000
2018-01-25 14:13:30,907 seq2seq.trainer.supervised_trainer INFO     Progress: 69%, Train Perplexity: 1.0022
2018-01-25 14:13:32,243 seq2seq.trainer.supervised_trainer INFO     Progress: 70%, Train Perplexity: 1.0004
2018-01-25 14:13:34,729 seq2seq.trainer.supervised_trainer INFO     Finished epoch 35: Train Perplexity: 1.0021, Dev Perplexity: 14.2723, Accuracy: 0.6964, Sequence Accuracy: 0.1316
2018-01-25 14:13:36,259 seq2seq.trainer.supervised_trainer INFO     Progress: 70%, Train Perplexity: 1.0021
2018-01-25 14:13:40,165 seq2seq.trainer.supervised_trainer INFO     Progress: 70%, Train Perplexity: 1.0011
2018-01-25 14:13:41,484 seq2seq.trainer.supervised_trainer INFO     Progress: 70%, Train Perplexity: 1.0000
2018-01-25 14:13:42,663 seq2seq.trainer.supervised_trainer INFO     Progress: 70%, Train Perplexity: 1.0005
2018-01-25 14:13:43,856 seq2seq.trainer.supervised_trainer INFO     Progress: 70%, Train Perplexity: 1.0000
2018-01-25 14:13:45,137 seq2seq.trainer.supervised_trainer INFO     Progress: 70%, Train Perplexity: 1.0000
2018-01-25 14:13:46,434 seq2seq.trainer.supervised_trainer INFO     Progress: 70%, Train Perplexity: 1.0000
2018-01-25 14:13:50,103 seq2seq.trainer.supervised_trainer INFO     Progress: 71%, Train Perplexity: 1.0000
2018-01-25 14:13:51,601 seq2seq.trainer.supervised_trainer INFO     Progress: 71%, Train Perplexity: 1.0000
2018-01-25 14:13:52,859 seq2seq.trainer.supervised_trainer INFO     Progress: 71%, Train Perplexity: 1.0000
2018-01-25 14:13:54,135 seq2seq.trainer.supervised_trainer INFO     Progress: 71%, Train Perplexity: 1.0000
2018-01-25 14:13:55,533 seq2seq.trainer.supervised_trainer INFO     Progress: 71%, Train Perplexity: 1.0000
2018-01-25 14:13:56,861 seq2seq.trainer.supervised_trainer INFO     Progress: 71%, Train Perplexity: 1.0000
2018-01-25 14:13:58,045 seq2seq.trainer.supervised_trainer INFO     Progress: 71%, Train Perplexity: 1.0000
2018-01-25 14:14:03,752 seq2seq.trainer.supervised_trainer INFO     Finished epoch 36: Train Perplexity: 1.0003, Dev Perplexity: 11.3420, Accuracy: 0.7206, Sequence Accuracy: 0.1469
2018-01-25 14:14:04,386 seq2seq.trainer.supervised_trainer INFO     Progress: 72%, Train Perplexity: 1.0000
2018-01-25 14:14:05,600 seq2seq.trainer.supervised_trainer INFO     Progress: 72%, Train Perplexity: 1.0001
2018-01-25 14:14:06,858 seq2seq.trainer.supervised_trainer INFO     Progress: 72%, Train Perplexity: 1.0004
2018-01-25 14:14:08,177 seq2seq.trainer.supervised_trainer INFO     Progress: 72%, Train Perplexity: 1.0041
2018-01-25 14:14:09,570 seq2seq.trainer.supervised_trainer INFO     Progress: 72%, Train Perplexity: 1.0051
2018-01-25 14:14:11,058 seq2seq.trainer.supervised_trainer INFO     Progress: 72%, Train Perplexity: 1.0033
2018-01-25 14:14:12,320 seq2seq.trainer.supervised_trainer INFO     Progress: 72%, Train Perplexity: 1.0055
2018-01-25 14:14:16,174 seq2seq.trainer.supervised_trainer INFO     Progress: 73%, Train Perplexity: 1.0006
2018-01-25 14:14:17,416 seq2seq.trainer.supervised_trainer INFO     Progress: 73%, Train Perplexity: 1.0006
2018-01-25 14:14:18,571 seq2seq.trainer.supervised_trainer INFO     Progress: 73%, Train Perplexity: 1.0001
2018-01-25 14:14:19,962 seq2seq.trainer.supervised_trainer INFO     Progress: 73%, Train Perplexity: 1.0002
2018-01-25 14:14:21,156 seq2seq.trainer.supervised_trainer INFO     Progress: 73%, Train Perplexity: 1.0003
2018-01-25 14:14:22,397 seq2seq.trainer.supervised_trainer INFO     Progress: 73%, Train Perplexity: 1.0000
2018-01-25 14:14:26,098 seq2seq.trainer.supervised_trainer INFO     Progress: 73%, Train Perplexity: 1.0000
2018-01-25 14:14:27,404 seq2seq.trainer.supervised_trainer INFO     Progress: 73%, Train Perplexity: 1.0007
2018-01-25 14:14:30,234 seq2seq.trainer.supervised_trainer INFO     Finished epoch 37: Train Perplexity: 1.0014, Dev Perplexity: 14.7785, Accuracy: 0.6942, Sequence Accuracy: 0.1426
2018-01-25 14:14:31,485 seq2seq.trainer.supervised_trainer INFO     Progress: 74%, Train Perplexity: 1.0003
2018-01-25 14:14:32,813 seq2seq.trainer.supervised_trainer INFO     Progress: 74%, Train Perplexity: 1.0082
2018-01-25 14:14:34,323 seq2seq.trainer.supervised_trainer INFO     Progress: 74%, Train Perplexity: 1.0013
2018-01-25 14:14:35,643 seq2seq.trainer.supervised_trainer INFO     Progress: 74%, Train Perplexity: 1.0009
2018-01-25 14:14:36,993 seq2seq.trainer.supervised_trainer INFO     Progress: 74%, Train Perplexity: 1.0003
2018-01-25 14:14:40,818 seq2seq.trainer.supervised_trainer INFO     Progress: 74%, Train Perplexity: 1.0004
2018-01-25 14:14:41,963 seq2seq.trainer.supervised_trainer INFO     Progress: 74%, Train Perplexity: 1.0012
2018-01-25 14:14:43,243 seq2seq.trainer.supervised_trainer INFO     Progress: 75%, Train Perplexity: 1.0000
2018-01-25 14:14:44,497 seq2seq.trainer.supervised_trainer INFO     Progress: 75%, Train Perplexity: 1.0004
2018-01-25 14:14:46,096 seq2seq.trainer.supervised_trainer INFO     Progress: 75%, Train Perplexity: 1.0000
2018-01-25 14:14:47,507 seq2seq.trainer.supervised_trainer INFO     Progress: 75%, Train Perplexity: 1.0000
2018-01-25 14:14:51,214 seq2seq.trainer.supervised_trainer INFO     Progress: 75%, Train Perplexity: 1.0001
2018-01-25 14:14:52,499 seq2seq.trainer.supervised_trainer INFO     Progress: 75%, Train Perplexity: 1.0002
2018-01-25 14:14:53,840 seq2seq.trainer.supervised_trainer INFO     Progress: 75%, Train Perplexity: 1.0024
2018-01-25 14:14:57,293 seq2seq.trainer.supervised_trainer INFO     Finished epoch 38: Train Perplexity: 1.0011, Dev Perplexity: 13.1682, Accuracy: 0.7084, Sequence Accuracy: 0.1304
2018-01-25 14:14:57,652 seq2seq.trainer.supervised_trainer INFO     Progress: 76%, Train Perplexity: 1.0010
2018-01-25 14:14:58,975 seq2seq.trainer.supervised_trainer INFO     Progress: 76%, Train Perplexity: 1.0010
2018-01-25 14:15:00,241 seq2seq.trainer.supervised_trainer INFO     Progress: 76%, Train Perplexity: 1.0005
2018-01-25 14:15:01,816 seq2seq.trainer.supervised_trainer INFO     Progress: 76%, Train Perplexity: 1.0011
2018-01-25 14:15:05,767 seq2seq.trainer.supervised_trainer INFO     Progress: 76%, Train Perplexity: 1.0017
2018-01-25 14:15:07,071 seq2seq.trainer.supervised_trainer INFO     Progress: 76%, Train Perplexity: 1.0002
2018-01-25 14:15:08,281 seq2seq.trainer.supervised_trainer INFO     Progress: 76%, Train Perplexity: 1.0001
2018-01-25 14:15:09,528 seq2seq.trainer.supervised_trainer INFO     Progress: 76%, Train Perplexity: 1.0002
2018-01-25 14:15:10,795 seq2seq.trainer.supervised_trainer INFO     Progress: 77%, Train Perplexity: 1.0000
2018-01-25 14:15:12,092 seq2seq.trainer.supervised_trainer INFO     Progress: 77%, Train Perplexity: 1.0001
2018-01-25 14:15:13,238 seq2seq.trainer.supervised_trainer INFO     Progress: 77%, Train Perplexity: 1.0001
2018-01-25 14:15:17,031 seq2seq.trainer.supervised_trainer INFO     Progress: 77%, Train Perplexity: 1.0012
2018-01-25 14:15:18,498 seq2seq.trainer.supervised_trainer INFO     Progress: 77%, Train Perplexity: 1.0000
2018-01-25 14:15:19,822 seq2seq.trainer.supervised_trainer INFO     Progress: 77%, Train Perplexity: 1.0000
2018-01-25 14:15:21,209 seq2seq.trainer.supervised_trainer INFO     Progress: 77%, Train Perplexity: 1.0000
2018-01-25 14:15:24,201 seq2seq.trainer.supervised_trainer INFO     Finished epoch 39: Train Perplexity: 1.0004, Dev Perplexity: 13.6490, Accuracy: 0.7016, Sequence Accuracy: 0.1459
2018-01-25 14:15:25,169 seq2seq.trainer.supervised_trainer INFO     Progress: 78%, Train Perplexity: 1.0001
2018-01-25 14:15:26,679 seq2seq.trainer.supervised_trainer INFO     Progress: 78%, Train Perplexity: 1.0003
2018-01-25 14:15:30,616 seq2seq.trainer.supervised_trainer INFO     Progress: 78%, Train Perplexity: 1.0004
2018-01-25 14:15:31,897 seq2seq.trainer.supervised_trainer INFO     Progress: 78%, Train Perplexity: 1.0006
2018-01-25 14:15:33,139 seq2seq.trainer.supervised_trainer INFO     Progress: 78%, Train Perplexity: 1.0001
2018-01-25 14:15:34,429 seq2seq.trainer.supervised_trainer INFO     Progress: 78%, Train Perplexity: 1.0002
2018-01-25 14:15:35,810 seq2seq.trainer.supervised_trainer INFO     Progress: 78%, Train Perplexity: 1.0009
2018-01-25 14:15:37,250 seq2seq.trainer.supervised_trainer INFO     Progress: 79%, Train Perplexity: 1.0007
2018-01-25 14:15:38,510 seq2seq.trainer.supervised_trainer INFO     Progress: 79%, Train Perplexity: 1.0000
2018-01-25 14:15:42,322 seq2seq.trainer.supervised_trainer INFO     Progress: 79%, Train Perplexity: 1.0002
2018-01-25 14:15:43,783 seq2seq.trainer.supervised_trainer INFO     Progress: 79%, Train Perplexity: 1.0002
2018-01-25 14:15:45,302 seq2seq.trainer.supervised_trainer INFO     Progress: 79%, Train Perplexity: 1.0000
2018-01-25 14:15:46,481 seq2seq.trainer.supervised_trainer INFO     Progress: 79%, Train Perplexity: 1.0001
2018-01-25 14:15:47,891 seq2seq.trainer.supervised_trainer INFO     Progress: 79%, Train Perplexity: 1.0000
2018-01-25 14:15:49,427 seq2seq.trainer.supervised_trainer INFO     Progress: 80%, Train Perplexity: 1.0000
2018-01-25 14:15:51,918 seq2seq.trainer.supervised_trainer INFO     Finished epoch 40: Train Perplexity: 1.0003, Dev Perplexity: 10.9385, Accuracy: 0.7165, Sequence Accuracy: 0.1469
2018-01-25 14:15:53,353 seq2seq.trainer.supervised_trainer INFO     Progress: 80%, Train Perplexity: 1.0000
2018-01-25 14:15:57,260 seq2seq.trainer.supervised_trainer INFO     Progress: 80%, Train Perplexity: 1.0000
2018-01-25 14:15:58,515 seq2seq.trainer.supervised_trainer INFO     Progress: 80%, Train Perplexity: 1.0000
2018-01-25 14:15:59,881 seq2seq.trainer.supervised_trainer INFO     Progress: 80%, Train Perplexity: 1.0000
2018-01-25 14:16:01,026 seq2seq.trainer.supervised_trainer INFO     Progress: 80%, Train Perplexity: 1.0000
2018-01-25 14:16:02,282 seq2seq.trainer.supervised_trainer INFO     Progress: 80%, Train Perplexity: 1.0010
2018-01-25 14:16:03,483 seq2seq.trainer.supervised_trainer INFO     Progress: 80%, Train Perplexity: 1.0000
2018-01-25 14:16:07,493 seq2seq.trainer.supervised_trainer INFO     Progress: 81%, Train Perplexity: 1.0000
2018-01-25 14:16:08,747 seq2seq.trainer.supervised_trainer INFO     Progress: 81%, Train Perplexity: 1.0000
2018-01-25 14:16:10,025 seq2seq.trainer.supervised_trainer INFO     Progress: 81%, Train Perplexity: 1.0000
2018-01-25 14:16:11,163 seq2seq.trainer.supervised_trainer INFO     Progress: 81%, Train Perplexity: 1.0000
2018-01-25 14:16:12,369 seq2seq.trainer.supervised_trainer INFO     Progress: 81%, Train Perplexity: 1.0000
2018-01-25 14:16:13,614 seq2seq.trainer.supervised_trainer INFO     Progress: 81%, Train Perplexity: 1.0000
2018-01-25 14:16:14,980 seq2seq.trainer.supervised_trainer INFO     Progress: 81%, Train Perplexity: 1.0000
2018-01-25 14:16:20,808 seq2seq.trainer.supervised_trainer INFO     Finished epoch 41: Train Perplexity: 1.0001, Dev Perplexity: 12.7445, Accuracy: 0.7111, Sequence Accuracy: 0.1462
2018-01-25 14:16:21,428 seq2seq.trainer.supervised_trainer INFO     Progress: 82%, Train Perplexity: 1.0000
2018-01-25 14:16:22,557 seq2seq.trainer.supervised_trainer INFO     Progress: 82%, Train Perplexity: 1.0003
2018-01-25 14:16:23,825 seq2seq.trainer.supervised_trainer INFO     Progress: 82%, Train Perplexity: 1.0005
2018-01-25 14:16:25,271 seq2seq.trainer.supervised_trainer INFO     Progress: 82%, Train Perplexity: 1.0002
2018-01-25 14:16:26,678 seq2seq.trainer.supervised_trainer INFO     Progress: 82%, Train Perplexity: 1.0002
2018-01-25 14:16:28,102 seq2seq.trainer.supervised_trainer INFO     Progress: 82%, Train Perplexity: 1.0000
2018-01-25 14:16:29,429 seq2seq.trainer.supervised_trainer INFO     Progress: 82%, Train Perplexity: 1.0003
2018-01-25 14:16:33,289 seq2seq.trainer.supervised_trainer INFO     Progress: 83%, Train Perplexity: 1.0042
2018-01-25 14:16:34,287 seq2seq.trainer.supervised_trainer INFO     Progress: 83%, Train Perplexity: 1.0068
2018-01-25 14:16:35,458 seq2seq.trainer.supervised_trainer INFO     Progress: 83%, Train Perplexity: 1.0009
2018-01-25 14:16:36,778 seq2seq.trainer.supervised_trainer INFO     Progress: 83%, Train Perplexity: 1.0000
2018-01-25 14:16:38,075 seq2seq.trainer.supervised_trainer INFO     Progress: 83%, Train Perplexity: 1.0005
2018-01-25 14:16:39,286 seq2seq.trainer.supervised_trainer INFO     Progress: 83%, Train Perplexity: 1.0000
2018-01-25 14:16:42,963 seq2seq.trainer.supervised_trainer INFO     Progress: 83%, Train Perplexity: 1.0000
2018-01-25 14:16:44,029 seq2seq.trainer.supervised_trainer INFO     Progress: 83%, Train Perplexity: 1.0004
2018-01-25 14:16:46,871 seq2seq.trainer.supervised_trainer INFO     Finished epoch 42: Train Perplexity: 1.0010, Dev Perplexity: 11.2485, Accuracy: 0.7272, Sequence Accuracy: 0.1449
2018-01-25 14:16:48,181 seq2seq.trainer.supervised_trainer INFO     Progress: 84%, Train Perplexity: 1.0002
2018-01-25 14:16:49,322 seq2seq.trainer.supervised_trainer INFO     Progress: 84%, Train Perplexity: 1.0014
2018-01-25 14:16:50,497 seq2seq.trainer.supervised_trainer INFO     Progress: 84%, Train Perplexity: 1.0004
2018-01-25 14:16:51,649 seq2seq.trainer.supervised_trainer INFO     Progress: 84%, Train Perplexity: 1.0011
2018-01-25 14:16:53,227 seq2seq.trainer.supervised_trainer INFO     Progress: 84%, Train Perplexity: 1.0002
2018-01-25 14:16:56,930 seq2seq.trainer.supervised_trainer INFO     Progress: 84%, Train Perplexity: 1.0000
2018-01-25 14:16:57,872 seq2seq.trainer.supervised_trainer INFO     Progress: 84%, Train Perplexity: 1.0000
2018-01-25 14:16:59,519 seq2seq.trainer.supervised_trainer INFO     Progress: 85%, Train Perplexity: 1.0000
2018-01-25 14:17:00,682 seq2seq.trainer.supervised_trainer INFO     Progress: 85%, Train Perplexity: 1.0000
2018-01-25 14:17:01,802 seq2seq.trainer.supervised_trainer INFO     Progress: 85%, Train Perplexity: 1.0000
2018-01-25 14:17:03,171 seq2seq.trainer.supervised_trainer INFO     Progress: 85%, Train Perplexity: 1.0000
2018-01-25 14:17:04,508 seq2seq.trainer.supervised_trainer INFO     Progress: 85%, Train Perplexity: 1.0000
2018-01-25 14:17:08,236 seq2seq.trainer.supervised_trainer INFO     Progress: 85%, Train Perplexity: 1.0000
2018-01-25 14:17:09,532 seq2seq.trainer.supervised_trainer INFO     Progress: 85%, Train Perplexity: 1.0000
2018-01-25 14:17:13,130 seq2seq.trainer.supervised_trainer INFO     Finished epoch 43: Train Perplexity: 1.0002, Dev Perplexity: 14.4853, Accuracy: 0.7149, Sequence Accuracy: 0.1467
2018-01-25 14:17:13,445 seq2seq.trainer.supervised_trainer INFO     Progress: 86%, Train Perplexity: 1.0000
2018-01-25 14:17:14,642 seq2seq.trainer.supervised_trainer INFO     Progress: 86%, Train Perplexity: 1.0002
2018-01-25 14:17:16,235 seq2seq.trainer.supervised_trainer INFO     Progress: 86%, Train Perplexity: 1.0002
2018-01-25 14:17:17,803 seq2seq.trainer.supervised_trainer INFO     Progress: 86%, Train Perplexity: 1.0001
2018-01-25 14:17:21,522 seq2seq.trainer.supervised_trainer INFO     Progress: 86%, Train Perplexity: 1.0000
2018-01-25 14:17:22,785 seq2seq.trainer.supervised_trainer INFO     Progress: 86%, Train Perplexity: 1.0000
2018-01-25 14:17:23,999 seq2seq.trainer.supervised_trainer INFO     Progress: 86%, Train Perplexity: 1.0000
2018-01-25 14:17:25,326 seq2seq.trainer.supervised_trainer INFO     Progress: 86%, Train Perplexity: 1.0000
2018-01-25 14:17:26,305 seq2seq.trainer.supervised_trainer INFO     Progress: 87%, Train Perplexity: 1.0000
2018-01-25 14:17:27,648 seq2seq.trainer.supervised_trainer INFO     Progress: 87%, Train Perplexity: 1.0000
2018-01-25 14:17:29,020 seq2seq.trainer.supervised_trainer INFO     Progress: 87%, Train Perplexity: 1.0000
2018-01-25 14:17:32,963 seq2seq.trainer.supervised_trainer INFO     Progress: 87%, Train Perplexity: 1.0000
2018-01-25 14:17:33,978 seq2seq.trainer.supervised_trainer INFO     Progress: 87%, Train Perplexity: 1.0000
2018-01-25 14:17:35,356 seq2seq.trainer.supervised_trainer INFO     Progress: 87%, Train Perplexity: 1.0000
2018-01-25 14:17:36,692 seq2seq.trainer.supervised_trainer INFO     Progress: 87%, Train Perplexity: 1.0000
2018-01-25 14:17:39,589 seq2seq.trainer.supervised_trainer INFO     Finished epoch 44: Train Perplexity: 1.0000, Dev Perplexity: 13.4006, Accuracy: 0.7320, Sequence Accuracy: 0.1457
2018-01-25 14:17:40,389 seq2seq.trainer.supervised_trainer INFO     Progress: 88%, Train Perplexity: 1.0006
2018-01-25 14:17:41,834 seq2seq.trainer.supervised_trainer INFO     Progress: 88%, Train Perplexity: 1.0001
2018-01-25 14:17:43,334 seq2seq.trainer.supervised_trainer INFO     Progress: 88%, Train Perplexity: 1.0009
2018-01-25 14:17:46,952 seq2seq.trainer.supervised_trainer INFO     Progress: 88%, Train Perplexity: 1.0027
2018-01-25 14:17:48,433 seq2seq.trainer.supervised_trainer INFO     Progress: 88%, Train Perplexity: 1.0002
2018-01-25 14:17:49,760 seq2seq.trainer.supervised_trainer INFO     Progress: 88%, Train Perplexity: 1.0000
2018-01-25 14:17:51,151 seq2seq.trainer.supervised_trainer INFO     Progress: 88%, Train Perplexity: 1.0000
2018-01-25 14:17:52,328 seq2seq.trainer.supervised_trainer INFO     Progress: 89%, Train Perplexity: 1.0000
2018-01-25 14:17:53,509 seq2seq.trainer.supervised_trainer INFO     Progress: 89%, Train Perplexity: 1.0000
2018-01-25 14:17:57,138 seq2seq.trainer.supervised_trainer INFO     Progress: 89%, Train Perplexity: 1.0000
2018-01-25 14:17:58,241 seq2seq.trainer.supervised_trainer INFO     Progress: 89%, Train Perplexity: 1.0000
2018-01-25 14:17:59,403 seq2seq.trainer.supervised_trainer INFO     Progress: 89%, Train Perplexity: 1.0000
2018-01-25 14:18:00,762 seq2seq.trainer.supervised_trainer INFO     Progress: 89%, Train Perplexity: 1.0000
2018-01-25 14:18:02,184 seq2seq.trainer.supervised_trainer INFO     Progress: 89%, Train Perplexity: 1.0000
2018-01-25 14:18:03,601 seq2seq.trainer.supervised_trainer INFO     Progress: 90%, Train Perplexity: 1.0005
2018-01-25 14:18:06,090 seq2seq.trainer.supervised_trainer INFO     Finished epoch 45: Train Perplexity: 1.0003, Dev Perplexity: 13.4346, Accuracy: 0.7317, Sequence Accuracy: 0.1464
2018-01-25 14:18:07,504 seq2seq.trainer.supervised_trainer INFO     Progress: 90%, Train Perplexity: 1.0003
2018-01-25 14:18:11,319 seq2seq.trainer.supervised_trainer INFO     Progress: 90%, Train Perplexity: 1.0027
2018-01-25 14:18:12,796 seq2seq.trainer.supervised_trainer INFO     Progress: 90%, Train Perplexity: 1.0003
2018-01-25 14:18:14,043 seq2seq.trainer.supervised_trainer INFO     Progress: 90%, Train Perplexity: 1.0010
2018-01-25 14:18:15,494 seq2seq.trainer.supervised_trainer INFO     Progress: 90%, Train Perplexity: 1.0000
2018-01-25 14:18:17,051 seq2seq.trainer.supervised_trainer INFO     Progress: 90%, Train Perplexity: 1.0000
2018-01-25 14:18:18,207 seq2seq.trainer.supervised_trainer INFO     Progress: 90%, Train Perplexity: 1.0000
2018-01-25 14:18:19,447 seq2seq.trainer.supervised_trainer INFO     Progress: 91%, Train Perplexity: 1.0000
2018-01-25 14:18:23,286 seq2seq.trainer.supervised_trainer INFO     Progress: 91%, Train Perplexity: 1.0000
2018-01-25 14:18:24,586 seq2seq.trainer.supervised_trainer INFO     Progress: 91%, Train Perplexity: 1.0000
2018-01-25 14:18:26,013 seq2seq.trainer.supervised_trainer INFO     Progress: 91%, Train Perplexity: 1.0000
2018-01-25 14:18:27,365 seq2seq.trainer.supervised_trainer INFO     Progress: 91%, Train Perplexity: 1.0000
2018-01-25 14:18:28,656 seq2seq.trainer.supervised_trainer INFO     Progress: 91%, Train Perplexity: 1.0000
2018-01-25 14:18:29,931 seq2seq.trainer.supervised_trainer INFO     Progress: 91%, Train Perplexity: 1.0000
2018-01-25 14:18:33,217 seq2seq.trainer.supervised_trainer INFO     Finished epoch 46: Train Perplexity: 1.0003, Dev Perplexity: 15.1115, Accuracy: 0.7106, Sequence Accuracy: 0.1467
2018-01-25 14:18:36,310 seq2seq.trainer.supervised_trainer INFO     Progress: 92%, Train Perplexity: 1.0000
2018-01-25 14:18:37,638 seq2seq.trainer.supervised_trainer INFO     Progress: 92%, Train Perplexity: 1.0000
2018-01-25 14:18:39,097 seq2seq.trainer.supervised_trainer INFO     Progress: 92%, Train Perplexity: 1.0000
2018-01-25 14:18:40,674 seq2seq.trainer.supervised_trainer INFO     Progress: 92%, Train Perplexity: 1.0000
2018-01-25 14:18:41,913 seq2seq.trainer.supervised_trainer INFO     Progress: 92%, Train Perplexity: 1.0000
2018-01-25 14:18:43,275 seq2seq.trainer.supervised_trainer INFO     Progress: 92%, Train Perplexity: 1.0000
2018-01-25 14:18:44,474 seq2seq.trainer.supervised_trainer INFO     Progress: 92%, Train Perplexity: 1.0000
2018-01-25 14:18:48,216 seq2seq.trainer.supervised_trainer INFO     Progress: 93%, Train Perplexity: 1.0000
2018-01-25 14:18:49,408 seq2seq.trainer.supervised_trainer INFO     Progress: 93%, Train Perplexity: 1.0000
2018-01-25 14:18:50,667 seq2seq.trainer.supervised_trainer INFO     Progress: 93%, Train Perplexity: 1.0000
2018-01-25 14:18:52,001 seq2seq.trainer.supervised_trainer INFO     Progress: 93%, Train Perplexity: 1.0000
2018-01-25 14:18:53,158 seq2seq.trainer.supervised_trainer INFO     Progress: 93%, Train Perplexity: 1.0000
2018-01-25 14:18:54,546 seq2seq.trainer.supervised_trainer INFO     Progress: 93%, Train Perplexity: 1.0000
2018-01-25 14:18:58,119 seq2seq.trainer.supervised_trainer INFO     Progress: 93%, Train Perplexity: 1.0000
2018-01-25 14:18:59,398 seq2seq.trainer.supervised_trainer INFO     Progress: 93%, Train Perplexity: 1.0000
2018-01-25 14:19:02,106 seq2seq.trainer.supervised_trainer INFO     Finished epoch 47: Train Perplexity: 1.0000, Dev Perplexity: 15.3207, Accuracy: 0.7101, Sequence Accuracy: 0.1467
2018-01-25 14:19:03,451 seq2seq.trainer.supervised_trainer INFO     Progress: 94%, Train Perplexity: 1.0000
2018-01-25 14:19:04,668 seq2seq.trainer.supervised_trainer INFO     Progress: 94%, Train Perplexity: 1.0002
2018-01-25 14:19:05,860 seq2seq.trainer.supervised_trainer INFO     Progress: 94%, Train Perplexity: 1.0011
2018-01-25 14:19:07,058 seq2seq.trainer.supervised_trainer INFO     Progress: 94%, Train Perplexity: 1.0012
2018-01-25 14:19:08,189 seq2seq.trainer.supervised_trainer INFO     Progress: 94%, Train Perplexity: 1.0050
2018-01-25 14:19:12,003 seq2seq.trainer.supervised_trainer INFO     Progress: 94%, Train Perplexity: 1.0013
2018-01-25 14:19:13,312 seq2seq.trainer.supervised_trainer INFO     Progress: 94%, Train Perplexity: 1.0001
2018-01-25 14:19:14,631 seq2seq.trainer.supervised_trainer INFO     Progress: 95%, Train Perplexity: 1.0018
2018-01-25 14:19:15,791 seq2seq.trainer.supervised_trainer INFO     Progress: 95%, Train Perplexity: 1.0000
2018-01-25 14:19:17,197 seq2seq.trainer.supervised_trainer INFO     Progress: 95%, Train Perplexity: 1.0001
2018-01-25 14:19:18,586 seq2seq.trainer.supervised_trainer INFO     Progress: 95%, Train Perplexity: 1.0000
2018-01-25 14:19:19,681 seq2seq.trainer.supervised_trainer INFO     Progress: 95%, Train Perplexity: 1.0010
2018-01-25 14:19:23,635 seq2seq.trainer.supervised_trainer INFO     Progress: 95%, Train Perplexity: 1.0001
2018-01-25 14:19:24,586 seq2seq.trainer.supervised_trainer INFO     Progress: 95%, Train Perplexity: 1.0005
2018-01-25 14:19:27,841 seq2seq.trainer.supervised_trainer INFO     Finished epoch 48: Train Perplexity: 1.0009, Dev Perplexity: 12.8938, Accuracy: 0.7396, Sequence Accuracy: 0.1395
2018-01-25 14:19:28,194 seq2seq.trainer.supervised_trainer INFO     Progress: 96%, Train Perplexity: 1.0001
2018-01-25 14:19:29,428 seq2seq.trainer.supervised_trainer INFO     Progress: 96%, Train Perplexity: 1.0003
2018-01-25 14:19:30,823 seq2seq.trainer.supervised_trainer INFO     Progress: 96%, Train Perplexity: 1.0012
2018-01-25 14:19:31,914 seq2seq.trainer.supervised_trainer INFO     Progress: 96%, Train Perplexity: 1.0019
2018-01-25 14:19:35,836 seq2seq.trainer.supervised_trainer INFO     Progress: 96%, Train Perplexity: 1.0007
2018-01-25 14:19:37,374 seq2seq.trainer.supervised_trainer INFO     Progress: 96%, Train Perplexity: 1.0008
2018-01-25 14:19:38,737 seq2seq.trainer.supervised_trainer INFO     Progress: 96%, Train Perplexity: 1.0013
2018-01-25 14:19:40,099 seq2seq.trainer.supervised_trainer INFO     Progress: 96%, Train Perplexity: 1.0000
2018-01-25 14:19:41,336 seq2seq.trainer.supervised_trainer INFO     Progress: 97%, Train Perplexity: 1.0000
2018-01-25 14:19:42,743 seq2seq.trainer.supervised_trainer INFO     Progress: 97%, Train Perplexity: 1.0000
2018-01-25 14:19:44,071 seq2seq.trainer.supervised_trainer INFO     Progress: 97%, Train Perplexity: 1.0000
2018-01-25 14:19:47,960 seq2seq.trainer.supervised_trainer INFO     Progress: 97%, Train Perplexity: 1.0000
2018-01-25 14:19:49,126 seq2seq.trainer.supervised_trainer INFO     Progress: 97%, Train Perplexity: 1.0000
2018-01-25 14:19:50,238 seq2seq.trainer.supervised_trainer INFO     Progress: 97%, Train Perplexity: 1.0000
2018-01-25 14:19:51,638 seq2seq.trainer.supervised_trainer INFO     Progress: 97%, Train Perplexity: 1.0000
2018-01-25 14:19:54,745 seq2seq.trainer.supervised_trainer INFO     Finished epoch 49: Train Perplexity: 1.0004, Dev Perplexity: 13.2105, Accuracy: 0.7238, Sequence Accuracy: 0.1467
2018-01-25 14:19:55,910 seq2seq.trainer.supervised_trainer INFO     Progress: 98%, Train Perplexity: 1.0034
2018-01-25 14:19:57,273 seq2seq.trainer.supervised_trainer INFO     Progress: 98%, Train Perplexity: 1.0004
2018-01-25 14:19:58,535 seq2seq.trainer.supervised_trainer INFO     Progress: 98%, Train Perplexity: 1.0006
2018-01-25 14:20:02,177 seq2seq.trainer.supervised_trainer INFO     Progress: 98%, Train Perplexity: 1.0002
2018-01-25 14:20:03,633 seq2seq.trainer.supervised_trainer INFO     Progress: 98%, Train Perplexity: 1.0066
2018-01-25 14:20:04,805 seq2seq.trainer.supervised_trainer INFO     Progress: 98%, Train Perplexity: 1.0021
2018-01-25 14:20:06,118 seq2seq.trainer.supervised_trainer INFO     Progress: 98%, Train Perplexity: 1.0084
2018-01-25 14:20:07,395 seq2seq.trainer.supervised_trainer INFO     Progress: 99%, Train Perplexity: 1.0009
2018-01-25 14:20:08,862 seq2seq.trainer.supervised_trainer INFO     Progress: 99%, Train Perplexity: 1.0032
2018-01-25 14:20:12,563 seq2seq.trainer.supervised_trainer INFO     Progress: 99%, Train Perplexity: 1.0000
2018-01-25 14:20:13,944 seq2seq.trainer.supervised_trainer INFO     Progress: 99%, Train Perplexity: 1.0000
2018-01-25 14:20:15,334 seq2seq.trainer.supervised_trainer INFO     Progress: 99%, Train Perplexity: 1.0000
2018-01-25 14:20:16,723 seq2seq.trainer.supervised_trainer INFO     Progress: 99%, Train Perplexity: 1.0000
2018-01-25 14:20:18,115 seq2seq.trainer.supervised_trainer INFO     Progress: 99%, Train Perplexity: 1.0000
2018-01-25 14:20:19,342 seq2seq.trainer.supervised_trainer INFO     Progress: 100%, Train Perplexity: 1.0002
2018-01-25 14:20:24,315 seq2seq.trainer.supervised_trainer INFO     Finished epoch 50: Train Perplexity: 1.0018, Dev Perplexity: 14.7701, Accuracy: 0.7154, Sequence Accuracy: 0.1446
end of job
