start of job
Train model on example data
2018-01-25 15:50:21,585 root         INFO     Namespace(attention=False, batch_size=128, bidirectional=False, cuda_device=0, dev='data/CLEANED-SCAN/length_split/experiment4c_output_interleaved_short_to_long_equally_distributed/tasks_test.txt', dropout_p_decoder=0.5, dropout_p_encoder=0.5, embedding_size=200, epochs=50, hidden_size=200, load_checkpoint=None, log_level='info', lr=0.001, max_len=50, n_layers=2, optim='adam', output_dir='checkpoints_experiment_4c_all_shuffled', print_every=20, resume=False, rnn_cell='lstm', save_every=133, src_vocab=50000, teacher_forcing_ratio=0.5, tgt_vocab=50000, train='data/CLEANED-SCAN/length_split/experiment4c_output_interleaved_short_to_long_equally_distributed/output_all_shuffled.txt')
2018-01-25 15:50:26,373 seq2seq.trainer.supervised_trainer INFO     Optimizer: <torch.optim.adam.Adam object at 0x2baa1b8ea6d0>, Scheduler: None
Cuda device set to 0
2018-01-25 15:50:33,541 seq2seq.trainer.supervised_trainer INFO     Progress: 0%, Train Perplexity: 14.3244
2018-01-25 15:50:35,071 seq2seq.trainer.supervised_trainer INFO     Progress: 0%, Train Perplexity: 6.3236
2018-01-25 15:50:36,684 seq2seq.trainer.supervised_trainer INFO     Progress: 0%, Train Perplexity: 5.6087
2018-01-25 15:50:38,358 seq2seq.trainer.supervised_trainer INFO     Progress: 0%, Train Perplexity: 5.1111
2018-01-25 15:50:40,171 seq2seq.trainer.supervised_trainer INFO     Progress: 0%, Train Perplexity: 5.0609
2018-01-25 15:50:44,864 seq2seq.trainer.supervised_trainer INFO     Progress: 0%, Train Perplexity: 4.7169
2018-01-25 15:50:46,428 seq2seq.trainer.supervised_trainer INFO     Progress: 1%, Train Perplexity: 4.1908
2018-01-25 15:50:48,395 seq2seq.trainer.supervised_trainer INFO     Progress: 1%, Train Perplexity: 3.8411
2018-01-25 15:50:50,105 seq2seq.trainer.supervised_trainer INFO     Progress: 1%, Train Perplexity: 3.1579
2018-01-25 15:50:51,656 seq2seq.trainer.supervised_trainer INFO     Progress: 1%, Train Perplexity: 2.7227
2018-01-25 15:50:53,722 seq2seq.trainer.supervised_trainer INFO     Progress: 1%, Train Perplexity: 2.6258
2018-01-25 15:50:55,650 seq2seq.trainer.supervised_trainer INFO     Progress: 1%, Train Perplexity: 2.4197
2018-01-25 15:51:00,065 seq2seq.trainer.supervised_trainer INFO     Progress: 1%, Train Perplexity: 2.1729
2018-01-25 15:51:03,406 seq2seq.trainer.supervised_trainer INFO     Finished epoch 1: Train Perplexity: 4.4201, Dev Perplexity: 2.6065, Accuracy: 0.6457, Sequence Accuracy: 0.0066
2018-01-25 15:51:04,751 seq2seq.trainer.supervised_trainer INFO     Progress: 2%, Train Perplexity: 2.3408
2018-01-25 15:51:06,365 seq2seq.trainer.supervised_trainer INFO     Progress: 2%, Train Perplexity: 2.1538
2018-01-25 15:51:08,029 seq2seq.trainer.supervised_trainer INFO     Progress: 2%, Train Perplexity: 2.0437
2018-01-25 15:51:09,472 seq2seq.trainer.supervised_trainer INFO     Progress: 2%, Train Perplexity: 1.8362
2018-01-25 15:51:11,450 seq2seq.trainer.supervised_trainer INFO     Progress: 2%, Train Perplexity: 2.0133
2018-01-25 15:51:16,369 seq2seq.trainer.supervised_trainer INFO     Progress: 2%, Train Perplexity: 1.9399
2018-01-25 15:51:17,979 seq2seq.trainer.supervised_trainer INFO     Progress: 2%, Train Perplexity: 1.7847
2018-01-25 15:51:19,752 seq2seq.trainer.supervised_trainer INFO     Progress: 3%, Train Perplexity: 1.8108
2018-01-25 15:51:21,845 seq2seq.trainer.supervised_trainer INFO     Progress: 3%, Train Perplexity: 1.7109
2018-01-25 15:51:23,148 seq2seq.trainer.supervised_trainer INFO     Progress: 3%, Train Perplexity: 1.5607
2018-01-25 15:51:24,709 seq2seq.trainer.supervised_trainer INFO     Progress: 3%, Train Perplexity: 1.5470
2018-01-25 15:51:26,593 seq2seq.trainer.supervised_trainer INFO     Progress: 3%, Train Perplexity: 1.6405
2018-01-25 15:51:31,439 seq2seq.trainer.supervised_trainer INFO     Progress: 3%, Train Perplexity: 1.5359
2018-01-25 15:51:33,069 seq2seq.trainer.supervised_trainer INFO     Progress: 3%, Train Perplexity: 1.4961
2018-01-25 15:51:36,900 seq2seq.trainer.supervised_trainer INFO     Finished epoch 2: Train Perplexity: 1.8003, Dev Perplexity: 1.6672, Accuracy: 0.7958, Sequence Accuracy: 0.1296
2018-01-25 15:51:38,081 seq2seq.trainer.supervised_trainer INFO     Progress: 4%, Train Perplexity: 1.5490
2018-01-25 15:51:39,700 seq2seq.trainer.supervised_trainer INFO     Progress: 4%, Train Perplexity: 1.4414
2018-01-25 15:51:41,346 seq2seq.trainer.supervised_trainer INFO     Progress: 4%, Train Perplexity: 1.4133
2018-01-25 15:51:42,976 seq2seq.trainer.supervised_trainer INFO     Progress: 4%, Train Perplexity: 1.3721
2018-01-25 15:51:44,688 seq2seq.trainer.supervised_trainer INFO     Progress: 4%, Train Perplexity: 1.3786
2018-01-25 15:51:49,485 seq2seq.trainer.supervised_trainer INFO     Progress: 4%, Train Perplexity: 1.2815
2018-01-25 15:51:51,371 seq2seq.trainer.supervised_trainer INFO     Progress: 4%, Train Perplexity: 1.2466
2018-01-25 15:51:53,118 seq2seq.trainer.supervised_trainer INFO     Progress: 5%, Train Perplexity: 1.2727
2018-01-25 15:51:54,637 seq2seq.trainer.supervised_trainer INFO     Progress: 5%, Train Perplexity: 1.2812
2018-01-25 15:51:56,222 seq2seq.trainer.supervised_trainer INFO     Progress: 5%, Train Perplexity: 1.2986
2018-01-25 15:51:57,782 seq2seq.trainer.supervised_trainer INFO     Progress: 5%, Train Perplexity: 1.2632
2018-01-25 15:52:02,184 seq2seq.trainer.supervised_trainer INFO     Progress: 5%, Train Perplexity: 1.2288
2018-01-25 15:52:04,186 seq2seq.trainer.supervised_trainer INFO     Progress: 5%, Train Perplexity: 1.2437
2018-01-25 15:52:05,622 seq2seq.trainer.supervised_trainer INFO     Progress: 5%, Train Perplexity: 1.2074
2018-01-25 15:52:09,598 seq2seq.trainer.supervised_trainer INFO     Finished epoch 3: Train Perplexity: 1.3084, Dev Perplexity: 1.6064, Accuracy: 0.8306, Sequence Accuracy: 0.2069
2018-01-25 15:52:10,426 seq2seq.trainer.supervised_trainer INFO     Progress: 6%, Train Perplexity: 1.2728
2018-01-25 15:52:11,995 seq2seq.trainer.supervised_trainer INFO     Progress: 6%, Train Perplexity: 1.2467
2018-01-25 15:52:13,901 seq2seq.trainer.supervised_trainer INFO     Progress: 6%, Train Perplexity: 1.3232
2018-01-25 15:52:15,643 seq2seq.trainer.supervised_trainer INFO     Progress: 6%, Train Perplexity: 1.2272
2018-01-25 15:52:20,447 seq2seq.trainer.supervised_trainer INFO     Progress: 6%, Train Perplexity: 1.1944
2018-01-25 15:52:22,248 seq2seq.trainer.supervised_trainer INFO     Progress: 6%, Train Perplexity: 1.1957
2018-01-25 15:52:23,661 seq2seq.trainer.supervised_trainer INFO     Progress: 6%, Train Perplexity: 1.1359
2018-01-25 15:52:25,661 seq2seq.trainer.supervised_trainer INFO     Progress: 7%, Train Perplexity: 1.1840
2018-01-25 15:52:27,098 seq2seq.trainer.supervised_trainer INFO     Progress: 7%, Train Perplexity: 1.1736
2018-01-25 15:52:28,940 seq2seq.trainer.supervised_trainer INFO     Progress: 7%, Train Perplexity: 1.2247
2018-01-25 15:52:30,186 seq2seq.trainer.supervised_trainer INFO     Progress: 7%, Train Perplexity: 1.1088
2018-01-25 15:52:34,972 seq2seq.trainer.supervised_trainer INFO     Progress: 7%, Train Perplexity: 1.1292
2018-01-25 15:52:36,624 seq2seq.trainer.supervised_trainer INFO     Progress: 7%, Train Perplexity: 1.1404
2018-01-25 15:52:38,203 seq2seq.trainer.supervised_trainer INFO     Progress: 7%, Train Perplexity: 1.1155
2018-01-25 15:52:42,427 seq2seq.trainer.supervised_trainer INFO     Finished epoch 4: Train Perplexity: 1.1838, Dev Perplexity: 1.5605, Accuracy: 0.8611, Sequence Accuracy: 0.4782
2018-01-25 15:52:42,879 seq2seq.trainer.supervised_trainer INFO     Progress: 8%, Train Perplexity: 1.1324
2018-01-25 15:52:44,568 seq2seq.trainer.supervised_trainer INFO     Progress: 8%, Train Perplexity: 1.1679
2018-01-25 15:52:45,738 seq2seq.trainer.supervised_trainer INFO     Progress: 8%, Train Perplexity: 1.1061
2018-01-25 15:52:50,571 seq2seq.trainer.supervised_trainer INFO     Progress: 8%, Train Perplexity: 1.2323
2018-01-25 15:52:52,461 seq2seq.trainer.supervised_trainer INFO     Progress: 8%, Train Perplexity: 1.1135
2018-01-25 15:52:54,437 seq2seq.trainer.supervised_trainer INFO     Progress: 8%, Train Perplexity: 1.1204
2018-01-25 15:52:55,834 seq2seq.trainer.supervised_trainer INFO     Progress: 8%, Train Perplexity: 1.0931
2018-01-25 15:52:57,400 seq2seq.trainer.supervised_trainer INFO     Progress: 9%, Train Perplexity: 1.0654
2018-01-25 15:52:59,186 seq2seq.trainer.supervised_trainer INFO     Progress: 9%, Train Perplexity: 1.1257
2018-01-25 15:53:00,804 seq2seq.trainer.supervised_trainer INFO     Progress: 9%, Train Perplexity: 1.1002
2018-01-25 15:53:05,708 seq2seq.trainer.supervised_trainer INFO     Progress: 9%, Train Perplexity: 1.0719
2018-01-25 15:53:07,404 seq2seq.trainer.supervised_trainer INFO     Progress: 9%, Train Perplexity: 1.0854
2018-01-25 15:53:09,013 seq2seq.trainer.supervised_trainer INFO     Progress: 9%, Train Perplexity: 1.0827
2018-01-25 15:53:10,553 seq2seq.trainer.supervised_trainer INFO     Progress: 9%, Train Perplexity: 1.0822
2018-01-25 15:53:12,579 seq2seq.trainer.supervised_trainer INFO     Progress: 10%, Train Perplexity: 1.0760
2018-01-25 15:53:15,482 seq2seq.trainer.supervised_trainer INFO     Finished epoch 5: Train Perplexity: 1.1111, Dev Perplexity: 1.3462, Accuracy: 0.9185, Sequence Accuracy: 0.7107
2018-01-25 15:53:17,188 seq2seq.trainer.supervised_trainer INFO     Progress: 10%, Train Perplexity: 1.1171
2018-01-25 15:53:18,900 seq2seq.trainer.supervised_trainer INFO     Progress: 10%, Train Perplexity: 1.2013
2018-01-25 15:53:23,504 seq2seq.trainer.supervised_trainer INFO     Progress: 10%, Train Perplexity: 1.0922
2018-01-25 15:53:25,358 seq2seq.trainer.supervised_trainer INFO     Progress: 10%, Train Perplexity: 1.0703
2018-01-25 15:53:26,850 seq2seq.trainer.supervised_trainer INFO     Progress: 10%, Train Perplexity: 1.0582
2018-01-25 15:53:28,519 seq2seq.trainer.supervised_trainer INFO     Progress: 10%, Train Perplexity: 1.0523
2018-01-25 15:53:30,448 seq2seq.trainer.supervised_trainer INFO     Progress: 10%, Train Perplexity: 1.0665
2018-01-25 15:53:31,870 seq2seq.trainer.supervised_trainer INFO     Progress: 11%, Train Perplexity: 1.0534
2018-01-25 15:53:36,452 seq2seq.trainer.supervised_trainer INFO     Progress: 11%, Train Perplexity: 1.0647
2018-01-25 15:53:37,705 seq2seq.trainer.supervised_trainer INFO     Progress: 11%, Train Perplexity: 1.0452
2018-01-25 15:53:39,070 seq2seq.trainer.supervised_trainer INFO     Progress: 11%, Train Perplexity: 1.0871
2018-01-25 15:53:40,553 seq2seq.trainer.supervised_trainer INFO     Progress: 11%, Train Perplexity: 1.0462
2018-01-25 15:53:42,508 seq2seq.trainer.supervised_trainer INFO     Progress: 11%, Train Perplexity: 1.0490
2018-01-25 15:53:44,206 seq2seq.trainer.supervised_trainer INFO     Progress: 11%, Train Perplexity: 1.0506
2018-01-25 15:53:47,378 seq2seq.trainer.supervised_trainer INFO     Finished epoch 6: Train Perplexity: 1.0746, Dev Perplexity: 1.2658, Accuracy: 0.9393, Sequence Accuracy: 0.7391
2018-01-25 15:53:48,932 seq2seq.trainer.supervised_trainer INFO     Progress: 12%, Train Perplexity: 1.1091
2018-01-25 15:53:53,619 seq2seq.trainer.supervised_trainer INFO     Progress: 12%, Train Perplexity: 1.0481
2018-01-25 15:53:55,340 seq2seq.trainer.supervised_trainer INFO     Progress: 12%, Train Perplexity: 1.0688
2018-01-25 15:53:56,961 seq2seq.trainer.supervised_trainer INFO     Progress: 12%, Train Perplexity: 1.0477
2018-01-25 15:53:58,584 seq2seq.trainer.supervised_trainer INFO     Progress: 12%, Train Perplexity: 1.0356
2018-01-25 15:54:00,275 seq2seq.trainer.supervised_trainer INFO     Progress: 12%, Train Perplexity: 1.0246
2018-01-25 15:54:01,812 seq2seq.trainer.supervised_trainer INFO     Progress: 12%, Train Perplexity: 1.0741
2018-01-25 15:54:03,444 seq2seq.trainer.supervised_trainer INFO     Progress: 13%, Train Perplexity: 1.0471
2018-01-25 15:54:08,336 seq2seq.trainer.supervised_trainer INFO     Progress: 13%, Train Perplexity: 1.0301
2018-01-25 15:54:10,038 seq2seq.trainer.supervised_trainer INFO     Progress: 13%, Train Perplexity: 1.0655
2018-01-25 15:54:11,439 seq2seq.trainer.supervised_trainer INFO     Progress: 13%, Train Perplexity: 1.0552
2018-01-25 15:54:12,945 seq2seq.trainer.supervised_trainer INFO     Progress: 13%, Train Perplexity: 1.0288
2018-01-25 15:54:14,540 seq2seq.trainer.supervised_trainer INFO     Progress: 13%, Train Perplexity: 1.0479
2018-01-25 15:54:16,214 seq2seq.trainer.supervised_trainer INFO     Progress: 13%, Train Perplexity: 1.0530
2018-01-25 15:54:19,747 seq2seq.trainer.supervised_trainer INFO     Finished epoch 7: Train Perplexity: 1.0520, Dev Perplexity: 1.4594, Accuracy: 0.9165, Sequence Accuracy: 0.6595
2018-01-25 15:54:23,959 seq2seq.trainer.supervised_trainer INFO     Progress: 14%, Train Perplexity: 1.0745
2018-01-25 15:54:25,661 seq2seq.trainer.supervised_trainer INFO     Progress: 14%, Train Perplexity: 1.1357
2018-01-25 15:54:27,155 seq2seq.trainer.supervised_trainer INFO     Progress: 14%, Train Perplexity: 1.0317
2018-01-25 15:54:28,678 seq2seq.trainer.supervised_trainer INFO     Progress: 14%, Train Perplexity: 1.0253
2018-01-25 15:54:30,298 seq2seq.trainer.supervised_trainer INFO     Progress: 14%, Train Perplexity: 1.0878
2018-01-25 15:54:32,163 seq2seq.trainer.supervised_trainer INFO     Progress: 14%, Train Perplexity: 1.0577
2018-01-25 15:54:33,851 seq2seq.trainer.supervised_trainer INFO     Progress: 14%, Train Perplexity: 1.0612
2018-01-25 15:54:38,898 seq2seq.trainer.supervised_trainer INFO     Progress: 15%, Train Perplexity: 1.0321
2018-01-25 15:54:40,709 seq2seq.trainer.supervised_trainer INFO     Progress: 15%, Train Perplexity: 1.0400
2018-01-25 15:54:42,431 seq2seq.trainer.supervised_trainer INFO     Progress: 15%, Train Perplexity: 1.0782
2018-01-25 15:54:44,034 seq2seq.trainer.supervised_trainer INFO     Progress: 15%, Train Perplexity: 1.0504
2018-01-25 15:54:45,668 seq2seq.trainer.supervised_trainer INFO     Progress: 15%, Train Perplexity: 1.0409
2018-01-25 15:54:47,449 seq2seq.trainer.supervised_trainer INFO     Progress: 15%, Train Perplexity: 1.0290
2018-01-25 15:54:49,380 seq2seq.trainer.supervised_trainer INFO     Progress: 15%, Train Perplexity: 1.0396
2018-01-25 15:54:56,377 seq2seq.trainer.supervised_trainer INFO     Finished epoch 8: Train Perplexity: 1.0564, Dev Perplexity: 1.2771, Accuracy: 0.9425, Sequence Accuracy: 0.7386
2018-01-25 15:54:57,134 seq2seq.trainer.supervised_trainer INFO     Progress: 16%, Train Perplexity: 1.0616
2018-01-25 15:54:58,867 seq2seq.trainer.supervised_trainer INFO     Progress: 16%, Train Perplexity: 1.0741
2018-01-25 15:55:00,576 seq2seq.trainer.supervised_trainer INFO     Progress: 16%, Train Perplexity: 1.0677
2018-01-25 15:55:02,384 seq2seq.trainer.supervised_trainer INFO     Progress: 16%, Train Perplexity: 1.1011
2018-01-25 15:55:04,150 seq2seq.trainer.supervised_trainer INFO     Progress: 16%, Train Perplexity: 1.0559
2018-01-25 15:55:05,761 seq2seq.trainer.supervised_trainer INFO     Progress: 16%, Train Perplexity: 1.0675
2018-01-25 15:55:10,200 seq2seq.trainer.supervised_trainer INFO     Progress: 16%, Train Perplexity: 1.0577
2018-01-25 15:55:12,063 seq2seq.trainer.supervised_trainer INFO     Progress: 17%, Train Perplexity: 1.0790
2018-01-25 15:55:13,980 seq2seq.trainer.supervised_trainer INFO     Progress: 17%, Train Perplexity: 1.0155
2018-01-25 15:55:15,581 seq2seq.trainer.supervised_trainer INFO     Progress: 17%, Train Perplexity: 1.0146
2018-01-25 15:55:17,235 seq2seq.trainer.supervised_trainer INFO     Progress: 17%, Train Perplexity: 1.0489
2018-01-25 15:55:18,721 seq2seq.trainer.supervised_trainer INFO     Progress: 17%, Train Perplexity: 1.0347
2018-01-25 15:55:20,258 seq2seq.trainer.supervised_trainer INFO     Progress: 17%, Train Perplexity: 1.0281
2018-01-25 15:55:25,100 seq2seq.trainer.supervised_trainer INFO     Progress: 17%, Train Perplexity: 1.0377
2018-01-25 15:55:29,042 seq2seq.trainer.supervised_trainer INFO     Finished epoch 9: Train Perplexity: 1.0514, Dev Perplexity: 1.2039, Accuracy: 0.9622, Sequence Accuracy: 0.8106
2018-01-25 15:55:29,558 seq2seq.trainer.supervised_trainer INFO     Progress: 18%, Train Perplexity: 1.0159
2018-01-25 15:55:31,269 seq2seq.trainer.supervised_trainer INFO     Progress: 18%, Train Perplexity: 1.0459
2018-01-25 15:55:33,110 seq2seq.trainer.supervised_trainer INFO     Progress: 18%, Train Perplexity: 1.0517
2018-01-25 15:55:35,067 seq2seq.trainer.supervised_trainer INFO     Progress: 18%, Train Perplexity: 1.0781
2018-01-25 15:55:36,650 seq2seq.trainer.supervised_trainer INFO     Progress: 18%, Train Perplexity: 1.0365
2018-01-25 15:55:38,461 seq2seq.trainer.supervised_trainer INFO     Progress: 18%, Train Perplexity: 1.0646
2018-01-25 15:55:43,136 seq2seq.trainer.supervised_trainer INFO     Progress: 18%, Train Perplexity: 1.0624
2018-01-25 15:55:44,629 seq2seq.trainer.supervised_trainer INFO     Progress: 19%, Train Perplexity: 1.0263
2018-01-25 15:55:46,124 seq2seq.trainer.supervised_trainer INFO     Progress: 19%, Train Perplexity: 1.0296
2018-01-25 15:55:48,057 seq2seq.trainer.supervised_trainer INFO     Progress: 19%, Train Perplexity: 1.0573
2018-01-25 15:55:49,593 seq2seq.trainer.supervised_trainer INFO     Progress: 19%, Train Perplexity: 1.0406
2018-01-25 15:55:51,208 seq2seq.trainer.supervised_trainer INFO     Progress: 19%, Train Perplexity: 1.0154
2018-01-25 15:55:55,691 seq2seq.trainer.supervised_trainer INFO     Progress: 19%, Train Perplexity: 1.0092
2018-01-25 15:55:57,227 seq2seq.trainer.supervised_trainer INFO     Progress: 19%, Train Perplexity: 1.0095
2018-01-25 15:55:59,096 seq2seq.trainer.supervised_trainer INFO     Progress: 20%, Train Perplexity: 1.0325
2018-01-25 15:56:01,995 seq2seq.trainer.supervised_trainer INFO     Finished epoch 10: Train Perplexity: 1.0397, Dev Perplexity: 1.3105, Accuracy: 0.9441, Sequence Accuracy: 0.7425
2018-01-25 15:56:03,948 seq2seq.trainer.supervised_trainer INFO     Progress: 20%, Train Perplexity: 1.0785
2018-01-25 15:56:05,401 seq2seq.trainer.supervised_trainer INFO     Progress: 20%, Train Perplexity: 1.0362
2018-01-25 15:56:07,250 seq2seq.trainer.supervised_trainer INFO     Progress: 20%, Train Perplexity: 1.0372
2018-01-25 15:56:09,337 seq2seq.trainer.supervised_trainer INFO     Progress: 20%, Train Perplexity: 1.0293
2018-01-25 15:56:13,974 seq2seq.trainer.supervised_trainer INFO     Progress: 20%, Train Perplexity: 1.0301
2018-01-25 15:56:15,829 seq2seq.trainer.supervised_trainer INFO     Progress: 20%, Train Perplexity: 1.0231
2018-01-25 15:56:17,612 seq2seq.trainer.supervised_trainer INFO     Progress: 20%, Train Perplexity: 1.0427
2018-01-25 15:56:19,140 seq2seq.trainer.supervised_trainer INFO     Progress: 21%, Train Perplexity: 1.0790
2018-01-25 15:56:20,729 seq2seq.trainer.supervised_trainer INFO     Progress: 21%, Train Perplexity: 1.0146
2018-01-25 15:56:22,843 seq2seq.trainer.supervised_trainer INFO     Progress: 21%, Train Perplexity: 1.0152
2018-01-25 15:56:27,502 seq2seq.trainer.supervised_trainer INFO     Progress: 21%, Train Perplexity: 1.0145
2018-01-25 15:56:29,340 seq2seq.trainer.supervised_trainer INFO     Progress: 21%, Train Perplexity: 1.0364
2018-01-25 15:56:31,078 seq2seq.trainer.supervised_trainer INFO     Progress: 21%, Train Perplexity: 1.0087
2018-01-25 15:56:32,833 seq2seq.trainer.supervised_trainer INFO     Progress: 21%, Train Perplexity: 1.0281
2018-01-25 15:56:36,093 seq2seq.trainer.supervised_trainer INFO     Finished epoch 11: Train Perplexity: 1.0336, Dev Perplexity: 1.2431, Accuracy: 0.9551, Sequence Accuracy: 0.8099
2018-01-25 15:56:37,451 seq2seq.trainer.supervised_trainer INFO     Progress: 22%, Train Perplexity: 1.0288
2018-01-25 15:56:39,407 seq2seq.trainer.supervised_trainer INFO     Progress: 22%, Train Perplexity: 1.0798
2018-01-25 15:56:41,001 seq2seq.trainer.supervised_trainer INFO     Progress: 22%, Train Perplexity: 1.0342
2018-01-25 15:56:45,701 seq2seq.trainer.supervised_trainer INFO     Progress: 22%, Train Perplexity: 1.0187
2018-01-25 15:56:47,409 seq2seq.trainer.supervised_trainer INFO     Progress: 22%, Train Perplexity: 1.0146
2018-01-25 15:56:49,043 seq2seq.trainer.supervised_trainer INFO     Progress: 22%, Train Perplexity: 1.0198
2018-01-25 15:56:50,437 seq2seq.trainer.supervised_trainer INFO     Progress: 22%, Train Perplexity: 1.0164
2018-01-25 15:56:51,932 seq2seq.trainer.supervised_trainer INFO     Progress: 23%, Train Perplexity: 1.0089
2018-01-25 15:56:53,600 seq2seq.trainer.supervised_trainer INFO     Progress: 23%, Train Perplexity: 1.0094
2018-01-25 15:56:55,497 seq2seq.trainer.supervised_trainer INFO     Progress: 23%, Train Perplexity: 1.0134
2018-01-25 15:57:00,061 seq2seq.trainer.supervised_trainer INFO     Progress: 23%, Train Perplexity: 1.0167
2018-01-25 15:57:01,593 seq2seq.trainer.supervised_trainer INFO     Progress: 23%, Train Perplexity: 1.0097
2018-01-25 15:57:03,066 seq2seq.trainer.supervised_trainer INFO     Progress: 23%, Train Perplexity: 1.0129
2018-01-25 15:57:04,478 seq2seq.trainer.supervised_trainer INFO     Progress: 23%, Train Perplexity: 1.0173
2018-01-25 15:57:08,184 seq2seq.trainer.supervised_trainer INFO     Finished epoch 12: Train Perplexity: 1.0211, Dev Perplexity: 1.2296, Accuracy: 0.9612, Sequence Accuracy: 0.8128
2018-01-25 15:57:09,394 seq2seq.trainer.supervised_trainer INFO     Progress: 24%, Train Perplexity: 1.0167
2018-01-25 15:57:11,198 seq2seq.trainer.supervised_trainer INFO     Progress: 24%, Train Perplexity: 1.0316
2018-01-25 15:57:16,035 seq2seq.trainer.supervised_trainer INFO     Progress: 24%, Train Perplexity: 1.0212
2018-01-25 15:57:17,833 seq2seq.trainer.supervised_trainer INFO     Progress: 24%, Train Perplexity: 1.0171
2018-01-25 15:57:19,497 seq2seq.trainer.supervised_trainer INFO     Progress: 24%, Train Perplexity: 1.0271
2018-01-25 15:57:21,099 seq2seq.trainer.supervised_trainer INFO     Progress: 24%, Train Perplexity: 1.0305
2018-01-25 15:57:22,761 seq2seq.trainer.supervised_trainer INFO     Progress: 24%, Train Perplexity: 1.0381
2018-01-25 15:57:24,599 seq2seq.trainer.supervised_trainer INFO     Progress: 25%, Train Perplexity: 1.0180
2018-01-25 15:57:26,272 seq2seq.trainer.supervised_trainer INFO     Progress: 25%, Train Perplexity: 1.0091
2018-01-25 15:57:31,093 seq2seq.trainer.supervised_trainer INFO     Progress: 25%, Train Perplexity: 1.0215
2018-01-25 15:57:32,805 seq2seq.trainer.supervised_trainer INFO     Progress: 25%, Train Perplexity: 1.0209
2018-01-25 15:57:34,307 seq2seq.trainer.supervised_trainer INFO     Progress: 25%, Train Perplexity: 1.0156
2018-01-25 15:57:35,935 seq2seq.trainer.supervised_trainer INFO     Progress: 25%, Train Perplexity: 1.0245
2018-01-25 15:57:37,656 seq2seq.trainer.supervised_trainer INFO     Progress: 25%, Train Perplexity: 1.0195
2018-01-25 15:57:41,433 seq2seq.trainer.supervised_trainer INFO     Finished epoch 13: Train Perplexity: 1.0219, Dev Perplexity: 1.1823, Accuracy: 0.9676, Sequence Accuracy: 0.8358
2018-01-25 15:57:42,109 seq2seq.trainer.supervised_trainer INFO     Progress: 26%, Train Perplexity: 1.0075
2018-01-25 15:57:43,961 seq2seq.trainer.supervised_trainer INFO     Progress: 26%, Train Perplexity: 1.0242
2018-01-25 15:57:48,561 seq2seq.trainer.supervised_trainer INFO     Progress: 26%, Train Perplexity: 1.0106
2018-01-25 15:57:49,949 seq2seq.trainer.supervised_trainer INFO     Progress: 26%, Train Perplexity: 1.0160
2018-01-25 15:57:51,461 seq2seq.trainer.supervised_trainer INFO     Progress: 26%, Train Perplexity: 1.0118
2018-01-25 15:57:53,040 seq2seq.trainer.supervised_trainer INFO     Progress: 26%, Train Perplexity: 1.0280
2018-01-25 15:57:54,653 seq2seq.trainer.supervised_trainer INFO     Progress: 26%, Train Perplexity: 1.0124
2018-01-25 15:57:56,305 seq2seq.trainer.supervised_trainer INFO     Progress: 27%, Train Perplexity: 1.0070
2018-01-25 15:58:01,259 seq2seq.trainer.supervised_trainer INFO     Progress: 27%, Train Perplexity: 1.0118
2018-01-25 15:58:02,721 seq2seq.trainer.supervised_trainer INFO     Progress: 27%, Train Perplexity: 1.0085
2018-01-25 15:58:04,397 seq2seq.trainer.supervised_trainer INFO     Progress: 27%, Train Perplexity: 1.0251
2018-01-25 15:58:05,989 seq2seq.trainer.supervised_trainer INFO     Progress: 27%, Train Perplexity: 1.0150
2018-01-25 15:58:07,680 seq2seq.trainer.supervised_trainer INFO     Progress: 27%, Train Perplexity: 1.0151
2018-01-25 15:58:09,363 seq2seq.trainer.supervised_trainer INFO     Progress: 27%, Train Perplexity: 1.0278
2018-01-25 15:58:13,491 seq2seq.trainer.supervised_trainer INFO     Finished epoch 14: Train Perplexity: 1.0160, Dev Perplexity: 1.3449, Accuracy: 0.9458, Sequence Accuracy: 0.7727
2018-01-25 15:58:13,782 seq2seq.trainer.supervised_trainer INFO     Progress: 28%, Train Perplexity: 1.0160
2018-01-25 15:58:18,588 seq2seq.trainer.supervised_trainer INFO     Progress: 28%, Train Perplexity: 1.0180
2018-01-25 15:58:20,370 seq2seq.trainer.supervised_trainer INFO     Progress: 28%, Train Perplexity: 1.0208
2018-01-25 15:58:22,237 seq2seq.trainer.supervised_trainer INFO     Progress: 28%, Train Perplexity: 1.0056
2018-01-25 15:58:23,883 seq2seq.trainer.supervised_trainer INFO     Progress: 28%, Train Perplexity: 1.0048
2018-01-25 15:58:25,601 seq2seq.trainer.supervised_trainer INFO     Progress: 28%, Train Perplexity: 1.0093
2018-01-25 15:58:27,118 seq2seq.trainer.supervised_trainer INFO     Progress: 28%, Train Perplexity: 1.0095
2018-01-25 15:58:29,047 seq2seq.trainer.supervised_trainer INFO     Progress: 29%, Train Perplexity: 1.0091
2018-01-25 15:58:34,208 seq2seq.trainer.supervised_trainer INFO     Progress: 29%, Train Perplexity: 1.0292
2018-01-25 15:58:35,878 seq2seq.trainer.supervised_trainer INFO     Progress: 29%, Train Perplexity: 1.0253
2018-01-25 15:58:37,558 seq2seq.trainer.supervised_trainer INFO     Progress: 29%, Train Perplexity: 1.0056
2018-01-25 15:58:39,390 seq2seq.trainer.supervised_trainer INFO     Progress: 29%, Train Perplexity: 1.0023
2018-01-25 15:58:40,974 seq2seq.trainer.supervised_trainer INFO     Progress: 29%, Train Perplexity: 1.0027
2018-01-25 15:58:42,441 seq2seq.trainer.supervised_trainer INFO     Progress: 29%, Train Perplexity: 1.0042
2018-01-25 15:58:47,090 seq2seq.trainer.supervised_trainer INFO     Progress: 30%, Train Perplexity: 1.0156
2018-01-25 15:58:49,990 seq2seq.trainer.supervised_trainer INFO     Finished epoch 15: Train Perplexity: 1.0120, Dev Perplexity: 1.2454, Accuracy: 0.9598, Sequence Accuracy: 0.8294
2018-01-25 15:58:51,869 seq2seq.trainer.supervised_trainer INFO     Progress: 30%, Train Perplexity: 1.0277
2018-01-25 15:58:53,566 seq2seq.trainer.supervised_trainer INFO     Progress: 30%, Train Perplexity: 1.0324
2018-01-25 15:58:55,366 seq2seq.trainer.supervised_trainer INFO     Progress: 30%, Train Perplexity: 1.0276
2018-01-25 15:58:57,276 seq2seq.trainer.supervised_trainer INFO     Progress: 30%, Train Perplexity: 1.0306
2018-01-25 15:58:59,275 seq2seq.trainer.supervised_trainer INFO     Progress: 30%, Train Perplexity: 1.0243
2018-01-25 15:59:00,936 seq2seq.trainer.supervised_trainer INFO     Progress: 30%, Train Perplexity: 1.0219
2018-01-25 15:59:05,877 seq2seq.trainer.supervised_trainer INFO     Progress: 30%, Train Perplexity: 1.0058
2018-01-25 15:59:07,417 seq2seq.trainer.supervised_trainer INFO     Progress: 31%, Train Perplexity: 1.0082
2018-01-25 15:59:09,081 seq2seq.trainer.supervised_trainer INFO     Progress: 31%, Train Perplexity: 1.0075
2018-01-25 15:59:10,637 seq2seq.trainer.supervised_trainer INFO     Progress: 31%, Train Perplexity: 1.0118
2018-01-25 15:59:12,324 seq2seq.trainer.supervised_trainer INFO     Progress: 31%, Train Perplexity: 1.0043
2018-01-25 15:59:14,109 seq2seq.trainer.supervised_trainer INFO     Progress: 31%, Train Perplexity: 1.0050
2018-01-25 15:59:15,702 seq2seq.trainer.supervised_trainer INFO     Progress: 31%, Train Perplexity: 1.0086
2018-01-25 15:59:20,630 seq2seq.trainer.supervised_trainer INFO     Progress: 31%, Train Perplexity: 1.0200
2018-01-25 15:59:23,962 seq2seq.trainer.supervised_trainer INFO     Finished epoch 16: Train Perplexity: 1.0172, Dev Perplexity: 1.2203, Accuracy: 0.9609, Sequence Accuracy: 0.8183
2018-01-25 15:59:25,213 seq2seq.trainer.supervised_trainer INFO     Progress: 32%, Train Perplexity: 1.0208
2018-01-25 15:59:27,011 seq2seq.trainer.supervised_trainer INFO     Progress: 32%, Train Perplexity: 1.0147
2018-01-25 15:59:28,632 seq2seq.trainer.supervised_trainer INFO     Progress: 32%, Train Perplexity: 1.0147
2018-01-25 15:59:30,663 seq2seq.trainer.supervised_trainer INFO     Progress: 32%, Train Perplexity: 1.0104
2018-01-25 15:59:32,447 seq2seq.trainer.supervised_trainer INFO     Progress: 32%, Train Perplexity: 1.0124
2018-01-25 15:59:37,433 seq2seq.trainer.supervised_trainer INFO     Progress: 32%, Train Perplexity: 1.0215
2018-01-25 15:59:38,937 seq2seq.trainer.supervised_trainer INFO     Progress: 32%, Train Perplexity: 1.0042
2018-01-25 15:59:40,834 seq2seq.trainer.supervised_trainer INFO     Progress: 33%, Train Perplexity: 1.0061
2018-01-25 15:59:42,265 seq2seq.trainer.supervised_trainer INFO     Progress: 33%, Train Perplexity: 1.0004
2018-01-25 15:59:44,236 seq2seq.trainer.supervised_trainer INFO     Progress: 33%, Train Perplexity: 1.0013
2018-01-25 15:59:45,772 seq2seq.trainer.supervised_trainer INFO     Progress: 33%, Train Perplexity: 1.0212
2018-01-25 15:59:47,422 seq2seq.trainer.supervised_trainer INFO     Progress: 33%, Train Perplexity: 1.0267
2018-01-25 15:59:51,976 seq2seq.trainer.supervised_trainer INFO     Progress: 33%, Train Perplexity: 1.0516
2018-01-25 15:59:53,627 seq2seq.trainer.supervised_trainer INFO     Progress: 33%, Train Perplexity: 1.0051
2018-01-25 15:59:57,163 seq2seq.trainer.supervised_trainer INFO     Finished epoch 17: Train Perplexity: 1.0145, Dev Perplexity: 1.2720, Accuracy: 0.9564, Sequence Accuracy: 0.7888
2018-01-25 15:59:58,092 seq2seq.trainer.supervised_trainer INFO     Progress: 34%, Train Perplexity: 1.0177
2018-01-25 15:59:59,766 seq2seq.trainer.supervised_trainer INFO     Progress: 34%, Train Perplexity: 1.0113
2018-01-25 16:00:02,045 seq2seq.trainer.supervised_trainer INFO     Progress: 34%, Train Perplexity: 1.0170
2018-01-25 16:00:03,795 seq2seq.trainer.supervised_trainer INFO     Progress: 34%, Train Perplexity: 1.0073
2018-01-25 16:00:05,381 seq2seq.trainer.supervised_trainer INFO     Progress: 34%, Train Perplexity: 1.0102
2018-01-25 16:00:10,133 seq2seq.trainer.supervised_trainer INFO     Progress: 34%, Train Perplexity: 1.0103
2018-01-25 16:00:11,405 seq2seq.trainer.supervised_trainer INFO     Progress: 34%, Train Perplexity: 1.0025
2018-01-25 16:00:13,017 seq2seq.trainer.supervised_trainer INFO     Progress: 35%, Train Perplexity: 1.0017
2018-01-25 16:00:14,520 seq2seq.trainer.supervised_trainer INFO     Progress: 35%, Train Perplexity: 1.0023
2018-01-25 16:00:16,285 seq2seq.trainer.supervised_trainer INFO     Progress: 35%, Train Perplexity: 1.0066
2018-01-25 16:00:17,918 seq2seq.trainer.supervised_trainer INFO     Progress: 35%, Train Perplexity: 1.0012
2018-01-25 16:00:22,609 seq2seq.trainer.supervised_trainer INFO     Progress: 35%, Train Perplexity: 1.0178
2018-01-25 16:00:24,372 seq2seq.trainer.supervised_trainer INFO     Progress: 35%, Train Perplexity: 1.0062
2018-01-25 16:00:25,811 seq2seq.trainer.supervised_trainer INFO     Progress: 35%, Train Perplexity: 1.0041
2018-01-25 16:00:29,952 seq2seq.trainer.supervised_trainer INFO     Finished epoch 18: Train Perplexity: 1.0081, Dev Perplexity: 1.2224, Accuracy: 0.9682, Sequence Accuracy: 0.8333
2018-01-25 16:00:30,875 seq2seq.trainer.supervised_trainer INFO     Progress: 36%, Train Perplexity: 1.0044
2018-01-25 16:00:32,251 seq2seq.trainer.supervised_trainer INFO     Progress: 36%, Train Perplexity: 1.0074
2018-01-25 16:00:33,979 seq2seq.trainer.supervised_trainer INFO     Progress: 36%, Train Perplexity: 1.0222
2018-01-25 16:00:35,755 seq2seq.trainer.supervised_trainer INFO     Progress: 36%, Train Perplexity: 1.0082
2018-01-25 16:00:40,757 seq2seq.trainer.supervised_trainer INFO     Progress: 36%, Train Perplexity: 1.0036
2018-01-25 16:00:42,162 seq2seq.trainer.supervised_trainer INFO     Progress: 36%, Train Perplexity: 1.0011
2018-01-25 16:00:43,946 seq2seq.trainer.supervised_trainer INFO     Progress: 36%, Train Perplexity: 1.0032
2018-01-25 16:00:45,480 seq2seq.trainer.supervised_trainer INFO     Progress: 37%, Train Perplexity: 1.0039
2018-01-25 16:00:46,714 seq2seq.trainer.supervised_trainer INFO     Progress: 37%, Train Perplexity: 1.0022
2018-01-25 16:00:48,555 seq2seq.trainer.supervised_trainer INFO     Progress: 37%, Train Perplexity: 1.0023
2018-01-25 16:00:50,134 seq2seq.trainer.supervised_trainer INFO     Progress: 37%, Train Perplexity: 1.0046
2018-01-25 16:00:54,584 seq2seq.trainer.supervised_trainer INFO     Progress: 37%, Train Perplexity: 1.0081
2018-01-25 16:00:56,194 seq2seq.trainer.supervised_trainer INFO     Progress: 37%, Train Perplexity: 1.0014
2018-01-25 16:00:57,796 seq2seq.trainer.supervised_trainer INFO     Progress: 37%, Train Perplexity: 1.0084
2018-01-25 16:01:02,112 seq2seq.trainer.supervised_trainer INFO     Finished epoch 19: Train Perplexity: 1.0065, Dev Perplexity: 1.2158, Accuracy: 0.9676, Sequence Accuracy: 0.8255
2018-01-25 16:01:02,489 seq2seq.trainer.supervised_trainer INFO     Progress: 38%, Train Perplexity: 1.0136
2018-01-25 16:01:04,163 seq2seq.trainer.supervised_trainer INFO     Progress: 38%, Train Perplexity: 1.0060
2018-01-25 16:01:05,954 seq2seq.trainer.supervised_trainer INFO     Progress: 38%, Train Perplexity: 1.0121
2018-01-25 16:01:10,525 seq2seq.trainer.supervised_trainer INFO     Progress: 38%, Train Perplexity: 1.0014
2018-01-25 16:01:12,236 seq2seq.trainer.supervised_trainer INFO     Progress: 38%, Train Perplexity: 1.0039
2018-01-25 16:01:13,880 seq2seq.trainer.supervised_trainer INFO     Progress: 38%, Train Perplexity: 1.0045
2018-01-25 16:01:15,505 seq2seq.trainer.supervised_trainer INFO     Progress: 38%, Train Perplexity: 1.0043
2018-01-25 16:01:17,407 seq2seq.trainer.supervised_trainer INFO     Progress: 39%, Train Perplexity: 1.0042
2018-01-25 16:01:18,984 seq2seq.trainer.supervised_trainer INFO     Progress: 39%, Train Perplexity: 1.0101
2018-01-25 16:01:20,613 seq2seq.trainer.supervised_trainer INFO     Progress: 39%, Train Perplexity: 1.0076
2018-01-25 16:01:25,175 seq2seq.trainer.supervised_trainer INFO     Progress: 39%, Train Perplexity: 1.0021
2018-01-25 16:01:27,020 seq2seq.trainer.supervised_trainer INFO     Progress: 39%, Train Perplexity: 1.0019
2018-01-25 16:01:28,401 seq2seq.trainer.supervised_trainer INFO     Progress: 39%, Train Perplexity: 1.0264
2018-01-25 16:01:29,892 seq2seq.trainer.supervised_trainer INFO     Progress: 39%, Train Perplexity: 1.0037
2018-01-25 16:01:31,643 seq2seq.trainer.supervised_trainer INFO     Progress: 40%, Train Perplexity: 1.0013
2018-01-25 16:01:34,546 seq2seq.trainer.supervised_trainer INFO     Finished epoch 20: Train Perplexity: 1.0064, Dev Perplexity: 1.2456, Accuracy: 0.9672, Sequence Accuracy: 0.8407
2018-01-25 16:01:35,961 seq2seq.trainer.supervised_trainer INFO     Progress: 40%, Train Perplexity: 1.0021
2018-01-25 16:01:40,573 seq2seq.trainer.supervised_trainer INFO     Progress: 40%, Train Perplexity: 1.0152
2018-01-25 16:01:42,339 seq2seq.trainer.supervised_trainer INFO     Progress: 40%, Train Perplexity: 1.0006
2018-01-25 16:01:43,760 seq2seq.trainer.supervised_trainer INFO     Progress: 40%, Train Perplexity: 1.0006
2018-01-25 16:01:45,433 seq2seq.trainer.supervised_trainer INFO     Progress: 40%, Train Perplexity: 1.0088
2018-01-25 16:01:47,029 seq2seq.trainer.supervised_trainer INFO     Progress: 40%, Train Perplexity: 1.0035
2018-01-25 16:01:48,505 seq2seq.trainer.supervised_trainer INFO     Progress: 40%, Train Perplexity: 1.0012
2018-01-25 16:01:50,195 seq2seq.trainer.supervised_trainer INFO     Progress: 41%, Train Perplexity: 1.0005
2018-01-25 16:01:54,569 seq2seq.trainer.supervised_trainer INFO     Progress: 41%, Train Perplexity: 1.0075
2018-01-25 16:01:56,185 seq2seq.trainer.supervised_trainer INFO     Progress: 41%, Train Perplexity: 1.0013
2018-01-25 16:01:57,795 seq2seq.trainer.supervised_trainer INFO     Progress: 41%, Train Perplexity: 1.0037
2018-01-25 16:01:59,546 seq2seq.trainer.supervised_trainer INFO     Progress: 41%, Train Perplexity: 1.0078
2018-01-25 16:02:01,185 seq2seq.trainer.supervised_trainer INFO     Progress: 41%, Train Perplexity: 1.0016
2018-01-25 16:02:02,812 seq2seq.trainer.supervised_trainer INFO     Progress: 41%, Train Perplexity: 1.0007
2018-01-25 16:02:06,009 seq2seq.trainer.supervised_trainer INFO     Finished epoch 21: Train Perplexity: 1.0039, Dev Perplexity: 1.1996, Accuracy: 0.9722, Sequence Accuracy: 0.8593
2018-01-25 16:02:07,654 seq2seq.trainer.supervised_trainer INFO     Progress: 42%, Train Perplexity: 1.0055
2018-01-25 16:02:12,733 seq2seq.trainer.supervised_trainer INFO     Progress: 42%, Train Perplexity: 1.0011
2018-01-25 16:02:14,854 seq2seq.trainer.supervised_trainer INFO     Progress: 42%, Train Perplexity: 1.0012
2018-01-25 16:02:16,704 seq2seq.trainer.supervised_trainer INFO     Progress: 42%, Train Perplexity: 1.0004
2018-01-25 16:02:18,041 seq2seq.trainer.supervised_trainer INFO     Progress: 42%, Train Perplexity: 1.0006
2018-01-25 16:02:20,034 seq2seq.trainer.supervised_trainer INFO     Progress: 42%, Train Perplexity: 1.0068
2018-01-25 16:02:21,586 seq2seq.trainer.supervised_trainer INFO     Progress: 42%, Train Perplexity: 1.0021
2018-01-25 16:02:26,703 seq2seq.trainer.supervised_trainer INFO     Progress: 43%, Train Perplexity: 1.0014
2018-01-25 16:02:28,230 seq2seq.trainer.supervised_trainer INFO     Progress: 43%, Train Perplexity: 1.0002
2018-01-25 16:02:29,878 seq2seq.trainer.supervised_trainer INFO     Progress: 43%, Train Perplexity: 1.0015
2018-01-25 16:02:31,498 seq2seq.trainer.supervised_trainer INFO     Progress: 43%, Train Perplexity: 1.0014
2018-01-25 16:02:33,280 seq2seq.trainer.supervised_trainer INFO     Progress: 43%, Train Perplexity: 1.0006
2018-01-25 16:02:34,718 seq2seq.trainer.supervised_trainer INFO     Progress: 43%, Train Perplexity: 1.0001
2018-01-25 16:02:36,231 seq2seq.trainer.supervised_trainer INFO     Progress: 43%, Train Perplexity: 1.0006
2018-01-25 16:02:39,663 seq2seq.trainer.supervised_trainer INFO     Finished epoch 22: Train Perplexity: 1.0017, Dev Perplexity: 1.0977, Accuracy: 0.9843, Sequence Accuracy: 0.9034
2018-01-25 16:02:43,956 seq2seq.trainer.supervised_trainer INFO     Progress: 44%, Train Perplexity: 1.0047
2018-01-25 16:02:45,188 seq2seq.trainer.supervised_trainer INFO     Progress: 44%, Train Perplexity: 1.0012
2018-01-25 16:02:46,715 seq2seq.trainer.supervised_trainer INFO     Progress: 44%, Train Perplexity: 1.0000
2018-01-25 16:02:48,423 seq2seq.trainer.supervised_trainer INFO     Progress: 44%, Train Perplexity: 1.0000
2018-01-25 16:02:49,841 seq2seq.trainer.supervised_trainer INFO     Progress: 44%, Train Perplexity: 1.0062
2018-01-25 16:02:51,439 seq2seq.trainer.supervised_trainer INFO     Progress: 44%, Train Perplexity: 1.0014
2018-01-25 16:02:52,977 seq2seq.trainer.supervised_trainer INFO     Progress: 44%, Train Perplexity: 1.0035
2018-01-25 16:02:57,695 seq2seq.trainer.supervised_trainer INFO     Progress: 45%, Train Perplexity: 1.0049
2018-01-25 16:02:59,206 seq2seq.trainer.supervised_trainer INFO     Progress: 45%, Train Perplexity: 1.0098
2018-01-25 16:03:00,965 seq2seq.trainer.supervised_trainer INFO     Progress: 45%, Train Perplexity: 1.0130
2018-01-25 16:03:02,438 seq2seq.trainer.supervised_trainer INFO     Progress: 45%, Train Perplexity: 1.0009
2018-01-25 16:03:04,247 seq2seq.trainer.supervised_trainer INFO     Progress: 45%, Train Perplexity: 1.0215
2018-01-25 16:03:06,026 seq2seq.trainer.supervised_trainer INFO     Progress: 45%, Train Perplexity: 1.0018
2018-01-25 16:03:10,560 seq2seq.trainer.supervised_trainer INFO     Progress: 45%, Train Perplexity: 1.0001
2018-01-25 16:03:14,548 seq2seq.trainer.supervised_trainer INFO     Finished epoch 23: Train Perplexity: 1.0049, Dev Perplexity: 1.1183, Accuracy: 0.9817, Sequence Accuracy: 0.8920
2018-01-25 16:03:15,220 seq2seq.trainer.supervised_trainer INFO     Progress: 46%, Train Perplexity: 1.0013
2018-01-25 16:03:17,026 seq2seq.trainer.supervised_trainer INFO     Progress: 46%, Train Perplexity: 1.0041
2018-01-25 16:03:18,681 seq2seq.trainer.supervised_trainer INFO     Progress: 46%, Train Perplexity: 1.0041
2018-01-25 16:03:20,121 seq2seq.trainer.supervised_trainer INFO     Progress: 46%, Train Perplexity: 1.0028
2018-01-25 16:03:21,803 seq2seq.trainer.supervised_trainer INFO     Progress: 46%, Train Perplexity: 1.0037
2018-01-25 16:03:23,646 seq2seq.trainer.supervised_trainer INFO     Progress: 46%, Train Perplexity: 1.0095
2018-01-25 16:03:27,979 seq2seq.trainer.supervised_trainer INFO     Progress: 46%, Train Perplexity: 1.0033
2018-01-25 16:03:29,326 seq2seq.trainer.supervised_trainer INFO     Progress: 47%, Train Perplexity: 1.0011
2018-01-25 16:03:30,935 seq2seq.trainer.supervised_trainer INFO     Progress: 47%, Train Perplexity: 1.0003
2018-01-25 16:03:32,305 seq2seq.trainer.supervised_trainer INFO     Progress: 47%, Train Perplexity: 1.0018
2018-01-25 16:03:33,940 seq2seq.trainer.supervised_trainer INFO     Progress: 47%, Train Perplexity: 1.0005
2018-01-25 16:03:35,253 seq2seq.trainer.supervised_trainer INFO     Progress: 47%, Train Perplexity: 1.0017
2018-01-25 16:03:36,820 seq2seq.trainer.supervised_trainer INFO     Progress: 47%, Train Perplexity: 1.0034
2018-01-25 16:03:41,337 seq2seq.trainer.supervised_trainer INFO     Progress: 47%, Train Perplexity: 1.0006
2018-01-25 16:03:45,321 seq2seq.trainer.supervised_trainer INFO     Finished epoch 24: Train Perplexity: 1.0026, Dev Perplexity: 1.1347, Accuracy: 0.9811, Sequence Accuracy: 0.8961
2018-01-25 16:03:45,609 seq2seq.trainer.supervised_trainer INFO     Progress: 48%, Train Perplexity: 1.0001
2018-01-25 16:03:47,414 seq2seq.trainer.supervised_trainer INFO     Progress: 48%, Train Perplexity: 1.0130
2018-01-25 16:03:49,307 seq2seq.trainer.supervised_trainer INFO     Progress: 48%, Train Perplexity: 1.0011
2018-01-25 16:03:50,870 seq2seq.trainer.supervised_trainer INFO     Progress: 48%, Train Perplexity: 1.0023
2018-01-25 16:03:52,277 seq2seq.trainer.supervised_trainer INFO     Progress: 48%, Train Perplexity: 1.0052
2018-01-25 16:03:56,966 seq2seq.trainer.supervised_trainer INFO     Progress: 48%, Train Perplexity: 1.0045
2018-01-25 16:03:58,761 seq2seq.trainer.supervised_trainer INFO     Progress: 48%, Train Perplexity: 1.0082
2018-01-25 16:04:00,553 seq2seq.trainer.supervised_trainer INFO     Progress: 49%, Train Perplexity: 1.0007
2018-01-25 16:04:02,024 seq2seq.trainer.supervised_trainer INFO     Progress: 49%, Train Perplexity: 1.0012
2018-01-25 16:04:03,880 seq2seq.trainer.supervised_trainer INFO     Progress: 49%, Train Perplexity: 1.0000
2018-01-25 16:04:05,831 seq2seq.trainer.supervised_trainer INFO     Progress: 49%, Train Perplexity: 1.0002
2018-01-25 16:04:07,593 seq2seq.trainer.supervised_trainer INFO     Progress: 49%, Train Perplexity: 1.0000
2018-01-25 16:04:12,505 seq2seq.trainer.supervised_trainer INFO     Progress: 49%, Train Perplexity: 1.0001
2018-01-25 16:04:14,304 seq2seq.trainer.supervised_trainer INFO     Progress: 49%, Train Perplexity: 1.0000
2018-01-25 16:04:15,768 seq2seq.trainer.supervised_trainer INFO     Progress: 50%, Train Perplexity: 1.0000
2018-01-25 16:04:18,634 seq2seq.trainer.supervised_trainer INFO     Finished epoch 25: Train Perplexity: 1.0026, Dev Perplexity: 1.1065, Accuracy: 0.9834, Sequence Accuracy: 0.9000
2018-01-25 16:04:20,347 seq2seq.trainer.supervised_trainer INFO     Progress: 50%, Train Perplexity: 1.0002
2018-01-25 16:04:22,056 seq2seq.trainer.supervised_trainer INFO     Progress: 50%, Train Perplexity: 1.0025
2018-01-25 16:04:23,348 seq2seq.trainer.supervised_trainer INFO     Progress: 50%, Train Perplexity: 1.0009
2018-01-25 16:04:24,901 seq2seq.trainer.supervised_trainer INFO     Progress: 50%, Train Perplexity: 1.0033
2018-01-25 16:04:29,546 seq2seq.trainer.supervised_trainer INFO     Progress: 50%, Train Perplexity: 1.0007
2018-01-25 16:04:30,991 seq2seq.trainer.supervised_trainer INFO     Progress: 50%, Train Perplexity: 1.0002
2018-01-25 16:04:32,361 seq2seq.trainer.supervised_trainer INFO     Progress: 50%, Train Perplexity: 1.0008
2018-01-25 16:04:33,943 seq2seq.trainer.supervised_trainer INFO     Progress: 51%, Train Perplexity: 1.0004
2018-01-25 16:04:35,673 seq2seq.trainer.supervised_trainer INFO     Progress: 51%, Train Perplexity: 1.0005
2018-01-25 16:04:37,313 seq2seq.trainer.supervised_trainer INFO     Progress: 51%, Train Perplexity: 1.0003
2018-01-25 16:04:41,756 seq2seq.trainer.supervised_trainer INFO     Progress: 51%, Train Perplexity: 1.0000
2018-01-25 16:04:43,501 seq2seq.trainer.supervised_trainer INFO     Progress: 51%, Train Perplexity: 1.0000
2018-01-25 16:04:45,103 seq2seq.trainer.supervised_trainer INFO     Progress: 51%, Train Perplexity: 1.0004
2018-01-25 16:04:46,701 seq2seq.trainer.supervised_trainer INFO     Progress: 51%, Train Perplexity: 1.0000
2018-01-25 16:04:49,848 seq2seq.trainer.supervised_trainer INFO     Finished epoch 26: Train Perplexity: 1.0007, Dev Perplexity: 1.1319, Accuracy: 0.9812, Sequence Accuracy: 0.8897
2018-01-25 16:04:51,136 seq2seq.trainer.supervised_trainer INFO     Progress: 52%, Train Perplexity: 1.0001
2018-01-25 16:04:53,051 seq2seq.trainer.supervised_trainer INFO     Progress: 52%, Train Perplexity: 1.0034
2018-01-25 16:04:54,774 seq2seq.trainer.supervised_trainer INFO     Progress: 52%, Train Perplexity: 1.0082
2018-01-25 16:04:59,659 seq2seq.trainer.supervised_trainer INFO     Progress: 52%, Train Perplexity: 1.0007
2018-01-25 16:05:01,088 seq2seq.trainer.supervised_trainer INFO     Progress: 52%, Train Perplexity: 1.0014
2018-01-25 16:05:02,619 seq2seq.trainer.supervised_trainer INFO     Progress: 52%, Train Perplexity: 1.0012
2018-01-25 16:05:04,256 seq2seq.trainer.supervised_trainer INFO     Progress: 52%, Train Perplexity: 1.0006
2018-01-25 16:05:05,985 seq2seq.trainer.supervised_trainer INFO     Progress: 53%, Train Perplexity: 1.0000
2018-01-25 16:05:07,487 seq2seq.trainer.supervised_trainer INFO     Progress: 53%, Train Perplexity: 1.0009
2018-01-25 16:05:09,180 seq2seq.trainer.supervised_trainer INFO     Progress: 53%, Train Perplexity: 1.0001
2018-01-25 16:05:13,619 seq2seq.trainer.supervised_trainer INFO     Progress: 53%, Train Perplexity: 1.0002
2018-01-25 16:05:15,396 seq2seq.trainer.supervised_trainer INFO     Progress: 53%, Train Perplexity: 1.0001
2018-01-25 16:05:17,076 seq2seq.trainer.supervised_trainer INFO     Progress: 53%, Train Perplexity: 1.0015
2018-01-25 16:05:19,085 seq2seq.trainer.supervised_trainer INFO     Progress: 53%, Train Perplexity: 1.0000
2018-01-25 16:05:22,491 seq2seq.trainer.supervised_trainer INFO     Finished epoch 27: Train Perplexity: 1.0013, Dev Perplexity: 1.1535, Accuracy: 0.9793, Sequence Accuracy: 0.8936
2018-01-25 16:05:23,529 seq2seq.trainer.supervised_trainer INFO     Progress: 54%, Train Perplexity: 1.0003
2018-01-25 16:05:25,126 seq2seq.trainer.supervised_trainer INFO     Progress: 54%, Train Perplexity: 1.0004
2018-01-25 16:05:29,600 seq2seq.trainer.supervised_trainer INFO     Progress: 54%, Train Perplexity: 1.0009
2018-01-25 16:05:30,859 seq2seq.trainer.supervised_trainer INFO     Progress: 54%, Train Perplexity: 1.0001
2018-01-25 16:05:32,554 seq2seq.trainer.supervised_trainer INFO     Progress: 54%, Train Perplexity: 1.0006
2018-01-25 16:05:33,930 seq2seq.trainer.supervised_trainer INFO     Progress: 54%, Train Perplexity: 1.0027
2018-01-25 16:05:35,729 seq2seq.trainer.supervised_trainer INFO     Progress: 54%, Train Perplexity: 1.0006
2018-01-25 16:05:37,481 seq2seq.trainer.supervised_trainer INFO     Progress: 55%, Train Perplexity: 1.0007
2018-01-25 16:05:39,093 seq2seq.trainer.supervised_trainer INFO     Progress: 55%, Train Perplexity: 1.0000
2018-01-25 16:05:43,668 seq2seq.trainer.supervised_trainer INFO     Progress: 55%, Train Perplexity: 1.0001
2018-01-25 16:05:45,496 seq2seq.trainer.supervised_trainer INFO     Progress: 55%, Train Perplexity: 1.0006
2018-01-25 16:05:47,160 seq2seq.trainer.supervised_trainer INFO     Progress: 55%, Train Perplexity: 1.0002
2018-01-25 16:05:48,769 seq2seq.trainer.supervised_trainer INFO     Progress: 55%, Train Perplexity: 1.0000
2018-01-25 16:05:50,427 seq2seq.trainer.supervised_trainer INFO     Progress: 55%, Train Perplexity: 1.0000
2018-01-25 16:05:54,473 seq2seq.trainer.supervised_trainer INFO     Finished epoch 28: Train Perplexity: 1.0005, Dev Perplexity: 1.1801, Accuracy: 0.9752, Sequence Accuracy: 0.8807
2018-01-25 16:05:55,143 seq2seq.trainer.supervised_trainer INFO     Progress: 56%, Train Perplexity: 1.0002
2018-01-25 16:05:56,949 seq2seq.trainer.supervised_trainer INFO     Progress: 56%, Train Perplexity: 1.0025
2018-01-25 16:06:01,326 seq2seq.trainer.supervised_trainer INFO     Progress: 56%, Train Perplexity: 1.0000
2018-01-25 16:06:03,159 seq2seq.trainer.supervised_trainer INFO     Progress: 56%, Train Perplexity: 1.0001
2018-01-25 16:06:04,699 seq2seq.trainer.supervised_trainer INFO     Progress: 56%, Train Perplexity: 1.0001
2018-01-25 16:06:06,334 seq2seq.trainer.supervised_trainer INFO     Progress: 56%, Train Perplexity: 1.0000
2018-01-25 16:06:08,361 seq2seq.trainer.supervised_trainer INFO     Progress: 56%, Train Perplexity: 1.0000
2018-01-25 16:06:09,780 seq2seq.trainer.supervised_trainer INFO     Progress: 57%, Train Perplexity: 1.0000
2018-01-25 16:06:14,379 seq2seq.trainer.supervised_trainer INFO     Progress: 57%, Train Perplexity: 1.0000
2018-01-25 16:06:15,876 seq2seq.trainer.supervised_trainer INFO     Progress: 57%, Train Perplexity: 1.0000
2018-01-25 16:06:17,755 seq2seq.trainer.supervised_trainer INFO     Progress: 57%, Train Perplexity: 1.0000
2018-01-25 16:06:19,229 seq2seq.trainer.supervised_trainer INFO     Progress: 57%, Train Perplexity: 1.0000
2018-01-25 16:06:20,845 seq2seq.trainer.supervised_trainer INFO     Progress: 57%, Train Perplexity: 1.0000
2018-01-25 16:06:22,487 seq2seq.trainer.supervised_trainer INFO     Progress: 57%, Train Perplexity: 1.0000
2018-01-25 16:06:26,462 seq2seq.trainer.supervised_trainer INFO     Finished epoch 29: Train Perplexity: 1.0002, Dev Perplexity: 1.1435, Accuracy: 0.9808, Sequence Accuracy: 0.8961
2018-01-25 16:06:26,907 seq2seq.trainer.supervised_trainer INFO     Progress: 58%, Train Perplexity: 1.0000
2018-01-25 16:06:31,262 seq2seq.trainer.supervised_trainer INFO     Progress: 58%, Train Perplexity: 1.0002
2018-01-25 16:06:33,037 seq2seq.trainer.supervised_trainer INFO     Progress: 58%, Train Perplexity: 1.0015
2018-01-25 16:06:34,566 seq2seq.trainer.supervised_trainer INFO     Progress: 58%, Train Perplexity: 1.0095
2018-01-25 16:06:36,218 seq2seq.trainer.supervised_trainer INFO     Progress: 58%, Train Perplexity: 1.0011
2018-01-25 16:06:38,243 seq2seq.trainer.supervised_trainer INFO     Progress: 58%, Train Perplexity: 1.0277
2018-01-25 16:06:39,464 seq2seq.trainer.supervised_trainer INFO     Progress: 58%, Train Perplexity: 1.0029
2018-01-25 16:06:44,061 seq2seq.trainer.supervised_trainer INFO     Progress: 59%, Train Perplexity: 1.0018
2018-01-25 16:06:45,734 seq2seq.trainer.supervised_trainer INFO     Progress: 59%, Train Perplexity: 1.0040
2018-01-25 16:06:47,602 seq2seq.trainer.supervised_trainer INFO     Progress: 59%, Train Perplexity: 1.0000
2018-01-25 16:06:49,167 seq2seq.trainer.supervised_trainer INFO     Progress: 59%, Train Perplexity: 1.0012
2018-01-25 16:06:50,698 seq2seq.trainer.supervised_trainer INFO     Progress: 59%, Train Perplexity: 1.0022
2018-01-25 16:06:52,104 seq2seq.trainer.supervised_trainer INFO     Progress: 59%, Train Perplexity: 1.0085
2018-01-25 16:06:54,028 seq2seq.trainer.supervised_trainer INFO     Progress: 59%, Train Perplexity: 1.0004
2018-01-25 16:06:58,552 seq2seq.trainer.supervised_trainer INFO     Progress: 60%, Train Perplexity: 1.0001
2018-01-25 16:07:01,419 seq2seq.trainer.supervised_trainer INFO     Finished epoch 30: Train Perplexity: 1.0043, Dev Perplexity: 1.1930, Accuracy: 0.9740, Sequence Accuracy: 0.8559
2018-01-25 16:07:03,159 seq2seq.trainer.supervised_trainer INFO     Progress: 60%, Train Perplexity: 1.0026
2018-01-25 16:07:04,675 seq2seq.trainer.supervised_trainer INFO     Progress: 60%, Train Perplexity: 1.0028
2018-01-25 16:07:06,658 seq2seq.trainer.supervised_trainer INFO     Progress: 60%, Train Perplexity: 1.0010
2018-01-25 16:07:08,240 seq2seq.trainer.supervised_trainer INFO     Progress: 60%, Train Perplexity: 1.0015
2018-01-25 16:07:09,875 seq2seq.trainer.supervised_trainer INFO     Progress: 60%, Train Perplexity: 1.0044
2018-01-25 16:07:11,332 seq2seq.trainer.supervised_trainer INFO     Progress: 60%, Train Perplexity: 1.0060
2018-01-25 16:07:16,370 seq2seq.trainer.supervised_trainer INFO     Progress: 60%, Train Perplexity: 1.0004
2018-01-25 16:07:18,127 seq2seq.trainer.supervised_trainer INFO     Progress: 61%, Train Perplexity: 1.0002
2018-01-25 16:07:19,839 seq2seq.trainer.supervised_trainer INFO     Progress: 61%, Train Perplexity: 1.0002
2018-01-25 16:07:21,616 seq2seq.trainer.supervised_trainer INFO     Progress: 61%, Train Perplexity: 1.0001
2018-01-25 16:07:23,022 seq2seq.trainer.supervised_trainer INFO     Progress: 61%, Train Perplexity: 1.0002
2018-01-25 16:07:24,467 seq2seq.trainer.supervised_trainer INFO     Progress: 61%, Train Perplexity: 1.0000
2018-01-25 16:07:29,053 seq2seq.trainer.supervised_trainer INFO     Progress: 61%, Train Perplexity: 1.0001
2018-01-25 16:07:30,773 seq2seq.trainer.supervised_trainer INFO     Progress: 61%, Train Perplexity: 1.0008
2018-01-25 16:07:34,004 seq2seq.trainer.supervised_trainer INFO     Finished epoch 31: Train Perplexity: 1.0014, Dev Perplexity: 1.1976, Accuracy: 0.9791, Sequence Accuracy: 0.8898
2018-01-25 16:07:35,453 seq2seq.trainer.supervised_trainer INFO     Progress: 62%, Train Perplexity: 1.0024
2018-01-25 16:07:37,056 seq2seq.trainer.supervised_trainer INFO     Progress: 62%, Train Perplexity: 1.0018
2018-01-25 16:07:38,690 seq2seq.trainer.supervised_trainer INFO     Progress: 62%, Train Perplexity: 1.0036
2018-01-25 16:07:40,409 seq2seq.trainer.supervised_trainer INFO     Progress: 62%, Train Perplexity: 1.0065
2018-01-25 16:07:42,335 seq2seq.trainer.supervised_trainer INFO     Progress: 62%, Train Perplexity: 1.0219
2018-01-25 16:07:46,962 seq2seq.trainer.supervised_trainer INFO     Progress: 62%, Train Perplexity: 1.0041
2018-01-25 16:07:49,004 seq2seq.trainer.supervised_trainer INFO     Progress: 62%, Train Perplexity: 1.0002
2018-01-25 16:07:50,567 seq2seq.trainer.supervised_trainer INFO     Progress: 63%, Train Perplexity: 1.0017
2018-01-25 16:07:52,321 seq2seq.trainer.supervised_trainer INFO     Progress: 63%, Train Perplexity: 1.0000
2018-01-25 16:07:53,899 seq2seq.trainer.supervised_trainer INFO     Progress: 63%, Train Perplexity: 1.0000
2018-01-25 16:07:55,628 seq2seq.trainer.supervised_trainer INFO     Progress: 63%, Train Perplexity: 1.0002
2018-01-25 16:07:57,110 seq2seq.trainer.supervised_trainer INFO     Progress: 63%, Train Perplexity: 1.0000
2018-01-25 16:08:01,863 seq2seq.trainer.supervised_trainer INFO     Progress: 63%, Train Perplexity: 1.0000
2018-01-25 16:08:03,135 seq2seq.trainer.supervised_trainer INFO     Progress: 63%, Train Perplexity: 1.0017
2018-01-25 16:08:06,598 seq2seq.trainer.supervised_trainer INFO     Finished epoch 32: Train Perplexity: 1.0031, Dev Perplexity: 1.1434, Accuracy: 0.9799, Sequence Accuracy: 0.8804
2018-01-25 16:08:07,555 seq2seq.trainer.supervised_trainer INFO     Progress: 64%, Train Perplexity: 1.0009
2018-01-25 16:08:09,640 seq2seq.trainer.supervised_trainer INFO     Progress: 64%, Train Perplexity: 1.0074
2018-01-25 16:08:11,392 seq2seq.trainer.supervised_trainer INFO     Progress: 64%, Train Perplexity: 1.0023
2018-01-25 16:08:13,253 seq2seq.trainer.supervised_trainer INFO     Progress: 64%, Train Perplexity: 1.0013
2018-01-25 16:08:18,202 seq2seq.trainer.supervised_trainer INFO     Progress: 64%, Train Perplexity: 1.0003
2018-01-25 16:08:19,600 seq2seq.trainer.supervised_trainer INFO     Progress: 64%, Train Perplexity: 1.0001
2018-01-25 16:08:21,267 seq2seq.trainer.supervised_trainer INFO     Progress: 64%, Train Perplexity: 1.0001
2018-01-25 16:08:23,012 seq2seq.trainer.supervised_trainer INFO     Progress: 65%, Train Perplexity: 1.0003
2018-01-25 16:08:24,410 seq2seq.trainer.supervised_trainer INFO     Progress: 65%, Train Perplexity: 1.0004
2018-01-25 16:08:26,093 seq2seq.trainer.supervised_trainer INFO     Progress: 65%, Train Perplexity: 1.0048
2018-01-25 16:08:28,020 seq2seq.trainer.supervised_trainer INFO     Progress: 65%, Train Perplexity: 1.0002
2018-01-25 16:08:32,620 seq2seq.trainer.supervised_trainer INFO     Progress: 65%, Train Perplexity: 1.0008
2018-01-25 16:08:33,909 seq2seq.trainer.supervised_trainer INFO     Progress: 65%, Train Perplexity: 1.0006
2018-01-25 16:08:35,317 seq2seq.trainer.supervised_trainer INFO     Progress: 65%, Train Perplexity: 1.0016
2018-01-25 16:08:39,241 seq2seq.trainer.supervised_trainer INFO     Finished epoch 33: Train Perplexity: 1.0016, Dev Perplexity: 1.1493, Accuracy: 0.9843, Sequence Accuracy: 0.9145
2018-01-25 16:08:39,978 seq2seq.trainer.supervised_trainer INFO     Progress: 66%, Train Perplexity: 1.0020
2018-01-25 16:08:41,423 seq2seq.trainer.supervised_trainer INFO     Progress: 66%, Train Perplexity: 1.0011
2018-01-25 16:08:43,299 seq2seq.trainer.supervised_trainer INFO     Progress: 66%, Train Perplexity: 1.0014
2018-01-25 16:08:44,759 seq2seq.trainer.supervised_trainer INFO     Progress: 66%, Train Perplexity: 1.0016
2018-01-25 16:08:49,314 seq2seq.trainer.supervised_trainer INFO     Progress: 66%, Train Perplexity: 1.0076
2018-01-25 16:08:50,756 seq2seq.trainer.supervised_trainer INFO     Progress: 66%, Train Perplexity: 1.0000
2018-01-25 16:08:52,527 seq2seq.trainer.supervised_trainer INFO     Progress: 66%, Train Perplexity: 1.0000
2018-01-25 16:08:54,483 seq2seq.trainer.supervised_trainer INFO     Progress: 67%, Train Perplexity: 1.0001
2018-01-25 16:08:56,158 seq2seq.trainer.supervised_trainer INFO     Progress: 67%, Train Perplexity: 1.0000
2018-01-25 16:08:58,087 seq2seq.trainer.supervised_trainer INFO     Progress: 67%, Train Perplexity: 1.0000
2018-01-25 16:09:02,376 seq2seq.trainer.supervised_trainer INFO     Progress: 67%, Train Perplexity: 1.0000
2018-01-25 16:09:03,863 seq2seq.trainer.supervised_trainer INFO     Progress: 67%, Train Perplexity: 1.0000
2018-01-25 16:09:05,530 seq2seq.trainer.supervised_trainer INFO     Progress: 67%, Train Perplexity: 1.0000
2018-01-25 16:09:07,115 seq2seq.trainer.supervised_trainer INFO     Progress: 67%, Train Perplexity: 1.0000
2018-01-25 16:09:11,237 seq2seq.trainer.supervised_trainer INFO     Finished epoch 34: Train Perplexity: 1.0009, Dev Perplexity: 1.1074, Accuracy: 0.9851, Sequence Accuracy: 0.9134
2018-01-25 16:09:11,687 seq2seq.trainer.supervised_trainer INFO     Progress: 68%, Train Perplexity: 1.0000
2018-01-25 16:09:13,302 seq2seq.trainer.supervised_trainer INFO     Progress: 68%, Train Perplexity: 1.0002
2018-01-25 16:09:14,834 seq2seq.trainer.supervised_trainer INFO     Progress: 68%, Train Perplexity: 1.0005
2018-01-25 16:09:19,321 seq2seq.trainer.supervised_trainer INFO     Progress: 68%, Train Perplexity: 1.0001
2018-01-25 16:09:21,139 seq2seq.trainer.supervised_trainer INFO     Progress: 68%, Train Perplexity: 1.0002
2018-01-25 16:09:23,082 seq2seq.trainer.supervised_trainer INFO     Progress: 68%, Train Perplexity: 1.0000
2018-01-25 16:09:24,733 seq2seq.trainer.supervised_trainer INFO     Progress: 68%, Train Perplexity: 1.0012
2018-01-25 16:09:26,458 seq2seq.trainer.supervised_trainer INFO     Progress: 69%, Train Perplexity: 1.0002
2018-01-25 16:09:28,190 seq2seq.trainer.supervised_trainer INFO     Progress: 69%, Train Perplexity: 1.0001
2018-01-25 16:09:29,786 seq2seq.trainer.supervised_trainer INFO     Progress: 69%, Train Perplexity: 1.0000
2018-01-25 16:09:34,070 seq2seq.trainer.supervised_trainer INFO     Progress: 69%, Train Perplexity: 1.0003
2018-01-25 16:09:36,159 seq2seq.trainer.supervised_trainer INFO     Progress: 69%, Train Perplexity: 1.0006
2018-01-25 16:09:37,744 seq2seq.trainer.supervised_trainer INFO     Progress: 69%, Train Perplexity: 1.0039
2018-01-25 16:09:39,356 seq2seq.trainer.supervised_trainer INFO     Progress: 69%, Train Perplexity: 1.0000
2018-01-25 16:09:41,065 seq2seq.trainer.supervised_trainer INFO     Progress: 70%, Train Perplexity: 1.0000
2018-01-25 16:09:43,927 seq2seq.trainer.supervised_trainer INFO     Finished epoch 35: Train Perplexity: 1.0005, Dev Perplexity: 1.1510, Accuracy: 0.9824, Sequence Accuracy: 0.8881
2018-01-25 16:09:45,907 seq2seq.trainer.supervised_trainer INFO     Progress: 70%, Train Perplexity: 1.0002
2018-01-25 16:09:50,776 seq2seq.trainer.supervised_trainer INFO     Progress: 70%, Train Perplexity: 1.0012
2018-01-25 16:09:52,596 seq2seq.trainer.supervised_trainer INFO     Progress: 70%, Train Perplexity: 1.0061
2018-01-25 16:09:54,397 seq2seq.trainer.supervised_trainer INFO     Progress: 70%, Train Perplexity: 1.0001
2018-01-25 16:09:55,669 seq2seq.trainer.supervised_trainer INFO     Progress: 70%, Train Perplexity: 1.0001
2018-01-25 16:09:57,211 seq2seq.trainer.supervised_trainer INFO     Progress: 70%, Train Perplexity: 1.0002
2018-01-25 16:09:58,835 seq2seq.trainer.supervised_trainer INFO     Progress: 70%, Train Perplexity: 1.0001
2018-01-25 16:10:00,486 seq2seq.trainer.supervised_trainer INFO     Progress: 71%, Train Perplexity: 1.0007
2018-01-25 16:10:05,047 seq2seq.trainer.supervised_trainer INFO     Progress: 71%, Train Perplexity: 1.0018
2018-01-25 16:10:06,914 seq2seq.trainer.supervised_trainer INFO     Progress: 71%, Train Perplexity: 1.0022
2018-01-25 16:10:08,619 seq2seq.trainer.supervised_trainer INFO     Progress: 71%, Train Perplexity: 1.0017
2018-01-25 16:10:10,105 seq2seq.trainer.supervised_trainer INFO     Progress: 71%, Train Perplexity: 1.0006
2018-01-25 16:10:12,012 seq2seq.trainer.supervised_trainer INFO     Progress: 71%, Train Perplexity: 1.0004
2018-01-25 16:10:13,430 seq2seq.trainer.supervised_trainer INFO     Progress: 71%, Train Perplexity: 1.0000
2018-01-25 16:10:16,661 seq2seq.trainer.supervised_trainer INFO     Finished epoch 36: Train Perplexity: 1.0011, Dev Perplexity: 1.1864, Accuracy: 0.9793, Sequence Accuracy: 0.8904
2018-01-25 16:10:17,701 seq2seq.trainer.supervised_trainer INFO     Progress: 72%, Train Perplexity: 1.0016
2018-01-25 16:10:22,100 seq2seq.trainer.supervised_trainer INFO     Progress: 72%, Train Perplexity: 1.0250
2018-01-25 16:10:23,950 seq2seq.trainer.supervised_trainer INFO     Progress: 72%, Train Perplexity: 1.0006
2018-01-25 16:10:25,783 seq2seq.trainer.supervised_trainer INFO     Progress: 72%, Train Perplexity: 1.0000
2018-01-25 16:10:27,392 seq2seq.trainer.supervised_trainer INFO     Progress: 72%, Train Perplexity: 1.0000
2018-01-25 16:10:28,789 seq2seq.trainer.supervised_trainer INFO     Progress: 72%, Train Perplexity: 1.0000
2018-01-25 16:10:30,419 seq2seq.trainer.supervised_trainer INFO     Progress: 72%, Train Perplexity: 1.0000
2018-01-25 16:10:34,640 seq2seq.trainer.supervised_trainer INFO     Progress: 73%, Train Perplexity: 1.0000
2018-01-25 16:10:36,127 seq2seq.trainer.supervised_trainer INFO     Progress: 73%, Train Perplexity: 1.0000
2018-01-25 16:10:37,875 seq2seq.trainer.supervised_trainer INFO     Progress: 73%, Train Perplexity: 1.0000
2018-01-25 16:10:39,456 seq2seq.trainer.supervised_trainer INFO     Progress: 73%, Train Perplexity: 1.0000
2018-01-25 16:10:41,104 seq2seq.trainer.supervised_trainer INFO     Progress: 73%, Train Perplexity: 1.0000
2018-01-25 16:10:42,983 seq2seq.trainer.supervised_trainer INFO     Progress: 73%, Train Perplexity: 1.0000
2018-01-25 16:10:44,656 seq2seq.trainer.supervised_trainer INFO     Progress: 73%, Train Perplexity: 1.0000
2018-01-25 16:10:50,991 seq2seq.trainer.supervised_trainer INFO     Finished epoch 37: Train Perplexity: 1.0019, Dev Perplexity: 1.1498, Accuracy: 0.9817, Sequence Accuracy: 0.8687
2018-01-25 16:10:52,040 seq2seq.trainer.supervised_trainer INFO     Progress: 74%, Train Perplexity: 1.0001
2018-01-25 16:10:53,641 seq2seq.trainer.supervised_trainer INFO     Progress: 74%, Train Perplexity: 1.0001
2018-01-25 16:10:55,497 seq2seq.trainer.supervised_trainer INFO     Progress: 74%, Train Perplexity: 1.0000
2018-01-25 16:10:57,452 seq2seq.trainer.supervised_trainer INFO     Progress: 74%, Train Perplexity: 1.0000
2018-01-25 16:10:59,091 seq2seq.trainer.supervised_trainer INFO     Progress: 74%, Train Perplexity: 1.0006
2018-01-25 16:11:01,123 seq2seq.trainer.supervised_trainer INFO     Progress: 74%, Train Perplexity: 1.0008
2018-01-25 16:11:02,595 seq2seq.trainer.supervised_trainer INFO     Progress: 74%, Train Perplexity: 1.0018
2018-01-25 16:11:07,283 seq2seq.trainer.supervised_trainer INFO     Progress: 75%, Train Perplexity: 1.0001
2018-01-25 16:11:08,725 seq2seq.trainer.supervised_trainer INFO     Progress: 75%, Train Perplexity: 1.0008
2018-01-25 16:11:09,816 seq2seq.trainer.supervised_trainer INFO     Progress: 75%, Train Perplexity: 1.0003
2018-01-25 16:11:11,430 seq2seq.trainer.supervised_trainer INFO     Progress: 75%, Train Perplexity: 1.0003
2018-01-25 16:11:13,043 seq2seq.trainer.supervised_trainer INFO     Progress: 75%, Train Perplexity: 1.0036
2018-01-25 16:11:14,891 seq2seq.trainer.supervised_trainer INFO     Progress: 75%, Train Perplexity: 1.0015
2018-01-25 16:11:19,472 seq2seq.trainer.supervised_trainer INFO     Progress: 75%, Train Perplexity: 1.0002
2018-01-25 16:11:23,210 seq2seq.trainer.supervised_trainer INFO     Finished epoch 38: Train Perplexity: 1.0007, Dev Perplexity: 1.1907, Accuracy: 0.9808, Sequence Accuracy: 0.8911
2018-01-25 16:11:23,737 seq2seq.trainer.supervised_trainer INFO     Progress: 76%, Train Perplexity: 1.0003
2018-01-25 16:11:25,430 seq2seq.trainer.supervised_trainer INFO     Progress: 76%, Train Perplexity: 1.0000
2018-01-25 16:11:27,330 seq2seq.trainer.supervised_trainer INFO     Progress: 76%, Train Perplexity: 1.0007
2018-01-25 16:11:29,004 seq2seq.trainer.supervised_trainer INFO     Progress: 76%, Train Perplexity: 1.0002
2018-01-25 16:11:30,860 seq2seq.trainer.supervised_trainer INFO     Progress: 76%, Train Perplexity: 1.0057
2018-01-25 16:11:32,470 seq2seq.trainer.supervised_trainer INFO     Progress: 76%, Train Perplexity: 1.0019
2018-01-25 16:11:36,982 seq2seq.trainer.supervised_trainer INFO     Progress: 76%, Train Perplexity: 1.0020
2018-01-25 16:11:38,522 seq2seq.trainer.supervised_trainer INFO     Progress: 77%, Train Perplexity: 1.0002
2018-01-25 16:11:40,250 seq2seq.trainer.supervised_trainer INFO     Progress: 77%, Train Perplexity: 1.0006
2018-01-25 16:11:41,664 seq2seq.trainer.supervised_trainer INFO     Progress: 77%, Train Perplexity: 1.0003
2018-01-25 16:11:43,278 seq2seq.trainer.supervised_trainer INFO     Progress: 77%, Train Perplexity: 1.0000
2018-01-25 16:11:44,718 seq2seq.trainer.supervised_trainer INFO     Progress: 77%, Train Perplexity: 1.0001
2018-01-25 16:11:49,214 seq2seq.trainer.supervised_trainer INFO     Progress: 77%, Train Perplexity: 1.0114
2018-01-25 16:11:50,793 seq2seq.trainer.supervised_trainer INFO     Progress: 77%, Train Perplexity: 1.0053
2018-01-25 16:11:54,936 seq2seq.trainer.supervised_trainer INFO     Finished epoch 39: Train Perplexity: 1.0020, Dev Perplexity: 1.1628, Accuracy: 0.9841, Sequence Accuracy: 0.9102
2018-01-25 16:11:55,380 seq2seq.trainer.supervised_trainer INFO     Progress: 78%, Train Perplexity: 1.0003
2018-01-25 16:11:56,936 seq2seq.trainer.supervised_trainer INFO     Progress: 78%, Train Perplexity: 1.0001
2018-01-25 16:11:58,388 seq2seq.trainer.supervised_trainer INFO     Progress: 78%, Train Perplexity: 1.0046
2018-01-25 16:12:00,299 seq2seq.trainer.supervised_trainer INFO     Progress: 78%, Train Perplexity: 1.0006
2018-01-25 16:12:01,889 seq2seq.trainer.supervised_trainer INFO     Progress: 78%, Train Perplexity: 1.0001
2018-01-25 16:12:06,456 seq2seq.trainer.supervised_trainer INFO     Progress: 78%, Train Perplexity: 1.0015
2018-01-25 16:12:07,982 seq2seq.trainer.supervised_trainer INFO     Progress: 78%, Train Perplexity: 1.0000
2018-01-25 16:12:09,849 seq2seq.trainer.supervised_trainer INFO     Progress: 79%, Train Perplexity: 1.0014
2018-01-25 16:12:11,664 seq2seq.trainer.supervised_trainer INFO     Progress: 79%, Train Perplexity: 1.0001
2018-01-25 16:12:13,277 seq2seq.trainer.supervised_trainer INFO     Progress: 79%, Train Perplexity: 1.0000
2018-01-25 16:12:14,758 seq2seq.trainer.supervised_trainer INFO     Progress: 79%, Train Perplexity: 1.0000
2018-01-25 16:12:16,412 seq2seq.trainer.supervised_trainer INFO     Progress: 79%, Train Perplexity: 1.0011
2018-01-25 16:12:20,803 seq2seq.trainer.supervised_trainer INFO     Progress: 79%, Train Perplexity: 1.0001
2018-01-25 16:12:22,423 seq2seq.trainer.supervised_trainer INFO     Progress: 79%, Train Perplexity: 1.0012
2018-01-25 16:12:24,233 seq2seq.trainer.supervised_trainer INFO     Progress: 80%, Train Perplexity: 1.0001
2018-01-25 16:12:27,105 seq2seq.trainer.supervised_trainer INFO     Finished epoch 40: Train Perplexity: 1.0008, Dev Perplexity: 1.1640, Accuracy: 0.9814, Sequence Accuracy: 0.9049
2018-01-25 16:12:28,693 seq2seq.trainer.supervised_trainer INFO     Progress: 80%, Train Perplexity: 1.0003
2018-01-25 16:12:30,509 seq2seq.trainer.supervised_trainer INFO     Progress: 80%, Train Perplexity: 1.0001
2018-01-25 16:12:32,409 seq2seq.trainer.supervised_trainer INFO     Progress: 80%, Train Perplexity: 1.0004
2018-01-25 16:12:37,049 seq2seq.trainer.supervised_trainer INFO     Progress: 80%, Train Perplexity: 1.0003
2018-01-25 16:12:38,748 seq2seq.trainer.supervised_trainer INFO     Progress: 80%, Train Perplexity: 1.0000
2018-01-25 16:12:40,449 seq2seq.trainer.supervised_trainer INFO     Progress: 80%, Train Perplexity: 1.0000
2018-01-25 16:12:41,752 seq2seq.trainer.supervised_trainer INFO     Progress: 80%, Train Perplexity: 1.0000
2018-01-25 16:12:43,533 seq2seq.trainer.supervised_trainer INFO     Progress: 81%, Train Perplexity: 1.0000
2018-01-25 16:12:45,052 seq2seq.trainer.supervised_trainer INFO     Progress: 81%, Train Perplexity: 1.0008
2018-01-25 16:12:46,574 seq2seq.trainer.supervised_trainer INFO     Progress: 81%, Train Perplexity: 1.0004
2018-01-25 16:12:51,103 seq2seq.trainer.supervised_trainer INFO     Progress: 81%, Train Perplexity: 1.0003
2018-01-25 16:12:52,504 seq2seq.trainer.supervised_trainer INFO     Progress: 81%, Train Perplexity: 1.0002
2018-01-25 16:12:53,891 seq2seq.trainer.supervised_trainer INFO     Progress: 81%, Train Perplexity: 1.0013
2018-01-25 16:12:55,735 seq2seq.trainer.supervised_trainer INFO     Progress: 81%, Train Perplexity: 1.0003
2018-01-25 16:12:58,942 seq2seq.trainer.supervised_trainer INFO     Finished epoch 41: Train Perplexity: 1.0003, Dev Perplexity: 1.2077, Accuracy: 0.9768, Sequence Accuracy: 0.8528
2018-01-25 16:13:00,480 seq2seq.trainer.supervised_trainer INFO     Progress: 82%, Train Perplexity: 1.0013
2018-01-25 16:13:02,297 seq2seq.trainer.supervised_trainer INFO     Progress: 82%, Train Perplexity: 1.0002
2018-01-25 16:13:03,884 seq2seq.trainer.supervised_trainer INFO     Progress: 82%, Train Perplexity: 1.0063
2018-01-25 16:13:08,162 seq2seq.trainer.supervised_trainer INFO     Progress: 82%, Train Perplexity: 1.0000
2018-01-25 16:13:10,031 seq2seq.trainer.supervised_trainer INFO     Progress: 82%, Train Perplexity: 1.0000
2018-01-25 16:13:11,408 seq2seq.trainer.supervised_trainer INFO     Progress: 82%, Train Perplexity: 1.0000
2018-01-25 16:13:12,902 seq2seq.trainer.supervised_trainer INFO     Progress: 82%, Train Perplexity: 1.0000
2018-01-25 16:13:14,484 seq2seq.trainer.supervised_trainer INFO     Progress: 83%, Train Perplexity: 1.0000
2018-01-25 16:13:15,867 seq2seq.trainer.supervised_trainer INFO     Progress: 83%, Train Perplexity: 1.0000
2018-01-25 16:13:20,282 seq2seq.trainer.supervised_trainer INFO     Progress: 83%, Train Perplexity: 1.0000
2018-01-25 16:13:21,891 seq2seq.trainer.supervised_trainer INFO     Progress: 83%, Train Perplexity: 1.0000
2018-01-25 16:13:23,400 seq2seq.trainer.supervised_trainer INFO     Progress: 83%, Train Perplexity: 1.0000
2018-01-25 16:13:25,220 seq2seq.trainer.supervised_trainer INFO     Progress: 83%, Train Perplexity: 1.0000
2018-01-25 16:13:26,487 seq2seq.trainer.supervised_trainer INFO     Progress: 83%, Train Perplexity: 1.0000
2018-01-25 16:13:30,047 seq2seq.trainer.supervised_trainer INFO     Finished epoch 42: Train Perplexity: 1.0006, Dev Perplexity: 1.1997, Accuracy: 0.9796, Sequence Accuracy: 0.8813
2018-01-25 16:13:31,476 seq2seq.trainer.supervised_trainer INFO     Progress: 84%, Train Perplexity: 1.0000
2018-01-25 16:13:32,701 seq2seq.trainer.supervised_trainer INFO     Progress: 84%, Train Perplexity: 1.0014
2018-01-25 16:13:37,238 seq2seq.trainer.supervised_trainer INFO     Progress: 84%, Train Perplexity: 1.0002
2018-01-25 16:13:38,667 seq2seq.trainer.supervised_trainer INFO     Progress: 84%, Train Perplexity: 1.0006
2018-01-25 16:13:40,465 seq2seq.trainer.supervised_trainer INFO     Progress: 84%, Train Perplexity: 1.0019
2018-01-25 16:13:42,174 seq2seq.trainer.supervised_trainer INFO     Progress: 84%, Train Perplexity: 1.0000
2018-01-25 16:13:43,769 seq2seq.trainer.supervised_trainer INFO     Progress: 84%, Train Perplexity: 1.0000
2018-01-25 16:13:45,548 seq2seq.trainer.supervised_trainer INFO     Progress: 85%, Train Perplexity: 1.0006
2018-01-25 16:13:47,237 seq2seq.trainer.supervised_trainer INFO     Progress: 85%, Train Perplexity: 1.0003
2018-01-25 16:13:51,661 seq2seq.trainer.supervised_trainer INFO     Progress: 85%, Train Perplexity: 1.0002
2018-01-25 16:13:53,360 seq2seq.trainer.supervised_trainer INFO     Progress: 85%, Train Perplexity: 1.0002
2018-01-25 16:13:55,233 seq2seq.trainer.supervised_trainer INFO     Progress: 85%, Train Perplexity: 1.0000
2018-01-25 16:13:56,631 seq2seq.trainer.supervised_trainer INFO     Progress: 85%, Train Perplexity: 1.0001
2018-01-25 16:13:58,306 seq2seq.trainer.supervised_trainer INFO     Progress: 85%, Train Perplexity: 1.0003
2018-01-25 16:14:02,375 seq2seq.trainer.supervised_trainer INFO     Finished epoch 43: Train Perplexity: 1.0004, Dev Perplexity: 1.4138, Accuracy: 0.9621, Sequence Accuracy: 0.8188
2018-01-25 16:14:03,249 seq2seq.trainer.supervised_trainer INFO     Progress: 86%, Train Perplexity: 1.0004
2018-01-25 16:14:07,733 seq2seq.trainer.supervised_trainer INFO     Progress: 86%, Train Perplexity: 1.0001
2018-01-25 16:14:09,136 seq2seq.trainer.supervised_trainer INFO     Progress: 86%, Train Perplexity: 1.0017
2018-01-25 16:14:10,683 seq2seq.trainer.supervised_trainer INFO     Progress: 86%, Train Perplexity: 1.0001
2018-01-25 16:14:12,291 seq2seq.trainer.supervised_trainer INFO     Progress: 86%, Train Perplexity: 1.0017
2018-01-25 16:14:13,963 seq2seq.trainer.supervised_trainer INFO     Progress: 86%, Train Perplexity: 1.0002
2018-01-25 16:14:15,788 seq2seq.trainer.supervised_trainer INFO     Progress: 86%, Train Perplexity: 1.0001
2018-01-25 16:14:17,528 seq2seq.trainer.supervised_trainer INFO     Progress: 87%, Train Perplexity: 1.0000
2018-01-25 16:14:21,734 seq2seq.trainer.supervised_trainer INFO     Progress: 87%, Train Perplexity: 1.0000
2018-01-25 16:14:23,305 seq2seq.trainer.supervised_trainer INFO     Progress: 87%, Train Perplexity: 1.0000
2018-01-25 16:14:25,147 seq2seq.trainer.supervised_trainer INFO     Progress: 87%, Train Perplexity: 1.0000
2018-01-25 16:14:26,888 seq2seq.trainer.supervised_trainer INFO     Progress: 87%, Train Perplexity: 1.0026
2018-01-25 16:14:28,649 seq2seq.trainer.supervised_trainer INFO     Progress: 87%, Train Perplexity: 1.0005
2018-01-25 16:14:30,163 seq2seq.trainer.supervised_trainer INFO     Progress: 87%, Train Perplexity: 1.0002
2018-01-25 16:14:34,220 seq2seq.trainer.supervised_trainer INFO     Finished epoch 44: Train Perplexity: 1.0006, Dev Perplexity: 1.2716, Accuracy: 0.9721, Sequence Accuracy: 0.8682
2018-01-25 16:14:34,657 seq2seq.trainer.supervised_trainer INFO     Progress: 88%, Train Perplexity: 1.0011
2018-01-25 16:14:39,098 seq2seq.trainer.supervised_trainer INFO     Progress: 88%, Train Perplexity: 1.0005
2018-01-25 16:14:40,659 seq2seq.trainer.supervised_trainer INFO     Progress: 88%, Train Perplexity: 1.0000
2018-01-25 16:14:42,062 seq2seq.trainer.supervised_trainer INFO     Progress: 88%, Train Perplexity: 1.0000
2018-01-25 16:14:43,730 seq2seq.trainer.supervised_trainer INFO     Progress: 88%, Train Perplexity: 1.0000
2018-01-25 16:14:45,637 seq2seq.trainer.supervised_trainer INFO     Progress: 88%, Train Perplexity: 1.0000
2018-01-25 16:14:47,465 seq2seq.trainer.supervised_trainer INFO     Progress: 88%, Train Perplexity: 1.0000
2018-01-25 16:14:51,936 seq2seq.trainer.supervised_trainer INFO     Progress: 89%, Train Perplexity: 1.0000
2018-01-25 16:14:53,561 seq2seq.trainer.supervised_trainer INFO     Progress: 89%, Train Perplexity: 1.0000
2018-01-25 16:14:55,166 seq2seq.trainer.supervised_trainer INFO     Progress: 89%, Train Perplexity: 1.0000
2018-01-25 16:14:56,652 seq2seq.trainer.supervised_trainer INFO     Progress: 89%, Train Perplexity: 1.0000
2018-01-25 16:14:58,319 seq2seq.trainer.supervised_trainer INFO     Progress: 89%, Train Perplexity: 1.0000
2018-01-25 16:14:59,530 seq2seq.trainer.supervised_trainer INFO     Progress: 89%, Train Perplexity: 1.0000
2018-01-25 16:15:00,879 seq2seq.trainer.supervised_trainer INFO     Progress: 89%, Train Perplexity: 1.0000
2018-01-25 16:15:05,509 seq2seq.trainer.supervised_trainer INFO     Progress: 90%, Train Perplexity: 1.0000
2018-01-25 16:15:08,376 seq2seq.trainer.supervised_trainer INFO     Finished epoch 45: Train Perplexity: 1.0001, Dev Perplexity: 1.1879, Accuracy: 0.9766, Sequence Accuracy: 0.8800
2018-01-25 16:15:10,234 seq2seq.trainer.supervised_trainer INFO     Progress: 90%, Train Perplexity: 1.0000
2018-01-25 16:15:12,017 seq2seq.trainer.supervised_trainer INFO     Progress: 90%, Train Perplexity: 1.0002
2018-01-25 16:15:13,488 seq2seq.trainer.supervised_trainer INFO     Progress: 90%, Train Perplexity: 1.0038
2018-01-25 16:15:15,267 seq2seq.trainer.supervised_trainer INFO     Progress: 90%, Train Perplexity: 1.0094
2018-01-25 16:15:16,870 seq2seq.trainer.supervised_trainer INFO     Progress: 90%, Train Perplexity: 1.0078
2018-01-25 16:15:18,757 seq2seq.trainer.supervised_trainer INFO     Progress: 90%, Train Perplexity: 1.0014
2018-01-25 16:15:23,308 seq2seq.trainer.supervised_trainer INFO     Progress: 90%, Train Perplexity: 1.0004
2018-01-25 16:15:25,107 seq2seq.trainer.supervised_trainer INFO     Progress: 91%, Train Perplexity: 1.0027
2018-01-25 16:15:26,335 seq2seq.trainer.supervised_trainer INFO     Progress: 91%, Train Perplexity: 1.0062
2018-01-25 16:15:28,089 seq2seq.trainer.supervised_trainer INFO     Progress: 91%, Train Perplexity: 1.0014
2018-01-25 16:15:29,731 seq2seq.trainer.supervised_trainer INFO     Progress: 91%, Train Perplexity: 1.0018
2018-01-25 16:15:31,287 seq2seq.trainer.supervised_trainer INFO     Progress: 91%, Train Perplexity: 1.0001
2018-01-25 16:15:35,873 seq2seq.trainer.supervised_trainer INFO     Progress: 91%, Train Perplexity: 1.0000
2018-01-25 16:15:37,310 seq2seq.trainer.supervised_trainer INFO     Progress: 91%, Train Perplexity: 1.0001
2018-01-25 16:15:40,461 seq2seq.trainer.supervised_trainer INFO     Finished epoch 46: Train Perplexity: 1.0025, Dev Perplexity: 1.2535, Accuracy: 0.9781, Sequence Accuracy: 0.9054
2018-01-25 16:15:41,920 seq2seq.trainer.supervised_trainer INFO     Progress: 92%, Train Perplexity: 1.0002
2018-01-25 16:15:43,644 seq2seq.trainer.supervised_trainer INFO     Progress: 92%, Train Perplexity: 1.0006
2018-01-25 16:15:45,107 seq2seq.trainer.supervised_trainer INFO     Progress: 92%, Train Perplexity: 1.0003
2018-01-25 16:15:46,886 seq2seq.trainer.supervised_trainer INFO     Progress: 92%, Train Perplexity: 1.0001
2018-01-25 16:15:48,783 seq2seq.trainer.supervised_trainer INFO     Progress: 92%, Train Perplexity: 1.0000
2018-01-25 16:15:53,323 seq2seq.trainer.supervised_trainer INFO     Progress: 92%, Train Perplexity: 1.0000
2018-01-25 16:15:54,840 seq2seq.trainer.supervised_trainer INFO     Progress: 92%, Train Perplexity: 1.0005
2018-01-25 16:15:56,204 seq2seq.trainer.supervised_trainer INFO     Progress: 93%, Train Perplexity: 1.0000
2018-01-25 16:15:57,308 seq2seq.trainer.supervised_trainer INFO     Progress: 93%, Train Perplexity: 1.0000
2018-01-25 16:15:58,849 seq2seq.trainer.supervised_trainer INFO     Progress: 93%, Train Perplexity: 1.0000
2018-01-25 16:16:00,419 seq2seq.trainer.supervised_trainer INFO     Progress: 93%, Train Perplexity: 1.0000
2018-01-25 16:16:01,974 seq2seq.trainer.supervised_trainer INFO     Progress: 93%, Train Perplexity: 1.0000
2018-01-25 16:16:06,507 seq2seq.trainer.supervised_trainer INFO     Progress: 93%, Train Perplexity: 1.0017
2018-01-25 16:16:08,175 seq2seq.trainer.supervised_trainer INFO     Progress: 93%, Train Perplexity: 1.0000
2018-01-25 16:16:11,546 seq2seq.trainer.supervised_trainer INFO     Finished epoch 47: Train Perplexity: 1.0002, Dev Perplexity: 1.2342, Accuracy: 0.9785, Sequence Accuracy: 0.8931
2018-01-25 16:16:12,842 seq2seq.trainer.supervised_trainer INFO     Progress: 94%, Train Perplexity: 1.0001
2018-01-25 16:16:14,677 seq2seq.trainer.supervised_trainer INFO     Progress: 94%, Train Perplexity: 1.0003
2018-01-25 16:16:16,221 seq2seq.trainer.supervised_trainer INFO     Progress: 94%, Train Perplexity: 1.0014
2018-01-25 16:16:17,980 seq2seq.trainer.supervised_trainer INFO     Progress: 94%, Train Perplexity: 1.0007
2018-01-25 16:16:22,292 seq2seq.trainer.supervised_trainer INFO     Progress: 94%, Train Perplexity: 1.0021
2018-01-25 16:16:24,281 seq2seq.trainer.supervised_trainer INFO     Progress: 94%, Train Perplexity: 1.0000
2018-01-25 16:16:26,062 seq2seq.trainer.supervised_trainer INFO     Progress: 94%, Train Perplexity: 1.0003
2018-01-25 16:16:27,501 seq2seq.trainer.supervised_trainer INFO     Progress: 95%, Train Perplexity: 1.0006
2018-01-25 16:16:29,003 seq2seq.trainer.supervised_trainer INFO     Progress: 95%, Train Perplexity: 1.0003
2018-01-25 16:16:30,491 seq2seq.trainer.supervised_trainer INFO     Progress: 95%, Train Perplexity: 1.0001
2018-01-25 16:16:32,374 seq2seq.trainer.supervised_trainer INFO     Progress: 95%, Train Perplexity: 1.0013
2018-01-25 16:16:37,061 seq2seq.trainer.supervised_trainer INFO     Progress: 95%, Train Perplexity: 1.0000
2018-01-25 16:16:38,441 seq2seq.trainer.supervised_trainer INFO     Progress: 95%, Train Perplexity: 1.0092
2018-01-25 16:16:39,944 seq2seq.trainer.supervised_trainer INFO     Progress: 95%, Train Perplexity: 1.0030
2018-01-25 16:16:43,835 seq2seq.trainer.supervised_trainer INFO     Finished epoch 48: Train Perplexity: 1.0014, Dev Perplexity: 1.2213, Accuracy: 0.9772, Sequence Accuracy: 0.8714
2018-01-25 16:16:44,533 seq2seq.trainer.supervised_trainer INFO     Progress: 96%, Train Perplexity: 1.0002
2018-01-25 16:16:46,176 seq2seq.trainer.supervised_trainer INFO     Progress: 96%, Train Perplexity: 1.0002
2018-01-25 16:16:47,801 seq2seq.trainer.supervised_trainer INFO     Progress: 96%, Train Perplexity: 1.0002
2018-01-25 16:16:52,030 seq2seq.trainer.supervised_trainer INFO     Progress: 96%, Train Perplexity: 1.0001
2018-01-25 16:16:53,820 seq2seq.trainer.supervised_trainer INFO     Progress: 96%, Train Perplexity: 1.0000
2018-01-25 16:16:55,533 seq2seq.trainer.supervised_trainer INFO     Progress: 96%, Train Perplexity: 1.0000
2018-01-25 16:16:57,331 seq2seq.trainer.supervised_trainer INFO     Progress: 96%, Train Perplexity: 1.0000
2018-01-25 16:16:58,829 seq2seq.trainer.supervised_trainer INFO     Progress: 97%, Train Perplexity: 1.0000
2018-01-25 16:17:00,622 seq2seq.trainer.supervised_trainer INFO     Progress: 97%, Train Perplexity: 1.0001
2018-01-25 16:17:02,288 seq2seq.trainer.supervised_trainer INFO     Progress: 97%, Train Perplexity: 1.0000
2018-01-25 16:17:06,633 seq2seq.trainer.supervised_trainer INFO     Progress: 97%, Train Perplexity: 1.0029
2018-01-25 16:17:08,452 seq2seq.trainer.supervised_trainer INFO     Progress: 97%, Train Perplexity: 1.0073
2018-01-25 16:17:10,160 seq2seq.trainer.supervised_trainer INFO     Progress: 97%, Train Perplexity: 1.0000
2018-01-25 16:17:11,870 seq2seq.trainer.supervised_trainer INFO     Progress: 97%, Train Perplexity: 1.0001
2018-01-25 16:17:15,964 seq2seq.trainer.supervised_trainer INFO     Finished epoch 49: Train Perplexity: 1.0008, Dev Perplexity: 1.1810, Accuracy: 0.9825, Sequence Accuracy: 0.8907
2018-01-25 16:17:16,388 seq2seq.trainer.supervised_trainer INFO     Progress: 98%, Train Perplexity: 1.0008
2018-01-25 16:17:18,278 seq2seq.trainer.supervised_trainer INFO     Progress: 98%, Train Perplexity: 1.0003
2018-01-25 16:17:20,150 seq2seq.trainer.supervised_trainer INFO     Progress: 98%, Train Perplexity: 1.0033
2018-01-25 16:17:24,459 seq2seq.trainer.supervised_trainer INFO     Progress: 98%, Train Perplexity: 1.0012
2018-01-25 16:17:25,952 seq2seq.trainer.supervised_trainer INFO     Progress: 98%, Train Perplexity: 1.0008
2018-01-25 16:17:27,612 seq2seq.trainer.supervised_trainer INFO     Progress: 98%, Train Perplexity: 1.0000
2018-01-25 16:17:29,046 seq2seq.trainer.supervised_trainer INFO     Progress: 98%, Train Perplexity: 1.0000
2018-01-25 16:17:30,495 seq2seq.trainer.supervised_trainer INFO     Progress: 99%, Train Perplexity: 1.0000
2018-01-25 16:17:32,525 seq2seq.trainer.supervised_trainer INFO     Progress: 99%, Train Perplexity: 1.0001
2018-01-25 16:17:37,134 seq2seq.trainer.supervised_trainer INFO     Progress: 99%, Train Perplexity: 1.0001
2018-01-25 16:17:38,713 seq2seq.trainer.supervised_trainer INFO     Progress: 99%, Train Perplexity: 1.0002
2018-01-25 16:17:40,064 seq2seq.trainer.supervised_trainer INFO     Progress: 99%, Train Perplexity: 1.0001
2018-01-25 16:17:41,798 seq2seq.trainer.supervised_trainer INFO     Progress: 99%, Train Perplexity: 1.0001
2018-01-25 16:17:43,519 seq2seq.trainer.supervised_trainer INFO     Progress: 99%, Train Perplexity: 1.0000
2018-01-25 16:17:45,066 seq2seq.trainer.supervised_trainer INFO     Progress: 100%, Train Perplexity: 1.0002
2018-01-25 16:17:50,801 seq2seq.trainer.supervised_trainer INFO     Finished epoch 50: Train Perplexity: 1.0005, Dev Perplexity: 1.2271, Accuracy: 0.9761, Sequence Accuracy: 0.8725
end of job
